2025-09-17 03:24:31.435465: I tensorflow/core/util/port.cc:110] oneDNN custom operations are on. You may see slightly different numerical results due to floating-point round-off errors from different computation orders. To turn them off, set the environment variable `TF_ENABLE_ONEDNN_OPTS=0`.
2025-09-17 03:24:31.468576: I tensorflow/core/platform/cpu_feature_guard.cc:182] This TensorFlow binary is optimized to use available CPU instructions in performance-critical operations.
To enable the following instructions: AVX2 AVX_VNNI FMA, in other operations, rebuild TensorFlow with the appropriate compiler flags.
2025-09-17 03:24:31.896874: W tensorflow/compiler/tf2tensorrt/utils/py_utils.cc:38] TF-TRT Warning: Could not find TensorRT
2025-09-17 03:24:32.323377: I tensorflow/compiler/xla/stream_executor/cuda/cuda_gpu_executor.cc:981] could not open file to read NUMA node: /sys/bus/pci/devices/0000:01:00.0/numa_node
Your kernel may have been built without NUMA support.
2025-09-17 03:24:32.345040: I tensorflow/compiler/xla/stream_executor/cuda/cuda_gpu_executor.cc:981] could not open file to read NUMA node: /sys/bus/pci/devices/0000:01:00.0/numa_node
Your kernel may have been built without NUMA support.
2025-09-17 03:24:32.345140: I tensorflow/compiler/xla/stream_executor/cuda/cuda_gpu_executor.cc:981] could not open file to read NUMA node: /sys/bus/pci/devices/0000:01:00.0/numa_node
Your kernel may have been built without NUMA support.
2025-09-17 03:24:32.346400: I tensorflow/compiler/xla/stream_executor/cuda/cuda_gpu_executor.cc:981] could not open file to read NUMA node: /sys/bus/pci/devices/0000:01:00.0/numa_node
Your kernel may have been built without NUMA support.
2025-09-17 03:24:32.346468: I tensorflow/compiler/xla/stream_executor/cuda/cuda_gpu_executor.cc:981] could not open file to read NUMA node: /sys/bus/pci/devices/0000:01:00.0/numa_node
Your kernel may have been built without NUMA support.
2025-09-17 03:24:32.346490: I tensorflow/compiler/xla/stream_executor/cuda/cuda_gpu_executor.cc:981] could not open file to read NUMA node: /sys/bus/pci/devices/0000:01:00.0/numa_node
Your kernel may have been built without NUMA support.
2025-09-17 03:24:32.460053: I tensorflow/compiler/xla/stream_executor/cuda/cuda_gpu_executor.cc:981] could not open file to read NUMA node: /sys/bus/pci/devices/0000:01:00.0/numa_node
Your kernel may have been built without NUMA support.
2025-09-17 03:24:32.460165: I tensorflow/compiler/xla/stream_executor/cuda/cuda_gpu_executor.cc:981] could not open file to read NUMA node: /sys/bus/pci/devices/0000:01:00.0/numa_node
Your kernel may have been built without NUMA support.
2025-09-17 03:24:32.460189: I tensorflow/core/common_runtime/gpu/gpu_device.cc:1726] Could not identify NUMA node of platform GPU id 0, defaulting to 0.  Your kernel may not have been built with NUMA support.
2025-09-17 03:24:32.460217: I tensorflow/compiler/xla/stream_executor/cuda/cuda_gpu_executor.cc:981] could not open file to read NUMA node: /sys/bus/pci/devices/0000:01:00.0/numa_node
Your kernel may have been built without NUMA support.
2025-09-17 03:24:32.460242: I tensorflow/core/common_runtime/gpu/gpu_device.cc:1639] Created device /job:localhost/replica:0/task:0/device:GPU:0 with 9517 MB memory:  -> device: 0, name: NVIDIA GeForce RTX 4070 SUPER, pci bus id: 0000:01:00.0, compute capability: 8.9
GPU detected: 1 physical, 1 logical -> ['/device:GPU:0']
Config: batch=16, accumulate_steps=8 -> effective_batch=128
Loaded (1276, 36, 75) (1276,)
Using mask channel "occlusion_flag" from long_raw (index 7)
Model: "cnn_bilstm_attn_masked"
__________________________________________________________________________________________________
 Layer (type)                Output Shape                 Param #   Connected to                  
==================================================================================================
 input (InputLayer)          [(None, 36, 75)]             0         []                            
                                                                                                  
 permute_time_features (Per  (None, 75, 36)               0         ['input[0][0]']               
 mute)                                                                                            
                                                                                                  
 conv0 (Conv1D)              (None, 75, 64)               6976      ['permute_time_features[0][0]'
                                                                    ]                             
                                                                                                  
 bn0 (BatchNormalization)    (None, 75, 64)               256       ['conv0[0][0]']               
                                                                                                  
 act0 (Activation)           (None, 75, 64)               0         ['bn0[0][0]']                 
                                                                                                  
 conv_dropout0 (Dropout)     (None, 75, 64)               0         ['act0[0][0]']                
                                                                                                  
 conv1 (Conv1D)              (None, 75, 64)               20544     ['conv_dropout0[0][0]']       
                                                                                                  
 bn1 (BatchNormalization)    (None, 75, 64)               256       ['conv1[0][0]']               
                                                                                                  
 act1 (Activation)           (None, 75, 64)               0         ['bn1[0][0]']                 
                                                                                                  
 conv_dropout1 (Dropout)     (None, 75, 64)               0         ['act1[0][0]']                
                                                                                                  
 conv2 (Conv1D)              (None, 75, 64)               12352     ['conv_dropout1[0][0]']       
                                                                                                  
 bn2 (BatchNormalization)    (None, 75, 64)               256       ['conv2[0][0]']               
                                                                                                  
 act2 (Activation)           (None, 75, 64)               0         ['bn2[0][0]']                 
                                                                                                  
 conv_dropout2 (Dropout)     (None, 75, 64)               0         ['act2[0][0]']                
                                                                                                  
 bilstm (Bidirectional)      (None, 75, 128)              66048     ['conv_dropout2[0][0]']       
                                                                                                  
 mlp_attn_u (Dense)          (None, 75, 32)               4128      ['bilstm[0][0]']              
                                                                                                  
 mlp_attn_score (Dense)      (None, 75, 1)                33        ['mlp_attn_u[0][0]']          
                                                                                                  
 mlp_attn_squeeze (Lambda)   (None, 75)                   0         ['mlp_attn_score[0][0]']      
                                                                                                  
 attn_mask (InputLayer)      [(None, 75)]                 0         []                            
                                                                                                  
 mlp_attn_apply_mask (Lambd  (None, 75)                   0         ['mlp_attn_squeeze[0][0]',    
 a)                                                                  'attn_mask[0][0]']           
                                                                                                  
 mlp_attn_softmax (Lambda)   (None, 75)                   0         ['mlp_attn_apply_mask[0][0]'] 
                                                                                                  
 mlp_attn_expand (Lambda)    (None, 75, 1)                0         ['mlp_attn_softmax[0][0]']    
                                                                                                  
 mlp_attn_weighted (Lambda)  (None, 128)                  0         ['bilstm[0][0]',              
                                                                     'mlp_attn_expand[0][0]']     
                                                                                                  
 fc1 (Dense)                 (None, 64)                   8256      ['mlp_attn_weighted[0][0]']   
                                                                                                  
 fc_dropout (Dropout)        (None, 64)                   0         ['fc1[0][0]']                 
                                                                                                  
 out (Dense)                 (None, 1)                    65        ['fc_dropout[0][0]']          
                                                                                                  
==================================================================================================
Total params: 119171 (465.51 KB)
Trainable params: 118786 (464.01 KB)
Non-trainable params: 385 (1.50 KB)
__________________________________________________________________________________________________
None
Writing results to /home/user/projects/train/model/long_window/CNN_BiLSTM/result_focal_sweep/cw05_fg01/01
Curriculum: set focal gamma = 0.0000 (epoch 1)
Epoch 1/70
2025-09-17 03:24:34.414522: I tensorflow/compiler/xla/stream_executor/cuda/cuda_dnn.cc:432] Loaded cuDNN version 8600
2025-09-17 03:24:34.503283: I tensorflow/tsl/platform/default/subprocess.cc:304] Start cannot spawn child process: No such file or directory
2025-09-17 03:24:34.649022: I tensorflow/compiler/xla/stream_executor/cuda/cuda_blas.cc:606] TensorFloat-32 will be used for the matrix multiplication. This will only be logged once.
2025-09-17 03:24:34.999905: I tensorflow/compiler/xla/service/service.cc:168] XLA service 0x619374701710 initialized for platform CUDA (this does not guarantee that XLA will be used). Devices:
2025-09-17 03:24:34.999958: I tensorflow/compiler/xla/service/service.cc:176]   StreamExecutor device (0): NVIDIA GeForce RTX 4070 SUPER, Compute Capability 8.9
2025-09-17 03:24:35.003993: I tensorflow/compiler/mlir/tensorflow/utils/dump_mlir_util.cc:255] disabling MLIR crash reproducer, set env var `MLIR_CRASH_REPRODUCER_DIRECTORY` to enable.
2025-09-17 03:24:35.061268: I tensorflow/tsl/platform/default/subprocess.cc:304] Start cannot spawn child process: No such file or directory
2025-09-17 03:24:35.100172: I ./tensorflow/compiler/jit/device_compiler.h:186] Compiled cluster using XLA!  This line is logged at most once for the lifetime of the process.
56/56 - 4s - loss: 0.3371 - auc: 0.5122 - val_loss: 0.3500 - val_auc: 0.5247 - val_auc_custom: 0.5152 - val_f1_custom: 0.0000e+00 - val_recall_custom: 0.0000e+00 - 4s/epoch - 77ms/step
Curriculum: set focal gamma = 0.0789 (epoch 2)
Epoch 2/70
56/56 - 1s - loss: 0.2553 - auc: 0.5465 - val_loss: 0.2746 - val_auc: 0.5475 - val_auc_custom: 0.5447 - val_f1_custom: 0.0000e+00 - val_recall_custom: 0.0000e+00 - 1s/epoch - 25ms/step
Curriculum: set focal gamma = 0.1579 (epoch 3)
Epoch 3/70
56/56 - 1s - loss: 0.2249 - auc: 0.5890 - val_loss: 0.2344 - val_auc: 0.5750 - val_auc_custom: 0.5786 - val_f1_custom: 0.0000e+00 - val_recall_custom: 0.0000e+00 - 1s/epoch - 24ms/step
Curriculum: set focal gamma = 0.2368 (epoch 4)
Epoch 4/70
56/56 - 1s - loss: 0.2160 - auc: 0.6000 - val_loss: 0.2199 - val_auc: 0.6062 - val_auc_custom: 0.6070 - val_f1_custom: 0.0000e+00 - val_recall_custom: 0.0000e+00 - 1s/epoch - 24ms/step
Curriculum: set focal gamma = 0.3158 (epoch 5)
Epoch 5/70
56/56 - 1s - loss: 0.2009 - auc: 0.6199 - val_loss: 0.2066 - val_auc: 0.6228 - val_auc_custom: 0.6219 - val_f1_custom: 0.0000e+00 - val_recall_custom: 0.0000e+00 - 1s/epoch - 24ms/step
Curriculum: set focal gamma = 0.3947 (epoch 6)
Epoch 6/70
56/56 - 1s - loss: 0.1869 - auc: 0.6398 - val_loss: 0.1965 - val_auc: 0.6210 - val_auc_custom: 0.6201 - val_f1_custom: 0.0364 - val_recall_custom: 0.0189 - 1s/epoch - 22ms/step
Curriculum: set focal gamma = 0.4737 (epoch 7)
Epoch 7/70
56/56 - 1s - loss: 0.1753 - auc: 0.6485 - val_loss: 0.1873 - val_auc: 0.6116 - val_auc_custom: 0.6086 - val_f1_custom: 0.1379 - val_recall_custom: 0.0755 - 1s/epoch - 22ms/step
Curriculum: set focal gamma = 0.5526 (epoch 8)
Epoch 8/70
56/56 - 1s - loss: 0.1661 - auc: 0.6514 - val_loss: 0.1769 - val_auc: 0.6079 - val_auc_custom: 0.6098 - val_f1_custom: 0.1379 - val_recall_custom: 0.0755 - 1s/epoch - 22ms/step
Curriculum: set focal gamma = 0.6316 (epoch 9)
Epoch 9/70
56/56 - 1s - loss: 0.1567 - auc: 0.6512 - val_loss: 0.1668 - val_auc: 0.6088 - val_auc_custom: 0.6065 - val_f1_custom: 0.1404 - val_recall_custom: 0.0755 - 1s/epoch - 22ms/step
Curriculum: set focal gamma = 0.7105 (epoch 10)
Epoch 10/70
56/56 - 1s - loss: 0.1469 - auc: 0.6708 - val_loss: 0.1573 - val_auc: 0.6102 - val_auc_custom: 0.6101 - val_f1_custom: 0.1404 - val_recall_custom: 0.0755 - 1s/epoch - 21ms/step
Curriculum: set focal gamma = 0.7895 (epoch 11)
Epoch 11/70
56/56 - 1s - loss: 0.1392 - auc: 0.6718 - val_loss: 0.1482 - val_auc: 0.6164 - val_auc_custom: 0.6191 - val_f1_custom: 0.2034 - val_recall_custom: 0.1132 - 1s/epoch - 21ms/step
Curriculum: set focal gamma = 0.8684 (epoch 12)
Epoch 12/70
56/56 - 1s - loss: 0.1298 - auc: 0.6907 - val_loss: 0.1401 - val_auc: 0.6236 - val_auc_custom: 0.6234 - val_f1_custom: 0.2034 - val_recall_custom: 0.1132 - 1s/epoch - 24ms/step
Curriculum: set focal gamma = 0.9474 (epoch 13)
Epoch 13/70
56/56 - 1s - loss: 0.1223 - auc: 0.6991 - val_loss: 0.1331 - val_auc: 0.6322 - val_auc_custom: 0.6325 - val_f1_custom: 0.2000 - val_recall_custom: 0.1132 - 1s/epoch - 24ms/step
Curriculum: set focal gamma = 1.0263 (epoch 14)
Epoch 14/70
56/56 - 1s - loss: 0.1150 - auc: 0.7117 - val_loss: 0.1252 - val_auc: 0.6391 - val_auc_custom: 0.6392 - val_f1_custom: 0.1695 - val_recall_custom: 0.0943 - 1s/epoch - 23ms/step
Curriculum: set focal gamma = 1.1053 (epoch 15)
Epoch 15/70
56/56 - 1s - loss: 0.1082 - auc: 0.7130 - val_loss: 0.1181 - val_auc: 0.6547 - val_auc_custom: 0.6536 - val_f1_custom: 0.1935 - val_recall_custom: 0.1132 - 1s/epoch - 24ms/step
Curriculum: set focal gamma = 1.1842 (epoch 16)
Epoch 16/70
56/56 - 1s - loss: 0.1020 - auc: 0.7237 - val_loss: 0.1110 - val_auc: 0.6654 - val_auc_custom: 0.6631 - val_f1_custom: 0.1639 - val_recall_custom: 0.0943 - 1s/epoch - 24ms/step
Curriculum: set focal gamma = 1.2632 (epoch 17)
Epoch 17/70
56/56 - 1s - loss: 0.0959 - auc: 0.7392 - val_loss: 0.1043 - val_auc: 0.6757 - val_auc_custom: 0.6730 - val_f1_custom: 0.1695 - val_recall_custom: 0.0943 - 1s/epoch - 23ms/step
Curriculum: set focal gamma = 1.3421 (epoch 18)
Epoch 18/70
56/56 - 1s - loss: 0.0914 - auc: 0.7346 - val_loss: 0.0986 - val_auc: 0.6858 - val_auc_custom: 0.6850 - val_f1_custom: 0.1905 - val_recall_custom: 0.1132 - 1s/epoch - 23ms/step
Curriculum: set focal gamma = 1.4211 (epoch 19)
Epoch 19/70
56/56 - 1s - loss: 0.0862 - auc: 0.7403 - val_loss: 0.0933 - val_auc: 0.6906 - val_auc_custom: 0.6901 - val_f1_custom: 0.2985 - val_recall_custom: 0.1887 - 1s/epoch - 23ms/step
Curriculum: set focal gamma = 1.5000 (epoch 20)
Epoch 20/70
56/56 - 1s - loss: 0.0790 - auc: 0.7742 - val_loss: 0.0881 - val_auc: 0.6955 - val_auc_custom: 0.6938 - val_f1_custom: 0.3235 - val_recall_custom: 0.2075 - 1s/epoch - 23ms/step
Curriculum: set focal gamma = 1.5000 (epoch 21)
Epoch 21/70
56/56 - 1s - loss: 0.0779 - auc: 0.7734 - val_loss: 0.0870 - val_auc: 0.7044 - val_auc_custom: 0.7057 - val_f1_custom: 0.1905 - val_recall_custom: 0.1132 - 1s/epoch - 25ms/step
Curriculum: set focal gamma = 1.5000 (epoch 22)
Epoch 22/70
56/56 - -1s - loss: 0.0790 - auc: 0.7608 - val_loss: 0.0871 - val_auc: 0.7107 - val_auc_custom: 0.7089 - val_f1_custom: 0.3188 - val_recall_custom: 0.2075 - -1468969us/epoch - -26232us/step
Curriculum: set focal gamma = 1.5000 (epoch 23)
Epoch 23/70
56/56 - 1s - loss: 0.0777 - auc: 0.7835 - val_loss: 0.0847 - val_auc: 0.7301 - val_auc_custom: 0.7318 - val_f1_custom: 0.3235 - val_recall_custom: 0.2075 - 1s/epoch - 24ms/step
Curriculum: set focal gamma = 1.5000 (epoch 24)
Epoch 24/70
56/56 - 1s - loss: 0.0785 - auc: 0.7732 - val_loss: 0.0832 - val_auc: 0.7531 - val_auc_custom: 0.7535 - val_f1_custom: 0.2727 - val_recall_custom: 0.1698 - 1s/epoch - 23ms/step
Curriculum: set focal gamma = 1.5000 (epoch 25)
Epoch 25/70
56/56 - 1s - loss: 0.0762 - auc: 0.7908 - val_loss: 0.0847 - val_auc: 0.7342 - val_auc_custom: 0.7346 - val_f1_custom: 0.3714 - val_recall_custom: 0.2453 - 1s/epoch - 21ms/step
Curriculum: set focal gamma = 1.5000 (epoch 26)
Epoch 26/70
56/56 - 1s - loss: 0.0764 - auc: 0.7888 - val_loss: 0.0862 - val_auc: 0.7267 - val_auc_custom: 0.7253 - val_f1_custom: 0.4324 - val_recall_custom: 0.3019 - 1s/epoch - 21ms/step
Curriculum: set focal gamma = 1.5000 (epoch 27)
Epoch 27/70
56/56 - 1s - loss: 0.0762 - auc: 0.7883 - val_loss: 0.0854 - val_auc: 0.7445 - val_auc_custom: 0.7449 - val_f1_custom: 0.1905 - val_recall_custom: 0.1132 - 1s/epoch - 21ms/step
Curriculum: set focal gamma = 1.5000 (epoch 28)
Epoch 28/70
56/56 - 1s - loss: 0.0739 - auc: 0.8057 - val_loss: 0.0925 - val_auc: 0.7277 - val_auc_custom: 0.7265 - val_f1_custom: 0.4471 - val_recall_custom: 0.3585 - 1s/epoch - 22ms/step
Curriculum: set focal gamma = 1.5000 (epoch 29)
Epoch 29/70
56/56 - 1s - loss: 0.0742 - auc: 0.7996 - val_loss: 0.0879 - val_auc: 0.7306 - val_auc_custom: 0.7321 - val_f1_custom: 0.4211 - val_recall_custom: 0.3019 - 1s/epoch - 22ms/step
Curriculum: set focal gamma = 1.5000 (epoch 30)
Epoch 30/70
56/56 - 1s - loss: 0.0702 - auc: 0.8288 - val_loss: 0.0849 - val_auc: 0.7498 - val_auc_custom: 0.7499 - val_f1_custom: 0.3836 - val_recall_custom: 0.2642 - 1s/epoch - 22ms/step
Curriculum: set focal gamma = 1.5000 (epoch 31)
Epoch 31/70
56/56 - 1s - loss: 0.0725 - auc: 0.8107 - val_loss: 0.0868 - val_auc: 0.7557 - val_auc_custom: 0.7552 - val_f1_custom: 0.5000 - val_recall_custom: 0.3962 - 1s/epoch - 23ms/step
Curriculum: set focal gamma = 1.5000 (epoch 32)
Epoch 32/70
56/56 - 1s - loss: 0.0696 - auc: 0.8331 - val_loss: 0.0869 - val_auc: 0.7537 - val_auc_custom: 0.7542 - val_f1_custom: 0.4615 - val_recall_custom: 0.3396 - 1s/epoch - 22ms/step
Curriculum: set focal gamma = 1.5000 (epoch 33)
Epoch 33/70
56/56 - 1s - loss: 0.0687 - auc: 0.8363 - val_loss: 0.0878 - val_auc: 0.7567 - val_auc_custom: 0.7555 - val_f1_custom: 0.4706 - val_recall_custom: 0.3774 - 1s/epoch - 24ms/step
Curriculum: set focal gamma = 1.5000 (epoch 34)
Epoch 34/70
56/56 - 1s - loss: 0.0689 - auc: 0.8319 - val_loss: 0.0895 - val_auc: 0.7601 - val_auc_custom: 0.7590 - val_f1_custom: 0.5169 - val_recall_custom: 0.4340 - 1s/epoch - 24ms/step
Curriculum: set focal gamma = 1.5000 (epoch 35)
Epoch 35/70
56/56 - 1s - loss: 0.0654 - auc: 0.8522 - val_loss: 0.0876 - val_auc: 0.7633 - val_auc_custom: 0.7618 - val_f1_custom: 0.3611 - val_recall_custom: 0.2453 - 1s/epoch - 23ms/step
Curriculum: set focal gamma = 1.5000 (epoch 36)
Epoch 36/70
56/56 - 1s - loss: 0.0669 - auc: 0.8464 - val_loss: 0.0972 - val_auc: 0.7348 - val_auc_custom: 0.7341 - val_f1_custom: 0.5319 - val_recall_custom: 0.4717 - 1s/epoch - 22ms/step
Curriculum: set focal gamma = 1.5000 (epoch 37)
Epoch 37/70
56/56 - 1s - loss: 0.0623 - auc: 0.8742 - val_loss: 0.0905 - val_auc: 0.7629 - val_auc_custom: 0.7630 - val_f1_custom: 0.4615 - val_recall_custom: 0.3396 - 1s/epoch - 23ms/step
Curriculum: set focal gamma = 1.5000 (epoch 38)
Epoch 38/70
56/56 - 1s - loss: 0.0659 - auc: 0.8537 - val_loss: 0.0992 - val_auc: 0.7541 - val_auc_custom: 0.7547 - val_f1_custom: 0.5657 - val_recall_custom: 0.5283 - 1s/epoch - 22ms/step
Curriculum: set focal gamma = 1.5000 (epoch 39)
Epoch 39/70
56/56 - 1s - loss: 0.0616 - auc: 0.8732 - val_loss: 0.0940 - val_auc: 0.7586 - val_auc_custom: 0.7585 - val_f1_custom: 0.5333 - val_recall_custom: 0.4528 - 1s/epoch - 22ms/step
Curriculum: set focal gamma = 1.5000 (epoch 40)
Epoch 40/70
56/56 - 1s - loss: 0.0628 - auc: 0.8643 - val_loss: 0.0984 - val_auc: 0.7633 - val_auc_custom: 0.7635 - val_f1_custom: 0.5455 - val_recall_custom: 0.5094 - 1s/epoch - 24ms/step
Curriculum: set focal gamma = 1.5000 (epoch 41)
Epoch 41/70
56/56 - 1s - loss: 0.0621 - auc: 0.8760 - val_loss: 0.1049 - val_auc: 0.7608 - val_auc_custom: 0.7608 - val_f1_custom: 0.5825 - val_recall_custom: 0.5660 - 1s/epoch - 21ms/step
Curriculum: set focal gamma = 1.5000 (epoch 42)
Epoch 42/70
56/56 - 1s - loss: 0.0616 - auc: 0.8741 - val_loss: 0.0948 - val_auc: 0.7550 - val_auc_custom: 0.7557 - val_f1_custom: 0.5176 - val_recall_custom: 0.4151 - 1s/epoch - 23ms/step
Curriculum: set focal gamma = 1.5000 (epoch 43)
Epoch 43/70
56/56 - 1s - loss: 0.0561 - auc: 0.8991 - val_loss: 0.0984 - val_auc: 0.7638 - val_auc_custom: 0.7633 - val_f1_custom: 0.5745 - val_recall_custom: 0.5094 - 1s/epoch - 24ms/step
Curriculum: set focal gamma = 1.5000 (epoch 44)
Epoch 44/70
56/56 - 1s - loss: 0.0580 - auc: 0.8940 - val_loss: 0.1096 - val_auc: 0.7483 - val_auc_custom: 0.7484 - val_f1_custom: 0.5510 - val_recall_custom: 0.5094 - 1s/epoch - 21ms/step
Curriculum: set focal gamma = 1.5000 (epoch 45)
Epoch 45/70
56/56 - 1s - loss: 0.0583 - auc: 0.8894 - val_loss: 0.1093 - val_auc: 0.7528 - val_auc_custom: 0.7519 - val_f1_custom: 0.5510 - val_recall_custom: 0.5094 - 1s/epoch - 21ms/step
Curriculum: set focal gamma = 1.5000 (epoch 46)
Epoch 46/70
56/56 - 1s - loss: 0.0555 - auc: 0.9003 - val_loss: 0.1072 - val_auc: 0.7644 - val_auc_custom: 0.7645 - val_f1_custom: 0.5882 - val_recall_custom: 0.5660 - 1s/epoch - 25ms/step
Curriculum: set focal gamma = 1.5000 (epoch 47)
Epoch 47/70
56/56 - -2s - loss: 0.0593 - auc: 0.8884 - val_loss: 0.1240 - val_auc: 0.7492 - val_auc_custom: 0.7492 - val_f1_custom: 0.5926 - val_recall_custom: 0.6038 - -1631298us/epoch - -29130us/step
Curriculum: set focal gamma = 1.5000 (epoch 48)
Epoch 48/70
56/56 - 1s - loss: 0.0577 - auc: 0.8882 - val_loss: 0.0973 - val_auc: 0.7635 - val_auc_custom: 0.7633 - val_f1_custom: 0.4884 - val_recall_custom: 0.3962 - 1s/epoch - 22ms/step
Curriculum: set focal gamma = 1.5000 (epoch 49)
Epoch 49/70
56/56 - 1s - loss: 0.0530 - auc: 0.9135 - val_loss: 0.0969 - val_auc: 0.7704 - val_auc_custom: 0.7716 - val_f1_custom: 0.5238 - val_recall_custom: 0.4151 - 1s/epoch - 25ms/step
Curriculum: set focal gamma = 1.5000 (epoch 50)
Epoch 50/70
56/56 - 1s - loss: 0.0502 - auc: 0.9208 - val_loss: 0.1163 - val_auc: 0.7615 - val_auc_custom: 0.7625 - val_f1_custom: 0.5769 - val_recall_custom: 0.5660 - 1s/epoch - 21ms/step
Curriculum: set focal gamma = 1.5000 (epoch 51)
Epoch 51/70
56/56 - 1s - loss: 0.0576 - auc: 0.8968 - val_loss: 0.1167 - val_auc: 0.7633 - val_auc_custom: 0.7635 - val_f1_custom: 0.5474 - val_recall_custom: 0.4906 - 1s/epoch - 21ms/step
Curriculum: set focal gamma = 1.5000 (epoch 52)
Epoch 52/70
56/56 - 1s - loss: 0.0530 - auc: 0.9094 - val_loss: 0.1185 - val_auc: 0.7694 - val_auc_custom: 0.7691 - val_f1_custom: 0.6154 - val_recall_custom: 0.6038 - 1s/epoch - 22ms/step
Curriculum: set focal gamma = 1.5000 (epoch 53)
Epoch 53/70
56/56 - 1s - loss: 0.0552 - auc: 0.9017 - val_loss: 0.1119 - val_auc: 0.7775 - val_auc_custom: 0.7786 - val_f1_custom: 0.5714 - val_recall_custom: 0.5283 - 1s/epoch - 23ms/step
Curriculum: set focal gamma = 1.5000 (epoch 54)
Epoch 54/70
56/56 - 1s - loss: 0.0539 - auc: 0.9038 - val_loss: 0.1082 - val_auc: 0.7820 - val_auc_custom: 0.7824 - val_f1_custom: 0.6214 - val_recall_custom: 0.6038 - 1s/epoch - 24ms/step
Curriculum: set focal gamma = 1.5000 (epoch 55)
Epoch 55/70
56/56 - 1s - loss: 0.0510 - auc: 0.9124 - val_loss: 0.1095 - val_auc: 0.7762 - val_auc_custom: 0.7771 - val_f1_custom: 0.5859 - val_recall_custom: 0.5472 - 1s/epoch - 23ms/step
Curriculum: set focal gamma = 1.5000 (epoch 56)
Epoch 56/70
56/56 - 1s - loss: 0.0469 - auc: 0.9364 - val_loss: 0.1410 - val_auc: 0.7701 - val_auc_custom: 0.7708 - val_f1_custom: 0.6429 - val_recall_custom: 0.6792 - 1s/epoch - 22ms/step
Curriculum: set focal gamma = 1.5000 (epoch 57)
Epoch 57/70
56/56 - 1s - loss: 0.0482 - auc: 0.9252 - val_loss: 0.1162 - val_auc: 0.7444 - val_auc_custom: 0.7467 - val_f1_custom: 0.4706 - val_recall_custom: 0.3774 - 1s/epoch - 23ms/step
Curriculum: set focal gamma = 1.5000 (epoch 58)
Epoch 58/70
56/56 - 1s - loss: 0.0473 - auc: 0.9267 - val_loss: 0.1574 - val_auc: 0.7711 - val_auc_custom: 0.7706 - val_f1_custom: 0.6435 - val_recall_custom: 0.6981 - 1s/epoch - 23ms/step
Curriculum: set focal gamma = 1.5000 (epoch 59)
Epoch 59/70
56/56 - 1s - loss: 0.0463 - auc: 0.9328 - val_loss: 0.1151 - val_auc: 0.7584 - val_auc_custom: 0.7582 - val_f1_custom: 0.5532 - val_recall_custom: 0.4906 - 1s/epoch - 22ms/step
Curriculum: set focal gamma = 1.5000 (epoch 60)
Epoch 60/70
56/56 - 1s - loss: 0.0432 - auc: 0.9418 - val_loss: 0.1463 - val_auc: 0.7481 - val_auc_custom: 0.7479 - val_f1_custom: 0.6055 - val_recall_custom: 0.6226 - 1s/epoch - 22ms/step
Curriculum: set focal gamma = 1.5000 (epoch 61)
Epoch 61/70
56/56 - 1s - loss: 0.0476 - auc: 0.9229 - val_loss: 0.1222 - val_auc: 0.7532 - val_auc_custom: 0.7525 - val_f1_custom: 0.5333 - val_recall_custom: 0.4528 - 1s/epoch - 23ms/step
Curriculum: set focal gamma = 1.5000 (epoch 62)
Epoch 62/70
56/56 - 1s - loss: 0.0437 - auc: 0.9388 - val_loss: 0.1416 - val_auc: 0.7517 - val_auc_custom: 0.7504 - val_f1_custom: 0.5849 - val_recall_custom: 0.5849 - 1s/epoch - 23ms/step
Curriculum: set focal gamma = 1.5000 (epoch 63)
Epoch 63/70
56/56 - 1s - loss: 0.0445 - auc: 0.9380 - val_loss: 0.1101 - val_auc: 0.7665 - val_auc_custom: 0.7668 - val_f1_custom: 0.5176 - val_recall_custom: 0.4151 - 1s/epoch - 24ms/step
Curriculum: set focal gamma = 1.5000 (epoch 64)
Epoch 64/70
56/56 - 1s - loss: 0.0499 - auc: 0.9282 - val_loss: 0.1184 - val_auc: 0.7658 - val_auc_custom: 0.7824 - val_f1_custom: 0.6214 - val_recall_custom: 0.6038 - 1s/epoch - 23ms/step
Mask config -> mode=soft, threshold=0.6, window_gate=None
Done. Results saved to /home/user/projects/train/model/long_window/CNN_BiLSTM/result_focal_sweep/cw05_fg01/01
