2025-09-22 02:05:19.196801: I tensorflow/core/util/port.cc:110] oneDNN custom operations are on. You may see slightly different numerical results due to floating-point round-off errors from different computation orders. To turn them off, set the environment variable `TF_ENABLE_ONEDNN_OPTS=0`.
2025-09-22 02:05:19.225146: I tensorflow/core/platform/cpu_feature_guard.cc:182] This TensorFlow binary is optimized to use available CPU instructions in performance-critical operations.
To enable the following instructions: AVX2 AVX_VNNI FMA, in other operations, rebuild TensorFlow with the appropriate compiler flags.
2025-09-22 02:05:19.633500: W tensorflow/compiler/tf2tensorrt/utils/py_utils.cc:38] TF-TRT Warning: Could not find TensorRT
2025-09-22 02:05:20.016739: I tensorflow/compiler/xla/stream_executor/cuda/cuda_gpu_executor.cc:981] could not open file to read NUMA node: /sys/bus/pci/devices/0000:01:00.0/numa_node
Your kernel may have been built without NUMA support.
2025-09-22 02:05:20.039655: I tensorflow/compiler/xla/stream_executor/cuda/cuda_gpu_executor.cc:981] could not open file to read NUMA node: /sys/bus/pci/devices/0000:01:00.0/numa_node
Your kernel may have been built without NUMA support.
2025-09-22 02:05:20.039757: I tensorflow/compiler/xla/stream_executor/cuda/cuda_gpu_executor.cc:981] could not open file to read NUMA node: /sys/bus/pci/devices/0000:01:00.0/numa_node
Your kernel may have been built without NUMA support.
2025-09-22 02:05:20.040916: I tensorflow/compiler/xla/stream_executor/cuda/cuda_gpu_executor.cc:981] could not open file to read NUMA node: /sys/bus/pci/devices/0000:01:00.0/numa_node
Your kernel may have been built without NUMA support.
2025-09-22 02:05:20.041010: I tensorflow/compiler/xla/stream_executor/cuda/cuda_gpu_executor.cc:981] could not open file to read NUMA node: /sys/bus/pci/devices/0000:01:00.0/numa_node
Your kernel may have been built without NUMA support.
2025-09-22 02:05:20.041035: I tensorflow/compiler/xla/stream_executor/cuda/cuda_gpu_executor.cc:981] could not open file to read NUMA node: /sys/bus/pci/devices/0000:01:00.0/numa_node
Your kernel may have been built without NUMA support.
2025-09-22 02:05:20.137664: I tensorflow/compiler/xla/stream_executor/cuda/cuda_gpu_executor.cc:981] could not open file to read NUMA node: /sys/bus/pci/devices/0000:01:00.0/numa_node
Your kernel may have been built without NUMA support.
2025-09-22 02:05:20.137778: I tensorflow/compiler/xla/stream_executor/cuda/cuda_gpu_executor.cc:981] could not open file to read NUMA node: /sys/bus/pci/devices/0000:01:00.0/numa_node
Your kernel may have been built without NUMA support.
2025-09-22 02:05:20.137787: I tensorflow/core/common_runtime/gpu/gpu_device.cc:1726] Could not identify NUMA node of platform GPU id 0, defaulting to 0.  Your kernel may not have been built with NUMA support.
2025-09-22 02:05:20.137808: I tensorflow/compiler/xla/stream_executor/cuda/cuda_gpu_executor.cc:981] could not open file to read NUMA node: /sys/bus/pci/devices/0000:01:00.0/numa_node
Your kernel may have been built without NUMA support.
2025-09-22 02:05:20.137831: I tensorflow/core/common_runtime/gpu/gpu_device.cc:1639] Created device /job:localhost/replica:0/task:0/device:GPU:0 with 9517 MB memory:  -> device: 0, name: NVIDIA GeForce RTX 4070 SUPER, pci bus id: 0000:01:00.0, compute capability: 8.9
[feature_check] OK: train/test feature_list identical (n=36)
GPU detected: 1 physical, 1 logical -> ['/device:GPU:0']
Config: batch=16, accumulate_steps=8 -> effective_batch=128
Loaded (for internal train/val)  (1276, 36, 75) (1276,)
Loaded EXTERNAL TEST: (354, 36, 75) from /home/user/projects/train/test_data/slipce/windows_npz.npz
[mask] windows_npz.npz using occlusion_flag ch=7
[mask] windows_npz.npz using occlusion_flag ch=7
Model: "cnn_bilstm_attn_masked"
__________________________________________________________________________________________________
 Layer (type)                Output Shape                 Param #   Connected to                  
==================================================================================================
 input (InputLayer)          [(None, 36, 75)]             0         []                            
                                                                                                  
 permute_time_features (Per  (None, 75, 36)               0         ['input[0][0]']               
 mute)                                                                                            
                                                                                                  
 conv0 (Conv1D)              (None, 75, 64)               6976      ['permute_time_features[0][0]'
                                                                    ]                             
                                                                                                  
 bn0 (BatchNormalization)    (None, 75, 64)               256       ['conv0[0][0]']               
                                                                                                  
 act0 (Activation)           (None, 75, 64)               0         ['bn0[0][0]']                 
                                                                                                  
 conv_dropout0 (Dropout)     (None, 75, 64)               0         ['act0[0][0]']                
                                                                                                  
 conv1 (Conv1D)              (None, 75, 64)               20544     ['conv_dropout0[0][0]']       
                                                                                                  
 bn1 (BatchNormalization)    (None, 75, 64)               256       ['conv1[0][0]']               
                                                                                                  
 act1 (Activation)           (None, 75, 64)               0         ['bn1[0][0]']                 
                                                                                                  
 conv_dropout1 (Dropout)     (None, 75, 64)               0         ['act1[0][0]']                
                                                                                                  
 conv2 (Conv1D)              (None, 75, 64)               12352     ['conv_dropout1[0][0]']       
                                                                                                  
 bn2 (BatchNormalization)    (None, 75, 64)               256       ['conv2[0][0]']               
                                                                                                  
 act2 (Activation)           (None, 75, 64)               0         ['bn2[0][0]']                 
                                                                                                  
 conv_dropout2 (Dropout)     (None, 75, 64)               0         ['act2[0][0]']                
                                                                                                  
 bilstm (Bidirectional)      (None, 75, 128)              66048     ['conv_dropout2[0][0]']       
                                                                                                  
 mlp_attn_u (Dense)          (None, 75, 32)               4128      ['bilstm[0][0]']              
                                                                                                  
 mlp_attn_score (Dense)      (None, 75, 1)                33        ['mlp_attn_u[0][0]']          
                                                                                                  
 mlp_attn_squeeze (Lambda)   (None, 75)                   0         ['mlp_attn_score[0][0]']      
                                                                                                  
 attn_mask (InputLayer)      [(None, 75)]                 0         []                            
                                                                                                  
 mlp_attn_apply_mask (Lambd  (None, 75)                   0         ['mlp_attn_squeeze[0][0]',    
 a)                                                                  'attn_mask[0][0]']           
                                                                                                  
 mlp_attn_softmax (Lambda)   (None, 75)                   0         ['mlp_attn_apply_mask[0][0]'] 
                                                                                                  
 mlp_attn_expand (Lambda)    (None, 75, 1)                0         ['mlp_attn_softmax[0][0]']    
                                                                                                  
 mlp_attn_weighted (Lambda)  (None, 128)                  0         ['bilstm[0][0]',              
                                                                     'mlp_attn_expand[0][0]']     
                                                                                                  
 fc1 (Dense)                 (None, 64)                   8256      ['mlp_attn_weighted[0][0]']   
                                                                                                  
 fc_dropout (Dropout)        (None, 64)                   0         ['fc1[0][0]']                 
                                                                                                  
 out (Dense)                 (None, 1)                    65        ['fc_dropout[0][0]']          
                                                                                                  
==================================================================================================
Total params: 119171 (465.51 KB)
Trainable params: 118786 (464.01 KB)
Non-trainable params: 385 (1.50 KB)
__________________________________________________________________________________________________
None
Writing results to result_multi_seed_composite/seed4/01
Curriculum: set focal gamma = 0.0000 (epoch 1)
Epoch 1/70
2025-09-22 02:05:25.084787: I tensorflow/compiler/xla/stream_executor/cuda/cuda_dnn.cc:432] Loaded cuDNN version 8600
2025-09-22 02:05:25.173840: I tensorflow/tsl/platform/default/subprocess.cc:304] Start cannot spawn child process: No such file or directory
2025-09-22 02:05:25.328282: I tensorflow/compiler/xla/stream_executor/cuda/cuda_blas.cc:606] TensorFloat-32 will be used for the matrix multiplication. This will only be logged once.
2025-09-22 02:05:25.661903: I tensorflow/compiler/xla/service/service.cc:168] XLA service 0x6011e8f55cc0 initialized for platform CUDA (this does not guarantee that XLA will be used). Devices:
2025-09-22 02:05:25.661952: I tensorflow/compiler/xla/service/service.cc:176]   StreamExecutor device (0): NVIDIA GeForce RTX 4070 SUPER, Compute Capability 8.9
2025-09-22 02:05:25.665905: I tensorflow/compiler/mlir/tensorflow/utils/dump_mlir_util.cc:255] disabling MLIR crash reproducer, set env var `MLIR_CRASH_REPRODUCER_DIRECTORY` to enable.
2025-09-22 02:05:25.722016: I tensorflow/tsl/platform/default/subprocess.cc:304] Start cannot spawn child process: No such file or directory
2025-09-22 02:05:25.758016: I ./tensorflow/compiler/jit/device_compiler.h:186] Compiled cluster using XLA!  This line is logged at most once for the lifetime of the process.
WARNING:tensorflow:Can save best model only with val_composite available, skipping.
WARNING:tensorflow:Early stopping conditioned on metric `val_composite` which is not available. Available metrics are: loss,auc,val_loss,val_auc
56/56 - 7s - loss: 0.3163 - auc: 0.5247 - val_loss: 0.3371 - val_auc: 0.6823 - val_auc_custom: 0.6825 - val_f1_custom: 0.3415 - val_recall_custom: 0.2222 - val_composite: 0.3501 - val_precision_aware: 0.6074 - 7s/epoch - 121ms/step
Curriculum: set focal gamma = 0.0526 (epoch 2)
Epoch 2/70
WARNING:tensorflow:Can save best model only with val_composite available, skipping.
WARNING:tensorflow:Early stopping conditioned on metric `val_composite` which is not available. Available metrics are: loss,auc,val_loss,val_auc
56/56 - 1s - loss: 0.2949 - auc: 0.6029 - val_loss: 0.3125 - val_auc: 0.6841 - val_auc_custom: 0.6842 - val_f1_custom: 0.2597 - val_recall_custom: 0.1587 - val_composite: 0.2941 - val_precision_aware: 0.5719 - 1s/epoch - 21ms/step
Curriculum: set focal gamma = 0.1053 (epoch 3)
Epoch 3/70
WARNING:tensorflow:Can save best model only with val_composite available, skipping.
WARNING:tensorflow:Early stopping conditioned on metric `val_composite` which is not available. Available metrics are: loss,auc,val_loss,val_auc
56/56 - 1s - loss: 0.2819 - auc: 0.6078 - val_loss: 0.2937 - val_auc: 0.6875 - val_auc_custom: 0.6879 - val_f1_custom: 0.3810 - val_recall_custom: 0.2540 - val_composite: 0.3789 - val_precision_aware: 0.6328 - 1s/epoch - 21ms/step
Curriculum: set focal gamma = 0.1579 (epoch 4)
Epoch 4/70
WARNING:tensorflow:Can save best model only with val_composite available, skipping.
WARNING:tensorflow:Early stopping conditioned on metric `val_composite` which is not available. Available metrics are: loss,auc,val_loss,val_auc
56/56 - 1s - loss: 0.2691 - auc: 0.6205 - val_loss: 0.2788 - val_auc: 0.6910 - val_auc_custom: 0.6918 - val_f1_custom: 0.5102 - val_recall_custom: 0.3968 - val_composite: 0.4898 - val_precision_aware: 0.6486 - 1s/epoch - 20ms/step
Curriculum: set focal gamma = 0.2105 (epoch 5)
Epoch 5/70
WARNING:tensorflow:Can save best model only with val_composite available, skipping.
WARNING:tensorflow:Early stopping conditioned on metric `val_composite` which is not available. Available metrics are: loss,auc,val_loss,val_auc
56/56 - 1s - loss: 0.2541 - auc: 0.6585 - val_loss: 0.2663 - val_auc: 0.6961 - val_auc_custom: 0.6962 - val_f1_custom: 0.5192 - val_recall_custom: 0.4286 - val_composite: 0.5093 - val_precision_aware: 0.6243 - 1s/epoch - 20ms/step
Curriculum: set focal gamma = 0.2632 (epoch 6)
Epoch 6/70
WARNING:tensorflow:Can save best model only with val_composite available, skipping.
WARNING:tensorflow:Early stopping conditioned on metric `val_composite` which is not available. Available metrics are: loss,auc,val_loss,val_auc
56/56 - 1s - loss: 0.2446 - auc: 0.6500 - val_loss: 0.2556 - val_auc: 0.7031 - val_auc_custom: 0.7040 - val_f1_custom: 0.5143 - val_recall_custom: 0.4286 - val_composite: 0.5094 - val_precision_aware: 0.6165 - 1s/epoch - 19ms/step
Curriculum: set focal gamma = 0.3158 (epoch 7)
Epoch 7/70
WARNING:tensorflow:Can save best model only with val_composite available, skipping.
WARNING:tensorflow:Early stopping conditioned on metric `val_composite` which is not available. Available metrics are: loss,auc,val_loss,val_auc
56/56 - 1s - loss: 0.2337 - auc: 0.6659 - val_loss: 0.2453 - val_auc: 0.7084 - val_auc_custom: 0.7082 - val_f1_custom: 0.5333 - val_recall_custom: 0.4444 - val_composite: 0.5239 - val_precision_aware: 0.6350 - 1s/epoch - 21ms/step
Curriculum: set focal gamma = 0.3684 (epoch 8)
Epoch 8/70
WARNING:tensorflow:Can save best model only with val_composite available, skipping.
WARNING:tensorflow:Early stopping conditioned on metric `val_composite` which is not available. Available metrics are: loss,auc,val_loss,val_auc
56/56 - 1s - loss: 0.2257 - auc: 0.6630 - val_loss: 0.2350 - val_auc: 0.7164 - val_auc_custom: 0.7175 - val_f1_custom: 0.6195 - val_recall_custom: 0.5556 - val_composite: 0.6071 - val_precision_aware: 0.6793 - 1s/epoch - 20ms/step
Curriculum: set focal gamma = 0.4211 (epoch 9)
Epoch 9/70
WARNING:tensorflow:Can save best model only with val_composite available, skipping.
WARNING:tensorflow:Early stopping conditioned on metric `val_composite` which is not available. Available metrics are: loss,auc,val_loss,val_auc
56/56 - 1s - loss: 0.2154 - auc: 0.6726 - val_loss: 0.2260 - val_auc: 0.7214 - val_auc_custom: 0.7221 - val_f1_custom: 0.6250 - val_recall_custom: 0.5556 - val_composite: 0.6097 - val_precision_aware: 0.6891 - 1s/epoch - 20ms/step
Curriculum: set focal gamma = 0.4737 (epoch 10)
Epoch 10/70
WARNING:tensorflow:Can save best model only with val_composite available, skipping.
WARNING:tensorflow:Early stopping conditioned on metric `val_composite` which is not available. Available metrics are: loss,auc,val_loss,val_auc
56/56 - 1s - loss: 0.2044 - auc: 0.6935 - val_loss: 0.2178 - val_auc: 0.7272 - val_auc_custom: 0.7272 - val_f1_custom: 0.6379 - val_recall_custom: 0.5873 - val_composite: 0.6305 - val_precision_aware: 0.6859 - 1s/epoch - 20ms/step
Curriculum: set focal gamma = 0.5263 (epoch 11)
Epoch 11/70
WARNING:tensorflow:Can save best model only with val_composite available, skipping.
WARNING:tensorflow:Early stopping conditioned on metric `val_composite` which is not available. Available metrics are: loss,auc,val_loss,val_auc
56/56 - 1s - loss: 0.1974 - auc: 0.6947 - val_loss: 0.2101 - val_auc: 0.7321 - val_auc_custom: 0.7336 - val_f1_custom: 0.6613 - val_recall_custom: 0.6508 - val_composite: 0.6705 - val_precision_aware: 0.6812 - 1s/epoch - 21ms/step
Curriculum: set focal gamma = 0.5789 (epoch 12)
Epoch 12/70
WARNING:tensorflow:Can save best model only with val_composite available, skipping.
WARNING:tensorflow:Early stopping conditioned on metric `val_composite` which is not available. Available metrics are: loss,auc,val_loss,val_auc
56/56 - 1s - loss: 0.1859 - auc: 0.7197 - val_loss: 0.1994 - val_auc: 0.7331 - val_auc_custom: 0.7328 - val_f1_custom: 0.6239 - val_recall_custom: 0.5397 - val_composite: 0.6036 - val_precision_aware: 0.7033 - 1s/epoch - 21ms/step
Curriculum: set focal gamma = 0.6316 (epoch 13)
Epoch 13/70
WARNING:tensorflow:Can save best model only with val_composite available, skipping.
WARNING:tensorflow:Early stopping conditioned on metric `val_composite` which is not available. Available metrics are: loss,auc,val_loss,val_auc
56/56 - 1s - loss: 0.1784 - auc: 0.7188 - val_loss: 0.1913 - val_auc: 0.7379 - val_auc_custom: 0.7372 - val_f1_custom: 0.6429 - val_recall_custom: 0.5714 - val_composite: 0.6260 - val_precision_aware: 0.7077 - 1s/epoch - 21ms/step
Curriculum: set focal gamma = 0.6842 (epoch 14)
Epoch 14/70
WARNING:tensorflow:Can save best model only with val_composite available, skipping.
WARNING:tensorflow:Early stopping conditioned on metric `val_composite` which is not available. Available metrics are: loss,auc,val_loss,val_auc
56/56 - 1s - loss: 0.1692 - auc: 0.7340 - val_loss: 0.1841 - val_auc: 0.7468 - val_auc_custom: 0.7465 - val_f1_custom: 0.6555 - val_recall_custom: 0.6190 - val_composite: 0.6555 - val_precision_aware: 0.6942 - 1s/epoch - 21ms/step
Curriculum: set focal gamma = 0.7368 (epoch 15)
Epoch 15/70
WARNING:tensorflow:Can save best model only with val_composite available, skipping.
WARNING:tensorflow:Early stopping conditioned on metric `val_composite` which is not available. Available metrics are: loss,auc,val_loss,val_auc
56/56 - 1s - loss: 0.1603 - auc: 0.7518 - val_loss: 0.1786 - val_auc: 0.7333 - val_auc_custom: 0.7331 - val_f1_custom: 0.5545 - val_recall_custom: 0.4444 - val_composite: 0.5352 - val_precision_aware: 0.6814 - 1s/epoch - 21ms/step
Curriculum: set focal gamma = 0.7895 (epoch 16)
Epoch 16/70
WARNING:tensorflow:Can save best model only with val_composite available, skipping.
WARNING:tensorflow:Early stopping conditioned on metric `val_composite` which is not available. Available metrics are: loss,auc,val_loss,val_auc
56/56 - 1s - loss: 0.1512 - auc: 0.7656 - val_loss: 0.1710 - val_auc: 0.7473 - val_auc_custom: 0.7470 - val_f1_custom: 0.6667 - val_recall_custom: 0.6508 - val_composite: 0.6748 - val_precision_aware: 0.6911 - 1s/epoch - 21ms/step
Curriculum: set focal gamma = 0.8421 (epoch 17)
Epoch 17/70
WARNING:tensorflow:Can save best model only with val_composite available, skipping.
WARNING:tensorflow:Early stopping conditioned on metric `val_composite` which is not available. Available metrics are: loss,auc,val_loss,val_auc
56/56 - 1s - loss: 0.1441 - auc: 0.7780 - val_loss: 0.1669 - val_auc: 0.7537 - val_auc_custom: 0.7546 - val_f1_custom: 0.6963 - val_recall_custom: 0.7460 - val_composite: 0.7328 - val_precision_aware: 0.6862 - 1s/epoch - 21ms/step
Curriculum: set focal gamma = 0.8947 (epoch 18)
Epoch 18/70
WARNING:tensorflow:Can save best model only with val_composite available, skipping.
WARNING:tensorflow:Early stopping conditioned on metric `val_composite` which is not available. Available metrics are: loss,auc,val_loss,val_auc
56/56 - 1s - loss: 0.1418 - auc: 0.7676 - val_loss: 0.1642 - val_auc: 0.7466 - val_auc_custom: 0.7473 - val_f1_custom: 0.5417 - val_recall_custom: 0.4127 - val_composite: 0.5183 - val_precision_aware: 0.7059 - 1s/epoch - 21ms/step
Curriculum: set focal gamma = 0.9474 (epoch 19)
Epoch 19/70
WARNING:tensorflow:Can save best model only with val_composite available, skipping.
WARNING:tensorflow:Early stopping conditioned on metric `val_composite` which is not available. Available metrics are: loss,auc,val_loss,val_auc
56/56 - 1s - loss: 0.1291 - auc: 0.7941 - val_loss: 0.1520 - val_auc: 0.7436 - val_auc_custom: 0.7424 - val_f1_custom: 0.6306 - val_recall_custom: 0.5556 - val_composite: 0.6154 - val_precision_aware: 0.7022 - 1s/epoch - 21ms/step
Curriculum: set focal gamma = 1.0000 (epoch 20)
Epoch 20/70
WARNING:tensorflow:Can save best model only with val_composite available, skipping.
WARNING:tensorflow:Early stopping conditioned on metric `val_composite` which is not available. Available metrics are: loss,auc,val_loss,val_auc
56/56 - 1s - loss: 0.1268 - auc: 0.7878 - val_loss: 0.1513 - val_auc: 0.7525 - val_auc_custom: 0.7519 - val_f1_custom: 0.6765 - val_recall_custom: 0.7302 - val_composite: 0.7184 - val_precision_aware: 0.6684 - 1s/epoch - 21ms/step
Curriculum: set focal gamma = 1.0000 (epoch 21)
Epoch 21/70
WARNING:tensorflow:Can save best model only with val_composite available, skipping.
WARNING:tensorflow:Early stopping conditioned on metric `val_composite` which is not available. Available metrics are: loss,auc,val_loss,val_auc
56/56 - 1s - loss: 0.1217 - auc: 0.8124 - val_loss: 0.1497 - val_auc: 0.7369 - val_auc_custom: 0.7372 - val_f1_custom: 0.5741 - val_recall_custom: 0.4921 - val_composite: 0.5657 - val_precision_aware: 0.6641 - 1s/epoch - 21ms/step
Curriculum: set focal gamma = 1.0000 (epoch 22)
Epoch 22/70
WARNING:tensorflow:Can save best model only with val_composite available, skipping.
WARNING:tensorflow:Early stopping conditioned on metric `val_composite` which is not available. Available metrics are: loss,auc,val_loss,val_auc
56/56 - 1s - loss: 0.1221 - auc: 0.8084 - val_loss: 0.1526 - val_auc: 0.7438 - val_auc_custom: 0.7441 - val_f1_custom: 0.6000 - val_recall_custom: 0.5238 - val_composite: 0.5907 - val_precision_aware: 0.6799 - 1s/epoch - 21ms/step
Curriculum: set focal gamma = 1.0000 (epoch 23)
Epoch 23/70
WARNING:tensorflow:Can save best model only with val_composite available, skipping.
WARNING:tensorflow:Early stopping conditioned on metric `val_composite` which is not available. Available metrics are: loss,auc,val_loss,val_auc
56/56 - 1s - loss: 0.1213 - auc: 0.8164 - val_loss: 0.1550 - val_auc: 0.7342 - val_auc_custom: 0.7336 - val_f1_custom: 0.7092 - val_recall_custom: 0.7937 - val_composite: 0.7563 - val_precision_aware: 0.6800 - 1s/epoch - 21ms/step
Curriculum: set focal gamma = 1.0000 (epoch 24)
Epoch 24/70
WARNING:tensorflow:Can save best model only with val_composite available, skipping.
WARNING:tensorflow:Early stopping conditioned on metric `val_composite` which is not available. Available metrics are: loss,auc,val_loss,val_auc
56/56 - 1s - loss: 0.1209 - auc: 0.8146 - val_loss: 0.1506 - val_auc: 0.7420 - val_auc_custom: 0.7414 - val_f1_custom: 0.6102 - val_recall_custom: 0.5714 - val_composite: 0.6170 - val_precision_aware: 0.6586 - 1s/epoch - 21ms/step
Curriculum: set focal gamma = 1.0000 (epoch 25)
Epoch 25/70
WARNING:tensorflow:Can save best model only with val_composite available, skipping.
WARNING:tensorflow:Early stopping conditioned on metric `val_composite` which is not available. Available metrics are: loss,auc,val_loss,val_auc
56/56 - 1s - loss: 0.1170 - auc: 0.8297 - val_loss: 0.1546 - val_auc: 0.7426 - val_auc_custom: 0.7419 - val_f1_custom: 0.5686 - val_recall_custom: 0.4603 - val_composite: 0.5491 - val_precision_aware: 0.6908 - 1s/epoch - 21ms/step
Curriculum: set focal gamma = 1.0000 (epoch 26)
Epoch 26/70
WARNING:tensorflow:Can save best model only with val_composite available, skipping.
WARNING:tensorflow:Early stopping conditioned on metric `val_composite` which is not available. Available metrics are: loss,auc,val_loss,val_auc
56/56 - 1s - loss: 0.1155 - auc: 0.8358 - val_loss: 0.1520 - val_auc: 0.7541 - val_auc_custom: 0.7538 - val_f1_custom: 0.6957 - val_recall_custom: 0.7619 - val_composite: 0.7404 - val_precision_aware: 0.6795 - 1s/epoch - 21ms/step
Curriculum: set focal gamma = 1.0000 (epoch 27)
Epoch 27/70
WARNING:tensorflow:Can save best model only with val_composite available, skipping.
WARNING:tensorflow:Early stopping conditioned on metric `val_composite` which is not available. Available metrics are: loss,auc,val_loss,val_auc
56/56 - 1s - loss: 0.1197 - auc: 0.8162 - val_loss: 0.1474 - val_auc: 0.7560 - val_auc_custom: 0.7563 - val_f1_custom: 0.6306 - val_recall_custom: 0.5556 - val_composite: 0.6182 - val_precision_aware: 0.7050 - 1s/epoch - 21ms/step
Curriculum: set focal gamma = 1.0000 (epoch 28)
Epoch 28/70
WARNING:tensorflow:Can save best model only with val_composite available, skipping.
WARNING:tensorflow:Early stopping conditioned on metric `val_composite` which is not available. Available metrics are: loss,auc,val_loss,val_auc
56/56 - 1s - loss: 0.1155 - auc: 0.8313 - val_loss: 0.1450 - val_auc: 0.7592 - val_auc_custom: 0.7602 - val_f1_custom: 0.6372 - val_recall_custom: 0.5714 - val_composite: 0.6289 - val_precision_aware: 0.7032 - 1s/epoch - 21ms/step
Curriculum: set focal gamma = 1.0000 (epoch 29)
Epoch 29/70
WARNING:tensorflow:Can save best model only with val_composite available, skipping.
WARNING:tensorflow:Early stopping conditioned on metric `val_composite` which is not available. Available metrics are: loss,auc,val_loss,val_auc
56/56 - 1s - loss: 0.1120 - auc: 0.8463 - val_loss: 0.1449 - val_auc: 0.7613 - val_auc_custom: 0.7631 - val_f1_custom: 0.6822 - val_recall_custom: 0.6984 - val_composite: 0.7065 - val_precision_aware: 0.6906 - 1s/epoch - 20ms/step
Curriculum: set focal gamma = 1.0000 (epoch 30)
Epoch 30/70
WARNING:tensorflow:Can save best model only with val_composite available, skipping.
WARNING:tensorflow:Early stopping conditioned on metric `val_composite` which is not available. Available metrics are: loss,auc,val_loss,val_auc
56/56 - 1s - loss: 0.1127 - auc: 0.8434 - val_loss: 0.1502 - val_auc: 0.7595 - val_auc_custom: 0.7592 - val_f1_custom: 0.7007 - val_recall_custom: 0.7619 - val_composite: 0.7430 - val_precision_aware: 0.6864 - 1s/epoch - 20ms/step
Curriculum: set focal gamma = 1.0000 (epoch 31)
Epoch 31/70
WARNING:tensorflow:Can save best model only with val_composite available, skipping.
WARNING:tensorflow:Early stopping conditioned on metric `val_composite` which is not available. Available metrics are: loss,auc,val_loss,val_auc
56/56 - 1s - loss: 0.1121 - auc: 0.8440 - val_loss: 0.1495 - val_auc: 0.7628 - val_auc_custom: 0.7626 - val_f1_custom: 0.5794 - val_recall_custom: 0.4921 - val_composite: 0.5724 - val_precision_aware: 0.6786 - 1s/epoch - 21ms/step
Curriculum: set focal gamma = 1.0000 (epoch 32)
Epoch 32/70
WARNING:tensorflow:Can save best model only with val_composite available, skipping.
WARNING:tensorflow:Early stopping conditioned on metric `val_composite` which is not available. Available metrics are: loss,auc,val_loss,val_auc
56/56 - 1s - loss: 0.1048 - auc: 0.8655 - val_loss: 0.1476 - val_auc: 0.7639 - val_auc_custom: 0.7624 - val_f1_custom: 0.6963 - val_recall_custom: 0.7460 - val_composite: 0.7344 - val_precision_aware: 0.6878 - 1s/epoch - 20ms/step
Curriculum: set focal gamma = 1.0000 (epoch 33)
Epoch 33/70
WARNING:tensorflow:Can save best model only with val_composite available, skipping.
WARNING:tensorflow:Early stopping conditioned on metric `val_composite` which is not available. Available metrics are: loss,auc,val_loss,val_auc
56/56 - 1s - loss: 0.1080 - auc: 0.8555 - val_loss: 0.1476 - val_auc: 0.7505 - val_auc_custom: 0.7514 - val_f1_custom: 0.6769 - val_recall_custom: 0.6984 - val_composite: 0.7026 - val_precision_aware: 0.6817 - 1s/epoch - 20ms/step
Curriculum: set focal gamma = 1.0000 (epoch 34)
Epoch 34/70
WARNING:tensorflow:Can save best model only with val_composite available, skipping.
WARNING:tensorflow:Early stopping conditioned on metric `val_composite` which is not available. Available metrics are: loss,auc,val_loss,val_auc
56/56 - 1s - loss: 0.1022 - auc: 0.8739 - val_loss: 0.1443 - val_auc: 0.7628 - val_auc_custom: 0.7624 - val_f1_custom: 0.6667 - val_recall_custom: 0.6667 - val_composite: 0.6858 - val_precision_aware: 0.6858 - 1s/epoch - 20ms/step
Curriculum: set focal gamma = 1.0000 (epoch 35)
Epoch 35/70
WARNING:tensorflow:Can save best model only with val_composite available, skipping.
WARNING:tensorflow:Early stopping conditioned on metric `val_composite` which is not available. Available metrics are: loss,auc,val_loss,val_auc
56/56 - 1s - loss: 0.1032 - auc: 0.8724 - val_loss: 0.1460 - val_auc: 0.7579 - val_auc_custom: 0.7580 - val_f1_custom: 0.6393 - val_recall_custom: 0.6190 - val_composite: 0.6529 - val_precision_aware: 0.6739 - 1s/epoch - 21ms/step
Curriculum: set focal gamma = 1.0000 (epoch 36)
Epoch 36/70
WARNING:tensorflow:Can save best model only with val_composite available, skipping.
WARNING:tensorflow:Early stopping conditioned on metric `val_composite` which is not available. Available metrics are: loss,auc,val_loss,val_auc
56/56 - 1s - loss: 0.1034 - auc: 0.8776 - val_loss: 0.1435 - val_auc: 0.7702 - val_auc_custom: 0.7697 - val_f1_custom: 0.6504 - val_recall_custom: 0.6349 - val_composite: 0.6665 - val_precision_aware: 0.6824 - 1s/epoch - 21ms/step
Curriculum: set focal gamma = 1.0000 (epoch 37)
Epoch 37/70
WARNING:tensorflow:Can save best model only with val_composite available, skipping.
WARNING:tensorflow:Early stopping conditioned on metric `val_composite` which is not available. Available metrics are: loss,auc,val_loss,val_auc
56/56 - 1s - loss: 0.1016 - auc: 0.8742 - val_loss: 0.1510 - val_auc: 0.7868 - val_auc_custom: 0.7871 - val_f1_custom: 0.7397 - val_recall_custom: 0.8571 - val_composite: 0.8079 - val_precision_aware: 0.7046 - 1s/epoch - 21ms/step
Curriculum: set focal gamma = 1.0000 (epoch 38)
Epoch 38/70
WARNING:tensorflow:Can save best model only with val_composite available, skipping.
WARNING:tensorflow:Early stopping conditioned on metric `val_composite` which is not available. Available metrics are: loss,auc,val_loss,val_auc
56/56 - 1s - loss: 0.1014 - auc: 0.8747 - val_loss: 0.1460 - val_auc: 0.7657 - val_auc_custom: 0.7661 - val_f1_custom: 0.6207 - val_recall_custom: 0.5714 - val_composite: 0.6251 - val_precision_aware: 0.6790 - 1s/epoch - 20ms/step
Curriculum: set focal gamma = 1.0000 (epoch 39)
Epoch 39/70
WARNING:tensorflow:Can save best model only with val_composite available, skipping.
WARNING:tensorflow:Early stopping conditioned on metric `val_composite` which is not available. Available metrics are: loss,auc,val_loss,val_auc
56/56 - 1s - loss: 0.0963 - auc: 0.8889 - val_loss: 0.1483 - val_auc: 0.7629 - val_auc_custom: 0.7636 - val_f1_custom: 0.6393 - val_recall_custom: 0.6190 - val_composite: 0.6540 - val_precision_aware: 0.6750 - 1s/epoch - 20ms/step
Curriculum: set focal gamma = 1.0000 (epoch 40)
Epoch 40/70
WARNING:tensorflow:Can save best model only with val_composite available, skipping.
WARNING:tensorflow:Early stopping conditioned on metric `val_composite` which is not available. Available metrics are: loss,auc,val_loss,val_auc
56/56 - 1s - loss: 0.1056 - auc: 0.8712 - val_loss: 0.1436 - val_auc: 0.7871 - val_auc_custom: 0.7880 - val_f1_custom: 0.7313 - val_recall_custom: 0.7778 - val_composite: 0.7659 - val_precision_aware: 0.7221 - 1s/epoch - 20ms/step
Curriculum: set focal gamma = 1.0000 (epoch 41)
Epoch 41/70
WARNING:tensorflow:Can save best model only with val_composite available, skipping.
WARNING:tensorflow:Early stopping conditioned on metric `val_composite` which is not available. Available metrics are: loss,auc,val_loss,val_auc
56/56 - 1s - loss: 0.1041 - auc: 0.8825 - val_loss: 0.1546 - val_auc: 0.7578 - val_auc_custom: 0.7580 - val_f1_custom: 0.5400 - val_recall_custom: 0.4286 - val_composite: 0.5279 - val_precision_aware: 0.6785 - 1s/epoch - 20ms/step
Curriculum: set focal gamma = 1.0000 (epoch 42)
Epoch 42/70
WARNING:tensorflow:Can save best model only with val_composite available, skipping.
WARNING:tensorflow:Early stopping conditioned on metric `val_composite` which is not available. Available metrics are: loss,auc,val_loss,val_auc
56/56 - 1s - loss: 0.0983 - auc: 0.8977 - val_loss: 0.1509 - val_auc: 0.7838 - val_auc_custom: 0.7836 - val_f1_custom: 0.7397 - val_recall_custom: 0.8571 - val_composite: 0.8072 - val_precision_aware: 0.7039 - 1s/epoch - 21ms/step
Curriculum: set focal gamma = 1.0000 (epoch 43)
Epoch 43/70
WARNING:tensorflow:Can save best model only with val_composite available, skipping.
WARNING:tensorflow:Early stopping conditioned on metric `val_composite` which is not available. Available metrics are: loss,auc,val_loss,val_auc
56/56 - 1s - loss: 0.0956 - auc: 0.8957 - val_loss: 0.1373 - val_auc: 0.7946 - val_auc_custom: 0.7956 - val_f1_custom: 0.6542 - val_recall_custom: 0.5556 - val_composite: 0.6332 - val_precision_aware: 0.7531 - 1s/epoch - 21ms/step
Curriculum: set focal gamma = 1.0000 (epoch 44)
Epoch 44/70
WARNING:tensorflow:Can save best model only with val_composite available, skipping.
WARNING:tensorflow:Early stopping conditioned on metric `val_composite` which is not available. Available metrics are: loss,auc,val_loss,val_auc
56/56 - 1s - loss: 0.0923 - auc: 0.9006 - val_loss: 0.1417 - val_auc: 0.7869 - val_auc_custom: 0.7878 - val_f1_custom: 0.6774 - val_recall_custom: 0.6667 - val_composite: 0.6941 - val_precision_aware: 0.7050 - 1s/epoch - 20ms/step
Curriculum: set focal gamma = 1.0000 (epoch 45)
Epoch 45/70
WARNING:tensorflow:Can save best model only with val_composite available, skipping.
WARNING:tensorflow:Early stopping conditioned on metric `val_composite` which is not available. Available metrics are: loss,auc,val_loss,val_auc
56/56 - 1s - loss: 0.0908 - auc: 0.9031 - val_loss: 0.1547 - val_auc: 0.7860 - val_auc_custom: 0.7861 - val_f1_custom: 0.7286 - val_recall_custom: 0.8095 - val_composite: 0.7805 - val_precision_aware: 0.7070 - 1s/epoch - 20ms/step
Curriculum: set focal gamma = 1.0000 (epoch 46)
Epoch 46/70
WARNING:tensorflow:Can save best model only with val_composite available, skipping.
WARNING:tensorflow:Early stopping conditioned on metric `val_composite` which is not available. Available metrics are: loss,auc,val_loss,val_auc
56/56 - 1s - loss: 0.0899 - auc: 0.9038 - val_loss: 0.1451 - val_auc: 0.7894 - val_auc_custom: 0.7885 - val_f1_custom: 0.6607 - val_recall_custom: 0.5873 - val_composite: 0.6496 - val_precision_aware: 0.7335 - 1s/epoch - 20ms/step
Curriculum: set focal gamma = 1.0000 (epoch 47)
Epoch 47/70
WARNING:tensorflow:Can save best model only with val_composite available, skipping.
WARNING:tensorflow:Early stopping conditioned on metric `val_composite` which is not available. Available metrics are: loss,auc,val_loss,val_auc
56/56 - 1s - loss: 0.0876 - auc: 0.9100 - val_loss: 0.1509 - val_auc: 0.7855 - val_auc_custom: 0.7868 - val_f1_custom: 0.7164 - val_recall_custom: 0.7619 - val_composite: 0.7532 - val_precision_aware: 0.7103 - 1s/epoch - 20ms/step
Curriculum: set focal gamma = 1.0000 (epoch 48)
Epoch 48/70
WARNING:tensorflow:Can save best model only with val_composite available, skipping.
WARNING:tensorflow:Early stopping conditioned on metric `val_composite` which is not available. Available metrics are: loss,auc,val_loss,val_auc
56/56 - 1s - loss: 0.0872 - auc: 0.9102 - val_loss: 0.1541 - val_auc: 0.7778 - val_auc_custom: 0.7780 - val_f1_custom: 0.7176 - val_recall_custom: 0.7460 - val_composite: 0.7439 - val_precision_aware: 0.7165 - 1s/epoch - 21ms/step
Curriculum: set focal gamma = 1.0000 (epoch 49)
Epoch 49/70
WARNING:tensorflow:Can save best model only with val_composite available, skipping.
WARNING:tensorflow:Early stopping conditioned on metric `val_composite` which is not available. Available metrics are: loss,auc,val_loss,val_auc
56/56 - 1s - loss: 0.0863 - auc: 0.9116 - val_loss: 0.1606 - val_auc: 0.7805 - val_auc_custom: 0.7805 - val_f1_custom: 0.5243 - val_recall_custom: 0.4286 - val_composite: 0.5277 - val_precision_aware: 0.6509 - 1s/epoch - 21ms/step
Curriculum: set focal gamma = 1.0000 (epoch 50)
Epoch 50/70
WARNING:tensorflow:Can save best model only with val_composite available, skipping.
WARNING:tensorflow:Early stopping conditioned on metric `val_composite` which is not available. Available metrics are: loss,auc,val_loss,val_auc
56/56 - 1s - loss: 0.0875 - auc: 0.9093 - val_loss: 0.1712 - val_auc: 0.7475 - val_auc_custom: 0.7463 - val_f1_custom: 0.6993 - val_recall_custom: 0.7937 - val_composite: 0.7559 - val_precision_aware: 0.6715 - 1s/epoch - 21ms/step
Curriculum: set focal gamma = 1.0000 (epoch 51)
Epoch 51/70
WARNING:tensorflow:Can save best model only with val_composite available, skipping.
WARNING:tensorflow:Early stopping conditioned on metric `val_composite` which is not available. Available metrics are: loss,auc,val_loss,val_auc
56/56 - 1s - loss: 0.0821 - auc: 0.9217 - val_loss: 0.1563 - val_auc: 0.7803 - val_auc_custom: 0.7805 - val_f1_custom: 0.6261 - val_recall_custom: 0.5714 - val_composite: 0.6296 - val_precision_aware: 0.6901 - 1s/epoch - 21ms/step
Curriculum: set focal gamma = 1.0000 (epoch 52)
Epoch 52/70
WARNING:tensorflow:Can save best model only with val_composite available, skipping.
WARNING:tensorflow:Early stopping conditioned on metric `val_composite` which is not available. Available metrics are: loss,auc,val_loss,val_auc
56/56 - 1s - loss: 0.0819 - auc: 0.9235 - val_loss: 0.1625 - val_auc: 0.7516 - val_auc_custom: 0.7509 - val_f1_custom: 0.6271 - val_recall_custom: 0.5873 - val_composite: 0.6320 - val_precision_aware: 0.6747 - 1s/epoch - 20ms/step
Curriculum: set focal gamma = 1.0000 (epoch 53)
Epoch 53/70
WARNING:tensorflow:Can save best model only with val_composite available, skipping.
WARNING:tensorflow:Early stopping conditioned on metric `val_composite` which is not available. Available metrics are: loss,auc,val_loss,val_auc
56/56 - 1s - loss: 0.0843 - auc: 0.9201 - val_loss: 0.1541 - val_auc: 0.7832 - val_auc_custom: 0.7836 - val_f1_custom: 0.6880 - val_recall_custom: 0.6825 - val_composite: 0.7044 - val_precision_aware: 0.7099 - 1s/epoch - 20ms/step
Curriculum: set focal gamma = 1.0000 (epoch 54)
Epoch 54/70
WARNING:tensorflow:Can save best model only with val_composite available, skipping.
WARNING:tensorflow:Early stopping conditioned on metric `val_composite` which is not available. Available metrics are: loss,auc,val_loss,val_auc
56/56 - 1s - loss: 0.0808 - auc: 0.9285 - val_loss: 0.1510 - val_auc: 0.7905 - val_auc_custom: 0.7902 - val_f1_custom: 0.6435 - val_recall_custom: 0.5873 - val_composite: 0.6447 - val_precision_aware: 0.7069 - 1s/epoch - 20ms/step
Curriculum: set focal gamma = 1.0000 (epoch 55)
Epoch 55/70
WARNING:tensorflow:Can save best model only with val_composite available, skipping.
WARNING:tensorflow:Early stopping conditioned on metric `val_composite` which is not available. Available metrics are: loss,auc,val_loss,val_auc
56/56 - 1s - loss: 0.0840 - auc: 0.9187 - val_loss: 0.1539 - val_auc: 0.7806 - val_auc_custom: 0.7810 - val_f1_custom: 0.6667 - val_recall_custom: 0.6508 - val_composite: 0.6816 - val_precision_aware: 0.6979 - 1s/epoch - 20ms/step
Curriculum: set focal gamma = 1.0000 (epoch 56)
Epoch 56/70
WARNING:tensorflow:Can save best model only with val_composite available, skipping.
WARNING:tensorflow:Early stopping conditioned on metric `val_composite` which is not available. Available metrics are: loss,auc,val_loss,val_auc
56/56 - 1s - loss: 0.0791 - auc: 0.9277 - val_loss: 0.1632 - val_auc: 0.7857 - val_auc_custom: 0.7856 - val_f1_custom: 0.7313 - val_recall_custom: 0.7778 - val_composite: 0.7654 - val_precision_aware: 0.7216 - 1s/epoch - 20ms/step
Curriculum: set focal gamma = 1.0000 (epoch 57)
Epoch 57/70
WARNING:tensorflow:Can save best model only with val_composite available, skipping.
WARNING:tensorflow:Early stopping conditioned on metric `val_composite` which is not available. Available metrics are: loss,auc,val_loss,val_auc
56/56 - 1s - loss: 0.0792 - auc: 0.9280 - val_loss: 0.1640 - val_auc: 0.7578 - val_auc_custom: 0.7575 - val_f1_custom: 0.6667 - val_recall_custom: 0.6349 - val_composite: 0.6690 - val_precision_aware: 0.7024 - 1s/epoch - 20ms/step
Curriculum: set focal gamma = 1.0000 (epoch 58)
Epoch 58/70
WARNING:tensorflow:Can save best model only with val_composite available, skipping.
WARNING:tensorflow:Early stopping conditioned on metric `val_composite` which is not available. Available metrics are: loss,auc,val_loss,val_auc
56/56 - 1s - loss: 0.0835 - auc: 0.9182 - val_loss: 0.1823 - val_auc: 0.7705 - val_auc_custom: 0.7714 - val_f1_custom: 0.7260 - val_recall_custom: 0.8413 - val_composite: 0.7927 - val_precision_aware: 0.6914 - 1s/epoch - 20ms/step
Curriculum: set focal gamma = 1.0000 (epoch 59)
Epoch 59/70
WARNING:tensorflow:Can save best model only with val_composite available, skipping.
WARNING:tensorflow:Early stopping conditioned on metric `val_composite` which is not available. Available metrics are: loss,auc,val_loss,val_auc
56/56 - 1s - loss: 0.0793 - auc: 0.9273 - val_loss: 0.1635 - val_auc: 0.7585 - val_auc_custom: 0.7580 - val_f1_custom: 0.6055 - val_recall_custom: 0.5238 - val_composite: 0.5952 - val_precision_aware: 0.6919 - 1s/epoch - 20ms/step
Curriculum: set focal gamma = 1.0000 (epoch 60)
Epoch 60/70
WARNING:tensorflow:Can save best model only with val_composite available, skipping.
WARNING:tensorflow:Early stopping conditioned on metric `val_composite` which is not available. Available metrics are: loss,auc,val_loss,val_auc
56/56 - 1s - loss: 0.0801 - auc: 0.9256 - val_loss: 0.1669 - val_auc: 0.7626 - val_auc_custom: 0.7617 - val_f1_custom: 0.5926 - val_recall_custom: 0.5079 - val_composite: 0.5841 - val_precision_aware: 0.6857 - 1s/epoch - 20ms/step
Curriculum: set focal gamma = 1.0000 (epoch 61)
Epoch 61/70
WARNING:tensorflow:Can save best model only with val_composite available, skipping.
WARNING:tensorflow:Early stopping conditioned on metric `val_composite` which is not available. Available metrics are: loss,auc,val_loss,val_auc
56/56 - 1s - loss: 0.0781 - auc: 0.9300 - val_loss: 0.1832 - val_auc: 0.7673 - val_auc_custom: 0.7673 - val_f1_custom: 0.7286 - val_recall_custom: 0.8095 - val_composite: 0.7768 - val_precision_aware: 0.7032 - 1s/epoch - 20ms/step
Curriculum: set focal gamma = 1.0000 (epoch 62)
Epoch 62/70
WARNING:tensorflow:Can save best model only with val_composite available, skipping.
WARNING:tensorflow:Early stopping conditioned on metric `val_composite` which is not available. Available metrics are: loss,auc,val_loss,val_auc
56/56 - 1s - loss: 0.0733 - auc: 0.9403 - val_loss: 0.1573 - val_auc: 0.7860 - val_auc_custom: 0.7863 - val_f1_custom: 0.7344 - val_recall_custom: 0.7460 - val_composite: 0.7506 - val_precision_aware: 0.7391 - 1s/epoch - 20ms/step
Curriculum: set focal gamma = 1.0000 (epoch 63)
Epoch 63/70
WARNING:tensorflow:Can save best model only with val_composite available, skipping.
WARNING:tensorflow:Early stopping conditioned on metric `val_composite` which is not available. Available metrics are: loss,auc,val_loss,val_auc
56/56 - 1s - loss: 0.0747 - auc: 0.9358 - val_loss: 0.1687 - val_auc: 0.7650 - val_auc_custom: 0.7634 - val_f1_custom: 0.7023 - val_recall_custom: 0.7302 - val_composite: 0.7284 - val_precision_aware: 0.7016 - 1s/epoch - 21ms/step
Curriculum: set focal gamma = 1.0000 (epoch 64)
Epoch 64/70
WARNING:tensorflow:Can save best model only with val_composite available, skipping.
WARNING:tensorflow:Early stopping conditioned on metric `val_composite` which is not available. Available metrics are: loss,auc,val_loss,val_auc
56/56 - 1s - loss: 0.0723 - auc: 0.9408 - val_loss: 0.1704 - val_auc: 0.7797 - val_auc_custom: 0.7792 - val_f1_custom: 0.6970 - val_recall_custom: 0.7302 - val_composite: 0.7300 - val_precision_aware: 0.6983 - 1s/epoch - 21ms/step
Curriculum: set focal gamma = 1.0000 (epoch 65)
Epoch 65/70
WARNING:tensorflow:Can save best model only with val_composite available, skipping.
WARNING:tensorflow:Early stopping conditioned on metric `val_composite` which is not available. Available metrics are: loss,auc,val_loss,val_auc
56/56 - 1s - loss: 0.0722 - auc: 0.9399 - val_loss: 0.1920 - val_auc: 0.7370 - val_auc_custom: 0.7363 - val_f1_custom: 0.6857 - val_recall_custom: 0.7619 - val_composite: 0.7339 - val_precision_aware: 0.6647 - 1s/epoch - 20ms/step
Curriculum: set focal gamma = 1.0000 (epoch 66)
Epoch 66/70
WARNING:tensorflow:Can save best model only with val_composite available, skipping.
WARNING:tensorflow:Early stopping conditioned on metric `val_composite` which is not available. Available metrics are: loss,auc,val_loss,val_auc
56/56 - 1s - loss: 0.0672 - auc: 0.9500 - val_loss: 0.1610 - val_auc: 0.8055 - val_auc_custom: 0.8056 - val_f1_custom: 0.7368 - val_recall_custom: 0.7778 - val_composite: 0.7711 - val_precision_aware: 0.7322 - 1s/epoch - 20ms/step
Curriculum: set focal gamma = 1.0000 (epoch 67)
Epoch 67/70
WARNING:tensorflow:Can save best model only with val_composite available, skipping.
WARNING:tensorflow:Early stopping conditioned on metric `val_composite` which is not available. Available metrics are: loss,auc,val_loss,val_auc
56/56 - 1s - loss: 0.0758 - auc: 0.9336 - val_loss: 0.1647 - val_auc: 0.7778 - val_auc_custom: 0.7768 - val_f1_custom: 0.6772 - val_recall_custom: 0.6825 - val_composite: 0.6998 - val_precision_aware: 0.6944 - 1s/epoch - 21ms/step
Curriculum: set focal gamma = 1.0000 (epoch 68)
Epoch 68/70
WARNING:tensorflow:Can save best model only with val_composite available, skipping.
WARNING:tensorflow:Early stopping conditioned on metric `val_composite` which is not available. Available metrics are: loss,auc,val_loss,val_auc
56/56 - 1s - loss: 0.0749 - auc: 0.9394 - val_loss: 0.1951 - val_auc: 0.7492 - val_auc_custom: 0.7492 - val_f1_custom: 0.6809 - val_recall_custom: 0.7619 - val_composite: 0.7350 - val_precision_aware: 0.6618 - 1s/epoch - 20ms/step
Curriculum: set focal gamma = 1.0000 (epoch 69)
Epoch 69/70
WARNING:tensorflow:Can save best model only with val_composite available, skipping.
WARNING:tensorflow:Early stopping conditioned on metric `val_composite` which is not available. Available metrics are: loss,auc,val_loss,val_auc
56/56 - 1s - loss: 0.0767 - auc: 0.9377 - val_loss: 0.1630 - val_auc: 0.7868 - val_auc_custom: 0.7873 - val_f1_custom: 0.6942 - val_recall_custom: 0.6667 - val_composite: 0.6991 - val_precision_aware: 0.7278 - 1s/epoch - 20ms/step
Curriculum: set focal gamma = 1.0000 (epoch 70)
Epoch 70/70
WARNING:tensorflow:Can save best model only with val_composite available, skipping.
WARNING:tensorflow:Early stopping conditioned on metric `val_composite` which is not available. Available metrics are: loss,auc,val_loss,val_auc
56/56 - 1s - loss: 0.0733 - auc: 0.9379 - val_loss: 0.1813 - val_auc: 0.7468 - val_auc_custom: 0.7477 - val_f1_custom: 0.7101 - val_recall_custom: 0.7778 - val_composite: 0.7515 - val_precision_aware: 0.6893 - 1s/epoch - 22ms/step
Saved final weights to result_multi_seed_composite/seed4/01/final.weights
Mask config -> mode=soft, threshold=0.6, window_gate=None
Done. Results saved to result_multi_seed_composite/seed4/01
