2025-09-17 08:57:35.228577: I tensorflow/core/util/port.cc:110] oneDNN custom operations are on. You may see slightly different numerical results due to floating-point round-off errors from different computation orders. To turn them off, set the environment variable `TF_ENABLE_ONEDNN_OPTS=0`.
2025-09-17 08:57:35.255751: I tensorflow/core/platform/cpu_feature_guard.cc:182] This TensorFlow binary is optimized to use available CPU instructions in performance-critical operations.
To enable the following instructions: AVX2 AVX_VNNI FMA, in other operations, rebuild TensorFlow with the appropriate compiler flags.
2025-09-17 08:57:35.647148: W tensorflow/compiler/tf2tensorrt/utils/py_utils.cc:38] TF-TRT Warning: Could not find TensorRT
2025-09-17 08:57:36.018310: I tensorflow/compiler/xla/stream_executor/cuda/cuda_gpu_executor.cc:981] could not open file to read NUMA node: /sys/bus/pci/devices/0000:01:00.0/numa_node
Your kernel may have been built without NUMA support.
2025-09-17 08:57:36.035116: I tensorflow/compiler/xla/stream_executor/cuda/cuda_gpu_executor.cc:981] could not open file to read NUMA node: /sys/bus/pci/devices/0000:01:00.0/numa_node
Your kernel may have been built without NUMA support.
2025-09-17 08:57:36.035221: I tensorflow/compiler/xla/stream_executor/cuda/cuda_gpu_executor.cc:981] could not open file to read NUMA node: /sys/bus/pci/devices/0000:01:00.0/numa_node
Your kernel may have been built without NUMA support.
2025-09-17 08:57:36.036217: I tensorflow/compiler/xla/stream_executor/cuda/cuda_gpu_executor.cc:981] could not open file to read NUMA node: /sys/bus/pci/devices/0000:01:00.0/numa_node
Your kernel may have been built without NUMA support.
2025-09-17 08:57:36.036286: I tensorflow/compiler/xla/stream_executor/cuda/cuda_gpu_executor.cc:981] could not open file to read NUMA node: /sys/bus/pci/devices/0000:01:00.0/numa_node
Your kernel may have been built without NUMA support.
2025-09-17 08:57:36.036309: I tensorflow/compiler/xla/stream_executor/cuda/cuda_gpu_executor.cc:981] could not open file to read NUMA node: /sys/bus/pci/devices/0000:01:00.0/numa_node
Your kernel may have been built without NUMA support.
2025-09-17 08:57:36.132042: I tensorflow/compiler/xla/stream_executor/cuda/cuda_gpu_executor.cc:981] could not open file to read NUMA node: /sys/bus/pci/devices/0000:01:00.0/numa_node
Your kernel may have been built without NUMA support.
2025-09-17 08:57:36.132187: I tensorflow/compiler/xla/stream_executor/cuda/cuda_gpu_executor.cc:981] could not open file to read NUMA node: /sys/bus/pci/devices/0000:01:00.0/numa_node
Your kernel may have been built without NUMA support.
2025-09-17 08:57:36.132211: I tensorflow/core/common_runtime/gpu/gpu_device.cc:1726] Could not identify NUMA node of platform GPU id 0, defaulting to 0.  Your kernel may not have been built with NUMA support.
2025-09-17 08:57:36.132240: I tensorflow/compiler/xla/stream_executor/cuda/cuda_gpu_executor.cc:981] could not open file to read NUMA node: /sys/bus/pci/devices/0000:01:00.0/numa_node
Your kernel may have been built without NUMA support.
2025-09-17 08:57:36.132262: I tensorflow/core/common_runtime/gpu/gpu_device.cc:1639] Created device /job:localhost/replica:0/task:0/device:GPU:0 with 9517 MB memory:  -> device: 0, name: NVIDIA GeForce RTX 4070 SUPER, pci bus id: 0000:01:00.0, compute capability: 8.9
GPU detected: 1 physical, 1 logical -> ['/device:GPU:0']
Config: batch=16, accumulate_steps=8 -> effective_batch=128
Loaded (1276, 36, 75) (1276,)
Using mask channel "occlusion_flag" from long_raw (index 7)
Model: "cnn_bilstm_attn_masked"
__________________________________________________________________________________________________
 Layer (type)                Output Shape                 Param #   Connected to                  
==================================================================================================
 input (InputLayer)          [(None, 36, 75)]             0         []                            
                                                                                                  
 permute_time_features (Per  (None, 75, 36)               0         ['input[0][0]']               
 mute)                                                                                            
                                                                                                  
 conv0 (Conv1D)              (None, 75, 64)               6976      ['permute_time_features[0][0]'
                                                                    ]                             
                                                                                                  
 bn0 (BatchNormalization)    (None, 75, 64)               256       ['conv0[0][0]']               
                                                                                                  
 act0 (Activation)           (None, 75, 64)               0         ['bn0[0][0]']                 
                                                                                                  
 conv_dropout0 (Dropout)     (None, 75, 64)               0         ['act0[0][0]']                
                                                                                                  
 conv1 (Conv1D)              (None, 75, 64)               20544     ['conv_dropout0[0][0]']       
                                                                                                  
 bn1 (BatchNormalization)    (None, 75, 64)               256       ['conv1[0][0]']               
                                                                                                  
 act1 (Activation)           (None, 75, 64)               0         ['bn1[0][0]']                 
                                                                                                  
 conv_dropout1 (Dropout)     (None, 75, 64)               0         ['act1[0][0]']                
                                                                                                  
 conv2 (Conv1D)              (None, 75, 64)               12352     ['conv_dropout1[0][0]']       
                                                                                                  
 bn2 (BatchNormalization)    (None, 75, 64)               256       ['conv2[0][0]']               
                                                                                                  
 act2 (Activation)           (None, 75, 64)               0         ['bn2[0][0]']                 
                                                                                                  
 conv_dropout2 (Dropout)     (None, 75, 64)               0         ['act2[0][0]']                
                                                                                                  
 bilstm (Bidirectional)      (None, 75, 128)              66048     ['conv_dropout2[0][0]']       
                                                                                                  
 mlp_attn_u (Dense)          (None, 75, 32)               4128      ['bilstm[0][0]']              
                                                                                                  
 mlp_attn_score (Dense)      (None, 75, 1)                33        ['mlp_attn_u[0][0]']          
                                                                                                  
 mlp_attn_squeeze (Lambda)   (None, 75)                   0         ['mlp_attn_score[0][0]']      
                                                                                                  
 attn_mask (InputLayer)      [(None, 75)]                 0         []                            
                                                                                                  
 mlp_attn_apply_mask (Lambd  (None, 75)                   0         ['mlp_attn_squeeze[0][0]',    
 a)                                                                  'attn_mask[0][0]']           
                                                                                                  
 mlp_attn_softmax (Lambda)   (None, 75)                   0         ['mlp_attn_apply_mask[0][0]'] 
                                                                                                  
 mlp_attn_expand (Lambda)    (None, 75, 1)                0         ['mlp_attn_softmax[0][0]']    
                                                                                                  
 mlp_attn_weighted (Lambda)  (None, 128)                  0         ['bilstm[0][0]',              
                                                                     'mlp_attn_expand[0][0]']     
                                                                                                  
 fc1 (Dense)                 (None, 64)                   8256      ['mlp_attn_weighted[0][0]']   
                                                                                                  
 fc_dropout (Dropout)        (None, 64)                   0         ['fc1[0][0]']                 
                                                                                                  
 out (Dense)                 (None, 1)                    65        ['fc_dropout[0][0]']          
                                                                                                  
==================================================================================================
Total params: 119171 (465.51 KB)
Trainable params: 118786 (464.01 KB)
Non-trainable params: 385 (1.50 KB)
__________________________________________________________________________________________________
None
Writing results to /home/user/projects/train/model/long_window/CNN_BiLSTM/result_focal_refine/cw06_fg06/01
Curriculum: set focal gamma = 0.0000 (epoch 1)
Epoch 1/70
2025-09-17 08:57:40.459387: I tensorflow/compiler/xla/stream_executor/cuda/cuda_dnn.cc:432] Loaded cuDNN version 8600
2025-09-17 08:57:40.528343: I tensorflow/tsl/platform/default/subprocess.cc:304] Start cannot spawn child process: No such file or directory
2025-09-17 08:57:40.653530: I tensorflow/compiler/xla/stream_executor/cuda/cuda_blas.cc:606] TensorFloat-32 will be used for the matrix multiplication. This will only be logged once.
2025-09-17 08:57:40.945326: I tensorflow/compiler/xla/service/service.cc:168] XLA service 0x7d4c3800f830 initialized for platform CUDA (this does not guarantee that XLA will be used). Devices:
2025-09-17 08:57:40.945375: I tensorflow/compiler/xla/service/service.cc:176]   StreamExecutor device (0): NVIDIA GeForce RTX 4070 SUPER, Compute Capability 8.9
2025-09-17 08:57:40.948316: I tensorflow/compiler/mlir/tensorflow/utils/dump_mlir_util.cc:255] disabling MLIR crash reproducer, set env var `MLIR_CRASH_REPRODUCER_DIRECTORY` to enable.
2025-09-17 08:57:40.994902: I tensorflow/tsl/platform/default/subprocess.cc:304] Start cannot spawn child process: No such file or directory
2025-09-17 08:57:41.031019: I ./tensorflow/compiler/jit/device_compiler.h:186] Compiled cluster using XLA!  This line is logged at most once for the lifetime of the process.
56/56 - 6s - loss: 0.3435 - auc: 0.5028 - val_loss: 0.3355 - val_auc: 0.5859 - val_auc_custom: 0.5859 - val_f1_custom: 0.0000e+00 - val_recall_custom: 0.0000e+00 - 6s/epoch - 115ms/step
Curriculum: set focal gamma = 0.0842 (epoch 2)
Epoch 2/70
56/56 - 1s - loss: 0.2646 - auc: 0.5319 - val_loss: 0.2727 - val_auc: 0.5904 - val_auc_custom: 0.5877 - val_f1_custom: 0.0000e+00 - val_recall_custom: 0.0000e+00 - 1s/epoch - 21ms/step
Curriculum: set focal gamma = 0.1684 (epoch 3)
Epoch 3/70
56/56 - 1s - loss: 0.2389 - auc: 0.5859 - val_loss: 0.2438 - val_auc: 0.6036 - val_auc_custom: 0.6055 - val_f1_custom: 0.0000e+00 - val_recall_custom: 0.0000e+00 - 1s/epoch - 21ms/step
Curriculum: set focal gamma = 0.2526 (epoch 4)
Epoch 4/70
56/56 - 1s - loss: 0.2258 - auc: 0.5975 - val_loss: 0.2284 - val_auc: 0.6289 - val_auc_custom: 0.6304 - val_f1_custom: 0.0000e+00 - val_recall_custom: 0.0000e+00 - 1s/epoch - 22ms/step
Curriculum: set focal gamma = 0.3368 (epoch 5)
Epoch 5/70
56/56 - 1s - loss: 0.2071 - auc: 0.6360 - val_loss: 0.2133 - val_auc: 0.6413 - val_auc_custom: 0.6395 - val_f1_custom: 0.0000e+00 - val_recall_custom: 0.0000e+00 - 1s/epoch - 23ms/step
Curriculum: set focal gamma = 0.4211 (epoch 6)
Epoch 6/70
56/56 - 1s - loss: 0.1951 - auc: 0.6353 - val_loss: 0.2007 - val_auc: 0.6414 - val_auc_custom: 0.6403 - val_f1_custom: 0.0370 - val_recall_custom: 0.0189 - 1s/epoch - 23ms/step
Curriculum: set focal gamma = 0.5053 (epoch 7)
Epoch 7/70
56/56 - 1s - loss: 0.1838 - auc: 0.6409 - val_loss: 0.1896 - val_auc: 0.6301 - val_auc_custom: 0.6287 - val_f1_custom: 0.0727 - val_recall_custom: 0.0377 - 1s/epoch - 21ms/step
Curriculum: set focal gamma = 0.5895 (epoch 8)
Epoch 8/70
56/56 - 1s - loss: 0.1706 - auc: 0.6657 - val_loss: 0.1791 - val_auc: 0.6234 - val_auc_custom: 0.6236 - val_f1_custom: 0.0727 - val_recall_custom: 0.0377 - 1s/epoch - 21ms/step
Curriculum: set focal gamma = 0.6737 (epoch 9)
Epoch 9/70
56/56 - 1s - loss: 0.1608 - auc: 0.6632 - val_loss: 0.1687 - val_auc: 0.6254 - val_auc_custom: 0.6267 - val_f1_custom: 0.1071 - val_recall_custom: 0.0566 - 1s/epoch - 21ms/step
Curriculum: set focal gamma = 0.7579 (epoch 10)
Epoch 10/70
56/56 - 1s - loss: 0.1490 - auc: 0.6793 - val_loss: 0.1590 - val_auc: 0.6379 - val_auc_custom: 0.6362 - val_f1_custom: 0.1071 - val_recall_custom: 0.0566 - 1s/epoch - 21ms/step
Curriculum: set focal gamma = 0.8421 (epoch 11)
Epoch 11/70
56/56 - 1s - loss: 0.1415 - auc: 0.6800 - val_loss: 0.1500 - val_auc: 0.6404 - val_auc_custom: 0.6413 - val_f1_custom: 0.1695 - val_recall_custom: 0.0943 - 1s/epoch - 22ms/step
Curriculum: set focal gamma = 0.9263 (epoch 12)
Epoch 12/70
56/56 - 1s - loss: 0.1313 - auc: 0.7009 - val_loss: 0.1420 - val_auc: 0.6493 - val_auc_custom: 0.6496 - val_f1_custom: 0.1667 - val_recall_custom: 0.0943 - 1s/epoch - 23ms/step
Curriculum: set focal gamma = 1.0105 (epoch 13)
Epoch 13/70
56/56 - 1s - loss: 0.1240 - auc: 0.7008 - val_loss: 0.1338 - val_auc: 0.6574 - val_auc_custom: 0.6571 - val_f1_custom: 0.1967 - val_recall_custom: 0.1132 - 1s/epoch - 22ms/step
Curriculum: set focal gamma = 1.0947 (epoch 14)
Epoch 14/70
56/56 - 1s - loss: 0.1165 - auc: 0.7005 - val_loss: 0.1264 - val_auc: 0.6689 - val_auc_custom: 0.6694 - val_f1_custom: 0.1905 - val_recall_custom: 0.1132 - 1s/epoch - 22ms/step
Curriculum: set focal gamma = 1.1789 (epoch 15)
Epoch 15/70
56/56 - 1s - loss: 0.1091 - auc: 0.7261 - val_loss: 0.1189 - val_auc: 0.6862 - val_auc_custom: 0.6838 - val_f1_custom: 0.2154 - val_recall_custom: 0.1321 - 1s/epoch - 23ms/step
Curriculum: set focal gamma = 1.2632 (epoch 16)
Epoch 16/70
56/56 - 1s - loss: 0.1001 - auc: 0.7512 - val_loss: 0.1120 - val_auc: 0.6864 - val_auc_custom: 0.6896 - val_f1_custom: 0.2188 - val_recall_custom: 0.1321 - 1s/epoch - 21ms/step
Curriculum: set focal gamma = 1.3474 (epoch 17)
Epoch 17/70
56/56 - 1s - loss: 0.0921 - auc: 0.7686 - val_loss: 0.1056 - val_auc: 0.6971 - val_auc_custom: 0.6981 - val_f1_custom: 0.2388 - val_recall_custom: 0.1509 - 1s/epoch - 22ms/step
Curriculum: set focal gamma = 1.4316 (epoch 18)
Epoch 18/70
56/56 - 1s - loss: 0.0887 - auc: 0.7583 - val_loss: 0.0992 - val_auc: 0.7084 - val_auc_custom: 0.7079 - val_f1_custom: 0.2388 - val_recall_custom: 0.1509 - 1s/epoch - 23ms/step
Curriculum: set focal gamma = 1.5158 (epoch 19)
Epoch 19/70
56/56 - 1s - loss: 0.0822 - auc: 0.7688 - val_loss: 0.0944 - val_auc: 0.7088 - val_auc_custom: 0.7077 - val_f1_custom: 0.2778 - val_recall_custom: 0.1887 - 1s/epoch - 23ms/step
Curriculum: set focal gamma = 1.6000 (epoch 20)
Epoch 20/70
56/56 - 1s - loss: 0.0775 - auc: 0.7693 - val_loss: 0.0895 - val_auc: 0.7081 - val_auc_custom: 0.7067 - val_f1_custom: 0.3014 - val_recall_custom: 0.2075 - 1s/epoch - 20ms/step
Curriculum: set focal gamma = 1.6000 (epoch 21)
Epoch 21/70
56/56 - 1s - loss: 0.0759 - auc: 0.7851 - val_loss: 0.0903 - val_auc: 0.7059 - val_auc_custom: 0.7067 - val_f1_custom: 0.3377 - val_recall_custom: 0.2453 - 1s/epoch - 21ms/step
Curriculum: set focal gamma = 1.6000 (epoch 22)
Epoch 22/70
56/56 - 1s - loss: 0.0742 - auc: 0.7987 - val_loss: 0.0901 - val_auc: 0.7109 - val_auc_custom: 0.7119 - val_f1_custom: 0.3377 - val_recall_custom: 0.2453 - 1s/epoch - 22ms/step
Curriculum: set focal gamma = 1.6000 (epoch 23)
Epoch 23/70
56/56 - 1s - loss: 0.0740 - auc: 0.7992 - val_loss: 0.0915 - val_auc: 0.7106 - val_auc_custom: 0.7087 - val_f1_custom: 0.3797 - val_recall_custom: 0.2830 - 1s/epoch - 20ms/step
Curriculum: set focal gamma = 1.6000 (epoch 24)
Epoch 24/70
56/56 - 1s - loss: 0.0743 - auc: 0.7976 - val_loss: 0.0921 - val_auc: 0.7044 - val_auc_custom: 0.7059 - val_f1_custom: 0.4198 - val_recall_custom: 0.3208 - 1s/epoch - 20ms/step
Curriculum: set focal gamma = 1.6000 (epoch 25)
Epoch 25/70
56/56 - 1s - loss: 0.0712 - auc: 0.8207 - val_loss: 0.0930 - val_auc: 0.7070 - val_auc_custom: 0.7062 - val_f1_custom: 0.4146 - val_recall_custom: 0.3208 - 1s/epoch - 21ms/step
Curriculum: set focal gamma = 1.6000 (epoch 26)
Epoch 26/70
56/56 - 1s - loss: 0.0717 - auc: 0.8169 - val_loss: 0.0918 - val_auc: 0.7065 - val_auc_custom: 0.7072 - val_f1_custom: 0.4051 - val_recall_custom: 0.3019 - 1s/epoch - 21ms/step
Curriculum: set focal gamma = 1.6000 (epoch 27)
Epoch 27/70
56/56 - 1s - loss: 0.0714 - auc: 0.8177 - val_loss: 0.0951 - val_auc: 0.7057 - val_auc_custom: 0.7057 - val_f1_custom: 0.5393 - val_recall_custom: 0.4528 - 1s/epoch - 22ms/step
Curriculum: set focal gamma = 1.6000 (epoch 28)
Epoch 28/70
56/56 - 1s - loss: 0.0733 - auc: 0.8078 - val_loss: 0.0962 - val_auc: 0.6987 - val_auc_custom: 0.6989 - val_f1_custom: 0.4944 - val_recall_custom: 0.4151 - 1s/epoch - 21ms/step
Curriculum: set focal gamma = 1.6000 (epoch 29)
Epoch 29/70
56/56 - 1s - loss: 0.0700 - auc: 0.8300 - val_loss: 0.0968 - val_auc: 0.7030 - val_auc_custom: 0.7026 - val_f1_custom: 0.5333 - val_recall_custom: 0.4528 - 1s/epoch - 20ms/step
Curriculum: set focal gamma = 1.6000 (epoch 30)
Epoch 30/70
56/56 - 1s - loss: 0.0710 - auc: 0.8253 - val_loss: 0.0929 - val_auc: 0.7062 - val_auc_custom: 0.7059 - val_f1_custom: 0.4051 - val_recall_custom: 0.3019 - 1s/epoch - 21ms/step
Curriculum: set focal gamma = 1.6000 (epoch 31)
Epoch 31/70
56/56 - 1s - loss: 0.0702 - auc: 0.8274 - val_loss: 0.0941 - val_auc: 0.7136 - val_auc_custom: 0.7127 - val_f1_custom: 0.3684 - val_recall_custom: 0.2642 - 1s/epoch - 24ms/step
Curriculum: set focal gamma = 1.6000 (epoch 32)
Epoch 32/70
56/56 - 1s - loss: 0.0655 - auc: 0.8527 - val_loss: 0.0975 - val_auc: 0.7111 - val_auc_custom: 0.7117 - val_f1_custom: 0.5333 - val_recall_custom: 0.4528 - 1s/epoch - 22ms/step
Curriculum: set focal gamma = 1.6000 (epoch 33)
Epoch 33/70
56/56 - 1s - loss: 0.0671 - auc: 0.8450 - val_loss: 0.0958 - val_auc: 0.7197 - val_auc_custom: 0.7203 - val_f1_custom: 0.4634 - val_recall_custom: 0.3585 - 1s/epoch - 24ms/step
Curriculum: set focal gamma = 1.6000 (epoch 34)
Epoch 34/70
56/56 - 1s - loss: 0.0673 - auc: 0.8451 - val_loss: 0.0970 - val_auc: 0.7172 - val_auc_custom: 0.7170 - val_f1_custom: 0.5169 - val_recall_custom: 0.4340 - 1s/epoch - 21ms/step
Curriculum: set focal gamma = 1.6000 (epoch 35)
Epoch 35/70
56/56 - 1s - loss: 0.0650 - auc: 0.8544 - val_loss: 0.0993 - val_auc: 0.7099 - val_auc_custom: 0.7094 - val_f1_custom: 0.5055 - val_recall_custom: 0.4340 - 1s/epoch - 21ms/step
Curriculum: set focal gamma = 1.6000 (epoch 36)
Epoch 36/70
56/56 - 1s - loss: 0.0659 - auc: 0.8540 - val_loss: 0.1049 - val_auc: 0.6893 - val_auc_custom: 0.6878 - val_f1_custom: 0.5773 - val_recall_custom: 0.5283 - 1s/epoch - 20ms/step
Curriculum: set focal gamma = 1.6000 (epoch 37)
Epoch 37/70
56/56 - 1s - loss: 0.0638 - auc: 0.8605 - val_loss: 0.0964 - val_auc: 0.7279 - val_auc_custom: 0.7296 - val_f1_custom: 0.4250 - val_recall_custom: 0.3208 - 1s/epoch - 23ms/step
Curriculum: set focal gamma = 1.6000 (epoch 38)
Epoch 38/70
56/56 - 1s - loss: 0.0633 - auc: 0.8645 - val_loss: 0.1096 - val_auc: 0.7092 - val_auc_custom: 0.7099 - val_f1_custom: 0.5505 - val_recall_custom: 0.5660 - 1s/epoch - 22ms/step
Curriculum: set focal gamma = 1.6000 (epoch 39)
Epoch 39/70
56/56 - 1s - loss: 0.0638 - auc: 0.8647 - val_loss: 0.0951 - val_auc: 0.7350 - val_auc_custom: 0.7361 - val_f1_custom: 0.4634 - val_recall_custom: 0.3585 - 1s/epoch - 23ms/step
Curriculum: set focal gamma = 1.6000 (epoch 40)
Epoch 40/70
56/56 - 1s - loss: 0.0600 - auc: 0.8805 - val_loss: 0.1026 - val_auc: 0.7258 - val_auc_custom: 0.7281 - val_f1_custom: 0.5106 - val_recall_custom: 0.4528 - 1s/epoch - 21ms/step
Curriculum: set focal gamma = 1.6000 (epoch 41)
Epoch 41/70
56/56 - 1s - loss: 0.0595 - auc: 0.8836 - val_loss: 0.1063 - val_auc: 0.7243 - val_auc_custom: 0.7248 - val_f1_custom: 0.5053 - val_recall_custom: 0.4528 - 1s/epoch - 21ms/step
Curriculum: set focal gamma = 1.6000 (epoch 42)
Epoch 42/70
56/56 - 1s - loss: 0.0608 - auc: 0.8735 - val_loss: 0.1016 - val_auc: 0.7294 - val_auc_custom: 0.7301 - val_f1_custom: 0.5000 - val_recall_custom: 0.4151 - 1s/epoch - 22ms/step
Curriculum: set focal gamma = 1.6000 (epoch 43)
Epoch 43/70
56/56 - 1s - loss: 0.0600 - auc: 0.8794 - val_loss: 0.1046 - val_auc: 0.7235 - val_auc_custom: 0.7240 - val_f1_custom: 0.5474 - val_recall_custom: 0.4906 - 1s/epoch - 20ms/step
Curriculum: set focal gamma = 1.6000 (epoch 44)
Epoch 44/70
56/56 - 1s - loss: 0.0587 - auc: 0.8828 - val_loss: 0.1037 - val_auc: 0.7191 - val_auc_custom: 0.7187 - val_f1_custom: 0.5217 - val_recall_custom: 0.4528 - 1s/epoch - 21ms/step
Curriculum: set focal gamma = 1.6000 (epoch 45)
Epoch 45/70
56/56 - 1s - loss: 0.0548 - auc: 0.9033 - val_loss: 0.1039 - val_auc: 0.7372 - val_auc_custom: 0.7381 - val_f1_custom: 0.5161 - val_recall_custom: 0.4528 - 1s/epoch - 22ms/step
Curriculum: set focal gamma = 1.6000 (epoch 46)
Epoch 46/70
56/56 - 1s - loss: 0.0560 - auc: 0.8970 - val_loss: 0.1069 - val_auc: 0.7337 - val_auc_custom: 0.7343 - val_f1_custom: 0.5455 - val_recall_custom: 0.5094 - 1s/epoch - 21ms/step
Curriculum: set focal gamma = 1.6000 (epoch 47)
Epoch 47/70
56/56 - 1s - loss: 0.0544 - auc: 0.9012 - val_loss: 0.1052 - val_auc: 0.7449 - val_auc_custom: 0.7452 - val_f1_custom: 0.5000 - val_recall_custom: 0.4151 - 1s/epoch - 21ms/step
Curriculum: set focal gamma = 1.6000 (epoch 48)
Epoch 48/70
56/56 - 1s - loss: 0.0551 - auc: 0.8961 - val_loss: 0.1081 - val_auc: 0.7277 - val_auc_custom: 0.7286 - val_f1_custom: 0.5161 - val_recall_custom: 0.4528 - 1s/epoch - 20ms/step
Curriculum: set focal gamma = 1.6000 (epoch 49)
Epoch 49/70
56/56 - 1s - loss: 0.0578 - auc: 0.8874 - val_loss: 0.1151 - val_auc: 0.7130 - val_auc_custom: 0.7142 - val_f1_custom: 0.5686 - val_recall_custom: 0.5472 - 1s/epoch - 21ms/step
Curriculum: set focal gamma = 1.6000 (epoch 50)
Epoch 50/70
56/56 - 1s - loss: 0.0562 - auc: 0.8955 - val_loss: 0.1023 - val_auc: 0.7335 - val_auc_custom: 0.7323 - val_f1_custom: 0.4889 - val_recall_custom: 0.4151 - 1s/epoch - 20ms/step
Curriculum: set focal gamma = 1.6000 (epoch 51)
Epoch 51/70
56/56 - 1s - loss: 0.0537 - auc: 0.9074 - val_loss: 0.1140 - val_auc: 0.7172 - val_auc_custom: 0.7170 - val_f1_custom: 0.5600 - val_recall_custom: 0.5283 - 1s/epoch - 20ms/step
Curriculum: set focal gamma = 1.6000 (epoch 52)
Epoch 52/70
56/56 - 1s - loss: 0.0498 - auc: 0.9214 - val_loss: 0.1255 - val_auc: 0.7152 - val_auc_custom: 0.7145 - val_f1_custom: 0.5849 - val_recall_custom: 0.5849 - 1s/epoch - 21ms/step
Curriculum: set focal gamma = 1.6000 (epoch 53)
Epoch 53/70
56/56 - 1s - loss: 0.0504 - auc: 0.9177 - val_loss: 0.1230 - val_auc: 0.7338 - val_auc_custom: 0.7336 - val_f1_custom: 0.5208 - val_recall_custom: 0.4717 - 1s/epoch - 21ms/step
Curriculum: set focal gamma = 1.6000 (epoch 54)
Epoch 54/70
56/56 - 1s - loss: 0.0487 - auc: 0.9243 - val_loss: 0.1419 - val_auc: 0.7194 - val_auc_custom: 0.7185 - val_f1_custom: 0.5505 - val_recall_custom: 0.5660 - 1s/epoch - 21ms/step
Curriculum: set focal gamma = 1.6000 (epoch 55)
Epoch 55/70
56/56 - 1s - loss: 0.0509 - auc: 0.9149 - val_loss: 0.1238 - val_auc: 0.7487 - val_auc_custom: 0.7489 - val_f1_custom: 0.5455 - val_recall_custom: 0.5094 - 1s/epoch - 22ms/step
Curriculum: set focal gamma = 1.6000 (epoch 56)
Epoch 56/70
56/56 - 1s - loss: 0.0491 - auc: 0.9211 - val_loss: 0.1231 - val_auc: 0.7475 - val_auc_custom: 0.7474 - val_f1_custom: 0.5567 - val_recall_custom: 0.5094 - 1s/epoch - 20ms/step
Curriculum: set focal gamma = 1.6000 (epoch 57)
Epoch 57/70
56/56 - 1s - loss: 0.0483 - auc: 0.9183 - val_loss: 0.1201 - val_auc: 0.7569 - val_auc_custom: 0.7570 - val_f1_custom: 0.5567 - val_recall_custom: 0.5094 - 1s/epoch - 24ms/step
Curriculum: set focal gamma = 1.6000 (epoch 58)
Epoch 58/70
56/56 - 1s - loss: 0.0474 - auc: 0.9338 - val_loss: 0.1206 - val_auc: 0.7604 - val_auc_custom: 0.7608 - val_f1_custom: 0.5495 - val_recall_custom: 0.4717 - 1s/epoch - 22ms/step
Curriculum: set focal gamma = 1.6000 (epoch 59)
Epoch 59/70
56/56 - 1s - loss: 0.0465 - auc: 0.9316 - val_loss: 0.1154 - val_auc: 0.7512 - val_auc_custom: 0.7512 - val_f1_custom: 0.5057 - val_recall_custom: 0.4151 - 1s/epoch - 21ms/step
Curriculum: set focal gamma = 1.6000 (epoch 60)
Epoch 60/70
56/56 - 1s - loss: 0.0479 - auc: 0.9277 - val_loss: 0.1244 - val_auc: 0.7408 - val_auc_custom: 0.7401 - val_f1_custom: 0.5000 - val_recall_custom: 0.4528 - 1s/epoch - 21ms/step
Curriculum: set focal gamma = 1.6000 (epoch 61)
Epoch 61/70
56/56 - 1s - loss: 0.0446 - auc: 0.9380 - val_loss: 0.1328 - val_auc: 0.7396 - val_auc_custom: 0.7396 - val_f1_custom: 0.5714 - val_recall_custom: 0.5660 - 1s/epoch - 21ms/step
Curriculum: set focal gamma = 1.6000 (epoch 62)
Epoch 62/70
56/56 - 1s - loss: 0.0452 - auc: 0.9350 - val_loss: 0.1106 - val_auc: 0.7591 - val_auc_custom: 0.7592 - val_f1_custom: 0.5275 - val_recall_custom: 0.4528 - 1s/epoch - 21ms/step
Curriculum: set focal gamma = 1.6000 (epoch 63)
Epoch 63/70
56/56 - 1s - loss: 0.0465 - auc: 0.9301 - val_loss: 0.1203 - val_auc: 0.7532 - val_auc_custom: 0.7552 - val_f1_custom: 0.5532 - val_recall_custom: 0.4906 - 1s/epoch - 21ms/step
Curriculum: set focal gamma = 1.6000 (epoch 64)
Epoch 64/70
56/56 - 1s - loss: 0.0435 - auc: 0.9454 - val_loss: 0.1191 - val_auc: 0.7589 - val_auc_custom: 0.7592 - val_f1_custom: 0.5333 - val_recall_custom: 0.4528 - 1s/epoch - 20ms/step
Curriculum: set focal gamma = 1.6000 (epoch 65)
Epoch 65/70
56/56 - 1s - loss: 0.0467 - auc: 0.9325 - val_loss: 0.1307 - val_auc: 0.7436 - val_auc_custom: 0.7434 - val_f1_custom: 0.5657 - val_recall_custom: 0.5283 - 1s/epoch - 21ms/step
Curriculum: set focal gamma = 1.6000 (epoch 66)
Epoch 66/70
56/56 - 1s - loss: 0.0465 - auc: 0.9322 - val_loss: 0.1253 - val_auc: 0.7526 - val_auc_custom: 0.7519 - val_f1_custom: 0.5474 - val_recall_custom: 0.4906 - 1s/epoch - 22ms/step
Curriculum: set focal gamma = 1.6000 (epoch 67)
Epoch 67/70
56/56 - 1s - loss: 0.0484 - auc: 0.9244 - val_loss: 0.1295 - val_auc: 0.7399 - val_auc_custom: 0.7411 - val_f1_custom: 0.5800 - val_recall_custom: 0.5472 - 1s/epoch - 21ms/step
Curriculum: set focal gamma = 1.6000 (epoch 68)
Epoch 68/70
56/56 - 1s - loss: 0.0434 - auc: 0.9445 - val_loss: 0.1456 - val_auc: 0.7380 - val_auc_custom: 0.7608 - val_f1_custom: 0.5495 - val_recall_custom: 0.4717 - 1s/epoch - 21ms/step
Mask config -> mode=soft, threshold=0.6, window_gate=None
Done. Results saved to /home/user/projects/train/model/long_window/CNN_BiLSTM/result_focal_refine/cw06_fg06/01
