2025-09-18 21:42:54.337121: I tensorflow/core/util/port.cc:110] oneDNN custom operations are on. You may see slightly different numerical results due to floating-point round-off errors from different computation orders. To turn them off, set the environment variable `TF_ENABLE_ONEDNN_OPTS=0`.
2025-09-18 21:42:54.375078: I tensorflow/core/platform/cpu_feature_guard.cc:182] This TensorFlow binary is optimized to use available CPU instructions in performance-critical operations.
To enable the following instructions: AVX2 AVX_VNNI FMA, in other operations, rebuild TensorFlow with the appropriate compiler flags.
2025-09-18 21:42:55.185629: W tensorflow/compiler/tf2tensorrt/utils/py_utils.cc:38] TF-TRT Warning: Could not find TensorRT
2025-09-18 21:42:55.350479: I tensorflow/compiler/xla/stream_executor/cuda/cuda_gpu_executor.cc:981] could not open file to read NUMA node: /sys/bus/pci/devices/0000:01:00.0/numa_node
Your kernel may have been built without NUMA support.
2025-09-18 21:42:55.374256: I tensorflow/compiler/xla/stream_executor/cuda/cuda_gpu_executor.cc:981] could not open file to read NUMA node: /sys/bus/pci/devices/0000:01:00.0/numa_node
Your kernel may have been built without NUMA support.
2025-09-18 21:42:55.374382: I tensorflow/compiler/xla/stream_executor/cuda/cuda_gpu_executor.cc:981] could not open file to read NUMA node: /sys/bus/pci/devices/0000:01:00.0/numa_node
Your kernel may have been built without NUMA support.
2025-09-18 21:42:55.377000: I tensorflow/compiler/xla/stream_executor/cuda/cuda_gpu_executor.cc:981] could not open file to read NUMA node: /sys/bus/pci/devices/0000:01:00.0/numa_node
Your kernel may have been built without NUMA support.
2025-09-18 21:42:55.377137: I tensorflow/compiler/xla/stream_executor/cuda/cuda_gpu_executor.cc:981] could not open file to read NUMA node: /sys/bus/pci/devices/0000:01:00.0/numa_node
Your kernel may have been built without NUMA support.
2025-09-18 21:42:55.377165: I tensorflow/compiler/xla/stream_executor/cuda/cuda_gpu_executor.cc:981] could not open file to read NUMA node: /sys/bus/pci/devices/0000:01:00.0/numa_node
Your kernel may have been built without NUMA support.
2025-09-18 21:42:55.573454: I tensorflow/compiler/xla/stream_executor/cuda/cuda_gpu_executor.cc:981] could not open file to read NUMA node: /sys/bus/pci/devices/0000:01:00.0/numa_node
Your kernel may have been built without NUMA support.
2025-09-18 21:42:55.573586: I tensorflow/compiler/xla/stream_executor/cuda/cuda_gpu_executor.cc:981] could not open file to read NUMA node: /sys/bus/pci/devices/0000:01:00.0/numa_node
Your kernel may have been built without NUMA support.
2025-09-18 21:42:55.573596: I tensorflow/core/common_runtime/gpu/gpu_device.cc:1726] Could not identify NUMA node of platform GPU id 0, defaulting to 0.  Your kernel may not have been built with NUMA support.
2025-09-18 21:42:55.573622: I tensorflow/compiler/xla/stream_executor/cuda/cuda_gpu_executor.cc:981] could not open file to read NUMA node: /sys/bus/pci/devices/0000:01:00.0/numa_node
Your kernel may have been built without NUMA support.
2025-09-18 21:42:55.573644: I tensorflow/core/common_runtime/gpu/gpu_device.cc:1639] Created device /job:localhost/replica:0/task:0/device:GPU:0 with 9517 MB memory:  -> device: 0, name: NVIDIA GeForce RTX 4070 SUPER, pci bus id: 0000:01:00.0, compute capability: 8.9
[feature_check] OK: train/test feature_list identical (n=36)
GPU detected: 1 physical, 1 logical -> ['/device:GPU:0']
Config: batch=16, accumulate_steps=8 -> effective_batch=128
Loaded (for internal train/val)  (1276, 36, 75) (1276,)
Loaded EXTERNAL TEST: (354, 36, 75) from /home/user/projects/train/test_data/slipce/windows_npz.npz
[mask] windows_npz.npz using occlusion_flag ch=7
[mask] windows_npz.npz using occlusion_flag ch=7
Model: "cnn_bilstm_attn_masked"
__________________________________________________________________________________________________
 Layer (type)                Output Shape                 Param #   Connected to                  
==================================================================================================
 input (InputLayer)          [(None, 36, 75)]             0         []                            
                                                                                                  
 permute_time_features (Per  (None, 75, 36)               0         ['input[0][0]']               
 mute)                                                                                            
                                                                                                  
 conv0 (Conv1D)              (None, 75, 64)               6976      ['permute_time_features[0][0]'
                                                                    ]                             
                                                                                                  
 bn0 (BatchNormalization)    (None, 75, 64)               256       ['conv0[0][0]']               
                                                                                                  
 act0 (Activation)           (None, 75, 64)               0         ['bn0[0][0]']                 
                                                                                                  
 conv_dropout0 (Dropout)     (None, 75, 64)               0         ['act0[0][0]']                
                                                                                                  
 conv1 (Conv1D)              (None, 75, 64)               20544     ['conv_dropout0[0][0]']       
                                                                                                  
 bn1 (BatchNormalization)    (None, 75, 64)               256       ['conv1[0][0]']               
                                                                                                  
 act1 (Activation)           (None, 75, 64)               0         ['bn1[0][0]']                 
                                                                                                  
 conv_dropout1 (Dropout)     (None, 75, 64)               0         ['act1[0][0]']                
                                                                                                  
 conv2 (Conv1D)              (None, 75, 64)               12352     ['conv_dropout1[0][0]']       
                                                                                                  
 bn2 (BatchNormalization)    (None, 75, 64)               256       ['conv2[0][0]']               
                                                                                                  
 act2 (Activation)           (None, 75, 64)               0         ['bn2[0][0]']                 
                                                                                                  
 conv_dropout2 (Dropout)     (None, 75, 64)               0         ['act2[0][0]']                
                                                                                                  
 bilstm (Bidirectional)      (None, 75, 128)              66048     ['conv_dropout2[0][0]']       
                                                                                                  
 mlp_attn_u (Dense)          (None, 75, 32)               4128      ['bilstm[0][0]']              
                                                                                                  
 mlp_attn_score (Dense)      (None, 75, 1)                33        ['mlp_attn_u[0][0]']          
                                                                                                  
 mlp_attn_squeeze (Lambda)   (None, 75)                   0         ['mlp_attn_score[0][0]']      
                                                                                                  
 attn_mask (InputLayer)      [(None, 75)]                 0         []                            
                                                                                                  
 mlp_attn_apply_mask (Lambd  (None, 75)                   0         ['mlp_attn_squeeze[0][0]',    
 a)                                                                  'attn_mask[0][0]']           
                                                                                                  
 mlp_attn_softmax (Lambda)   (None, 75)                   0         ['mlp_attn_apply_mask[0][0]'] 
                                                                                                  
 mlp_attn_expand (Lambda)    (None, 75, 1)                0         ['mlp_attn_softmax[0][0]']    
                                                                                                  
 mlp_attn_weighted (Lambda)  (None, 128)                  0         ['bilstm[0][0]',              
                                                                     'mlp_attn_expand[0][0]']     
                                                                                                  
 fc1 (Dense)                 (None, 64)                   8256      ['mlp_attn_weighted[0][0]']   
                                                                                                  
 fc_dropout (Dropout)        (None, 64)                   0         ['fc1[0][0]']                 
                                                                                                  
 out (Dense)                 (None, 1)                    65        ['fc_dropout[0][0]']          
                                                                                                  
==================================================================================================
Total params: 119171 (465.51 KB)
Trainable params: 118786 (464.01 KB)
Non-trainable params: 385 (1.50 KB)
__________________________________________________________________________________________________
None
Writing results to result_multi_seed_precision_aware/seed9/02
Curriculum: set focal gamma = 0.0000 (epoch 1)
Epoch 1/60
2025-09-18 21:43:02.393408: I tensorflow/compiler/xla/stream_executor/cuda/cuda_dnn.cc:432] Loaded cuDNN version 8600
2025-09-18 21:43:02.475546: I tensorflow/tsl/platform/default/subprocess.cc:304] Start cannot spawn child process: No such file or directory
2025-09-18 21:43:02.646954: I tensorflow/compiler/xla/stream_executor/cuda/cuda_blas.cc:606] TensorFloat-32 will be used for the matrix multiplication. This will only be logged once.
2025-09-18 21:43:03.330529: I tensorflow/compiler/xla/service/service.cc:168] XLA service 0x7da2c7e40710 initialized for platform CUDA (this does not guarantee that XLA will be used). Devices:
2025-09-18 21:43:03.330591: I tensorflow/compiler/xla/service/service.cc:176]   StreamExecutor device (0): NVIDIA GeForce RTX 4070 SUPER, Compute Capability 8.9
2025-09-18 21:43:03.335037: I tensorflow/compiler/mlir/tensorflow/utils/dump_mlir_util.cc:255] disabling MLIR crash reproducer, set env var `MLIR_CRASH_REPRODUCER_DIRECTORY` to enable.
2025-09-18 21:43:03.402103: I tensorflow/tsl/platform/default/subprocess.cc:304] Start cannot spawn child process: No such file or directory
2025-09-18 21:43:03.442709: I ./tensorflow/compiler/jit/device_compiler.h:186] Compiled cluster using XLA!  This line is logged at most once for the lifetime of the process.
WARNING:tensorflow:Can save best model only with val_precision_aware available, skipping.
WARNING:tensorflow:Early stopping conditioned on metric `val_precision_aware` which is not available. Available metrics are: loss,auc,val_loss,val_auc
56/56 - 9s - loss: 0.3139 - auc: 0.5433 - val_loss: 0.3274 - val_auc: 0.6044 - val_auc_custom: 0.6058 - val_f1_custom: 0.0000e+00 - val_recall_custom: 0.0000e+00 - val_composite: 0.1212 - val_precision_aware: 0.1212 - 9s/epoch - 163ms/step
Curriculum: set focal gamma = 0.0526 (epoch 2)
Epoch 2/60
WARNING:tensorflow:Can save best model only with val_precision_aware available, skipping.
WARNING:tensorflow:Early stopping conditioned on metric `val_precision_aware` which is not available. Available metrics are: loss,auc,val_loss,val_auc
56/56 - 1s - loss: 0.2907 - auc: 0.5769 - val_loss: 0.3029 - val_auc: 0.6136 - val_auc_custom: 0.6138 - val_f1_custom: 0.0000e+00 - val_recall_custom: 0.0000e+00 - val_composite: 0.1228 - val_precision_aware: 0.1228 - 1s/epoch - 25ms/step
Curriculum: set focal gamma = 0.1053 (epoch 3)
Epoch 3/60
WARNING:tensorflow:Can save best model only with val_precision_aware available, skipping.
WARNING:tensorflow:Early stopping conditioned on metric `val_precision_aware` which is not available. Available metrics are: loss,auc,val_loss,val_auc
56/56 - 1s - loss: 0.2747 - auc: 0.6250 - val_loss: 0.2900 - val_auc: 0.6087 - val_auc_custom: 0.6093 - val_f1_custom: 0.0000e+00 - val_recall_custom: 0.0000e+00 - val_composite: 0.1219 - val_precision_aware: 0.1219 - 1s/epoch - 25ms/step
Curriculum: set focal gamma = 0.1579 (epoch 4)
Epoch 4/60
WARNING:tensorflow:Can save best model only with val_precision_aware available, skipping.
WARNING:tensorflow:Early stopping conditioned on metric `val_precision_aware` which is not available. Available metrics are: loss,auc,val_loss,val_auc
56/56 - 1s - loss: 0.2625 - auc: 0.6391 - val_loss: 0.2800 - val_auc: 0.6054 - val_auc_custom: 0.6043 - val_f1_custom: 0.1379 - val_recall_custom: 0.0755 - val_composite: 0.2000 - val_precision_aware: 0.5622 - 1s/epoch - 24ms/step
Curriculum: set focal gamma = 0.2105 (epoch 5)
Epoch 5/60
WARNING:tensorflow:Can save best model only with val_precision_aware available, skipping.
WARNING:tensorflow:Early stopping conditioned on metric `val_precision_aware` which is not available. Available metrics are: loss,auc,val_loss,val_auc
56/56 - 2s - loss: 0.2513 - auc: 0.6431 - val_loss: 0.2717 - val_auc: 0.6015 - val_auc_custom: 0.6023 - val_f1_custom: 0.1695 - val_recall_custom: 0.0943 - val_composite: 0.2185 - val_precision_aware: 0.5880 - 2s/epoch - 34ms/step
Curriculum: set focal gamma = 0.2632 (epoch 6)
Epoch 6/60
WARNING:tensorflow:Can save best model only with val_precision_aware available, skipping.
WARNING:tensorflow:Early stopping conditioned on metric `val_precision_aware` which is not available. Available metrics are: loss,auc,val_loss,val_auc
56/56 - 1s - loss: 0.2396 - auc: 0.6600 - val_loss: 0.2632 - val_auc: 0.5957 - val_auc_custom: 0.5972 - val_f1_custom: 0.2500 - val_recall_custom: 0.1509 - val_composite: 0.2699 - val_precision_aware: 0.5581 - 1s/epoch - 26ms/step
Curriculum: set focal gamma = 0.3158 (epoch 7)
Epoch 7/60
WARNING:tensorflow:Can save best model only with val_precision_aware available, skipping.
WARNING:tensorflow:Early stopping conditioned on metric `val_precision_aware` which is not available. Available metrics are: loss,auc,val_loss,val_auc
56/56 - 2s - loss: 0.2309 - auc: 0.6642 - val_loss: 0.2539 - val_auc: 0.5884 - val_auc_custom: 0.5912 - val_f1_custom: 0.3030 - val_recall_custom: 0.1887 - val_composite: 0.3035 - val_precision_aware: 0.5938 - 2s/epoch - 45ms/step
Curriculum: set focal gamma = 0.3684 (epoch 8)
Epoch 8/60
WARNING:tensorflow:Can save best model only with val_precision_aware available, skipping.
WARNING:tensorflow:Early stopping conditioned on metric `val_precision_aware` which is not available. Available metrics are: loss,auc,val_loss,val_auc
56/56 - 2s - loss: 0.2187 - auc: 0.6845 - val_loss: 0.2450 - val_auc: 0.5892 - val_auc_custom: 0.5902 - val_f1_custom: 0.3235 - val_recall_custom: 0.2075 - val_composite: 0.3189 - val_precision_aware: 0.5818 - 2s/epoch - 33ms/step
Curriculum: set focal gamma = 0.4211 (epoch 9)
Epoch 9/60
WARNING:tensorflow:Can save best model only with val_precision_aware available, skipping.
WARNING:tensorflow:Early stopping conditioned on metric `val_precision_aware` which is not available. Available metrics are: loss,auc,val_loss,val_auc
56/56 - 2s - loss: 0.2104 - auc: 0.6861 - val_loss: 0.2353 - val_auc: 0.5987 - val_auc_custom: 0.5982 - val_f1_custom: 0.3188 - val_recall_custom: 0.2075 - val_composite: 0.3191 - val_precision_aware: 0.5590 - 2s/epoch - 44ms/step
Curriculum: set focal gamma = 0.4737 (epoch 10)
Epoch 10/60
WARNING:tensorflow:Can save best model only with val_precision_aware available, skipping.
WARNING:tensorflow:Early stopping conditioned on metric `val_precision_aware` which is not available. Available metrics are: loss,auc,val_loss,val_auc
56/56 - 3s - loss: 0.1997 - auc: 0.7113 - val_loss: 0.2267 - val_auc: 0.6039 - val_auc_custom: 0.6040 - val_f1_custom: 0.3056 - val_recall_custom: 0.2075 - val_composite: 0.3162 - val_precision_aware: 0.5019 - 3s/epoch - 51ms/step
Curriculum: set focal gamma = 0.5263 (epoch 11)
Epoch 11/60
WARNING:tensorflow:Can save best model only with val_precision_aware available, skipping.
WARNING:tensorflow:Early stopping conditioned on metric `val_precision_aware` which is not available. Available metrics are: loss,auc,val_loss,val_auc
56/56 - 2s - loss: 0.1910 - auc: 0.7144 - val_loss: 0.2188 - val_auc: 0.6177 - val_auc_custom: 0.6169 - val_f1_custom: 0.3614 - val_recall_custom: 0.2830 - val_composite: 0.3733 - val_precision_aware: 0.4818 - 2s/epoch - 42ms/step
Curriculum: set focal gamma = 0.5789 (epoch 12)
Epoch 12/60
WARNING:tensorflow:Can save best model only with val_precision_aware available, skipping.
WARNING:tensorflow:Early stopping conditioned on metric `val_precision_aware` which is not available. Available metrics are: loss,auc,val_loss,val_auc
56/56 - 3s - loss: 0.1820 - auc: 0.7262 - val_loss: 0.2084 - val_auc: 0.6376 - val_auc_custom: 0.6380 - val_f1_custom: 0.3377 - val_recall_custom: 0.2453 - val_composite: 0.3515 - val_precision_aware: 0.4997 - 3s/epoch - 52ms/step
Curriculum: set focal gamma = 0.6316 (epoch 13)
Epoch 13/60
WARNING:tensorflow:Can save best model only with val_precision_aware available, skipping.
WARNING:tensorflow:Early stopping conditioned on metric `val_precision_aware` which is not available. Available metrics are: loss,auc,val_loss,val_auc
56/56 - 3s - loss: 0.1725 - auc: 0.7426 - val_loss: 0.2045 - val_auc: 0.6462 - val_auc_custom: 0.6440 - val_f1_custom: 0.4444 - val_recall_custom: 0.3774 - val_composite: 0.4508 - val_precision_aware: 0.5324 - 3s/epoch - 50ms/step
Curriculum: set focal gamma = 0.6842 (epoch 14)
Epoch 14/60
WARNING:tensorflow:Can save best model only with val_precision_aware available, skipping.
WARNING:tensorflow:Early stopping conditioned on metric `val_precision_aware` which is not available. Available metrics are: loss,auc,val_loss,val_auc
56/56 - 3s - loss: 0.1641 - auc: 0.7460 - val_loss: 0.1929 - val_auc: 0.6673 - val_auc_custom: 0.6652 - val_f1_custom: 0.4545 - val_recall_custom: 0.3774 - val_composite: 0.4581 - val_precision_aware: 0.5551 - 3s/epoch - 54ms/step
Curriculum: set focal gamma = 0.7368 (epoch 15)
Epoch 15/60
WARNING:tensorflow:Can save best model only with val_precision_aware available, skipping.
WARNING:tensorflow:Early stopping conditioned on metric `val_precision_aware` which is not available. Available metrics are: loss,auc,val_loss,val_auc
56/56 - 3s - loss: 0.1532 - auc: 0.7785 - val_loss: 0.1875 - val_auc: 0.6808 - val_auc_custom: 0.6818 - val_f1_custom: 0.5253 - val_recall_custom: 0.4906 - val_composite: 0.5392 - val_precision_aware: 0.5765 - 3s/epoch - 49ms/step
Curriculum: set focal gamma = 0.7895 (epoch 16)
Epoch 16/60
WARNING:tensorflow:Can save best model only with val_precision_aware available, skipping.
WARNING:tensorflow:Early stopping conditioned on metric `val_precision_aware` which is not available. Available metrics are: loss,auc,val_loss,val_auc
56/56 - 3s - loss: 0.1419 - auc: 0.8017 - val_loss: 0.1778 - val_auc: 0.6936 - val_auc_custom: 0.6938 - val_f1_custom: 0.4828 - val_recall_custom: 0.3962 - val_composite: 0.4817 - val_precision_aware: 0.5924 - 3s/epoch - 50ms/step
Curriculum: set focal gamma = 0.8421 (epoch 17)
Epoch 17/60
WARNING:tensorflow:Can save best model only with val_precision_aware available, skipping.
WARNING:tensorflow:Early stopping conditioned on metric `val_precision_aware` which is not available. Available metrics are: loss,auc,val_loss,val_auc
56/56 - 3s - loss: 0.1428 - auc: 0.7729 - val_loss: 0.1763 - val_auc: 0.6874 - val_auc_custom: 0.6878 - val_f1_custom: 0.5490 - val_recall_custom: 0.5283 - val_composite: 0.5664 - val_precision_aware: 0.5880 - 3s/epoch - 51ms/step
Curriculum: set focal gamma = 0.8947 (epoch 18)
Epoch 18/60
WARNING:tensorflow:Can save best model only with val_precision_aware available, skipping.
WARNING:tensorflow:Early stopping conditioned on metric `val_precision_aware` which is not available. Available metrics are: loss,auc,val_loss,val_auc
56/56 - 3s - loss: 0.1342 - auc: 0.7849 - val_loss: 0.1663 - val_auc: 0.6991 - val_auc_custom: 0.6994 - val_f1_custom: 0.5417 - val_recall_custom: 0.4906 - val_composite: 0.5477 - val_precision_aware: 0.6047 - 3s/epoch - 47ms/step
Curriculum: set focal gamma = 0.9474 (epoch 19)
Epoch 19/60
WARNING:tensorflow:Can save best model only with val_precision_aware available, skipping.
WARNING:tensorflow:Early stopping conditioned on metric `val_precision_aware` which is not available. Available metrics are: loss,auc,val_loss,val_auc
56/56 - 3s - loss: 0.1287 - auc: 0.7920 - val_loss: 0.1660 - val_auc: 0.7073 - val_auc_custom: 0.7072 - val_f1_custom: 0.5965 - val_recall_custom: 0.6415 - val_composite: 0.6411 - val_precision_aware: 0.5991 - 3s/epoch - 50ms/step
Curriculum: set focal gamma = 1.0000 (epoch 20)
Epoch 20/60
WARNING:tensorflow:Can save best model only with val_precision_aware available, skipping.
WARNING:tensorflow:Early stopping conditioned on metric `val_precision_aware` which is not available. Available metrics are: loss,auc,val_loss,val_auc
56/56 - 3s - loss: 0.1192 - auc: 0.8137 - val_loss: 0.1522 - val_auc: 0.7175 - val_auc_custom: 0.7182 - val_f1_custom: 0.5532 - val_recall_custom: 0.4906 - val_composite: 0.5549 - val_precision_aware: 0.6267 - 3s/epoch - 48ms/step
Curriculum: set focal gamma = 1.0000 (epoch 21)
Epoch 21/60
WARNING:tensorflow:Can save best model only with val_precision_aware available, skipping.
WARNING:tensorflow:Early stopping conditioned on metric `val_precision_aware` which is not available. Available metrics are: loss,auc,val_loss,val_auc
56/56 - 3s - loss: 0.1178 - auc: 0.8171 - val_loss: 0.1509 - val_auc: 0.7308 - val_auc_custom: 0.7313 - val_f1_custom: 0.5625 - val_recall_custom: 0.5094 - val_composite: 0.5697 - val_precision_aware: 0.6290 - 3s/epoch - 50ms/step
Curriculum: set focal gamma = 1.0000 (epoch 22)
Epoch 22/60
WARNING:tensorflow:Can save best model only with val_precision_aware available, skipping.
WARNING:tensorflow:Early stopping conditioned on metric `val_precision_aware` which is not available. Available metrics are: loss,auc,val_loss,val_auc
56/56 - 3s - loss: 0.1145 - auc: 0.8337 - val_loss: 0.1551 - val_auc: 0.7239 - val_auc_custom: 0.7243 - val_f1_custom: 0.5510 - val_recall_custom: 0.5094 - val_composite: 0.5649 - val_precision_aware: 0.6102 - 3s/epoch - 51ms/step
Curriculum: set focal gamma = 1.0000 (epoch 23)
Epoch 23/60
WARNING:tensorflow:Can save best model only with val_precision_aware available, skipping.
WARNING:tensorflow:Early stopping conditioned on metric `val_precision_aware` which is not available. Available metrics are: loss,auc,val_loss,val_auc
56/56 - 2s - loss: 0.1180 - auc: 0.8206 - val_loss: 0.1568 - val_auc: 0.7201 - val_auc_custom: 0.7197 - val_f1_custom: 0.6168 - val_recall_custom: 0.6226 - val_composite: 0.6403 - val_precision_aware: 0.6346 - 2s/epoch - 44ms/step
Curriculum: set focal gamma = 1.0000 (epoch 24)
Epoch 24/60
WARNING:tensorflow:Can save best model only with val_precision_aware available, skipping.
WARNING:tensorflow:Early stopping conditioned on metric `val_precision_aware` which is not available. Available metrics are: loss,auc,val_loss,val_auc
56/56 - 3s - loss: 0.1129 - auc: 0.8362 - val_loss: 0.1545 - val_auc: 0.7444 - val_auc_custom: 0.7434 - val_f1_custom: 0.6364 - val_recall_custom: 0.6604 - val_composite: 0.6698 - val_precision_aware: 0.6466 - 3s/epoch - 50ms/step
Curriculum: set focal gamma = 1.0000 (epoch 25)
Epoch 25/60
WARNING:tensorflow:Can save best model only with val_precision_aware available, skipping.
WARNING:tensorflow:Early stopping conditioned on metric `val_precision_aware` which is not available. Available metrics are: loss,auc,val_loss,val_auc
56/56 - 3s - loss: 0.1128 - auc: 0.8381 - val_loss: 0.1622 - val_auc: 0.7231 - val_auc_custom: 0.7235 - val_f1_custom: 0.6000 - val_recall_custom: 0.6226 - val_composite: 0.6360 - val_precision_aware: 0.6142 - 3s/epoch - 46ms/step
Curriculum: set focal gamma = 1.0000 (epoch 26)
Epoch 26/60
WARNING:tensorflow:Can save best model only with val_precision_aware available, skipping.
WARNING:tensorflow:Early stopping conditioned on metric `val_precision_aware` which is not available. Available metrics are: loss,auc,val_loss,val_auc
56/56 - 3s - loss: 0.1145 - auc: 0.8308 - val_loss: 0.1621 - val_auc: 0.7152 - val_auc_custom: 0.7152 - val_f1_custom: 0.5882 - val_recall_custom: 0.5660 - val_composite: 0.6025 - val_precision_aware: 0.6256 - 3s/epoch - 51ms/step
Curriculum: set focal gamma = 1.0000 (epoch 27)
Epoch 27/60
WARNING:tensorflow:Can save best model only with val_precision_aware available, skipping.
WARNING:tensorflow:Early stopping conditioned on metric `val_precision_aware` which is not available. Available metrics are: loss,auc,val_loss,val_auc
56/56 - 3s - loss: 0.1047 - auc: 0.8687 - val_loss: 0.1540 - val_auc: 0.7478 - val_auc_custom: 0.7479 - val_f1_custom: 0.5962 - val_recall_custom: 0.5849 - val_composite: 0.6209 - val_precision_aware: 0.6324 - 3s/epoch - 49ms/step
Curriculum: set focal gamma = 1.0000 (epoch 28)
Epoch 28/60
WARNING:tensorflow:Can save best model only with val_precision_aware available, skipping.
WARNING:tensorflow:Early stopping conditioned on metric `val_precision_aware` which is not available. Available metrics are: loss,auc,val_loss,val_auc
56/56 - 3s - loss: 0.1067 - auc: 0.8571 - val_loss: 0.1622 - val_auc: 0.7327 - val_auc_custom: 0.7328 - val_f1_custom: 0.5849 - val_recall_custom: 0.5849 - val_composite: 0.6145 - val_precision_aware: 0.6145 - 3s/epoch - 53ms/step
Curriculum: set focal gamma = 1.0000 (epoch 29)
Epoch 29/60
WARNING:tensorflow:Can save best model only with val_precision_aware available, skipping.
WARNING:tensorflow:Early stopping conditioned on metric `val_precision_aware` which is not available. Available metrics are: loss,auc,val_loss,val_auc
56/56 - 3s - loss: 0.1109 - auc: 0.8450 - val_loss: 0.1549 - val_auc: 0.7567 - val_auc_custom: 0.7560 - val_f1_custom: 0.5806 - val_recall_custom: 0.5094 - val_composite: 0.5801 - val_precision_aware: 0.6629 - 3s/epoch - 50ms/step
Curriculum: set focal gamma = 1.0000 (epoch 30)
Epoch 30/60
WARNING:tensorflow:Can save best model only with val_precision_aware available, skipping.
WARNING:tensorflow:Early stopping conditioned on metric `val_precision_aware` which is not available. Available metrics are: loss,auc,val_loss,val_auc
56/56 - 3s - loss: 0.1055 - auc: 0.8690 - val_loss: 0.1642 - val_auc: 0.7272 - val_auc_custom: 0.7268 - val_f1_custom: 0.6226 - val_recall_custom: 0.6226 - val_composite: 0.6435 - val_precision_aware: 0.6435 - 3s/epoch - 51ms/step
Curriculum: set focal gamma = 1.0000 (epoch 31)
Epoch 31/60
WARNING:tensorflow:Can save best model only with val_precision_aware available, skipping.
WARNING:tensorflow:Early stopping conditioned on metric `val_precision_aware` which is not available. Available metrics are: loss,auc,val_loss,val_auc
56/56 - 3s - loss: 0.1132 - auc: 0.8380 - val_loss: 0.1617 - val_auc: 0.7372 - val_auc_custom: 0.7376 - val_f1_custom: 0.4773 - val_recall_custom: 0.3962 - val_composite: 0.4888 - val_precision_aware: 0.5907 - 3s/epoch - 45ms/step
Curriculum: set focal gamma = 1.0000 (epoch 32)
Epoch 32/60
WARNING:tensorflow:Can save best model only with val_precision_aware available, skipping.
WARNING:tensorflow:Early stopping conditioned on metric `val_precision_aware` which is not available. Available metrics are: loss,auc,val_loss,val_auc
56/56 - 3s - loss: 0.1018 - auc: 0.8780 - val_loss: 0.1574 - val_auc: 0.7531 - val_auc_custom: 0.7535 - val_f1_custom: 0.5495 - val_recall_custom: 0.4717 - val_composite: 0.5514 - val_precision_aware: 0.6445 - 3s/epoch - 50ms/step
Curriculum: set focal gamma = 1.0000 (epoch 33)
Epoch 33/60
WARNING:tensorflow:Can save best model only with val_precision_aware available, skipping.
WARNING:tensorflow:Early stopping conditioned on metric `val_precision_aware` which is not available. Available metrics are: loss,auc,val_loss,val_auc
56/56 - 3s - loss: 0.1000 - auc: 0.8766 - val_loss: 0.1688 - val_auc: 0.7352 - val_auc_custom: 0.7361 - val_f1_custom: 0.6111 - val_recall_custom: 0.6226 - val_composite: 0.6419 - val_precision_aware: 0.6306 - 3s/epoch - 50ms/step
Curriculum: set focal gamma = 1.0000 (epoch 34)
Epoch 34/60
WARNING:tensorflow:Can save best model only with val_precision_aware available, skipping.
WARNING:tensorflow:Early stopping conditioned on metric `val_precision_aware` which is not available. Available metrics are: loss,auc,val_loss,val_auc
56/56 - 2s - loss: 0.0973 - auc: 0.8868 - val_loss: 0.1711 - val_auc: 0.7408 - val_auc_custom: 0.7401 - val_f1_custom: 0.5055 - val_recall_custom: 0.4340 - val_composite: 0.5167 - val_precision_aware: 0.6023 - 2s/epoch - 40ms/step
Curriculum: set focal gamma = 1.0000 (epoch 35)
Epoch 35/60
WARNING:tensorflow:Can save best model only with val_precision_aware available, skipping.
WARNING:tensorflow:Early stopping conditioned on metric `val_precision_aware` which is not available. Available metrics are: loss,auc,val_loss,val_auc
56/56 - 3s - loss: 0.1001 - auc: 0.8794 - val_loss: 0.1730 - val_auc: 0.7447 - val_auc_custom: 0.7444 - val_f1_custom: 0.6549 - val_recall_custom: 0.6981 - val_composite: 0.6944 - val_precision_aware: 0.6537 - 3s/epoch - 61ms/step
Curriculum: set focal gamma = 1.0000 (epoch 36)
Epoch 36/60
WARNING:tensorflow:Can save best model only with val_precision_aware available, skipping.
WARNING:tensorflow:Early stopping conditioned on metric `val_precision_aware` which is not available. Available metrics are: loss,auc,val_loss,val_auc
56/56 - 3s - loss: 0.0967 - auc: 0.8859 - val_loss: 0.1699 - val_auc: 0.7421 - val_auc_custom: 0.7429 - val_f1_custom: 0.6296 - val_recall_custom: 0.6415 - val_composite: 0.6582 - val_precision_aware: 0.6466 - 3s/epoch - 51ms/step
Curriculum: set focal gamma = 1.0000 (epoch 37)
Epoch 37/60
WARNING:tensorflow:Can save best model only with val_precision_aware available, skipping.
WARNING:tensorflow:Early stopping conditioned on metric `val_precision_aware` which is not available. Available metrics are: loss,auc,val_loss,val_auc
56/56 - 3s - loss: 0.0917 - auc: 0.9002 - val_loss: 0.1812 - val_auc: 0.7224 - val_auc_custom: 0.7218 - val_f1_custom: 0.6316 - val_recall_custom: 0.6792 - val_composite: 0.6734 - val_precision_aware: 0.6289 - 3s/epoch - 51ms/step
Curriculum: set focal gamma = 1.0000 (epoch 38)
Epoch 38/60
WARNING:tensorflow:Can save best model only with val_precision_aware available, skipping.
WARNING:tensorflow:Early stopping conditioned on metric `val_precision_aware` which is not available. Available metrics are: loss,auc,val_loss,val_auc
56/56 - 3s - loss: 0.0905 - auc: 0.9022 - val_loss: 0.1699 - val_auc: 0.7596 - val_auc_custom: 0.7592 - val_f1_custom: 0.6105 - val_recall_custom: 0.5472 - val_composite: 0.6086 - val_precision_aware: 0.6802 - 3s/epoch - 49ms/step
Curriculum: set focal gamma = 1.0000 (epoch 39)
Epoch 39/60
WARNING:tensorflow:Can save best model only with val_precision_aware available, skipping.
WARNING:tensorflow:Early stopping conditioned on metric `val_precision_aware` which is not available. Available metrics are: loss,auc,val_loss,val_auc
56/56 - 3s - loss: 0.0948 - auc: 0.8921 - val_loss: 0.1896 - val_auc: 0.7268 - val_auc_custom: 0.7260 - val_f1_custom: 0.6207 - val_recall_custom: 0.6792 - val_composite: 0.6710 - val_precision_aware: 0.6171 - 3s/epoch - 47ms/step
Curriculum: set focal gamma = 1.0000 (epoch 40)
Epoch 40/60
WARNING:tensorflow:Can save best model only with val_precision_aware available, skipping.
WARNING:tensorflow:Early stopping conditioned on metric `val_precision_aware` which is not available. Available metrics are: loss,auc,val_loss,val_auc
56/56 - 3s - loss: 0.0901 - auc: 0.9038 - val_loss: 0.1724 - val_auc: 0.7543 - val_auc_custom: 0.7542 - val_f1_custom: 0.6095 - val_recall_custom: 0.6038 - val_composite: 0.6356 - val_precision_aware: 0.6414 - 3s/epoch - 49ms/step
Curriculum: set focal gamma = 1.0000 (epoch 41)
Epoch 41/60
WARNING:tensorflow:Can save best model only with val_precision_aware available, skipping.
WARNING:tensorflow:Early stopping conditioned on metric `val_precision_aware` which is not available. Available metrics are: loss,auc,val_loss,val_auc
56/56 - 3s - loss: 0.0848 - auc: 0.9162 - val_loss: 0.1863 - val_auc: 0.7327 - val_auc_custom: 0.7331 - val_f1_custom: 0.6111 - val_recall_custom: 0.6226 - val_composite: 0.6413 - val_precision_aware: 0.6299 - 3s/epoch - 49ms/step
Curriculum: set focal gamma = 1.0000 (epoch 42)
Epoch 42/60
WARNING:tensorflow:Can save best model only with val_precision_aware available, skipping.
WARNING:tensorflow:Early stopping conditioned on metric `val_precision_aware` which is not available. Available metrics are: loss,auc,val_loss,val_auc
56/56 - 3s - loss: 0.0919 - auc: 0.8991 - val_loss: 0.1891 - val_auc: 0.7250 - val_auc_custom: 0.7248 - val_f1_custom: 0.5818 - val_recall_custom: 0.6038 - val_composite: 0.6214 - val_precision_aware: 0.6002 - 3s/epoch - 49ms/step
Curriculum: set focal gamma = 1.0000 (epoch 43)
Epoch 43/60
WARNING:tensorflow:Can save best model only with val_precision_aware available, skipping.
WARNING:tensorflow:Early stopping conditioned on metric `val_precision_aware` which is not available. Available metrics are: loss,auc,val_loss,val_auc
56/56 - 3s - loss: 0.0878 - auc: 0.9084 - val_loss: 0.1814 - val_auc: 0.7415 - val_auc_custom: 0.7406 - val_f1_custom: 0.5981 - val_recall_custom: 0.6038 - val_composite: 0.6295 - val_precision_aware: 0.6239 - 3s/epoch - 49ms/step
Curriculum: set focal gamma = 1.0000 (epoch 44)
Epoch 44/60
WARNING:tensorflow:Can save best model only with val_precision_aware available, skipping.
WARNING:tensorflow:Early stopping conditioned on metric `val_precision_aware` which is not available. Available metrics are: loss,auc,val_loss,val_auc
56/56 - 3s - loss: 0.0912 - auc: 0.9004 - val_loss: 0.2073 - val_auc: 0.7298 - val_auc_custom: 0.7293 - val_f1_custom: 0.6613 - val_recall_custom: 0.7736 - val_composite: 0.7310 - val_precision_aware: 0.6330 - 3s/epoch - 50ms/step
Curriculum: set focal gamma = 1.0000 (epoch 45)
Epoch 45/60
WARNING:tensorflow:Can save best model only with val_precision_aware available, skipping.
WARNING:tensorflow:Early stopping conditioned on metric `val_precision_aware` which is not available. Available metrics are: loss,auc,val_loss,val_auc
56/56 - 3s - loss: 0.0787 - auc: 0.9293 - val_loss: 0.1710 - val_auc: 0.7672 - val_auc_custom: 0.7655 - val_f1_custom: 0.6042 - val_recall_custom: 0.5472 - val_composite: 0.6079 - val_precision_aware: 0.6716 - 3s/epoch - 49ms/step
Curriculum: set focal gamma = 1.0000 (epoch 46)
Epoch 46/60
WARNING:tensorflow:Can save best model only with val_precision_aware available, skipping.
WARNING:tensorflow:Early stopping conditioned on metric `val_precision_aware` which is not available. Available metrics are: loss,auc,val_loss,val_auc
56/56 - 2s - loss: 0.0815 - auc: 0.9214 - val_loss: 0.1974 - val_auc: 0.7465 - val_auc_custom: 0.7459 - val_f1_custom: 0.6723 - val_recall_custom: 0.7547 - val_composite: 0.7282 - val_precision_aware: 0.6539 - 2s/epoch - 37ms/step
Curriculum: set focal gamma = 1.0000 (epoch 47)
Epoch 47/60
WARNING:tensorflow:Can save best model only with val_precision_aware available, skipping.
WARNING:tensorflow:Early stopping conditioned on metric `val_precision_aware` which is not available. Available metrics are: loss,auc,val_loss,val_auc
56/56 - 3s - loss: 0.0787 - auc: 0.9277 - val_loss: 0.1885 - val_auc: 0.7509 - val_auc_custom: 0.7522 - val_f1_custom: 0.5773 - val_recall_custom: 0.5283 - val_composite: 0.5878 - val_precision_aware: 0.6418 - 3s/epoch - 50ms/step
Curriculum: set focal gamma = 1.0000 (epoch 48)
Epoch 48/60
WARNING:tensorflow:Can save best model only with val_precision_aware available, skipping.
WARNING:tensorflow:Early stopping conditioned on metric `val_precision_aware` which is not available. Available metrics are: loss,auc,val_loss,val_auc
56/56 - 3s - loss: 0.0804 - auc: 0.9240 - val_loss: 0.1960 - val_auc: 0.7479 - val_auc_custom: 0.7472 - val_f1_custom: 0.6435 - val_recall_custom: 0.6981 - val_composite: 0.6915 - val_precision_aware: 0.6409 - 3s/epoch - 52ms/step
Curriculum: set focal gamma = 1.0000 (epoch 49)
Epoch 49/60
WARNING:tensorflow:Can save best model only with val_precision_aware available, skipping.
WARNING:tensorflow:Early stopping conditioned on metric `val_precision_aware` which is not available. Available metrics are: loss,auc,val_loss,val_auc
56/56 - 3s - loss: 0.0755 - auc: 0.9344 - val_loss: 0.2025 - val_auc: 0.7431 - val_auc_custom: 0.7429 - val_f1_custom: 0.6261 - val_recall_custom: 0.6792 - val_composite: 0.6760 - val_precision_aware: 0.6267 - 3s/epoch - 48ms/step
Curriculum: set focal gamma = 1.0000 (epoch 50)
Epoch 50/60
WARNING:tensorflow:Can save best model only with val_precision_aware available, skipping.
WARNING:tensorflow:Early stopping conditioned on metric `val_precision_aware` which is not available. Available metrics are: loss,auc,val_loss,val_auc
56/56 - 3s - loss: 0.0787 - auc: 0.9271 - val_loss: 0.2158 - val_auc: 0.7454 - val_auc_custom: 0.7464 - val_f1_custom: 0.6612 - val_recall_custom: 0.7547 - val_composite: 0.7250 - val_precision_aware: 0.6417 - 3s/epoch - 49ms/step
Curriculum: set focal gamma = 1.0000 (epoch 51)
Epoch 51/60
WARNING:tensorflow:Can save best model only with val_precision_aware available, skipping.
WARNING:tensorflow:Early stopping conditioned on metric `val_precision_aware` which is not available. Available metrics are: loss,auc,val_loss,val_auc
56/56 - 3s - loss: 0.0705 - auc: 0.9424 - val_loss: 0.1935 - val_auc: 0.7591 - val_auc_custom: 0.7600 - val_f1_custom: 0.6364 - val_recall_custom: 0.6604 - val_composite: 0.6731 - val_precision_aware: 0.6499 - 3s/epoch - 46ms/step
Curriculum: set focal gamma = 1.0000 (epoch 52)
Epoch 52/60
WARNING:tensorflow:Can save best model only with val_precision_aware available, skipping.
WARNING:tensorflow:Early stopping conditioned on metric `val_precision_aware` which is not available. Available metrics are: loss,auc,val_loss,val_auc
56/56 - 3s - loss: 0.0759 - auc: 0.9321 - val_loss: 0.1907 - val_auc: 0.7597 - val_auc_custom: 0.7605 - val_f1_custom: 0.5918 - val_recall_custom: 0.5472 - val_composite: 0.6032 - val_precision_aware: 0.6519 - 3s/epoch - 47ms/step
Curriculum: set focal gamma = 1.0000 (epoch 53)
Epoch 53/60
WARNING:tensorflow:Can save best model only with val_precision_aware available, skipping.
WARNING:tensorflow:Early stopping conditioned on metric `val_precision_aware` which is not available. Available metrics are: loss,auc,val_loss,val_auc
56/56 - 3s - loss: 0.0808 - auc: 0.9212 - val_loss: 0.1961 - val_auc: 0.7572 - val_auc_custom: 0.7567 - val_f1_custom: 0.6306 - val_recall_custom: 0.6604 - val_composite: 0.6707 - val_precision_aware: 0.6423 - 3s/epoch - 46ms/step
Curriculum: set focal gamma = 1.0000 (epoch 54)
Epoch 54/60
WARNING:tensorflow:Can save best model only with val_precision_aware available, skipping.
WARNING:tensorflow:Early stopping conditioned on metric `val_precision_aware` which is not available. Available metrics are: loss,auc,val_loss,val_auc
56/56 - 3s - loss: 0.0734 - auc: 0.9380 - val_loss: 0.1930 - val_auc: 0.7535 - val_auc_custom: 0.7532 - val_f1_custom: 0.6000 - val_recall_custom: 0.5660 - val_composite: 0.6137 - val_precision_aware: 0.6498 - 3s/epoch - 55ms/step
Curriculum: set focal gamma = 1.0000 (epoch 55)
Epoch 55/60
WARNING:tensorflow:Can save best model only with val_precision_aware available, skipping.
WARNING:tensorflow:Early stopping conditioned on metric `val_precision_aware` which is not available. Available metrics are: loss,auc,val_loss,val_auc
56/56 - 3s - loss: 0.0742 - auc: 0.9354 - val_loss: 0.2309 - val_auc: 0.7532 - val_auc_custom: 0.7537 - val_f1_custom: 0.6667 - val_recall_custom: 0.7736 - val_composite: 0.7375 - val_precision_aware: 0.6436 - 3s/epoch - 48ms/step
Curriculum: set focal gamma = 1.0000 (epoch 56)
Epoch 56/60
WARNING:tensorflow:Can save best model only with val_precision_aware available, skipping.
WARNING:tensorflow:Early stopping conditioned on metric `val_precision_aware` which is not available. Available metrics are: loss,auc,val_loss,val_auc
56/56 - 3s - loss: 0.0707 - auc: 0.9414 - val_loss: 0.1919 - val_auc: 0.7673 - val_auc_custom: 0.7675 - val_f1_custom: 0.5882 - val_recall_custom: 0.5660 - val_composite: 0.6130 - val_precision_aware: 0.6361 - 3s/epoch - 53ms/step
Curriculum: set focal gamma = 1.0000 (epoch 57)
Epoch 57/60
WARNING:tensorflow:Can save best model only with val_precision_aware available, skipping.
WARNING:tensorflow:Early stopping conditioned on metric `val_precision_aware` which is not available. Available metrics are: loss,auc,val_loss,val_auc
56/56 - 3s - loss: 0.0711 - auc: 0.9409 - val_loss: 0.2032 - val_auc: 0.7600 - val_auc_custom: 0.7605 - val_f1_custom: 0.6182 - val_recall_custom: 0.6415 - val_composite: 0.6583 - val_precision_aware: 0.6358 - 3s/epoch - 51ms/step
Curriculum: set focal gamma = 1.0000 (epoch 58)
Epoch 58/60
WARNING:tensorflow:Can save best model only with val_precision_aware available, skipping.
WARNING:tensorflow:Early stopping conditioned on metric `val_precision_aware` which is not available. Available metrics are: loss,auc,val_loss,val_auc
56/56 - 2s - loss: 0.0759 - auc: 0.9324 - val_loss: 0.2195 - val_auc: 0.7501 - val_auc_custom: 0.7497 - val_f1_custom: 0.6379 - val_recall_custom: 0.6981 - val_composite: 0.6904 - val_precision_aware: 0.6350 - 2s/epoch - 40ms/step
Curriculum: set focal gamma = 1.0000 (epoch 59)
Epoch 59/60
WARNING:tensorflow:Can save best model only with val_precision_aware available, skipping.
WARNING:tensorflow:Early stopping conditioned on metric `val_precision_aware` which is not available. Available metrics are: loss,auc,val_loss,val_auc
56/56 - 3s - loss: 0.0657 - auc: 0.9508 - val_loss: 0.2001 - val_auc: 0.7629 - val_auc_custom: 0.7630 - val_f1_custom: 0.6226 - val_recall_custom: 0.6226 - val_composite: 0.6507 - val_precision_aware: 0.6507 - 3s/epoch - 50ms/step
Curriculum: set focal gamma = 1.0000 (epoch 60)
Epoch 60/60
WARNING:tensorflow:Can save best model only with val_precision_aware available, skipping.
WARNING:tensorflow:Early stopping conditioned on metric `val_precision_aware` which is not available. Available metrics are: loss,auc,val_loss,val_auc
56/56 - 3s - loss: 0.0675 - auc: 0.9479 - val_loss: 0.2227 - val_auc: 0.7468 - val_auc_custom: 0.7472 - val_f1_custom: 0.6496 - val_recall_custom: 0.7170 - val_composite: 0.7028 - val_precision_aware: 0.6412 - 3s/epoch - 48ms/step
Mask config -> mode=soft, threshold=0.6, window_gate=None
Done. Results saved to result_multi_seed_precision_aware/seed9/02
