2025-09-17 09:14:58.707065: I tensorflow/core/util/port.cc:110] oneDNN custom operations are on. You may see slightly different numerical results due to floating-point round-off errors from different computation orders. To turn them off, set the environment variable `TF_ENABLE_ONEDNN_OPTS=0`.
2025-09-17 09:14:58.736694: I tensorflow/core/platform/cpu_feature_guard.cc:182] This TensorFlow binary is optimized to use available CPU instructions in performance-critical operations.
To enable the following instructions: AVX2 AVX_VNNI FMA, in other operations, rebuild TensorFlow with the appropriate compiler flags.
2025-09-17 09:14:59.128799: W tensorflow/compiler/tf2tensorrt/utils/py_utils.cc:38] TF-TRT Warning: Could not find TensorRT
2025-09-17 09:14:59.515242: I tensorflow/compiler/xla/stream_executor/cuda/cuda_gpu_executor.cc:981] could not open file to read NUMA node: /sys/bus/pci/devices/0000:01:00.0/numa_node
Your kernel may have been built without NUMA support.
2025-09-17 09:14:59.533748: I tensorflow/compiler/xla/stream_executor/cuda/cuda_gpu_executor.cc:981] could not open file to read NUMA node: /sys/bus/pci/devices/0000:01:00.0/numa_node
Your kernel may have been built without NUMA support.
2025-09-17 09:14:59.533851: I tensorflow/compiler/xla/stream_executor/cuda/cuda_gpu_executor.cc:981] could not open file to read NUMA node: /sys/bus/pci/devices/0000:01:00.0/numa_node
Your kernel may have been built without NUMA support.
2025-09-17 09:14:59.535092: I tensorflow/compiler/xla/stream_executor/cuda/cuda_gpu_executor.cc:981] could not open file to read NUMA node: /sys/bus/pci/devices/0000:01:00.0/numa_node
Your kernel may have been built without NUMA support.
2025-09-17 09:14:59.535145: I tensorflow/compiler/xla/stream_executor/cuda/cuda_gpu_executor.cc:981] could not open file to read NUMA node: /sys/bus/pci/devices/0000:01:00.0/numa_node
Your kernel may have been built without NUMA support.
2025-09-17 09:14:59.535164: I tensorflow/compiler/xla/stream_executor/cuda/cuda_gpu_executor.cc:981] could not open file to read NUMA node: /sys/bus/pci/devices/0000:01:00.0/numa_node
Your kernel may have been built without NUMA support.
2025-09-17 09:14:59.635629: I tensorflow/compiler/xla/stream_executor/cuda/cuda_gpu_executor.cc:981] could not open file to read NUMA node: /sys/bus/pci/devices/0000:01:00.0/numa_node
Your kernel may have been built without NUMA support.
2025-09-17 09:14:59.635745: I tensorflow/compiler/xla/stream_executor/cuda/cuda_gpu_executor.cc:981] could not open file to read NUMA node: /sys/bus/pci/devices/0000:01:00.0/numa_node
Your kernel may have been built without NUMA support.
2025-09-17 09:14:59.635766: I tensorflow/core/common_runtime/gpu/gpu_device.cc:1726] Could not identify NUMA node of platform GPU id 0, defaulting to 0.  Your kernel may not have been built with NUMA support.
2025-09-17 09:14:59.635800: I tensorflow/compiler/xla/stream_executor/cuda/cuda_gpu_executor.cc:981] could not open file to read NUMA node: /sys/bus/pci/devices/0000:01:00.0/numa_node
Your kernel may have been built without NUMA support.
2025-09-17 09:14:59.635823: I tensorflow/core/common_runtime/gpu/gpu_device.cc:1639] Created device /job:localhost/replica:0/task:0/device:GPU:0 with 9517 MB memory:  -> device: 0, name: NVIDIA GeForce RTX 4070 SUPER, pci bus id: 0000:01:00.0, compute capability: 8.9
GPU detected: 1 physical, 1 logical -> ['/device:GPU:0']
Config: batch=16, accumulate_steps=8 -> effective_batch=128
Loaded (1276, 36, 75) (1276,)
Using mask channel "occlusion_flag" from long_raw (index 7)
Model: "cnn_bilstm_attn_masked"
__________________________________________________________________________________________________
 Layer (type)                Output Shape                 Param #   Connected to                  
==================================================================================================
 input (InputLayer)          [(None, 36, 75)]             0         []                            
                                                                                                  
 permute_time_features (Per  (None, 75, 36)               0         ['input[0][0]']               
 mute)                                                                                            
                                                                                                  
 conv0 (Conv1D)              (None, 75, 64)               6976      ['permute_time_features[0][0]'
                                                                    ]                             
                                                                                                  
 bn0 (BatchNormalization)    (None, 75, 64)               256       ['conv0[0][0]']               
                                                                                                  
 act0 (Activation)           (None, 75, 64)               0         ['bn0[0][0]']                 
                                                                                                  
 conv_dropout0 (Dropout)     (None, 75, 64)               0         ['act0[0][0]']                
                                                                                                  
 conv1 (Conv1D)              (None, 75, 64)               20544     ['conv_dropout0[0][0]']       
                                                                                                  
 bn1 (BatchNormalization)    (None, 75, 64)               256       ['conv1[0][0]']               
                                                                                                  
 act1 (Activation)           (None, 75, 64)               0         ['bn1[0][0]']                 
                                                                                                  
 conv_dropout1 (Dropout)     (None, 75, 64)               0         ['act1[0][0]']                
                                                                                                  
 conv2 (Conv1D)              (None, 75, 64)               12352     ['conv_dropout1[0][0]']       
                                                                                                  
 bn2 (BatchNormalization)    (None, 75, 64)               256       ['conv2[0][0]']               
                                                                                                  
 act2 (Activation)           (None, 75, 64)               0         ['bn2[0][0]']                 
                                                                                                  
 conv_dropout2 (Dropout)     (None, 75, 64)               0         ['act2[0][0]']                
                                                                                                  
 bilstm (Bidirectional)      (None, 75, 128)              66048     ['conv_dropout2[0][0]']       
                                                                                                  
 mlp_attn_u (Dense)          (None, 75, 32)               4128      ['bilstm[0][0]']              
                                                                                                  
 mlp_attn_score (Dense)      (None, 75, 1)                33        ['mlp_attn_u[0][0]']          
                                                                                                  
 mlp_attn_squeeze (Lambda)   (None, 75)                   0         ['mlp_attn_score[0][0]']      
                                                                                                  
 attn_mask (InputLayer)      [(None, 75)]                 0         []                            
                                                                                                  
 mlp_attn_apply_mask (Lambd  (None, 75)                   0         ['mlp_attn_squeeze[0][0]',    
 a)                                                                  'attn_mask[0][0]']           
                                                                                                  
 mlp_attn_softmax (Lambda)   (None, 75)                   0         ['mlp_attn_apply_mask[0][0]'] 
                                                                                                  
 mlp_attn_expand (Lambda)    (None, 75, 1)                0         ['mlp_attn_softmax[0][0]']    
                                                                                                  
 mlp_attn_weighted (Lambda)  (None, 128)                  0         ['bilstm[0][0]',              
                                                                     'mlp_attn_expand[0][0]']     
                                                                                                  
 fc1 (Dense)                 (None, 64)                   8256      ['mlp_attn_weighted[0][0]']   
                                                                                                  
 fc_dropout (Dropout)        (None, 64)                   0         ['fc1[0][0]']                 
                                                                                                  
 out (Dense)                 (None, 1)                    65        ['fc_dropout[0][0]']          
                                                                                                  
==================================================================================================
Total params: 119171 (465.51 KB)
Trainable params: 118786 (464.01 KB)
Non-trainable params: 385 (1.50 KB)
__________________________________________________________________________________________________
None
Writing results to /home/user/projects/train/model/long_window/CNN_BiLSTM/result_focal_refine/cw07_fg10/01
Curriculum: set focal gamma = 0.0000 (epoch 1)
Epoch 1/70
2025-09-17 09:15:03.993428: I tensorflow/compiler/xla/stream_executor/cuda/cuda_dnn.cc:432] Loaded cuDNN version 8600
2025-09-17 09:15:04.066029: I tensorflow/tsl/platform/default/subprocess.cc:304] Start cannot spawn child process: No such file or directory
2025-09-17 09:15:04.200632: I tensorflow/compiler/xla/stream_executor/cuda/cuda_blas.cc:606] TensorFloat-32 will be used for the matrix multiplication. This will only be logged once.
2025-09-17 09:15:04.509553: I tensorflow/compiler/xla/service/service.cc:168] XLA service 0x5c1a3d35d950 initialized for platform CUDA (this does not guarantee that XLA will be used). Devices:
2025-09-17 09:15:04.509606: I tensorflow/compiler/xla/service/service.cc:176]   StreamExecutor device (0): NVIDIA GeForce RTX 4070 SUPER, Compute Capability 8.9
2025-09-17 09:15:04.513252: I tensorflow/compiler/mlir/tensorflow/utils/dump_mlir_util.cc:255] disabling MLIR crash reproducer, set env var `MLIR_CRASH_REPRODUCER_DIRECTORY` to enable.
2025-09-17 09:15:04.566300: I tensorflow/tsl/platform/default/subprocess.cc:304] Start cannot spawn child process: No such file or directory
2025-09-17 09:15:04.603598: I ./tensorflow/compiler/jit/device_compiler.h:186] Compiled cluster using XLA!  This line is logged at most once for the lifetime of the process.
56/56 - 7s - loss: 0.2925 - auc: 0.4833 - val_loss: 0.3271 - val_auc: 0.5512 - val_auc_custom: 0.5522 - val_f1_custom: 0.0000e+00 - val_recall_custom: 0.0000e+00 - 7s/epoch - 118ms/step
Curriculum: set focal gamma = 0.0526 (epoch 2)
Epoch 2/70
56/56 - 1s - loss: 0.2542 - auc: 0.5577 - val_loss: 0.2985 - val_auc: 0.5562 - val_auc_custom: 0.5610 - val_f1_custom: 0.0000e+00 - val_recall_custom: 0.0000e+00 - 1s/epoch - 22ms/step
Curriculum: set focal gamma = 0.1053 (epoch 3)
Epoch 3/70
56/56 - 1s - loss: 0.2446 - auc: 0.5704 - val_loss: 0.2834 - val_auc: 0.5713 - val_auc_custom: 0.5708 - val_f1_custom: 0.0000e+00 - val_recall_custom: 0.0000e+00 - 1s/epoch - 22ms/step
Curriculum: set focal gamma = 0.1579 (epoch 4)
Epoch 4/70
56/56 - 1s - loss: 0.2326 - auc: 0.5984 - val_loss: 0.2716 - val_auc: 0.5740 - val_auc_custom: 0.5738 - val_f1_custom: 0.0000e+00 - val_recall_custom: 0.0000e+00 - 1s/epoch - 23ms/step
Curriculum: set focal gamma = 0.2105 (epoch 5)
Epoch 5/70
56/56 - 1s - loss: 0.2164 - auc: 0.6533 - val_loss: 0.2620 - val_auc: 0.5755 - val_auc_custom: 0.5771 - val_f1_custom: 0.0000e+00 - val_recall_custom: 0.0000e+00 - 1s/epoch - 21ms/step
Curriculum: set focal gamma = 0.2632 (epoch 6)
Epoch 6/70
56/56 - 1s - loss: 0.2098 - auc: 0.6506 - val_loss: 0.2534 - val_auc: 0.5740 - val_auc_custom: 0.5753 - val_f1_custom: 0.0370 - val_recall_custom: 0.0189 - 1s/epoch - 20ms/step
Curriculum: set focal gamma = 0.3158 (epoch 7)
Epoch 7/70
56/56 - 1s - loss: 0.2037 - auc: 0.6392 - val_loss: 0.2449 - val_auc: 0.5772 - val_auc_custom: 0.5766 - val_f1_custom: 0.1724 - val_recall_custom: 0.0943 - 1s/epoch - 22ms/step
Curriculum: set focal gamma = 0.3684 (epoch 8)
Epoch 8/70
56/56 - 1s - loss: 0.1916 - auc: 0.6708 - val_loss: 0.2371 - val_auc: 0.5765 - val_auc_custom: 0.5774 - val_f1_custom: 0.2258 - val_recall_custom: 0.1321 - 1s/epoch - 20ms/step
Curriculum: set focal gamma = 0.4211 (epoch 9)
Epoch 9/70
56/56 - 1s - loss: 0.1849 - auc: 0.6672 - val_loss: 0.2298 - val_auc: 0.5790 - val_auc_custom: 0.5791 - val_f1_custom: 0.2687 - val_recall_custom: 0.1698 - 1s/epoch - 22ms/step
Curriculum: set focal gamma = 0.4737 (epoch 10)
Epoch 10/70
56/56 - 1s - loss: 0.1778 - auc: 0.6721 - val_loss: 0.2224 - val_auc: 0.5808 - val_auc_custom: 0.5796 - val_f1_custom: 0.3143 - val_recall_custom: 0.2075 - 1s/epoch - 22ms/step
Curriculum: set focal gamma = 0.5263 (epoch 11)
Epoch 11/70
56/56 - 1s - loss: 0.1680 - auc: 0.6967 - val_loss: 0.2131 - val_auc: 0.5923 - val_auc_custom: 0.5909 - val_f1_custom: 0.3143 - val_recall_custom: 0.2075 - 1s/epoch - 22ms/step
Curriculum: set focal gamma = 0.5789 (epoch 12)
Epoch 12/70
56/56 - 1s - loss: 0.1607 - auc: 0.7035 - val_loss: 0.2051 - val_auc: 0.5996 - val_auc_custom: 0.6010 - val_f1_custom: 0.3380 - val_recall_custom: 0.2264 - 1s/epoch - 22ms/step
Curriculum: set focal gamma = 0.6316 (epoch 13)
Epoch 13/70
56/56 - 1s - loss: 0.1522 - auc: 0.7177 - val_loss: 0.2003 - val_auc: 0.6048 - val_auc_custom: 0.6048 - val_f1_custom: 0.4103 - val_recall_custom: 0.3019 - 1s/epoch - 21ms/step
Curriculum: set focal gamma = 0.6842 (epoch 14)
Epoch 14/70
56/56 - 1s - loss: 0.1466 - auc: 0.7213 - val_loss: 0.1910 - val_auc: 0.6174 - val_auc_custom: 0.6179 - val_f1_custom: 0.4103 - val_recall_custom: 0.3019 - 1s/epoch - 21ms/step
Curriculum: set focal gamma = 0.7368 (epoch 15)
Epoch 15/70
56/56 - 1s - loss: 0.1407 - auc: 0.7301 - val_loss: 0.1881 - val_auc: 0.6194 - val_auc_custom: 0.6191 - val_f1_custom: 0.4471 - val_recall_custom: 0.3585 - 1s/epoch - 23ms/step
Curriculum: set focal gamma = 0.7895 (epoch 16)
Epoch 16/70
56/56 - 1s - loss: 0.1303 - auc: 0.7681 - val_loss: 0.1767 - val_auc: 0.6375 - val_auc_custom: 0.6385 - val_f1_custom: 0.4250 - val_recall_custom: 0.3208 - 1s/epoch - 25ms/step
Curriculum: set focal gamma = 0.8421 (epoch 17)
Epoch 17/70
56/56 - 1s - loss: 0.1274 - auc: 0.7589 - val_loss: 0.1713 - val_auc: 0.6577 - val_auc_custom: 0.6569 - val_f1_custom: 0.4578 - val_recall_custom: 0.3585 - 1s/epoch - 22ms/step
Curriculum: set focal gamma = 0.8947 (epoch 18)
Epoch 18/70
56/56 - 1s - loss: 0.1194 - auc: 0.7853 - val_loss: 0.1639 - val_auc: 0.6748 - val_auc_custom: 0.6732 - val_f1_custom: 0.4828 - val_recall_custom: 0.3962 - 1s/epoch - 22ms/step
Curriculum: set focal gamma = 0.9474 (epoch 19)
Epoch 19/70
56/56 - 1s - loss: 0.1133 - auc: 0.7841 - val_loss: 0.1658 - val_auc: 0.6687 - val_auc_custom: 0.6679 - val_f1_custom: 0.4842 - val_recall_custom: 0.4340 - 1s/epoch - 20ms/step
Curriculum: set focal gamma = 1.0000 (epoch 20)
Epoch 20/70
56/56 - 1s - loss: 0.1076 - auc: 0.7981 - val_loss: 0.1513 - val_auc: 0.6892 - val_auc_custom: 0.6888 - val_f1_custom: 0.4773 - val_recall_custom: 0.3962 - 1s/epoch - 23ms/step
Curriculum: set focal gamma = 1.0000 (epoch 21)
Epoch 21/70
56/56 - 1s - loss: 0.1076 - auc: 0.7945 - val_loss: 0.1529 - val_auc: 0.6899 - val_auc_custom: 0.6908 - val_f1_custom: 0.4783 - val_recall_custom: 0.4151 - 1s/epoch - 22ms/step
Curriculum: set focal gamma = 1.0000 (epoch 22)
Epoch 22/70
56/56 - 1s - loss: 0.1090 - auc: 0.7839 - val_loss: 0.1740 - val_auc: 0.6677 - val_auc_custom: 0.6674 - val_f1_custom: 0.5586 - val_recall_custom: 0.5849 - 1s/epoch - 20ms/step
Curriculum: set focal gamma = 1.0000 (epoch 23)
Epoch 23/70
56/56 - 1s - loss: 0.1041 - auc: 0.8120 - val_loss: 0.1505 - val_auc: 0.7034 - val_auc_custom: 0.7039 - val_f1_custom: 0.5000 - val_recall_custom: 0.4151 - 1s/epoch - 22ms/step
Curriculum: set focal gamma = 1.0000 (epoch 24)
Epoch 24/70
56/56 - 1s - loss: 0.1053 - auc: 0.8031 - val_loss: 0.1547 - val_auc: 0.7126 - val_auc_custom: 0.7132 - val_f1_custom: 0.6061 - val_recall_custom: 0.5660 - 1s/epoch - 21ms/step
Curriculum: set focal gamma = 1.0000 (epoch 25)
Epoch 25/70
56/56 - 1s - loss: 0.1027 - auc: 0.8154 - val_loss: 0.1529 - val_auc: 0.7132 - val_auc_custom: 0.7130 - val_f1_custom: 0.5417 - val_recall_custom: 0.4906 - 1s/epoch - 21ms/step
Curriculum: set focal gamma = 1.0000 (epoch 26)
Epoch 26/70
56/56 - 1s - loss: 0.0992 - auc: 0.8335 - val_loss: 0.1552 - val_auc: 0.7062 - val_auc_custom: 0.7064 - val_f1_custom: 0.5743 - val_recall_custom: 0.5472 - 1s/epoch - 20ms/step
Curriculum: set focal gamma = 1.0000 (epoch 27)
Epoch 27/70
56/56 - 1s - loss: 0.1000 - auc: 0.8275 - val_loss: 0.1600 - val_auc: 0.7098 - val_auc_custom: 0.7102 - val_f1_custom: 0.5660 - val_recall_custom: 0.5660 - 1s/epoch - 20ms/step
Curriculum: set focal gamma = 1.0000 (epoch 28)
Epoch 28/70
56/56 - 1s - loss: 0.0976 - auc: 0.8360 - val_loss: 0.1658 - val_auc: 0.7117 - val_auc_custom: 0.7114 - val_f1_custom: 0.5946 - val_recall_custom: 0.6226 - 1s/epoch - 20ms/step
Curriculum: set focal gamma = 1.0000 (epoch 29)
Epoch 29/70
56/56 - 1s - loss: 0.0946 - auc: 0.8502 - val_loss: 0.1662 - val_auc: 0.7152 - val_auc_custom: 0.7155 - val_f1_custom: 0.5766 - val_recall_custom: 0.6038 - 1s/epoch - 21ms/step
Curriculum: set focal gamma = 1.0000 (epoch 30)
Epoch 30/70
56/56 - 1s - loss: 0.0920 - auc: 0.8616 - val_loss: 0.1551 - val_auc: 0.7321 - val_auc_custom: 0.7326 - val_f1_custom: 0.5941 - val_recall_custom: 0.5660 - 1s/epoch - 22ms/step
Curriculum: set focal gamma = 1.0000 (epoch 31)
Epoch 31/70
56/56 - 1s - loss: 0.0970 - auc: 0.8377 - val_loss: 0.1726 - val_auc: 0.7239 - val_auc_custom: 0.7240 - val_f1_custom: 0.6087 - val_recall_custom: 0.6604 - 1s/epoch - 20ms/step
Curriculum: set focal gamma = 1.0000 (epoch 32)
Epoch 32/70
56/56 - 1s - loss: 0.0906 - auc: 0.8651 - val_loss: 0.1709 - val_auc: 0.7192 - val_auc_custom: 0.7197 - val_f1_custom: 0.6071 - val_recall_custom: 0.6415 - 1s/epoch - 20ms/step
Curriculum: set focal gamma = 1.0000 (epoch 33)
Epoch 33/70
56/56 - 1s - loss: 0.0910 - auc: 0.8605 - val_loss: 0.1701 - val_auc: 0.7238 - val_auc_custom: 0.7233 - val_f1_custom: 0.5946 - val_recall_custom: 0.6226 - 1s/epoch - 21ms/step
Curriculum: set focal gamma = 1.0000 (epoch 34)
Epoch 34/70
56/56 - 1s - loss: 0.0905 - auc: 0.8670 - val_loss: 0.1958 - val_auc: 0.7036 - val_auc_custom: 0.7042 - val_f1_custom: 0.6102 - val_recall_custom: 0.6792 - 1s/epoch - 20ms/step
Curriculum: set focal gamma = 1.0000 (epoch 35)
Epoch 35/70
56/56 - 1s - loss: 0.0891 - auc: 0.8727 - val_loss: 0.1651 - val_auc: 0.7442 - val_auc_custom: 0.7439 - val_f1_custom: 0.6306 - val_recall_custom: 0.6604 - 1s/epoch - 23ms/step
Curriculum: set focal gamma = 1.0000 (epoch 36)
Epoch 36/70
56/56 - 1s - loss: 0.0973 - auc: 0.8415 - val_loss: 0.1572 - val_auc: 0.7394 - val_auc_custom: 0.7386 - val_f1_custom: 0.5882 - val_recall_custom: 0.5660 - 1s/epoch - 20ms/step
Curriculum: set focal gamma = 1.0000 (epoch 37)
Epoch 37/70
56/56 - 1s - loss: 0.0873 - auc: 0.8814 - val_loss: 0.1854 - val_auc: 0.7069 - val_auc_custom: 0.7079 - val_f1_custom: 0.6102 - val_recall_custom: 0.6792 - 1s/epoch - 20ms/step
Curriculum: set focal gamma = 1.0000 (epoch 38)
Epoch 38/70
56/56 - 1s - loss: 0.0890 - auc: 0.8747 - val_loss: 0.1723 - val_auc: 0.7270 - val_auc_custom: 0.7263 - val_f1_custom: 0.5660 - val_recall_custom: 0.5660 - 1s/epoch - 20ms/step
Curriculum: set focal gamma = 1.0000 (epoch 39)
Epoch 39/70
56/56 - 1s - loss: 0.0839 - auc: 0.8894 - val_loss: 0.1934 - val_auc: 0.7018 - val_auc_custom: 0.7021 - val_f1_custom: 0.5965 - val_recall_custom: 0.6415 - 1s/epoch - 20ms/step
Curriculum: set focal gamma = 1.0000 (epoch 40)
Epoch 40/70
56/56 - 1s - loss: 0.0864 - auc: 0.8820 - val_loss: 0.1790 - val_auc: 0.7291 - val_auc_custom: 0.7296 - val_f1_custom: 0.5556 - val_recall_custom: 0.5660 - 1s/epoch - 20ms/step
Curriculum: set focal gamma = 1.0000 (epoch 41)
Epoch 41/70
56/56 - 1s - loss: 0.0809 - auc: 0.8996 - val_loss: 0.1990 - val_auc: 0.7048 - val_auc_custom: 0.7044 - val_f1_custom: 0.5862 - val_recall_custom: 0.6415 - 1s/epoch - 19ms/step
Curriculum: set focal gamma = 1.0000 (epoch 42)
Epoch 42/70
56/56 - 1s - loss: 0.0829 - auc: 0.8906 - val_loss: 0.1644 - val_auc: 0.7482 - val_auc_custom: 0.7502 - val_f1_custom: 0.5918 - val_recall_custom: 0.5472 - 1s/epoch - 23ms/step
Curriculum: set focal gamma = 1.0000 (epoch 43)
Epoch 43/70
56/56 - 1s - loss: 0.0811 - auc: 0.8948 - val_loss: 0.1912 - val_auc: 0.7225 - val_auc_custom: 0.7225 - val_f1_custom: 0.5965 - val_recall_custom: 0.6415 - 1s/epoch - 20ms/step
Curriculum: set focal gamma = 1.0000 (epoch 44)
Epoch 44/70
56/56 - 1s - loss: 0.0793 - auc: 0.8990 - val_loss: 0.1917 - val_auc: 0.7230 - val_auc_custom: 0.7238 - val_f1_custom: 0.5714 - val_recall_custom: 0.6038 - 1s/epoch - 20ms/step
Curriculum: set focal gamma = 1.0000 (epoch 45)
Epoch 45/70
56/56 - 1s - loss: 0.0825 - auc: 0.8893 - val_loss: 0.1769 - val_auc: 0.7403 - val_auc_custom: 0.7401 - val_f1_custom: 0.5981 - val_recall_custom: 0.6038 - 1s/epoch - 20ms/step
Curriculum: set focal gamma = 1.0000 (epoch 46)
Epoch 46/70
56/56 - 1s - loss: 0.0795 - auc: 0.8985 - val_loss: 0.1691 - val_auc: 0.7506 - val_auc_custom: 0.7512 - val_f1_custom: 0.5962 - val_recall_custom: 0.5849 - 1s/epoch - 21ms/step
Curriculum: set focal gamma = 1.0000 (epoch 47)
Epoch 47/70
56/56 - 1s - loss: 0.0792 - auc: 0.8994 - val_loss: 0.1841 - val_auc: 0.7390 - val_auc_custom: 0.7394 - val_f1_custom: 0.6168 - val_recall_custom: 0.6226 - 1s/epoch - 21ms/step
Curriculum: set focal gamma = 1.0000 (epoch 48)
Epoch 48/70
56/56 - 1s - loss: 0.0765 - auc: 0.9081 - val_loss: 0.2682 - val_auc: 0.6985 - val_auc_custom: 0.6986 - val_f1_custom: 0.6222 - val_recall_custom: 0.7925 - 1s/epoch - 21ms/step
Curriculum: set focal gamma = 1.0000 (epoch 49)
Epoch 49/70
56/56 - 1s - loss: 0.0726 - auc: 0.9176 - val_loss: 0.1852 - val_auc: 0.7535 - val_auc_custom: 0.7537 - val_f1_custom: 0.6429 - val_recall_custom: 0.6792 - 1s/epoch - 21ms/step
Curriculum: set focal gamma = 1.0000 (epoch 50)
Epoch 50/70
56/56 - 1s - loss: 0.0712 - auc: 0.9182 - val_loss: 0.1977 - val_auc: 0.7448 - val_auc_custom: 0.7447 - val_f1_custom: 0.6316 - val_recall_custom: 0.6792 - 1s/epoch - 20ms/step
Curriculum: set focal gamma = 1.0000 (epoch 51)
Epoch 51/70
56/56 - 1s - loss: 0.0731 - auc: 0.9149 - val_loss: 0.1892 - val_auc: 0.7543 - val_auc_custom: 0.7532 - val_f1_custom: 0.6296 - val_recall_custom: 0.6415 - 1s/epoch - 21ms/step
Curriculum: set focal gamma = 1.0000 (epoch 52)
Epoch 52/70
56/56 - 1s - loss: 0.0718 - auc: 0.9207 - val_loss: 0.2542 - val_auc: 0.7052 - val_auc_custom: 0.7062 - val_f1_custom: 0.6308 - val_recall_custom: 0.7736 - 1s/epoch - 20ms/step
Curriculum: set focal gamma = 1.0000 (epoch 53)
Epoch 53/70
56/56 - 1s - loss: 0.0750 - auc: 0.9104 - val_loss: 0.1990 - val_auc: 0.7409 - val_auc_custom: 0.7411 - val_f1_custom: 0.6667 - val_recall_custom: 0.7358 - 1s/epoch - 20ms/step
Curriculum: set focal gamma = 1.0000 (epoch 54)
Epoch 54/70
56/56 - 1s - loss: 0.0764 - auc: 0.9104 - val_loss: 0.2285 - val_auc: 0.7063 - val_auc_custom: 0.7062 - val_f1_custom: 0.6094 - val_recall_custom: 0.7358 - 1s/epoch - 21ms/step
Curriculum: set focal gamma = 1.0000 (epoch 55)
Epoch 55/70
56/56 - 1s - loss: 0.0700 - auc: 0.9243 - val_loss: 0.1849 - val_auc: 0.7516 - val_auc_custom: 0.7517 - val_f1_custom: 0.6239 - val_recall_custom: 0.6415 - 1s/epoch - 20ms/step
Curriculum: set focal gamma = 1.0000 (epoch 56)
Epoch 56/70
56/56 - 1s - loss: 0.0650 - auc: 0.9340 - val_loss: 0.2511 - val_auc: 0.7162 - val_auc_custom: 0.7155 - val_f1_custom: 0.6260 - val_recall_custom: 0.7736 - 1s/epoch - 20ms/step
Curriculum: set focal gamma = 1.0000 (epoch 57)
Epoch 57/70
56/56 - 1s - loss: 0.0684 - auc: 0.9301 - val_loss: 0.1683 - val_auc: 0.7701 - val_auc_custom: 0.7691 - val_f1_custom: 0.6139 - val_recall_custom: 0.5849 - 1s/epoch - 22ms/step
Curriculum: set focal gamma = 1.0000 (epoch 58)
Epoch 58/70
56/56 - 1s - loss: 0.0693 - auc: 0.9278 - val_loss: 0.1938 - val_auc: 0.7365 - val_auc_custom: 0.7361 - val_f1_custom: 0.6195 - val_recall_custom: 0.6604 - 1s/epoch - 20ms/step
Curriculum: set focal gamma = 1.0000 (epoch 59)
Epoch 59/70
56/56 - 1s - loss: 0.0709 - auc: 0.9230 - val_loss: 0.1834 - val_auc: 0.7401 - val_auc_custom: 0.7401 - val_f1_custom: 0.6095 - val_recall_custom: 0.6038 - 1s/epoch - 20ms/step
Curriculum: set focal gamma = 1.0000 (epoch 60)
Epoch 60/70
56/56 - 1s - loss: 0.0710 - auc: 0.9231 - val_loss: 0.2383 - val_auc: 0.7191 - val_auc_custom: 0.7187 - val_f1_custom: 0.6032 - val_recall_custom: 0.7170 - 1s/epoch - 20ms/step
Curriculum: set focal gamma = 1.0000 (epoch 61)
Epoch 61/70
56/56 - 1s - loss: 0.0653 - auc: 0.9340 - val_loss: 0.1787 - val_auc: 0.7389 - val_auc_custom: 0.7389 - val_f1_custom: 0.5825 - val_recall_custom: 0.5660 - 1s/epoch - 21ms/step
Curriculum: set focal gamma = 1.0000 (epoch 62)
Epoch 62/70
56/56 - 1s - loss: 0.0665 - auc: 0.9296 - val_loss: 0.3471 - val_auc: 0.7103 - val_auc_custom: 0.7107 - val_f1_custom: 0.6056 - val_recall_custom: 0.8113 - 1s/epoch - 20ms/step
Curriculum: set focal gamma = 1.0000 (epoch 63)
Epoch 63/70
56/56 - 1s - loss: 0.0636 - auc: 0.9389 - val_loss: 0.2103 - val_auc: 0.7477 - val_auc_custom: 0.7487 - val_f1_custom: 0.6271 - val_recall_custom: 0.6981 - 1s/epoch - 21ms/step
Curriculum: set focal gamma = 1.0000 (epoch 64)
Epoch 64/70
56/56 - 1s - loss: 0.0710 - auc: 0.9192 - val_loss: 0.2217 - val_auc: 0.7509 - val_auc_custom: 0.7502 - val_f1_custom: 0.6552 - val_recall_custom: 0.7170 - 1s/epoch - 20ms/step
Curriculum: set focal gamma = 1.0000 (epoch 65)
Epoch 65/70
56/56 - 1s - loss: 0.0651 - auc: 0.9304 - val_loss: 0.3973 - val_auc: 0.6815 - val_auc_custom: 0.6823 - val_f1_custom: 0.6111 - val_recall_custom: 0.8302 - 1s/epoch - 20ms/step
Curriculum: set focal gamma = 1.0000 (epoch 66)
Epoch 66/70
56/56 - 1s - loss: 0.0656 - auc: 0.9302 - val_loss: 0.1693 - val_auc: 0.7781 - val_auc_custom: 0.7769 - val_f1_custom: 0.5745 - val_recall_custom: 0.5094 - 1s/epoch - 22ms/step
Curriculum: set focal gamma = 1.0000 (epoch 67)
Epoch 67/70
56/56 - 1s - loss: 0.0670 - auc: 0.9314 - val_loss: 0.3095 - val_auc: 0.7177 - val_auc_custom: 0.7180 - val_f1_custom: 0.6187 - val_recall_custom: 0.8113 - 1s/epoch - 21ms/step
Curriculum: set focal gamma = 1.0000 (epoch 68)
Epoch 68/70
56/56 - 1s - loss: 0.0647 - auc: 0.9339 - val_loss: 0.1829 - val_auc: 0.7610 - val_auc_custom: 0.7610 - val_f1_custom: 0.6346 - val_recall_custom: 0.6226 - 1s/epoch - 21ms/step
Curriculum: set focal gamma = 1.0000 (epoch 69)
Epoch 69/70
56/56 - 1s - loss: 0.0591 - auc: 0.9487 - val_loss: 0.2380 - val_auc: 0.7468 - val_auc_custom: 0.7464 - val_f1_custom: 0.6560 - val_recall_custom: 0.7736 - 1s/epoch - 21ms/step
Curriculum: set focal gamma = 1.0000 (epoch 70)
Epoch 70/70
56/56 - 1s - loss: 0.0638 - auc: 0.9380 - val_loss: 0.2544 - val_auc: 0.7282 - val_auc_custom: 0.7291 - val_f1_custom: 0.6190 - val_recall_custom: 0.7358 - 1s/epoch - 21ms/step
Mask config -> mode=soft, threshold=0.6, window_gate=None
Done. Results saved to /home/user/projects/train/model/long_window/CNN_BiLSTM/result_focal_refine/cw07_fg10/01
