2025-09-17 03:03:48.358823: I tensorflow/core/util/port.cc:110] oneDNN custom operations are on. You may see slightly different numerical results due to floating-point round-off errors from different computation orders. To turn them off, set the environment variable `TF_ENABLE_ONEDNN_OPTS=0`.
2025-09-17 03:03:48.391882: I tensorflow/core/platform/cpu_feature_guard.cc:182] This TensorFlow binary is optimized to use available CPU instructions in performance-critical operations.
To enable the following instructions: AVX2 AVX_VNNI FMA, in other operations, rebuild TensorFlow with the appropriate compiler flags.
2025-09-17 03:03:48.838741: W tensorflow/compiler/tf2tensorrt/utils/py_utils.cc:38] TF-TRT Warning: Could not find TensorRT
2025-09-17 03:03:49.264772: I tensorflow/compiler/xla/stream_executor/cuda/cuda_gpu_executor.cc:981] could not open file to read NUMA node: /sys/bus/pci/devices/0000:01:00.0/numa_node
Your kernel may have been built without NUMA support.
2025-09-17 03:03:49.285604: I tensorflow/compiler/xla/stream_executor/cuda/cuda_gpu_executor.cc:981] could not open file to read NUMA node: /sys/bus/pci/devices/0000:01:00.0/numa_node
Your kernel may have been built without NUMA support.
2025-09-17 03:03:49.285711: I tensorflow/compiler/xla/stream_executor/cuda/cuda_gpu_executor.cc:981] could not open file to read NUMA node: /sys/bus/pci/devices/0000:01:00.0/numa_node
Your kernel may have been built without NUMA support.
2025-09-17 03:03:49.287048: I tensorflow/compiler/xla/stream_executor/cuda/cuda_gpu_executor.cc:981] could not open file to read NUMA node: /sys/bus/pci/devices/0000:01:00.0/numa_node
Your kernel may have been built without NUMA support.
2025-09-17 03:03:49.287116: I tensorflow/compiler/xla/stream_executor/cuda/cuda_gpu_executor.cc:981] could not open file to read NUMA node: /sys/bus/pci/devices/0000:01:00.0/numa_node
Your kernel may have been built without NUMA support.
2025-09-17 03:03:49.287137: I tensorflow/compiler/xla/stream_executor/cuda/cuda_gpu_executor.cc:981] could not open file to read NUMA node: /sys/bus/pci/devices/0000:01:00.0/numa_node
Your kernel may have been built without NUMA support.
2025-09-17 03:03:49.382019: I tensorflow/compiler/xla/stream_executor/cuda/cuda_gpu_executor.cc:981] could not open file to read NUMA node: /sys/bus/pci/devices/0000:01:00.0/numa_node
Your kernel may have been built without NUMA support.
2025-09-17 03:03:49.382138: I tensorflow/compiler/xla/stream_executor/cuda/cuda_gpu_executor.cc:981] could not open file to read NUMA node: /sys/bus/pci/devices/0000:01:00.0/numa_node
Your kernel may have been built without NUMA support.
2025-09-17 03:03:49.382160: I tensorflow/core/common_runtime/gpu/gpu_device.cc:1726] Could not identify NUMA node of platform GPU id 0, defaulting to 0.  Your kernel may not have been built with NUMA support.
2025-09-17 03:03:49.382191: I tensorflow/compiler/xla/stream_executor/cuda/cuda_gpu_executor.cc:981] could not open file to read NUMA node: /sys/bus/pci/devices/0000:01:00.0/numa_node
Your kernel may have been built without NUMA support.
2025-09-17 03:03:49.382215: I tensorflow/core/common_runtime/gpu/gpu_device.cc:1639] Created device /job:localhost/replica:0/task:0/device:GPU:0 with 9517 MB memory:  -> device: 0, name: NVIDIA GeForce RTX 4070 SUPER, pci bus id: 0000:01:00.0, compute capability: 8.9
GPU detected: 1 physical, 1 logical -> ['/device:GPU:0']
Config: batch=16, accumulate_steps=8 -> effective_batch=128
Loaded (1276, 36, 75) (1276,)
Using mask channel "occlusion_flag" from long_raw (index 7)
Model: "cnn_bilstm_attn_masked"
__________________________________________________________________________________________________
 Layer (type)                Output Shape                 Param #   Connected to                  
==================================================================================================
 input (InputLayer)          [(None, 36, 75)]             0         []                            
                                                                                                  
 permute_time_features (Per  (None, 75, 36)               0         ['input[0][0]']               
 mute)                                                                                            
                                                                                                  
 conv0 (Conv1D)              (None, 75, 64)               6976      ['permute_time_features[0][0]'
                                                                    ]                             
                                                                                                  
 bn0 (BatchNormalization)    (None, 75, 64)               256       ['conv0[0][0]']               
                                                                                                  
 act0 (Activation)           (None, 75, 64)               0         ['bn0[0][0]']                 
                                                                                                  
 conv_dropout0 (Dropout)     (None, 75, 64)               0         ['act0[0][0]']                
                                                                                                  
 conv1 (Conv1D)              (None, 75, 64)               20544     ['conv_dropout0[0][0]']       
                                                                                                  
 bn1 (BatchNormalization)    (None, 75, 64)               256       ['conv1[0][0]']               
                                                                                                  
 act1 (Activation)           (None, 75, 64)               0         ['bn1[0][0]']                 
                                                                                                  
 conv_dropout1 (Dropout)     (None, 75, 64)               0         ['act1[0][0]']                
                                                                                                  
 conv2 (Conv1D)              (None, 75, 64)               12352     ['conv_dropout1[0][0]']       
                                                                                                  
 bn2 (BatchNormalization)    (None, 75, 64)               256       ['conv2[0][0]']               
                                                                                                  
 act2 (Activation)           (None, 75, 64)               0         ['bn2[0][0]']                 
                                                                                                  
 conv_dropout2 (Dropout)     (None, 75, 64)               0         ['act2[0][0]']                
                                                                                                  
 bilstm (Bidirectional)      (None, 75, 128)              66048     ['conv_dropout2[0][0]']       
                                                                                                  
 mlp_attn_u (Dense)          (None, 75, 32)               4128      ['bilstm[0][0]']              
                                                                                                  
 mlp_attn_score (Dense)      (None, 75, 1)                33        ['mlp_attn_u[0][0]']          
                                                                                                  
 mlp_attn_squeeze (Lambda)   (None, 75)                   0         ['mlp_attn_score[0][0]']      
                                                                                                  
 attn_mask (InputLayer)      [(None, 75)]                 0         []                            
                                                                                                  
 mlp_attn_apply_mask (Lambd  (None, 75)                   0         ['mlp_attn_squeeze[0][0]',    
 a)                                                                  'attn_mask[0][0]']           
                                                                                                  
 mlp_attn_softmax (Lambda)   (None, 75)                   0         ['mlp_attn_apply_mask[0][0]'] 
                                                                                                  
 mlp_attn_expand (Lambda)    (None, 75, 1)                0         ['mlp_attn_softmax[0][0]']    
                                                                                                  
 mlp_attn_weighted (Lambda)  (None, 128)                  0         ['bilstm[0][0]',              
                                                                     'mlp_attn_expand[0][0]']     
                                                                                                  
 fc1 (Dense)                 (None, 64)                   8256      ['mlp_attn_weighted[0][0]']   
                                                                                                  
 fc_dropout (Dropout)        (None, 64)                   0         ['fc1[0][0]']                 
                                                                                                  
 out (Dense)                 (None, 1)                    65        ['fc_dropout[0][0]']          
                                                                                                  
==================================================================================================
Total params: 119171 (465.51 KB)
Trainable params: 118786 (464.01 KB)
Non-trainable params: 385 (1.50 KB)
__________________________________________________________________________________________________
None
Writing results to /home/user/projects/train/model/long_window/CNN_BiLSTM/result_focal_sweep/cw02_fg07/01
Curriculum: set focal gamma = 0.0000 (epoch 1)
Epoch 1/70
2025-09-17 03:03:54.253864: I tensorflow/compiler/xla/stream_executor/cuda/cuda_dnn.cc:432] Loaded cuDNN version 8600
2025-09-17 03:03:54.335862: I tensorflow/tsl/platform/default/subprocess.cc:304] Start cannot spawn child process: No such file or directory
2025-09-17 03:03:54.484517: I tensorflow/compiler/xla/stream_executor/cuda/cuda_blas.cc:606] TensorFloat-32 will be used for the matrix multiplication. This will only be logged once.
2025-09-17 03:03:54.828941: I tensorflow/compiler/xla/service/service.cc:168] XLA service 0x63dbc2b1e6c0 initialized for platform CUDA (this does not guarantee that XLA will be used). Devices:
2025-09-17 03:03:54.828999: I tensorflow/compiler/xla/service/service.cc:176]   StreamExecutor device (0): NVIDIA GeForce RTX 4070 SUPER, Compute Capability 8.9
2025-09-17 03:03:54.832562: I tensorflow/compiler/mlir/tensorflow/utils/dump_mlir_util.cc:255] disabling MLIR crash reproducer, set env var `MLIR_CRASH_REPRODUCER_DIRECTORY` to enable.
2025-09-17 03:03:54.886715: I tensorflow/tsl/platform/default/subprocess.cc:304] Start cannot spawn child process: No such file or directory
2025-09-17 03:03:54.918988: I ./tensorflow/compiler/jit/device_compiler.h:186] Compiled cluster using XLA!  This line is logged at most once for the lifetime of the process.
56/56 - 7s - loss: 0.3035 - auc: 0.5043 - val_loss: 0.3290 - val_auc: 0.5919 - val_auc_custom: 0.5892 - val_f1_custom: 0.0000e+00 - val_recall_custom: 0.0000e+00 - 7s/epoch - 129ms/step
Curriculum: set focal gamma = 0.0526 (epoch 2)
Epoch 2/70
56/56 - 1s - loss: 0.2831 - auc: 0.5632 - val_loss: 0.3057 - val_auc: 0.5845 - val_auc_custom: 0.5849 - val_f1_custom: 0.0000e+00 - val_recall_custom: 0.0000e+00 - 1s/epoch - 21ms/step
Curriculum: set focal gamma = 0.1053 (epoch 3)
Epoch 3/70
56/56 - 1s - loss: 0.2656 - auc: 0.6276 - val_loss: 0.2919 - val_auc: 0.5908 - val_auc_custom: 0.5912 - val_f1_custom: 0.0000e+00 - val_recall_custom: 0.0000e+00 - 1s/epoch - 22ms/step
Curriculum: set focal gamma = 0.1579 (epoch 4)
Epoch 4/70
56/56 - 1s - loss: 0.2524 - auc: 0.6474 - val_loss: 0.2809 - val_auc: 0.5917 - val_auc_custom: 0.5909 - val_f1_custom: 0.0364 - val_recall_custom: 0.0189 - 1s/epoch - 21ms/step
Curriculum: set focal gamma = 0.2105 (epoch 5)
Epoch 5/70
56/56 - 1s - loss: 0.2426 - auc: 0.6532 - val_loss: 0.2716 - val_auc: 0.5936 - val_auc_custom: 0.5940 - val_f1_custom: 0.1667 - val_recall_custom: 0.0943 - 1s/epoch - 23ms/step
Curriculum: set focal gamma = 0.2632 (epoch 6)
Epoch 6/70
56/56 - 1s - loss: 0.2335 - auc: 0.6537 - val_loss: 0.2629 - val_auc: 0.5942 - val_auc_custom: 0.5930 - val_f1_custom: 0.1695 - val_recall_custom: 0.0943 - 1s/epoch - 23ms/step
Curriculum: set focal gamma = 0.3158 (epoch 7)
Epoch 7/70
56/56 - 1s - loss: 0.2220 - auc: 0.6698 - val_loss: 0.2531 - val_auc: 0.5893 - val_auc_custom: 0.5894 - val_f1_custom: 0.2188 - val_recall_custom: 0.1321 - 1s/epoch - 22ms/step
Curriculum: set focal gamma = 0.3684 (epoch 8)
Epoch 8/70
56/56 - 1s - loss: 0.2114 - auc: 0.6909 - val_loss: 0.2436 - val_auc: 0.5937 - val_auc_custom: 0.5932 - val_f1_custom: 0.2424 - val_recall_custom: 0.1509 - 1s/epoch - 22ms/step
Curriculum: set focal gamma = 0.4211 (epoch 9)
Epoch 9/70
56/56 - 1s - loss: 0.2014 - auc: 0.6980 - val_loss: 0.2344 - val_auc: 0.6019 - val_auc_custom: 0.6003 - val_f1_custom: 0.2154 - val_recall_custom: 0.1321 - 1s/epoch - 26ms/step
Curriculum: set focal gamma = 0.4737 (epoch 10)
Epoch 10/70
56/56 - 1s - loss: 0.1961 - auc: 0.6845 - val_loss: 0.2253 - val_auc: 0.6083 - val_auc_custom: 0.6078 - val_f1_custom: 0.2899 - val_recall_custom: 0.1887 - 1s/epoch - 25ms/step
Curriculum: set focal gamma = 0.5263 (epoch 11)
Epoch 11/70
56/56 - 1s - loss: 0.1859 - auc: 0.7075 - val_loss: 0.2187 - val_auc: 0.6062 - val_auc_custom: 0.6055 - val_f1_custom: 0.3099 - val_recall_custom: 0.2075 - 1s/epoch - 22ms/step
Curriculum: set focal gamma = 0.5789 (epoch 12)
Epoch 12/70
56/56 - 1s - loss: 0.1796 - auc: 0.7013 - val_loss: 0.2126 - val_auc: 0.6024 - val_auc_custom: 0.6030 - val_f1_custom: 0.4051 - val_recall_custom: 0.3019 - 1s/epoch - 21ms/step
Curriculum: set focal gamma = 0.6316 (epoch 13)
Epoch 13/70
56/56 - 1s - loss: 0.1695 - auc: 0.7284 - val_loss: 0.2046 - val_auc: 0.6112 - val_auc_custom: 0.6108 - val_f1_custom: 0.3377 - val_recall_custom: 0.2453 - 1s/epoch - 25ms/step
Curriculum: set focal gamma = 0.6842 (epoch 14)
Epoch 14/70
56/56 - 1s - loss: 0.1617 - auc: 0.7432 - val_loss: 0.1955 - val_auc: 0.6314 - val_auc_custom: 0.6317 - val_f1_custom: 0.3951 - val_recall_custom: 0.3019 - 1s/epoch - 24ms/step
Curriculum: set focal gamma = 0.7368 (epoch 15)
Epoch 15/70
56/56 - 1s - loss: 0.1531 - auc: 0.7609 - val_loss: 0.1875 - val_auc: 0.6443 - val_auc_custom: 0.6463 - val_f1_custom: 0.4198 - val_recall_custom: 0.3208 - 1s/epoch - 24ms/step
Curriculum: set focal gamma = 0.7895 (epoch 16)
Epoch 16/70
56/56 - -1s - loss: 0.1448 - auc: 0.7706 - val_loss: 0.1837 - val_auc: 0.6564 - val_auc_custom: 0.6579 - val_f1_custom: 0.4681 - val_recall_custom: 0.4151 - -1371709us/epoch - -24495us/step
Curriculum: set focal gamma = 0.8421 (epoch 17)
Epoch 17/70
56/56 - 1s - loss: 0.1370 - auc: 0.7790 - val_loss: 0.1755 - val_auc: 0.6741 - val_auc_custom: 0.6737 - val_f1_custom: 0.5000 - val_recall_custom: 0.4528 - 1s/epoch - 24ms/step
Curriculum: set focal gamma = 0.8947 (epoch 18)
Epoch 18/70
56/56 - 1s - loss: 0.1278 - auc: 0.7980 - val_loss: 0.1639 - val_auc: 0.6937 - val_auc_custom: 0.6921 - val_f1_custom: 0.5106 - val_recall_custom: 0.4528 - 1s/epoch - 26ms/step
Curriculum: set focal gamma = 0.9474 (epoch 19)
Epoch 19/70
56/56 - 1s - loss: 0.1268 - auc: 0.7860 - val_loss: 0.1586 - val_auc: 0.6916 - val_auc_custom: 0.6938 - val_f1_custom: 0.5000 - val_recall_custom: 0.4151 - 1s/epoch - 23ms/step
Curriculum: set focal gamma = 1.0000 (epoch 20)
Epoch 20/70
56/56 - 1s - loss: 0.1157 - auc: 0.8168 - val_loss: 0.1563 - val_auc: 0.6937 - val_auc_custom: 0.6926 - val_f1_custom: 0.5347 - val_recall_custom: 0.5094 - 1s/epoch - 22ms/step
Curriculum: set focal gamma = 1.0000 (epoch 21)
Epoch 21/70
56/56 - 1s - loss: 0.1159 - auc: 0.8136 - val_loss: 0.1566 - val_auc: 0.6979 - val_auc_custom: 0.6976 - val_f1_custom: 0.5000 - val_recall_custom: 0.4717 - 1s/epoch - 24ms/step
Curriculum: set focal gamma = 1.0000 (epoch 22)
Epoch 22/70
56/56 - 1s - loss: 0.1132 - auc: 0.8216 - val_loss: 0.1537 - val_auc: 0.7155 - val_auc_custom: 0.7152 - val_f1_custom: 0.5102 - val_recall_custom: 0.4717 - 1s/epoch - 25ms/step
Curriculum: set focal gamma = 1.0000 (epoch 23)
Epoch 23/70
56/56 - 1s - loss: 0.1131 - auc: 0.8216 - val_loss: 0.1606 - val_auc: 0.7003 - val_auc_custom: 0.7001 - val_f1_custom: 0.5981 - val_recall_custom: 0.6038 - 1s/epoch - 23ms/step
Curriculum: set focal gamma = 1.0000 (epoch 24)
Epoch 24/70
56/56 - 1s - loss: 0.1115 - auc: 0.8318 - val_loss: 0.1539 - val_auc: 0.7226 - val_auc_custom: 0.7223 - val_f1_custom: 0.4524 - val_recall_custom: 0.3585 - 1s/epoch - 25ms/step
Curriculum: set focal gamma = 1.0000 (epoch 25)
Epoch 25/70
56/56 - 1s - loss: 0.1067 - auc: 0.8483 - val_loss: 0.1559 - val_auc: 0.7141 - val_auc_custom: 0.7140 - val_f1_custom: 0.5532 - val_recall_custom: 0.4906 - 1s/epoch - 22ms/step
Curriculum: set focal gamma = 1.0000 (epoch 26)
Epoch 26/70
56/56 - 1s - loss: 0.1115 - auc: 0.8315 - val_loss: 0.1645 - val_auc: 0.6965 - val_auc_custom: 0.6966 - val_f1_custom: 0.5243 - val_recall_custom: 0.5094 - 1s/epoch - 22ms/step
Curriculum: set focal gamma = 1.0000 (epoch 27)
Epoch 27/70
56/56 - 1s - loss: 0.1077 - auc: 0.8421 - val_loss: 0.1571 - val_auc: 0.7164 - val_auc_custom: 0.7170 - val_f1_custom: 0.5319 - val_recall_custom: 0.4717 - 1s/epoch - 23ms/step
Curriculum: set focal gamma = 1.0000 (epoch 28)
Epoch 28/70
56/56 - 1s - loss: 0.1001 - auc: 0.8666 - val_loss: 0.1596 - val_auc: 0.7164 - val_auc_custom: 0.7160 - val_f1_custom: 0.5567 - val_recall_custom: 0.5094 - 1s/epoch - 24ms/step
Curriculum: set focal gamma = 1.0000 (epoch 29)
Epoch 29/70
56/56 - 1s - loss: 0.0985 - auc: 0.8751 - val_loss: 0.1701 - val_auc: 0.7099 - val_auc_custom: 0.7094 - val_f1_custom: 0.5714 - val_recall_custom: 0.5660 - 1s/epoch - 22ms/step
Curriculum: set focal gamma = 1.0000 (epoch 30)
Epoch 30/70
56/56 - 1s - loss: 0.0960 - auc: 0.8782 - val_loss: 0.1645 - val_auc: 0.7259 - val_auc_custom: 0.7253 - val_f1_custom: 0.5714 - val_recall_custom: 0.5283 - 1s/epoch - 24ms/step
Curriculum: set focal gamma = 1.0000 (epoch 31)
Epoch 31/70
56/56 - 1s - loss: 0.0939 - auc: 0.8856 - val_loss: 0.1764 - val_auc: 0.7083 - val_auc_custom: 0.7082 - val_f1_custom: 0.5660 - val_recall_custom: 0.5660 - 1s/epoch - 23ms/step
Curriculum: set focal gamma = 1.0000 (epoch 32)
Epoch 32/70
56/56 - 1s - loss: 0.0948 - auc: 0.8828 - val_loss: 0.1769 - val_auc: 0.7130 - val_auc_custom: 0.7132 - val_f1_custom: 0.5607 - val_recall_custom: 0.5660 - 1s/epoch - 23ms/step
Curriculum: set focal gamma = 1.0000 (epoch 33)
Epoch 33/70
56/56 - 1s - loss: 0.0917 - auc: 0.8918 - val_loss: 0.1751 - val_auc: 0.7093 - val_auc_custom: 0.7087 - val_f1_custom: 0.5400 - val_recall_custom: 0.5094 - 1s/epoch - 23ms/step
Curriculum: set focal gamma = 1.0000 (epoch 34)
Epoch 34/70
56/56 - 1s - loss: 0.0944 - auc: 0.8821 - val_loss: 0.1844 - val_auc: 0.6864 - val_auc_custom: 0.6860 - val_f1_custom: 0.5283 - val_recall_custom: 0.5283 - 1s/epoch - 22ms/step
Curriculum: set focal gamma = 1.0000 (epoch 35)
Epoch 35/70
56/56 - 1s - loss: 0.0930 - auc: 0.8859 - val_loss: 0.1891 - val_auc: 0.6877 - val_auc_custom: 0.6891 - val_f1_custom: 0.5586 - val_recall_custom: 0.5849 - 1s/epoch - 22ms/step
Curriculum: set focal gamma = 1.0000 (epoch 36)
Epoch 36/70
56/56 - 1s - loss: 0.0805 - auc: 0.9214 - val_loss: 0.2062 - val_auc: 0.6834 - val_auc_custom: 0.6838 - val_f1_custom: 0.5487 - val_recall_custom: 0.5849 - 1s/epoch - 22ms/step
Curriculum: set focal gamma = 1.0000 (epoch 37)
Epoch 37/70
56/56 - 1s - loss: 0.0838 - auc: 0.9119 - val_loss: 0.1972 - val_auc: 0.7023 - val_auc_custom: 0.7024 - val_f1_custom: 0.5200 - val_recall_custom: 0.4906 - 1s/epoch - 22ms/step
Curriculum: set focal gamma = 1.0000 (epoch 38)
Epoch 38/70
56/56 - 1s - loss: 0.0871 - auc: 0.9036 - val_loss: 0.2111 - val_auc: 0.6935 - val_auc_custom: 0.6928 - val_f1_custom: 0.5586 - val_recall_custom: 0.5849 - 1s/epoch - 22ms/step
Curriculum: set focal gamma = 1.0000 (epoch 39)
Epoch 39/70
56/56 - 1s - loss: 0.0807 - auc: 0.9173 - val_loss: 0.1967 - val_auc: 0.6994 - val_auc_custom: 0.6991 - val_f1_custom: 0.5049 - val_recall_custom: 0.4906 - 1s/epoch - 23ms/step
Curriculum: set focal gamma = 1.0000 (epoch 40)
Epoch 40/70
56/56 - 1s - loss: 0.0793 - auc: 0.9236 - val_loss: 0.2040 - val_auc: 0.6859 - val_auc_custom: 0.7253 - val_f1_custom: 0.5714 - val_recall_custom: 0.5283 - 1s/epoch - 23ms/step
Mask config -> mode=soft, threshold=0.6, window_gate=None
Done. Results saved to /home/user/projects/train/model/long_window/CNN_BiLSTM/result_focal_sweep/cw02_fg07/01
