2025-09-17 03:01:54.500805: I tensorflow/core/util/port.cc:110] oneDNN custom operations are on. You may see slightly different numerical results due to floating-point round-off errors from different computation orders. To turn them off, set the environment variable `TF_ENABLE_ONEDNN_OPTS=0`.
2025-09-17 03:01:54.531628: I tensorflow/core/platform/cpu_feature_guard.cc:182] This TensorFlow binary is optimized to use available CPU instructions in performance-critical operations.
To enable the following instructions: AVX2 AVX_VNNI FMA, in other operations, rebuild TensorFlow with the appropriate compiler flags.
2025-09-17 03:01:54.962964: W tensorflow/compiler/tf2tensorrt/utils/py_utils.cc:38] TF-TRT Warning: Could not find TensorRT
2025-09-17 03:01:55.406443: I tensorflow/compiler/xla/stream_executor/cuda/cuda_gpu_executor.cc:981] could not open file to read NUMA node: /sys/bus/pci/devices/0000:01:00.0/numa_node
Your kernel may have been built without NUMA support.
2025-09-17 03:01:55.428696: I tensorflow/compiler/xla/stream_executor/cuda/cuda_gpu_executor.cc:981] could not open file to read NUMA node: /sys/bus/pci/devices/0000:01:00.0/numa_node
Your kernel may have been built without NUMA support.
2025-09-17 03:01:55.428801: I tensorflow/compiler/xla/stream_executor/cuda/cuda_gpu_executor.cc:981] could not open file to read NUMA node: /sys/bus/pci/devices/0000:01:00.0/numa_node
Your kernel may have been built without NUMA support.
2025-09-17 03:01:55.430130: I tensorflow/compiler/xla/stream_executor/cuda/cuda_gpu_executor.cc:981] could not open file to read NUMA node: /sys/bus/pci/devices/0000:01:00.0/numa_node
Your kernel may have been built without NUMA support.
2025-09-17 03:01:55.430204: I tensorflow/compiler/xla/stream_executor/cuda/cuda_gpu_executor.cc:981] could not open file to read NUMA node: /sys/bus/pci/devices/0000:01:00.0/numa_node
Your kernel may have been built without NUMA support.
2025-09-17 03:01:55.430226: I tensorflow/compiler/xla/stream_executor/cuda/cuda_gpu_executor.cc:981] could not open file to read NUMA node: /sys/bus/pci/devices/0000:01:00.0/numa_node
Your kernel may have been built without NUMA support.
2025-09-17 03:01:55.534181: I tensorflow/compiler/xla/stream_executor/cuda/cuda_gpu_executor.cc:981] could not open file to read NUMA node: /sys/bus/pci/devices/0000:01:00.0/numa_node
Your kernel may have been built without NUMA support.
2025-09-17 03:01:55.534312: I tensorflow/compiler/xla/stream_executor/cuda/cuda_gpu_executor.cc:981] could not open file to read NUMA node: /sys/bus/pci/devices/0000:01:00.0/numa_node
Your kernel may have been built without NUMA support.
2025-09-17 03:01:55.534322: I tensorflow/core/common_runtime/gpu/gpu_device.cc:1726] Could not identify NUMA node of platform GPU id 0, defaulting to 0.  Your kernel may not have been built with NUMA support.
2025-09-17 03:01:55.534348: I tensorflow/compiler/xla/stream_executor/cuda/cuda_gpu_executor.cc:981] could not open file to read NUMA node: /sys/bus/pci/devices/0000:01:00.0/numa_node
Your kernel may have been built without NUMA support.
2025-09-17 03:01:55.534372: I tensorflow/core/common_runtime/gpu/gpu_device.cc:1639] Created device /job:localhost/replica:0/task:0/device:GPU:0 with 9517 MB memory:  -> device: 0, name: NVIDIA GeForce RTX 4070 SUPER, pci bus id: 0000:01:00.0, compute capability: 8.9
GPU detected: 1 physical, 1 logical -> ['/device:GPU:0']
Config: batch=16, accumulate_steps=8 -> effective_batch=128
Loaded (1276, 36, 75) (1276,)
Using mask channel "occlusion_flag" from long_raw (index 7)
Model: "cnn_bilstm_attn_masked"
__________________________________________________________________________________________________
 Layer (type)                Output Shape                 Param #   Connected to                  
==================================================================================================
 input (InputLayer)          [(None, 36, 75)]             0         []                            
                                                                                                  
 permute_time_features (Per  (None, 75, 36)               0         ['input[0][0]']               
 mute)                                                                                            
                                                                                                  
 conv0 (Conv1D)              (None, 75, 64)               6976      ['permute_time_features[0][0]'
                                                                    ]                             
                                                                                                  
 bn0 (BatchNormalization)    (None, 75, 64)               256       ['conv0[0][0]']               
                                                                                                  
 act0 (Activation)           (None, 75, 64)               0         ['bn0[0][0]']                 
                                                                                                  
 conv_dropout0 (Dropout)     (None, 75, 64)               0         ['act0[0][0]']                
                                                                                                  
 conv1 (Conv1D)              (None, 75, 64)               20544     ['conv_dropout0[0][0]']       
                                                                                                  
 bn1 (BatchNormalization)    (None, 75, 64)               256       ['conv1[0][0]']               
                                                                                                  
 act1 (Activation)           (None, 75, 64)               0         ['bn1[0][0]']                 
                                                                                                  
 conv_dropout1 (Dropout)     (None, 75, 64)               0         ['act1[0][0]']                
                                                                                                  
 conv2 (Conv1D)              (None, 75, 64)               12352     ['conv_dropout1[0][0]']       
                                                                                                  
 bn2 (BatchNormalization)    (None, 75, 64)               256       ['conv2[0][0]']               
                                                                                                  
 act2 (Activation)           (None, 75, 64)               0         ['bn2[0][0]']                 
                                                                                                  
 conv_dropout2 (Dropout)     (None, 75, 64)               0         ['act2[0][0]']                
                                                                                                  
 bilstm (Bidirectional)      (None, 75, 128)              66048     ['conv_dropout2[0][0]']       
                                                                                                  
 mlp_attn_u (Dense)          (None, 75, 32)               4128      ['bilstm[0][0]']              
                                                                                                  
 mlp_attn_score (Dense)      (None, 75, 1)                33        ['mlp_attn_u[0][0]']          
                                                                                                  
 mlp_attn_squeeze (Lambda)   (None, 75)                   0         ['mlp_attn_score[0][0]']      
                                                                                                  
 attn_mask (InputLayer)      [(None, 75)]                 0         []                            
                                                                                                  
 mlp_attn_apply_mask (Lambd  (None, 75)                   0         ['mlp_attn_squeeze[0][0]',    
 a)                                                                  'attn_mask[0][0]']           
                                                                                                  
 mlp_attn_softmax (Lambda)   (None, 75)                   0         ['mlp_attn_apply_mask[0][0]'] 
                                                                                                  
 mlp_attn_expand (Lambda)    (None, 75, 1)                0         ['mlp_attn_softmax[0][0]']    
                                                                                                  
 mlp_attn_weighted (Lambda)  (None, 128)                  0         ['bilstm[0][0]',              
                                                                     'mlp_attn_expand[0][0]']     
                                                                                                  
 fc1 (Dense)                 (None, 64)                   8256      ['mlp_attn_weighted[0][0]']   
                                                                                                  
 fc_dropout (Dropout)        (None, 64)                   0         ['fc1[0][0]']                 
                                                                                                  
 out (Dense)                 (None, 1)                    65        ['fc_dropout[0][0]']          
                                                                                                  
==================================================================================================
Total params: 119171 (465.51 KB)
Trainable params: 118786 (464.01 KB)
Non-trainable params: 385 (1.50 KB)
__________________________________________________________________________________________________
None
Writing results to /home/user/projects/train/model/long_window/CNN_BiLSTM/result_focal_sweep/cw02_fg05/01
Curriculum: set focal gamma = 0.0000 (epoch 1)
Epoch 1/70
2025-09-17 03:02:00.350318: I tensorflow/compiler/xla/stream_executor/cuda/cuda_dnn.cc:432] Loaded cuDNN version 8600
2025-09-17 03:02:00.439345: I tensorflow/tsl/platform/default/subprocess.cc:304] Start cannot spawn child process: No such file or directory
2025-09-17 03:02:00.605780: I tensorflow/compiler/xla/stream_executor/cuda/cuda_blas.cc:606] TensorFloat-32 will be used for the matrix multiplication. This will only be logged once.
2025-09-17 03:02:00.943928: I tensorflow/compiler/xla/service/service.cc:168] XLA service 0x71fc3fe7d280 initialized for platform CUDA (this does not guarantee that XLA will be used). Devices:
2025-09-17 03:02:00.943983: I tensorflow/compiler/xla/service/service.cc:176]   StreamExecutor device (0): NVIDIA GeForce RTX 4070 SUPER, Compute Capability 8.9
2025-09-17 03:02:00.947578: I tensorflow/compiler/mlir/tensorflow/utils/dump_mlir_util.cc:255] disabling MLIR crash reproducer, set env var `MLIR_CRASH_REPRODUCER_DIRECTORY` to enable.
2025-09-17 03:02:01.005461: I tensorflow/tsl/platform/default/subprocess.cc:304] Start cannot spawn child process: No such file or directory
2025-09-17 03:02:01.045181: I ./tensorflow/compiler/jit/device_compiler.h:186] Compiled cluster using XLA!  This line is logged at most once for the lifetime of the process.
56/56 - 7s - loss: 0.3065 - auc: 0.5318 - val_loss: 0.3260 - val_auc: 0.5474 - val_auc_custom: 0.5585 - val_f1_custom: 0.0000e+00 - val_recall_custom: 0.0000e+00 - 7s/epoch - 129ms/step
Curriculum: set focal gamma = 0.0526 (epoch 2)
Epoch 2/70
56/56 - 1s - loss: 0.1928 - auc: 0.5548 - val_loss: 0.2301 - val_auc: 0.5336 - val_auc_custom: 0.5341 - val_f1_custom: 0.0000e+00 - val_recall_custom: 0.0000e+00 - 1s/epoch - 23ms/step
Curriculum: set focal gamma = 0.1053 (epoch 3)
Epoch 3/70
56/56 - 1s - loss: 0.1385 - auc: 0.5674 - val_loss: 0.1552 - val_auc: 0.5508 - val_auc_custom: 0.5535 - val_f1_custom: 0.0000e+00 - val_recall_custom: 0.0000e+00 - 1s/epoch - 26ms/step
Curriculum: set focal gamma = 0.1579 (epoch 4)
Epoch 4/70
56/56 - 1s - loss: 0.1219 - auc: 0.5711 - val_loss: 0.1323 - val_auc: 0.5615 - val_auc_custom: 0.5628 - val_f1_custom: 0.0000e+00 - val_recall_custom: 0.0000e+00 - 1s/epoch - 26ms/step
Curriculum: set focal gamma = 0.2105 (epoch 5)
Epoch 5/70
56/56 - 1s - loss: 0.1197 - auc: 0.5939 - val_loss: 0.1296 - val_auc: 0.5691 - val_auc_custom: 0.5706 - val_f1_custom: 0.0000e+00 - val_recall_custom: 0.0000e+00 - 1s/epoch - 25ms/step
Curriculum: set focal gamma = 0.2632 (epoch 6)
Epoch 6/70
56/56 - 1s - loss: 0.1144 - auc: 0.6069 - val_loss: 0.1251 - val_auc: 0.5774 - val_auc_custom: 0.5801 - val_f1_custom: 0.0000e+00 - val_recall_custom: 0.0000e+00 - 1s/epoch - 24ms/step
Curriculum: set focal gamma = 0.3158 (epoch 7)
Epoch 7/70
56/56 - 1s - loss: 0.1093 - auc: 0.5922 - val_loss: 0.1186 - val_auc: 0.5859 - val_auc_custom: 0.5897 - val_f1_custom: 0.0000e+00 - val_recall_custom: 0.0000e+00 - 1s/epoch - 24ms/step
Curriculum: set focal gamma = 0.3684 (epoch 8)
Epoch 8/70
56/56 - 1s - loss: 0.1045 - auc: 0.5999 - val_loss: 0.1136 - val_auc: 0.5863 - val_auc_custom: 0.5859 - val_f1_custom: 0.0000e+00 - val_recall_custom: 0.0000e+00 - 1s/epoch - 27ms/step
Curriculum: set focal gamma = 0.4211 (epoch 9)
Epoch 9/70
56/56 - 1s - loss: 0.0994 - auc: 0.6228 - val_loss: 0.1095 - val_auc: 0.5835 - val_auc_custom: 0.5862 - val_f1_custom: 0.0000e+00 - val_recall_custom: 0.0000e+00 - 1s/epoch - 22ms/step
Curriculum: set focal gamma = 0.4737 (epoch 10)
Epoch 10/70
56/56 - 1s - loss: 0.0955 - auc: 0.6311 - val_loss: 0.1058 - val_auc: 0.5859 - val_auc_custom: 0.5844 - val_f1_custom: 0.0000e+00 - val_recall_custom: 0.0000e+00 - 1s/epoch - 22ms/step
Curriculum: set focal gamma = 0.5263 (epoch 11)
Epoch 11/70
56/56 - 1s - loss: 0.0916 - auc: 0.6345 - val_loss: 0.1022 - val_auc: 0.5874 - val_auc_custom: 0.5852 - val_f1_custom: 0.0000e+00 - val_recall_custom: 0.0000e+00 - 1s/epoch - 24ms/step
Curriculum: set focal gamma = 0.5789 (epoch 12)
Epoch 12/70
56/56 - -1s - loss: 0.0903 - auc: 0.6108 - val_loss: 0.0987 - val_auc: 0.5877 - val_auc_custom: 0.5887 - val_f1_custom: 0.0000e+00 - val_recall_custom: 0.0000e+00 - -1492041us/epoch - -26644us/step
Curriculum: set focal gamma = 0.6316 (epoch 13)
Epoch 13/70
56/56 - 1s - loss: 0.0861 - auc: 0.6383 - val_loss: 0.0955 - val_auc: 0.5886 - val_auc_custom: 0.5854 - val_f1_custom: 0.0000e+00 - val_recall_custom: 0.0000e+00 - 1s/epoch - 24ms/step
Curriculum: set focal gamma = 0.6842 (epoch 14)
Epoch 14/70
56/56 - 1s - loss: 0.0823 - auc: 0.6434 - val_loss: 0.0924 - val_auc: 0.5883 - val_auc_custom: 0.5882 - val_f1_custom: 0.0000e+00 - val_recall_custom: 0.0000e+00 - 1s/epoch - 22ms/step
Curriculum: set focal gamma = 0.7368 (epoch 15)
Epoch 15/70
56/56 - 1s - loss: 0.0791 - auc: 0.6547 - val_loss: 0.0894 - val_auc: 0.5858 - val_auc_custom: 0.5882 - val_f1_custom: 0.0000e+00 - val_recall_custom: 0.0000e+00 - 1s/epoch - 23ms/step
Curriculum: set focal gamma = 0.7895 (epoch 16)
Epoch 16/70
56/56 - 1s - loss: 0.0760 - auc: 0.6598 - val_loss: 0.0863 - val_auc: 0.5930 - val_auc_custom: 0.5914 - val_f1_custom: 0.0000e+00 - val_recall_custom: 0.0000e+00 - 1s/epoch - 25ms/step
Curriculum: set focal gamma = 0.8421 (epoch 17)
Epoch 17/70
56/56 - 1s - loss: 0.0736 - auc: 0.6605 - val_loss: 0.0835 - val_auc: 0.5928 - val_auc_custom: 0.5919 - val_f1_custom: 0.0000e+00 - val_recall_custom: 0.0000e+00 - 1s/epoch - 24ms/step
Curriculum: set focal gamma = 0.8947 (epoch 18)
Epoch 18/70
56/56 - 1s - loss: 0.0712 - auc: 0.6556 - val_loss: 0.0810 - val_auc: 0.5958 - val_auc_custom: 0.5947 - val_f1_custom: 0.0000e+00 - val_recall_custom: 0.0000e+00 - 1s/epoch - 24ms/step
Curriculum: set focal gamma = 0.9474 (epoch 19)
Epoch 19/70
56/56 - 1s - loss: 0.0677 - auc: 0.6849 - val_loss: 0.0785 - val_auc: 0.5997 - val_auc_custom: 0.6013 - val_f1_custom: 0.0000e+00 - val_recall_custom: 0.0000e+00 - 1s/epoch - 24ms/step
Curriculum: set focal gamma = 1.0000 (epoch 20)
Epoch 20/70
56/56 - 1s - loss: 0.0655 - auc: 0.6743 - val_loss: 0.0758 - val_auc: 0.6065 - val_auc_custom: 0.6058 - val_f1_custom: 0.0000e+00 - val_recall_custom: 0.0000e+00 - 1s/epoch - 23ms/step
Curriculum: set focal gamma = 1.0000 (epoch 21)
Epoch 21/70
56/56 - 1s - loss: 0.0657 - auc: 0.6784 - val_loss: 0.0754 - val_auc: 0.6096 - val_auc_custom: 0.6096 - val_f1_custom: 0.0000e+00 - val_recall_custom: 0.0000e+00 - 1s/epoch - 24ms/step
Curriculum: set focal gamma = 1.0000 (epoch 22)
Epoch 22/70
56/56 - 1s - loss: 0.0651 - auc: 0.6899 - val_loss: 0.0758 - val_auc: 0.6084 - val_auc_custom: 0.6098 - val_f1_custom: 0.0000e+00 - val_recall_custom: 0.0000e+00 - 1s/epoch - 22ms/step
Curriculum: set focal gamma = 1.0000 (epoch 23)
Epoch 23/70
56/56 - 1s - loss: 0.0633 - auc: 0.7143 - val_loss: 0.0765 - val_auc: 0.6119 - val_auc_custom: 0.6108 - val_f1_custom: 0.0000e+00 - val_recall_custom: 0.0000e+00 - 1s/epoch - 23ms/step
Curriculum: set focal gamma = 1.0000 (epoch 24)
Epoch 24/70
56/56 - 1s - loss: 0.0641 - auc: 0.7057 - val_loss: 0.0770 - val_auc: 0.6079 - val_auc_custom: 0.6106 - val_f1_custom: 0.0000e+00 - val_recall_custom: 0.0000e+00 - 1s/epoch - 22ms/step
Curriculum: set focal gamma = 1.0000 (epoch 25)
Epoch 25/70
56/56 - 1s - loss: 0.0644 - auc: 0.7058 - val_loss: 0.0771 - val_auc: 0.6185 - val_auc_custom: 0.6171 - val_f1_custom: 0.0000e+00 - val_recall_custom: 0.0000e+00 - 1s/epoch - 25ms/step
Curriculum: set focal gamma = 1.0000 (epoch 26)
Epoch 26/70
56/56 - 1s - loss: 0.0648 - auc: 0.6931 - val_loss: 0.0769 - val_auc: 0.6231 - val_auc_custom: 0.6244 - val_f1_custom: 0.0000e+00 - val_recall_custom: 0.0000e+00 - 1s/epoch - 24ms/step
Curriculum: set focal gamma = 1.0000 (epoch 27)
Epoch 27/70
56/56 - 1s - loss: 0.0623 - auc: 0.7391 - val_loss: 0.0769 - val_auc: 0.6288 - val_auc_custom: 0.6277 - val_f1_custom: 0.0370 - val_recall_custom: 0.0189 - 1s/epoch - 24ms/step
Curriculum: set focal gamma = 1.0000 (epoch 28)
Epoch 28/70
56/56 - 1s - loss: 0.0622 - auc: 0.7399 - val_loss: 0.0777 - val_auc: 0.6270 - val_auc_custom: 0.6269 - val_f1_custom: 0.0727 - val_recall_custom: 0.0377 - 1s/epoch - 22ms/step
Curriculum: set focal gamma = 1.0000 (epoch 29)
Epoch 29/70
56/56 - 1s - loss: 0.0621 - auc: 0.7312 - val_loss: 0.0790 - val_auc: 0.6219 - val_auc_custom: 0.6242 - val_f1_custom: 0.0727 - val_recall_custom: 0.0377 - 1s/epoch - 22ms/step
Curriculum: set focal gamma = 1.0000 (epoch 30)
Epoch 30/70
56/56 - 1s - loss: 0.0614 - auc: 0.7502 - val_loss: 0.0796 - val_auc: 0.6309 - val_auc_custom: 0.6309 - val_f1_custom: 0.0727 - val_recall_custom: 0.0377 - 1s/epoch - 24ms/step
Curriculum: set focal gamma = 1.0000 (epoch 31)
Epoch 31/70
56/56 - 1s - loss: 0.0598 - auc: 0.7736 - val_loss: 0.0800 - val_auc: 0.6419 - val_auc_custom: 0.6420 - val_f1_custom: 0.0714 - val_recall_custom: 0.0377 - 1s/epoch - 23ms/step
Curriculum: set focal gamma = 1.0000 (epoch 32)
Epoch 32/70
56/56 - 1s - loss: 0.0604 - auc: 0.7622 - val_loss: 0.0811 - val_auc: 0.6367 - val_auc_custom: 0.6370 - val_f1_custom: 0.1034 - val_recall_custom: 0.0566 - 1s/epoch - 22ms/step
Curriculum: set focal gamma = 1.0000 (epoch 33)
Epoch 33/70
56/56 - 1s - loss: 0.0586 - auc: 0.7749 - val_loss: 0.0794 - val_auc: 0.6513 - val_auc_custom: 0.6501 - val_f1_custom: 0.0714 - val_recall_custom: 0.0377 - 1s/epoch - 24ms/step
Curriculum: set focal gamma = 1.0000 (epoch 34)
Epoch 34/70
56/56 - 1s - loss: 0.0587 - auc: 0.7801 - val_loss: 0.0795 - val_auc: 0.6623 - val_auc_custom: 0.6604 - val_f1_custom: 0.0714 - val_recall_custom: 0.0377 - 1s/epoch - 23ms/step
Curriculum: set focal gamma = 1.0000 (epoch 35)
Epoch 35/70
56/56 - 1s - loss: 0.0579 - auc: 0.7853 - val_loss: 0.0824 - val_auc: 0.6530 - val_auc_custom: 0.6531 - val_f1_custom: 0.1639 - val_recall_custom: 0.0943 - 1s/epoch - 22ms/step
Curriculum: set focal gamma = 1.0000 (epoch 36)
Epoch 36/70
56/56 - 1s - loss: 0.0576 - auc: 0.7949 - val_loss: 0.0847 - val_auc: 0.6538 - val_auc_custom: 0.6538 - val_f1_custom: 0.1613 - val_recall_custom: 0.0943 - 1s/epoch - 22ms/step
Curriculum: set focal gamma = 1.0000 (epoch 37)
Epoch 37/70
56/56 - -2s - loss: 0.0567 - auc: 0.7964 - val_loss: 0.0815 - val_auc: 0.6726 - val_auc_custom: 0.6719 - val_f1_custom: 0.1356 - val_recall_custom: 0.0755 - -1503432us/epoch - -26847us/step
Curriculum: set focal gamma = 1.0000 (epoch 38)
Epoch 38/70
56/56 - 1s - loss: 0.0577 - auc: 0.7800 - val_loss: 0.0858 - val_auc: 0.6716 - val_auc_custom: 0.6709 - val_f1_custom: 0.1613 - val_recall_custom: 0.0943 - 1s/epoch - 22ms/step
Curriculum: set focal gamma = 1.0000 (epoch 39)
Epoch 39/70
56/56 - 1s - loss: 0.0545 - auc: 0.8284 - val_loss: 0.0847 - val_auc: 0.6698 - val_auc_custom: 0.6712 - val_f1_custom: 0.1613 - val_recall_custom: 0.0943 - 1s/epoch - 23ms/step
Curriculum: set focal gamma = 1.0000 (epoch 40)
Epoch 40/70
56/56 - 1s - loss: 0.0545 - auc: 0.8165 - val_loss: 0.0845 - val_auc: 0.6815 - val_auc_custom: 0.6813 - val_f1_custom: 0.1935 - val_recall_custom: 0.1132 - 1s/epoch - 23ms/step
Curriculum: set focal gamma = 1.0000 (epoch 41)
Epoch 41/70
56/56 - 1s - loss: 0.0539 - auc: 0.8257 - val_loss: 0.0866 - val_auc: 0.6838 - val_auc_custom: 0.6818 - val_f1_custom: 0.2188 - val_recall_custom: 0.1321 - 1s/epoch - 23ms/step
Curriculum: set focal gamma = 1.0000 (epoch 42)
Epoch 42/70
56/56 - 1s - loss: 0.0540 - auc: 0.8274 - val_loss: 0.0919 - val_auc: 0.6669 - val_auc_custom: 0.6669 - val_f1_custom: 0.2388 - val_recall_custom: 0.1509 - 1s/epoch - 22ms/step
Curriculum: set focal gamma = 1.0000 (epoch 43)
Epoch 43/70
56/56 - 1s - loss: 0.0542 - auc: 0.8179 - val_loss: 0.0895 - val_auc: 0.6810 - val_auc_custom: 0.6825 - val_f1_custom: 0.2424 - val_recall_custom: 0.1509 - 1s/epoch - 22ms/step
Curriculum: set focal gamma = 1.0000 (epoch 44)
Epoch 44/70
56/56 - 1s - loss: 0.0524 - auc: 0.8365 - val_loss: 0.0889 - val_auc: 0.6908 - val_auc_custom: 0.6918 - val_f1_custom: 0.2424 - val_recall_custom: 0.1509 - 1s/epoch - 24ms/step
Curriculum: set focal gamma = 1.0000 (epoch 45)
Epoch 45/70
56/56 - 1s - loss: 0.0514 - auc: 0.8404 - val_loss: 0.1003 - val_auc: 0.6723 - val_auc_custom: 0.6712 - val_f1_custom: 0.2857 - val_recall_custom: 0.1887 - 1s/epoch - 22ms/step
Curriculum: set focal gamma = 1.0000 (epoch 46)
Epoch 46/70
56/56 - 1s - loss: 0.0523 - auc: 0.8354 - val_loss: 0.0974 - val_auc: 0.6896 - val_auc_custom: 0.6906 - val_f1_custom: 0.3056 - val_recall_custom: 0.2075 - 1s/epoch - 21ms/step
Curriculum: set focal gamma = 1.0000 (epoch 47)
Epoch 47/70
56/56 - 1s - loss: 0.0498 - auc: 0.8494 - val_loss: 0.0986 - val_auc: 0.6791 - val_auc_custom: 0.6792 - val_f1_custom: 0.3562 - val_recall_custom: 0.2453 - 1s/epoch - 21ms/step
Curriculum: set focal gamma = 1.0000 (epoch 48)
Epoch 48/70
56/56 - 1s - loss: 0.0508 - auc: 0.8421 - val_loss: 0.0923 - val_auc: 0.6904 - val_auc_custom: 0.6898 - val_f1_custom: 0.3099 - val_recall_custom: 0.2075 - 1s/epoch - 22ms/step
Curriculum: set focal gamma = 1.0000 (epoch 49)
Epoch 49/70
56/56 - 1s - loss: 0.0485 - auc: 0.8633 - val_loss: 0.0933 - val_auc: 0.7001 - val_auc_custom: 0.6994 - val_f1_custom: 0.3380 - val_recall_custom: 0.2264 - 1s/epoch - 24ms/step
Curriculum: set focal gamma = 1.0000 (epoch 50)
Epoch 50/70
56/56 - 1s - loss: 0.0504 - auc: 0.8514 - val_loss: 0.0981 - val_auc: 0.7045 - val_auc_custom: 0.7034 - val_f1_custom: 0.3590 - val_recall_custom: 0.2642 - 1s/epoch - 24ms/step
Curriculum: set focal gamma = 1.0000 (epoch 51)
Epoch 51/70
56/56 - 1s - loss: 0.0479 - auc: 0.8664 - val_loss: 0.1159 - val_auc: 0.6693 - val_auc_custom: 0.6692 - val_f1_custom: 0.3953 - val_recall_custom: 0.3208 - 1s/epoch - 21ms/step
Curriculum: set focal gamma = 1.0000 (epoch 52)
Epoch 52/70
56/56 - 1s - loss: 0.0465 - auc: 0.8782 - val_loss: 0.0994 - val_auc: 0.7044 - val_auc_custom: 0.7052 - val_f1_custom: 0.3467 - val_recall_custom: 0.2453 - 1s/epoch - 21ms/step
Curriculum: set focal gamma = 1.0000 (epoch 53)
Epoch 53/70
56/56 - 1s - loss: 0.0464 - auc: 0.8750 - val_loss: 0.1035 - val_auc: 0.7034 - val_auc_custom: 0.7036 - val_f1_custom: 0.3846 - val_recall_custom: 0.2830 - 1s/epoch - 21ms/step
Curriculum: set focal gamma = 1.0000 (epoch 54)
Epoch 54/70
56/56 - 1s - loss: 0.0445 - auc: 0.8863 - val_loss: 0.1151 - val_auc: 0.6764 - val_auc_custom: 0.6767 - val_f1_custom: 0.4048 - val_recall_custom: 0.3208 - 1s/epoch - 22ms/step
Curriculum: set focal gamma = 1.0000 (epoch 55)
Epoch 55/70
56/56 - 1s - loss: 0.0467 - auc: 0.8716 - val_loss: 0.1068 - val_auc: 0.7196 - val_auc_custom: 0.7195 - val_f1_custom: 0.3590 - val_recall_custom: 0.2642 - 1s/epoch - 24ms/step
Curriculum: set focal gamma = 1.0000 (epoch 56)
Epoch 56/70
56/56 - 1s - loss: 0.0467 - auc: 0.8778 - val_loss: 0.1259 - val_auc: 0.7191 - val_auc_custom: 0.7177 - val_f1_custom: 0.5263 - val_recall_custom: 0.4717 - 1s/epoch - 22ms/step
Curriculum: set focal gamma = 1.0000 (epoch 57)
Epoch 57/70
56/56 - 1s - loss: 0.0442 - auc: 0.8885 - val_loss: 0.1239 - val_auc: 0.7013 - val_auc_custom: 0.7014 - val_f1_custom: 0.4048 - val_recall_custom: 0.3208 - 1s/epoch - 22ms/step
Curriculum: set focal gamma = 1.0000 (epoch 58)
Epoch 58/70
56/56 - 1s - loss: 0.0471 - auc: 0.8735 - val_loss: 0.1060 - val_auc: 0.7180 - val_auc_custom: 0.7180 - val_f1_custom: 0.3636 - val_recall_custom: 0.2642 - 1s/epoch - 21ms/step
Curriculum: set focal gamma = 1.0000 (epoch 59)
Epoch 59/70
56/56 - 1s - loss: 0.0450 - auc: 0.8869 - val_loss: 0.1225 - val_auc: 0.7016 - val_auc_custom: 0.6994 - val_f1_custom: 0.4048 - val_recall_custom: 0.3208 - 1s/epoch - 22ms/step
Curriculum: set focal gamma = 1.0000 (epoch 60)
Epoch 60/70
56/56 - 1s - loss: 0.0410 - auc: 0.9058 - val_loss: 0.1157 - val_auc: 0.7047 - val_auc_custom: 0.7042 - val_f1_custom: 0.3902 - val_recall_custom: 0.3019 - 1s/epoch - 22ms/step
Curriculum: set focal gamma = 1.0000 (epoch 61)
Epoch 61/70
56/56 - 1s - loss: 0.0391 - auc: 0.9170 - val_loss: 0.1310 - val_auc: 0.7001 - val_auc_custom: 0.7001 - val_f1_custom: 0.4419 - val_recall_custom: 0.3585 - 1s/epoch - 23ms/step
Curriculum: set focal gamma = 1.0000 (epoch 62)
Epoch 62/70
56/56 - 1s - loss: 0.0437 - auc: 0.8934 - val_loss: 0.1133 - val_auc: 0.7216 - val_auc_custom: 0.7215 - val_f1_custom: 0.4146 - val_recall_custom: 0.3208 - 1s/epoch - 24ms/step
Curriculum: set focal gamma = 1.0000 (epoch 63)
Epoch 63/70
56/56 - -2s - loss: 0.0423 - auc: 0.9022 - val_loss: 0.1520 - val_auc: 0.7055 - val_auc_custom: 0.7062 - val_f1_custom: 0.5306 - val_recall_custom: 0.4906 - -1558801us/epoch - -27836us/step
Curriculum: set focal gamma = 1.0000 (epoch 64)
Epoch 64/70
56/56 - 1s - loss: 0.0414 - auc: 0.9082 - val_loss: 0.1294 - val_auc: 0.7053 - val_auc_custom: 0.7064 - val_f1_custom: 0.4048 - val_recall_custom: 0.3208 - 1s/epoch - 22ms/step
Curriculum: set focal gamma = 1.0000 (epoch 65)
Epoch 65/70
56/56 - 1s - loss: 0.0399 - auc: 0.9122 - val_loss: 0.1227 - val_auc: 0.7221 - val_auc_custom: 0.7228 - val_f1_custom: 0.4096 - val_recall_custom: 0.3208 - 1s/epoch - 24ms/step
Curriculum: set focal gamma = 1.0000 (epoch 66)
Epoch 66/70
56/56 - 1s - loss: 0.0407 - auc: 0.9007 - val_loss: 0.1812 - val_auc: 0.6898 - val_auc_custom: 0.6896 - val_f1_custom: 0.5421 - val_recall_custom: 0.5472 - 1s/epoch - 22ms/step
Curriculum: set focal gamma = 1.0000 (epoch 67)
Epoch 67/70
56/56 - 1s - loss: 0.0373 - auc: 0.9211 - val_loss: 0.1157 - val_auc: 0.7203 - val_auc_custom: 0.7182 - val_f1_custom: 0.4000 - val_recall_custom: 0.3019 - 1s/epoch - 21ms/step
Curriculum: set focal gamma = 1.0000 (epoch 68)
Epoch 68/70
56/56 - 1s - loss: 0.0372 - auc: 0.9176 - val_loss: 0.1596 - val_auc: 0.6919 - val_auc_custom: 0.6931 - val_f1_custom: 0.4783 - val_recall_custom: 0.4151 - 1s/epoch - 22ms/step
Curriculum: set focal gamma = 1.0000 (epoch 69)
Epoch 69/70
56/56 - 1s - loss: 0.0397 - auc: 0.9046 - val_loss: 0.1191 - val_auc: 0.7247 - val_auc_custom: 0.7240 - val_f1_custom: 0.3590 - val_recall_custom: 0.2642 - 1s/epoch - 25ms/step
Curriculum: set focal gamma = 1.0000 (epoch 70)
Epoch 70/70
56/56 - 1s - loss: 0.0404 - auc: 0.9112 - val_loss: 0.2124 - val_auc: 0.6727 - val_auc_custom: 0.6730 - val_f1_custom: 0.4954 - val_recall_custom: 0.5094 - 1s/epoch - 22ms/step
Mask config -> mode=soft, threshold=0.6, window_gate=None
Done. Results saved to /home/user/projects/train/model/long_window/CNN_BiLSTM/result_focal_sweep/cw02_fg05/01
