2025-09-18 02:25:24.532459: I tensorflow/core/util/port.cc:110] oneDNN custom operations are on. You may see slightly different numerical results due to floating-point round-off errors from different computation orders. To turn them off, set the environment variable `TF_ENABLE_ONEDNN_OPTS=0`.
2025-09-18 02:25:24.789102: I tensorflow/core/platform/cpu_feature_guard.cc:182] This TensorFlow binary is optimized to use available CPU instructions in performance-critical operations.
To enable the following instructions: AVX2 AVX_VNNI FMA, in other operations, rebuild TensorFlow with the appropriate compiler flags.
2025-09-18 02:25:25.649837: W tensorflow/compiler/tf2tensorrt/utils/py_utils.cc:38] TF-TRT Warning: Could not find TensorRT
2025-09-18 02:25:26.593067: I tensorflow/compiler/xla/stream_executor/cuda/cuda_gpu_executor.cc:981] could not open file to read NUMA node: /sys/bus/pci/devices/0000:01:00.0/numa_node
Your kernel may have been built without NUMA support.
2025-09-18 02:25:26.742945: I tensorflow/compiler/xla/stream_executor/cuda/cuda_gpu_executor.cc:981] could not open file to read NUMA node: /sys/bus/pci/devices/0000:01:00.0/numa_node
Your kernel may have been built without NUMA support.
2025-09-18 02:25:26.743036: I tensorflow/compiler/xla/stream_executor/cuda/cuda_gpu_executor.cc:981] could not open file to read NUMA node: /sys/bus/pci/devices/0000:01:00.0/numa_node
Your kernel may have been built without NUMA support.
2025-09-18 02:25:26.745596: I tensorflow/compiler/xla/stream_executor/cuda/cuda_gpu_executor.cc:981] could not open file to read NUMA node: /sys/bus/pci/devices/0000:01:00.0/numa_node
Your kernel may have been built without NUMA support.
2025-09-18 02:25:26.745682: I tensorflow/compiler/xla/stream_executor/cuda/cuda_gpu_executor.cc:981] could not open file to read NUMA node: /sys/bus/pci/devices/0000:01:00.0/numa_node
Your kernel may have been built without NUMA support.
2025-09-18 02:25:26.745707: I tensorflow/compiler/xla/stream_executor/cuda/cuda_gpu_executor.cc:981] could not open file to read NUMA node: /sys/bus/pci/devices/0000:01:00.0/numa_node
Your kernel may have been built without NUMA support.
2025-09-18 02:25:26.927370: I tensorflow/compiler/xla/stream_executor/cuda/cuda_gpu_executor.cc:981] could not open file to read NUMA node: /sys/bus/pci/devices/0000:01:00.0/numa_node
Your kernel may have been built without NUMA support.
2025-09-18 02:25:26.927476: I tensorflow/compiler/xla/stream_executor/cuda/cuda_gpu_executor.cc:981] could not open file to read NUMA node: /sys/bus/pci/devices/0000:01:00.0/numa_node
Your kernel may have been built without NUMA support.
2025-09-18 02:25:26.927485: I tensorflow/core/common_runtime/gpu/gpu_device.cc:1726] Could not identify NUMA node of platform GPU id 0, defaulting to 0.  Your kernel may not have been built with NUMA support.
2025-09-18 02:25:26.927509: I tensorflow/compiler/xla/stream_executor/cuda/cuda_gpu_executor.cc:981] could not open file to read NUMA node: /sys/bus/pci/devices/0000:01:00.0/numa_node
Your kernel may have been built without NUMA support.
2025-09-18 02:25:26.927603: I tensorflow/core/common_runtime/gpu/gpu_device.cc:1639] Created device /job:localhost/replica:0/task:0/device:GPU:0 with 9517 MB memory:  -> device: 0, name: NVIDIA GeForce RTX 4070 SUPER, pci bus id: 0000:01:00.0, compute capability: 8.9
GPU detected: 1 physical, 1 logical -> ['/device:GPU:0']
Config: batch=16, accumulate_steps=8 -> effective_batch=128
Loaded (1276, 36, 75) (1276,)
Using mask channel "occlusion_flag" from long_raw (index 7)
Model: "cnn_bilstm_attn_masked"
__________________________________________________________________________________________________
 Layer (type)                Output Shape                 Param #   Connected to                  
==================================================================================================
 input (InputLayer)          [(None, 36, 75)]             0         []                            
                                                                                                  
 permute_time_features (Per  (None, 75, 36)               0         ['input[0][0]']               
 mute)                                                                                            
                                                                                                  
 conv0 (Conv1D)              (None, 75, 64)               6976      ['permute_time_features[0][0]'
                                                                    ]                             
                                                                                                  
 bn0 (BatchNormalization)    (None, 75, 64)               256       ['conv0[0][0]']               
                                                                                                  
 act0 (Activation)           (None, 75, 64)               0         ['bn0[0][0]']                 
                                                                                                  
 conv_dropout0 (Dropout)     (None, 75, 64)               0         ['act0[0][0]']                
                                                                                                  
 conv1 (Conv1D)              (None, 75, 64)               20544     ['conv_dropout0[0][0]']       
                                                                                                  
 bn1 (BatchNormalization)    (None, 75, 64)               256       ['conv1[0][0]']               
                                                                                                  
 act1 (Activation)           (None, 75, 64)               0         ['bn1[0][0]']                 
                                                                                                  
 conv_dropout1 (Dropout)     (None, 75, 64)               0         ['act1[0][0]']                
                                                                                                  
 conv2 (Conv1D)              (None, 75, 64)               12352     ['conv_dropout1[0][0]']       
                                                                                                  
 bn2 (BatchNormalization)    (None, 75, 64)               256       ['conv2[0][0]']               
                                                                                                  
 act2 (Activation)           (None, 75, 64)               0         ['bn2[0][0]']                 
                                                                                                  
 conv_dropout2 (Dropout)     (None, 75, 64)               0         ['act2[0][0]']                
                                                                                                  
 bilstm (Bidirectional)      (None, 75, 128)              66048     ['conv_dropout2[0][0]']       
                                                                                                  
 mlp_attn_u (Dense)          (None, 75, 32)               4128      ['bilstm[0][0]']              
                                                                                                  
 mlp_attn_score (Dense)      (None, 75, 1)                33        ['mlp_attn_u[0][0]']          
                                                                                                  
 mlp_attn_squeeze (Lambda)   (None, 75)                   0         ['mlp_attn_score[0][0]']      
                                                                                                  
 attn_mask (InputLayer)      [(None, 75)]                 0         []                            
                                                                                                  
 mlp_attn_apply_mask (Lambd  (None, 75)                   0         ['mlp_attn_squeeze[0][0]',    
 a)                                                                  'attn_mask[0][0]']           
                                                                                                  
 mlp_attn_softmax (Lambda)   (None, 75)                   0         ['mlp_attn_apply_mask[0][0]'] 
                                                                                                  
 mlp_attn_expand (Lambda)    (None, 75, 1)                0         ['mlp_attn_softmax[0][0]']    
                                                                                                  
 mlp_attn_weighted (Lambda)  (None, 128)                  0         ['bilstm[0][0]',              
                                                                     'mlp_attn_expand[0][0]']     
                                                                                                  
 fc1 (Dense)                 (None, 64)                   8256      ['mlp_attn_weighted[0][0]']   
                                                                                                  
 fc_dropout (Dropout)        (None, 64)                   0         ['fc1[0][0]']                 
                                                                                                  
 out (Dense)                 (None, 1)                    65        ['fc_dropout[0][0]']          
                                                                                                  
==================================================================================================
Total params: 119171 (465.51 KB)
Trainable params: 118786 (464.01 KB)
Non-trainable params: 385 (1.50 KB)
__________________________________________________________________________________________________
None
Writing results to result_confirm_seed3/01
Curriculum: set focal gamma = 0.0000 (epoch 1)
Epoch 1/70
2025-09-18 02:25:31.459782: I tensorflow/compiler/xla/stream_executor/cuda/cuda_dnn.cc:432] Loaded cuDNN version 8600
2025-09-18 02:25:31.698310: I tensorflow/tsl/platform/default/subprocess.cc:304] Start cannot spawn child process: No such file or directory
2025-09-18 02:25:32.065444: I tensorflow/compiler/xla/stream_executor/cuda/cuda_blas.cc:606] TensorFloat-32 will be used for the matrix multiplication. This will only be logged once.
2025-09-18 02:25:32.861500: I tensorflow/compiler/xla/service/service.cc:168] XLA service 0x62033a1d4b30 initialized for platform CUDA (this does not guarantee that XLA will be used). Devices:
2025-09-18 02:25:32.861571: I tensorflow/compiler/xla/service/service.cc:176]   StreamExecutor device (0): NVIDIA GeForce RTX 4070 SUPER, Compute Capability 8.9
2025-09-18 02:25:32.904149: I tensorflow/compiler/mlir/tensorflow/utils/dump_mlir_util.cc:255] disabling MLIR crash reproducer, set env var `MLIR_CRASH_REPRODUCER_DIRECTORY` to enable.
2025-09-18 02:25:33.065191: I tensorflow/tsl/platform/default/subprocess.cc:304] Start cannot spawn child process: No such file or directory
2025-09-18 02:25:33.121114: I ./tensorflow/compiler/jit/device_compiler.h:186] Compiled cluster using XLA!  This line is logged at most once for the lifetime of the process.
56/56 - 9s - loss: 0.3248 - auc: 0.5131 - val_loss: 0.3345 - val_auc: 0.6033 - val_auc_custom: 0.6040 - val_f1_custom: 0.0000e+00 - val_recall_custom: 0.0000e+00 - 9s/epoch - 157ms/step
Curriculum: set focal gamma = 0.0526 (epoch 2)
Epoch 2/70
56/56 - 2s - loss: 0.2897 - auc: 0.5903 - val_loss: 0.3100 - val_auc: 0.5894 - val_auc_custom: 0.5897 - val_f1_custom: 0.0000e+00 - val_recall_custom: 0.0000e+00 - 2s/epoch - 39ms/step
Curriculum: set focal gamma = 0.1053 (epoch 3)
Epoch 3/70
56/56 - 2s - loss: 0.2746 - auc: 0.6387 - val_loss: 0.2948 - val_auc: 0.5918 - val_auc_custom: 0.5914 - val_f1_custom: 0.0000e+00 - val_recall_custom: 0.0000e+00 - 2s/epoch - 40ms/step
Curriculum: set focal gamma = 0.1579 (epoch 4)
Epoch 4/70
56/56 - 2s - loss: 0.2659 - auc: 0.6084 - val_loss: 0.2836 - val_auc: 0.6000 - val_auc_custom: 0.5975 - val_f1_custom: 0.1356 - val_recall_custom: 0.0755 - 2s/epoch - 40ms/step
Curriculum: set focal gamma = 0.2105 (epoch 5)
Epoch 5/70
56/56 - 2s - loss: 0.2494 - auc: 0.6580 - val_loss: 0.2734 - val_auc: 0.6011 - val_auc_custom: 0.6015 - val_f1_custom: 0.2222 - val_recall_custom: 0.1321 - 2s/epoch - 41ms/step
Curriculum: set focal gamma = 0.2632 (epoch 6)
Epoch 6/70
56/56 - 2s - loss: 0.2375 - auc: 0.6728 - val_loss: 0.2654 - val_auc: 0.5943 - val_auc_custom: 0.5950 - val_f1_custom: 0.2609 - val_recall_custom: 0.1698 - 2s/epoch - 39ms/step
Curriculum: set focal gamma = 0.3158 (epoch 7)
Epoch 7/70
56/56 - 2s - loss: 0.2326 - auc: 0.6522 - val_loss: 0.2568 - val_auc: 0.5881 - val_auc_custom: 0.5874 - val_f1_custom: 0.2388 - val_recall_custom: 0.1509 - 2s/epoch - 37ms/step
Curriculum: set focal gamma = 0.3684 (epoch 8)
Epoch 8/70
56/56 - 2s - loss: 0.2171 - auc: 0.6888 - val_loss: 0.2470 - val_auc: 0.5858 - val_auc_custom: 0.5852 - val_f1_custom: 0.3099 - val_recall_custom: 0.2075 - 2s/epoch - 39ms/step
Curriculum: set focal gamma = 0.4211 (epoch 9)
Epoch 9/70
56/56 - 2s - loss: 0.2071 - auc: 0.6960 - val_loss: 0.2386 - val_auc: 0.5863 - val_auc_custom: 0.5879 - val_f1_custom: 0.3099 - val_recall_custom: 0.2075 - 2s/epoch - 42ms/step
Curriculum: set focal gamma = 0.4737 (epoch 10)
Epoch 10/70
56/56 - 2s - loss: 0.2019 - auc: 0.6852 - val_loss: 0.2298 - val_auc: 0.5958 - val_auc_custom: 0.5957 - val_f1_custom: 0.3158 - val_recall_custom: 0.2264 - 2s/epoch - 38ms/step
Curriculum: set focal gamma = 0.5263 (epoch 11)
Epoch 11/70
56/56 - 2s - loss: 0.1899 - auc: 0.7120 - val_loss: 0.2219 - val_auc: 0.6011 - val_auc_custom: 0.6018 - val_f1_custom: 0.3200 - val_recall_custom: 0.2264 - 2s/epoch - 40ms/step
Curriculum: set focal gamma = 0.5789 (epoch 12)
Epoch 12/70
56/56 - 2s - loss: 0.1820 - auc: 0.7162 - val_loss: 0.2154 - val_auc: 0.6077 - val_auc_custom: 0.6073 - val_f1_custom: 0.3200 - val_recall_custom: 0.2264 - 2s/epoch - 41ms/step
Curriculum: set focal gamma = 0.6316 (epoch 13)
Epoch 13/70
56/56 - 1s - loss: 0.1704 - auc: 0.7441 - val_loss: 0.2058 - val_auc: 0.6215 - val_auc_custom: 0.6214 - val_f1_custom: 0.3291 - val_recall_custom: 0.2453 - 1s/epoch - 22ms/step
Curriculum: set focal gamma = 0.6842 (epoch 14)
Epoch 14/70
56/56 - 2s - loss: 0.1639 - auc: 0.7515 - val_loss: 0.1980 - val_auc: 0.6374 - val_auc_custom: 0.6397 - val_f1_custom: 0.3291 - val_recall_custom: 0.2453 - 2s/epoch - 38ms/step
Curriculum: set focal gamma = 0.7368 (epoch 15)
Epoch 15/70
56/56 - 2s - loss: 0.1575 - auc: 0.7469 - val_loss: 0.1901 - val_auc: 0.6503 - val_auc_custom: 0.6488 - val_f1_custom: 0.3377 - val_recall_custom: 0.2453 - 2s/epoch - 43ms/step
Curriculum: set focal gamma = 0.7895 (epoch 16)
Epoch 16/70
56/56 - 2s - loss: 0.1468 - auc: 0.7770 - val_loss: 0.1842 - val_auc: 0.6668 - val_auc_custom: 0.6657 - val_f1_custom: 0.4235 - val_recall_custom: 0.3396 - 2s/epoch - 37ms/step
Curriculum: set focal gamma = 0.8421 (epoch 17)
Epoch 17/70
56/56 - 2s - loss: 0.1410 - auc: 0.7750 - val_loss: 0.1778 - val_auc: 0.6677 - val_auc_custom: 0.6689 - val_f1_custom: 0.4000 - val_recall_custom: 0.3019 - 2s/epoch - 40ms/step
Curriculum: set focal gamma = 0.8947 (epoch 18)
Epoch 18/70
56/56 - 2s - loss: 0.1331 - auc: 0.7916 - val_loss: 0.1719 - val_auc: 0.6721 - val_auc_custom: 0.6717 - val_f1_custom: 0.4773 - val_recall_custom: 0.3962 - 2s/epoch - 44ms/step
Curriculum: set focal gamma = 0.9474 (epoch 19)
Epoch 19/70
56/56 - 2s - loss: 0.1301 - auc: 0.7926 - val_loss: 0.1693 - val_auc: 0.6713 - val_auc_custom: 0.6719 - val_f1_custom: 0.4615 - val_recall_custom: 0.3962 - 2s/epoch - 40ms/step
Curriculum: set focal gamma = 1.0000 (epoch 20)
Epoch 20/70
56/56 - 2s - loss: 0.1213 - auc: 0.8031 - val_loss: 0.1565 - val_auc: 0.6942 - val_auc_custom: 0.6936 - val_f1_custom: 0.4828 - val_recall_custom: 0.3962 - 2s/epoch - 43ms/step
Curriculum: set focal gamma = 1.0000 (epoch 21)
Epoch 21/70
56/56 - 2s - loss: 0.1214 - auc: 0.8013 - val_loss: 0.1540 - val_auc: 0.7093 - val_auc_custom: 0.7087 - val_f1_custom: 0.5333 - val_recall_custom: 0.4528 - 2s/epoch - 41ms/step
Curriculum: set focal gamma = 1.0000 (epoch 22)
Epoch 22/70
56/56 - 2s - loss: 0.1179 - auc: 0.8160 - val_loss: 0.1551 - val_auc: 0.7155 - val_auc_custom: 0.7155 - val_f1_custom: 0.5000 - val_recall_custom: 0.4340 - 2s/epoch - 41ms/step
Curriculum: set focal gamma = 1.0000 (epoch 23)
Epoch 23/70
56/56 - 2s - loss: 0.1162 - auc: 0.8250 - val_loss: 0.1585 - val_auc: 0.7094 - val_auc_custom: 0.7089 - val_f1_custom: 0.5417 - val_recall_custom: 0.4906 - 2s/epoch - 41ms/step
Curriculum: set focal gamma = 1.0000 (epoch 24)
Epoch 24/70
56/56 - 2s - loss: 0.1132 - auc: 0.8342 - val_loss: 0.1546 - val_auc: 0.7345 - val_auc_custom: 0.7348 - val_f1_custom: 0.4819 - val_recall_custom: 0.3774 - 2s/epoch - 39ms/step
Curriculum: set focal gamma = 1.0000 (epoch 25)
Epoch 25/70
56/56 - 2s - loss: 0.1092 - auc: 0.8460 - val_loss: 0.1629 - val_auc: 0.7103 - val_auc_custom: 0.7104 - val_f1_custom: 0.5833 - val_recall_custom: 0.5283 - 2s/epoch - 41ms/step
Curriculum: set focal gamma = 1.0000 (epoch 26)
Epoch 26/70
56/56 - 2s - loss: 0.1141 - auc: 0.8295 - val_loss: 0.1625 - val_auc: 0.7166 - val_auc_custom: 0.7157 - val_f1_custom: 0.4884 - val_recall_custom: 0.3962 - 2s/epoch - 41ms/step
Curriculum: set focal gamma = 1.0000 (epoch 27)
Epoch 27/70
56/56 - 1s - loss: 0.1077 - auc: 0.8537 - val_loss: 0.1645 - val_auc: 0.7068 - val_auc_custom: 0.7077 - val_f1_custom: 0.5275 - val_recall_custom: 0.4528 - 1s/epoch - 22ms/step
Curriculum: set focal gamma = 1.0000 (epoch 28)
Epoch 28/70
56/56 - 2s - loss: 0.1106 - auc: 0.8440 - val_loss: 0.1675 - val_auc: 0.7020 - val_auc_custom: 0.7021 - val_f1_custom: 0.5714 - val_recall_custom: 0.5283 - 2s/epoch - 39ms/step
Curriculum: set focal gamma = 1.0000 (epoch 29)
Epoch 29/70
56/56 - 2s - loss: 0.1079 - auc: 0.8492 - val_loss: 0.1690 - val_auc: 0.7078 - val_auc_custom: 0.7067 - val_f1_custom: 0.6139 - val_recall_custom: 0.5849 - 2s/epoch - 39ms/step
Curriculum: set focal gamma = 1.0000 (epoch 30)
Epoch 30/70
56/56 - 2s - loss: 0.1059 - auc: 0.8574 - val_loss: 0.1708 - val_auc: 0.7049 - val_auc_custom: 0.7057 - val_f1_custom: 0.4706 - val_recall_custom: 0.3774 - 2s/epoch - 41ms/step
Curriculum: set focal gamma = 1.0000 (epoch 31)
Epoch 31/70
56/56 - 2s - loss: 0.1074 - auc: 0.8529 - val_loss: 0.1833 - val_auc: 0.6797 - val_auc_custom: 0.6803 - val_f1_custom: 0.5872 - val_recall_custom: 0.6038 - 2s/epoch - 39ms/step
Curriculum: set focal gamma = 1.0000 (epoch 32)
Epoch 32/70
56/56 - 2s - loss: 0.1041 - auc: 0.8653 - val_loss: 0.1691 - val_auc: 0.7243 - val_auc_custom: 0.7238 - val_f1_custom: 0.6400 - val_recall_custom: 0.6038 - 2s/epoch - 41ms/step
Curriculum: set focal gamma = 1.0000 (epoch 33)
Epoch 33/70
56/56 - 2s - loss: 0.1016 - auc: 0.8724 - val_loss: 0.1749 - val_auc: 0.7092 - val_auc_custom: 0.7089 - val_f1_custom: 0.5111 - val_recall_custom: 0.4340 - 2s/epoch - 41ms/step
Curriculum: set focal gamma = 1.0000 (epoch 34)
Epoch 34/70
56/56 - 2s - loss: 0.0959 - auc: 0.8901 - val_loss: 0.1815 - val_auc: 0.7075 - val_auc_custom: 0.7079 - val_f1_custom: 0.6364 - val_recall_custom: 0.6604 - 2s/epoch - 40ms/step
Curriculum: set focal gamma = 1.0000 (epoch 35)
Epoch 35/70
56/56 - 2s - loss: 0.0989 - auc: 0.8813 - val_loss: 0.1854 - val_auc: 0.7070 - val_auc_custom: 0.7069 - val_f1_custom: 0.6018 - val_recall_custom: 0.6415 - 2s/epoch - 42ms/step
Curriculum: set focal gamma = 1.0000 (epoch 36)
Epoch 36/70
56/56 - 2s - loss: 0.0932 - auc: 0.8943 - val_loss: 0.1797 - val_auc: 0.7138 - val_auc_custom: 0.7140 - val_f1_custom: 0.6286 - val_recall_custom: 0.6226 - 2s/epoch - 40ms/step
Curriculum: set focal gamma = 1.0000 (epoch 37)
Epoch 37/70
56/56 - 2s - loss: 0.0932 - auc: 0.8932 - val_loss: 0.1897 - val_auc: 0.7043 - val_auc_custom: 0.7044 - val_f1_custom: 0.5882 - val_recall_custom: 0.5660 - 2s/epoch - 41ms/step
Curriculum: set focal gamma = 1.0000 (epoch 38)
Epoch 38/70
56/56 - 3s - loss: 0.0900 - auc: 0.9008 - val_loss: 0.1961 - val_auc: 0.7026 - val_auc_custom: 0.7031 - val_f1_custom: 0.5981 - val_recall_custom: 0.6038 - 3s/epoch - 45ms/step
Curriculum: set focal gamma = 1.0000 (epoch 39)
Epoch 39/70
56/56 - 2s - loss: 0.0889 - auc: 0.9009 - val_loss: 0.2266 - val_auc: 0.6868 - val_auc_custom: 0.6863 - val_f1_custom: 0.6240 - val_recall_custom: 0.7358 - 2s/epoch - 43ms/step
Curriculum: set focal gamma = 1.0000 (epoch 40)
Epoch 40/70
56/56 - 2s - loss: 0.0923 - auc: 0.8953 - val_loss: 0.1799 - val_auc: 0.7314 - val_auc_custom: 0.7308 - val_f1_custom: 0.6542 - val_recall_custom: 0.6604 - 2s/epoch - 42ms/step
Curriculum: set focal gamma = 1.0000 (epoch 41)
Epoch 41/70
56/56 - 1s - loss: 0.0913 - auc: 0.9033 - val_loss: 0.2114 - val_auc: 0.7042 - val_auc_custom: 0.7039 - val_f1_custom: 0.6393 - val_recall_custom: 0.7358 - 1s/epoch - 21ms/step
Curriculum: set focal gamma = 1.0000 (epoch 42)
Epoch 42/70
56/56 - 2s - loss: 0.0834 - auc: 0.9214 - val_loss: 0.1939 - val_auc: 0.7330 - val_auc_custom: 0.7336 - val_f1_custom: 0.4286 - val_recall_custom: 0.3396 - 2s/epoch - 39ms/step
Curriculum: set focal gamma = 1.0000 (epoch 43)
Epoch 43/70
56/56 - 2s - loss: 0.0862 - auc: 0.9119 - val_loss: 0.2125 - val_auc: 0.7081 - val_auc_custom: 0.7082 - val_f1_custom: 0.5932 - val_recall_custom: 0.6604 - 2s/epoch - 42ms/step
Curriculum: set focal gamma = 1.0000 (epoch 44)
Epoch 44/70
56/56 - 3s - loss: 0.0810 - auc: 0.9232 - val_loss: 0.1875 - val_auc: 0.7351 - val_auc_custom: 0.7364 - val_f1_custom: 0.6019 - val_recall_custom: 0.5849 - 3s/epoch - 45ms/step
Curriculum: set focal gamma = 1.0000 (epoch 45)
Epoch 45/70
56/56 - 2s - loss: 0.0820 - auc: 0.9242 - val_loss: 0.2676 - val_auc: 0.6672 - val_auc_custom: 0.6672 - val_f1_custom: 0.5846 - val_recall_custom: 0.7170 - 2s/epoch - 39ms/step
Curriculum: set focal gamma = 1.0000 (epoch 46)
Epoch 46/70
56/56 - 2s - loss: 0.0892 - auc: 0.9067 - val_loss: 0.1903 - val_auc: 0.7336 - val_auc_custom: 0.7336 - val_f1_custom: 0.5361 - val_recall_custom: 0.4906 - 2s/epoch - 41ms/step
Curriculum: set focal gamma = 1.0000 (epoch 47)
Epoch 47/70
56/56 - 2s - loss: 0.0760 - auc: 0.9320 - val_loss: 0.2046 - val_auc: 0.7225 - val_auc_custom: 0.7238 - val_f1_custom: 0.6250 - val_recall_custom: 0.6604 - 2s/epoch - 39ms/step
Curriculum: set focal gamma = 1.0000 (epoch 48)
Epoch 48/70
56/56 - 2s - loss: 0.0790 - auc: 0.9266 - val_loss: 0.1900 - val_auc: 0.7169 - val_auc_custom: 0.7172 - val_f1_custom: 0.5962 - val_recall_custom: 0.5849 - 2s/epoch - 43ms/step
Curriculum: set focal gamma = 1.0000 (epoch 49)
Epoch 49/70
56/56 - 2s - loss: 0.0751 - auc: 0.9310 - val_loss: 0.2333 - val_auc: 0.6997 - val_auc_custom: 0.6994 - val_f1_custom: 0.6179 - val_recall_custom: 0.7170 - 2s/epoch - 40ms/step
Curriculum: set focal gamma = 1.0000 (epoch 50)
Epoch 50/70
56/56 - 2s - loss: 0.0784 - auc: 0.9287 - val_loss: 0.2085 - val_auc: 0.7174 - val_auc_custom: 0.7172 - val_f1_custom: 0.6355 - val_recall_custom: 0.6415 - 2s/epoch - 43ms/step
Curriculum: set focal gamma = 1.0000 (epoch 51)
Epoch 51/70
56/56 - 2s - loss: 0.0786 - auc: 0.9248 - val_loss: 0.2514 - val_auc: 0.6969 - val_auc_custom: 0.6961 - val_f1_custom: 0.6400 - val_recall_custom: 0.7547 - 2s/epoch - 42ms/step
Curriculum: set focal gamma = 1.0000 (epoch 52)
Epoch 52/70
56/56 - 2s - loss: 0.0723 - auc: 0.9387 - val_loss: 0.2033 - val_auc: 0.7249 - val_auc_custom: 0.7255 - val_f1_custom: 0.5773 - val_recall_custom: 0.5283 - 2s/epoch - 41ms/step
Curriculum: set focal gamma = 1.0000 (epoch 53)
Epoch 53/70
56/56 - 2s - loss: 0.0739 - auc: 0.9320 - val_loss: 0.2021 - val_auc: 0.7421 - val_auc_custom: 0.7421 - val_f1_custom: 0.6727 - val_recall_custom: 0.6981 - 2s/epoch - 44ms/step
Curriculum: set focal gamma = 1.0000 (epoch 54)
Epoch 54/70
56/56 - 2s - loss: 0.0700 - auc: 0.9450 - val_loss: 0.2238 - val_auc: 0.7245 - val_auc_custom: 0.7253 - val_f1_custom: 0.6903 - val_recall_custom: 0.7358 - 2s/epoch - 41ms/step
Curriculum: set focal gamma = 1.0000 (epoch 55)
Epoch 55/70
56/56 - 2s - loss: 0.0665 - auc: 0.9482 - val_loss: 0.1970 - val_auc: 0.7609 - val_auc_custom: 0.7605 - val_f1_custom: 0.5918 - val_recall_custom: 0.5472 - 2s/epoch - 30ms/step
Curriculum: set focal gamma = 1.0000 (epoch 56)
Epoch 56/70
56/56 - 2s - loss: 0.0687 - auc: 0.9451 - val_loss: 0.2460 - val_auc: 0.7219 - val_auc_custom: 0.7210 - val_f1_custom: 0.6723 - val_recall_custom: 0.7547 - 2s/epoch - 44ms/step
Curriculum: set focal gamma = 1.0000 (epoch 57)
Epoch 57/70
56/56 - 2s - loss: 0.0714 - auc: 0.9396 - val_loss: 0.2059 - val_auc: 0.7499 - val_auc_custom: 0.7507 - val_f1_custom: 0.6200 - val_recall_custom: 0.5849 - 2s/epoch - 40ms/step
Curriculum: set focal gamma = 1.0000 (epoch 58)
Epoch 58/70
56/56 - 2s - loss: 0.0686 - auc: 0.9438 - val_loss: 0.2058 - val_auc: 0.7481 - val_auc_custom: 0.7484 - val_f1_custom: 0.6337 - val_recall_custom: 0.6038 - 2s/epoch - 44ms/step
Curriculum: set focal gamma = 1.0000 (epoch 59)
Epoch 59/70
56/56 - 2s - loss: 0.0654 - auc: 0.9506 - val_loss: 0.2462 - val_auc: 0.6997 - val_auc_custom: 0.6999 - val_f1_custom: 0.6435 - val_recall_custom: 0.6981 - 2s/epoch - 43ms/step
Curriculum: set focal gamma = 1.0000 (epoch 60)
Epoch 60/70
56/56 - 2s - loss: 0.0690 - auc: 0.9435 - val_loss: 0.2122 - val_auc: 0.7291 - val_auc_custom: 0.7298 - val_f1_custom: 0.6038 - val_recall_custom: 0.6038 - 2s/epoch - 42ms/step
Curriculum: set focal gamma = 1.0000 (epoch 61)
Epoch 61/70
56/56 - 2s - loss: 0.0671 - auc: 0.9475 - val_loss: 0.2185 - val_auc: 0.7242 - val_auc_custom: 0.7240 - val_f1_custom: 0.5926 - val_recall_custom: 0.6038 - 2s/epoch - 42ms/step
Curriculum: set focal gamma = 1.0000 (epoch 62)
Epoch 62/70
56/56 - 2s - loss: 0.0697 - auc: 0.9442 - val_loss: 0.2336 - val_auc: 0.7167 - val_auc_custom: 0.7170 - val_f1_custom: 0.6372 - val_recall_custom: 0.6792 - 2s/epoch - 40ms/step
Curriculum: set focal gamma = 1.0000 (epoch 63)
Epoch 63/70
56/56 - 2s - loss: 0.0673 - auc: 0.9470 - val_loss: 0.2290 - val_auc: 0.7325 - val_auc_custom: 0.7331 - val_f1_custom: 0.6609 - val_recall_custom: 0.7170 - 2s/epoch - 40ms/step
Curriculum: set focal gamma = 1.0000 (epoch 64)
Epoch 64/70
56/56 - 2s - loss: 0.0646 - auc: 0.9534 - val_loss: 0.2400 - val_auc: 0.6948 - val_auc_custom: 0.6948 - val_f1_custom: 0.6207 - val_recall_custom: 0.6792 - 2s/epoch - 41ms/step
Curriculum: set focal gamma = 1.0000 (epoch 65)
Epoch 65/70
56/56 - 2s - loss: 0.0699 - auc: 0.9435 - val_loss: 0.2179 - val_auc: 0.7321 - val_auc_custom: 0.7328 - val_f1_custom: 0.6415 - val_recall_custom: 0.6415 - 2s/epoch - 44ms/step
Curriculum: set focal gamma = 1.0000 (epoch 66)
Epoch 66/70
56/56 - 2s - loss: 0.0658 - auc: 0.9502 - val_loss: 0.2394 - val_auc: 0.6991 - val_auc_custom: 0.6989 - val_f1_custom: 0.5789 - val_recall_custom: 0.6226 - 2s/epoch - 42ms/step
Curriculum: set focal gamma = 1.0000 (epoch 67)
Epoch 67/70
56/56 - 2s - loss: 0.0624 - auc: 0.9556 - val_loss: 0.2171 - val_auc: 0.7213 - val_auc_custom: 0.7205 - val_f1_custom: 0.5849 - val_recall_custom: 0.5849 - 2s/epoch - 42ms/step
Curriculum: set focal gamma = 1.0000 (epoch 68)
Epoch 68/70
56/56 - 2s - loss: 0.0623 - auc: 0.9549 - val_loss: 0.2167 - val_auc: 0.7185 - val_auc_custom: 0.7187 - val_f1_custom: 0.5849 - val_recall_custom: 0.5849 - 2s/epoch - 41ms/step
Curriculum: set focal gamma = 1.0000 (epoch 69)
Epoch 69/70
56/56 - 1s - loss: 0.0557 - auc: 0.9646 - val_loss: 0.2431 - val_auc: 0.7287 - val_auc_custom: 0.7283 - val_f1_custom: 0.6667 - val_recall_custom: 0.7547 - 1s/epoch - 21ms/step
Curriculum: set focal gamma = 1.0000 (epoch 70)
Epoch 70/70
56/56 - 2s - loss: 0.0601 - auc: 0.9576 - val_loss: 0.2370 - val_auc: 0.7386 - val_auc_custom: 0.7384 - val_f1_custom: 0.6609 - val_recall_custom: 0.7170 - 2s/epoch - 42ms/step
Mask config -> mode=soft, threshold=0.6, window_gate=None
Done. Results saved to result_confirm_seed3/01
