2025-09-22 02:00:30.174357: I tensorflow/core/util/port.cc:110] oneDNN custom operations are on. You may see slightly different numerical results due to floating-point round-off errors from different computation orders. To turn them off, set the environment variable `TF_ENABLE_ONEDNN_OPTS=0`.
2025-09-22 02:00:30.461974: I tensorflow/core/platform/cpu_feature_guard.cc:182] This TensorFlow binary is optimized to use available CPU instructions in performance-critical operations.
To enable the following instructions: AVX2 AVX_VNNI FMA, in other operations, rebuild TensorFlow with the appropriate compiler flags.
2025-09-22 02:00:31.349203: W tensorflow/compiler/tf2tensorrt/utils/py_utils.cc:38] TF-TRT Warning: Could not find TensorRT
2025-09-22 02:00:32.293391: I tensorflow/compiler/xla/stream_executor/cuda/cuda_gpu_executor.cc:981] could not open file to read NUMA node: /sys/bus/pci/devices/0000:01:00.0/numa_node
Your kernel may have been built without NUMA support.
2025-09-22 02:00:32.435976: I tensorflow/compiler/xla/stream_executor/cuda/cuda_gpu_executor.cc:981] could not open file to read NUMA node: /sys/bus/pci/devices/0000:01:00.0/numa_node
Your kernel may have been built without NUMA support.
2025-09-22 02:00:32.436063: I tensorflow/compiler/xla/stream_executor/cuda/cuda_gpu_executor.cc:981] could not open file to read NUMA node: /sys/bus/pci/devices/0000:01:00.0/numa_node
Your kernel may have been built without NUMA support.
2025-09-22 02:00:32.438902: I tensorflow/compiler/xla/stream_executor/cuda/cuda_gpu_executor.cc:981] could not open file to read NUMA node: /sys/bus/pci/devices/0000:01:00.0/numa_node
Your kernel may have been built without NUMA support.
2025-09-22 02:00:32.438979: I tensorflow/compiler/xla/stream_executor/cuda/cuda_gpu_executor.cc:981] could not open file to read NUMA node: /sys/bus/pci/devices/0000:01:00.0/numa_node
Your kernel may have been built without NUMA support.
2025-09-22 02:00:32.439000: I tensorflow/compiler/xla/stream_executor/cuda/cuda_gpu_executor.cc:981] could not open file to read NUMA node: /sys/bus/pci/devices/0000:01:00.0/numa_node
Your kernel may have been built without NUMA support.
2025-09-22 02:00:32.617766: I tensorflow/compiler/xla/stream_executor/cuda/cuda_gpu_executor.cc:981] could not open file to read NUMA node: /sys/bus/pci/devices/0000:01:00.0/numa_node
Your kernel may have been built without NUMA support.
2025-09-22 02:00:32.617904: I tensorflow/compiler/xla/stream_executor/cuda/cuda_gpu_executor.cc:981] could not open file to read NUMA node: /sys/bus/pci/devices/0000:01:00.0/numa_node
Your kernel may have been built without NUMA support.
2025-09-22 02:00:32.617914: I tensorflow/core/common_runtime/gpu/gpu_device.cc:1726] Could not identify NUMA node of platform GPU id 0, defaulting to 0.  Your kernel may not have been built with NUMA support.
2025-09-22 02:00:32.617938: I tensorflow/compiler/xla/stream_executor/cuda/cuda_gpu_executor.cc:981] could not open file to read NUMA node: /sys/bus/pci/devices/0000:01:00.0/numa_node
Your kernel may have been built without NUMA support.
2025-09-22 02:00:32.618029: I tensorflow/core/common_runtime/gpu/gpu_device.cc:1639] Created device /job:localhost/replica:0/task:0/device:GPU:0 with 9517 MB memory:  -> device: 0, name: NVIDIA GeForce RTX 4070 SUPER, pci bus id: 0000:01:00.0, compute capability: 8.9
[feature_check] OK: train/test feature_list identical (n=36)
GPU detected: 1 physical, 1 logical -> ['/device:GPU:0']
Config: batch=16, accumulate_steps=8 -> effective_batch=128
Loaded (for internal train/val)  (1276, 36, 75) (1276,)
Loaded EXTERNAL TEST: (354, 36, 75) from /home/user/projects/train/test_data/slipce/windows_npz.npz
[mask] windows_npz.npz using occlusion_flag ch=7
[mask] windows_npz.npz using occlusion_flag ch=7
Model: "cnn_bilstm_attn_masked"
__________________________________________________________________________________________________
 Layer (type)                Output Shape                 Param #   Connected to                  
==================================================================================================
 input (InputLayer)          [(None, 36, 75)]             0         []                            
                                                                                                  
 permute_time_features (Per  (None, 75, 36)               0         ['input[0][0]']               
 mute)                                                                                            
                                                                                                  
 conv0 (Conv1D)              (None, 75, 64)               6976      ['permute_time_features[0][0]'
                                                                    ]                             
                                                                                                  
 bn0 (BatchNormalization)    (None, 75, 64)               256       ['conv0[0][0]']               
                                                                                                  
 act0 (Activation)           (None, 75, 64)               0         ['bn0[0][0]']                 
                                                                                                  
 conv_dropout0 (Dropout)     (None, 75, 64)               0         ['act0[0][0]']                
                                                                                                  
 conv1 (Conv1D)              (None, 75, 64)               20544     ['conv_dropout0[0][0]']       
                                                                                                  
 bn1 (BatchNormalization)    (None, 75, 64)               256       ['conv1[0][0]']               
                                                                                                  
 act1 (Activation)           (None, 75, 64)               0         ['bn1[0][0]']                 
                                                                                                  
 conv_dropout1 (Dropout)     (None, 75, 64)               0         ['act1[0][0]']                
                                                                                                  
 conv2 (Conv1D)              (None, 75, 64)               12352     ['conv_dropout1[0][0]']       
                                                                                                  
 bn2 (BatchNormalization)    (None, 75, 64)               256       ['conv2[0][0]']               
                                                                                                  
 act2 (Activation)           (None, 75, 64)               0         ['bn2[0][0]']                 
                                                                                                  
 conv_dropout2 (Dropout)     (None, 75, 64)               0         ['act2[0][0]']                
                                                                                                  
 bilstm (Bidirectional)      (None, 75, 128)              66048     ['conv_dropout2[0][0]']       
                                                                                                  
 mlp_attn_u (Dense)          (None, 75, 32)               4128      ['bilstm[0][0]']              
                                                                                                  
 mlp_attn_score (Dense)      (None, 75, 1)                33        ['mlp_attn_u[0][0]']          
                                                                                                  
 mlp_attn_squeeze (Lambda)   (None, 75)                   0         ['mlp_attn_score[0][0]']      
                                                                                                  
 attn_mask (InputLayer)      [(None, 75)]                 0         []                            
                                                                                                  
 mlp_attn_apply_mask (Lambd  (None, 75)                   0         ['mlp_attn_squeeze[0][0]',    
 a)                                                                  'attn_mask[0][0]']           
                                                                                                  
 mlp_attn_softmax (Lambda)   (None, 75)                   0         ['mlp_attn_apply_mask[0][0]'] 
                                                                                                  
 mlp_attn_expand (Lambda)    (None, 75, 1)                0         ['mlp_attn_softmax[0][0]']    
                                                                                                  
 mlp_attn_weighted (Lambda)  (None, 128)                  0         ['bilstm[0][0]',              
                                                                     'mlp_attn_expand[0][0]']     
                                                                                                  
 fc1 (Dense)                 (None, 64)                   8256      ['mlp_attn_weighted[0][0]']   
                                                                                                  
 fc_dropout (Dropout)        (None, 64)                   0         ['fc1[0][0]']                 
                                                                                                  
 out (Dense)                 (None, 1)                    65        ['fc_dropout[0][0]']          
                                                                                                  
==================================================================================================
Total params: 119171 (465.51 KB)
Trainable params: 118786 (464.01 KB)
Non-trainable params: 385 (1.50 KB)
__________________________________________________________________________________________________
None
Writing results to result_multi_seed_composite/seed1/01
Curriculum: set focal gamma = 0.0000 (epoch 1)
Epoch 1/70
2025-09-22 02:00:38.113567: I tensorflow/compiler/xla/stream_executor/cuda/cuda_dnn.cc:432] Loaded cuDNN version 8600
2025-09-22 02:00:38.368039: I tensorflow/tsl/platform/default/subprocess.cc:304] Start cannot spawn child process: No such file or directory
2025-09-22 02:00:38.613272: I tensorflow/compiler/xla/stream_executor/cuda/cuda_blas.cc:606] TensorFloat-32 will be used for the matrix multiplication. This will only be logged once.
2025-09-22 02:00:39.114442: I tensorflow/compiler/xla/service/service.cc:168] XLA service 0x580caf0b2650 initialized for platform CUDA (this does not guarantee that XLA will be used). Devices:
2025-09-22 02:00:39.114498: I tensorflow/compiler/xla/service/service.cc:176]   StreamExecutor device (0): NVIDIA GeForce RTX 4070 SUPER, Compute Capability 8.9
2025-09-22 02:00:39.151510: I tensorflow/compiler/mlir/tensorflow/utils/dump_mlir_util.cc:255] disabling MLIR crash reproducer, set env var `MLIR_CRASH_REPRODUCER_DIRECTORY` to enable.
2025-09-22 02:00:39.313992: I tensorflow/tsl/platform/default/subprocess.cc:304] Start cannot spawn child process: No such file or directory
2025-09-22 02:00:39.367217: I ./tensorflow/compiler/jit/device_compiler.h:186] Compiled cluster using XLA!  This line is logged at most once for the lifetime of the process.
WARNING:tensorflow:Can save best model only with val_composite available, skipping.
WARNING:tensorflow:Early stopping conditioned on metric `val_composite` which is not available. Available metrics are: loss,auc,val_loss,val_auc
56/56 - 8s - loss: 0.3076 - auc: 0.5713 - val_loss: 0.3302 - val_auc: 0.6835 - val_auc_custom: 0.6838 - val_f1_custom: 0.2500 - val_recall_custom: 0.1429 - val_composite: 0.2832 - val_precision_aware: 0.7118 - 8s/epoch - 144ms/step
Curriculum: set focal gamma = 0.0526 (epoch 2)
Epoch 2/70
WARNING:tensorflow:Can save best model only with val_composite available, skipping.
WARNING:tensorflow:Early stopping conditioned on metric `val_composite` which is not available. Available metrics are: loss,auc,val_loss,val_auc
56/56 - 1s - loss: 0.2901 - auc: 0.6269 - val_loss: 0.3055 - val_auc: 0.6891 - val_auc_custom: 0.6884 - val_f1_custom: 0.4842 - val_recall_custom: 0.3651 - val_composite: 0.4655 - val_precision_aware: 0.6423 - 1s/epoch - 22ms/step
Curriculum: set focal gamma = 0.1053 (epoch 3)
Epoch 3/70
WARNING:tensorflow:Can save best model only with val_composite available, skipping.
WARNING:tensorflow:Early stopping conditioned on metric `val_composite` which is not available. Available metrics are: loss,auc,val_loss,val_auc
56/56 - 1s - loss: 0.2790 - auc: 0.6168 - val_loss: 0.2863 - val_auc: 0.7007 - val_auc_custom: 0.6996 - val_f1_custom: 0.5051 - val_recall_custom: 0.3968 - val_composite: 0.4899 - val_precision_aware: 0.6387 - 1s/epoch - 21ms/step
Curriculum: set focal gamma = 0.1579 (epoch 4)
Epoch 4/70
WARNING:tensorflow:Can save best model only with val_composite available, skipping.
WARNING:tensorflow:Early stopping conditioned on metric `val_composite` which is not available. Available metrics are: loss,auc,val_loss,val_auc
56/56 - 1s - loss: 0.2650 - auc: 0.6436 - val_loss: 0.2720 - val_auc: 0.7079 - val_auc_custom: 0.7062 - val_f1_custom: 0.5981 - val_recall_custom: 0.5079 - val_composite: 0.5747 - val_precision_aware: 0.6843 - 1s/epoch - 20ms/step
Curriculum: set focal gamma = 0.2105 (epoch 5)
Epoch 5/70
WARNING:tensorflow:Can save best model only with val_composite available, skipping.
WARNING:tensorflow:Early stopping conditioned on metric `val_composite` which is not available. Available metrics are: loss,auc,val_loss,val_auc
56/56 - 1s - loss: 0.2542 - auc: 0.6505 - val_loss: 0.2605 - val_auc: 0.7109 - val_auc_custom: 0.7118 - val_f1_custom: 0.6038 - val_recall_custom: 0.5079 - val_composite: 0.5775 - val_precision_aware: 0.6956 - 1s/epoch - 21ms/step
Curriculum: set focal gamma = 0.2632 (epoch 6)
Epoch 6/70
WARNING:tensorflow:Can save best model only with val_composite available, skipping.
WARNING:tensorflow:Early stopping conditioned on metric `val_composite` which is not available. Available metrics are: loss,auc,val_loss,val_auc
56/56 - 1s - loss: 0.2421 - auc: 0.6652 - val_loss: 0.2506 - val_auc: 0.7136 - val_auc_custom: 0.7140 - val_f1_custom: 0.6055 - val_recall_custom: 0.5238 - val_composite: 0.5864 - val_precision_aware: 0.6832 - 1s/epoch - 21ms/step
Curriculum: set focal gamma = 0.3158 (epoch 7)
Epoch 7/70
WARNING:tensorflow:Can save best model only with val_composite available, skipping.
WARNING:tensorflow:Early stopping conditioned on metric `val_composite` which is not available. Available metrics are: loss,auc,val_loss,val_auc
56/56 - 1s - loss: 0.2349 - auc: 0.6630 - val_loss: 0.2403 - val_auc: 0.7165 - val_auc_custom: 0.7155 - val_f1_custom: 0.6182 - val_recall_custom: 0.5397 - val_composite: 0.5984 - val_precision_aware: 0.6903 - 1s/epoch - 21ms/step
Curriculum: set focal gamma = 0.3684 (epoch 8)
Epoch 8/70
WARNING:tensorflow:Can save best model only with val_composite available, skipping.
WARNING:tensorflow:Early stopping conditioned on metric `val_composite` which is not available. Available metrics are: loss,auc,val_loss,val_auc
56/56 - 1s - loss: 0.2234 - auc: 0.6814 - val_loss: 0.2301 - val_auc: 0.7256 - val_auc_custom: 0.7263 - val_f1_custom: 0.6364 - val_recall_custom: 0.5556 - val_composite: 0.6139 - val_precision_aware: 0.7085 - 1s/epoch - 20ms/step
Curriculum: set focal gamma = 0.4211 (epoch 9)
Epoch 9/70
WARNING:tensorflow:Can save best model only with val_composite available, skipping.
WARNING:tensorflow:Early stopping conditioned on metric `val_composite` which is not available. Available metrics are: loss,auc,val_loss,val_auc
56/56 - 1s - loss: 0.2130 - auc: 0.6910 - val_loss: 0.2205 - val_auc: 0.7319 - val_auc_custom: 0.7321 - val_f1_custom: 0.6168 - val_recall_custom: 0.5238 - val_composite: 0.5934 - val_precision_aware: 0.7065 - 1s/epoch - 20ms/step
Curriculum: set focal gamma = 0.4737 (epoch 10)
Epoch 10/70
WARNING:tensorflow:Can save best model only with val_composite available, skipping.
WARNING:tensorflow:Early stopping conditioned on metric `val_composite` which is not available. Available metrics are: loss,auc,val_loss,val_auc
56/56 - 1s - loss: 0.2032 - auc: 0.6968 - val_loss: 0.2112 - val_auc: 0.7382 - val_auc_custom: 0.7392 - val_f1_custom: 0.6095 - val_recall_custom: 0.5079 - val_composite: 0.5847 - val_precision_aware: 0.7116 - 1s/epoch - 20ms/step
Curriculum: set focal gamma = 0.5263 (epoch 11)
Epoch 11/70
WARNING:tensorflow:Can save best model only with val_composite available, skipping.
WARNING:tensorflow:Early stopping conditioned on metric `val_composite` which is not available. Available metrics are: loss,auc,val_loss,val_auc
56/56 - 1s - loss: 0.1934 - auc: 0.7133 - val_loss: 0.2025 - val_auc: 0.7473 - val_auc_custom: 0.7455 - val_f1_custom: 0.6355 - val_recall_custom: 0.5397 - val_composite: 0.6096 - val_precision_aware: 0.7261 - 1s/epoch - 20ms/step
Curriculum: set focal gamma = 0.5789 (epoch 12)
Epoch 12/70
WARNING:tensorflow:Can save best model only with val_composite available, skipping.
WARNING:tensorflow:Early stopping conditioned on metric `val_composite` which is not available. Available metrics are: loss,auc,val_loss,val_auc
56/56 - 1s - loss: 0.1848 - auc: 0.7270 - val_loss: 0.1940 - val_auc: 0.7525 - val_auc_custom: 0.7534 - val_f1_custom: 0.6364 - val_recall_custom: 0.5556 - val_composite: 0.6194 - val_precision_aware: 0.7139 - 1s/epoch - 20ms/step
Curriculum: set focal gamma = 0.6316 (epoch 13)
Epoch 13/70
WARNING:tensorflow:Can save best model only with val_composite available, skipping.
WARNING:tensorflow:Early stopping conditioned on metric `val_composite` which is not available. Available metrics are: loss,auc,val_loss,val_auc
56/56 - 1s - loss: 0.1742 - auc: 0.7479 - val_loss: 0.1873 - val_auc: 0.7535 - val_auc_custom: 0.7534 - val_f1_custom: 0.6667 - val_recall_custom: 0.6190 - val_composite: 0.6602 - val_precision_aware: 0.7118 - 1s/epoch - 20ms/step
Curriculum: set focal gamma = 0.6842 (epoch 14)
Epoch 14/70
WARNING:tensorflow:Can save best model only with val_composite available, skipping.
WARNING:tensorflow:Early stopping conditioned on metric `val_composite` which is not available. Available metrics are: loss,auc,val_loss,val_auc
56/56 - 1s - loss: 0.1687 - auc: 0.7383 - val_loss: 0.1780 - val_auc: 0.7568 - val_auc_custom: 0.7570 - val_f1_custom: 0.6306 - val_recall_custom: 0.5556 - val_composite: 0.6184 - val_precision_aware: 0.7052 - 1s/epoch - 20ms/step
Curriculum: set focal gamma = 0.7368 (epoch 15)
Epoch 15/70
WARNING:tensorflow:Can save best model only with val_composite available, skipping.
WARNING:tensorflow:Early stopping conditioned on metric `val_composite` which is not available. Available metrics are: loss,auc,val_loss,val_auc
56/56 - 1s - loss: 0.1603 - auc: 0.7495 - val_loss: 0.1749 - val_auc: 0.7590 - val_auc_custom: 0.7590 - val_f1_custom: 0.6772 - val_recall_custom: 0.6825 - val_composite: 0.6962 - val_precision_aware: 0.6909 - 1s/epoch - 20ms/step
Curriculum: set focal gamma = 0.7895 (epoch 16)
Epoch 16/70
WARNING:tensorflow:Can save best model only with val_composite available, skipping.
WARNING:tensorflow:Early stopping conditioned on metric `val_composite` which is not available. Available metrics are: loss,auc,val_loss,val_auc
56/56 - 1s - loss: 0.1513 - auc: 0.7673 - val_loss: 0.1707 - val_auc: 0.7442 - val_auc_custom: 0.7446 - val_f1_custom: 0.5263 - val_recall_custom: 0.3968 - val_composite: 0.5052 - val_precision_aware: 0.6974 - 1s/epoch - 20ms/step
Curriculum: set focal gamma = 0.8421 (epoch 17)
Epoch 17/70
WARNING:tensorflow:Can save best model only with val_composite available, skipping.
WARNING:tensorflow:Early stopping conditioned on metric `val_composite` which is not available. Available metrics are: loss,auc,val_loss,val_auc
56/56 - 1s - loss: 0.1440 - auc: 0.7749 - val_loss: 0.1610 - val_auc: 0.7571 - val_auc_custom: 0.7580 - val_f1_custom: 0.6880 - val_recall_custom: 0.6825 - val_composite: 0.6993 - val_precision_aware: 0.7048 - 1s/epoch - 20ms/step
Curriculum: set focal gamma = 0.8947 (epoch 18)
Epoch 18/70
WARNING:tensorflow:Can save best model only with val_composite available, skipping.
WARNING:tensorflow:Early stopping conditioned on metric `val_composite` which is not available. Available metrics are: loss,auc,val_loss,val_auc
56/56 - 1s - loss: 0.1408 - auc: 0.7685 - val_loss: 0.1555 - val_auc: 0.7554 - val_auc_custom: 0.7553 - val_f1_custom: 0.6500 - val_recall_custom: 0.6190 - val_composite: 0.6556 - val_precision_aware: 0.6882 - 1s/epoch - 21ms/step
Curriculum: set focal gamma = 0.9474 (epoch 19)
Epoch 19/70
WARNING:tensorflow:Can save best model only with val_composite available, skipping.
WARNING:tensorflow:Early stopping conditioned on metric `val_composite` which is not available. Available metrics are: loss,auc,val_loss,val_auc
56/56 - 1s - loss: 0.1306 - auc: 0.7916 - val_loss: 0.1502 - val_auc: 0.7513 - val_auc_custom: 0.7499 - val_f1_custom: 0.5872 - val_recall_custom: 0.5079 - val_composite: 0.5801 - val_precision_aware: 0.6740 - 1s/epoch - 20ms/step
Curriculum: set focal gamma = 1.0000 (epoch 20)
Epoch 20/70
WARNING:tensorflow:Can save best model only with val_composite available, skipping.
WARNING:tensorflow:Early stopping conditioned on metric `val_composite` which is not available. Available metrics are: loss,auc,val_loss,val_auc
56/56 - 1s - loss: 0.1230 - auc: 0.8042 - val_loss: 0.1399 - val_auc: 0.7772 - val_auc_custom: 0.7773 - val_f1_custom: 0.7009 - val_recall_custom: 0.6508 - val_composite: 0.6911 - val_precision_aware: 0.7453 - 1s/epoch - 21ms/step
Curriculum: set focal gamma = 1.0000 (epoch 21)
Epoch 21/70
WARNING:tensorflow:Can save best model only with val_composite available, skipping.
WARNING:tensorflow:Early stopping conditioned on metric `val_composite` which is not available. Available metrics are: loss,auc,val_loss,val_auc
56/56 - 1s - loss: 0.1193 - auc: 0.8212 - val_loss: 0.1416 - val_auc: 0.7763 - val_auc_custom: 0.7756 - val_f1_custom: 0.7132 - val_recall_custom: 0.7302 - val_composite: 0.7341 - val_precision_aware: 0.7176 - 1s/epoch - 20ms/step
Curriculum: set focal gamma = 1.0000 (epoch 22)
Epoch 22/70
WARNING:tensorflow:Can save best model only with val_composite available, skipping.
WARNING:tensorflow:Early stopping conditioned on metric `val_composite` which is not available. Available metrics are: loss,auc,val_loss,val_auc
56/56 - 1s - loss: 0.1143 - auc: 0.8363 - val_loss: 0.1440 - val_auc: 0.7556 - val_auc_custom: 0.7556 - val_f1_custom: 0.6496 - val_recall_custom: 0.6032 - val_composite: 0.6476 - val_precision_aware: 0.6978 - 1s/epoch - 21ms/step
Curriculum: set focal gamma = 1.0000 (epoch 23)
Epoch 23/70
WARNING:tensorflow:Can save best model only with val_composite available, skipping.
WARNING:tensorflow:Early stopping conditioned on metric `val_composite` which is not available. Available metrics are: loss,auc,val_loss,val_auc
56/56 - 1s - loss: 0.1214 - auc: 0.8067 - val_loss: 0.1409 - val_auc: 0.7748 - val_auc_custom: 0.7748 - val_f1_custom: 0.6777 - val_recall_custom: 0.6508 - val_composite: 0.6837 - val_precision_aware: 0.7117 - 1s/epoch - 21ms/step
Curriculum: set focal gamma = 1.0000 (epoch 24)
Epoch 24/70
WARNING:tensorflow:Can save best model only with val_composite available, skipping.
WARNING:tensorflow:Early stopping conditioned on metric `val_composite` which is not available. Available metrics are: loss,auc,val_loss,val_auc
56/56 - 1s - loss: 0.1161 - auc: 0.8258 - val_loss: 0.1422 - val_auc: 0.7741 - val_auc_custom: 0.7736 - val_f1_custom: 0.6723 - val_recall_custom: 0.6349 - val_composite: 0.6739 - val_precision_aware: 0.7135 - 1s/epoch - 21ms/step
Curriculum: set focal gamma = 1.0000 (epoch 25)
Epoch 25/70
WARNING:tensorflow:Can save best model only with val_composite available, skipping.
WARNING:tensorflow:Early stopping conditioned on metric `val_composite` which is not available. Available metrics are: loss,auc,val_loss,val_auc
56/56 - 1s - loss: 0.1191 - auc: 0.8178 - val_loss: 0.1426 - val_auc: 0.7683 - val_auc_custom: 0.7683 - val_f1_custom: 0.7040 - val_recall_custom: 0.6984 - val_composite: 0.7141 - val_precision_aware: 0.7197 - 1s/epoch - 22ms/step
Curriculum: set focal gamma = 1.0000 (epoch 26)
Epoch 26/70
WARNING:tensorflow:Can save best model only with val_composite available, skipping.
WARNING:tensorflow:Early stopping conditioned on metric `val_composite` which is not available. Available metrics are: loss,auc,val_loss,val_auc
56/56 - 1s - loss: 0.1139 - auc: 0.8374 - val_loss: 0.1375 - val_auc: 0.7834 - val_auc_custom: 0.7846 - val_f1_custom: 0.7009 - val_recall_custom: 0.6508 - val_composite: 0.6926 - val_precision_aware: 0.7468 - 1s/epoch - 22ms/step
Curriculum: set focal gamma = 1.0000 (epoch 27)
Epoch 27/70
WARNING:tensorflow:Can save best model only with val_composite available, skipping.
WARNING:tensorflow:Early stopping conditioned on metric `val_composite` which is not available. Available metrics are: loss,auc,val_loss,val_auc
56/56 - 1s - loss: 0.1100 - auc: 0.8531 - val_loss: 0.1408 - val_auc: 0.7803 - val_auc_custom: 0.7805 - val_f1_custom: 0.6772 - val_recall_custom: 0.6825 - val_composite: 0.7005 - val_precision_aware: 0.6952 - 1s/epoch - 21ms/step
Curriculum: set focal gamma = 1.0000 (epoch 28)
Epoch 28/70
WARNING:tensorflow:Can save best model only with val_composite available, skipping.
WARNING:tensorflow:Early stopping conditioned on metric `val_composite` which is not available. Available metrics are: loss,auc,val_loss,val_auc
56/56 - 1s - loss: 0.1103 - auc: 0.8508 - val_loss: 0.1407 - val_auc: 0.7855 - val_auc_custom: 0.7861 - val_f1_custom: 0.6977 - val_recall_custom: 0.7143 - val_composite: 0.7237 - val_precision_aware: 0.7074 - 1s/epoch - 21ms/step
Curriculum: set focal gamma = 1.0000 (epoch 29)
Epoch 29/70
WARNING:tensorflow:Can save best model only with val_composite available, skipping.
WARNING:tensorflow:Early stopping conditioned on metric `val_composite` which is not available. Available metrics are: loss,auc,val_loss,val_auc
56/56 - 1s - loss: 0.1061 - auc: 0.8651 - val_loss: 0.1443 - val_auc: 0.7803 - val_auc_custom: 0.7800 - val_f1_custom: 0.6822 - val_recall_custom: 0.6984 - val_composite: 0.7099 - val_precision_aware: 0.6940 - 1s/epoch - 20ms/step
Curriculum: set focal gamma = 1.0000 (epoch 30)
Epoch 30/70
WARNING:tensorflow:Can save best model only with val_composite available, skipping.
WARNING:tensorflow:Early stopping conditioned on metric `val_composite` which is not available. Available metrics are: loss,auc,val_loss,val_auc
56/56 - 1s - loss: 0.1167 - auc: 0.8389 - val_loss: 0.1381 - val_auc: 0.7908 - val_auc_custom: 0.7910 - val_f1_custom: 0.7000 - val_recall_custom: 0.6667 - val_composite: 0.7015 - val_precision_aware: 0.7366 - 1s/epoch - 21ms/step
Curriculum: set focal gamma = 1.0000 (epoch 31)
Epoch 31/70
WARNING:tensorflow:Can save best model only with val_composite available, skipping.
WARNING:tensorflow:Early stopping conditioned on metric `val_composite` which is not available. Available metrics are: loss,auc,val_loss,val_auc
56/56 - 1s - loss: 0.1113 - auc: 0.8507 - val_loss: 0.1349 - val_auc: 0.8002 - val_auc_custom: 0.7990 - val_f1_custom: 0.7350 - val_recall_custom: 0.6825 - val_composite: 0.7216 - val_precision_aware: 0.7785 - 1s/epoch - 22ms/step
Curriculum: set focal gamma = 1.0000 (epoch 32)
Epoch 32/70
WARNING:tensorflow:Can save best model only with val_composite available, skipping.
WARNING:tensorflow:Early stopping conditioned on metric `val_composite` which is not available. Available metrics are: loss,auc,val_loss,val_auc
56/56 - 1s - loss: 0.1065 - auc: 0.8614 - val_loss: 0.1457 - val_auc: 0.7832 - val_auc_custom: 0.7834 - val_f1_custom: 0.7313 - val_recall_custom: 0.7778 - val_composite: 0.7650 - val_precision_aware: 0.7212 - 1s/epoch - 21ms/step
Curriculum: set focal gamma = 1.0000 (epoch 33)
Epoch 33/70
WARNING:tensorflow:Can save best model only with val_composite available, skipping.
WARNING:tensorflow:Early stopping conditioned on metric `val_composite` which is not available. Available metrics are: loss,auc,val_loss,val_auc
56/56 - 1s - loss: 0.1049 - auc: 0.8672 - val_loss: 0.1360 - val_auc: 0.7978 - val_auc_custom: 0.7971 - val_f1_custom: 0.7009 - val_recall_custom: 0.6508 - val_composite: 0.6951 - val_precision_aware: 0.7493 - 1s/epoch - 21ms/step
Curriculum: set focal gamma = 1.0000 (epoch 34)
Epoch 34/70
WARNING:tensorflow:Can save best model only with val_composite available, skipping.
WARNING:tensorflow:Early stopping conditioned on metric `val_composite` which is not available. Available metrics are: loss,auc,val_loss,val_auc
56/56 - 1s - loss: 0.1034 - auc: 0.8711 - val_loss: 0.1432 - val_auc: 0.8029 - val_auc_custom: 0.8027 - val_f1_custom: 0.7445 - val_recall_custom: 0.8095 - val_composite: 0.7887 - val_precision_aware: 0.7285 - 1s/epoch - 21ms/step
Curriculum: set focal gamma = 1.0000 (epoch 35)
Epoch 35/70
WARNING:tensorflow:Can save best model only with val_composite available, skipping.
WARNING:tensorflow:Early stopping conditioned on metric `val_composite` which is not available. Available metrics are: loss,auc,val_loss,val_auc
56/56 - 1s - loss: 0.0993 - auc: 0.8812 - val_loss: 0.1429 - val_auc: 0.7918 - val_auc_custom: 0.7917 - val_f1_custom: 0.7087 - val_recall_custom: 0.7143 - val_composite: 0.7281 - val_precision_aware: 0.7225 - 1s/epoch - 20ms/step
Curriculum: set focal gamma = 1.0000 (epoch 36)
Epoch 36/70
WARNING:tensorflow:Can save best model only with val_composite available, skipping.
WARNING:tensorflow:Early stopping conditioned on metric `val_composite` which is not available. Available metrics are: loss,auc,val_loss,val_auc
56/56 - 1s - loss: 0.1017 - auc: 0.8750 - val_loss: 0.1476 - val_auc: 0.7922 - val_auc_custom: 0.7912 - val_f1_custom: 0.7121 - val_recall_custom: 0.7460 - val_composite: 0.7449 - val_precision_aware: 0.7125 - 1s/epoch - 22ms/step
Curriculum: set focal gamma = 1.0000 (epoch 37)
Epoch 37/70
WARNING:tensorflow:Can save best model only with val_composite available, skipping.
WARNING:tensorflow:Early stopping conditioned on metric `val_composite` which is not available. Available metrics are: loss,auc,val_loss,val_auc
56/56 - 1s - loss: 0.1008 - auc: 0.8754 - val_loss: 0.1514 - val_auc: 0.7913 - val_auc_custom: 0.7910 - val_f1_custom: 0.7391 - val_recall_custom: 0.8095 - val_composite: 0.7847 - val_precision_aware: 0.7199 - 1s/epoch - 19ms/step
Curriculum: set focal gamma = 1.0000 (epoch 38)
Epoch 38/70
WARNING:tensorflow:Can save best model only with val_composite available, skipping.
WARNING:tensorflow:Early stopping conditioned on metric `val_composite` which is not available. Available metrics are: loss,auc,val_loss,val_auc
56/56 - 1s - loss: 0.0971 - auc: 0.8862 - val_loss: 0.1460 - val_auc: 0.7930 - val_auc_custom: 0.7934 - val_f1_custom: 0.7313 - val_recall_custom: 0.7778 - val_composite: 0.7670 - val_precision_aware: 0.7232 - 1s/epoch - 20ms/step
Curriculum: set focal gamma = 1.0000 (epoch 39)
Epoch 39/70
WARNING:tensorflow:Can save best model only with val_composite available, skipping.
WARNING:tensorflow:Early stopping conditioned on metric `val_composite` which is not available. Available metrics are: loss,auc,val_loss,val_auc
56/56 - 1s - loss: 0.0911 - auc: 0.9025 - val_loss: 0.1503 - val_auc: 0.7851 - val_auc_custom: 0.7849 - val_f1_custom: 0.7246 - val_recall_custom: 0.7937 - val_composite: 0.7712 - val_precision_aware: 0.7077 - 1s/epoch - 20ms/step
Curriculum: set focal gamma = 1.0000 (epoch 40)
Epoch 40/70
WARNING:tensorflow:Can save best model only with val_composite available, skipping.
WARNING:tensorflow:Early stopping conditioned on metric `val_composite` which is not available. Available metrics are: loss,auc,val_loss,val_auc
56/56 - 1s - loss: 0.0981 - auc: 0.8841 - val_loss: 0.1592 - val_auc: 0.7932 - val_auc_custom: 0.7927 - val_f1_custom: 0.7619 - val_recall_custom: 0.8889 - val_composite: 0.8316 - val_precision_aware: 0.7204 - 1s/epoch - 20ms/step
Curriculum: set focal gamma = 1.0000 (epoch 41)
Epoch 41/70
WARNING:tensorflow:Can save best model only with val_composite available, skipping.
WARNING:tensorflow:Early stopping conditioned on metric `val_composite` which is not available. Available metrics are: loss,auc,val_loss,val_auc
56/56 - 1s - loss: 0.0985 - auc: 0.8818 - val_loss: 0.1327 - val_auc: 0.8220 - val_auc_custom: 0.8215 - val_f1_custom: 0.7681 - val_recall_custom: 0.8413 - val_composite: 0.8154 - val_precision_aware: 0.7481 - 1s/epoch - 20ms/step
Curriculum: set focal gamma = 1.0000 (epoch 42)
Epoch 42/70
WARNING:tensorflow:Can save best model only with val_composite available, skipping.
WARNING:tensorflow:Early stopping conditioned on metric `val_composite` which is not available. Available metrics are: loss,auc,val_loss,val_auc
56/56 - 1s - loss: 0.0954 - auc: 0.8951 - val_loss: 0.1525 - val_auc: 0.8077 - val_auc_custom: 0.8066 - val_f1_custom: 0.7733 - val_recall_custom: 0.9206 - val_composite: 0.8536 - val_precision_aware: 0.7267 - 1s/epoch - 20ms/step
Curriculum: set focal gamma = 1.0000 (epoch 43)
Epoch 43/70
WARNING:tensorflow:Can save best model only with val_composite available, skipping.
WARNING:tensorflow:Early stopping conditioned on metric `val_composite` which is not available. Available metrics are: loss,auc,val_loss,val_auc
56/56 - 1s - loss: 0.0917 - auc: 0.9018 - val_loss: 0.1348 - val_auc: 0.8095 - val_auc_custom: 0.8098 - val_f1_custom: 0.7424 - val_recall_custom: 0.7778 - val_composite: 0.7736 - val_precision_aware: 0.7398 - 1s/epoch - 21ms/step
Curriculum: set focal gamma = 1.0000 (epoch 44)
Epoch 44/70
WARNING:tensorflow:Can save best model only with val_composite available, skipping.
WARNING:tensorflow:Early stopping conditioned on metric `val_composite` which is not available. Available metrics are: loss,auc,val_loss,val_auc
56/56 - 1s - loss: 0.0951 - auc: 0.8909 - val_loss: 0.1421 - val_auc: 0.7838 - val_auc_custom: 0.7839 - val_f1_custom: 0.7132 - val_recall_custom: 0.7302 - val_composite: 0.7358 - val_precision_aware: 0.7192 - 1s/epoch - 20ms/step
Curriculum: set focal gamma = 1.0000 (epoch 45)
Epoch 45/70
WARNING:tensorflow:Can save best model only with val_composite available, skipping.
WARNING:tensorflow:Early stopping conditioned on metric `val_composite` which is not available. Available metrics are: loss,auc,val_loss,val_auc
56/56 - 1s - loss: 0.0934 - auc: 0.8965 - val_loss: 0.1454 - val_auc: 0.7995 - val_auc_custom: 0.7993 - val_f1_custom: 0.7429 - val_recall_custom: 0.8254 - val_composite: 0.7954 - val_precision_aware: 0.7204 - 1s/epoch - 20ms/step
Curriculum: set focal gamma = 1.0000 (epoch 46)
Epoch 46/70
WARNING:tensorflow:Can save best model only with val_composite available, skipping.
WARNING:tensorflow:Early stopping conditioned on metric `val_composite` which is not available. Available metrics are: loss,auc,val_loss,val_auc
56/56 - 1s - loss: 0.0895 - auc: 0.9051 - val_loss: 0.1390 - val_auc: 0.8114 - val_auc_custom: 0.8110 - val_f1_custom: 0.7353 - val_recall_custom: 0.7937 - val_composite: 0.7796 - val_precision_aware: 0.7253 - 1s/epoch - 20ms/step
Curriculum: set focal gamma = 1.0000 (epoch 47)
Epoch 47/70
WARNING:tensorflow:Can save best model only with val_composite available, skipping.
WARNING:tensorflow:Early stopping conditioned on metric `val_composite` which is not available. Available metrics are: loss,auc,val_loss,val_auc
56/56 - 1s - loss: 0.0856 - auc: 0.9154 - val_loss: 0.1407 - val_auc: 0.8028 - val_auc_custom: 0.8034 - val_f1_custom: 0.7519 - val_recall_custom: 0.7937 - val_composite: 0.7831 - val_precision_aware: 0.7434 - 1s/epoch - 19ms/step
Curriculum: set focal gamma = 1.0000 (epoch 48)
Epoch 48/70
WARNING:tensorflow:Can save best model only with val_composite available, skipping.
WARNING:tensorflow:Early stopping conditioned on metric `val_composite` which is not available. Available metrics are: loss,auc,val_loss,val_auc
56/56 - 1s - loss: 0.0926 - auc: 0.9005 - val_loss: 0.1607 - val_auc: 0.8066 - val_auc_custom: 0.8059 - val_f1_custom: 0.7815 - val_recall_custom: 0.9365 - val_composite: 0.8639 - val_precision_aware: 0.7308 - 1s/epoch - 19ms/step
Curriculum: set focal gamma = 1.0000 (epoch 49)
Epoch 49/70
WARNING:tensorflow:Can save best model only with val_composite available, skipping.
WARNING:tensorflow:Early stopping conditioned on metric `val_composite` which is not available. Available metrics are: loss,auc,val_loss,val_auc
56/56 - 1s - loss: 0.0873 - auc: 0.9092 - val_loss: 0.1323 - val_auc: 0.8243 - val_auc_custom: 0.8249 - val_f1_custom: 0.7333 - val_recall_custom: 0.6984 - val_composite: 0.7342 - val_precision_aware: 0.7709 - 1s/epoch - 20ms/step
Curriculum: set focal gamma = 1.0000 (epoch 50)
Epoch 50/70
WARNING:tensorflow:Can save best model only with val_composite available, skipping.
WARNING:tensorflow:Early stopping conditioned on metric `val_composite` which is not available. Available metrics are: loss,auc,val_loss,val_auc
56/56 - 1s - loss: 0.0861 - auc: 0.9130 - val_loss: 0.1737 - val_auc: 0.7759 - val_auc_custom: 0.7756 - val_f1_custom: 0.7436 - val_recall_custom: 0.9206 - val_composite: 0.8385 - val_precision_aware: 0.6900 - 1s/epoch - 20ms/step
Curriculum: set focal gamma = 1.0000 (epoch 51)
Epoch 51/70
WARNING:tensorflow:Can save best model only with val_composite available, skipping.
WARNING:tensorflow:Early stopping conditioned on metric `val_composite` which is not available. Available metrics are: loss,auc,val_loss,val_auc
56/56 - 1s - loss: 0.0852 - auc: 0.9156 - val_loss: 0.1397 - val_auc: 0.8166 - val_auc_custom: 0.8164 - val_f1_custom: 0.7704 - val_recall_custom: 0.8254 - val_composite: 0.8071 - val_precision_aware: 0.7555 - 1s/epoch - 20ms/step
Curriculum: set focal gamma = 1.0000 (epoch 52)
Epoch 52/70
WARNING:tensorflow:Can save best model only with val_composite available, skipping.
WARNING:tensorflow:Early stopping conditioned on metric `val_composite` which is not available. Available metrics are: loss,auc,val_loss,val_auc
56/56 - 1s - loss: 0.0779 - auc: 0.9320 - val_loss: 0.1451 - val_auc: 0.8164 - val_auc_custom: 0.8161 - val_f1_custom: 0.7746 - val_recall_custom: 0.8730 - val_composite: 0.8321 - val_precision_aware: 0.7437 - 1s/epoch - 20ms/step
Curriculum: set focal gamma = 1.0000 (epoch 53)
Epoch 53/70
WARNING:tensorflow:Can save best model only with val_composite available, skipping.
WARNING:tensorflow:Early stopping conditioned on metric `val_composite` which is not available. Available metrics are: loss,auc,val_loss,val_auc
56/56 - 1s - loss: 0.0824 - auc: 0.9198 - val_loss: 0.1442 - val_auc: 0.7966 - val_auc_custom: 0.7976 - val_f1_custom: 0.7213 - val_recall_custom: 0.6984 - val_composite: 0.7251 - val_precision_aware: 0.7488 - 1s/epoch - 20ms/step
Curriculum: set focal gamma = 1.0000 (epoch 54)
Epoch 54/70
WARNING:tensorflow:Can save best model only with val_composite available, skipping.
WARNING:tensorflow:Early stopping conditioned on metric `val_composite` which is not available. Available metrics are: loss,auc,val_loss,val_auc
56/56 - 1s - loss: 0.0835 - auc: 0.9174 - val_loss: 0.1554 - val_auc: 0.8147 - val_auc_custom: 0.8151 - val_f1_custom: 0.7626 - val_recall_custom: 0.8413 - val_composite: 0.8124 - val_precision_aware: 0.7405 - 1s/epoch - 20ms/step
Curriculum: set focal gamma = 1.0000 (epoch 55)
Epoch 55/70
WARNING:tensorflow:Can save best model only with val_composite available, skipping.
WARNING:tensorflow:Early stopping conditioned on metric `val_composite` which is not available. Available metrics are: loss,auc,val_loss,val_auc
56/56 - 1s - loss: 0.0820 - auc: 0.9204 - val_loss: 0.1538 - val_auc: 0.8015 - val_auc_custom: 0.8020 - val_f1_custom: 0.7591 - val_recall_custom: 0.8254 - val_composite: 0.8008 - val_precision_aware: 0.7395 - 1s/epoch - 20ms/step
Curriculum: set focal gamma = 1.0000 (epoch 56)
Epoch 56/70
WARNING:tensorflow:Can save best model only with val_composite available, skipping.
WARNING:tensorflow:Early stopping conditioned on metric `val_composite` which is not available. Available metrics are: loss,auc,val_loss,val_auc
56/56 - 1s - loss: 0.0755 - auc: 0.9373 - val_loss: 0.1421 - val_auc: 0.8166 - val_auc_custom: 0.8171 - val_f1_custom: 0.7258 - val_recall_custom: 0.7143 - val_composite: 0.7383 - val_precision_aware: 0.7500 - 1s/epoch - 19ms/step
Curriculum: set focal gamma = 1.0000 (epoch 57)
Epoch 57/70
WARNING:tensorflow:Can save best model only with val_composite available, skipping.
WARNING:tensorflow:Early stopping conditioned on metric `val_composite` which is not available. Available metrics are: loss,auc,val_loss,val_auc
56/56 - 1s - loss: 0.0808 - auc: 0.9221 - val_loss: 0.1752 - val_auc: 0.8044 - val_auc_custom: 0.8044 - val_f1_custom: 0.7862 - val_recall_custom: 0.9048 - val_composite: 0.8491 - val_precision_aware: 0.7443 - 1s/epoch - 20ms/step
Curriculum: set focal gamma = 1.0000 (epoch 58)
Epoch 58/70
WARNING:tensorflow:Can save best model only with val_composite available, skipping.
WARNING:tensorflow:Early stopping conditioned on metric `val_composite` which is not available. Available metrics are: loss,auc,val_loss,val_auc
56/56 - 1s - loss: 0.0831 - auc: 0.9188 - val_loss: 0.1538 - val_auc: 0.7960 - val_auc_custom: 0.7961 - val_f1_custom: 0.7656 - val_recall_custom: 0.7778 - val_composite: 0.7778 - val_precision_aware: 0.7658 - 1s/epoch - 19ms/step
Curriculum: set focal gamma = 1.0000 (epoch 59)
Epoch 59/70
WARNING:tensorflow:Can save best model only with val_composite available, skipping.
WARNING:tensorflow:Early stopping conditioned on metric `val_composite` which is not available. Available metrics are: loss,auc,val_loss,val_auc
56/56 - 1s - loss: 0.0791 - auc: 0.9281 - val_loss: 0.1718 - val_auc: 0.8079 - val_auc_custom: 0.8078 - val_f1_custom: 0.7917 - val_recall_custom: 0.9048 - val_composite: 0.8514 - val_precision_aware: 0.7509 - 1s/epoch - 19ms/step
Curriculum: set focal gamma = 1.0000 (epoch 60)
Epoch 60/70
WARNING:tensorflow:Can save best model only with val_composite available, skipping.
WARNING:tensorflow:Early stopping conditioned on metric `val_composite` which is not available. Available metrics are: loss,auc,val_loss,val_auc
56/56 - 1s - loss: 0.0774 - auc: 0.9312 - val_loss: 0.1498 - val_auc: 0.8122 - val_auc_custom: 0.8127 - val_f1_custom: 0.7612 - val_recall_custom: 0.8095 - val_composite: 0.7957 - val_precision_aware: 0.7501 - 1s/epoch - 21ms/step
Curriculum: set focal gamma = 1.0000 (epoch 61)
Epoch 61/70
WARNING:tensorflow:Can save best model only with val_composite available, skipping.
WARNING:tensorflow:Early stopping conditioned on metric `val_composite` which is not available. Available metrics are: loss,auc,val_loss,val_auc
56/56 - 1s - loss: 0.0726 - auc: 0.9408 - val_loss: 0.1489 - val_auc: 0.8160 - val_auc_custom: 0.8161 - val_f1_custom: 0.7727 - val_recall_custom: 0.8095 - val_composite: 0.7998 - val_precision_aware: 0.7646 - 1s/epoch - 19ms/step
Curriculum: set focal gamma = 1.0000 (epoch 62)
Epoch 62/70
WARNING:tensorflow:Can save best model only with val_composite available, skipping.
WARNING:tensorflow:Early stopping conditioned on metric `val_composite` which is not available. Available metrics are: loss,auc,val_loss,val_auc
56/56 - 1s - loss: 0.0816 - auc: 0.9237 - val_loss: 0.1621 - val_auc: 0.8153 - val_auc_custom: 0.8159 - val_f1_custom: 0.7857 - val_recall_custom: 0.8730 - val_composite: 0.8354 - val_precision_aware: 0.7560 - 1s/epoch - 21ms/step
Curriculum: set focal gamma = 1.0000 (epoch 63)
Epoch 63/70
WARNING:tensorflow:Can save best model only with val_composite available, skipping.
WARNING:tensorflow:Early stopping conditioned on metric `val_composite` which is not available. Available metrics are: loss,auc,val_loss,val_auc
56/56 - 1s - loss: 0.0840 - auc: 0.9201 - val_loss: 0.1501 - val_auc: 0.7926 - val_auc_custom: 0.7927 - val_f1_custom: 0.7287 - val_recall_custom: 0.7460 - val_composite: 0.7502 - val_precision_aware: 0.7332 - 1s/epoch - 20ms/step
Curriculum: set focal gamma = 1.0000 (epoch 64)
Epoch 64/70
WARNING:tensorflow:Can save best model only with val_composite available, skipping.
WARNING:tensorflow:Early stopping conditioned on metric `val_composite` which is not available. Available metrics are: loss,auc,val_loss,val_auc
56/56 - 1s - loss: 0.0847 - auc: 0.9181 - val_loss: 0.1526 - val_auc: 0.8139 - val_auc_custom: 0.8142 - val_f1_custom: 0.7770 - val_recall_custom: 0.8571 - val_composite: 0.8245 - val_precision_aware: 0.7512 - 1s/epoch - 20ms/step
Curriculum: set focal gamma = 1.0000 (epoch 65)
Epoch 65/70
WARNING:tensorflow:Can save best model only with val_composite available, skipping.
WARNING:tensorflow:Early stopping conditioned on metric `val_composite` which is not available. Available metrics are: loss,auc,val_loss,val_auc
56/56 - 1s - loss: 0.0771 - auc: 0.9327 - val_loss: 0.1373 - val_auc: 0.8144 - val_auc_custom: 0.8139 - val_f1_custom: 0.7377 - val_recall_custom: 0.7143 - val_composite: 0.7412 - val_precision_aware: 0.7655 - 1s/epoch - 20ms/step
Curriculum: set focal gamma = 1.0000 (epoch 66)
Epoch 66/70
WARNING:tensorflow:Can save best model only with val_composite available, skipping.
WARNING:tensorflow:Early stopping conditioned on metric `val_composite` which is not available. Available metrics are: loss,auc,val_loss,val_auc
56/56 - 1s - loss: 0.0760 - auc: 0.9337 - val_loss: 0.1972 - val_auc: 0.8144 - val_auc_custom: 0.8156 - val_f1_custom: 0.7484 - val_recall_custom: 0.9206 - val_composite: 0.8480 - val_precision_aware: 0.7029 - 1s/epoch - 20ms/step
Curriculum: set focal gamma = 1.0000 (epoch 67)
Epoch 67/70
WARNING:tensorflow:Can save best model only with val_composite available, skipping.
WARNING:tensorflow:Early stopping conditioned on metric `val_composite` which is not available. Available metrics are: loss,auc,val_loss,val_auc
56/56 - 1s - loss: 0.0691 - auc: 0.9461 - val_loss: 0.1471 - val_auc: 0.8066 - val_auc_custom: 0.8068 - val_f1_custom: 0.7344 - val_recall_custom: 0.7460 - val_composite: 0.7547 - val_precision_aware: 0.7432 - 1s/epoch - 21ms/step
Curriculum: set focal gamma = 1.0000 (epoch 68)
Epoch 68/70
WARNING:tensorflow:Can save best model only with val_composite available, skipping.
WARNING:tensorflow:Early stopping conditioned on metric `val_composite` which is not available. Available metrics are: loss,auc,val_loss,val_auc
56/56 - 1s - loss: 0.0736 - auc: 0.9383 - val_loss: 0.1490 - val_auc: 0.8073 - val_auc_custom: 0.8076 - val_f1_custom: 0.7460 - val_recall_custom: 0.7460 - val_composite: 0.7583 - val_precision_aware: 0.7583 - 1s/epoch - 20ms/step
Curriculum: set focal gamma = 1.0000 (epoch 69)
Epoch 69/70
WARNING:tensorflow:Can save best model only with val_composite available, skipping.
WARNING:tensorflow:Early stopping conditioned on metric `val_composite` which is not available. Available metrics are: loss,auc,val_loss,val_auc
56/56 - 1s - loss: 0.0737 - auc: 0.9365 - val_loss: 0.1984 - val_auc: 0.8082 - val_auc_custom: 0.8081 - val_f1_custom: 0.7815 - val_recall_custom: 0.9365 - val_composite: 0.8643 - val_precision_aware: 0.7313 - 1s/epoch - 20ms/step
Curriculum: set focal gamma = 1.0000 (epoch 70)
Epoch 70/70
WARNING:tensorflow:Can save best model only with val_composite available, skipping.
WARNING:tensorflow:Early stopping conditioned on metric `val_composite` which is not available. Available metrics are: loss,auc,val_loss,val_auc
56/56 - 1s - loss: 0.0776 - auc: 0.9317 - val_loss: 0.1464 - val_auc: 0.8260 - val_auc_custom: 0.8259 - val_f1_custom: 0.6964 - val_recall_custom: 0.6190 - val_composite: 0.6836 - val_precision_aware: 0.7721 - 1s/epoch - 20ms/step
Saved final weights to result_multi_seed_composite/seed1/01/final.weights
Mask config -> mode=soft, threshold=0.6, window_gate=None
Done. Results saved to result_multi_seed_composite/seed1/01
