2025-09-18 15:54:59.757978: I tensorflow/core/util/port.cc:110] oneDNN custom operations are on. You may see slightly different numerical results due to floating-point round-off errors from different computation orders. To turn them off, set the environment variable `TF_ENABLE_ONEDNN_OPTS=0`.
2025-09-18 15:55:00.009250: I tensorflow/core/platform/cpu_feature_guard.cc:182] This TensorFlow binary is optimized to use available CPU instructions in performance-critical operations.
To enable the following instructions: AVX2 AVX_VNNI FMA, in other operations, rebuild TensorFlow with the appropriate compiler flags.
2025-09-18 15:55:00.859563: W tensorflow/compiler/tf2tensorrt/utils/py_utils.cc:38] TF-TRT Warning: Could not find TensorRT
2025-09-18 15:55:01.783943: I tensorflow/compiler/xla/stream_executor/cuda/cuda_gpu_executor.cc:981] could not open file to read NUMA node: /sys/bus/pci/devices/0000:01:00.0/numa_node
Your kernel may have been built without NUMA support.
2025-09-18 15:55:01.932882: I tensorflow/compiler/xla/stream_executor/cuda/cuda_gpu_executor.cc:981] could not open file to read NUMA node: /sys/bus/pci/devices/0000:01:00.0/numa_node
Your kernel may have been built without NUMA support.
2025-09-18 15:55:01.932961: I tensorflow/compiler/xla/stream_executor/cuda/cuda_gpu_executor.cc:981] could not open file to read NUMA node: /sys/bus/pci/devices/0000:01:00.0/numa_node
Your kernel may have been built without NUMA support.
2025-09-18 15:55:01.935655: I tensorflow/compiler/xla/stream_executor/cuda/cuda_gpu_executor.cc:981] could not open file to read NUMA node: /sys/bus/pci/devices/0000:01:00.0/numa_node
Your kernel may have been built without NUMA support.
2025-09-18 15:55:01.935735: I tensorflow/compiler/xla/stream_executor/cuda/cuda_gpu_executor.cc:981] could not open file to read NUMA node: /sys/bus/pci/devices/0000:01:00.0/numa_node
Your kernel may have been built without NUMA support.
2025-09-18 15:55:01.935757: I tensorflow/compiler/xla/stream_executor/cuda/cuda_gpu_executor.cc:981] could not open file to read NUMA node: /sys/bus/pci/devices/0000:01:00.0/numa_node
Your kernel may have been built without NUMA support.
2025-09-18 15:55:02.125774: I tensorflow/compiler/xla/stream_executor/cuda/cuda_gpu_executor.cc:981] could not open file to read NUMA node: /sys/bus/pci/devices/0000:01:00.0/numa_node
Your kernel may have been built without NUMA support.
2025-09-18 15:55:02.125870: I tensorflow/compiler/xla/stream_executor/cuda/cuda_gpu_executor.cc:981] could not open file to read NUMA node: /sys/bus/pci/devices/0000:01:00.0/numa_node
Your kernel may have been built without NUMA support.
2025-09-18 15:55:02.125877: I tensorflow/core/common_runtime/gpu/gpu_device.cc:1726] Could not identify NUMA node of platform GPU id 0, defaulting to 0.  Your kernel may not have been built with NUMA support.
2025-09-18 15:55:02.125898: I tensorflow/compiler/xla/stream_executor/cuda/cuda_gpu_executor.cc:981] could not open file to read NUMA node: /sys/bus/pci/devices/0000:01:00.0/numa_node
Your kernel may have been built without NUMA support.
2025-09-18 15:55:02.125926: I tensorflow/core/common_runtime/gpu/gpu_device.cc:1639] Created device /job:localhost/replica:0/task:0/device:GPU:0 with 9517 MB memory:  -> device: 0, name: NVIDIA GeForce RTX 4070 SUPER, pci bus id: 0000:01:00.0, compute capability: 8.9
GPU detected: 1 physical, 1 logical -> ['/device:GPU:0']
Config: batch=16, accumulate_steps=8 -> effective_batch=128
Loaded (1276, 36, 75) (1276,)
Using mask channel "occlusion_flag" from long_raw (index 7)
Model: "cnn_bilstm_attn_masked"
__________________________________________________________________________________________________
 Layer (type)                Output Shape                 Param #   Connected to                  
==================================================================================================
 input (InputLayer)          [(None, 36, 75)]             0         []                            
                                                                                                  
 permute_time_features (Per  (None, 75, 36)               0         ['input[0][0]']               
 mute)                                                                                            
                                                                                                  
 conv0 (Conv1D)              (None, 75, 64)               6976      ['permute_time_features[0][0]'
                                                                    ]                             
                                                                                                  
 bn0 (BatchNormalization)    (None, 75, 64)               256       ['conv0[0][0]']               
                                                                                                  
 act0 (Activation)           (None, 75, 64)               0         ['bn0[0][0]']                 
                                                                                                  
 conv_dropout0 (Dropout)     (None, 75, 64)               0         ['act0[0][0]']                
                                                                                                  
 conv1 (Conv1D)              (None, 75, 64)               20544     ['conv_dropout0[0][0]']       
                                                                                                  
 bn1 (BatchNormalization)    (None, 75, 64)               256       ['conv1[0][0]']               
                                                                                                  
 act1 (Activation)           (None, 75, 64)               0         ['bn1[0][0]']                 
                                                                                                  
 conv_dropout1 (Dropout)     (None, 75, 64)               0         ['act1[0][0]']                
                                                                                                  
 conv2 (Conv1D)              (None, 75, 64)               12352     ['conv_dropout1[0][0]']       
                                                                                                  
 bn2 (BatchNormalization)    (None, 75, 64)               256       ['conv2[0][0]']               
                                                                                                  
 act2 (Activation)           (None, 75, 64)               0         ['bn2[0][0]']                 
                                                                                                  
 conv_dropout2 (Dropout)     (None, 75, 64)               0         ['act2[0][0]']                
                                                                                                  
 bilstm (Bidirectional)      (None, 75, 128)              66048     ['conv_dropout2[0][0]']       
                                                                                                  
 mlp_attn_u (Dense)          (None, 75, 32)               4128      ['bilstm[0][0]']              
                                                                                                  
 mlp_attn_score (Dense)      (None, 75, 1)                33        ['mlp_attn_u[0][0]']          
                                                                                                  
 mlp_attn_squeeze (Lambda)   (None, 75)                   0         ['mlp_attn_score[0][0]']      
                                                                                                  
 attn_mask (InputLayer)      [(None, 75)]                 0         []                            
                                                                                                  
 mlp_attn_apply_mask (Lambd  (None, 75)                   0         ['mlp_attn_squeeze[0][0]',    
 a)                                                                  'attn_mask[0][0]']           
                                                                                                  
 mlp_attn_softmax (Lambda)   (None, 75)                   0         ['mlp_attn_apply_mask[0][0]'] 
                                                                                                  
 mlp_attn_expand (Lambda)    (None, 75, 1)                0         ['mlp_attn_softmax[0][0]']    
                                                                                                  
 mlp_attn_weighted (Lambda)  (None, 128)                  0         ['bilstm[0][0]',              
                                                                     'mlp_attn_expand[0][0]']     
                                                                                                  
 fc1 (Dense)                 (None, 64)                   8256      ['mlp_attn_weighted[0][0]']   
                                                                                                  
 fc_dropout (Dropout)        (None, 64)                   0         ['fc1[0][0]']                 
                                                                                                  
 out (Dense)                 (None, 1)                    65        ['fc_dropout[0][0]']          
                                                                                                  
==================================================================================================
Total params: 119171 (465.51 KB)
Trainable params: 118786 (464.01 KB)
Non-trainable params: 385 (1.50 KB)
__________________________________________________________________________________________________
None
Writing results to result_multi_seed_precision_aware/seed4/01
Curriculum: set focal gamma = 0.0000 (epoch 1)
Epoch 1/60
2025-09-18 15:55:07.315829: I tensorflow/compiler/xla/stream_executor/cuda/cuda_dnn.cc:432] Loaded cuDNN version 8600
2025-09-18 15:55:07.546624: I tensorflow/tsl/platform/default/subprocess.cc:304] Start cannot spawn child process: No such file or directory
2025-09-18 15:55:07.902347: I tensorflow/compiler/xla/stream_executor/cuda/cuda_blas.cc:606] TensorFloat-32 will be used for the matrix multiplication. This will only be logged once.
2025-09-18 15:55:08.707790: I tensorflow/compiler/xla/service/service.cc:168] XLA service 0x6373fec87130 initialized for platform CUDA (this does not guarantee that XLA will be used). Devices:
2025-09-18 15:55:08.707842: I tensorflow/compiler/xla/service/service.cc:176]   StreamExecutor device (0): NVIDIA GeForce RTX 4070 SUPER, Compute Capability 8.9
2025-09-18 15:55:08.711050: I tensorflow/compiler/mlir/tensorflow/utils/dump_mlir_util.cc:255] disabling MLIR crash reproducer, set env var `MLIR_CRASH_REPRODUCER_DIRECTORY` to enable.
2025-09-18 15:55:08.825394: I tensorflow/tsl/platform/default/subprocess.cc:304] Start cannot spawn child process: No such file or directory
2025-09-18 15:55:08.876141: I ./tensorflow/compiler/jit/device_compiler.h:186] Compiled cluster using XLA!  This line is logged at most once for the lifetime of the process.
WARNING:tensorflow:Can save best model only with val_precision_aware available, skipping.
WARNING:tensorflow:Early stopping conditioned on metric `val_precision_aware` which is not available. Available metrics are: loss,auc,val_loss,val_auc
56/56 - 9s - loss: 0.3285 - auc: 0.4986 - val_loss: 0.3331 - val_auc: 0.6116 - val_auc_custom: 0.6055 - val_f1_custom: 0.0000e+00 - val_recall_custom: 0.0000e+00 - val_composite: 0.1211 - val_precision_aware: 0.1211 - 9s/epoch - 167ms/step
Curriculum: set focal gamma = 0.0526 (epoch 2)
Epoch 2/60
WARNING:tensorflow:Can save best model only with val_precision_aware available, skipping.
WARNING:tensorflow:Early stopping conditioned on metric `val_precision_aware` which is not available. Available metrics are: loss,auc,val_loss,val_auc
56/56 - 2s - loss: 0.2920 - auc: 0.5798 - val_loss: 0.3073 - val_auc: 0.6020 - val_auc_custom: 0.6058 - val_f1_custom: 0.0000e+00 - val_recall_custom: 0.0000e+00 - val_composite: 0.1212 - val_precision_aware: 0.1212 - 2s/epoch - 39ms/step
Curriculum: set focal gamma = 0.1053 (epoch 3)
Epoch 3/60
WARNING:tensorflow:Can save best model only with val_precision_aware available, skipping.
WARNING:tensorflow:Early stopping conditioned on metric `val_precision_aware` which is not available. Available metrics are: loss,auc,val_loss,val_auc
56/56 - 2s - loss: 0.2771 - auc: 0.6095 - val_loss: 0.2929 - val_auc: 0.6084 - val_auc_custom: 0.6081 - val_f1_custom: 0.0000e+00 - val_recall_custom: 0.0000e+00 - val_composite: 0.1216 - val_precision_aware: 0.1216 - 2s/epoch - 39ms/step
Curriculum: set focal gamma = 0.1579 (epoch 4)
Epoch 4/60
WARNING:tensorflow:Can save best model only with val_precision_aware available, skipping.
WARNING:tensorflow:Early stopping conditioned on metric `val_precision_aware` which is not available. Available metrics are: loss,auc,val_loss,val_auc
56/56 - 2s - loss: 0.2614 - auc: 0.6415 - val_loss: 0.2798 - val_auc: 0.6195 - val_auc_custom: 0.6201 - val_f1_custom: 0.0702 - val_recall_custom: 0.0377 - val_composite: 0.1639 - val_precision_aware: 0.3951 - 2s/epoch - 40ms/step
Curriculum: set focal gamma = 0.2105 (epoch 5)
Epoch 5/60
WARNING:tensorflow:Can save best model only with val_precision_aware available, skipping.
WARNING:tensorflow:Early stopping conditioned on metric `val_precision_aware` which is not available. Available metrics are: loss,auc,val_loss,val_auc
56/56 - 2s - loss: 0.2509 - auc: 0.6486 - val_loss: 0.2698 - val_auc: 0.6206 - val_auc_custom: 0.6196 - val_f1_custom: 0.1639 - val_recall_custom: 0.0943 - val_composite: 0.2203 - val_precision_aware: 0.4856 - 2s/epoch - 41ms/step
Curriculum: set focal gamma = 0.2632 (epoch 6)
Epoch 6/60
WARNING:tensorflow:Can save best model only with val_precision_aware available, skipping.
WARNING:tensorflow:Early stopping conditioned on metric `val_precision_aware` which is not available. Available metrics are: loss,auc,val_loss,val_auc
56/56 - 2s - loss: 0.2434 - auc: 0.6316 - val_loss: 0.2612 - val_auc: 0.6145 - val_auc_custom: 0.6141 - val_f1_custom: 0.2319 - val_recall_custom: 0.1509 - val_composite: 0.2679 - val_precision_aware: 0.4424 - 2s/epoch - 40ms/step
Curriculum: set focal gamma = 0.3158 (epoch 7)
Epoch 7/60
WARNING:tensorflow:Can save best model only with val_precision_aware available, skipping.
WARNING:tensorflow:Early stopping conditioned on metric `val_precision_aware` which is not available. Available metrics are: loss,auc,val_loss,val_auc
56/56 - 2s - loss: 0.2321 - auc: 0.6567 - val_loss: 0.2530 - val_auc: 0.6102 - val_auc_custom: 0.6083 - val_f1_custom: 0.3014 - val_recall_custom: 0.2075 - val_composite: 0.3158 - val_precision_aware: 0.4871 - 2s/epoch - 38ms/step
Curriculum: set focal gamma = 0.3684 (epoch 8)
Epoch 8/60
WARNING:tensorflow:Can save best model only with val_precision_aware available, skipping.
WARNING:tensorflow:Early stopping conditioned on metric `val_precision_aware` which is not available. Available metrics are: loss,auc,val_loss,val_auc
56/56 - 2s - loss: 0.2189 - auc: 0.6822 - val_loss: 0.2440 - val_auc: 0.6047 - val_auc_custom: 0.6050 - val_f1_custom: 0.2857 - val_recall_custom: 0.1887 - val_composite: 0.3011 - val_precision_aware: 0.5008 - 2s/epoch - 40ms/step
Curriculum: set focal gamma = 0.4211 (epoch 9)
Epoch 9/60
WARNING:tensorflow:Can save best model only with val_precision_aware available, skipping.
WARNING:tensorflow:Early stopping conditioned on metric `val_precision_aware` which is not available. Available metrics are: loss,auc,val_loss,val_auc
56/56 - 2s - loss: 0.2102 - auc: 0.6893 - val_loss: 0.2355 - val_auc: 0.6003 - val_auc_custom: 0.6005 - val_f1_custom: 0.2899 - val_recall_custom: 0.1887 - val_composite: 0.3014 - val_precision_aware: 0.5196 - 2s/epoch - 38ms/step
Curriculum: set focal gamma = 0.4737 (epoch 10)
Epoch 10/60
WARNING:tensorflow:Can save best model only with val_precision_aware available, skipping.
WARNING:tensorflow:Early stopping conditioned on metric `val_precision_aware` which is not available. Available metrics are: loss,auc,val_loss,val_auc
56/56 - 2s - loss: 0.2015 - auc: 0.6914 - val_loss: 0.2265 - val_auc: 0.6040 - val_auc_custom: 0.6030 - val_f1_custom: 0.3056 - val_recall_custom: 0.2075 - val_composite: 0.3160 - val_precision_aware: 0.5017 - 2s/epoch - 40ms/step
Curriculum: set focal gamma = 0.5263 (epoch 11)
Epoch 11/60
WARNING:tensorflow:Can save best model only with val_precision_aware available, skipping.
WARNING:tensorflow:Early stopping conditioned on metric `val_precision_aware` which is not available. Available metrics are: loss,auc,val_loss,val_auc
56/56 - 2s - loss: 0.1944 - auc: 0.6925 - val_loss: 0.2186 - val_auc: 0.6109 - val_auc_custom: 0.6111 - val_f1_custom: 0.3467 - val_recall_custom: 0.2453 - val_composite: 0.3489 - val_precision_aware: 0.5217 - 2s/epoch - 40ms/step
Curriculum: set focal gamma = 0.5789 (epoch 12)
Epoch 12/60
WARNING:tensorflow:Can save best model only with val_precision_aware available, skipping.
WARNING:tensorflow:Early stopping conditioned on metric `val_precision_aware` which is not available. Available metrics are: loss,auc,val_loss,val_auc
56/56 - 2s - loss: 0.1852 - auc: 0.7046 - val_loss: 0.2102 - val_auc: 0.6230 - val_auc_custom: 0.6221 - val_f1_custom: 0.3590 - val_recall_custom: 0.2642 - val_composite: 0.3642 - val_precision_aware: 0.5121 - 2s/epoch - 38ms/step
Curriculum: set focal gamma = 0.6316 (epoch 13)
Epoch 13/60
WARNING:tensorflow:Can save best model only with val_precision_aware available, skipping.
WARNING:tensorflow:Early stopping conditioned on metric `val_precision_aware` which is not available. Available metrics are: loss,auc,val_loss,val_auc
56/56 - 2s - loss: 0.1763 - auc: 0.7166 - val_loss: 0.2007 - val_auc: 0.6430 - val_auc_custom: 0.6418 - val_f1_custom: 0.3457 - val_recall_custom: 0.2642 - val_composite: 0.3641 - val_precision_aware: 0.4821 - 2s/epoch - 40ms/step
Curriculum: set focal gamma = 0.6842 (epoch 14)
Epoch 14/60
WARNING:tensorflow:Can save best model only with val_precision_aware available, skipping.
WARNING:tensorflow:Early stopping conditioned on metric `val_precision_aware` which is not available. Available metrics are: loss,auc,val_loss,val_auc
56/56 - 2s - loss: 0.1680 - auc: 0.7241 - val_loss: 0.1919 - val_auc: 0.6546 - val_auc_custom: 0.6556 - val_f1_custom: 0.3704 - val_recall_custom: 0.2830 - val_composite: 0.3837 - val_precision_aware: 0.5101 - 2s/epoch - 39ms/step
Curriculum: set focal gamma = 0.7368 (epoch 15)
Epoch 15/60
WARNING:tensorflow:Can save best model only with val_precision_aware available, skipping.
WARNING:tensorflow:Early stopping conditioned on metric `val_precision_aware` which is not available. Available metrics are: loss,auc,val_loss,val_auc
56/56 - 2s - loss: 0.1612 - auc: 0.7323 - val_loss: 0.1878 - val_auc: 0.6564 - val_auc_custom: 0.6558 - val_f1_custom: 0.4889 - val_recall_custom: 0.4151 - val_composite: 0.4854 - val_precision_aware: 0.5751 - 2s/epoch - 39ms/step
Curriculum: set focal gamma = 0.7895 (epoch 16)
Epoch 16/60
WARNING:tensorflow:Can save best model only with val_precision_aware available, skipping.
WARNING:tensorflow:Early stopping conditioned on metric `val_precision_aware` which is not available. Available metrics are: loss,auc,val_loss,val_auc
56/56 - 2s - loss: 0.1510 - auc: 0.7630 - val_loss: 0.1787 - val_auc: 0.6699 - val_auc_custom: 0.6704 - val_f1_custom: 0.4773 - val_recall_custom: 0.3962 - val_composite: 0.4754 - val_precision_aware: 0.5773 - 2s/epoch - 39ms/step
Curriculum: set focal gamma = 0.8421 (epoch 17)
Epoch 17/60
WARNING:tensorflow:Can save best model only with val_precision_aware available, skipping.
WARNING:tensorflow:Early stopping conditioned on metric `val_precision_aware` which is not available. Available metrics are: loss,auc,val_loss,val_auc
56/56 - 2s - loss: 0.1448 - auc: 0.7616 - val_loss: 0.1730 - val_auc: 0.6875 - val_auc_custom: 0.6891 - val_f1_custom: 0.5417 - val_recall_custom: 0.4906 - val_composite: 0.5456 - val_precision_aware: 0.6026 - 2s/epoch - 37ms/step
Curriculum: set focal gamma = 0.8947 (epoch 18)
Epoch 18/60
WARNING:tensorflow:Can save best model only with val_precision_aware available, skipping.
WARNING:tensorflow:Early stopping conditioned on metric `val_precision_aware` which is not available. Available metrics are: loss,auc,val_loss,val_auc
56/56 - 2s - loss: 0.1360 - auc: 0.7823 - val_loss: 0.1662 - val_auc: 0.6919 - val_auc_custom: 0.6926 - val_f1_custom: 0.5361 - val_recall_custom: 0.4906 - val_composite: 0.5446 - val_precision_aware: 0.5948 - 2s/epoch - 36ms/step
Curriculum: set focal gamma = 0.9474 (epoch 19)
Epoch 19/60
WARNING:tensorflow:Can save best model only with val_precision_aware available, skipping.
WARNING:tensorflow:Early stopping conditioned on metric `val_precision_aware` which is not available. Available metrics are: loss,auc,val_loss,val_auc
56/56 - 2s - loss: 0.1255 - auc: 0.8079 - val_loss: 0.1631 - val_auc: 0.7068 - val_auc_custom: 0.7069 - val_f1_custom: 0.5437 - val_recall_custom: 0.5283 - val_composite: 0.5686 - val_precision_aware: 0.5845 - 2s/epoch - 38ms/step
Curriculum: set focal gamma = 1.0000 (epoch 20)
Epoch 20/60
WARNING:tensorflow:Can save best model only with val_precision_aware available, skipping.
WARNING:tensorflow:Early stopping conditioned on metric `val_precision_aware` which is not available. Available metrics are: loss,auc,val_loss,val_auc
56/56 - 2s - loss: 0.1225 - auc: 0.7991 - val_loss: 0.1538 - val_auc: 0.7199 - val_auc_custom: 0.7208 - val_f1_custom: 0.4516 - val_recall_custom: 0.3962 - val_composite: 0.4777 - val_precision_aware: 0.5421 - 2s/epoch - 38ms/step
Curriculum: set focal gamma = 1.0000 (epoch 21)
Epoch 21/60
WARNING:tensorflow:Can save best model only with val_precision_aware available, skipping.
WARNING:tensorflow:Early stopping conditioned on metric `val_precision_aware` which is not available. Available metrics are: loss,auc,val_loss,val_auc
56/56 - 2s - loss: 0.1202 - auc: 0.8084 - val_loss: 0.1547 - val_auc: 0.7199 - val_auc_custom: 0.7200 - val_f1_custom: 0.5102 - val_recall_custom: 0.4717 - val_composite: 0.5329 - val_precision_aware: 0.5748 - 2s/epoch - 40ms/step
Curriculum: set focal gamma = 1.0000 (epoch 22)
Epoch 22/60
WARNING:tensorflow:Can save best model only with val_precision_aware available, skipping.
WARNING:tensorflow:Early stopping conditioned on metric `val_precision_aware` which is not available. Available metrics are: loss,auc,val_loss,val_auc
56/56 - 2s - loss: 0.1182 - auc: 0.8145 - val_loss: 0.1728 - val_auc: 0.6842 - val_auc_custom: 0.6855 - val_f1_custom: 0.6034 - val_recall_custom: 0.6604 - val_composite: 0.6483 - val_precision_aware: 0.5959 - 2s/epoch - 39ms/step
Curriculum: set focal gamma = 1.0000 (epoch 23)
Epoch 23/60
WARNING:tensorflow:Can save best model only with val_precision_aware available, skipping.
WARNING:tensorflow:Early stopping conditioned on metric `val_precision_aware` which is not available. Available metrics are: loss,auc,val_loss,val_auc
56/56 - 2s - loss: 0.1192 - auc: 0.8117 - val_loss: 0.1542 - val_auc: 0.7234 - val_auc_custom: 0.7243 - val_f1_custom: 0.5253 - val_recall_custom: 0.4906 - val_composite: 0.5477 - val_precision_aware: 0.5850 - 2s/epoch - 38ms/step
Curriculum: set focal gamma = 1.0000 (epoch 24)
Epoch 24/60
WARNING:tensorflow:Can save best model only with val_precision_aware available, skipping.
WARNING:tensorflow:Early stopping conditioned on metric `val_precision_aware` which is not available. Available metrics are: loss,auc,val_loss,val_auc
56/56 - 2s - loss: 0.1209 - auc: 0.8072 - val_loss: 0.1705 - val_auc: 0.6990 - val_auc_custom: 0.6979 - val_f1_custom: 0.6271 - val_recall_custom: 0.6981 - val_composite: 0.6768 - val_precision_aware: 0.6123 - 2s/epoch - 39ms/step
Curriculum: set focal gamma = 1.0000 (epoch 25)
Epoch 25/60
WARNING:tensorflow:Can save best model only with val_precision_aware available, skipping.
WARNING:tensorflow:Early stopping conditioned on metric `val_precision_aware` which is not available. Available metrics are: loss,auc,val_loss,val_auc
56/56 - 2s - loss: 0.1204 - auc: 0.8099 - val_loss: 0.1528 - val_auc: 0.7333 - val_auc_custom: 0.7326 - val_f1_custom: 0.4706 - val_recall_custom: 0.3774 - val_composite: 0.4764 - val_precision_aware: 0.6002 - 2s/epoch - 40ms/step
Curriculum: set focal gamma = 1.0000 (epoch 26)
Epoch 26/60
WARNING:tensorflow:Can save best model only with val_precision_aware available, skipping.
WARNING:tensorflow:Early stopping conditioned on metric `val_precision_aware` which is not available. Available metrics are: loss,auc,val_loss,val_auc
56/56 - 2s - loss: 0.1155 - auc: 0.8271 - val_loss: 0.1679 - val_auc: 0.7153 - val_auc_custom: 0.7150 - val_f1_custom: 0.6325 - val_recall_custom: 0.6981 - val_composite: 0.6818 - val_precision_aware: 0.6218 - 2s/epoch - 37ms/step
Curriculum: set focal gamma = 1.0000 (epoch 27)
Epoch 27/60
WARNING:tensorflow:Can save best model only with val_precision_aware available, skipping.
WARNING:tensorflow:Early stopping conditioned on metric `val_precision_aware` which is not available. Available metrics are: loss,auc,val_loss,val_auc
56/56 - 2s - loss: 0.1085 - auc: 0.8479 - val_loss: 0.1544 - val_auc: 0.7431 - val_auc_custom: 0.7436 - val_f1_custom: 0.4884 - val_recall_custom: 0.3962 - val_composite: 0.4934 - val_precision_aware: 0.6134 - 2s/epoch - 42ms/step
Curriculum: set focal gamma = 1.0000 (epoch 28)
Epoch 28/60
WARNING:tensorflow:Can save best model only with val_precision_aware available, skipping.
WARNING:tensorflow:Early stopping conditioned on metric `val_precision_aware` which is not available. Available metrics are: loss,auc,val_loss,val_auc
56/56 - 2s - loss: 0.1062 - auc: 0.8572 - val_loss: 0.1796 - val_auc: 0.7176 - val_auc_custom: 0.7165 - val_f1_custom: 0.6281 - val_recall_custom: 0.7170 - val_composite: 0.6902 - val_precision_aware: 0.6111 - 2s/epoch - 39ms/step
Curriculum: set focal gamma = 1.0000 (epoch 29)
Epoch 29/60
WARNING:tensorflow:Can save best model only with val_precision_aware available, skipping.
WARNING:tensorflow:Early stopping conditioned on metric `val_precision_aware` which is not available. Available metrics are: loss,auc,val_loss,val_auc
56/56 - 2s - loss: 0.1064 - auc: 0.8580 - val_loss: 0.1567 - val_auc: 0.7574 - val_auc_custom: 0.7577 - val_f1_custom: 0.5625 - val_recall_custom: 0.5094 - val_composite: 0.5750 - val_precision_aware: 0.6343 - 2s/epoch - 40ms/step
Curriculum: set focal gamma = 1.0000 (epoch 30)
Epoch 30/60
WARNING:tensorflow:Can save best model only with val_precision_aware available, skipping.
WARNING:tensorflow:Early stopping conditioned on metric `val_precision_aware` which is not available. Available metrics are: loss,auc,val_loss,val_auc
56/56 - 2s - loss: 0.1077 - auc: 0.8545 - val_loss: 0.1731 - val_auc: 0.7411 - val_auc_custom: 0.7416 - val_f1_custom: 0.6379 - val_recall_custom: 0.6981 - val_composite: 0.6888 - val_precision_aware: 0.6334 - 2s/epoch - 40ms/step
Curriculum: set focal gamma = 1.0000 (epoch 31)
Epoch 31/60
WARNING:tensorflow:Can save best model only with val_precision_aware available, skipping.
WARNING:tensorflow:Early stopping conditioned on metric `val_precision_aware` which is not available. Available metrics are: loss,auc,val_loss,val_auc
56/56 - 2s - loss: 0.1039 - auc: 0.8651 - val_loss: 0.1862 - val_auc: 0.7257 - val_auc_custom: 0.7253 - val_f1_custom: 0.6612 - val_recall_custom: 0.7547 - val_composite: 0.7208 - val_precision_aware: 0.6375 - 2s/epoch - 40ms/step
Curriculum: set focal gamma = 1.0000 (epoch 32)
Epoch 32/60
WARNING:tensorflow:Can save best model only with val_precision_aware available, skipping.
WARNING:tensorflow:Early stopping conditioned on metric `val_precision_aware` which is not available. Available metrics are: loss,auc,val_loss,val_auc
56/56 - 2s - loss: 0.1081 - auc: 0.8483 - val_loss: 0.1621 - val_auc: 0.7550 - val_auc_custom: 0.7545 - val_f1_custom: 0.4944 - val_recall_custom: 0.4151 - val_composite: 0.5068 - val_precision_aware: 0.6048 - 2s/epoch - 36ms/step
Curriculum: set focal gamma = 1.0000 (epoch 33)
Epoch 33/60
WARNING:tensorflow:Can save best model only with val_precision_aware available, skipping.
WARNING:tensorflow:Early stopping conditioned on metric `val_precision_aware` which is not available. Available metrics are: loss,auc,val_loss,val_auc
56/56 - 2s - loss: 0.1044 - auc: 0.8667 - val_loss: 0.1743 - val_auc: 0.7385 - val_auc_custom: 0.7389 - val_f1_custom: 0.6372 - val_recall_custom: 0.6792 - val_composite: 0.6785 - val_precision_aware: 0.6389 - 2s/epoch - 41ms/step
Curriculum: set focal gamma = 1.0000 (epoch 34)
Epoch 34/60
WARNING:tensorflow:Can save best model only with val_precision_aware available, skipping.
WARNING:tensorflow:Early stopping conditioned on metric `val_precision_aware` which is not available. Available metrics are: loss,auc,val_loss,val_auc
56/56 - 2s - loss: 0.1050 - auc: 0.8600 - val_loss: 0.1539 - val_auc: 0.7808 - val_auc_custom: 0.7799 - val_f1_custom: 0.5000 - val_recall_custom: 0.3962 - val_composite: 0.5041 - val_precision_aware: 0.6447 - 2s/epoch - 40ms/step
Curriculum: set focal gamma = 1.0000 (epoch 35)
Epoch 35/60
WARNING:tensorflow:Can save best model only with val_precision_aware available, skipping.
WARNING:tensorflow:Early stopping conditioned on metric `val_precision_aware` which is not available. Available metrics are: loss,auc,val_loss,val_auc
56/56 - 2s - loss: 0.0984 - auc: 0.8804 - val_loss: 0.1692 - val_auc: 0.7496 - val_auc_custom: 0.7502 - val_f1_custom: 0.6549 - val_recall_custom: 0.6981 - val_composite: 0.6956 - val_precision_aware: 0.6548 - 2s/epoch - 40ms/step
Curriculum: set focal gamma = 1.0000 (epoch 36)
Epoch 36/60
WARNING:tensorflow:Can save best model only with val_precision_aware available, skipping.
WARNING:tensorflow:Early stopping conditioned on metric `val_precision_aware` which is not available. Available metrics are: loss,auc,val_loss,val_auc
56/56 - 2s - loss: 0.0925 - auc: 0.8963 - val_loss: 0.1651 - val_auc: 0.7561 - val_auc_custom: 0.7542 - val_f1_custom: 0.6538 - val_recall_custom: 0.6415 - val_composite: 0.6678 - val_precision_aware: 0.6803 - 2s/epoch - 43ms/step
Curriculum: set focal gamma = 1.0000 (epoch 37)
Epoch 37/60
WARNING:tensorflow:Can save best model only with val_precision_aware available, skipping.
WARNING:tensorflow:Early stopping conditioned on metric `val_precision_aware` which is not available. Available metrics are: loss,auc,val_loss,val_auc
56/56 - 2s - loss: 0.0913 - auc: 0.8966 - val_loss: 0.1781 - val_auc: 0.7408 - val_auc_custom: 0.7416 - val_f1_custom: 0.6364 - val_recall_custom: 0.6604 - val_composite: 0.6694 - val_precision_aware: 0.6463 - 2s/epoch - 39ms/step
Curriculum: set focal gamma = 1.0000 (epoch 38)
Epoch 38/60
WARNING:tensorflow:Can save best model only with val_precision_aware available, skipping.
WARNING:tensorflow:Early stopping conditioned on metric `val_precision_aware` which is not available. Available metrics are: loss,auc,val_loss,val_auc
56/56 - 2s - loss: 0.0941 - auc: 0.8944 - val_loss: 0.1692 - val_auc: 0.7458 - val_auc_custom: 0.7452 - val_f1_custom: 0.6022 - val_recall_custom: 0.5283 - val_composite: 0.5938 - val_precision_aware: 0.6797 - 2s/epoch - 39ms/step
Curriculum: set focal gamma = 1.0000 (epoch 39)
Epoch 39/60
WARNING:tensorflow:Can save best model only with val_precision_aware available, skipping.
WARNING:tensorflow:Early stopping conditioned on metric `val_precision_aware` which is not available. Available metrics are: loss,auc,val_loss,val_auc
56/56 - 2s - loss: 0.0937 - auc: 0.8946 - val_loss: 0.1778 - val_auc: 0.7367 - val_auc_custom: 0.7364 - val_f1_custom: 0.6286 - val_recall_custom: 0.6226 - val_composite: 0.6472 - val_precision_aware: 0.6531 - 2s/epoch - 41ms/step
Curriculum: set focal gamma = 1.0000 (epoch 40)
Epoch 40/60
WARNING:tensorflow:Can save best model only with val_precision_aware available, skipping.
WARNING:tensorflow:Early stopping conditioned on metric `val_precision_aware` which is not available. Available metrics are: loss,auc,val_loss,val_auc
56/56 - 2s - loss: 0.0882 - auc: 0.9097 - val_loss: 0.1997 - val_auc: 0.7127 - val_auc_custom: 0.7140 - val_f1_custom: 0.6316 - val_recall_custom: 0.6792 - val_composite: 0.6719 - val_precision_aware: 0.6273 - 2s/epoch - 41ms/step
Curriculum: set focal gamma = 1.0000 (epoch 41)
Epoch 41/60
WARNING:tensorflow:Can save best model only with val_precision_aware available, skipping.
WARNING:tensorflow:Early stopping conditioned on metric `val_precision_aware` which is not available. Available metrics are: loss,auc,val_loss,val_auc
56/56 - 2s - loss: 0.0894 - auc: 0.9052 - val_loss: 0.1632 - val_auc: 0.7784 - val_auc_custom: 0.7774 - val_f1_custom: 0.5870 - val_recall_custom: 0.5094 - val_composite: 0.5863 - val_precision_aware: 0.6777 - 2s/epoch - 38ms/step
Curriculum: set focal gamma = 1.0000 (epoch 42)
Epoch 42/60
WARNING:tensorflow:Can save best model only with val_precision_aware available, skipping.
WARNING:tensorflow:Early stopping conditioned on metric `val_precision_aware` which is not available. Available metrics are: loss,auc,val_loss,val_auc
56/56 - 2s - loss: 0.0880 - auc: 0.9063 - val_loss: 0.1890 - val_auc: 0.7484 - val_auc_custom: 0.7489 - val_f1_custom: 0.6422 - val_recall_custom: 0.6604 - val_composite: 0.6726 - val_precision_aware: 0.6549 - 2s/epoch - 38ms/step
Curriculum: set focal gamma = 1.0000 (epoch 43)
Epoch 43/60
WARNING:tensorflow:Can save best model only with val_precision_aware available, skipping.
WARNING:tensorflow:Early stopping conditioned on metric `val_precision_aware` which is not available. Available metrics are: loss,auc,val_loss,val_auc
56/56 - 2s - loss: 0.0900 - auc: 0.9041 - val_loss: 0.1969 - val_auc: 0.7408 - val_auc_custom: 0.7394 - val_f1_custom: 0.6491 - val_recall_custom: 0.6981 - val_composite: 0.6917 - val_precision_aware: 0.6459 - 2s/epoch - 38ms/step
Curriculum: set focal gamma = 1.0000 (epoch 44)
Epoch 44/60
WARNING:tensorflow:Can save best model only with val_precision_aware available, skipping.
WARNING:tensorflow:Early stopping conditioned on metric `val_precision_aware` which is not available. Available metrics are: loss,auc,val_loss,val_auc
56/56 - 2s - loss: 0.0772 - auc: 0.9319 - val_loss: 0.1883 - val_auc: 0.7487 - val_auc_custom: 0.7487 - val_f1_custom: 0.6355 - val_recall_custom: 0.6415 - val_composite: 0.6611 - val_precision_aware: 0.6552 - 2s/epoch - 42ms/step
Curriculum: set focal gamma = 1.0000 (epoch 45)
Epoch 45/60
WARNING:tensorflow:Can save best model only with val_precision_aware available, skipping.
WARNING:tensorflow:Early stopping conditioned on metric `val_precision_aware` which is not available. Available metrics are: loss,auc,val_loss,val_auc
56/56 - 2s - loss: 0.0830 - auc: 0.9182 - val_loss: 0.1916 - val_auc: 0.7474 - val_auc_custom: 0.7467 - val_f1_custom: 0.6476 - val_recall_custom: 0.6415 - val_composite: 0.6644 - val_precision_aware: 0.6705 - 2s/epoch - 39ms/step
Curriculum: set focal gamma = 1.0000 (epoch 46)
Epoch 46/60
WARNING:tensorflow:Can save best model only with val_precision_aware available, skipping.
WARNING:tensorflow:Early stopping conditioned on metric `val_precision_aware` which is not available. Available metrics are: loss,auc,val_loss,val_auc
56/56 - 2s - loss: 0.0818 - auc: 0.9203 - val_loss: 0.1880 - val_auc: 0.7552 - val_auc_custom: 0.7542 - val_f1_custom: 0.6476 - val_recall_custom: 0.6415 - val_composite: 0.6659 - val_precision_aware: 0.6721 - 2s/epoch - 37ms/step
Curriculum: set focal gamma = 1.0000 (epoch 47)
Epoch 47/60
WARNING:tensorflow:Can save best model only with val_precision_aware available, skipping.
WARNING:tensorflow:Early stopping conditioned on metric `val_precision_aware` which is not available. Available metrics are: loss,auc,val_loss,val_auc
56/56 - 3s - loss: 0.0813 - auc: 0.9220 - val_loss: 0.2189 - val_auc: 0.7331 - val_auc_custom: 0.7328 - val_f1_custom: 0.6230 - val_recall_custom: 0.7170 - val_composite: 0.6919 - val_precision_aware: 0.6088 - 3s/epoch - 45ms/step
Curriculum: set focal gamma = 1.0000 (epoch 48)
Epoch 48/60
WARNING:tensorflow:Can save best model only with val_precision_aware available, skipping.
WARNING:tensorflow:Early stopping conditioned on metric `val_precision_aware` which is not available. Available metrics are: loss,auc,val_loss,val_auc
56/56 - 2s - loss: 0.0761 - auc: 0.9317 - val_loss: 0.1726 - val_auc: 0.7733 - val_auc_custom: 0.7728 - val_f1_custom: 0.6200 - val_recall_custom: 0.5849 - val_composite: 0.6330 - val_precision_aware: 0.6704 - 2s/epoch - 42ms/step
Curriculum: set focal gamma = 1.0000 (epoch 49)
Epoch 49/60
WARNING:tensorflow:Can save best model only with val_precision_aware available, skipping.
WARNING:tensorflow:Early stopping conditioned on metric `val_precision_aware` which is not available. Available metrics are: loss,auc,val_loss,val_auc
56/56 - 2s - loss: 0.0726 - auc: 0.9384 - val_loss: 0.2012 - val_auc: 0.7625 - val_auc_custom: 0.7608 - val_f1_custom: 0.6612 - val_recall_custom: 0.7547 - val_composite: 0.7279 - val_precision_aware: 0.6446 - 2s/epoch - 41ms/step
Curriculum: set focal gamma = 1.0000 (epoch 50)
Epoch 50/60
WARNING:tensorflow:Can save best model only with val_precision_aware available, skipping.
WARNING:tensorflow:Early stopping conditioned on metric `val_precision_aware` which is not available. Available metrics are: loss,auc,val_loss,val_auc
56/56 - 2s - loss: 0.0711 - auc: 0.9408 - val_loss: 0.1969 - val_auc: 0.7519 - val_auc_custom: 0.7517 - val_f1_custom: 0.6727 - val_recall_custom: 0.6981 - val_composite: 0.7012 - val_precision_aware: 0.6767 - 2s/epoch - 36ms/step
Curriculum: set focal gamma = 1.0000 (epoch 51)
Epoch 51/60
WARNING:tensorflow:Can save best model only with val_precision_aware available, skipping.
WARNING:tensorflow:Early stopping conditioned on metric `val_precision_aware` which is not available. Available metrics are: loss,auc,val_loss,val_auc
56/56 - 2s - loss: 0.0769 - auc: 0.9282 - val_loss: 0.1929 - val_auc: 0.7686 - val_auc_custom: 0.7681 - val_f1_custom: 0.6355 - val_recall_custom: 0.6415 - val_composite: 0.6650 - val_precision_aware: 0.6591 - 2s/epoch - 41ms/step
Curriculum: set focal gamma = 1.0000 (epoch 52)
Epoch 52/60
WARNING:tensorflow:Can save best model only with val_precision_aware available, skipping.
WARNING:tensorflow:Early stopping conditioned on metric `val_precision_aware` which is not available. Available metrics are: loss,auc,val_loss,val_auc
56/56 - 2s - loss: 0.0800 - auc: 0.9228 - val_loss: 0.2036 - val_auc: 0.7633 - val_auc_custom: 0.7653 - val_f1_custom: 0.6316 - val_recall_custom: 0.6792 - val_composite: 0.6822 - val_precision_aware: 0.6376 - 2s/epoch - 37ms/step
Curriculum: set focal gamma = 1.0000 (epoch 53)
Epoch 53/60
WARNING:tensorflow:Can save best model only with val_precision_aware available, skipping.
WARNING:tensorflow:Early stopping conditioned on metric `val_precision_aware` which is not available. Available metrics are: loss,auc,val_loss,val_auc
56/56 - 2s - loss: 0.0714 - auc: 0.9436 - val_loss: 0.1805 - val_auc: 0.7826 - val_auc_custom: 0.7821 - val_f1_custom: 0.6733 - val_recall_custom: 0.6415 - val_composite: 0.6792 - val_precision_aware: 0.7126 - 2s/epoch - 38ms/step
Curriculum: set focal gamma = 1.0000 (epoch 54)
Epoch 54/60
WARNING:tensorflow:Can save best model only with val_precision_aware available, skipping.
WARNING:tensorflow:Early stopping conditioned on metric `val_precision_aware` which is not available. Available metrics are: loss,auc,val_loss,val_auc
56/56 - 2s - loss: 0.0685 - auc: 0.9462 - val_loss: 0.2230 - val_auc: 0.7567 - val_auc_custom: 0.7570 - val_f1_custom: 0.6341 - val_recall_custom: 0.7358 - val_composite: 0.7096 - val_precision_aware: 0.6202 - 2s/epoch - 38ms/step
Curriculum: set focal gamma = 1.0000 (epoch 55)
Epoch 55/60
WARNING:tensorflow:Can save best model only with val_precision_aware available, skipping.
WARNING:tensorflow:Early stopping conditioned on metric `val_precision_aware` which is not available. Available metrics are: loss,auc,val_loss,val_auc
56/56 - 2s - loss: 0.0766 - auc: 0.9301 - val_loss: 0.1793 - val_auc: 0.7916 - val_auc_custom: 0.7930 - val_f1_custom: 0.6602 - val_recall_custom: 0.6415 - val_composite: 0.6774 - val_precision_aware: 0.6966 - 2s/epoch - 39ms/step
Curriculum: set focal gamma = 1.0000 (epoch 56)
Epoch 56/60
WARNING:tensorflow:Can save best model only with val_precision_aware available, skipping.
WARNING:tensorflow:Early stopping conditioned on metric `val_precision_aware` which is not available. Available metrics are: loss,auc,val_loss,val_auc
56/56 - 2s - loss: 0.0706 - auc: 0.9414 - val_loss: 0.2477 - val_auc: 0.7391 - val_auc_custom: 0.7384 - val_f1_custom: 0.6406 - val_recall_custom: 0.7736 - val_composite: 0.7267 - val_precision_aware: 0.6132 - 2s/epoch - 39ms/step
Curriculum: set focal gamma = 1.0000 (epoch 57)
Epoch 57/60
WARNING:tensorflow:Can save best model only with val_precision_aware available, skipping.
WARNING:tensorflow:Early stopping conditioned on metric `val_precision_aware` which is not available. Available metrics are: loss,auc,val_loss,val_auc
56/56 - 2s - loss: 0.0739 - auc: 0.9346 - val_loss: 0.1795 - val_auc: 0.7814 - val_auc_custom: 0.7816 - val_f1_custom: 0.6346 - val_recall_custom: 0.6226 - val_composite: 0.6580 - val_precision_aware: 0.6702 - 2s/epoch - 38ms/step
Curriculum: set focal gamma = 1.0000 (epoch 58)
Epoch 58/60
WARNING:tensorflow:Can save best model only with val_precision_aware available, skipping.
WARNING:tensorflow:Early stopping conditioned on metric `val_precision_aware` which is not available. Available metrics are: loss,auc,val_loss,val_auc
56/56 - 2s - loss: 0.0694 - auc: 0.9443 - val_loss: 0.2061 - val_auc: 0.7737 - val_auc_custom: 0.7743 - val_f1_custom: 0.6897 - val_recall_custom: 0.7547 - val_composite: 0.7391 - val_precision_aware: 0.6792 - 2s/epoch - 41ms/step
Curriculum: set focal gamma = 1.0000 (epoch 59)
Epoch 59/60
WARNING:tensorflow:Can save best model only with val_precision_aware available, skipping.
WARNING:tensorflow:Early stopping conditioned on metric `val_precision_aware` which is not available. Available metrics are: loss,auc,val_loss,val_auc
56/56 - 2s - loss: 0.0678 - auc: 0.9471 - val_loss: 0.2059 - val_auc: 0.7551 - val_auc_custom: 0.7552 - val_f1_custom: 0.6400 - val_recall_custom: 0.6038 - val_composite: 0.6449 - val_precision_aware: 0.6835 - 2s/epoch - 37ms/step
Curriculum: set focal gamma = 1.0000 (epoch 60)
Epoch 60/60
WARNING:tensorflow:Can save best model only with val_precision_aware available, skipping.
WARNING:tensorflow:Early stopping conditioned on metric `val_precision_aware` which is not available. Available metrics are: loss,auc,val_loss,val_auc
56/56 - 2s - loss: 0.0714 - auc: 0.9395 - val_loss: 0.2341 - val_auc: 0.7609 - val_auc_custom: 0.7605 - val_f1_custom: 0.6387 - val_recall_custom: 0.7170 - val_composite: 0.7022 - val_precision_aware: 0.6316 - 2s/epoch - 31ms/step
Mask config -> mode=soft, threshold=0.6, window_gate=None
Done. Results saved to result_multi_seed_precision_aware/seed4/01
