2025-09-22 02:33:34.298353: I tensorflow/core/util/port.cc:110] oneDNN custom operations are on. You may see slightly different numerical results due to floating-point round-off errors from different computation orders. To turn them off, set the environment variable `TF_ENABLE_ONEDNN_OPTS=0`.
2025-09-22 02:33:34.328216: I tensorflow/core/platform/cpu_feature_guard.cc:182] This TensorFlow binary is optimized to use available CPU instructions in performance-critical operations.
To enable the following instructions: AVX2 AVX_VNNI FMA, in other operations, rebuild TensorFlow with the appropriate compiler flags.
2025-09-22 02:33:34.733006: W tensorflow/compiler/tf2tensorrt/utils/py_utils.cc:38] TF-TRT Warning: Could not find TensorRT
2025-09-22 02:33:35.129147: I tensorflow/compiler/xla/stream_executor/cuda/cuda_gpu_executor.cc:981] could not open file to read NUMA node: /sys/bus/pci/devices/0000:01:00.0/numa_node
Your kernel may have been built without NUMA support.
2025-09-22 02:33:35.149231: I tensorflow/compiler/xla/stream_executor/cuda/cuda_gpu_executor.cc:981] could not open file to read NUMA node: /sys/bus/pci/devices/0000:01:00.0/numa_node
Your kernel may have been built without NUMA support.
2025-09-22 02:33:35.149336: I tensorflow/compiler/xla/stream_executor/cuda/cuda_gpu_executor.cc:981] could not open file to read NUMA node: /sys/bus/pci/devices/0000:01:00.0/numa_node
Your kernel may have been built without NUMA support.
2025-09-22 02:33:35.150364: I tensorflow/compiler/xla/stream_executor/cuda/cuda_gpu_executor.cc:981] could not open file to read NUMA node: /sys/bus/pci/devices/0000:01:00.0/numa_node
Your kernel may have been built without NUMA support.
2025-09-22 02:33:35.150433: I tensorflow/compiler/xla/stream_executor/cuda/cuda_gpu_executor.cc:981] could not open file to read NUMA node: /sys/bus/pci/devices/0000:01:00.0/numa_node
Your kernel may have been built without NUMA support.
2025-09-22 02:33:35.150453: I tensorflow/compiler/xla/stream_executor/cuda/cuda_gpu_executor.cc:981] could not open file to read NUMA node: /sys/bus/pci/devices/0000:01:00.0/numa_node
Your kernel may have been built without NUMA support.
2025-09-22 02:33:35.246553: I tensorflow/compiler/xla/stream_executor/cuda/cuda_gpu_executor.cc:981] could not open file to read NUMA node: /sys/bus/pci/devices/0000:01:00.0/numa_node
Your kernel may have been built without NUMA support.
2025-09-22 02:33:35.246663: I tensorflow/compiler/xla/stream_executor/cuda/cuda_gpu_executor.cc:981] could not open file to read NUMA node: /sys/bus/pci/devices/0000:01:00.0/numa_node
Your kernel may have been built without NUMA support.
2025-09-22 02:33:35.246685: I tensorflow/core/common_runtime/gpu/gpu_device.cc:1726] Could not identify NUMA node of platform GPU id 0, defaulting to 0.  Your kernel may not have been built with NUMA support.
2025-09-22 02:33:35.246715: I tensorflow/compiler/xla/stream_executor/cuda/cuda_gpu_executor.cc:981] could not open file to read NUMA node: /sys/bus/pci/devices/0000:01:00.0/numa_node
Your kernel may have been built without NUMA support.
2025-09-22 02:33:35.246737: I tensorflow/core/common_runtime/gpu/gpu_device.cc:1639] Created device /job:localhost/replica:0/task:0/device:GPU:0 with 9517 MB memory:  -> device: 0, name: NVIDIA GeForce RTX 4070 SUPER, pci bus id: 0000:01:00.0, compute capability: 8.9
[feature_check] OK: train/test feature_list identical (n=36)
GPU detected: 1 physical, 1 logical -> ['/device:GPU:0']
Config: batch=16, accumulate_steps=8 -> effective_batch=128
Loaded (for internal train/val)  (1276, 36, 75) (1276,)
Loaded EXTERNAL TEST: (354, 36, 75) from /home/user/projects/train/test_data/slipce/windows_npz.npz
[mask] windows_npz.npz using occlusion_flag ch=7
[mask] windows_npz.npz using occlusion_flag ch=7
Model: "cnn_bilstm_attn_masked"
__________________________________________________________________________________________________
 Layer (type)                Output Shape                 Param #   Connected to                  
==================================================================================================
 input (InputLayer)          [(None, 36, 75)]             0         []                            
                                                                                                  
 permute_time_features (Per  (None, 75, 36)               0         ['input[0][0]']               
 mute)                                                                                            
                                                                                                  
 conv0 (Conv1D)              (None, 75, 64)               6976      ['permute_time_features[0][0]'
                                                                    ]                             
                                                                                                  
 bn0 (BatchNormalization)    (None, 75, 64)               256       ['conv0[0][0]']               
                                                                                                  
 act0 (Activation)           (None, 75, 64)               0         ['bn0[0][0]']                 
                                                                                                  
 conv_dropout0 (Dropout)     (None, 75, 64)               0         ['act0[0][0]']                
                                                                                                  
 conv1 (Conv1D)              (None, 75, 64)               20544     ['conv_dropout0[0][0]']       
                                                                                                  
 bn1 (BatchNormalization)    (None, 75, 64)               256       ['conv1[0][0]']               
                                                                                                  
 act1 (Activation)           (None, 75, 64)               0         ['bn1[0][0]']                 
                                                                                                  
 conv_dropout1 (Dropout)     (None, 75, 64)               0         ['act1[0][0]']                
                                                                                                  
 conv2 (Conv1D)              (None, 75, 64)               12352     ['conv_dropout1[0][0]']       
                                                                                                  
 bn2 (BatchNormalization)    (None, 75, 64)               256       ['conv2[0][0]']               
                                                                                                  
 act2 (Activation)           (None, 75, 64)               0         ['bn2[0][0]']                 
                                                                                                  
 conv_dropout2 (Dropout)     (None, 75, 64)               0         ['act2[0][0]']                
                                                                                                  
 bilstm (Bidirectional)      (None, 75, 128)              66048     ['conv_dropout2[0][0]']       
                                                                                                  
 mlp_attn_u (Dense)          (None, 75, 32)               4128      ['bilstm[0][0]']              
                                                                                                  
 mlp_attn_score (Dense)      (None, 75, 1)                33        ['mlp_attn_u[0][0]']          
                                                                                                  
 mlp_attn_squeeze (Lambda)   (None, 75)                   0         ['mlp_attn_score[0][0]']      
                                                                                                  
 attn_mask (InputLayer)      [(None, 75)]                 0         []                            
                                                                                                  
 mlp_attn_apply_mask (Lambd  (None, 75)                   0         ['mlp_attn_squeeze[0][0]',    
 a)                                                                  'attn_mask[0][0]']           
                                                                                                  
 mlp_attn_softmax (Lambda)   (None, 75)                   0         ['mlp_attn_apply_mask[0][0]'] 
                                                                                                  
 mlp_attn_expand (Lambda)    (None, 75, 1)                0         ['mlp_attn_softmax[0][0]']    
                                                                                                  
 mlp_attn_weighted (Lambda)  (None, 128)                  0         ['bilstm[0][0]',              
                                                                     'mlp_attn_expand[0][0]']     
                                                                                                  
 fc1 (Dense)                 (None, 64)                   8256      ['mlp_attn_weighted[0][0]']   
                                                                                                  
 fc_dropout (Dropout)        (None, 64)                   0         ['fc1[0][0]']                 
                                                                                                  
 out (Dense)                 (None, 1)                    65        ['fc_dropout[0][0]']          
                                                                                                  
==================================================================================================
Total params: 119171 (465.51 KB)
Trainable params: 118786 (464.01 KB)
Non-trainable params: 385 (1.50 KB)
__________________________________________________________________________________________________
None
Writing results to result_multi_seed_composite_center/seed7/01
Curriculum: set focal gamma = 0.0000 (epoch 1)
Epoch 1/70
2025-09-22 02:33:40.202550: I tensorflow/compiler/xla/stream_executor/cuda/cuda_dnn.cc:432] Loaded cuDNN version 8600
2025-09-22 02:33:40.294041: I tensorflow/tsl/platform/default/subprocess.cc:304] Start cannot spawn child process: No such file or directory
2025-09-22 02:33:40.440458: I tensorflow/compiler/xla/stream_executor/cuda/cuda_blas.cc:606] TensorFloat-32 will be used for the matrix multiplication. This will only be logged once.
2025-09-22 02:33:40.766754: I tensorflow/compiler/xla/service/service.cc:168] XLA service 0x5a4f81f258a0 initialized for platform CUDA (this does not guarantee that XLA will be used). Devices:
2025-09-22 02:33:40.766802: I tensorflow/compiler/xla/service/service.cc:176]   StreamExecutor device (0): NVIDIA GeForce RTX 4070 SUPER, Compute Capability 8.9
2025-09-22 02:33:40.770553: I tensorflow/compiler/mlir/tensorflow/utils/dump_mlir_util.cc:255] disabling MLIR crash reproducer, set env var `MLIR_CRASH_REPRODUCER_DIRECTORY` to enable.
2025-09-22 02:33:40.864342: I tensorflow/tsl/platform/default/subprocess.cc:304] Start cannot spawn child process: No such file or directory
2025-09-22 02:33:40.900497: I ./tensorflow/compiler/jit/device_compiler.h:186] Compiled cluster using XLA!  This line is logged at most once for the lifetime of the process.
WARNING:tensorflow:Can save best model only with val_composite available, skipping.
WARNING:tensorflow:Early stopping conditioned on metric `val_composite` which is not available. Available metrics are: loss,auc,val_loss,val_auc
56/56 - 7s - loss: 0.3272 - auc: 0.5131 - val_loss: 0.3399 - val_auc: 0.6632 - val_auc_custom: 0.6729 - val_f1_custom: 0.0000e+00 - val_recall_custom: 0.0000e+00 - val_composite: 0.1346 - val_precision_aware: 0.1346 - 7s/epoch - 123ms/step
Curriculum: set focal gamma = 0.0526 (epoch 2)
Epoch 2/70
WARNING:tensorflow:Can save best model only with val_composite available, skipping.
WARNING:tensorflow:Early stopping conditioned on metric `val_composite` which is not available. Available metrics are: loss,auc,val_loss,val_auc
56/56 - 1s - loss: 0.2966 - auc: 0.5279 - val_loss: 0.3055 - val_auc: 0.6730 - val_auc_custom: 0.6729 - val_f1_custom: 0.0000e+00 - val_recall_custom: 0.0000e+00 - val_composite: 0.1346 - val_precision_aware: 0.1346 - 1s/epoch - 21ms/step
Curriculum: set focal gamma = 0.1053 (epoch 3)
Epoch 3/70
WARNING:tensorflow:Can save best model only with val_composite available, skipping.
WARNING:tensorflow:Early stopping conditioned on metric `val_composite` which is not available. Available metrics are: loss,auc,val_loss,val_auc
56/56 - 1s - loss: 0.2818 - auc: 0.5813 - val_loss: 0.2876 - val_auc: 0.6699 - val_auc_custom: 0.6724 - val_f1_custom: 0.0000e+00 - val_recall_custom: 0.0000e+00 - val_composite: 0.1345 - val_precision_aware: 0.1345 - 1s/epoch - 22ms/step
Curriculum: set focal gamma = 0.1579 (epoch 4)
Epoch 4/70
WARNING:tensorflow:Can save best model only with val_composite available, skipping.
WARNING:tensorflow:Early stopping conditioned on metric `val_composite` which is not available. Available metrics are: loss,auc,val_loss,val_auc
56/56 - 1s - loss: 0.2642 - auc: 0.6363 - val_loss: 0.2743 - val_auc: 0.6688 - val_auc_custom: 0.6697 - val_f1_custom: 0.0000e+00 - val_recall_custom: 0.0000e+00 - val_composite: 0.1339 - val_precision_aware: 0.1339 - 1s/epoch - 21ms/step
Curriculum: set focal gamma = 0.2105 (epoch 5)
Epoch 5/70
WARNING:tensorflow:Can save best model only with val_composite available, skipping.
WARNING:tensorflow:Early stopping conditioned on metric `val_composite` which is not available. Available metrics are: loss,auc,val_loss,val_auc
56/56 - 1s - loss: 0.2520 - auc: 0.6532 - val_loss: 0.2629 - val_auc: 0.6670 - val_auc_custom: 0.6662 - val_f1_custom: 0.1053 - val_recall_custom: 0.0556 - val_composite: 0.1926 - val_precision_aware: 0.6648 - 1s/epoch - 21ms/step
Curriculum: set focal gamma = 0.2632 (epoch 6)
Epoch 6/70
WARNING:tensorflow:Can save best model only with val_composite available, skipping.
WARNING:tensorflow:Early stopping conditioned on metric `val_composite` which is not available. Available metrics are: loss,auc,val_loss,val_auc
56/56 - 1s - loss: 0.2457 - auc: 0.6399 - val_loss: 0.2528 - val_auc: 0.6722 - val_auc_custom: 0.6714 - val_f1_custom: 0.2687 - val_recall_custom: 0.1667 - val_composite: 0.2982 - val_precision_aware: 0.5610 - 1s/epoch - 20ms/step
Curriculum: set focal gamma = 0.3158 (epoch 7)
Epoch 7/70
WARNING:tensorflow:Can save best model only with val_composite available, skipping.
WARNING:tensorflow:Early stopping conditioned on metric `val_composite` which is not available. Available metrics are: loss,auc,val_loss,val_auc
56/56 - 1s - loss: 0.2347 - auc: 0.6476 - val_loss: 0.2431 - val_auc: 0.6725 - val_auc_custom: 0.6709 - val_f1_custom: 0.2857 - val_recall_custom: 0.1852 - val_composite: 0.3125 - val_precision_aware: 0.5324 - 1s/epoch - 21ms/step
Curriculum: set focal gamma = 0.3684 (epoch 8)
Epoch 8/70
WARNING:tensorflow:Can save best model only with val_composite available, skipping.
WARNING:tensorflow:Early stopping conditioned on metric `val_composite` which is not available. Available metrics are: loss,auc,val_loss,val_auc
56/56 - 1s - loss: 0.2255 - auc: 0.6565 - val_loss: 0.2344 - val_auc: 0.6735 - val_auc_custom: 0.6744 - val_f1_custom: 0.3014 - val_recall_custom: 0.2037 - val_composite: 0.3271 - val_precision_aware: 0.5148 - 1s/epoch - 21ms/step
Curriculum: set focal gamma = 0.4211 (epoch 9)
Epoch 9/70
WARNING:tensorflow:Can save best model only with val_composite available, skipping.
WARNING:tensorflow:Early stopping conditioned on metric `val_composite` which is not available. Available metrics are: loss,auc,val_loss,val_auc
56/56 - 1s - loss: 0.2131 - auc: 0.6819 - val_loss: 0.2247 - val_auc: 0.6803 - val_auc_custom: 0.6817 - val_f1_custom: 0.3200 - val_recall_custom: 0.2222 - val_composite: 0.3434 - val_precision_aware: 0.5181 - 1s/epoch - 23ms/step
Curriculum: set focal gamma = 0.4737 (epoch 10)
Epoch 10/70
WARNING:tensorflow:Can save best model only with val_composite available, skipping.
WARNING:tensorflow:Early stopping conditioned on metric `val_composite` which is not available. Available metrics are: loss,auc,val_loss,val_auc
56/56 - 1s - loss: 0.2066 - auc: 0.6688 - val_loss: 0.2172 - val_auc: 0.6833 - val_auc_custom: 0.6822 - val_f1_custom: 0.3750 - val_recall_custom: 0.2778 - val_composite: 0.3878 - val_precision_aware: 0.5374 - 1s/epoch - 21ms/step
Curriculum: set focal gamma = 0.5263 (epoch 11)
Epoch 11/70
WARNING:tensorflow:Can save best model only with val_composite available, skipping.
WARNING:tensorflow:Early stopping conditioned on metric `val_composite` which is not available. Available metrics are: loss,auc,val_loss,val_auc
56/56 - 1s - loss: 0.1952 - auc: 0.6939 - val_loss: 0.2087 - val_auc: 0.6839 - val_auc_custom: 0.6837 - val_f1_custom: 0.3659 - val_recall_custom: 0.2778 - val_composite: 0.3854 - val_precision_aware: 0.5143 - 1s/epoch - 21ms/step
Curriculum: set focal gamma = 0.5789 (epoch 12)
Epoch 12/70
WARNING:tensorflow:Can save best model only with val_composite available, skipping.
WARNING:tensorflow:Early stopping conditioned on metric `val_composite` which is not available. Available metrics are: loss,auc,val_loss,val_auc
56/56 - 1s - loss: 0.1902 - auc: 0.6853 - val_loss: 0.2004 - val_auc: 0.6889 - val_auc_custom: 0.6897 - val_f1_custom: 0.3750 - val_recall_custom: 0.2778 - val_composite: 0.3893 - val_precision_aware: 0.5389 - 1s/epoch - 21ms/step
Curriculum: set focal gamma = 0.6316 (epoch 13)
Epoch 13/70
WARNING:tensorflow:Can save best model only with val_composite available, skipping.
WARNING:tensorflow:Early stopping conditioned on metric `val_composite` which is not available. Available metrics are: loss,auc,val_loss,val_auc
56/56 - 1s - loss: 0.1793 - auc: 0.7049 - val_loss: 0.1924 - val_auc: 0.6976 - val_auc_custom: 0.6979 - val_f1_custom: 0.3750 - val_recall_custom: 0.2778 - val_composite: 0.3910 - val_precision_aware: 0.5406 - 1s/epoch - 21ms/step
Curriculum: set focal gamma = 0.6842 (epoch 14)
Epoch 14/70
WARNING:tensorflow:Can save best model only with val_composite available, skipping.
WARNING:tensorflow:Early stopping conditioned on metric `val_composite` which is not available. Available metrics are: loss,auc,val_loss,val_auc
56/56 - 1s - loss: 0.1736 - auc: 0.6995 - val_loss: 0.1840 - val_auc: 0.7055 - val_auc_custom: 0.7062 - val_f1_custom: 0.4000 - val_recall_custom: 0.2778 - val_composite: 0.4001 - val_precision_aware: 0.6184 - 1s/epoch - 22ms/step
Curriculum: set focal gamma = 0.7368 (epoch 15)
Epoch 15/70
WARNING:tensorflow:Can save best model only with val_composite available, skipping.
WARNING:tensorflow:Early stopping conditioned on metric `val_composite` which is not available. Available metrics are: loss,auc,val_loss,val_auc
56/56 - 1s - loss: 0.1650 - auc: 0.7176 - val_loss: 0.1761 - val_auc: 0.7138 - val_auc_custom: 0.7137 - val_f1_custom: 0.3947 - val_recall_custom: 0.2778 - val_composite: 0.4001 - val_precision_aware: 0.6021 - 1s/epoch - 21ms/step
Curriculum: set focal gamma = 0.7895 (epoch 16)
Epoch 16/70
WARNING:tensorflow:Can save best model only with val_composite available, skipping.
WARNING:tensorflow:Early stopping conditioned on metric `val_composite` which is not available. Available metrics are: loss,auc,val_loss,val_auc
56/56 - 1s - loss: 0.1589 - auc: 0.7237 - val_loss: 0.1694 - val_auc: 0.7243 - val_auc_custom: 0.7250 - val_f1_custom: 0.4250 - val_recall_custom: 0.3148 - val_composite: 0.4299 - val_precision_aware: 0.5994 - 1s/epoch - 21ms/step
Curriculum: set focal gamma = 0.8421 (epoch 17)
Epoch 17/70
WARNING:tensorflow:Can save best model only with val_composite available, skipping.
WARNING:tensorflow:Early stopping conditioned on metric `val_composite` which is not available. Available metrics are: loss,auc,val_loss,val_auc
56/56 - 1s - loss: 0.1523 - auc: 0.7334 - val_loss: 0.1627 - val_auc: 0.7420 - val_auc_custom: 0.7420 - val_f1_custom: 0.4524 - val_recall_custom: 0.3519 - val_composite: 0.4600 - val_precision_aware: 0.6008 - 1s/epoch - 20ms/step
Curriculum: set focal gamma = 0.8947 (epoch 18)
Epoch 18/70
WARNING:tensorflow:Can save best model only with val_composite available, skipping.
WARNING:tensorflow:Early stopping conditioned on metric `val_composite` which is not available. Available metrics are: loss,auc,val_loss,val_auc
56/56 - 1s - loss: 0.1462 - auc: 0.7323 - val_loss: 0.1539 - val_auc: 0.7523 - val_auc_custom: 0.7500 - val_f1_custom: 0.4359 - val_recall_custom: 0.3148 - val_composite: 0.4382 - val_precision_aware: 0.6349 - 1s/epoch - 22ms/step
Curriculum: set focal gamma = 0.9474 (epoch 19)
Epoch 19/70
WARNING:tensorflow:Can save best model only with val_composite available, skipping.
WARNING:tensorflow:Early stopping conditioned on metric `val_composite` which is not available. Available metrics are: loss,auc,val_loss,val_auc
56/56 - 1s - loss: 0.1357 - auc: 0.7668 - val_loss: 0.1486 - val_auc: 0.7526 - val_auc_custom: 0.7543 - val_f1_custom: 0.5060 - val_recall_custom: 0.3889 - val_composite: 0.4971 - val_precision_aware: 0.6647 - 1s/epoch - 21ms/step
Curriculum: set focal gamma = 1.0000 (epoch 20)
Epoch 20/70
WARNING:tensorflow:Can save best model only with val_composite available, skipping.
WARNING:tensorflow:Early stopping conditioned on metric `val_composite` which is not available. Available metrics are: loss,auc,val_loss,val_auc
56/56 - 1s - loss: 0.1305 - auc: 0.7623 - val_loss: 0.1424 - val_auc: 0.7735 - val_auc_custom: 0.7745 - val_f1_custom: 0.5455 - val_recall_custom: 0.4444 - val_composite: 0.5408 - val_precision_aware: 0.6715 - 1s/epoch - 20ms/step
Curriculum: set focal gamma = 1.0000 (epoch 21)
Epoch 21/70
WARNING:tensorflow:Can save best model only with val_composite available, skipping.
WARNING:tensorflow:Early stopping conditioned on metric `val_composite` which is not available. Available metrics are: loss,auc,val_loss,val_auc
56/56 - 1s - loss: 0.1297 - auc: 0.7722 - val_loss: 0.1417 - val_auc: 0.7708 - val_auc_custom: 0.7723 - val_f1_custom: 0.5287 - val_recall_custom: 0.4259 - val_composite: 0.5260 - val_precision_aware: 0.6616 - 1s/epoch - 21ms/step
Curriculum: set focal gamma = 1.0000 (epoch 22)
Epoch 22/70
WARNING:tensorflow:Can save best model only with val_composite available, skipping.
WARNING:tensorflow:Early stopping conditioned on metric `val_composite` which is not available. Available metrics are: loss,auc,val_loss,val_auc
56/56 - 1s - loss: 0.1281 - auc: 0.7756 - val_loss: 0.1364 - val_auc: 0.7918 - val_auc_custom: 0.7925 - val_f1_custom: 0.5301 - val_recall_custom: 0.4074 - val_composite: 0.5212 - val_precision_aware: 0.6969 - 1s/epoch - 21ms/step
Curriculum: set focal gamma = 1.0000 (epoch 23)
Epoch 23/70
WARNING:tensorflow:Can save best model only with val_composite available, skipping.
WARNING:tensorflow:Early stopping conditioned on metric `val_composite` which is not available. Available metrics are: loss,auc,val_loss,val_auc
56/56 - 1s - loss: 0.1236 - auc: 0.7967 - val_loss: 0.1367 - val_auc: 0.7913 - val_auc_custom: 0.7913 - val_f1_custom: 0.5778 - val_recall_custom: 0.4815 - val_composite: 0.5723 - val_precision_aware: 0.6927 - 1s/epoch - 21ms/step
Curriculum: set focal gamma = 1.0000 (epoch 24)
Epoch 24/70
WARNING:tensorflow:Can save best model only with val_composite available, skipping.
WARNING:tensorflow:Early stopping conditioned on metric `val_composite` which is not available. Available metrics are: loss,auc,val_loss,val_auc
56/56 - 1s - loss: 0.1210 - auc: 0.8051 - val_loss: 0.1457 - val_auc: 0.7719 - val_auc_custom: 0.7710 - val_f1_custom: 0.6923 - val_recall_custom: 0.6667 - val_composite: 0.6952 - val_precision_aware: 0.7219 - 1s/epoch - 21ms/step
Curriculum: set focal gamma = 1.0000 (epoch 25)
Epoch 25/70
WARNING:tensorflow:Can save best model only with val_composite available, skipping.
WARNING:tensorflow:Early stopping conditioned on metric `val_composite` which is not available. Available metrics are: loss,auc,val_loss,val_auc
56/56 - 1s - loss: 0.1211 - auc: 0.8036 - val_loss: 0.1350 - val_auc: 0.7867 - val_auc_custom: 0.7865 - val_f1_custom: 0.5977 - val_recall_custom: 0.4815 - val_composite: 0.5774 - val_precision_aware: 0.7306 - 1s/epoch - 21ms/step
Curriculum: set focal gamma = 1.0000 (epoch 26)
Epoch 26/70
WARNING:tensorflow:Can save best model only with val_composite available, skipping.
WARNING:tensorflow:Early stopping conditioned on metric `val_composite` which is not available. Available metrics are: loss,auc,val_loss,val_auc
56/56 - 1s - loss: 0.1190 - auc: 0.8128 - val_loss: 0.1580 - val_auc: 0.7574 - val_auc_custom: 0.7573 - val_f1_custom: 0.6316 - val_recall_custom: 0.6667 - val_composite: 0.6743 - val_precision_aware: 0.6409 - 1s/epoch - 20ms/step
Curriculum: set focal gamma = 1.0000 (epoch 27)
Epoch 27/70
WARNING:tensorflow:Can save best model only with val_composite available, skipping.
WARNING:tensorflow:Early stopping conditioned on metric `val_composite` which is not available. Available metrics are: loss,auc,val_loss,val_auc
56/56 - 1s - loss: 0.1161 - auc: 0.8251 - val_loss: 0.1482 - val_auc: 0.7693 - val_auc_custom: 0.7695 - val_f1_custom: 0.6542 - val_recall_custom: 0.6481 - val_composite: 0.6742 - val_precision_aware: 0.6804 - 1s/epoch - 20ms/step
Curriculum: set focal gamma = 1.0000 (epoch 28)
Epoch 28/70
WARNING:tensorflow:Can save best model only with val_composite available, skipping.
WARNING:tensorflow:Early stopping conditioned on metric `val_composite` which is not available. Available metrics are: loss,auc,val_loss,val_auc
56/56 - 1s - loss: 0.1120 - auc: 0.8372 - val_loss: 0.1418 - val_auc: 0.7792 - val_auc_custom: 0.7813 - val_f1_custom: 0.6316 - val_recall_custom: 0.5556 - val_composite: 0.6235 - val_precision_aware: 0.7116 - 1s/epoch - 21ms/step
Curriculum: set focal gamma = 1.0000 (epoch 29)
Epoch 29/70
WARNING:tensorflow:Can save best model only with val_composite available, skipping.
WARNING:tensorflow:Early stopping conditioned on metric `val_composite` which is not available. Available metrics are: loss,auc,val_loss,val_auc
56/56 - 1s - loss: 0.1065 - auc: 0.8580 - val_loss: 0.1623 - val_auc: 0.7533 - val_auc_custom: 0.7533 - val_f1_custom: 0.6325 - val_recall_custom: 0.6852 - val_composite: 0.6830 - val_precision_aware: 0.6340 - 1s/epoch - 20ms/step
Curriculum: set focal gamma = 1.0000 (epoch 30)
Epoch 30/70
WARNING:tensorflow:Can save best model only with val_composite available, skipping.
WARNING:tensorflow:Early stopping conditioned on metric `val_composite` which is not available. Available metrics are: loss,auc,val_loss,val_auc
56/56 - 1s - loss: 0.1097 - auc: 0.8447 - val_loss: 0.1511 - val_auc: 0.7750 - val_auc_custom: 0.7748 - val_f1_custom: 0.6545 - val_recall_custom: 0.6667 - val_composite: 0.6847 - val_precision_aware: 0.6727 - 1s/epoch - 20ms/step
Curriculum: set focal gamma = 1.0000 (epoch 31)
Epoch 31/70
WARNING:tensorflow:Can save best model only with val_composite available, skipping.
WARNING:tensorflow:Early stopping conditioned on metric `val_composite` which is not available. Available metrics are: loss,auc,val_loss,val_auc
56/56 - 1s - loss: 0.1086 - auc: 0.8479 - val_loss: 0.1421 - val_auc: 0.7817 - val_auc_custom: 0.7818 - val_f1_custom: 0.6170 - val_recall_custom: 0.5370 - val_composite: 0.6100 - val_precision_aware: 0.7040 - 1s/epoch - 20ms/step
Curriculum: set focal gamma = 1.0000 (epoch 32)
Epoch 32/70
WARNING:tensorflow:Can save best model only with val_composite available, skipping.
WARNING:tensorflow:Early stopping conditioned on metric `val_composite` which is not available. Available metrics are: loss,auc,val_loss,val_auc
56/56 - 1s - loss: 0.1105 - auc: 0.8463 - val_loss: 0.1579 - val_auc: 0.7535 - val_auc_custom: 0.7530 - val_f1_custom: 0.6239 - val_recall_custom: 0.6296 - val_composite: 0.6526 - val_precision_aware: 0.6468 - 1s/epoch - 20ms/step
Curriculum: set focal gamma = 1.0000 (epoch 33)
Epoch 33/70
WARNING:tensorflow:Can save best model only with val_composite available, skipping.
WARNING:tensorflow:Early stopping conditioned on metric `val_composite` which is not available. Available metrics are: loss,auc,val_loss,val_auc
56/56 - 1s - loss: 0.1093 - auc: 0.8545 - val_loss: 0.1539 - val_auc: 0.7673 - val_auc_custom: 0.7680 - val_f1_custom: 0.6606 - val_recall_custom: 0.6667 - val_composite: 0.6851 - val_precision_aware: 0.6790 - 1s/epoch - 20ms/step
Curriculum: set focal gamma = 1.0000 (epoch 34)
Epoch 34/70
WARNING:tensorflow:Can save best model only with val_composite available, skipping.
WARNING:tensorflow:Early stopping conditioned on metric `val_composite` which is not available. Available metrics are: loss,auc,val_loss,val_auc
56/56 - 1s - loss: 0.1054 - auc: 0.8594 - val_loss: 0.1468 - val_auc: 0.7769 - val_auc_custom: 0.7770 - val_f1_custom: 0.6800 - val_recall_custom: 0.6296 - val_composite: 0.6742 - val_precision_aware: 0.7290 - 1s/epoch - 21ms/step
Curriculum: set focal gamma = 1.0000 (epoch 35)
Epoch 35/70
WARNING:tensorflow:Can save best model only with val_composite available, skipping.
WARNING:tensorflow:Early stopping conditioned on metric `val_composite` which is not available. Available metrics are: loss,auc,val_loss,val_auc
56/56 - 1s - loss: 0.1043 - auc: 0.8599 - val_loss: 0.1733 - val_auc: 0.7372 - val_auc_custom: 0.7365 - val_f1_custom: 0.6387 - val_recall_custom: 0.7037 - val_composite: 0.6907 - val_precision_aware: 0.6312 - 1s/epoch - 20ms/step
Curriculum: set focal gamma = 1.0000 (epoch 36)
Epoch 36/70
WARNING:tensorflow:Can save best model only with val_composite available, skipping.
WARNING:tensorflow:Early stopping conditioned on metric `val_composite` which is not available. Available metrics are: loss,auc,val_loss,val_auc
56/56 - 1s - loss: 0.1047 - auc: 0.8662 - val_loss: 0.1910 - val_auc: 0.7540 - val_auc_custom: 0.7540 - val_f1_custom: 0.6364 - val_recall_custom: 0.7778 - val_composite: 0.7306 - val_precision_aware: 0.6109 - 1s/epoch - 20ms/step
Curriculum: set focal gamma = 1.0000 (epoch 37)
Epoch 37/70
WARNING:tensorflow:Can save best model only with val_composite available, skipping.
WARNING:tensorflow:Early stopping conditioned on metric `val_composite` which is not available. Available metrics are: loss,auc,val_loss,val_auc
56/56 - 1s - loss: 0.0985 - auc: 0.8894 - val_loss: 0.1572 - val_auc: 0.7701 - val_auc_custom: 0.7698 - val_f1_custom: 0.6729 - val_recall_custom: 0.6667 - val_composite: 0.6892 - val_precision_aware: 0.6954 - 1s/epoch - 20ms/step
Curriculum: set focal gamma = 1.0000 (epoch 38)
Epoch 38/70
WARNING:tensorflow:Can save best model only with val_composite available, skipping.
WARNING:tensorflow:Early stopping conditioned on metric `val_composite` which is not available. Available metrics are: loss,auc,val_loss,val_auc
56/56 - 1s - loss: 0.0993 - auc: 0.8849 - val_loss: 0.1980 - val_auc: 0.7440 - val_auc_custom: 0.7432 - val_f1_custom: 0.6212 - val_recall_custom: 0.7593 - val_composite: 0.7146 - val_precision_aware: 0.5978 - 1s/epoch - 21ms/step
Curriculum: set focal gamma = 1.0000 (epoch 39)
Epoch 39/70
WARNING:tensorflow:Can save best model only with val_composite available, skipping.
WARNING:tensorflow:Early stopping conditioned on metric `val_composite` which is not available. Available metrics are: loss,auc,val_loss,val_auc
56/56 - 1s - loss: 0.0999 - auc: 0.8776 - val_loss: 0.1626 - val_auc: 0.7820 - val_auc_custom: 0.7823 - val_f1_custom: 0.6607 - val_recall_custom: 0.6852 - val_composite: 0.6973 - val_precision_aware: 0.6736 - 1s/epoch - 21ms/step
Curriculum: set focal gamma = 1.0000 (epoch 40)
Epoch 40/70
WARNING:tensorflow:Can save best model only with val_composite available, skipping.
WARNING:tensorflow:Early stopping conditioned on metric `val_composite` which is not available. Available metrics are: loss,auc,val_loss,val_auc
56/56 - 1s - loss: 0.0985 - auc: 0.8784 - val_loss: 0.1674 - val_auc: 0.7449 - val_auc_custom: 0.7457 - val_f1_custom: 0.6126 - val_recall_custom: 0.6296 - val_composite: 0.6477 - val_precision_aware: 0.6312 - 1s/epoch - 21ms/step
Curriculum: set focal gamma = 1.0000 (epoch 41)
Epoch 41/70
WARNING:tensorflow:Can save best model only with val_composite available, skipping.
WARNING:tensorflow:Early stopping conditioned on metric `val_composite` which is not available. Available metrics are: loss,auc,val_loss,val_auc
56/56 - 1s - loss: 0.0946 - auc: 0.8938 - val_loss: 0.1584 - val_auc: 0.7797 - val_auc_custom: 0.7798 - val_f1_custom: 0.6792 - val_recall_custom: 0.6667 - val_composite: 0.6931 - val_precision_aware: 0.7059 - 1s/epoch - 20ms/step
Curriculum: set focal gamma = 1.0000 (epoch 42)
Epoch 42/70
WARNING:tensorflow:Can save best model only with val_composite available, skipping.
WARNING:tensorflow:Early stopping conditioned on metric `val_composite` which is not available. Available metrics are: loss,auc,val_loss,val_auc
56/56 - 1s - loss: 0.0941 - auc: 0.8870 - val_loss: 0.1776 - val_auc: 0.7611 - val_auc_custom: 0.7605 - val_f1_custom: 0.6087 - val_recall_custom: 0.6481 - val_composite: 0.6588 - val_precision_aware: 0.6216 - 1s/epoch - 21ms/step
Curriculum: set focal gamma = 1.0000 (epoch 43)
Epoch 43/70
WARNING:tensorflow:Can save best model only with val_composite available, skipping.
WARNING:tensorflow:Early stopping conditioned on metric `val_composite` which is not available. Available metrics are: loss,auc,val_loss,val_auc
56/56 - 1s - loss: 0.0965 - auc: 0.8858 - val_loss: 0.1668 - val_auc: 0.7599 - val_auc_custom: 0.7605 - val_f1_custom: 0.6481 - val_recall_custom: 0.6481 - val_composite: 0.6706 - val_precision_aware: 0.6706 - 1s/epoch - 20ms/step
Curriculum: set focal gamma = 1.0000 (epoch 44)
Epoch 44/70
WARNING:tensorflow:Can save best model only with val_composite available, skipping.
WARNING:tensorflow:Early stopping conditioned on metric `val_composite` which is not available. Available metrics are: loss,auc,val_loss,val_auc
56/56 - 1s - loss: 0.0923 - auc: 0.8941 - val_loss: 0.1755 - val_auc: 0.7715 - val_auc_custom: 0.7733 - val_f1_custom: 0.6607 - val_recall_custom: 0.6852 - val_composite: 0.6955 - val_precision_aware: 0.6718 - 1s/epoch - 19ms/step
Curriculum: set focal gamma = 1.0000 (epoch 45)
Epoch 45/70
WARNING:tensorflow:Can save best model only with val_composite available, skipping.
WARNING:tensorflow:Early stopping conditioned on metric `val_composite` which is not available. Available metrics are: loss,auc,val_loss,val_auc
56/56 - 1s - loss: 0.0913 - auc: 0.8964 - val_loss: 0.1672 - val_auc: 0.7480 - val_auc_custom: 0.7472 - val_f1_custom: 0.6355 - val_recall_custom: 0.6296 - val_composite: 0.6549 - val_precision_aware: 0.6609 - 1s/epoch - 20ms/step
Curriculum: set focal gamma = 1.0000 (epoch 46)
Epoch 46/70
WARNING:tensorflow:Can save best model only with val_composite available, skipping.
WARNING:tensorflow:Early stopping conditioned on metric `val_composite` which is not available. Available metrics are: loss,auc,val_loss,val_auc
56/56 - 1s - loss: 0.0889 - auc: 0.9052 - val_loss: 0.1934 - val_auc: 0.7719 - val_auc_custom: 0.7715 - val_f1_custom: 0.6829 - val_recall_custom: 0.7778 - val_composite: 0.7481 - val_precision_aware: 0.6635 - 1s/epoch - 20ms/step
Curriculum: set focal gamma = 1.0000 (epoch 47)
Epoch 47/70
WARNING:tensorflow:Can save best model only with val_composite available, skipping.
WARNING:tensorflow:Early stopping conditioned on metric `val_composite` which is not available. Available metrics are: loss,auc,val_loss,val_auc
56/56 - 1s - loss: 0.0839 - auc: 0.9122 - val_loss: 0.1811 - val_auc: 0.7508 - val_auc_custom: 0.7497 - val_f1_custom: 0.6379 - val_recall_custom: 0.6852 - val_composite: 0.6839 - val_precision_aware: 0.6397 - 1s/epoch - 20ms/step
Curriculum: set focal gamma = 1.0000 (epoch 48)
Epoch 48/70
WARNING:tensorflow:Can save best model only with val_composite available, skipping.
WARNING:tensorflow:Early stopping conditioned on metric `val_composite` which is not available. Available metrics are: loss,auc,val_loss,val_auc
56/56 - 1s - loss: 0.0804 - auc: 0.9234 - val_loss: 0.1933 - val_auc: 0.7678 - val_auc_custom: 0.7680 - val_f1_custom: 0.6723 - val_recall_custom: 0.7407 - val_composite: 0.7257 - val_precision_aware: 0.6630 - 1s/epoch - 20ms/step
Curriculum: set focal gamma = 1.0000 (epoch 49)
Epoch 49/70
WARNING:tensorflow:Can save best model only with val_composite available, skipping.
WARNING:tensorflow:Early stopping conditioned on metric `val_composite` which is not available. Available metrics are: loss,auc,val_loss,val_auc
56/56 - 1s - loss: 0.0889 - auc: 0.9024 - val_loss: 0.2067 - val_auc: 0.7441 - val_auc_custom: 0.7442 - val_f1_custom: 0.6774 - val_recall_custom: 0.7778 - val_composite: 0.7410 - val_precision_aware: 0.6521 - 1s/epoch - 20ms/step
Curriculum: set focal gamma = 1.0000 (epoch 50)
Epoch 50/70
WARNING:tensorflow:Can save best model only with val_composite available, skipping.
WARNING:tensorflow:Early stopping conditioned on metric `val_composite` which is not available. Available metrics are: loss,auc,val_loss,val_auc
56/56 - 1s - loss: 0.0834 - auc: 0.9204 - val_loss: 0.1967 - val_auc: 0.7605 - val_auc_custom: 0.7610 - val_f1_custom: 0.6721 - val_recall_custom: 0.7593 - val_composite: 0.7335 - val_precision_aware: 0.6553 - 1s/epoch - 21ms/step
Curriculum: set focal gamma = 1.0000 (epoch 51)
Epoch 51/70
WARNING:tensorflow:Can save best model only with val_composite available, skipping.
WARNING:tensorflow:Early stopping conditioned on metric `val_composite` which is not available. Available metrics are: loss,auc,val_loss,val_auc
56/56 - 1s - loss: 0.0846 - auc: 0.9131 - val_loss: 0.1893 - val_auc: 0.7596 - val_auc_custom: 0.7598 - val_f1_custom: 0.6491 - val_recall_custom: 0.6852 - val_composite: 0.6893 - val_precision_aware: 0.6550 - 1s/epoch - 21ms/step
Curriculum: set focal gamma = 1.0000 (epoch 52)
Epoch 52/70
WARNING:tensorflow:Can save best model only with val_composite available, skipping.
WARNING:tensorflow:Early stopping conditioned on metric `val_composite` which is not available. Available metrics are: loss,auc,val_loss,val_auc
56/56 - 1s - loss: 0.0849 - auc: 0.9117 - val_loss: 0.2080 - val_auc: 0.7394 - val_auc_custom: 0.7387 - val_f1_custom: 0.6333 - val_recall_custom: 0.7037 - val_composite: 0.6896 - val_precision_aware: 0.6256 - 1s/epoch - 20ms/step
Curriculum: set focal gamma = 1.0000 (epoch 53)
Epoch 53/70
WARNING:tensorflow:Can save best model only with val_composite available, skipping.
WARNING:tensorflow:Early stopping conditioned on metric `val_composite` which is not available. Available metrics are: loss,auc,val_loss,val_auc
56/56 - 1s - loss: 0.0834 - auc: 0.9143 - val_loss: 0.1904 - val_auc: 0.7467 - val_auc_custom: 0.7470 - val_f1_custom: 0.6486 - val_recall_custom: 0.6667 - val_composite: 0.6773 - val_precision_aware: 0.6598 - 1s/epoch - 20ms/step
Curriculum: set focal gamma = 1.0000 (epoch 54)
Epoch 54/70
WARNING:tensorflow:Can save best model only with val_composite available, skipping.
WARNING:tensorflow:Early stopping conditioned on metric `val_composite` which is not available. Available metrics are: loss,auc,val_loss,val_auc
56/56 - 1s - loss: 0.0797 - auc: 0.9250 - val_loss: 0.1922 - val_auc: 0.7659 - val_auc_custom: 0.7650 - val_f1_custom: 0.6783 - val_recall_custom: 0.7222 - val_composite: 0.7176 - val_precision_aware: 0.6762 - 1s/epoch - 20ms/step
Curriculum: set focal gamma = 1.0000 (epoch 55)
Epoch 55/70
WARNING:tensorflow:Can save best model only with val_composite available, skipping.
WARNING:tensorflow:Early stopping conditioned on metric `val_composite` which is not available. Available metrics are: loss,auc,val_loss,val_auc
56/56 - 1s - loss: 0.0771 - auc: 0.9303 - val_loss: 0.2204 - val_auc: 0.7464 - val_auc_custom: 0.7467 - val_f1_custom: 0.6829 - val_recall_custom: 0.7778 - val_composite: 0.7431 - val_precision_aware: 0.6586 - 1s/epoch - 20ms/step
Curriculum: set focal gamma = 1.0000 (epoch 56)
Epoch 56/70
WARNING:tensorflow:Can save best model only with val_composite available, skipping.
WARNING:tensorflow:Early stopping conditioned on metric `val_composite` which is not available. Available metrics are: loss,auc,val_loss,val_auc
56/56 - 1s - loss: 0.0845 - auc: 0.9142 - val_loss: 0.1896 - val_auc: 0.7516 - val_auc_custom: 0.7508 - val_f1_custom: 0.5962 - val_recall_custom: 0.5741 - val_composite: 0.6160 - val_precision_aware: 0.6390 - 1s/epoch - 21ms/step
Curriculum: set focal gamma = 1.0000 (epoch 57)
Epoch 57/70
WARNING:tensorflow:Can save best model only with val_composite available, skipping.
WARNING:tensorflow:Early stopping conditioned on metric `val_composite` which is not available. Available metrics are: loss,auc,val_loss,val_auc
56/56 - 1s - loss: 0.0841 - auc: 0.9132 - val_loss: 0.2362 - val_auc: 0.7282 - val_auc_custom: 0.7285 - val_f1_custom: 0.6719 - val_recall_custom: 0.7963 - val_composite: 0.7454 - val_precision_aware: 0.6378 - 1s/epoch - 20ms/step
Curriculum: set focal gamma = 1.0000 (epoch 58)
Epoch 58/70
WARNING:tensorflow:Can save best model only with val_composite available, skipping.
WARNING:tensorflow:Early stopping conditioned on metric `val_composite` which is not available. Available metrics are: loss,auc,val_loss,val_auc
56/56 - 1s - loss: 0.0823 - auc: 0.9160 - val_loss: 0.1933 - val_auc: 0.7459 - val_auc_custom: 0.7460 - val_f1_custom: 0.6667 - val_recall_custom: 0.7037 - val_composite: 0.7011 - val_precision_aware: 0.6659 - 1s/epoch - 21ms/step
Curriculum: set focal gamma = 1.0000 (epoch 59)
Epoch 59/70
WARNING:tensorflow:Can save best model only with val_composite available, skipping.
WARNING:tensorflow:Early stopping conditioned on metric `val_composite` which is not available. Available metrics are: loss,auc,val_loss,val_auc
56/56 - 1s - loss: 0.0713 - auc: 0.9427 - val_loss: 0.1980 - val_auc: 0.7337 - val_auc_custom: 0.7337 - val_f1_custom: 0.6789 - val_recall_custom: 0.6852 - val_composite: 0.6930 - val_precision_aware: 0.6868 - 1s/epoch - 21ms/step
Curriculum: set focal gamma = 1.0000 (epoch 60)
Epoch 60/70
WARNING:tensorflow:Can save best model only with val_composite available, skipping.
WARNING:tensorflow:Early stopping conditioned on metric `val_composite` which is not available. Available metrics are: loss,auc,val_loss,val_auc
56/56 - 1s - loss: 0.0740 - auc: 0.9320 - val_loss: 0.1917 - val_auc: 0.7544 - val_auc_custom: 0.7545 - val_f1_custom: 0.6542 - val_recall_custom: 0.6481 - val_composite: 0.6712 - val_precision_aware: 0.6774 - 1s/epoch - 20ms/step
Curriculum: set focal gamma = 1.0000 (epoch 61)
Epoch 61/70
WARNING:tensorflow:Can save best model only with val_composite available, skipping.
WARNING:tensorflow:Early stopping conditioned on metric `val_composite` which is not available. Available metrics are: loss,auc,val_loss,val_auc
56/56 - 1s - loss: 0.0691 - auc: 0.9456 - val_loss: 0.2021 - val_auc: 0.7492 - val_auc_custom: 0.7490 - val_f1_custom: 0.6667 - val_recall_custom: 0.6852 - val_composite: 0.6924 - val_precision_aware: 0.6744 - 1s/epoch - 20ms/step
Curriculum: set focal gamma = 1.0000 (epoch 62)
Epoch 62/70
WARNING:tensorflow:Can save best model only with val_composite available, skipping.
WARNING:tensorflow:Early stopping conditioned on metric `val_composite` which is not available. Available metrics are: loss,auc,val_loss,val_auc
56/56 - 1s - loss: 0.0762 - auc: 0.9337 - val_loss: 0.2245 - val_auc: 0.7251 - val_auc_custom: 0.7257 - val_f1_custom: 0.6555 - val_recall_custom: 0.7222 - val_composite: 0.7029 - val_precision_aware: 0.6418 - 1s/epoch - 21ms/step
Curriculum: set focal gamma = 1.0000 (epoch 63)
Epoch 63/70
WARNING:tensorflow:Can save best model only with val_composite available, skipping.
WARNING:tensorflow:Early stopping conditioned on metric `val_composite` which is not available. Available metrics are: loss,auc,val_loss,val_auc
56/56 - 1s - loss: 0.0756 - auc: 0.9315 - val_loss: 0.2016 - val_auc: 0.7718 - val_auc_custom: 0.7715 - val_f1_custom: 0.6783 - val_recall_custom: 0.7222 - val_composite: 0.7189 - val_precision_aware: 0.6775 - 1s/epoch - 20ms/step
Curriculum: set focal gamma = 1.0000 (epoch 64)
Epoch 64/70
WARNING:tensorflow:Can save best model only with val_composite available, skipping.
WARNING:tensorflow:Early stopping conditioned on metric `val_composite` which is not available. Available metrics are: loss,auc,val_loss,val_auc
56/56 - 1s - loss: 0.0716 - auc: 0.9383 - val_loss: 0.2280 - val_auc: 0.7450 - val_auc_custom: 0.7445 - val_f1_custom: 0.6667 - val_recall_custom: 0.7593 - val_composite: 0.7285 - val_precision_aware: 0.6460 - 1s/epoch - 21ms/step
Curriculum: set focal gamma = 1.0000 (epoch 65)
Epoch 65/70
WARNING:tensorflow:Can save best model only with val_composite available, skipping.
WARNING:tensorflow:Early stopping conditioned on metric `val_composite` which is not available. Available metrics are: loss,auc,val_loss,val_auc
56/56 - 1s - loss: 0.0682 - auc: 0.9434 - val_loss: 0.2103 - val_auc: 0.7440 - val_auc_custom: 0.7435 - val_f1_custom: 0.6545 - val_recall_custom: 0.6667 - val_composite: 0.6784 - val_precision_aware: 0.6665 - 1s/epoch - 21ms/step
Curriculum: set focal gamma = 1.0000 (epoch 66)
Epoch 66/70
WARNING:tensorflow:Can save best model only with val_composite available, skipping.
WARNING:tensorflow:Early stopping conditioned on metric `val_composite` which is not available. Available metrics are: loss,auc,val_loss,val_auc
56/56 - 1s - loss: 0.0690 - auc: 0.9427 - val_loss: 0.2422 - val_auc: 0.7111 - val_auc_custom: 0.7105 - val_f1_custom: 0.6167 - val_recall_custom: 0.6852 - val_composite: 0.6697 - val_precision_aware: 0.6074 - 1s/epoch - 21ms/step
Curriculum: set focal gamma = 1.0000 (epoch 67)
Epoch 67/70
WARNING:tensorflow:Can save best model only with val_composite available, skipping.
WARNING:tensorflow:Early stopping conditioned on metric `val_composite` which is not available. Available metrics are: loss,auc,val_loss,val_auc
56/56 - 1s - loss: 0.0787 - auc: 0.9275 - val_loss: 0.2286 - val_auc: 0.7356 - val_auc_custom: 0.7352 - val_f1_custom: 0.6555 - val_recall_custom: 0.7222 - val_composite: 0.7048 - val_precision_aware: 0.6437 - 1s/epoch - 21ms/step
Curriculum: set focal gamma = 1.0000 (epoch 68)
Epoch 68/70
WARNING:tensorflow:Can save best model only with val_composite available, skipping.
WARNING:tensorflow:Early stopping conditioned on metric `val_composite` which is not available. Available metrics are: loss,auc,val_loss,val_auc
56/56 - 1s - loss: 0.0700 - auc: 0.9418 - val_loss: 0.2377 - val_auc: 0.7062 - val_auc_custom: 0.7052 - val_f1_custom: 0.6116 - val_recall_custom: 0.6852 - val_composite: 0.6671 - val_precision_aware: 0.6006 - 1s/epoch - 22ms/step
Curriculum: set focal gamma = 1.0000 (epoch 69)
Epoch 69/70
WARNING:tensorflow:Can save best model only with val_composite available, skipping.
WARNING:tensorflow:Early stopping conditioned on metric `val_composite` which is not available. Available metrics are: loss,auc,val_loss,val_auc
56/56 - 1s - loss: 0.0670 - auc: 0.9501 - val_loss: 0.2117 - val_auc: 0.7523 - val_auc_custom: 0.7523 - val_f1_custom: 0.6379 - val_recall_custom: 0.6852 - val_composite: 0.6844 - val_precision_aware: 0.6402 - 1s/epoch - 21ms/step
Curriculum: set focal gamma = 1.0000 (epoch 70)
Epoch 70/70
WARNING:tensorflow:Can save best model only with val_composite available, skipping.
WARNING:tensorflow:Early stopping conditioned on metric `val_composite` which is not available. Available metrics are: loss,auc,val_loss,val_auc
56/56 - 1s - loss: 0.0693 - auc: 0.9421 - val_loss: 0.2856 - val_auc: 0.7250 - val_auc_custom: 0.7235 - val_f1_custom: 0.6471 - val_recall_custom: 0.8148 - val_composite: 0.7462 - val_precision_aware: 0.6071 - 1s/epoch - 21ms/step
Saved final weights to result_multi_seed_composite_center/seed7/01/final.weights
Mask config -> mode=soft, threshold=0.6, window_gate=None
Done. Results saved to result_multi_seed_composite_center/seed7/01
