2025-09-22 02:02:09.107390: I tensorflow/core/util/port.cc:110] oneDNN custom operations are on. You may see slightly different numerical results due to floating-point round-off errors from different computation orders. To turn them off, set the environment variable `TF_ENABLE_ONEDNN_OPTS=0`.
2025-09-22 02:02:09.138171: I tensorflow/core/platform/cpu_feature_guard.cc:182] This TensorFlow binary is optimized to use available CPU instructions in performance-critical operations.
To enable the following instructions: AVX2 AVX_VNNI FMA, in other operations, rebuild TensorFlow with the appropriate compiler flags.
2025-09-22 02:02:09.556836: W tensorflow/compiler/tf2tensorrt/utils/py_utils.cc:38] TF-TRT Warning: Could not find TensorRT
2025-09-22 02:02:09.951360: I tensorflow/compiler/xla/stream_executor/cuda/cuda_gpu_executor.cc:981] could not open file to read NUMA node: /sys/bus/pci/devices/0000:01:00.0/numa_node
Your kernel may have been built without NUMA support.
2025-09-22 02:02:09.972428: I tensorflow/compiler/xla/stream_executor/cuda/cuda_gpu_executor.cc:981] could not open file to read NUMA node: /sys/bus/pci/devices/0000:01:00.0/numa_node
Your kernel may have been built without NUMA support.
2025-09-22 02:02:09.972528: I tensorflow/compiler/xla/stream_executor/cuda/cuda_gpu_executor.cc:981] could not open file to read NUMA node: /sys/bus/pci/devices/0000:01:00.0/numa_node
Your kernel may have been built without NUMA support.
2025-09-22 02:02:09.973838: I tensorflow/compiler/xla/stream_executor/cuda/cuda_gpu_executor.cc:981] could not open file to read NUMA node: /sys/bus/pci/devices/0000:01:00.0/numa_node
Your kernel may have been built without NUMA support.
2025-09-22 02:02:09.973906: I tensorflow/compiler/xla/stream_executor/cuda/cuda_gpu_executor.cc:981] could not open file to read NUMA node: /sys/bus/pci/devices/0000:01:00.0/numa_node
Your kernel may have been built without NUMA support.
2025-09-22 02:02:09.973927: I tensorflow/compiler/xla/stream_executor/cuda/cuda_gpu_executor.cc:981] could not open file to read NUMA node: /sys/bus/pci/devices/0000:01:00.0/numa_node
Your kernel may have been built without NUMA support.
2025-09-22 02:02:10.079811: I tensorflow/compiler/xla/stream_executor/cuda/cuda_gpu_executor.cc:981] could not open file to read NUMA node: /sys/bus/pci/devices/0000:01:00.0/numa_node
Your kernel may have been built without NUMA support.
2025-09-22 02:02:10.079918: I tensorflow/compiler/xla/stream_executor/cuda/cuda_gpu_executor.cc:981] could not open file to read NUMA node: /sys/bus/pci/devices/0000:01:00.0/numa_node
Your kernel may have been built without NUMA support.
2025-09-22 02:02:10.079927: I tensorflow/core/common_runtime/gpu/gpu_device.cc:1726] Could not identify NUMA node of platform GPU id 0, defaulting to 0.  Your kernel may not have been built with NUMA support.
2025-09-22 02:02:10.079951: I tensorflow/compiler/xla/stream_executor/cuda/cuda_gpu_executor.cc:981] could not open file to read NUMA node: /sys/bus/pci/devices/0000:01:00.0/numa_node
Your kernel may have been built without NUMA support.
2025-09-22 02:02:10.079973: I tensorflow/core/common_runtime/gpu/gpu_device.cc:1639] Created device /job:localhost/replica:0/task:0/device:GPU:0 with 9517 MB memory:  -> device: 0, name: NVIDIA GeForce RTX 4070 SUPER, pci bus id: 0000:01:00.0, compute capability: 8.9
[feature_check] OK: train/test feature_list identical (n=36)
GPU detected: 1 physical, 1 logical -> ['/device:GPU:0']
Config: batch=16, accumulate_steps=8 -> effective_batch=128
Loaded (for internal train/val)  (1276, 36, 75) (1276,)
Loaded EXTERNAL TEST: (354, 36, 75) from /home/user/projects/train/test_data/slipce/windows_npz.npz
[mask] windows_npz.npz using occlusion_flag ch=7
[mask] windows_npz.npz using occlusion_flag ch=7
Model: "cnn_bilstm_attn_masked"
__________________________________________________________________________________________________
 Layer (type)                Output Shape                 Param #   Connected to                  
==================================================================================================
 input (InputLayer)          [(None, 36, 75)]             0         []                            
                                                                                                  
 permute_time_features (Per  (None, 75, 36)               0         ['input[0][0]']               
 mute)                                                                                            
                                                                                                  
 conv0 (Conv1D)              (None, 75, 64)               6976      ['permute_time_features[0][0]'
                                                                    ]                             
                                                                                                  
 bn0 (BatchNormalization)    (None, 75, 64)               256       ['conv0[0][0]']               
                                                                                                  
 act0 (Activation)           (None, 75, 64)               0         ['bn0[0][0]']                 
                                                                                                  
 conv_dropout0 (Dropout)     (None, 75, 64)               0         ['act0[0][0]']                
                                                                                                  
 conv1 (Conv1D)              (None, 75, 64)               20544     ['conv_dropout0[0][0]']       
                                                                                                  
 bn1 (BatchNormalization)    (None, 75, 64)               256       ['conv1[0][0]']               
                                                                                                  
 act1 (Activation)           (None, 75, 64)               0         ['bn1[0][0]']                 
                                                                                                  
 conv_dropout1 (Dropout)     (None, 75, 64)               0         ['act1[0][0]']                
                                                                                                  
 conv2 (Conv1D)              (None, 75, 64)               12352     ['conv_dropout1[0][0]']       
                                                                                                  
 bn2 (BatchNormalization)    (None, 75, 64)               256       ['conv2[0][0]']               
                                                                                                  
 act2 (Activation)           (None, 75, 64)               0         ['bn2[0][0]']                 
                                                                                                  
 conv_dropout2 (Dropout)     (None, 75, 64)               0         ['act2[0][0]']                
                                                                                                  
 bilstm (Bidirectional)      (None, 75, 128)              66048     ['conv_dropout2[0][0]']       
                                                                                                  
 mlp_attn_u (Dense)          (None, 75, 32)               4128      ['bilstm[0][0]']              
                                                                                                  
 mlp_attn_score (Dense)      (None, 75, 1)                33        ['mlp_attn_u[0][0]']          
                                                                                                  
 mlp_attn_squeeze (Lambda)   (None, 75)                   0         ['mlp_attn_score[0][0]']      
                                                                                                  
 attn_mask (InputLayer)      [(None, 75)]                 0         []                            
                                                                                                  
 mlp_attn_apply_mask (Lambd  (None, 75)                   0         ['mlp_attn_squeeze[0][0]',    
 a)                                                                  'attn_mask[0][0]']           
                                                                                                  
 mlp_attn_softmax (Lambda)   (None, 75)                   0         ['mlp_attn_apply_mask[0][0]'] 
                                                                                                  
 mlp_attn_expand (Lambda)    (None, 75, 1)                0         ['mlp_attn_softmax[0][0]']    
                                                                                                  
 mlp_attn_weighted (Lambda)  (None, 128)                  0         ['bilstm[0][0]',              
                                                                     'mlp_attn_expand[0][0]']     
                                                                                                  
 fc1 (Dense)                 (None, 64)                   8256      ['mlp_attn_weighted[0][0]']   
                                                                                                  
 fc_dropout (Dropout)        (None, 64)                   0         ['fc1[0][0]']                 
                                                                                                  
 out (Dense)                 (None, 1)                    65        ['fc_dropout[0][0]']          
                                                                                                  
==================================================================================================
Total params: 119171 (465.51 KB)
Trainable params: 118786 (464.01 KB)
Non-trainable params: 385 (1.50 KB)
__________________________________________________________________________________________________
None
Writing results to result_multi_seed_composite/seed2/01
Curriculum: set focal gamma = 0.0000 (epoch 1)
Epoch 1/70
2025-09-22 02:02:15.233157: I tensorflow/compiler/xla/stream_executor/cuda/cuda_dnn.cc:432] Loaded cuDNN version 8600
2025-09-22 02:02:15.321635: I tensorflow/tsl/platform/default/subprocess.cc:304] Start cannot spawn child process: No such file or directory
2025-09-22 02:02:15.467616: I tensorflow/compiler/xla/stream_executor/cuda/cuda_blas.cc:606] TensorFloat-32 will be used for the matrix multiplication. This will only be logged once.
2025-09-22 02:02:15.775136: I tensorflow/compiler/xla/service/service.cc:168] XLA service 0x72a6481b2180 initialized for platform CUDA (this does not guarantee that XLA will be used). Devices:
2025-09-22 02:02:15.775183: I tensorflow/compiler/xla/service/service.cc:176]   StreamExecutor device (0): NVIDIA GeForce RTX 4070 SUPER, Compute Capability 8.9
2025-09-22 02:02:15.778695: I tensorflow/compiler/mlir/tensorflow/utils/dump_mlir_util.cc:255] disabling MLIR crash reproducer, set env var `MLIR_CRASH_REPRODUCER_DIRECTORY` to enable.
2025-09-22 02:02:15.849087: I tensorflow/tsl/platform/default/subprocess.cc:304] Start cannot spawn child process: No such file or directory
2025-09-22 02:02:15.896434: I ./tensorflow/compiler/jit/device_compiler.h:186] Compiled cluster using XLA!  This line is logged at most once for the lifetime of the process.
WARNING:tensorflow:Can save best model only with val_composite available, skipping.
WARNING:tensorflow:Early stopping conditioned on metric `val_composite` which is not available. Available metrics are: loss,auc,val_loss,val_auc
56/56 - 7s - loss: 0.3320 - auc: 0.4714 - val_loss: 0.3448 - val_auc: 0.6311 - val_auc_custom: 0.6256 - val_f1_custom: 0.5630 - val_recall_custom: 0.6032 - val_composite: 0.5956 - val_precision_aware: 0.5579 - 7s/epoch - 123ms/step
Curriculum: set focal gamma = 0.0526 (epoch 2)
Epoch 2/70
WARNING:tensorflow:Can save best model only with val_composite available, skipping.
WARNING:tensorflow:Early stopping conditioned on metric `val_composite` which is not available. Available metrics are: loss,auc,val_loss,val_auc
56/56 - 1s - loss: 0.2983 - auc: 0.5675 - val_loss: 0.3170 - val_auc: 0.6812 - val_auc_custom: 0.6825 - val_f1_custom: 0.1471 - val_recall_custom: 0.0794 - val_composite: 0.2203 - val_precision_aware: 0.6806 - 1s/epoch - 20ms/step
Curriculum: set focal gamma = 0.1053 (epoch 3)
Epoch 3/70
WARNING:tensorflow:Can save best model only with val_composite available, skipping.
WARNING:tensorflow:Early stopping conditioned on metric `val_composite` which is not available. Available metrics are: loss,auc,val_loss,val_auc
56/56 - 1s - loss: 0.2831 - auc: 0.6087 - val_loss: 0.2974 - val_auc: 0.6827 - val_auc_custom: 0.6803 - val_f1_custom: 0.1449 - val_recall_custom: 0.0794 - val_composite: 0.2192 - val_precision_aware: 0.5962 - 1s/epoch - 20ms/step
Curriculum: set focal gamma = 0.1579 (epoch 4)
Epoch 4/70
WARNING:tensorflow:Can save best model only with val_composite available, skipping.
WARNING:tensorflow:Early stopping conditioned on metric `val_composite` which is not available. Available metrics are: loss,auc,val_loss,val_auc
56/56 - 1s - loss: 0.2696 - auc: 0.6307 - val_loss: 0.2809 - val_auc: 0.6879 - val_auc_custom: 0.6877 - val_f1_custom: 0.2895 - val_recall_custom: 0.1746 - val_composite: 0.3117 - val_precision_aware: 0.6475 - 1s/epoch - 20ms/step
Curriculum: set focal gamma = 0.2105 (epoch 5)
Epoch 5/70
WARNING:tensorflow:Can save best model only with val_composite available, skipping.
WARNING:tensorflow:Early stopping conditioned on metric `val_composite` which is not available. Available metrics are: loss,auc,val_loss,val_auc
56/56 - 1s - loss: 0.2574 - auc: 0.6343 - val_loss: 0.2670 - val_auc: 0.6926 - val_auc_custom: 0.6935 - val_f1_custom: 0.5106 - val_recall_custom: 0.3810 - val_composite: 0.4824 - val_precision_aware: 0.6790 - 1s/epoch - 21ms/step
Curriculum: set focal gamma = 0.2632 (epoch 6)
Epoch 6/70
WARNING:tensorflow:Can save best model only with val_composite available, skipping.
WARNING:tensorflow:Early stopping conditioned on metric `val_composite` which is not available. Available metrics are: loss,auc,val_loss,val_auc
56/56 - 1s - loss: 0.2486 - auc: 0.6338 - val_loss: 0.2559 - val_auc: 0.7000 - val_auc_custom: 0.7006 - val_f1_custom: 0.5556 - val_recall_custom: 0.4762 - val_composite: 0.5449 - val_precision_aware: 0.6401 - 1s/epoch - 21ms/step
Curriculum: set focal gamma = 0.3158 (epoch 7)
Epoch 7/70
WARNING:tensorflow:Can save best model only with val_composite available, skipping.
WARNING:tensorflow:Early stopping conditioned on metric `val_composite` which is not available. Available metrics are: loss,auc,val_loss,val_auc
56/56 - 1s - loss: 0.2376 - auc: 0.6455 - val_loss: 0.2459 - val_auc: 0.7090 - val_auc_custom: 0.7087 - val_f1_custom: 0.5739 - val_recall_custom: 0.5238 - val_composite: 0.5758 - val_precision_aware: 0.6312 - 1s/epoch - 20ms/step
Curriculum: set focal gamma = 0.3684 (epoch 8)
Epoch 8/70
WARNING:tensorflow:Can save best model only with val_composite available, skipping.
WARNING:tensorflow:Early stopping conditioned on metric `val_composite` which is not available. Available metrics are: loss,auc,val_loss,val_auc
56/56 - 1s - loss: 0.2249 - auc: 0.6690 - val_loss: 0.2356 - val_auc: 0.7159 - val_auc_custom: 0.7172 - val_f1_custom: 0.6018 - val_recall_custom: 0.5397 - val_composite: 0.5938 - val_precision_aware: 0.6640 - 1s/epoch - 20ms/step
Curriculum: set focal gamma = 0.4211 (epoch 9)
Epoch 9/70
WARNING:tensorflow:Can save best model only with val_composite available, skipping.
WARNING:tensorflow:Early stopping conditioned on metric `val_composite` which is not available. Available metrics are: loss,auc,val_loss,val_auc
56/56 - 1s - loss: 0.2170 - auc: 0.6654 - val_loss: 0.2235 - val_auc: 0.7270 - val_auc_custom: 0.7282 - val_f1_custom: 0.5981 - val_recall_custom: 0.5079 - val_composite: 0.5790 - val_precision_aware: 0.6887 - 1s/epoch - 21ms/step
Curriculum: set focal gamma = 0.4737 (epoch 10)
Epoch 10/70
WARNING:tensorflow:Can save best model only with val_composite available, skipping.
WARNING:tensorflow:Early stopping conditioned on metric `val_composite` which is not available. Available metrics are: loss,auc,val_loss,val_auc
56/56 - 1s - loss: 0.2071 - auc: 0.6824 - val_loss: 0.2136 - val_auc: 0.7490 - val_auc_custom: 0.7492 - val_f1_custom: 0.6226 - val_recall_custom: 0.5238 - val_composite: 0.5985 - val_precision_aware: 0.7204 - 1s/epoch - 20ms/step
Curriculum: set focal gamma = 0.5263 (epoch 11)
Epoch 11/70
WARNING:tensorflow:Can save best model only with val_composite available, skipping.
WARNING:tensorflow:Early stopping conditioned on metric `val_composite` which is not available. Available metrics are: loss,auc,val_loss,val_auc
56/56 - 1s - loss: 0.1965 - auc: 0.7044 - val_loss: 0.2049 - val_auc: 0.7542 - val_auc_custom: 0.7553 - val_f1_custom: 0.6168 - val_recall_custom: 0.5238 - val_composite: 0.5980 - val_precision_aware: 0.7111 - 1s/epoch - 20ms/step
Curriculum: set focal gamma = 0.5789 (epoch 12)
Epoch 12/70
WARNING:tensorflow:Can save best model only with val_composite available, skipping.
WARNING:tensorflow:Early stopping conditioned on metric `val_composite` which is not available. Available metrics are: loss,auc,val_loss,val_auc
56/56 - 1s - loss: 0.1911 - auc: 0.6876 - val_loss: 0.1972 - val_auc: 0.7543 - val_auc_custom: 0.7543 - val_f1_custom: 0.6435 - val_recall_custom: 0.5873 - val_composite: 0.6376 - val_precision_aware: 0.6997 - 1s/epoch - 21ms/step
Curriculum: set focal gamma = 0.6316 (epoch 13)
Epoch 13/70
WARNING:tensorflow:Can save best model only with val_composite available, skipping.
WARNING:tensorflow:Early stopping conditioned on metric `val_composite` which is not available. Available metrics are: loss,auc,val_loss,val_auc
56/56 - 1s - loss: 0.1814 - auc: 0.7041 - val_loss: 0.1898 - val_auc: 0.7645 - val_auc_custom: 0.7641 - val_f1_custom: 0.6429 - val_recall_custom: 0.5714 - val_composite: 0.6314 - val_precision_aware: 0.7130 - 1s/epoch - 22ms/step
Curriculum: set focal gamma = 0.6842 (epoch 14)
Epoch 14/70
WARNING:tensorflow:Can save best model only with val_composite available, skipping.
WARNING:tensorflow:Early stopping conditioned on metric `val_composite` which is not available. Available metrics are: loss,auc,val_loss,val_auc
56/56 - 1s - loss: 0.1728 - auc: 0.7247 - val_loss: 0.1832 - val_auc: 0.7668 - val_auc_custom: 0.7658 - val_f1_custom: 0.6364 - val_recall_custom: 0.5556 - val_composite: 0.6218 - val_precision_aware: 0.7164 - 1s/epoch - 20ms/step
Curriculum: set focal gamma = 0.7368 (epoch 15)
Epoch 15/70
WARNING:tensorflow:Can save best model only with val_composite available, skipping.
WARNING:tensorflow:Early stopping conditioned on metric `val_composite` which is not available. Available metrics are: loss,auc,val_loss,val_auc
56/56 - 1s - loss: 0.1642 - auc: 0.7355 - val_loss: 0.1738 - val_auc: 0.7707 - val_auc_custom: 0.7707 - val_f1_custom: 0.6061 - val_recall_custom: 0.4762 - val_composite: 0.5741 - val_precision_aware: 0.7526 - 1s/epoch - 20ms/step
Curriculum: set focal gamma = 0.7895 (epoch 16)
Epoch 16/70
WARNING:tensorflow:Can save best model only with val_composite available, skipping.
WARNING:tensorflow:Early stopping conditioned on metric `val_composite` which is not available. Available metrics are: loss,auc,val_loss,val_auc
56/56 - 1s - loss: 0.1585 - auc: 0.7326 - val_loss: 0.1675 - val_auc: 0.7713 - val_auc_custom: 0.7717 - val_f1_custom: 0.6538 - val_recall_custom: 0.5397 - val_composite: 0.6203 - val_precision_aware: 0.7651 - 1s/epoch - 21ms/step
Curriculum: set focal gamma = 0.8421 (epoch 17)
Epoch 17/70
WARNING:tensorflow:Can save best model only with val_composite available, skipping.
WARNING:tensorflow:Early stopping conditioned on metric `val_composite` which is not available. Available metrics are: loss,auc,val_loss,val_auc
56/56 - 1s - loss: 0.1472 - auc: 0.7649 - val_loss: 0.1613 - val_auc: 0.7673 - val_auc_custom: 0.7673 - val_f1_custom: 0.6552 - val_recall_custom: 0.6032 - val_composite: 0.6516 - val_precision_aware: 0.7085 - 1s/epoch - 19ms/step
Curriculum: set focal gamma = 0.8947 (epoch 18)
Epoch 18/70
WARNING:tensorflow:Can save best model only with val_composite available, skipping.
WARNING:tensorflow:Early stopping conditioned on metric `val_composite` which is not available. Available metrics are: loss,auc,val_loss,val_auc
56/56 - 1s - loss: 0.1381 - auc: 0.7831 - val_loss: 0.1553 - val_auc: 0.7713 - val_auc_custom: 0.7734 - val_f1_custom: 0.6667 - val_recall_custom: 0.5873 - val_composite: 0.6483 - val_precision_aware: 0.7401 - 1s/epoch - 21ms/step
Curriculum: set focal gamma = 0.9474 (epoch 19)
Epoch 19/70
WARNING:tensorflow:Can save best model only with val_composite available, skipping.
WARNING:tensorflow:Early stopping conditioned on metric `val_composite` which is not available. Available metrics are: loss,auc,val_loss,val_auc
56/56 - 1s - loss: 0.1316 - auc: 0.7869 - val_loss: 0.1500 - val_auc: 0.7697 - val_auc_custom: 0.7709 - val_f1_custom: 0.6610 - val_recall_custom: 0.6190 - val_composite: 0.6620 - val_precision_aware: 0.7070 - 1s/epoch - 20ms/step
Curriculum: set focal gamma = 1.0000 (epoch 20)
Epoch 20/70
WARNING:tensorflow:Can save best model only with val_composite available, skipping.
WARNING:tensorflow:Early stopping conditioned on metric `val_composite` which is not available. Available metrics are: loss,auc,val_loss,val_auc
56/56 - 1s - loss: 0.1284 - auc: 0.7807 - val_loss: 0.1464 - val_auc: 0.7619 - val_auc_custom: 0.7614 - val_f1_custom: 0.6780 - val_recall_custom: 0.6349 - val_composite: 0.6731 - val_precision_aware: 0.7193 - 1s/epoch - 21ms/step
Curriculum: set focal gamma = 1.0000 (epoch 21)
Epoch 21/70
WARNING:tensorflow:Can save best model only with val_composite available, skipping.
WARNING:tensorflow:Early stopping conditioned on metric `val_composite` which is not available. Available metrics are: loss,auc,val_loss,val_auc
56/56 - 1s - loss: 0.1232 - auc: 0.8058 - val_loss: 0.1452 - val_auc: 0.7680 - val_auc_custom: 0.7678 - val_f1_custom: 0.6286 - val_recall_custom: 0.5238 - val_composite: 0.6040 - val_precision_aware: 0.7350 - 1s/epoch - 21ms/step
Curriculum: set focal gamma = 1.0000 (epoch 22)
Epoch 22/70
WARNING:tensorflow:Can save best model only with val_composite available, skipping.
WARNING:tensorflow:Early stopping conditioned on metric `val_composite` which is not available. Available metrics are: loss,auc,val_loss,val_auc
56/56 - 1s - loss: 0.1249 - auc: 0.7935 - val_loss: 0.1623 - val_auc: 0.7420 - val_auc_custom: 0.7409 - val_f1_custom: 0.7211 - val_recall_custom: 0.8413 - val_composite: 0.7851 - val_precision_aware: 0.6800 - 1s/epoch - 22ms/step
Curriculum: set focal gamma = 1.0000 (epoch 23)
Epoch 23/70
WARNING:tensorflow:Can save best model only with val_composite available, skipping.
WARNING:tensorflow:Early stopping conditioned on metric `val_composite` which is not available. Available metrics are: loss,auc,val_loss,val_auc
56/56 - 1s - loss: 0.1192 - auc: 0.8193 - val_loss: 0.1464 - val_auc: 0.7667 - val_auc_custom: 0.7673 - val_f1_custom: 0.7188 - val_recall_custom: 0.7302 - val_composite: 0.7342 - val_precision_aware: 0.7229 - 1s/epoch - 20ms/step
Curriculum: set focal gamma = 1.0000 (epoch 24)
Epoch 24/70
WARNING:tensorflow:Can save best model only with val_composite available, skipping.
WARNING:tensorflow:Early stopping conditioned on metric `val_composite` which is not available. Available metrics are: loss,auc,val_loss,val_auc
56/56 - 1s - loss: 0.1190 - auc: 0.8176 - val_loss: 0.1479 - val_auc: 0.7675 - val_auc_custom: 0.7680 - val_f1_custom: 0.7077 - val_recall_custom: 0.7302 - val_composite: 0.7310 - val_precision_aware: 0.7092 - 1s/epoch - 21ms/step
Curriculum: set focal gamma = 1.0000 (epoch 25)
Epoch 25/70
WARNING:tensorflow:Can save best model only with val_composite available, skipping.
WARNING:tensorflow:Early stopping conditioned on metric `val_composite` which is not available. Available metrics are: loss,auc,val_loss,val_auc
56/56 - 1s - loss: 0.1171 - auc: 0.8249 - val_loss: 0.1530 - val_auc: 0.7447 - val_auc_custom: 0.7448 - val_f1_custom: 0.7068 - val_recall_custom: 0.7460 - val_composite: 0.7340 - val_precision_aware: 0.6967 - 1s/epoch - 20ms/step
Curriculum: set focal gamma = 1.0000 (epoch 26)
Epoch 26/70
WARNING:tensorflow:Can save best model only with val_composite available, skipping.
WARNING:tensorflow:Early stopping conditioned on metric `val_composite` which is not available. Available metrics are: loss,auc,val_loss,val_auc
56/56 - 1s - loss: 0.1197 - auc: 0.8188 - val_loss: 0.1473 - val_auc: 0.7639 - val_auc_custom: 0.7634 - val_f1_custom: 0.6724 - val_recall_custom: 0.6190 - val_composite: 0.6639 - val_precision_aware: 0.7223 - 1s/epoch - 21ms/step
Curriculum: set focal gamma = 1.0000 (epoch 27)
Epoch 27/70
WARNING:tensorflow:Can save best model only with val_composite available, skipping.
WARNING:tensorflow:Early stopping conditioned on metric `val_composite` which is not available. Available metrics are: loss,auc,val_loss,val_auc
56/56 - 1s - loss: 0.1132 - auc: 0.8445 - val_loss: 0.1545 - val_auc: 0.7473 - val_auc_custom: 0.7468 - val_f1_custom: 0.7015 - val_recall_custom: 0.7460 - val_composite: 0.7328 - val_precision_aware: 0.6908 - 1s/epoch - 20ms/step
Curriculum: set focal gamma = 1.0000 (epoch 28)
Epoch 28/70
WARNING:tensorflow:Can save best model only with val_composite available, skipping.
WARNING:tensorflow:Early stopping conditioned on metric `val_composite` which is not available. Available metrics are: loss,auc,val_loss,val_auc
56/56 - 1s - loss: 0.1128 - auc: 0.8400 - val_loss: 0.1489 - val_auc: 0.7641 - val_auc_custom: 0.7643 - val_f1_custom: 0.7049 - val_recall_custom: 0.6825 - val_composite: 0.7056 - val_precision_aware: 0.7288 - 1s/epoch - 21ms/step
Curriculum: set focal gamma = 1.0000 (epoch 29)
Epoch 29/70
WARNING:tensorflow:Can save best model only with val_composite available, skipping.
WARNING:tensorflow:Early stopping conditioned on metric `val_composite` which is not available. Available metrics are: loss,auc,val_loss,val_auc
56/56 - 1s - loss: 0.1093 - auc: 0.8520 - val_loss: 0.1552 - val_auc: 0.7388 - val_auc_custom: 0.7380 - val_f1_custom: 0.6774 - val_recall_custom: 0.6667 - val_composite: 0.6842 - val_precision_aware: 0.6951 - 1s/epoch - 20ms/step
Curriculum: set focal gamma = 1.0000 (epoch 30)
Epoch 30/70
WARNING:tensorflow:Can save best model only with val_composite available, skipping.
WARNING:tensorflow:Early stopping conditioned on metric `val_composite` which is not available. Available metrics are: loss,auc,val_loss,val_auc
56/56 - 1s - loss: 0.1116 - auc: 0.8471 - val_loss: 0.1548 - val_auc: 0.7354 - val_auc_custom: 0.7372 - val_f1_custom: 0.6829 - val_recall_custom: 0.6667 - val_composite: 0.6857 - val_precision_aware: 0.7023 - 1s/epoch - 20ms/step
Curriculum: set focal gamma = 1.0000 (epoch 31)
Epoch 31/70
WARNING:tensorflow:Can save best model only with val_composite available, skipping.
WARNING:tensorflow:Early stopping conditioned on metric `val_composite` which is not available. Available metrics are: loss,auc,val_loss,val_auc
56/56 - 1s - loss: 0.1075 - auc: 0.8581 - val_loss: 0.1647 - val_auc: 0.7492 - val_auc_custom: 0.7485 - val_f1_custom: 0.7286 - val_recall_custom: 0.8095 - val_composite: 0.7730 - val_precision_aware: 0.6994 - 1s/epoch - 22ms/step
Curriculum: set focal gamma = 1.0000 (epoch 32)
Epoch 32/70
WARNING:tensorflow:Can save best model only with val_composite available, skipping.
WARNING:tensorflow:Early stopping conditioned on metric `val_composite` which is not available. Available metrics are: loss,auc,val_loss,val_auc
56/56 - 1s - loss: 0.1132 - auc: 0.8404 - val_loss: 0.1494 - val_auc: 0.7600 - val_auc_custom: 0.7607 - val_f1_custom: 0.6667 - val_recall_custom: 0.5873 - val_composite: 0.6458 - val_precision_aware: 0.7376 - 1s/epoch - 19ms/step
Curriculum: set focal gamma = 1.0000 (epoch 33)
Epoch 33/70
WARNING:tensorflow:Can save best model only with val_composite available, skipping.
WARNING:tensorflow:Early stopping conditioned on metric `val_composite` which is not available. Available metrics are: loss,auc,val_loss,val_auc
56/56 - 1s - loss: 0.1057 - auc: 0.8657 - val_loss: 0.1490 - val_auc: 0.7639 - val_auc_custom: 0.7634 - val_f1_custom: 0.7031 - val_recall_custom: 0.7143 - val_composite: 0.7208 - val_precision_aware: 0.7098 - 1s/epoch - 19ms/step
Curriculum: set focal gamma = 1.0000 (epoch 34)
Epoch 34/70
WARNING:tensorflow:Can save best model only with val_composite available, skipping.
WARNING:tensorflow:Early stopping conditioned on metric `val_composite` which is not available. Available metrics are: loss,auc,val_loss,val_auc
56/56 - 1s - loss: 0.1018 - auc: 0.8777 - val_loss: 0.1563 - val_auc: 0.7681 - val_auc_custom: 0.7683 - val_f1_custom: 0.7429 - val_recall_custom: 0.8254 - val_composite: 0.7892 - val_precision_aware: 0.7142 - 1s/epoch - 21ms/step
Curriculum: set focal gamma = 1.0000 (epoch 35)
Epoch 35/70
WARNING:tensorflow:Can save best model only with val_composite available, skipping.
WARNING:tensorflow:Early stopping conditioned on metric `val_composite` which is not available. Available metrics are: loss,auc,val_loss,val_auc
56/56 - 1s - loss: 0.1045 - auc: 0.8657 - val_loss: 0.1516 - val_auc: 0.7687 - val_auc_custom: 0.7685 - val_f1_custom: 0.7519 - val_recall_custom: 0.7937 - val_composite: 0.7761 - val_precision_aware: 0.7364 - 1s/epoch - 21ms/step
Curriculum: set focal gamma = 1.0000 (epoch 36)
Epoch 36/70
WARNING:tensorflow:Can save best model only with val_composite available, skipping.
WARNING:tensorflow:Early stopping conditioned on metric `val_composite` which is not available. Available metrics are: loss,auc,val_loss,val_auc
56/56 - 1s - loss: 0.0964 - auc: 0.8895 - val_loss: 0.1515 - val_auc: 0.7742 - val_auc_custom: 0.7739 - val_f1_custom: 0.6957 - val_recall_custom: 0.6349 - val_composite: 0.6809 - val_precision_aware: 0.7481 - 1s/epoch - 20ms/step
Curriculum: set focal gamma = 1.0000 (epoch 37)
Epoch 37/70
WARNING:tensorflow:Can save best model only with val_composite available, skipping.
WARNING:tensorflow:Early stopping conditioned on metric `val_composite` which is not available. Available metrics are: loss,auc,val_loss,val_auc
56/56 - 1s - loss: 0.0919 - auc: 0.9004 - val_loss: 0.1566 - val_auc: 0.7637 - val_auc_custom: 0.7617 - val_f1_custom: 0.7188 - val_recall_custom: 0.7302 - val_composite: 0.7330 - val_precision_aware: 0.7218 - 1s/epoch - 20ms/step
Curriculum: set focal gamma = 1.0000 (epoch 38)
Epoch 38/70
WARNING:tensorflow:Can save best model only with val_composite available, skipping.
WARNING:tensorflow:Early stopping conditioned on metric `val_composite` which is not available. Available metrics are: loss,auc,val_loss,val_auc
56/56 - 1s - loss: 0.1012 - auc: 0.8758 - val_loss: 0.1595 - val_auc: 0.7674 - val_auc_custom: 0.7678 - val_f1_custom: 0.7143 - val_recall_custom: 0.7143 - val_composite: 0.7250 - val_precision_aware: 0.7250 - 1s/epoch - 22ms/step
Curriculum: set focal gamma = 1.0000 (epoch 39)
Epoch 39/70
WARNING:tensorflow:Can save best model only with val_composite available, skipping.
WARNING:tensorflow:Early stopping conditioned on metric `val_composite` which is not available. Available metrics are: loss,auc,val_loss,val_auc
56/56 - 1s - loss: 0.0934 - auc: 0.8961 - val_loss: 0.1731 - val_auc: 0.7672 - val_auc_custom: 0.7665 - val_f1_custom: 0.7324 - val_recall_custom: 0.8254 - val_composite: 0.7857 - val_precision_aware: 0.7021 - 1s/epoch - 21ms/step
Curriculum: set focal gamma = 1.0000 (epoch 40)
Epoch 40/70
WARNING:tensorflow:Can save best model only with val_composite available, skipping.
WARNING:tensorflow:Early stopping conditioned on metric `val_composite` which is not available. Available metrics are: loss,auc,val_loss,val_auc
56/56 - 1s - loss: 0.0895 - auc: 0.9061 - val_loss: 0.1522 - val_auc: 0.7819 - val_auc_custom: 0.7819 - val_f1_custom: 0.7419 - val_recall_custom: 0.7302 - val_composite: 0.7440 - val_precision_aware: 0.7560 - 1s/epoch - 22ms/step
Curriculum: set focal gamma = 1.0000 (epoch 41)
Epoch 41/70
WARNING:tensorflow:Can save best model only with val_composite available, skipping.
WARNING:tensorflow:Early stopping conditioned on metric `val_composite` which is not available. Available metrics are: loss,auc,val_loss,val_auc
56/56 - 1s - loss: 0.0912 - auc: 0.9016 - val_loss: 0.1580 - val_auc: 0.7619 - val_auc_custom: 0.7614 - val_f1_custom: 0.7049 - val_recall_custom: 0.6825 - val_composite: 0.7050 - val_precision_aware: 0.7282 - 1s/epoch - 20ms/step
Curriculum: set focal gamma = 1.0000 (epoch 42)
Epoch 42/70
WARNING:tensorflow:Can save best model only with val_composite available, skipping.
WARNING:tensorflow:Early stopping conditioned on metric `val_composite` which is not available. Available metrics are: loss,auc,val_loss,val_auc
56/56 - 1s - loss: 0.0912 - auc: 0.9015 - val_loss: 0.1564 - val_auc: 0.7788 - val_auc_custom: 0.7795 - val_f1_custom: 0.7119 - val_recall_custom: 0.6667 - val_composite: 0.7028 - val_precision_aware: 0.7513 - 1s/epoch - 20ms/step
Curriculum: set focal gamma = 1.0000 (epoch 43)
Epoch 43/70
WARNING:tensorflow:Can save best model only with val_composite available, skipping.
WARNING:tensorflow:Early stopping conditioned on metric `val_composite` which is not available. Available metrics are: loss,auc,val_loss,val_auc
56/56 - 1s - loss: 0.0887 - auc: 0.9057 - val_loss: 0.1648 - val_auc: 0.7575 - val_auc_custom: 0.7585 - val_f1_custom: 0.7328 - val_recall_custom: 0.7619 - val_composite: 0.7525 - val_precision_aware: 0.7245 - 1s/epoch - 21ms/step
Curriculum: set focal gamma = 1.0000 (epoch 44)
Epoch 44/70
WARNING:tensorflow:Can save best model only with val_composite available, skipping.
WARNING:tensorflow:Early stopping conditioned on metric `val_composite` which is not available. Available metrics are: loss,auc,val_loss,val_auc
56/56 - 1s - loss: 0.0894 - auc: 0.9030 - val_loss: 0.1811 - val_auc: 0.7735 - val_auc_custom: 0.7729 - val_f1_custom: 0.7724 - val_recall_custom: 0.8889 - val_composite: 0.8307 - val_precision_aware: 0.7278 - 1s/epoch - 20ms/step
Curriculum: set focal gamma = 1.0000 (epoch 45)
Epoch 45/70
WARNING:tensorflow:Can save best model only with val_composite available, skipping.
WARNING:tensorflow:Early stopping conditioned on metric `val_composite` which is not available. Available metrics are: loss,auc,val_loss,val_auc
56/56 - 1s - loss: 0.0947 - auc: 0.8927 - val_loss: 0.1518 - val_auc: 0.7886 - val_auc_custom: 0.7875 - val_f1_custom: 0.7009 - val_recall_custom: 0.6508 - val_composite: 0.6932 - val_precision_aware: 0.7474 - 1s/epoch - 20ms/step
Curriculum: set focal gamma = 1.0000 (epoch 46)
Epoch 46/70
WARNING:tensorflow:Can save best model only with val_composite available, skipping.
WARNING:tensorflow:Early stopping conditioned on metric `val_composite` which is not available. Available metrics are: loss,auc,val_loss,val_auc
56/56 - 1s - loss: 0.0877 - auc: 0.9130 - val_loss: 0.1561 - val_auc: 0.7868 - val_auc_custom: 0.7871 - val_f1_custom: 0.7244 - val_recall_custom: 0.7302 - val_composite: 0.7398 - val_precision_aware: 0.7341 - 1s/epoch - 20ms/step
Curriculum: set focal gamma = 1.0000 (epoch 47)
Epoch 47/70
WARNING:tensorflow:Can save best model only with val_composite available, skipping.
WARNING:tensorflow:Early stopping conditioned on metric `val_composite` which is not available. Available metrics are: loss,auc,val_loss,val_auc
56/56 - 1s - loss: 0.0865 - auc: 0.9147 - val_loss: 0.1614 - val_auc: 0.7762 - val_auc_custom: 0.7756 - val_f1_custom: 0.7231 - val_recall_custom: 0.7460 - val_composite: 0.7451 - val_precision_aware: 0.7228 - 1s/epoch - 21ms/step
Curriculum: set focal gamma = 1.0000 (epoch 48)
Epoch 48/70
WARNING:tensorflow:Can save best model only with val_composite available, skipping.
WARNING:tensorflow:Early stopping conditioned on metric `val_composite` which is not available. Available metrics are: loss,auc,val_loss,val_auc
56/56 - 1s - loss: 0.0932 - auc: 0.8995 - val_loss: 0.1883 - val_auc: 0.7592 - val_auc_custom: 0.7600 - val_f1_custom: 0.7397 - val_recall_custom: 0.8571 - val_composite: 0.8025 - val_precision_aware: 0.6992 - 1s/epoch - 21ms/step
Curriculum: set focal gamma = 1.0000 (epoch 49)
Epoch 49/70
WARNING:tensorflow:Can save best model only with val_composite available, skipping.
WARNING:tensorflow:Early stopping conditioned on metric `val_composite` which is not available. Available metrics are: loss,auc,val_loss,val_auc
56/56 - 1s - loss: 0.0928 - auc: 0.8966 - val_loss: 0.1542 - val_auc: 0.7744 - val_auc_custom: 0.7741 - val_f1_custom: 0.7328 - val_recall_custom: 0.7619 - val_composite: 0.7556 - val_precision_aware: 0.7276 - 1s/epoch - 21ms/step
Curriculum: set focal gamma = 1.0000 (epoch 50)
Epoch 50/70
WARNING:tensorflow:Can save best model only with val_composite available, skipping.
WARNING:tensorflow:Early stopping conditioned on metric `val_composite` which is not available. Available metrics are: loss,auc,val_loss,val_auc
56/56 - 1s - loss: 0.0826 - auc: 0.9215 - val_loss: 0.1532 - val_auc: 0.7867 - val_auc_custom: 0.7861 - val_f1_custom: 0.7259 - val_recall_custom: 0.7778 - val_composite: 0.7639 - val_precision_aware: 0.7153 - 1s/epoch - 20ms/step
Curriculum: set focal gamma = 1.0000 (epoch 51)
Epoch 51/70
WARNING:tensorflow:Can save best model only with val_composite available, skipping.
WARNING:tensorflow:Early stopping conditioned on metric `val_composite` which is not available. Available metrics are: loss,auc,val_loss,val_auc
56/56 - 1s - loss: 0.0911 - auc: 0.9005 - val_loss: 0.1546 - val_auc: 0.7621 - val_auc_custom: 0.7619 - val_f1_custom: 0.6780 - val_recall_custom: 0.6349 - val_composite: 0.6732 - val_precision_aware: 0.7194 - 1s/epoch - 20ms/step
Curriculum: set focal gamma = 1.0000 (epoch 52)
Epoch 52/70
WARNING:tensorflow:Can save best model only with val_composite available, skipping.
WARNING:tensorflow:Early stopping conditioned on metric `val_composite` which is not available. Available metrics are: loss,auc,val_loss,val_auc
56/56 - 1s - loss: 0.0839 - auc: 0.9209 - val_loss: 0.1659 - val_auc: 0.7824 - val_auc_custom: 0.7814 - val_f1_custom: 0.7606 - val_recall_custom: 0.8571 - val_composite: 0.8130 - val_precision_aware: 0.7262 - 1s/epoch - 20ms/step
Curriculum: set focal gamma = 1.0000 (epoch 53)
Epoch 53/70
WARNING:tensorflow:Can save best model only with val_composite available, skipping.
WARNING:tensorflow:Early stopping conditioned on metric `val_composite` which is not available. Available metrics are: loss,auc,val_loss,val_auc
56/56 - 1s - loss: 0.0797 - auc: 0.9264 - val_loss: 0.1502 - val_auc: 0.8039 - val_auc_custom: 0.8044 - val_f1_custom: 0.6606 - val_recall_custom: 0.5714 - val_composite: 0.6448 - val_precision_aware: 0.7503 - 1s/epoch - 21ms/step
Curriculum: set focal gamma = 1.0000 (epoch 54)
Epoch 54/70
WARNING:tensorflow:Can save best model only with val_composite available, skipping.
WARNING:tensorflow:Early stopping conditioned on metric `val_composite` which is not available. Available metrics are: loss,auc,val_loss,val_auc
56/56 - 1s - loss: 0.0828 - auc: 0.9191 - val_loss: 0.1747 - val_auc: 0.7563 - val_auc_custom: 0.7575 - val_f1_custom: 0.7397 - val_recall_custom: 0.8571 - val_composite: 0.8020 - val_precision_aware: 0.6987 - 1s/epoch - 20ms/step
Curriculum: set focal gamma = 1.0000 (epoch 55)
Epoch 55/70
WARNING:tensorflow:Can save best model only with val_composite available, skipping.
WARNING:tensorflow:Early stopping conditioned on metric `val_composite` which is not available. Available metrics are: loss,auc,val_loss,val_auc
56/56 - 1s - loss: 0.0848 - auc: 0.9146 - val_loss: 0.1937 - val_auc: 0.7519 - val_auc_custom: 0.7526 - val_f1_custom: 0.7413 - val_recall_custom: 0.8413 - val_composite: 0.7935 - val_precision_aware: 0.7042 - 1s/epoch - 21ms/step
Curriculum: set focal gamma = 1.0000 (epoch 56)
Epoch 56/70
WARNING:tensorflow:Can save best model only with val_composite available, skipping.
WARNING:tensorflow:Early stopping conditioned on metric `val_composite` which is not available. Available metrics are: loss,auc,val_loss,val_auc
56/56 - 1s - loss: 0.0836 - auc: 0.9187 - val_loss: 0.1637 - val_auc: 0.7875 - val_auc_custom: 0.7878 - val_f1_custom: 0.7080 - val_recall_custom: 0.6349 - val_composite: 0.6874 - val_precision_aware: 0.7699 - 1s/epoch - 22ms/step
Curriculum: set focal gamma = 1.0000 (epoch 57)
Epoch 57/70
WARNING:tensorflow:Can save best model only with val_composite available, skipping.
WARNING:tensorflow:Early stopping conditioned on metric `val_composite` which is not available. Available metrics are: loss,auc,val_loss,val_auc
56/56 - 1s - loss: 0.0815 - auc: 0.9227 - val_loss: 0.2380 - val_auc: 0.7277 - val_auc_custom: 0.7287 - val_f1_custom: 0.7262 - val_recall_custom: 0.9683 - val_composite: 0.8477 - val_precision_aware: 0.6541 - 1s/epoch - 20ms/step
Curriculum: set focal gamma = 1.0000 (epoch 58)
Epoch 58/70
WARNING:tensorflow:Can save best model only with val_composite available, skipping.
WARNING:tensorflow:Early stopping conditioned on metric `val_composite` which is not available. Available metrics are: loss,auc,val_loss,val_auc
56/56 - 1s - loss: 0.0789 - auc: 0.9274 - val_loss: 0.1607 - val_auc: 0.7884 - val_auc_custom: 0.7885 - val_f1_custom: 0.7328 - val_recall_custom: 0.7619 - val_composite: 0.7585 - val_precision_aware: 0.7305 - 1s/epoch - 21ms/step
Curriculum: set focal gamma = 1.0000 (epoch 59)
Epoch 59/70
WARNING:tensorflow:Can save best model only with val_composite available, skipping.
WARNING:tensorflow:Early stopping conditioned on metric `val_composite` which is not available. Available metrics are: loss,auc,val_loss,val_auc
56/56 - 1s - loss: 0.0776 - auc: 0.9305 - val_loss: 0.1758 - val_auc: 0.7711 - val_auc_custom: 0.7712 - val_f1_custom: 0.7313 - val_recall_custom: 0.7778 - val_composite: 0.7625 - val_precision_aware: 0.7187 - 1s/epoch - 21ms/step
Curriculum: set focal gamma = 1.0000 (epoch 60)
Epoch 60/70
WARNING:tensorflow:Can save best model only with val_composite available, skipping.
WARNING:tensorflow:Early stopping conditioned on metric `val_composite` which is not available. Available metrics are: loss,auc,val_loss,val_auc
56/56 - 1s - loss: 0.0759 - auc: 0.9333 - val_loss: 0.1623 - val_auc: 0.7939 - val_auc_custom: 0.7944 - val_f1_custom: 0.7597 - val_recall_custom: 0.7778 - val_composite: 0.7757 - val_precision_aware: 0.7580 - 1s/epoch - 21ms/step
Curriculum: set focal gamma = 1.0000 (epoch 61)
Epoch 61/70
WARNING:tensorflow:Can save best model only with val_composite available, skipping.
WARNING:tensorflow:Early stopping conditioned on metric `val_composite` which is not available. Available metrics are: loss,auc,val_loss,val_auc
56/56 - 1s - loss: 0.0777 - auc: 0.9279 - val_loss: 0.1809 - val_auc: 0.7769 - val_auc_custom: 0.7763 - val_f1_custom: 0.7465 - val_recall_custom: 0.8413 - val_composite: 0.7998 - val_precision_aware: 0.7146 - 1s/epoch - 20ms/step
Curriculum: set focal gamma = 1.0000 (epoch 62)
Epoch 62/70
WARNING:tensorflow:Can save best model only with val_composite available, skipping.
WARNING:tensorflow:Early stopping conditioned on metric `val_composite` which is not available. Available metrics are: loss,auc,val_loss,val_auc
56/56 - 1s - loss: 0.0768 - auc: 0.9304 - val_loss: 0.1597 - val_auc: 0.7856 - val_auc_custom: 0.7858 - val_f1_custom: 0.6949 - val_recall_custom: 0.6508 - val_composite: 0.6910 - val_precision_aware: 0.7384 - 1s/epoch - 20ms/step
Curriculum: set focal gamma = 1.0000 (epoch 63)
Epoch 63/70
WARNING:tensorflow:Can save best model only with val_composite available, skipping.
WARNING:tensorflow:Early stopping conditioned on metric `val_composite` which is not available. Available metrics are: loss,auc,val_loss,val_auc
56/56 - 1s - loss: 0.0745 - auc: 0.9362 - val_loss: 0.1897 - val_auc: 0.7706 - val_auc_custom: 0.7702 - val_f1_custom: 0.7413 - val_recall_custom: 0.8413 - val_composite: 0.7971 - val_precision_aware: 0.7077 - 1s/epoch - 20ms/step
Curriculum: set focal gamma = 1.0000 (epoch 64)
Epoch 64/70
WARNING:tensorflow:Can save best model only with val_composite available, skipping.
WARNING:tensorflow:Early stopping conditioned on metric `val_composite` which is not available. Available metrics are: loss,auc,val_loss,val_auc
56/56 - 1s - loss: 0.0705 - auc: 0.9444 - val_loss: 0.1646 - val_auc: 0.7891 - val_auc_custom: 0.7895 - val_f1_custom: 0.7442 - val_recall_custom: 0.7619 - val_composite: 0.7621 - val_precision_aware: 0.7448 - 1s/epoch - 21ms/step
Curriculum: set focal gamma = 1.0000 (epoch 65)
Epoch 65/70
WARNING:tensorflow:Can save best model only with val_composite available, skipping.
WARNING:tensorflow:Early stopping conditioned on metric `val_composite` which is not available. Available metrics are: loss,auc,val_loss,val_auc
56/56 - 1s - loss: 0.0716 - auc: 0.9401 - val_loss: 0.2071 - val_auc: 0.7741 - val_auc_custom: 0.7758 - val_f1_custom: 0.7436 - val_recall_custom: 0.9206 - val_composite: 0.8386 - val_precision_aware: 0.6901 - 1s/epoch - 21ms/step
Curriculum: set focal gamma = 1.0000 (epoch 66)
Epoch 66/70
WARNING:tensorflow:Can save best model only with val_composite available, skipping.
WARNING:tensorflow:Early stopping conditioned on metric `val_composite` which is not available. Available metrics are: loss,auc,val_loss,val_auc
56/56 - 1s - loss: 0.0711 - auc: 0.9422 - val_loss: 0.1650 - val_auc: 0.7867 - val_auc_custom: 0.7868 - val_f1_custom: 0.6545 - val_recall_custom: 0.5714 - val_composite: 0.6394 - val_precision_aware: 0.7367 - 1s/epoch - 20ms/step
Curriculum: set focal gamma = 1.0000 (epoch 67)
Epoch 67/70
WARNING:tensorflow:Can save best model only with val_composite available, skipping.
WARNING:tensorflow:Early stopping conditioned on metric `val_composite` which is not available. Available metrics are: loss,auc,val_loss,val_auc
56/56 - 1s - loss: 0.0779 - auc: 0.9289 - val_loss: 0.1536 - val_auc: 0.8109 - val_auc_custom: 0.8103 - val_f1_custom: 0.7591 - val_recall_custom: 0.8254 - val_composite: 0.8025 - val_precision_aware: 0.7411 - 1s/epoch - 20ms/step
Curriculum: set focal gamma = 1.0000 (epoch 68)
Epoch 68/70
WARNING:tensorflow:Can save best model only with val_composite available, skipping.
WARNING:tensorflow:Early stopping conditioned on metric `val_composite` which is not available. Available metrics are: loss,auc,val_loss,val_auc
56/56 - 1s - loss: 0.0719 - auc: 0.9419 - val_loss: 0.1732 - val_auc: 0.7979 - val_auc_custom: 0.7978 - val_f1_custom: 0.7755 - val_recall_custom: 0.9048 - val_composite: 0.8446 - val_precision_aware: 0.7315 - 1s/epoch - 22ms/step
Curriculum: set focal gamma = 1.0000 (epoch 69)
Epoch 69/70
WARNING:tensorflow:Can save best model only with val_composite available, skipping.
WARNING:tensorflow:Early stopping conditioned on metric `val_composite` which is not available. Available metrics are: loss,auc,val_loss,val_auc
56/56 - 1s - loss: 0.0787 - auc: 0.9311 - val_loss: 0.1808 - val_auc: 0.7381 - val_auc_custom: 0.7372 - val_f1_custom: 0.7068 - val_recall_custom: 0.7460 - val_composite: 0.7325 - val_precision_aware: 0.6952 - 1s/epoch - 22ms/step
Curriculum: set focal gamma = 1.0000 (epoch 70)
Epoch 70/70
WARNING:tensorflow:Can save best model only with val_composite available, skipping.
WARNING:tensorflow:Early stopping conditioned on metric `val_composite` which is not available. Available metrics are: loss,auc,val_loss,val_auc
56/56 - 1s - loss: 0.0693 - auc: 0.9473 - val_loss: 0.2133 - val_auc: 0.7510 - val_auc_custom: 0.7512 - val_f1_custom: 0.7516 - val_recall_custom: 0.9365 - val_composite: 0.8440 - val_precision_aware: 0.6895 - 1s/epoch - 21ms/step
Saved final weights to result_multi_seed_composite/seed2/01/final.weights
Mask config -> mode=soft, threshold=0.6, window_gate=None
Done. Results saved to result_multi_seed_composite/seed2/01
