2025-09-16 20:02:04.286382: I tensorflow/core/util/port.cc:110] oneDNN custom operations are on. You may see slightly different numerical results due to floating-point round-off errors from different computation orders. To turn them off, set the environment variable `TF_ENABLE_ONEDNN_OPTS=0`.
2025-09-16 20:02:04.318686: I tensorflow/core/platform/cpu_feature_guard.cc:182] This TensorFlow binary is optimized to use available CPU instructions in performance-critical operations.
To enable the following instructions: AVX2 AVX_VNNI FMA, in other operations, rebuild TensorFlow with the appropriate compiler flags.
2025-09-16 20:02:04.747901: W tensorflow/compiler/tf2tensorrt/utils/py_utils.cc:38] TF-TRT Warning: Could not find TensorRT
2025-09-16 20:02:05.213665: I tensorflow/compiler/xla/stream_executor/cuda/cuda_gpu_executor.cc:981] could not open file to read NUMA node: /sys/bus/pci/devices/0000:01:00.0/numa_node
Your kernel may have been built without NUMA support.
2025-09-16 20:02:05.235864: I tensorflow/compiler/xla/stream_executor/cuda/cuda_gpu_executor.cc:981] could not open file to read NUMA node: /sys/bus/pci/devices/0000:01:00.0/numa_node
Your kernel may have been built without NUMA support.
2025-09-16 20:02:05.235988: I tensorflow/compiler/xla/stream_executor/cuda/cuda_gpu_executor.cc:981] could not open file to read NUMA node: /sys/bus/pci/devices/0000:01:00.0/numa_node
Your kernel may have been built without NUMA support.
2025-09-16 20:02:05.237139: I tensorflow/compiler/xla/stream_executor/cuda/cuda_gpu_executor.cc:981] could not open file to read NUMA node: /sys/bus/pci/devices/0000:01:00.0/numa_node
Your kernel may have been built without NUMA support.
2025-09-16 20:02:05.237214: I tensorflow/compiler/xla/stream_executor/cuda/cuda_gpu_executor.cc:981] could not open file to read NUMA node: /sys/bus/pci/devices/0000:01:00.0/numa_node
Your kernel may have been built without NUMA support.
2025-09-16 20:02:05.237235: I tensorflow/compiler/xla/stream_executor/cuda/cuda_gpu_executor.cc:981] could not open file to read NUMA node: /sys/bus/pci/devices/0000:01:00.0/numa_node
Your kernel may have been built without NUMA support.
2025-09-16 20:02:05.345357: I tensorflow/compiler/xla/stream_executor/cuda/cuda_gpu_executor.cc:981] could not open file to read NUMA node: /sys/bus/pci/devices/0000:01:00.0/numa_node
Your kernel may have been built without NUMA support.
2025-09-16 20:02:05.345480: I tensorflow/compiler/xla/stream_executor/cuda/cuda_gpu_executor.cc:981] could not open file to read NUMA node: /sys/bus/pci/devices/0000:01:00.0/numa_node
Your kernel may have been built without NUMA support.
2025-09-16 20:02:05.345503: I tensorflow/core/common_runtime/gpu/gpu_device.cc:1726] Could not identify NUMA node of platform GPU id 0, defaulting to 0.  Your kernel may not have been built with NUMA support.
2025-09-16 20:02:05.345535: I tensorflow/compiler/xla/stream_executor/cuda/cuda_gpu_executor.cc:981] could not open file to read NUMA node: /sys/bus/pci/devices/0000:01:00.0/numa_node
Your kernel may have been built without NUMA support.
2025-09-16 20:02:05.345561: I tensorflow/core/common_runtime/gpu/gpu_device.cc:1639] Created device /job:localhost/replica:0/task:0/device:GPU:0 with 9517 MB memory:  -> device: 0, name: NVIDIA GeForce RTX 4070 SUPER, pci bus id: 0000:01:00.0, compute capability: 8.9
GPU detected: 1 physical, 1 logical -> ['/device:GPU:0']
Config: batch=16, accumulate_steps=8 -> effective_batch=128
Loaded (1276, 36, 75) (1276,)
Using mask channel "occlusion_flag" from long_raw (index 7)
Model: "cnn_bilstm_attn_masked"
__________________________________________________________________________________________________
 Layer (type)                Output Shape                 Param #   Connected to                  
==================================================================================================
 input (InputLayer)          [(None, 36, 75)]             0         []                            
                                                                                                  
 permute_time_features (Per  (None, 75, 36)               0         ['input[0][0]']               
 mute)                                                                                            
                                                                                                  
 conv0 (Conv1D)              (None, 75, 64)               6976      ['permute_time_features[0][0]'
                                                                    ]                             
                                                                                                  
 bn0 (BatchNormalization)    (None, 75, 64)               256       ['conv0[0][0]']               
                                                                                                  
 act0 (Activation)           (None, 75, 64)               0         ['bn0[0][0]']                 
                                                                                                  
 conv_dropout0 (Dropout)     (None, 75, 64)               0         ['act0[0][0]']                
                                                                                                  
 conv1 (Conv1D)              (None, 75, 64)               20544     ['conv_dropout0[0][0]']       
                                                                                                  
 bn1 (BatchNormalization)    (None, 75, 64)               256       ['conv1[0][0]']               
                                                                                                  
 act1 (Activation)           (None, 75, 64)               0         ['bn1[0][0]']                 
                                                                                                  
 conv_dropout1 (Dropout)     (None, 75, 64)               0         ['act1[0][0]']                
                                                                                                  
 conv2 (Conv1D)              (None, 75, 64)               12352     ['conv_dropout1[0][0]']       
                                                                                                  
 bn2 (BatchNormalization)    (None, 75, 64)               256       ['conv2[0][0]']               
                                                                                                  
 act2 (Activation)           (None, 75, 64)               0         ['bn2[0][0]']                 
                                                                                                  
 conv_dropout2 (Dropout)     (None, 75, 64)               0         ['act2[0][0]']                
                                                                                                  
 bilstm (Bidirectional)      (None, 75, 128)              66048     ['conv_dropout2[0][0]']       
                                                                                                  
 mlp_attn_u (Dense)          (None, 75, 32)               4128      ['bilstm[0][0]']              
                                                                                                  
 mlp_attn_score (Dense)      (None, 75, 1)                33        ['mlp_attn_u[0][0]']          
                                                                                                  
 mlp_attn_squeeze (Lambda)   (None, 75)                   0         ['mlp_attn_score[0][0]']      
                                                                                                  
 attn_mask (InputLayer)      [(None, 75)]                 0         []                            
                                                                                                  
 mlp_attn_apply_mask (Lambd  (None, 75)                   0         ['mlp_attn_squeeze[0][0]',    
 a)                                                                  'attn_mask[0][0]']           
                                                                                                  
 mlp_attn_softmax (Lambda)   (None, 75)                   0         ['mlp_attn_apply_mask[0][0]'] 
                                                                                                  
 mlp_attn_expand (Lambda)    (None, 75, 1)                0         ['mlp_attn_softmax[0][0]']    
                                                                                                  
 mlp_attn_weighted (Lambda)  (None, 128)                  0         ['bilstm[0][0]',              
                                                                     'mlp_attn_expand[0][0]']     
                                                                                                  
 fc1 (Dense)                 (None, 64)                   8256      ['mlp_attn_weighted[0][0]']   
                                                                                                  
 fc_dropout (Dropout)        (None, 64)                   0         ['fc1[0][0]']                 
                                                                                                  
 out (Dense)                 (None, 1)                    65        ['fc_dropout[0][0]']          
                                                                                                  
==================================================================================================
Total params: 119171 (465.51 KB)
Trainable params: 118786 (464.01 KB)
Non-trainable params: 385 (1.50 KB)
__________________________________________________________________________________________________
None
Writing results to /home/user/projects/train/model/long_window/CNN_BiLSTM/result_mask_sweep/run_04/01
Curriculum: set focal gamma = 0.0000 (epoch 1)
Epoch 1/50
2025-09-16 20:02:07.368096: I tensorflow/compiler/xla/stream_executor/cuda/cuda_dnn.cc:432] Loaded cuDNN version 8600
2025-09-16 20:02:07.481575: I tensorflow/tsl/platform/default/subprocess.cc:304] Start cannot spawn child process: No such file or directory
2025-09-16 20:02:07.649860: I tensorflow/compiler/xla/stream_executor/cuda/cuda_blas.cc:606] TensorFloat-32 will be used for the matrix multiplication. This will only be logged once.
2025-09-16 20:02:08.007070: I tensorflow/compiler/xla/service/service.cc:168] XLA service 0x6483ff4f3eb0 initialized for platform CUDA (this does not guarantee that XLA will be used). Devices:
2025-09-16 20:02:08.007125: I tensorflow/compiler/xla/service/service.cc:176]   StreamExecutor device (0): NVIDIA GeForce RTX 4070 SUPER, Compute Capability 8.9
2025-09-16 20:02:08.011328: I tensorflow/compiler/mlir/tensorflow/utils/dump_mlir_util.cc:255] disabling MLIR crash reproducer, set env var `MLIR_CRASH_REPRODUCER_DIRECTORY` to enable.
2025-09-16 20:02:08.066560: I tensorflow/tsl/platform/default/subprocess.cc:304] Start cannot spawn child process: No such file or directory
2025-09-16 20:02:08.105371: I ./tensorflow/compiler/jit/device_compiler.h:186] Compiled cluster using XLA!  This line is logged at most once for the lifetime of the process.
56/56 - 4s - loss: 0.3540 - auc: 0.5209 - val_loss: 0.3416 - val_auc: 0.5819 - val_auc_custom: 0.5000 - val_f1_custom: 0.0000e+00 - val_recall_custom: 0.0000e+00 - 4s/epoch - 80ms/step
Curriculum: set focal gamma = 0.0789 (epoch 2)
Epoch 2/50
56/56 - 1s - loss: 0.2766 - auc: 0.5371 - val_loss: 0.2806 - val_auc: 0.5630 - val_auc_custom: 0.5000 - val_f1_custom: 0.0000e+00 - val_recall_custom: 0.0000e+00 - 1s/epoch - 23ms/step
Curriculum: set focal gamma = 0.1579 (epoch 3)
Epoch 3/50
56/56 - 1s - loss: 0.2362 - auc: 0.5804 - val_loss: 0.2378 - val_auc: 0.5862 - val_auc_custom: 0.5000 - val_f1_custom: 0.0000e+00 - val_recall_custom: 0.0000e+00 - 1s/epoch - 24ms/step
Curriculum: set focal gamma = 0.2368 (epoch 4)
Epoch 4/50
56/56 - 1s - loss: 0.2206 - auc: 0.5831 - val_loss: 0.2199 - val_auc: 0.5958 - val_auc_custom: 0.5000 - val_f1_custom: 0.0000e+00 - val_recall_custom: 0.0000e+00 - 1s/epoch - 25ms/step
Curriculum: set focal gamma = 0.3158 (epoch 5)
Epoch 5/50
56/56 - 1s - loss: 0.2137 - auc: 0.5728 - val_loss: 0.2090 - val_auc: 0.6069 - val_auc_custom: 0.5000 - val_f1_custom: 0.0000e+00 - val_recall_custom: 0.0000e+00 - 1s/epoch - 26ms/step
Curriculum: set focal gamma = 0.3947 (epoch 6)
Epoch 6/50
56/56 - 1s - loss: 0.1951 - auc: 0.6217 - val_loss: 0.1973 - val_auc: 0.5992 - val_auc_custom: 0.5000 - val_f1_custom: 0.0000e+00 - val_recall_custom: 0.0000e+00 - 1s/epoch - 25ms/step
Curriculum: set focal gamma = 0.4737 (epoch 7)
Epoch 7/50
56/56 - 1s - loss: 0.1818 - auc: 0.6433 - val_loss: 0.1869 - val_auc: 0.6008 - val_auc_custom: 0.5000 - val_f1_custom: 0.0000e+00 - val_recall_custom: 0.0000e+00 - 1s/epoch - 24ms/step
Curriculum: set focal gamma = 0.5526 (epoch 8)
Epoch 8/50
56/56 - 1s - loss: 0.1737 - auc: 0.6386 - val_loss: 0.1780 - val_auc: 0.5982 - val_auc_custom: 0.5000 - val_f1_custom: 0.0000e+00 - val_recall_custom: 0.0000e+00 - 1s/epoch - 24ms/step
Curriculum: set focal gamma = 0.6316 (epoch 9)
Epoch 9/50
56/56 - 1s - loss: 0.1613 - auc: 0.6671 - val_loss: 0.1692 - val_auc: 0.5950 - val_auc_custom: 0.5000 - val_f1_custom: 0.0000e+00 - val_recall_custom: 0.0000e+00 - 1s/epoch - 23ms/step
Curriculum: set focal gamma = 0.7105 (epoch 10)
Epoch 10/50
56/56 - 1s - loss: 0.1537 - auc: 0.6549 - val_loss: 0.1604 - val_auc: 0.6008 - val_auc_custom: 0.5000 - val_f1_custom: 0.0000e+00 - val_recall_custom: 0.0000e+00 - 1s/epoch - 22ms/step
Curriculum: set focal gamma = 0.7895 (epoch 11)
Epoch 11/50
56/56 - 1s - loss: 0.1430 - auc: 0.6752 - val_loss: 0.1510 - val_auc: 0.6077 - val_auc_custom: 0.5000 - val_f1_custom: 0.0000e+00 - val_recall_custom: 0.0000e+00 - 1s/epoch - 25ms/step
Curriculum: set focal gamma = 0.8684 (epoch 12)
Epoch 12/50
56/56 - 1s - loss: 0.1347 - auc: 0.6872 - val_loss: 0.1431 - val_auc: 0.6148 - val_auc_custom: 0.5000 - val_f1_custom: 0.0000e+00 - val_recall_custom: 0.0000e+00 - 1s/epoch - 24ms/step
Curriculum: set focal gamma = 0.9474 (epoch 13)
Epoch 13/50
56/56 - 1s - loss: 0.1266 - auc: 0.6954 - val_loss: 0.1345 - val_auc: 0.6283 - val_auc_custom: 0.5000 - val_f1_custom: 0.0000e+00 - val_recall_custom: 0.0000e+00 - 1s/epoch - 26ms/step
Curriculum: set focal gamma = 1.0263 (epoch 14)
Epoch 14/50
56/56 - 1s - loss: 0.1211 - auc: 0.6852 - val_loss: 0.1271 - val_auc: 0.6328 - val_auc_custom: 0.5000 - val_f1_custom: 0.0000e+00 - val_recall_custom: 0.0000e+00 - 1s/epoch - 26ms/step
Curriculum: set focal gamma = 1.1053 (epoch 15)
Epoch 15/50
56/56 - 1s - loss: 0.1128 - auc: 0.7103 - val_loss: 0.1207 - val_auc: 0.6394 - val_auc_custom: 0.5000 - val_f1_custom: 0.0000e+00 - val_recall_custom: 0.0000e+00 - 1s/epoch - 24ms/step
Curriculum: set focal gamma = 1.1842 (epoch 16)
Epoch 16/50
56/56 - 1s - loss: 0.1053 - auc: 0.7271 - val_loss: 0.1146 - val_auc: 0.6403 - val_auc_custom: 0.5000 - val_f1_custom: 0.0000e+00 - val_recall_custom: 0.0000e+00 - 1s/epoch - 25ms/step
Curriculum: set focal gamma = 1.2632 (epoch 17)
Epoch 17/50
56/56 - 1s - loss: 0.1011 - auc: 0.7141 - val_loss: 0.1080 - val_auc: 0.6477 - val_auc_custom: 0.5000 - val_f1_custom: 0.0000e+00 - val_recall_custom: 0.0000e+00 - 1s/epoch - 25ms/step
Curriculum: set focal gamma = 1.3421 (epoch 18)
Epoch 18/50
56/56 - 2s - loss: 0.0930 - auc: 0.7385 - val_loss: 0.1018 - val_auc: 0.6592 - val_auc_custom: 0.5000 - val_f1_custom: 0.0000e+00 - val_recall_custom: 0.0000e+00 - 2s/epoch - 27ms/step
Curriculum: set focal gamma = 1.4211 (epoch 19)
Epoch 19/50
56/56 - 1s - loss: 0.0879 - auc: 0.7469 - val_loss: 0.0969 - val_auc: 0.6717 - val_auc_custom: 0.5000 - val_f1_custom: 0.0000e+00 - val_recall_custom: 0.0000e+00 - 1s/epoch - 25ms/step
Curriculum: set focal gamma = 1.5000 (epoch 20)
Epoch 20/50
56/56 - -1s - loss: 0.0821 - auc: 0.7590 - val_loss: 0.0949 - val_auc: 0.6741 - val_auc_custom: 0.5000 - val_f1_custom: 0.0000e+00 - val_recall_custom: 0.0000e+00 - -1407717us/epoch - -25138us/step
Curriculum: set focal gamma = 1.5000 (epoch 21)
Epoch 21/50
56/56 - 1s - loss: 0.0804 - auc: 0.7734 - val_loss: 0.0932 - val_auc: 0.6848 - val_auc_custom: 0.5000 - val_f1_custom: 0.0000e+00 - val_recall_custom: 0.0000e+00 - 1s/epoch - 24ms/step
Curriculum: set focal gamma = 1.5000 (epoch 22)
Epoch 22/50
56/56 - 1s - loss: 0.0808 - auc: 0.7617 - val_loss: 0.0924 - val_auc: 0.6906 - val_auc_custom: 0.5000 - val_f1_custom: 0.0000e+00 - val_recall_custom: 0.0000e+00 - 1s/epoch - 24ms/step
Curriculum: set focal gamma = 1.5000 (epoch 23)
Epoch 23/50
56/56 - 1s - loss: 0.0787 - auc: 0.7835 - val_loss: 0.0944 - val_auc: 0.6892 - val_auc_custom: 0.5000 - val_f1_custom: 0.0000e+00 - val_recall_custom: 0.0000e+00 - 1s/epoch - 22ms/step
Curriculum: set focal gamma = 1.5000 (epoch 24)
Epoch 24/50
56/56 - 1s - loss: 0.0788 - auc: 0.7834 - val_loss: 0.0963 - val_auc: 0.6864 - val_auc_custom: 0.5000 - val_f1_custom: 0.0000e+00 - val_recall_custom: 0.0000e+00 - 1s/epoch - 21ms/step
Curriculum: set focal gamma = 1.5000 (epoch 25)
Epoch 25/50
56/56 - 1s - loss: 0.0788 - auc: 0.7815 - val_loss: 0.0928 - val_auc: 0.7130 - val_auc_custom: 0.5000 - val_f1_custom: 0.0000e+00 - val_recall_custom: 0.0000e+00 - 1s/epoch - 24ms/step
Curriculum: set focal gamma = 1.5000 (epoch 26)
Epoch 26/50
56/56 - 1s - loss: 0.0765 - auc: 0.8027 - val_loss: 0.0958 - val_auc: 0.7024 - val_auc_custom: 0.5000 - val_f1_custom: 0.0000e+00 - val_recall_custom: 0.0000e+00 - 1s/epoch - 21ms/step
Curriculum: set focal gamma = 1.5000 (epoch 27)
Epoch 27/50
56/56 - 1s - loss: 0.0755 - auc: 0.8059 - val_loss: 0.0949 - val_auc: 0.6974 - val_auc_custom: 0.5000 - val_f1_custom: 0.0000e+00 - val_recall_custom: 0.0000e+00 - 1s/epoch - 22ms/step
Curriculum: set focal gamma = 1.5000 (epoch 28)
Epoch 28/50
56/56 - 1s - loss: 0.0737 - auc: 0.8177 - val_loss: 0.0955 - val_auc: 0.7044 - val_auc_custom: 0.5000 - val_f1_custom: 0.0000e+00 - val_recall_custom: 0.0000e+00 - 1s/epoch - 21ms/step
Curriculum: set focal gamma = 1.5000 (epoch 29)
Epoch 29/50
56/56 - 1s - loss: 0.0741 - auc: 0.8142 - val_loss: 0.0961 - val_auc: 0.7072 - val_auc_custom: 0.5000 - val_f1_custom: 0.0000e+00 - val_recall_custom: 0.0000e+00 - 1s/epoch - 21ms/step
Curriculum: set focal gamma = 1.5000 (epoch 30)
Epoch 30/50
56/56 - 1s - loss: 0.0720 - auc: 0.8315 - val_loss: 0.0974 - val_auc: 0.7018 - val_auc_custom: 0.5000 - val_f1_custom: 0.0000e+00 - val_recall_custom: 0.0000e+00 - 1s/epoch - 21ms/step
Curriculum: set focal gamma = 1.5000 (epoch 31)
Epoch 31/50
56/56 - 1s - loss: 0.0707 - auc: 0.8372 - val_loss: 0.0987 - val_auc: 0.7020 - val_auc_custom: 0.5000 - val_f1_custom: 0.0000e+00 - val_recall_custom: 0.0000e+00 - 1s/epoch - 22ms/step
Curriculum: set focal gamma = 1.5000 (epoch 32)
Epoch 32/50
56/56 - 1s - loss: 0.0719 - auc: 0.8266 - val_loss: 0.0974 - val_auc: 0.7109 - val_auc_custom: 0.5000 - val_f1_custom: 0.0000e+00 - val_recall_custom: 0.0000e+00 - 1s/epoch - 23ms/step
Curriculum: set focal gamma = 1.5000 (epoch 33)
Epoch 33/50
56/56 - 1s - loss: 0.0704 - auc: 0.8353 - val_loss: 0.1019 - val_auc: 0.6981 - val_auc_custom: 0.5000 - val_f1_custom: 0.0000e+00 - val_recall_custom: 0.0000e+00 - 1s/epoch - 23ms/step
Curriculum: set focal gamma = 1.5000 (epoch 34)
Epoch 34/50
56/56 - 1s - loss: 0.0653 - auc: 0.8660 - val_loss: 0.0969 - val_auc: 0.7269 - val_auc_custom: 0.5000 - val_f1_custom: 0.0000e+00 - val_recall_custom: 0.0000e+00 - 1s/epoch - 23ms/step
Curriculum: set focal gamma = 1.5000 (epoch 35)
Epoch 35/50
56/56 - 1s - loss: 0.0671 - auc: 0.8580 - val_loss: 0.1022 - val_auc: 0.7142 - val_auc_custom: 0.5000 - val_f1_custom: 0.0000e+00 - val_recall_custom: 0.0000e+00 - 1s/epoch - 23ms/step
Curriculum: set focal gamma = 1.5000 (epoch 36)
Epoch 36/50
56/56 - 1s - loss: 0.0645 - auc: 0.8680 - val_loss: 0.1022 - val_auc: 0.7169 - val_auc_custom: 0.5000 - val_f1_custom: 0.0000e+00 - val_recall_custom: 0.0000e+00 - 1s/epoch - 24ms/step
Curriculum: set focal gamma = 1.5000 (epoch 37)
Epoch 37/50
56/56 - 1s - loss: 0.0660 - auc: 0.8582 - val_loss: 0.1067 - val_auc: 0.7072 - val_auc_custom: 0.5000 - val_f1_custom: 0.0000e+00 - val_recall_custom: 0.0000e+00 - 1s/epoch - 22ms/step
Curriculum: set focal gamma = 1.5000 (epoch 38)
Epoch 38/50
56/56 - 1s - loss: 0.0696 - auc: 0.8468 - val_loss: 0.1049 - val_auc: 0.6898 - val_auc_custom: 0.5000 - val_f1_custom: 0.0000e+00 - val_recall_custom: 0.0000e+00 - 1s/epoch - 23ms/step
Curriculum: set focal gamma = 1.5000 (epoch 39)
Epoch 39/50
56/56 - 1s - loss: 0.0640 - auc: 0.8705 - val_loss: 0.1084 - val_auc: 0.6945 - val_auc_custom: 0.5000 - val_f1_custom: 0.0000e+00 - val_recall_custom: 0.0000e+00 - 1s/epoch - 22ms/step
Curriculum: set focal gamma = 1.5000 (epoch 40)
Epoch 40/50
56/56 - 1s - loss: 0.0609 - auc: 0.8843 - val_loss: 0.1027 - val_auc: 0.7148 - val_auc_custom: 0.5000 - val_f1_custom: 0.0000e+00 - val_recall_custom: 0.0000e+00 - 1s/epoch - 22ms/step
Curriculum: set focal gamma = 1.5000 (epoch 41)
Epoch 41/50
56/56 - 1s - loss: 0.0608 - auc: 0.8863 - val_loss: 0.1095 - val_auc: 0.7006 - val_auc_custom: 0.5000 - val_f1_custom: 0.0000e+00 - val_recall_custom: 0.0000e+00 - 1s/epoch - 22ms/step
Curriculum: set focal gamma = 1.5000 (epoch 42)
Epoch 42/50
56/56 - 1s - loss: 0.0588 - auc: 0.8930 - val_loss: 0.1120 - val_auc: 0.7121 - val_auc_custom: 0.5000 - val_f1_custom: 0.0000e+00 - val_recall_custom: 0.0000e+00 - 1s/epoch - 23ms/step
Curriculum: set focal gamma = 1.5000 (epoch 43)
Epoch 43/50
56/56 - 1s - loss: 0.0603 - auc: 0.8837 - val_loss: 0.1121 - val_auc: 0.7103 - val_auc_custom: 0.5000 - val_f1_custom: 0.0000e+00 - val_recall_custom: 0.0000e+00 - 1s/epoch - 21ms/step
Curriculum: set focal gamma = 1.5000 (epoch 44)
Epoch 44/50
56/56 - 1s - loss: 0.0620 - auc: 0.8844 - val_loss: 0.1176 - val_auc: 0.7016 - val_auc_custom: 0.5000 - val_f1_custom: 0.0000e+00 - val_recall_custom: 0.0000e+00 - 1s/epoch - 22ms/step
Mask config -> mode=soft, threshold=0.85, window_gate=0.65
Done. Results saved to /home/user/projects/train/model/long_window/CNN_BiLSTM/result_mask_sweep/run_04/01
