2025-09-22 02:38:19.435251: I tensorflow/core/util/port.cc:110] oneDNN custom operations are on. You may see slightly different numerical results due to floating-point round-off errors from different computation orders. To turn them off, set the environment variable `TF_ENABLE_ONEDNN_OPTS=0`.
2025-09-22 02:38:19.465649: I tensorflow/core/platform/cpu_feature_guard.cc:182] This TensorFlow binary is optimized to use available CPU instructions in performance-critical operations.
To enable the following instructions: AVX2 AVX_VNNI FMA, in other operations, rebuild TensorFlow with the appropriate compiler flags.
2025-09-22 02:38:19.882934: W tensorflow/compiler/tf2tensorrt/utils/py_utils.cc:38] TF-TRT Warning: Could not find TensorRT
2025-09-22 02:38:20.309689: I tensorflow/compiler/xla/stream_executor/cuda/cuda_gpu_executor.cc:981] could not open file to read NUMA node: /sys/bus/pci/devices/0000:01:00.0/numa_node
Your kernel may have been built without NUMA support.
2025-09-22 02:38:20.336851: I tensorflow/compiler/xla/stream_executor/cuda/cuda_gpu_executor.cc:981] could not open file to read NUMA node: /sys/bus/pci/devices/0000:01:00.0/numa_node
Your kernel may have been built without NUMA support.
2025-09-22 02:38:20.336943: I tensorflow/compiler/xla/stream_executor/cuda/cuda_gpu_executor.cc:981] could not open file to read NUMA node: /sys/bus/pci/devices/0000:01:00.0/numa_node
Your kernel may have been built without NUMA support.
2025-09-22 02:38:20.338697: I tensorflow/compiler/xla/stream_executor/cuda/cuda_gpu_executor.cc:981] could not open file to read NUMA node: /sys/bus/pci/devices/0000:01:00.0/numa_node
Your kernel may have been built without NUMA support.
2025-09-22 02:38:20.338771: I tensorflow/compiler/xla/stream_executor/cuda/cuda_gpu_executor.cc:981] could not open file to read NUMA node: /sys/bus/pci/devices/0000:01:00.0/numa_node
Your kernel may have been built without NUMA support.
2025-09-22 02:38:20.338791: I tensorflow/compiler/xla/stream_executor/cuda/cuda_gpu_executor.cc:981] could not open file to read NUMA node: /sys/bus/pci/devices/0000:01:00.0/numa_node
Your kernel may have been built without NUMA support.
2025-09-22 02:38:20.443675: I tensorflow/compiler/xla/stream_executor/cuda/cuda_gpu_executor.cc:981] could not open file to read NUMA node: /sys/bus/pci/devices/0000:01:00.0/numa_node
Your kernel may have been built without NUMA support.
2025-09-22 02:38:20.443792: I tensorflow/compiler/xla/stream_executor/cuda/cuda_gpu_executor.cc:981] could not open file to read NUMA node: /sys/bus/pci/devices/0000:01:00.0/numa_node
Your kernel may have been built without NUMA support.
2025-09-22 02:38:20.443812: I tensorflow/core/common_runtime/gpu/gpu_device.cc:1726] Could not identify NUMA node of platform GPU id 0, defaulting to 0.  Your kernel may not have been built with NUMA support.
2025-09-22 02:38:20.443846: I tensorflow/compiler/xla/stream_executor/cuda/cuda_gpu_executor.cc:981] could not open file to read NUMA node: /sys/bus/pci/devices/0000:01:00.0/numa_node
Your kernel may have been built without NUMA support.
2025-09-22 02:38:20.443868: I tensorflow/core/common_runtime/gpu/gpu_device.cc:1639] Created device /job:localhost/replica:0/task:0/device:GPU:0 with 9517 MB memory:  -> device: 0, name: NVIDIA GeForce RTX 4070 SUPER, pci bus id: 0000:01:00.0, compute capability: 8.9
[feature_check] OK: train/test feature_list identical (n=36)
GPU detected: 1 physical, 1 logical -> ['/device:GPU:0']
Config: batch=16, accumulate_steps=8 -> effective_batch=128
Loaded (for internal train/val)  (1276, 36, 75) (1276,)
Loaded EXTERNAL TEST: (354, 36, 75) from /home/user/projects/train/test_data/slipce/windows_npz.npz
[mask] windows_npz.npz using occlusion_flag ch=7
[mask] windows_npz.npz using occlusion_flag ch=7
Model: "cnn_bilstm_attn_masked"
__________________________________________________________________________________________________
 Layer (type)                Output Shape                 Param #   Connected to                  
==================================================================================================
 input (InputLayer)          [(None, 36, 75)]             0         []                            
                                                                                                  
 permute_time_features (Per  (None, 75, 36)               0         ['input[0][0]']               
 mute)                                                                                            
                                                                                                  
 conv0 (Conv1D)              (None, 75, 64)               6976      ['permute_time_features[0][0]'
                                                                    ]                             
                                                                                                  
 bn0 (BatchNormalization)    (None, 75, 64)               256       ['conv0[0][0]']               
                                                                                                  
 act0 (Activation)           (None, 75, 64)               0         ['bn0[0][0]']                 
                                                                                                  
 conv_dropout0 (Dropout)     (None, 75, 64)               0         ['act0[0][0]']                
                                                                                                  
 conv1 (Conv1D)              (None, 75, 64)               20544     ['conv_dropout0[0][0]']       
                                                                                                  
 bn1 (BatchNormalization)    (None, 75, 64)               256       ['conv1[0][0]']               
                                                                                                  
 act1 (Activation)           (None, 75, 64)               0         ['bn1[0][0]']                 
                                                                                                  
 conv_dropout1 (Dropout)     (None, 75, 64)               0         ['act1[0][0]']                
                                                                                                  
 conv2 (Conv1D)              (None, 75, 64)               12352     ['conv_dropout1[0][0]']       
                                                                                                  
 bn2 (BatchNormalization)    (None, 75, 64)               256       ['conv2[0][0]']               
                                                                                                  
 act2 (Activation)           (None, 75, 64)               0         ['bn2[0][0]']                 
                                                                                                  
 conv_dropout2 (Dropout)     (None, 75, 64)               0         ['act2[0][0]']                
                                                                                                  
 bilstm (Bidirectional)      (None, 75, 128)              66048     ['conv_dropout2[0][0]']       
                                                                                                  
 mlp_attn_u (Dense)          (None, 75, 32)               4128      ['bilstm[0][0]']              
                                                                                                  
 mlp_attn_score (Dense)      (None, 75, 1)                33        ['mlp_attn_u[0][0]']          
                                                                                                  
 mlp_attn_squeeze (Lambda)   (None, 75)                   0         ['mlp_attn_score[0][0]']      
                                                                                                  
 attn_mask (InputLayer)      [(None, 75)]                 0         []                            
                                                                                                  
 mlp_attn_apply_mask (Lambd  (None, 75)                   0         ['mlp_attn_squeeze[0][0]',    
 a)                                                                  'attn_mask[0][0]']           
                                                                                                  
 mlp_attn_softmax (Lambda)   (None, 75)                   0         ['mlp_attn_apply_mask[0][0]'] 
                                                                                                  
 mlp_attn_expand (Lambda)    (None, 75, 1)                0         ['mlp_attn_softmax[0][0]']    
                                                                                                  
 mlp_attn_weighted (Lambda)  (None, 128)                  0         ['bilstm[0][0]',              
                                                                     'mlp_attn_expand[0][0]']     
                                                                                                  
 fc1 (Dense)                 (None, 64)                   8256      ['mlp_attn_weighted[0][0]']   
                                                                                                  
 fc_dropout (Dropout)        (None, 64)                   0         ['fc1[0][0]']                 
                                                                                                  
 out (Dense)                 (None, 1)                    65        ['fc_dropout[0][0]']          
                                                                                                  
==================================================================================================
Total params: 119171 (465.51 KB)
Trainable params: 118786 (464.01 KB)
Non-trainable params: 385 (1.50 KB)
__________________________________________________________________________________________________
None
Writing results to result_multi_seed_composite_center/seed10/01
Curriculum: set focal gamma = 0.0000 (epoch 1)
Epoch 1/70
2025-09-22 02:38:25.397027: I tensorflow/compiler/xla/stream_executor/cuda/cuda_dnn.cc:432] Loaded cuDNN version 8600
2025-09-22 02:38:25.489270: I tensorflow/tsl/platform/default/subprocess.cc:304] Start cannot spawn child process: No such file or directory
2025-09-22 02:38:25.638347: I tensorflow/compiler/xla/stream_executor/cuda/cuda_blas.cc:606] TensorFloat-32 will be used for the matrix multiplication. This will only be logged once.
2025-09-22 02:38:25.968535: I tensorflow/compiler/xla/service/service.cc:168] XLA service 0x7a25a400a020 initialized for platform CUDA (this does not guarantee that XLA will be used). Devices:
2025-09-22 02:38:25.968583: I tensorflow/compiler/xla/service/service.cc:176]   StreamExecutor device (0): NVIDIA GeForce RTX 4070 SUPER, Compute Capability 8.9
2025-09-22 02:38:25.971496: I tensorflow/compiler/mlir/tensorflow/utils/dump_mlir_util.cc:255] disabling MLIR crash reproducer, set env var `MLIR_CRASH_REPRODUCER_DIRECTORY` to enable.
2025-09-22 02:38:26.024280: I tensorflow/tsl/platform/default/subprocess.cc:304] Start cannot spawn child process: No such file or directory
2025-09-22 02:38:26.060136: I ./tensorflow/compiler/jit/device_compiler.h:186] Compiled cluster using XLA!  This line is logged at most once for the lifetime of the process.
WARNING:tensorflow:Can save best model only with val_composite available, skipping.
WARNING:tensorflow:Early stopping conditioned on metric `val_composite` which is not available. Available metrics are: loss,auc,val_loss,val_auc
56/56 - 7s - loss: 0.3227 - auc: 0.5158 - val_loss: 0.3317 - val_auc: 0.6154 - val_auc_custom: 0.6099 - val_f1_custom: 0.0000e+00 - val_recall_custom: 0.0000e+00 - val_composite: 0.1220 - val_precision_aware: 0.1220 - 7s/epoch - 121ms/step
Curriculum: set focal gamma = 0.0526 (epoch 2)
Epoch 2/70
WARNING:tensorflow:Can save best model only with val_composite available, skipping.
WARNING:tensorflow:Early stopping conditioned on metric `val_composite` which is not available. Available metrics are: loss,auc,val_loss,val_auc
56/56 - 1s - loss: 0.2926 - auc: 0.5717 - val_loss: 0.3054 - val_auc: 0.6530 - val_auc_custom: 0.6522 - val_f1_custom: 0.0000e+00 - val_recall_custom: 0.0000e+00 - val_composite: 0.1304 - val_precision_aware: 0.1304 - 1s/epoch - 19ms/step
Curriculum: set focal gamma = 0.1053 (epoch 3)
Epoch 3/70
WARNING:tensorflow:Can save best model only with val_composite available, skipping.
WARNING:tensorflow:Early stopping conditioned on metric `val_composite` which is not available. Available metrics are: loss,auc,val_loss,val_auc
56/56 - 1s - loss: 0.2759 - auc: 0.6394 - val_loss: 0.2882 - val_auc: 0.6592 - val_auc_custom: 0.6577 - val_f1_custom: 0.1034 - val_recall_custom: 0.0556 - val_composite: 0.1903 - val_precision_aware: 0.5376 - 1s/epoch - 19ms/step
Curriculum: set focal gamma = 0.1579 (epoch 4)
Epoch 4/70
WARNING:tensorflow:Can save best model only with val_composite available, skipping.
WARNING:tensorflow:Early stopping conditioned on metric `val_composite` which is not available. Available metrics are: loss,auc,val_loss,val_auc
56/56 - 1s - loss: 0.2650 - auc: 0.6269 - val_loss: 0.2755 - val_auc: 0.6587 - val_auc_custom: 0.6597 - val_f1_custom: 0.2985 - val_recall_custom: 0.1852 - val_composite: 0.3141 - val_precision_aware: 0.6061 - 1s/epoch - 20ms/step
Curriculum: set focal gamma = 0.2105 (epoch 5)
Epoch 5/70
WARNING:tensorflow:Can save best model only with val_composite available, skipping.
WARNING:tensorflow:Early stopping conditioned on metric `val_composite` which is not available. Available metrics are: loss,auc,val_loss,val_auc
56/56 - 1s - loss: 0.2530 - auc: 0.6458 - val_loss: 0.2642 - val_auc: 0.6654 - val_auc_custom: 0.6649 - val_f1_custom: 0.3333 - val_recall_custom: 0.2222 - val_composite: 0.3441 - val_precision_aware: 0.5663 - 1s/epoch - 20ms/step
Curriculum: set focal gamma = 0.2632 (epoch 6)
Epoch 6/70
WARNING:tensorflow:Can save best model only with val_composite available, skipping.
WARNING:tensorflow:Early stopping conditioned on metric `val_composite` which is not available. Available metrics are: loss,auc,val_loss,val_auc
56/56 - 1s - loss: 0.2419 - auc: 0.6575 - val_loss: 0.2524 - val_auc: 0.6717 - val_auc_custom: 0.6704 - val_f1_custom: 0.3380 - val_recall_custom: 0.2222 - val_composite: 0.3466 - val_precision_aware: 0.5884 - 1s/epoch - 20ms/step
Curriculum: set focal gamma = 0.3158 (epoch 7)
Epoch 7/70
WARNING:tensorflow:Can save best model only with val_composite available, skipping.
WARNING:tensorflow:Early stopping conditioned on metric `val_composite` which is not available. Available metrics are: loss,auc,val_loss,val_auc
56/56 - 1s - loss: 0.2323 - auc: 0.6531 - val_loss: 0.2418 - val_auc: 0.6798 - val_auc_custom: 0.6804 - val_f1_custom: 0.3380 - val_recall_custom: 0.2222 - val_composite: 0.3486 - val_precision_aware: 0.5904 - 1s/epoch - 20ms/step
Curriculum: set focal gamma = 0.3684 (epoch 8)
Epoch 8/70
WARNING:tensorflow:Can save best model only with val_composite available, skipping.
WARNING:tensorflow:Early stopping conditioned on metric `val_composite` which is not available. Available metrics are: loss,auc,val_loss,val_auc
56/56 - 1s - loss: 0.2257 - auc: 0.6541 - val_loss: 0.2319 - val_auc: 0.6818 - val_auc_custom: 0.6814 - val_f1_custom: 0.3784 - val_recall_custom: 0.2593 - val_composite: 0.3794 - val_precision_aware: 0.5998 - 1s/epoch - 20ms/step
Curriculum: set focal gamma = 0.4211 (epoch 9)
Epoch 9/70
WARNING:tensorflow:Can save best model only with val_composite available, skipping.
WARNING:tensorflow:Early stopping conditioned on metric `val_composite` which is not available. Available metrics are: loss,auc,val_loss,val_auc
56/56 - 1s - loss: 0.2163 - auc: 0.6557 - val_loss: 0.2224 - val_auc: 0.6878 - val_auc_custom: 0.6862 - val_f1_custom: 0.3784 - val_recall_custom: 0.2593 - val_composite: 0.3804 - val_precision_aware: 0.6008 - 1s/epoch - 20ms/step
Curriculum: set focal gamma = 0.4737 (epoch 10)
Epoch 10/70
WARNING:tensorflow:Can save best model only with val_composite available, skipping.
WARNING:tensorflow:Early stopping conditioned on metric `val_composite` which is not available. Available metrics are: loss,auc,val_loss,val_auc
56/56 - 1s - loss: 0.2060 - auc: 0.6722 - val_loss: 0.2136 - val_auc: 0.6933 - val_auc_custom: 0.6927 - val_f1_custom: 0.3836 - val_recall_custom: 0.2593 - val_composite: 0.3832 - val_precision_aware: 0.6220 - 1s/epoch - 20ms/step
Curriculum: set focal gamma = 0.5263 (epoch 11)
Epoch 11/70
WARNING:tensorflow:Can save best model only with val_composite available, skipping.
WARNING:tensorflow:Early stopping conditioned on metric `val_composite` which is not available. Available metrics are: loss,auc,val_loss,val_auc
56/56 - 1s - loss: 0.1975 - auc: 0.6743 - val_loss: 0.2047 - val_auc: 0.7063 - val_auc_custom: 0.7070 - val_f1_custom: 0.3836 - val_recall_custom: 0.2593 - val_composite: 0.3861 - val_precision_aware: 0.6249 - 1s/epoch - 20ms/step
Curriculum: set focal gamma = 0.5789 (epoch 12)
Epoch 12/70
WARNING:tensorflow:Can save best model only with val_composite available, skipping.
WARNING:tensorflow:Early stopping conditioned on metric `val_composite` which is not available. Available metrics are: loss,auc,val_loss,val_auc
56/56 - 1s - loss: 0.1876 - auc: 0.6929 - val_loss: 0.1957 - val_auc: 0.7135 - val_auc_custom: 0.7152 - val_f1_custom: 0.3836 - val_recall_custom: 0.2593 - val_composite: 0.3877 - val_precision_aware: 0.6265 - 1s/epoch - 21ms/step
Curriculum: set focal gamma = 0.6316 (epoch 13)
Epoch 13/70
WARNING:tensorflow:Can save best model only with val_composite available, skipping.
WARNING:tensorflow:Early stopping conditioned on metric `val_composite` which is not available. Available metrics are: loss,auc,val_loss,val_auc
56/56 - 1s - loss: 0.1794 - auc: 0.7060 - val_loss: 0.1872 - val_auc: 0.7201 - val_auc_custom: 0.7197 - val_f1_custom: 0.3889 - val_recall_custom: 0.2593 - val_composite: 0.3902 - val_precision_aware: 0.6495 - 1s/epoch - 22ms/step
Curriculum: set focal gamma = 0.6842 (epoch 14)
Epoch 14/70
WARNING:tensorflow:Can save best model only with val_composite available, skipping.
WARNING:tensorflow:Early stopping conditioned on metric `val_composite` which is not available. Available metrics are: loss,auc,val_loss,val_auc
56/56 - 1s - loss: 0.1711 - auc: 0.7143 - val_loss: 0.1796 - val_auc: 0.7260 - val_auc_custom: 0.7250 - val_f1_custom: 0.3714 - val_recall_custom: 0.2407 - val_composite: 0.3768 - val_precision_aware: 0.6627 - 1s/epoch - 21ms/step
Curriculum: set focal gamma = 0.7368 (epoch 15)
Epoch 15/70
WARNING:tensorflow:Can save best model only with val_composite available, skipping.
WARNING:tensorflow:Early stopping conditioned on metric `val_composite` which is not available. Available metrics are: loss,auc,val_loss,val_auc
56/56 - 1s - loss: 0.1639 - auc: 0.7273 - val_loss: 0.1717 - val_auc: 0.7459 - val_auc_custom: 0.7455 - val_f1_custom: 0.4384 - val_recall_custom: 0.2963 - val_composite: 0.4288 - val_precision_aware: 0.7017 - 1s/epoch - 21ms/step
Curriculum: set focal gamma = 0.7895 (epoch 16)
Epoch 16/70
WARNING:tensorflow:Can save best model only with val_composite available, skipping.
WARNING:tensorflow:Early stopping conditioned on metric `val_composite` which is not available. Available metrics are: loss,auc,val_loss,val_auc
56/56 - 1s - loss: 0.1549 - auc: 0.7507 - val_loss: 0.1638 - val_auc: 0.7594 - val_auc_custom: 0.7598 - val_f1_custom: 0.4324 - val_recall_custom: 0.2963 - val_composite: 0.4298 - val_precision_aware: 0.6817 - 1s/epoch - 21ms/step
Curriculum: set focal gamma = 0.8421 (epoch 17)
Epoch 17/70
WARNING:tensorflow:Can save best model only with val_composite available, skipping.
WARNING:tensorflow:Early stopping conditioned on metric `val_composite` which is not available. Available metrics are: loss,auc,val_loss,val_auc
56/56 - 1s - loss: 0.1492 - auc: 0.7349 - val_loss: 0.1569 - val_auc: 0.7734 - val_auc_custom: 0.7750 - val_f1_custom: 0.4225 - val_recall_custom: 0.2778 - val_composite: 0.4207 - val_precision_aware: 0.7229 - 1s/epoch - 22ms/step
Curriculum: set focal gamma = 0.8947 (epoch 18)
Epoch 18/70
WARNING:tensorflow:Can save best model only with val_composite available, skipping.
WARNING:tensorflow:Early stopping conditioned on metric `val_composite` which is not available. Available metrics are: loss,auc,val_loss,val_auc
56/56 - 1s - loss: 0.1424 - auc: 0.7485 - val_loss: 0.1501 - val_auc: 0.7762 - val_auc_custom: 0.7765 - val_f1_custom: 0.4533 - val_recall_custom: 0.3148 - val_composite: 0.4487 - val_precision_aware: 0.6961 - 1s/epoch - 22ms/step
Curriculum: set focal gamma = 0.9474 (epoch 19)
Epoch 19/70
WARNING:tensorflow:Can save best model only with val_composite available, skipping.
WARNING:tensorflow:Early stopping conditioned on metric `val_composite` which is not available. Available metrics are: loss,auc,val_loss,val_auc
56/56 - 1s - loss: 0.1343 - auc: 0.7746 - val_loss: 0.1415 - val_auc: 0.7884 - val_auc_custom: 0.7865 - val_f1_custom: 0.5366 - val_recall_custom: 0.4074 - val_composite: 0.5220 - val_precision_aware: 0.7111 - 1s/epoch - 21ms/step
Curriculum: set focal gamma = 1.0000 (epoch 20)
Epoch 20/70
WARNING:tensorflow:Can save best model only with val_composite available, skipping.
WARNING:tensorflow:Early stopping conditioned on metric `val_composite` which is not available. Available metrics are: loss,auc,val_loss,val_auc
56/56 - 1s - loss: 0.1273 - auc: 0.7806 - val_loss: 0.1375 - val_auc: 0.7795 - val_auc_custom: 0.7798 - val_f1_custom: 0.6047 - val_recall_custom: 0.4815 - val_composite: 0.5781 - val_precision_aware: 0.7436 - 1s/epoch - 19ms/step
Curriculum: set focal gamma = 1.0000 (epoch 21)
Epoch 21/70
WARNING:tensorflow:Can save best model only with val_composite available, skipping.
WARNING:tensorflow:Early stopping conditioned on metric `val_composite` which is not available. Available metrics are: loss,auc,val_loss,val_auc
56/56 - 1s - loss: 0.1244 - auc: 0.7916 - val_loss: 0.1358 - val_auc: 0.7789 - val_auc_custom: 0.7790 - val_f1_custom: 0.6067 - val_recall_custom: 0.5000 - val_composite: 0.5878 - val_precision_aware: 0.7235 - 1s/epoch - 20ms/step
Curriculum: set focal gamma = 1.0000 (epoch 22)
Epoch 22/70
WARNING:tensorflow:Can save best model only with val_composite available, skipping.
WARNING:tensorflow:Early stopping conditioned on metric `val_composite` which is not available. Available metrics are: loss,auc,val_loss,val_auc
56/56 - 1s - loss: 0.1230 - auc: 0.7964 - val_loss: 0.1376 - val_auc: 0.7804 - val_auc_custom: 0.7805 - val_f1_custom: 0.5610 - val_recall_custom: 0.4259 - val_composite: 0.5374 - val_precision_aware: 0.7351 - 1s/epoch - 20ms/step
Curriculum: set focal gamma = 1.0000 (epoch 23)
Epoch 23/70
WARNING:tensorflow:Can save best model only with val_composite available, skipping.
WARNING:tensorflow:Early stopping conditioned on metric `val_composite` which is not available. Available metrics are: loss,auc,val_loss,val_auc
56/56 - 1s - loss: 0.1226 - auc: 0.8014 - val_loss: 0.1360 - val_auc: 0.7914 - val_auc_custom: 0.7905 - val_f1_custom: 0.6526 - val_recall_custom: 0.5741 - val_composite: 0.6409 - val_precision_aware: 0.7319 - 1s/epoch - 20ms/step
Curriculum: set focal gamma = 1.0000 (epoch 24)
Epoch 24/70
WARNING:tensorflow:Can save best model only with val_composite available, skipping.
WARNING:tensorflow:Early stopping conditioned on metric `val_composite` which is not available. Available metrics are: loss,auc,val_loss,val_auc
56/56 - 1s - loss: 0.1203 - auc: 0.8124 - val_loss: 0.1342 - val_auc: 0.7969 - val_auc_custom: 0.7978 - val_f1_custom: 0.6596 - val_recall_custom: 0.5741 - val_composite: 0.6445 - val_precision_aware: 0.7449 - 1s/epoch - 21ms/step
Curriculum: set focal gamma = 1.0000 (epoch 25)
Epoch 25/70
WARNING:tensorflow:Can save best model only with val_composite available, skipping.
WARNING:tensorflow:Early stopping conditioned on metric `val_composite` which is not available. Available metrics are: loss,auc,val_loss,val_auc
56/56 - 1s - loss: 0.1183 - auc: 0.8206 - val_loss: 0.1356 - val_auc: 0.7963 - val_auc_custom: 0.7975 - val_f1_custom: 0.7059 - val_recall_custom: 0.6667 - val_composite: 0.7046 - val_precision_aware: 0.7463 - 1s/epoch - 20ms/step
Curriculum: set focal gamma = 1.0000 (epoch 26)
Epoch 26/70
WARNING:tensorflow:Can save best model only with val_composite available, skipping.
WARNING:tensorflow:Early stopping conditioned on metric `val_composite` which is not available. Available metrics are: loss,auc,val_loss,val_auc
56/56 - 1s - loss: 0.1202 - auc: 0.8133 - val_loss: 0.1372 - val_auc: 0.7760 - val_auc_custom: 0.7760 - val_f1_custom: 0.6279 - val_recall_custom: 0.5000 - val_composite: 0.5936 - val_precision_aware: 0.7655 - 1s/epoch - 21ms/step
Curriculum: set focal gamma = 1.0000 (epoch 27)
Epoch 27/70
WARNING:tensorflow:Can save best model only with val_composite available, skipping.
WARNING:tensorflow:Early stopping conditioned on metric `val_composite` which is not available. Available metrics are: loss,auc,val_loss,val_auc
56/56 - 1s - loss: 0.1147 - auc: 0.8319 - val_loss: 0.1357 - val_auc: 0.7940 - val_auc_custom: 0.7953 - val_f1_custom: 0.7200 - val_recall_custom: 0.6667 - val_composite: 0.7084 - val_precision_aware: 0.7664 - 1s/epoch - 20ms/step
Curriculum: set focal gamma = 1.0000 (epoch 28)
Epoch 28/70
WARNING:tensorflow:Can save best model only with val_composite available, skipping.
WARNING:tensorflow:Early stopping conditioned on metric `val_composite` which is not available. Available metrics are: loss,auc,val_loss,val_auc
56/56 - 1s - loss: 0.1110 - auc: 0.8440 - val_loss: 0.1411 - val_auc: 0.7705 - val_auc_custom: 0.7695 - val_f1_custom: 0.7200 - val_recall_custom: 0.6667 - val_composite: 0.7032 - val_precision_aware: 0.7612 - 1s/epoch - 20ms/step
Curriculum: set focal gamma = 1.0000 (epoch 29)
Epoch 29/70
WARNING:tensorflow:Can save best model only with val_composite available, skipping.
WARNING:tensorflow:Early stopping conditioned on metric `val_composite` which is not available. Available metrics are: loss,auc,val_loss,val_auc
56/56 - 1s - loss: 0.1114 - auc: 0.8428 - val_loss: 0.1387 - val_auc: 0.7834 - val_auc_custom: 0.7838 - val_f1_custom: 0.6800 - val_recall_custom: 0.6296 - val_composite: 0.6756 - val_precision_aware: 0.7303 - 1s/epoch - 22ms/step
Curriculum: set focal gamma = 1.0000 (epoch 30)
Epoch 30/70
WARNING:tensorflow:Can save best model only with val_composite available, skipping.
WARNING:tensorflow:Early stopping conditioned on metric `val_composite` which is not available. Available metrics are: loss,auc,val_loss,val_auc
56/56 - 1s - loss: 0.1094 - auc: 0.8507 - val_loss: 0.1439 - val_auc: 0.7703 - val_auc_custom: 0.7693 - val_f1_custom: 0.6990 - val_recall_custom: 0.6667 - val_composite: 0.6969 - val_precision_aware: 0.7309 - 1s/epoch - 20ms/step
Curriculum: set focal gamma = 1.0000 (epoch 31)
Epoch 31/70
WARNING:tensorflow:Can save best model only with val_composite available, skipping.
WARNING:tensorflow:Early stopping conditioned on metric `val_composite` which is not available. Available metrics are: loss,auc,val_loss,val_auc
56/56 - 1s - loss: 0.1088 - auc: 0.8525 - val_loss: 0.1504 - val_auc: 0.7560 - val_auc_custom: 0.7558 - val_f1_custom: 0.6355 - val_recall_custom: 0.6296 - val_composite: 0.6566 - val_precision_aware: 0.6626 - 1s/epoch - 20ms/step
Curriculum: set focal gamma = 1.0000 (epoch 32)
Epoch 32/70
WARNING:tensorflow:Can save best model only with val_composite available, skipping.
WARNING:tensorflow:Early stopping conditioned on metric `val_composite` which is not available. Available metrics are: loss,auc,val_loss,val_auc
56/56 - 1s - loss: 0.1105 - auc: 0.8466 - val_loss: 0.1399 - val_auc: 0.7769 - val_auc_custom: 0.7768 - val_f1_custom: 0.6136 - val_recall_custom: 0.5000 - val_composite: 0.5894 - val_precision_aware: 0.7365 - 1s/epoch - 21ms/step
Curriculum: set focal gamma = 1.0000 (epoch 33)
Epoch 33/70
WARNING:tensorflow:Can save best model only with val_composite available, skipping.
WARNING:tensorflow:Early stopping conditioned on metric `val_composite` which is not available. Available metrics are: loss,auc,val_loss,val_auc
56/56 - 1s - loss: 0.1057 - auc: 0.8603 - val_loss: 0.1393 - val_auc: 0.7663 - val_auc_custom: 0.7658 - val_f1_custom: 0.6735 - val_recall_custom: 0.6111 - val_composite: 0.6607 - val_precision_aware: 0.7302 - 1s/epoch - 20ms/step
Curriculum: set focal gamma = 1.0000 (epoch 34)
Epoch 34/70
WARNING:tensorflow:Can save best model only with val_composite available, skipping.
WARNING:tensorflow:Early stopping conditioned on metric `val_composite` which is not available. Available metrics are: loss,auc,val_loss,val_auc
56/56 - 1s - loss: 0.1033 - auc: 0.8689 - val_loss: 0.1422 - val_auc: 0.7611 - val_auc_custom: 0.7610 - val_f1_custom: 0.6600 - val_recall_custom: 0.6111 - val_composite: 0.6558 - val_precision_aware: 0.7089 - 1s/epoch - 20ms/step
Curriculum: set focal gamma = 1.0000 (epoch 35)
Epoch 35/70
WARNING:tensorflow:Can save best model only with val_composite available, skipping.
WARNING:tensorflow:Early stopping conditioned on metric `val_composite` which is not available. Available metrics are: loss,auc,val_loss,val_auc
56/56 - 1s - loss: 0.1006 - auc: 0.8768 - val_loss: 0.1366 - val_auc: 0.7877 - val_auc_custom: 0.7883 - val_f1_custom: 0.6869 - val_recall_custom: 0.6296 - val_composite: 0.6785 - val_precision_aware: 0.7415 - 1s/epoch - 21ms/step
Curriculum: set focal gamma = 1.0000 (epoch 36)
Epoch 36/70
WARNING:tensorflow:Can save best model only with val_composite available, skipping.
WARNING:tensorflow:Early stopping conditioned on metric `val_composite` which is not available. Available metrics are: loss,auc,val_loss,val_auc
56/56 - 1s - loss: 0.1027 - auc: 0.8702 - val_loss: 0.1405 - val_auc: 0.7713 - val_auc_custom: 0.7710 - val_f1_custom: 0.6000 - val_recall_custom: 0.5000 - val_composite: 0.5842 - val_precision_aware: 0.7092 - 1s/epoch - 21ms/step
Curriculum: set focal gamma = 1.0000 (epoch 37)
Epoch 37/70
WARNING:tensorflow:Can save best model only with val_composite available, skipping.
WARNING:tensorflow:Early stopping conditioned on metric `val_composite` which is not available. Available metrics are: loss,auc,val_loss,val_auc
56/56 - 1s - loss: 0.1001 - auc: 0.8799 - val_loss: 0.1482 - val_auc: 0.7734 - val_auc_custom: 0.7720 - val_f1_custom: 0.6415 - val_recall_custom: 0.6296 - val_composite: 0.6617 - val_precision_aware: 0.6738 - 1s/epoch - 21ms/step
Curriculum: set focal gamma = 1.0000 (epoch 38)
Epoch 38/70
WARNING:tensorflow:Can save best model only with val_composite available, skipping.
WARNING:tensorflow:Early stopping conditioned on metric `val_composite` which is not available. Available metrics are: loss,auc,val_loss,val_auc
56/56 - 1s - loss: 0.1056 - auc: 0.8607 - val_loss: 0.1430 - val_auc: 0.7763 - val_auc_custom: 0.7768 - val_f1_custom: 0.6667 - val_recall_custom: 0.6296 - val_composite: 0.6702 - val_precision_aware: 0.7095 - 1s/epoch - 21ms/step
Curriculum: set focal gamma = 1.0000 (epoch 39)
Epoch 39/70
WARNING:tensorflow:Can save best model only with val_composite available, skipping.
WARNING:tensorflow:Early stopping conditioned on metric `val_composite` which is not available. Available metrics are: loss,auc,val_loss,val_auc
56/56 - 1s - loss: 0.0997 - auc: 0.8819 - val_loss: 0.1497 - val_auc: 0.7548 - val_auc_custom: 0.7548 - val_f1_custom: 0.6602 - val_recall_custom: 0.6296 - val_composite: 0.6638 - val_precision_aware: 0.6959 - 1s/epoch - 22ms/step
Curriculum: set focal gamma = 1.0000 (epoch 40)
Epoch 40/70
WARNING:tensorflow:Can save best model only with val_composite available, skipping.
WARNING:tensorflow:Early stopping conditioned on metric `val_composite` which is not available. Available metrics are: loss,auc,val_loss,val_auc
56/56 - 1s - loss: 0.0948 - auc: 0.8953 - val_loss: 0.1416 - val_auc: 0.7842 - val_auc_custom: 0.7840 - val_f1_custom: 0.6731 - val_recall_custom: 0.6481 - val_composite: 0.6828 - val_precision_aware: 0.7087 - 1s/epoch - 22ms/step
Curriculum: set focal gamma = 1.0000 (epoch 41)
Epoch 41/70
WARNING:tensorflow:Can save best model only with val_composite available, skipping.
WARNING:tensorflow:Early stopping conditioned on metric `val_composite` which is not available. Available metrics are: loss,auc,val_loss,val_auc
56/56 - 1s - loss: 0.0934 - auc: 0.8955 - val_loss: 0.1555 - val_auc: 0.7386 - val_auc_custom: 0.7380 - val_f1_custom: 0.6067 - val_recall_custom: 0.5000 - val_composite: 0.5796 - val_precision_aware: 0.7153 - 1s/epoch - 20ms/step
Curriculum: set focal gamma = 1.0000 (epoch 42)
Epoch 42/70
WARNING:tensorflow:Can save best model only with val_composite available, skipping.
WARNING:tensorflow:Early stopping conditioned on metric `val_composite` which is not available. Available metrics are: loss,auc,val_loss,val_auc
56/56 - 1s - loss: 0.0989 - auc: 0.8798 - val_loss: 0.1499 - val_auc: 0.7651 - val_auc_custom: 0.7643 - val_f1_custom: 0.6972 - val_recall_custom: 0.7037 - val_composite: 0.7139 - val_precision_aware: 0.7075 - 1s/epoch - 20ms/step
Curriculum: set focal gamma = 1.0000 (epoch 43)
Epoch 43/70
WARNING:tensorflow:Can save best model only with val_composite available, skipping.
WARNING:tensorflow:Early stopping conditioned on metric `val_composite` which is not available. Available metrics are: loss,auc,val_loss,val_auc
56/56 - 1s - loss: 0.0935 - auc: 0.8933 - val_loss: 0.1475 - val_auc: 0.7531 - val_auc_custom: 0.7543 - val_f1_custom: 0.6105 - val_recall_custom: 0.5370 - val_composite: 0.6025 - val_precision_aware: 0.6877 - 1s/epoch - 20ms/step
Curriculum: set focal gamma = 1.0000 (epoch 44)
Epoch 44/70
WARNING:tensorflow:Can save best model only with val_composite available, skipping.
WARNING:tensorflow:Early stopping conditioned on metric `val_composite` which is not available. Available metrics are: loss,auc,val_loss,val_auc
56/56 - 1s - loss: 0.0898 - auc: 0.9032 - val_loss: 0.1457 - val_auc: 0.7705 - val_auc_custom: 0.7710 - val_f1_custom: 0.6122 - val_recall_custom: 0.5556 - val_composite: 0.6157 - val_precision_aware: 0.6788 - 1s/epoch - 20ms/step
Curriculum: set focal gamma = 1.0000 (epoch 45)
Epoch 45/70
WARNING:tensorflow:Can save best model only with val_composite available, skipping.
WARNING:tensorflow:Early stopping conditioned on metric `val_composite` which is not available. Available metrics are: loss,auc,val_loss,val_auc
56/56 - 1s - loss: 0.0923 - auc: 0.8936 - val_loss: 0.1553 - val_auc: 0.7664 - val_auc_custom: 0.7665 - val_f1_custom: 0.6604 - val_recall_custom: 0.6481 - val_composite: 0.6755 - val_precision_aware: 0.6880 - 1s/epoch - 21ms/step
Curriculum: set focal gamma = 1.0000 (epoch 46)
Epoch 46/70
WARNING:tensorflow:Can save best model only with val_composite available, skipping.
WARNING:tensorflow:Early stopping conditioned on metric `val_composite` which is not available. Available metrics are: loss,auc,val_loss,val_auc
56/56 - 1s - loss: 0.0888 - auc: 0.9050 - val_loss: 0.1475 - val_auc: 0.7719 - val_auc_custom: 0.7725 - val_f1_custom: 0.6316 - val_recall_custom: 0.5556 - val_composite: 0.6218 - val_precision_aware: 0.7098 - 1s/epoch - 20ms/step
Curriculum: set focal gamma = 1.0000 (epoch 47)
Epoch 47/70
WARNING:tensorflow:Can save best model only with val_composite available, skipping.
WARNING:tensorflow:Early stopping conditioned on metric `val_composite` which is not available. Available metrics are: loss,auc,val_loss,val_auc
56/56 - 1s - loss: 0.0856 - auc: 0.9136 - val_loss: 0.1580 - val_auc: 0.7505 - val_auc_custom: 0.7503 - val_f1_custom: 0.6061 - val_recall_custom: 0.5556 - val_composite: 0.6096 - val_precision_aware: 0.6652 - 1s/epoch - 21ms/step
Curriculum: set focal gamma = 1.0000 (epoch 48)
Epoch 48/70
WARNING:tensorflow:Can save best model only with val_composite available, skipping.
WARNING:tensorflow:Early stopping conditioned on metric `val_composite` which is not available. Available metrics are: loss,auc,val_loss,val_auc
56/56 - 1s - loss: 0.0891 - auc: 0.9026 - val_loss: 0.1479 - val_auc: 0.7838 - val_auc_custom: 0.7838 - val_f1_custom: 0.6667 - val_recall_custom: 0.5926 - val_composite: 0.6531 - val_precision_aware: 0.7377 - 1s/epoch - 20ms/step
Curriculum: set focal gamma = 1.0000 (epoch 49)
Epoch 49/70
WARNING:tensorflow:Can save best model only with val_composite available, skipping.
WARNING:tensorflow:Early stopping conditioned on metric `val_composite` which is not available. Available metrics are: loss,auc,val_loss,val_auc
56/56 - 1s - loss: 0.0906 - auc: 0.8987 - val_loss: 0.1507 - val_auc: 0.7770 - val_auc_custom: 0.7765 - val_f1_custom: 0.6526 - val_recall_custom: 0.5741 - val_composite: 0.6381 - val_precision_aware: 0.7291 - 1s/epoch - 22ms/step
Curriculum: set focal gamma = 1.0000 (epoch 50)
Epoch 50/70
WARNING:tensorflow:Can save best model only with val_composite available, skipping.
WARNING:tensorflow:Early stopping conditioned on metric `val_composite` which is not available. Available metrics are: loss,auc,val_loss,val_auc
56/56 - 1s - loss: 0.0916 - auc: 0.8989 - val_loss: 0.1758 - val_auc: 0.7690 - val_auc_custom: 0.7683 - val_f1_custom: 0.6942 - val_recall_custom: 0.7778 - val_composite: 0.7508 - val_precision_aware: 0.6754 - 1s/epoch - 20ms/step
Curriculum: set focal gamma = 1.0000 (epoch 51)
Epoch 51/70
WARNING:tensorflow:Can save best model only with val_composite available, skipping.
WARNING:tensorflow:Early stopping conditioned on metric `val_composite` which is not available. Available metrics are: loss,auc,val_loss,val_auc
56/56 - 1s - loss: 0.0851 - auc: 0.9165 - val_loss: 0.1510 - val_auc: 0.7564 - val_auc_custom: 0.7560 - val_f1_custom: 0.5682 - val_recall_custom: 0.4630 - val_composite: 0.5531 - val_precision_aware: 0.6893 - 1s/epoch - 20ms/step
Curriculum: set focal gamma = 1.0000 (epoch 52)
Epoch 52/70
WARNING:tensorflow:Can save best model only with val_composite available, skipping.
WARNING:tensorflow:Early stopping conditioned on metric `val_composite` which is not available. Available metrics are: loss,auc,val_loss,val_auc
56/56 - 1s - loss: 0.0875 - auc: 0.9096 - val_loss: 0.1567 - val_auc: 0.7447 - val_auc_custom: 0.7432 - val_f1_custom: 0.5979 - val_recall_custom: 0.5370 - val_composite: 0.5965 - val_precision_aware: 0.6652 - 1s/epoch - 21ms/step
Curriculum: set focal gamma = 1.0000 (epoch 53)
Epoch 53/70
WARNING:tensorflow:Can save best model only with val_composite available, skipping.
WARNING:tensorflow:Early stopping conditioned on metric `val_composite` which is not available. Available metrics are: loss,auc,val_loss,val_auc
56/56 - 1s - loss: 0.0887 - auc: 0.9050 - val_loss: 0.1568 - val_auc: 0.7480 - val_auc_custom: 0.7475 - val_f1_custom: 0.5743 - val_recall_custom: 0.5370 - val_composite: 0.5903 - val_precision_aware: 0.6303 - 1s/epoch - 21ms/step
Curriculum: set focal gamma = 1.0000 (epoch 54)
Epoch 54/70
WARNING:tensorflow:Can save best model only with val_composite available, skipping.
WARNING:tensorflow:Early stopping conditioned on metric `val_composite` which is not available. Available metrics are: loss,auc,val_loss,val_auc
56/56 - 1s - loss: 0.0828 - auc: 0.9164 - val_loss: 0.1545 - val_auc: 0.7564 - val_auc_custom: 0.7550 - val_f1_custom: 0.5517 - val_recall_custom: 0.4444 - val_composite: 0.5387 - val_precision_aware: 0.6802 - 1s/epoch - 21ms/step
Curriculum: set focal gamma = 1.0000 (epoch 55)
Epoch 55/70
WARNING:tensorflow:Can save best model only with val_composite available, skipping.
WARNING:tensorflow:Early stopping conditioned on metric `val_composite` which is not available. Available metrics are: loss,auc,val_loss,val_auc
56/56 - 1s - loss: 0.0842 - auc: 0.9172 - val_loss: 0.1592 - val_auc: 0.7534 - val_auc_custom: 0.7548 - val_f1_custom: 0.5825 - val_recall_custom: 0.5556 - val_composite: 0.6035 - val_precision_aware: 0.6318 - 1s/epoch - 19ms/step
Curriculum: set focal gamma = 1.0000 (epoch 56)
Epoch 56/70
WARNING:tensorflow:Can save best model only with val_composite available, skipping.
WARNING:tensorflow:Early stopping conditioned on metric `val_composite` which is not available. Available metrics are: loss,auc,val_loss,val_auc
56/56 - 1s - loss: 0.0758 - auc: 0.9330 - val_loss: 0.1708 - val_auc: 0.7284 - val_auc_custom: 0.7282 - val_f1_custom: 0.5227 - val_recall_custom: 0.4259 - val_composite: 0.5154 - val_precision_aware: 0.6407 - 1s/epoch - 21ms/step
Curriculum: set focal gamma = 1.0000 (epoch 57)
Epoch 57/70
WARNING:tensorflow:Can save best model only with val_composite available, skipping.
WARNING:tensorflow:Early stopping conditioned on metric `val_composite` which is not available. Available metrics are: loss,auc,val_loss,val_auc
56/56 - 1s - loss: 0.0755 - auc: 0.9322 - val_loss: 0.1623 - val_auc: 0.7658 - val_auc_custom: 0.7673 - val_f1_custom: 0.6538 - val_recall_custom: 0.6296 - val_composite: 0.6644 - val_precision_aware: 0.6896 - 1s/epoch - 20ms/step
Curriculum: set focal gamma = 1.0000 (epoch 58)
Epoch 58/70
WARNING:tensorflow:Can save best model only with val_composite available, skipping.
WARNING:tensorflow:Early stopping conditioned on metric `val_composite` which is not available. Available metrics are: loss,auc,val_loss,val_auc
56/56 - 1s - loss: 0.0798 - auc: 0.9229 - val_loss: 0.1602 - val_auc: 0.7832 - val_auc_custom: 0.7828 - val_f1_custom: 0.6355 - val_recall_custom: 0.6296 - val_composite: 0.6620 - val_precision_aware: 0.6680 - 1s/epoch - 20ms/step
Curriculum: set focal gamma = 1.0000 (epoch 59)
Epoch 59/70
WARNING:tensorflow:Can save best model only with val_composite available, skipping.
WARNING:tensorflow:Early stopping conditioned on metric `val_composite` which is not available. Available metrics are: loss,auc,val_loss,val_auc
56/56 - 1s - loss: 0.0764 - auc: 0.9314 - val_loss: 0.1696 - val_auc: 0.7500 - val_auc_custom: 0.7503 - val_f1_custom: 0.5859 - val_recall_custom: 0.5370 - val_composite: 0.5943 - val_precision_aware: 0.6480 - 1s/epoch - 20ms/step
Curriculum: set focal gamma = 1.0000 (epoch 60)
Epoch 60/70
WARNING:tensorflow:Can save best model only with val_composite available, skipping.
WARNING:tensorflow:Early stopping conditioned on metric `val_composite` which is not available. Available metrics are: loss,auc,val_loss,val_auc
56/56 - 1s - loss: 0.0815 - auc: 0.9186 - val_loss: 0.1622 - val_auc: 0.7700 - val_auc_custom: 0.7703 - val_f1_custom: 0.6095 - val_recall_custom: 0.5926 - val_composite: 0.6332 - val_precision_aware: 0.6506 - 1s/epoch - 20ms/step
Curriculum: set focal gamma = 1.0000 (epoch 61)
Epoch 61/70
WARNING:tensorflow:Can save best model only with val_composite available, skipping.
WARNING:tensorflow:Early stopping conditioned on metric `val_composite` which is not available. Available metrics are: loss,auc,val_loss,val_auc
56/56 - 1s - loss: 0.0820 - auc: 0.9193 - val_loss: 0.1656 - val_auc: 0.7556 - val_auc_custom: 0.7555 - val_f1_custom: 0.5962 - val_recall_custom: 0.5741 - val_composite: 0.6170 - val_precision_aware: 0.6399 - 1s/epoch - 20ms/step
Curriculum: set focal gamma = 1.0000 (epoch 62)
Epoch 62/70
WARNING:tensorflow:Can save best model only with val_composite available, skipping.
WARNING:tensorflow:Early stopping conditioned on metric `val_composite` which is not available. Available metrics are: loss,auc,val_loss,val_auc
56/56 - 1s - loss: 0.0728 - auc: 0.9379 - val_loss: 0.1643 - val_auc: 0.7578 - val_auc_custom: 0.7580 - val_f1_custom: 0.6186 - val_recall_custom: 0.5556 - val_composite: 0.6149 - val_precision_aware: 0.6860 - 1s/epoch - 21ms/step
Curriculum: set focal gamma = 1.0000 (epoch 63)
Epoch 63/70
WARNING:tensorflow:Can save best model only with val_composite available, skipping.
WARNING:tensorflow:Early stopping conditioned on metric `val_composite` which is not available. Available metrics are: loss,auc,val_loss,val_auc
56/56 - 1s - loss: 0.0757 - auc: 0.9349 - val_loss: 0.1861 - val_auc: 0.7384 - val_auc_custom: 0.7387 - val_f1_custom: 0.6486 - val_recall_custom: 0.6667 - val_composite: 0.6757 - val_precision_aware: 0.6581 - 1s/epoch - 21ms/step
Curriculum: set focal gamma = 1.0000 (epoch 64)
Epoch 64/70
WARNING:tensorflow:Can save best model only with val_composite available, skipping.
WARNING:tensorflow:Early stopping conditioned on metric `val_composite` which is not available. Available metrics are: loss,auc,val_loss,val_auc
56/56 - 1s - loss: 0.0788 - auc: 0.9269 - val_loss: 0.1699 - val_auc: 0.7676 - val_auc_custom: 0.7680 - val_f1_custom: 0.6542 - val_recall_custom: 0.6481 - val_composite: 0.6739 - val_precision_aware: 0.6801 - 1s/epoch - 22ms/step
Curriculum: set focal gamma = 1.0000 (epoch 65)
Epoch 65/70
WARNING:tensorflow:Can save best model only with val_composite available, skipping.
WARNING:tensorflow:Early stopping conditioned on metric `val_composite` which is not available. Available metrics are: loss,auc,val_loss,val_auc
56/56 - 1s - loss: 0.0763 - auc: 0.9330 - val_loss: 0.1642 - val_auc: 0.7639 - val_auc_custom: 0.7633 - val_f1_custom: 0.5859 - val_recall_custom: 0.5370 - val_composite: 0.5969 - val_precision_aware: 0.6506 - 1s/epoch - 20ms/step
Curriculum: set focal gamma = 1.0000 (epoch 66)
Epoch 66/70
WARNING:tensorflow:Can save best model only with val_composite available, skipping.
WARNING:tensorflow:Early stopping conditioned on metric `val_composite` which is not available. Available metrics are: loss,auc,val_loss,val_auc
56/56 - 1s - loss: 0.0712 - auc: 0.9407 - val_loss: 0.1589 - val_auc: 0.7701 - val_auc_custom: 0.7685 - val_f1_custom: 0.5684 - val_recall_custom: 0.5000 - val_composite: 0.5742 - val_precision_aware: 0.6535 - 1s/epoch - 22ms/step
Curriculum: set focal gamma = 1.0000 (epoch 67)
Epoch 67/70
WARNING:tensorflow:Can save best model only with val_composite available, skipping.
WARNING:tensorflow:Early stopping conditioned on metric `val_composite` which is not available. Available metrics are: loss,auc,val_loss,val_auc
56/56 - 1s - loss: 0.0745 - auc: 0.9358 - val_loss: 0.1675 - val_auc: 0.7644 - val_auc_custom: 0.7638 - val_f1_custom: 0.5714 - val_recall_custom: 0.5185 - val_composite: 0.5834 - val_precision_aware: 0.6424 - 1s/epoch - 21ms/step
Curriculum: set focal gamma = 1.0000 (epoch 68)
Epoch 68/70
WARNING:tensorflow:Can save best model only with val_composite available, skipping.
WARNING:tensorflow:Early stopping conditioned on metric `val_composite` which is not available. Available metrics are: loss,auc,val_loss,val_auc
56/56 - 1s - loss: 0.0700 - auc: 0.9437 - val_loss: 0.1813 - val_auc: 0.7508 - val_auc_custom: 0.7510 - val_f1_custom: 0.6154 - val_recall_custom: 0.5926 - val_composite: 0.6311 - val_precision_aware: 0.6548 - 1s/epoch - 21ms/step
Curriculum: set focal gamma = 1.0000 (epoch 69)
Epoch 69/70
WARNING:tensorflow:Can save best model only with val_composite available, skipping.
WARNING:tensorflow:Early stopping conditioned on metric `val_composite` which is not available. Available metrics are: loss,auc,val_loss,val_auc
56/56 - 1s - loss: 0.0769 - auc: 0.9324 - val_loss: 0.1695 - val_auc: 0.7743 - val_auc_custom: 0.7743 - val_f1_custom: 0.6078 - val_recall_custom: 0.5741 - val_composite: 0.6242 - val_precision_aware: 0.6601 - 1s/epoch - 20ms/step
Curriculum: set focal gamma = 1.0000 (epoch 70)
Epoch 70/70
WARNING:tensorflow:Can save best model only with val_composite available, skipping.
WARNING:tensorflow:Early stopping conditioned on metric `val_composite` which is not available. Available metrics are: loss,auc,val_loss,val_auc
56/56 - 1s - loss: 0.0702 - auc: 0.9407 - val_loss: 0.1751 - val_auc: 0.7437 - val_auc_custom: 0.7447 - val_f1_custom: 0.5800 - val_recall_custom: 0.5370 - val_composite: 0.5915 - val_precision_aware: 0.6382 - 1s/epoch - 21ms/step
Saved final weights to result_multi_seed_composite_center/seed10/01/final.weights
Mask config -> mode=soft, threshold=0.6, window_gate=None
Done. Results saved to result_multi_seed_composite_center/seed10/01
