2025-09-17 08:24:08.076574: I tensorflow/core/util/port.cc:110] oneDNN custom operations are on. You may see slightly different numerical results due to floating-point round-off errors from different computation orders. To turn them off, set the environment variable `TF_ENABLE_ONEDNN_OPTS=0`.
2025-09-17 08:24:08.107651: I tensorflow/core/platform/cpu_feature_guard.cc:182] This TensorFlow binary is optimized to use available CPU instructions in performance-critical operations.
To enable the following instructions: AVX2 AVX_VNNI FMA, in other operations, rebuild TensorFlow with the appropriate compiler flags.
2025-09-17 08:24:08.534322: W tensorflow/compiler/tf2tensorrt/utils/py_utils.cc:38] TF-TRT Warning: Could not find TensorRT
2025-09-17 08:24:08.935585: I tensorflow/compiler/xla/stream_executor/cuda/cuda_gpu_executor.cc:981] could not open file to read NUMA node: /sys/bus/pci/devices/0000:01:00.0/numa_node
Your kernel may have been built without NUMA support.
2025-09-17 08:24:08.954182: I tensorflow/compiler/xla/stream_executor/cuda/cuda_gpu_executor.cc:981] could not open file to read NUMA node: /sys/bus/pci/devices/0000:01:00.0/numa_node
Your kernel may have been built without NUMA support.
2025-09-17 08:24:08.954327: I tensorflow/compiler/xla/stream_executor/cuda/cuda_gpu_executor.cc:981] could not open file to read NUMA node: /sys/bus/pci/devices/0000:01:00.0/numa_node
Your kernel may have been built without NUMA support.
2025-09-17 08:24:08.955383: I tensorflow/compiler/xla/stream_executor/cuda/cuda_gpu_executor.cc:981] could not open file to read NUMA node: /sys/bus/pci/devices/0000:01:00.0/numa_node
Your kernel may have been built without NUMA support.
2025-09-17 08:24:08.955450: I tensorflow/compiler/xla/stream_executor/cuda/cuda_gpu_executor.cc:981] could not open file to read NUMA node: /sys/bus/pci/devices/0000:01:00.0/numa_node
Your kernel may have been built without NUMA support.
2025-09-17 08:24:08.955471: I tensorflow/compiler/xla/stream_executor/cuda/cuda_gpu_executor.cc:981] could not open file to read NUMA node: /sys/bus/pci/devices/0000:01:00.0/numa_node
Your kernel may have been built without NUMA support.
2025-09-17 08:24:09.045392: I tensorflow/compiler/xla/stream_executor/cuda/cuda_gpu_executor.cc:981] could not open file to read NUMA node: /sys/bus/pci/devices/0000:01:00.0/numa_node
Your kernel may have been built without NUMA support.
2025-09-17 08:24:09.045514: I tensorflow/compiler/xla/stream_executor/cuda/cuda_gpu_executor.cc:981] could not open file to read NUMA node: /sys/bus/pci/devices/0000:01:00.0/numa_node
Your kernel may have been built without NUMA support.
2025-09-17 08:24:09.045537: I tensorflow/core/common_runtime/gpu/gpu_device.cc:1726] Could not identify NUMA node of platform GPU id 0, defaulting to 0.  Your kernel may not have been built with NUMA support.
2025-09-17 08:24:09.045567: I tensorflow/compiler/xla/stream_executor/cuda/cuda_gpu_executor.cc:981] could not open file to read NUMA node: /sys/bus/pci/devices/0000:01:00.0/numa_node
Your kernel may have been built without NUMA support.
2025-09-17 08:24:09.045590: I tensorflow/core/common_runtime/gpu/gpu_device.cc:1639] Created device /job:localhost/replica:0/task:0/device:GPU:0 with 9517 MB memory:  -> device: 0, name: NVIDIA GeForce RTX 4070 SUPER, pci bus id: 0000:01:00.0, compute capability: 8.9
GPU detected: 1 physical, 1 logical -> ['/device:GPU:0']
Config: batch=16, accumulate_steps=8 -> effective_batch=128
Loaded (1276, 36, 75) (1276,)
Using mask channel "occlusion_flag" from long_raw (index 7)
Model: "cnn_bilstm_attn_masked"
__________________________________________________________________________________________________
 Layer (type)                Output Shape                 Param #   Connected to                  
==================================================================================================
 input (InputLayer)          [(None, 36, 75)]             0         []                            
                                                                                                  
 permute_time_features (Per  (None, 75, 36)               0         ['input[0][0]']               
 mute)                                                                                            
                                                                                                  
 conv0 (Conv1D)              (None, 75, 64)               6976      ['permute_time_features[0][0]'
                                                                    ]                             
                                                                                                  
 bn0 (BatchNormalization)    (None, 75, 64)               256       ['conv0[0][0]']               
                                                                                                  
 act0 (Activation)           (None, 75, 64)               0         ['bn0[0][0]']                 
                                                                                                  
 conv_dropout0 (Dropout)     (None, 75, 64)               0         ['act0[0][0]']                
                                                                                                  
 conv1 (Conv1D)              (None, 75, 64)               20544     ['conv_dropout0[0][0]']       
                                                                                                  
 bn1 (BatchNormalization)    (None, 75, 64)               256       ['conv1[0][0]']               
                                                                                                  
 act1 (Activation)           (None, 75, 64)               0         ['bn1[0][0]']                 
                                                                                                  
 conv_dropout1 (Dropout)     (None, 75, 64)               0         ['act1[0][0]']                
                                                                                                  
 conv2 (Conv1D)              (None, 75, 64)               12352     ['conv_dropout1[0][0]']       
                                                                                                  
 bn2 (BatchNormalization)    (None, 75, 64)               256       ['conv2[0][0]']               
                                                                                                  
 act2 (Activation)           (None, 75, 64)               0         ['bn2[0][0]']                 
                                                                                                  
 conv_dropout2 (Dropout)     (None, 75, 64)               0         ['act2[0][0]']                
                                                                                                  
 bilstm (Bidirectional)      (None, 75, 128)              66048     ['conv_dropout2[0][0]']       
                                                                                                  
 mlp_attn_u (Dense)          (None, 75, 32)               4128      ['bilstm[0][0]']              
                                                                                                  
 mlp_attn_score (Dense)      (None, 75, 1)                33        ['mlp_attn_u[0][0]']          
                                                                                                  
 mlp_attn_squeeze (Lambda)   (None, 75)                   0         ['mlp_attn_score[0][0]']      
                                                                                                  
 attn_mask (InputLayer)      [(None, 75)]                 0         []                            
                                                                                                  
 mlp_attn_apply_mask (Lambd  (None, 75)                   0         ['mlp_attn_squeeze[0][0]',    
 a)                                                                  'attn_mask[0][0]']           
                                                                                                  
 mlp_attn_softmax (Lambda)   (None, 75)                   0         ['mlp_attn_apply_mask[0][0]'] 
                                                                                                  
 mlp_attn_expand (Lambda)    (None, 75, 1)                0         ['mlp_attn_softmax[0][0]']    
                                                                                                  
 mlp_attn_weighted (Lambda)  (None, 128)                  0         ['bilstm[0][0]',              
                                                                     'mlp_attn_expand[0][0]']     
                                                                                                  
 fc1 (Dense)                 (None, 64)                   8256      ['mlp_attn_weighted[0][0]']   
                                                                                                  
 fc_dropout (Dropout)        (None, 64)                   0         ['fc1[0][0]']                 
                                                                                                  
 out (Dense)                 (None, 1)                    65        ['fc_dropout[0][0]']          
                                                                                                  
==================================================================================================
Total params: 119171 (465.51 KB)
Trainable params: 118786 (464.01 KB)
Non-trainable params: 385 (1.50 KB)
__________________________________________________________________________________________________
None
Writing results to /home/user/projects/train/model/long_window/CNN_BiLSTM/result_focal_refine/cw03_fg06/01
Curriculum: set focal gamma = 0.0000 (epoch 1)
Epoch 1/70
2025-09-17 08:24:13.730487: I tensorflow/compiler/xla/stream_executor/cuda/cuda_dnn.cc:432] Loaded cuDNN version 8600
2025-09-17 08:24:13.819047: I tensorflow/tsl/platform/default/subprocess.cc:304] Start cannot spawn child process: No such file or directory
2025-09-17 08:24:13.955201: I tensorflow/compiler/xla/stream_executor/cuda/cuda_blas.cc:606] TensorFloat-32 will be used for the matrix multiplication. This will only be logged once.
2025-09-17 08:24:14.261166: I tensorflow/compiler/xla/service/service.cc:168] XLA service 0x7cc5d6aa6650 initialized for platform CUDA (this does not guarantee that XLA will be used). Devices:
2025-09-17 08:24:14.261216: I tensorflow/compiler/xla/service/service.cc:176]   StreamExecutor device (0): NVIDIA GeForce RTX 4070 SUPER, Compute Capability 8.9
2025-09-17 08:24:14.264542: I tensorflow/compiler/mlir/tensorflow/utils/dump_mlir_util.cc:255] disabling MLIR crash reproducer, set env var `MLIR_CRASH_REPRODUCER_DIRECTORY` to enable.
2025-09-17 08:24:14.315809: I tensorflow/tsl/platform/default/subprocess.cc:304] Start cannot spawn child process: No such file or directory
2025-09-17 08:24:14.351860: I ./tensorflow/compiler/jit/device_compiler.h:186] Compiled cluster using XLA!  This line is logged at most once for the lifetime of the process.
56/56 - 7s - loss: 0.3143 - auc: 0.5081 - val_loss: 0.3344 - val_auc: 0.5891 - val_auc_custom: 0.5806 - val_f1_custom: 0.0000e+00 - val_recall_custom: 0.0000e+00 - 7s/epoch - 122ms/step
Curriculum: set focal gamma = 0.0842 (epoch 2)
Epoch 2/70
56/56 - 1s - loss: 0.2554 - auc: 0.5479 - val_loss: 0.2737 - val_auc: 0.6035 - val_auc_custom: 0.6015 - val_f1_custom: 0.0000e+00 - val_recall_custom: 0.0000e+00 - 1s/epoch - 21ms/step
Curriculum: set focal gamma = 0.1684 (epoch 3)
Epoch 3/70
56/56 - 1s - loss: 0.2322 - auc: 0.5539 - val_loss: 0.2421 - val_auc: 0.6038 - val_auc_custom: 0.6053 - val_f1_custom: 0.0000e+00 - val_recall_custom: 0.0000e+00 - 1s/epoch - 22ms/step
Curriculum: set focal gamma = 0.2526 (epoch 4)
Epoch 4/70
56/56 - 1s - loss: 0.2168 - auc: 0.6039 - val_loss: 0.2272 - val_auc: 0.6103 - val_auc_custom: 0.6083 - val_f1_custom: 0.0000e+00 - val_recall_custom: 0.0000e+00 - 1s/epoch - 22ms/step
Curriculum: set focal gamma = 0.3368 (epoch 5)
Epoch 5/70
56/56 - 1s - loss: 0.1997 - auc: 0.6375 - val_loss: 0.2137 - val_auc: 0.6113 - val_auc_custom: 0.6143 - val_f1_custom: 0.0000e+00 - val_recall_custom: 0.0000e+00 - 1s/epoch - 22ms/step
Curriculum: set focal gamma = 0.4211 (epoch 6)
Epoch 6/70
56/56 - 1s - loss: 0.1867 - auc: 0.6407 - val_loss: 0.2012 - val_auc: 0.6203 - val_auc_custom: 0.6199 - val_f1_custom: 0.0000e+00 - val_recall_custom: 0.0000e+00 - 1s/epoch - 22ms/step
Curriculum: set focal gamma = 0.5053 (epoch 7)
Epoch 7/70
56/56 - 1s - loss: 0.1772 - auc: 0.6415 - val_loss: 0.1904 - val_auc: 0.6190 - val_auc_custom: 0.6196 - val_f1_custom: 0.0000e+00 - val_recall_custom: 0.0000e+00 - 1s/epoch - 22ms/step
Curriculum: set focal gamma = 0.5895 (epoch 8)
Epoch 8/70
56/56 - 1s - loss: 0.1654 - auc: 0.6555 - val_loss: 0.1803 - val_auc: 0.6179 - val_auc_custom: 0.6181 - val_f1_custom: 0.0370 - val_recall_custom: 0.0189 - 1s/epoch - 22ms/step
Curriculum: set focal gamma = 0.6737 (epoch 9)
Epoch 9/70
56/56 - 1s - loss: 0.1551 - auc: 0.6643 - val_loss: 0.1705 - val_auc: 0.6150 - val_auc_custom: 0.6148 - val_f1_custom: 0.1071 - val_recall_custom: 0.0566 - 1s/epoch - 22ms/step
Curriculum: set focal gamma = 0.7579 (epoch 10)
Epoch 10/70
56/56 - 1s - loss: 0.1465 - auc: 0.6725 - val_loss: 0.1606 - val_auc: 0.6219 - val_auc_custom: 0.6221 - val_f1_custom: 0.1404 - val_recall_custom: 0.0755 - 1s/epoch - 23ms/step
Curriculum: set focal gamma = 0.8421 (epoch 11)
Epoch 11/70
56/56 - 1s - loss: 0.1371 - auc: 0.6685 - val_loss: 0.1511 - val_auc: 0.6230 - val_auc_custom: 0.6211 - val_f1_custom: 0.1404 - val_recall_custom: 0.0755 - 1s/epoch - 22ms/step
Curriculum: set focal gamma = 0.9263 (epoch 12)
Epoch 12/70
56/56 - 1s - loss: 0.1287 - auc: 0.6824 - val_loss: 0.1426 - val_auc: 0.6304 - val_auc_custom: 0.6299 - val_f1_custom: 0.2034 - val_recall_custom: 0.1132 - 1s/epoch - 22ms/step
Curriculum: set focal gamma = 1.0105 (epoch 13)
Epoch 13/70
56/56 - 1s - loss: 0.1219 - auc: 0.6873 - val_loss: 0.1346 - val_auc: 0.6431 - val_auc_custom: 0.6428 - val_f1_custom: 0.2000 - val_recall_custom: 0.1132 - 1s/epoch - 22ms/step
Curriculum: set focal gamma = 1.0947 (epoch 14)
Epoch 14/70
56/56 - 1s - loss: 0.1132 - auc: 0.7033 - val_loss: 0.1269 - val_auc: 0.6512 - val_auc_custom: 0.6516 - val_f1_custom: 0.2000 - val_recall_custom: 0.1132 - 1s/epoch - 23ms/step
Curriculum: set focal gamma = 1.1789 (epoch 15)
Epoch 15/70
56/56 - 1s - loss: 0.1078 - auc: 0.6971 - val_loss: 0.1195 - val_auc: 0.6605 - val_auc_custom: 0.6619 - val_f1_custom: 0.1935 - val_recall_custom: 0.1132 - 1s/epoch - 22ms/step
Curriculum: set focal gamma = 1.2632 (epoch 16)
Epoch 16/70
56/56 - 1s - loss: 0.0997 - auc: 0.7140 - val_loss: 0.1124 - val_auc: 0.6753 - val_auc_custom: 0.6747 - val_f1_custom: 0.2121 - val_recall_custom: 0.1321 - 1s/epoch - 21ms/step
Curriculum: set focal gamma = 1.3474 (epoch 17)
Epoch 17/70
56/56 - 1s - loss: 0.0932 - auc: 0.7391 - val_loss: 0.1053 - val_auc: 0.6878 - val_auc_custom: 0.6860 - val_f1_custom: 0.2647 - val_recall_custom: 0.1698 - 1s/epoch - 22ms/step
Curriculum: set focal gamma = 1.4316 (epoch 18)
Epoch 18/70
56/56 - 1s - loss: 0.0871 - auc: 0.7447 - val_loss: 0.0987 - val_auc: 0.6987 - val_auc_custom: 0.7001 - val_f1_custom: 0.2609 - val_recall_custom: 0.1698 - 1s/epoch - 22ms/step
Curriculum: set focal gamma = 1.5158 (epoch 19)
Epoch 19/70
56/56 - 1s - loss: 0.0809 - auc: 0.7587 - val_loss: 0.0925 - val_auc: 0.7113 - val_auc_custom: 0.7104 - val_f1_custom: 0.2571 - val_recall_custom: 0.1698 - 1s/epoch - 21ms/step
Curriculum: set focal gamma = 1.6000 (epoch 20)
Epoch 20/70
56/56 - 1s - loss: 0.0767 - auc: 0.7501 - val_loss: 0.0879 - val_auc: 0.7156 - val_auc_custom: 0.7157 - val_f1_custom: 0.2817 - val_recall_custom: 0.1887 - 1s/epoch - 23ms/step
Curriculum: set focal gamma = 1.6000 (epoch 21)
Epoch 21/70
56/56 - 1s - loss: 0.0752 - auc: 0.7702 - val_loss: 0.0864 - val_auc: 0.7326 - val_auc_custom: 0.7316 - val_f1_custom: 0.2817 - val_recall_custom: 0.1887 - 1s/epoch - 22ms/step
Curriculum: set focal gamma = 1.6000 (epoch 22)
Epoch 22/70
56/56 - 1s - loss: 0.0744 - auc: 0.7782 - val_loss: 0.0854 - val_auc: 0.7509 - val_auc_custom: 0.7504 - val_f1_custom: 0.3014 - val_recall_custom: 0.2075 - 1s/epoch - 22ms/step
Curriculum: set focal gamma = 1.6000 (epoch 23)
Epoch 23/70
56/56 - 1s - loss: 0.0726 - auc: 0.7916 - val_loss: 0.0849 - val_auc: 0.7546 - val_auc_custom: 0.7550 - val_f1_custom: 0.3467 - val_recall_custom: 0.2453 - 1s/epoch - 22ms/step
Curriculum: set focal gamma = 1.6000 (epoch 24)
Epoch 24/70
56/56 - 1s - loss: 0.0728 - auc: 0.7898 - val_loss: 0.0839 - val_auc: 0.7654 - val_auc_custom: 0.7650 - val_f1_custom: 0.2817 - val_recall_custom: 0.1887 - 1s/epoch - 22ms/step
Curriculum: set focal gamma = 1.6000 (epoch 25)
Epoch 25/70
56/56 - 1s - loss: 0.0722 - auc: 0.7937 - val_loss: 0.0861 - val_auc: 0.7526 - val_auc_custom: 0.7532 - val_f1_custom: 0.5176 - val_recall_custom: 0.4151 - 1s/epoch - 20ms/step
Curriculum: set focal gamma = 1.6000 (epoch 26)
Epoch 26/70
56/56 - 1s - loss: 0.0708 - auc: 0.8037 - val_loss: 0.0818 - val_auc: 0.7800 - val_auc_custom: 0.7819 - val_f1_custom: 0.3467 - val_recall_custom: 0.2453 - 1s/epoch - 22ms/step
Curriculum: set focal gamma = 1.6000 (epoch 27)
Epoch 27/70
56/56 - 1s - loss: 0.0680 - auc: 0.8272 - val_loss: 0.0820 - val_auc: 0.7829 - val_auc_custom: 0.7831 - val_f1_custom: 0.4304 - val_recall_custom: 0.3208 - 1s/epoch - 21ms/step
Curriculum: set focal gamma = 1.6000 (epoch 28)
Epoch 28/70
56/56 - 1s - loss: 0.0683 - auc: 0.8203 - val_loss: 0.0849 - val_auc: 0.7726 - val_auc_custom: 0.7721 - val_f1_custom: 0.3467 - val_recall_custom: 0.2453 - 1s/epoch - 20ms/step
Curriculum: set focal gamma = 1.6000 (epoch 29)
Epoch 29/70
56/56 - 1s - loss: 0.0682 - auc: 0.8217 - val_loss: 0.0829 - val_auc: 0.7761 - val_auc_custom: 0.7769 - val_f1_custom: 0.5000 - val_recall_custom: 0.3962 - 1s/epoch - 20ms/step
Curriculum: set focal gamma = 1.6000 (epoch 30)
Epoch 30/70
56/56 - 1s - loss: 0.0674 - auc: 0.8313 - val_loss: 0.0804 - val_auc: 0.7946 - val_auc_custom: 0.7952 - val_f1_custom: 0.5238 - val_recall_custom: 0.4151 - 1s/epoch - 22ms/step
Curriculum: set focal gamma = 1.6000 (epoch 31)
Epoch 31/70
56/56 - 1s - loss: 0.0691 - auc: 0.8182 - val_loss: 0.0818 - val_auc: 0.7888 - val_auc_custom: 0.7879 - val_f1_custom: 0.5176 - val_recall_custom: 0.4151 - 1s/epoch - 22ms/step
Curriculum: set focal gamma = 1.6000 (epoch 32)
Epoch 32/70
56/56 - 1s - loss: 0.0637 - auc: 0.8532 - val_loss: 0.0872 - val_auc: 0.7620 - val_auc_custom: 0.7615 - val_f1_custom: 0.5870 - val_recall_custom: 0.5094 - 1s/epoch - 20ms/step
Curriculum: set focal gamma = 1.6000 (epoch 33)
Epoch 33/70
56/56 - 1s - loss: 0.0652 - auc: 0.8410 - val_loss: 0.0805 - val_auc: 0.7948 - val_auc_custom: 0.7960 - val_f1_custom: 0.5349 - val_recall_custom: 0.4340 - 1s/epoch - 21ms/step
Curriculum: set focal gamma = 1.6000 (epoch 34)
Epoch 34/70
56/56 - 1s - loss: 0.0636 - auc: 0.8519 - val_loss: 0.0828 - val_auc: 0.7912 - val_auc_custom: 0.7914 - val_f1_custom: 0.5517 - val_recall_custom: 0.4528 - 1s/epoch - 19ms/step
Curriculum: set focal gamma = 1.6000 (epoch 35)
Epoch 35/70
56/56 - 1s - loss: 0.0644 - auc: 0.8440 - val_loss: 0.0819 - val_auc: 0.7940 - val_auc_custom: 0.7937 - val_f1_custom: 0.5060 - val_recall_custom: 0.3962 - 1s/epoch - 20ms/step
Curriculum: set focal gamma = 1.6000 (epoch 36)
Epoch 36/70
56/56 - 1s - loss: 0.0619 - auc: 0.8620 - val_loss: 0.0848 - val_auc: 0.7931 - val_auc_custom: 0.7925 - val_f1_custom: 0.6154 - val_recall_custom: 0.5283 - 1s/epoch - 20ms/step
Curriculum: set focal gamma = 1.6000 (epoch 37)
Epoch 37/70
56/56 - 1s - loss: 0.0589 - auc: 0.8756 - val_loss: 0.0839 - val_auc: 0.7946 - val_auc_custom: 0.7942 - val_f1_custom: 0.4500 - val_recall_custom: 0.3396 - 1s/epoch - 21ms/step
Curriculum: set focal gamma = 1.6000 (epoch 38)
Epoch 38/70
56/56 - 1s - loss: 0.0600 - auc: 0.8706 - val_loss: 0.0828 - val_auc: 0.8055 - val_auc_custom: 0.8058 - val_f1_custom: 0.6458 - val_recall_custom: 0.5849 - 1s/epoch - 21ms/step
Curriculum: set focal gamma = 1.6000 (epoch 39)
Epoch 39/70
56/56 - 1s - loss: 0.0594 - auc: 0.8726 - val_loss: 0.0817 - val_auc: 0.8112 - val_auc_custom: 0.8121 - val_f1_custom: 0.7083 - val_recall_custom: 0.6415 - 1s/epoch - 22ms/step
Curriculum: set focal gamma = 1.6000 (epoch 40)
Epoch 40/70
56/56 - 1s - loss: 0.0581 - auc: 0.8800 - val_loss: 0.0849 - val_auc: 0.8030 - val_auc_custom: 0.8023 - val_f1_custom: 0.4878 - val_recall_custom: 0.3774 - 1s/epoch - 20ms/step
Curriculum: set focal gamma = 1.6000 (epoch 41)
Epoch 41/70
56/56 - 1s - loss: 0.0583 - auc: 0.8792 - val_loss: 0.0826 - val_auc: 0.8155 - val_auc_custom: 0.8161 - val_f1_custom: 0.6222 - val_recall_custom: 0.5283 - 1s/epoch - 22ms/step
Curriculum: set focal gamma = 1.6000 (epoch 42)
Epoch 42/70
56/56 - 1s - loss: 0.0565 - auc: 0.8923 - val_loss: 0.0867 - val_auc: 0.8003 - val_auc_custom: 0.8003 - val_f1_custom: 0.6170 - val_recall_custom: 0.5472 - 1s/epoch - 20ms/step
Curriculum: set focal gamma = 1.6000 (epoch 43)
Epoch 43/70
56/56 - 1s - loss: 0.0540 - auc: 0.9013 - val_loss: 0.0873 - val_auc: 0.8015 - val_auc_custom: 0.8028 - val_f1_custom: 0.6170 - val_recall_custom: 0.5472 - 1s/epoch - 19ms/step
Curriculum: set focal gamma = 1.6000 (epoch 44)
Epoch 44/70
56/56 - 1s - loss: 0.0539 - auc: 0.8984 - val_loss: 0.0887 - val_auc: 0.8049 - val_auc_custom: 0.8048 - val_f1_custom: 0.6087 - val_recall_custom: 0.5283 - 1s/epoch - 20ms/step
Curriculum: set focal gamma = 1.6000 (epoch 45)
Epoch 45/70
56/56 - 1s - loss: 0.0557 - auc: 0.8904 - val_loss: 0.0900 - val_auc: 0.8030 - val_auc_custom: 0.8025 - val_f1_custom: 0.5806 - val_recall_custom: 0.5094 - 1s/epoch - 19ms/step
Curriculum: set focal gamma = 1.6000 (epoch 46)
Epoch 46/70
56/56 - 1s - loss: 0.0559 - auc: 0.8884 - val_loss: 0.0923 - val_auc: 0.7977 - val_auc_custom: 0.7975 - val_f1_custom: 0.5455 - val_recall_custom: 0.4528 - 1s/epoch - 20ms/step
Curriculum: set focal gamma = 1.6000 (epoch 47)
Epoch 47/70
56/56 - 1s - loss: 0.0510 - auc: 0.9118 - val_loss: 0.1014 - val_auc: 0.7847 - val_auc_custom: 0.7847 - val_f1_custom: 0.6538 - val_recall_custom: 0.6415 - 1s/epoch - 20ms/step
Curriculum: set focal gamma = 1.6000 (epoch 48)
Epoch 48/70
56/56 - 1s - loss: 0.0539 - auc: 0.8998 - val_loss: 0.0901 - val_auc: 0.8177 - val_auc_custom: 0.8181 - val_f1_custom: 0.5517 - val_recall_custom: 0.4528 - 1s/epoch - 24ms/step
Curriculum: set focal gamma = 1.6000 (epoch 49)
Epoch 49/70
56/56 - 1s - loss: 0.0511 - auc: 0.9098 - val_loss: 0.0974 - val_auc: 0.8060 - val_auc_custom: 0.8083 - val_f1_custom: 0.6916 - val_recall_custom: 0.6981 - 1s/epoch - 20ms/step
Curriculum: set focal gamma = 1.6000 (epoch 50)
Epoch 50/70
56/56 - 1s - loss: 0.0489 - auc: 0.9203 - val_loss: 0.0970 - val_auc: 0.8127 - val_auc_custom: 0.8131 - val_f1_custom: 0.6535 - val_recall_custom: 0.6226 - 1s/epoch - 20ms/step
Curriculum: set focal gamma = 1.6000 (epoch 51)
Epoch 51/70
56/56 - 1s - loss: 0.0503 - auc: 0.9164 - val_loss: 0.0947 - val_auc: 0.8205 - val_auc_custom: 0.8214 - val_f1_custom: 0.5843 - val_recall_custom: 0.4906 - 1s/epoch - 22ms/step
Curriculum: set focal gamma = 1.6000 (epoch 52)
Epoch 52/70
56/56 - 1s - loss: 0.0456 - auc: 0.9262 - val_loss: 0.0999 - val_auc: 0.8084 - val_auc_custom: 0.8068 - val_f1_custom: 0.6598 - val_recall_custom: 0.6038 - 1s/epoch - 21ms/step
Curriculum: set focal gamma = 1.6000 (epoch 53)
Epoch 53/70
56/56 - 1s - loss: 0.0458 - auc: 0.9325 - val_loss: 0.1099 - val_auc: 0.8158 - val_auc_custom: 0.8156 - val_f1_custom: 0.7048 - val_recall_custom: 0.6981 - 1s/epoch - 21ms/step
Curriculum: set focal gamma = 1.6000 (epoch 54)
Epoch 54/70
56/56 - 1s - loss: 0.0472 - auc: 0.9247 - val_loss: 0.1040 - val_auc: 0.7965 - val_auc_custom: 0.7967 - val_f1_custom: 0.5957 - val_recall_custom: 0.5283 - 1s/epoch - 20ms/step
Curriculum: set focal gamma = 1.6000 (epoch 55)
Epoch 55/70
56/56 - 1s - loss: 0.0481 - auc: 0.9210 - val_loss: 0.1031 - val_auc: 0.8169 - val_auc_custom: 0.8184 - val_f1_custom: 0.6931 - val_recall_custom: 0.6604 - 1s/epoch - 20ms/step
Curriculum: set focal gamma = 1.6000 (epoch 56)
Epoch 56/70
56/56 - 1s - loss: 0.0442 - auc: 0.9329 - val_loss: 0.0997 - val_auc: 0.8001 - val_auc_custom: 0.7992 - val_f1_custom: 0.6067 - val_recall_custom: 0.5094 - 1s/epoch - 20ms/step
Curriculum: set focal gamma = 1.6000 (epoch 57)
Epoch 57/70
56/56 - 1s - loss: 0.0454 - auc: 0.9278 - val_loss: 0.1319 - val_auc: 0.7800 - val_auc_custom: 0.7791 - val_f1_custom: 0.6372 - val_recall_custom: 0.6792 - 1s/epoch - 21ms/step
Curriculum: set focal gamma = 1.6000 (epoch 58)
Epoch 58/70
56/56 - 1s - loss: 0.0456 - auc: 0.9322 - val_loss: 0.1078 - val_auc: 0.8130 - val_auc_custom: 0.8126 - val_f1_custom: 0.5870 - val_recall_custom: 0.5094 - 1s/epoch - 20ms/step
Curriculum: set focal gamma = 1.6000 (epoch 59)
Epoch 59/70
56/56 - 1s - loss: 0.0461 - auc: 0.9275 - val_loss: 0.1241 - val_auc: 0.8125 - val_auc_custom: 0.8118 - val_f1_custom: 0.6847 - val_recall_custom: 0.7170 - 1s/epoch - 22ms/step
Curriculum: set focal gamma = 1.6000 (epoch 60)
Epoch 60/70
56/56 - 1s - loss: 0.0463 - auc: 0.9304 - val_loss: 0.1156 - val_auc: 0.7986 - val_auc_custom: 0.7975 - val_f1_custom: 0.6214 - val_recall_custom: 0.6038 - 1s/epoch - 20ms/step
Curriculum: set focal gamma = 1.6000 (epoch 61)
Epoch 61/70
56/56 - 1s - loss: 0.0448 - auc: 0.9332 - val_loss: 0.1038 - val_auc: 0.8208 - val_auc_custom: 0.8209 - val_f1_custom: 0.5581 - val_recall_custom: 0.4528 - 1s/epoch - 23ms/step
Curriculum: set focal gamma = 1.6000 (epoch 62)
Epoch 62/70
56/56 - 1s - loss: 0.0424 - auc: 0.9385 - val_loss: 0.1173 - val_auc: 0.8034 - val_auc_custom: 0.8038 - val_f1_custom: 0.6170 - val_recall_custom: 0.5472 - 1s/epoch - 20ms/step
Curriculum: set focal gamma = 1.6000 (epoch 63)
Epoch 63/70
56/56 - 1s - loss: 0.0418 - auc: 0.9425 - val_loss: 0.1138 - val_auc: 0.8078 - val_auc_custom: 0.8083 - val_f1_custom: 0.5909 - val_recall_custom: 0.4906 - 1s/epoch - 20ms/step
Curriculum: set focal gamma = 1.6000 (epoch 64)
Epoch 64/70
56/56 - 1s - loss: 0.0425 - auc: 0.9385 - val_loss: 0.1279 - val_auc: 0.8048 - val_auc_custom: 0.8043 - val_f1_custom: 0.6154 - val_recall_custom: 0.6038 - 1s/epoch - 21ms/step
Curriculum: set focal gamma = 1.6000 (epoch 65)
Epoch 65/70
56/56 - 1s - loss: 0.0378 - auc: 0.9531 - val_loss: 0.1250 - val_auc: 0.8098 - val_auc_custom: 0.8101 - val_f1_custom: 0.6250 - val_recall_custom: 0.5660 - 1s/epoch - 20ms/step
Curriculum: set focal gamma = 1.6000 (epoch 66)
Epoch 66/70
56/56 - 1s - loss: 0.0427 - auc: 0.9409 - val_loss: 0.1197 - val_auc: 0.8117 - val_auc_custom: 0.8111 - val_f1_custom: 0.6042 - val_recall_custom: 0.5472 - 1s/epoch - 21ms/step
Curriculum: set focal gamma = 1.6000 (epoch 67)
Epoch 67/70
56/56 - 1s - loss: 0.0415 - auc: 0.9423 - val_loss: 0.1208 - val_auc: 0.8026 - val_auc_custom: 0.8030 - val_f1_custom: 0.5895 - val_recall_custom: 0.5283 - 1s/epoch - 21ms/step
Curriculum: set focal gamma = 1.6000 (epoch 68)
Epoch 68/70
56/56 - 1s - loss: 0.0393 - auc: 0.9517 - val_loss: 0.1253 - val_auc: 0.8133 - val_auc_custom: 0.8131 - val_f1_custom: 0.6263 - val_recall_custom: 0.5849 - 1s/epoch - 21ms/step
Curriculum: set focal gamma = 1.6000 (epoch 69)
Epoch 69/70
56/56 - 1s - loss: 0.0387 - auc: 0.9490 - val_loss: 0.1209 - val_auc: 0.8104 - val_auc_custom: 0.8101 - val_f1_custom: 0.6250 - val_recall_custom: 0.5660 - 1s/epoch - 21ms/step
Curriculum: set focal gamma = 1.6000 (epoch 70)
Epoch 70/70
56/56 - 1s - loss: 0.0375 - auc: 0.9557 - val_loss: 0.1268 - val_auc: 0.8146 - val_auc_custom: 0.8141 - val_f1_custom: 0.6250 - val_recall_custom: 0.5660 - 1s/epoch - 21ms/step
Mask config -> mode=soft, threshold=0.6, window_gate=None
Done. Results saved to /home/user/projects/train/model/long_window/CNN_BiLSTM/result_focal_refine/cw03_fg06/01
