2025-09-17 08:40:44.239060: I tensorflow/core/util/port.cc:110] oneDNN custom operations are on. You may see slightly different numerical results due to floating-point round-off errors from different computation orders. To turn them off, set the environment variable `TF_ENABLE_ONEDNN_OPTS=0`.
2025-09-17 08:40:44.268834: I tensorflow/core/platform/cpu_feature_guard.cc:182] This TensorFlow binary is optimized to use available CPU instructions in performance-critical operations.
To enable the following instructions: AVX2 AVX_VNNI FMA, in other operations, rebuild TensorFlow with the appropriate compiler flags.
2025-09-17 08:40:44.673220: W tensorflow/compiler/tf2tensorrt/utils/py_utils.cc:38] TF-TRT Warning: Could not find TensorRT
2025-09-17 08:40:45.052957: I tensorflow/compiler/xla/stream_executor/cuda/cuda_gpu_executor.cc:981] could not open file to read NUMA node: /sys/bus/pci/devices/0000:01:00.0/numa_node
Your kernel may have been built without NUMA support.
2025-09-17 08:40:45.072128: I tensorflow/compiler/xla/stream_executor/cuda/cuda_gpu_executor.cc:981] could not open file to read NUMA node: /sys/bus/pci/devices/0000:01:00.0/numa_node
Your kernel may have been built without NUMA support.
2025-09-17 08:40:45.072225: I tensorflow/compiler/xla/stream_executor/cuda/cuda_gpu_executor.cc:981] could not open file to read NUMA node: /sys/bus/pci/devices/0000:01:00.0/numa_node
Your kernel may have been built without NUMA support.
2025-09-17 08:40:45.073305: I tensorflow/compiler/xla/stream_executor/cuda/cuda_gpu_executor.cc:981] could not open file to read NUMA node: /sys/bus/pci/devices/0000:01:00.0/numa_node
Your kernel may have been built without NUMA support.
2025-09-17 08:40:45.073361: I tensorflow/compiler/xla/stream_executor/cuda/cuda_gpu_executor.cc:981] could not open file to read NUMA node: /sys/bus/pci/devices/0000:01:00.0/numa_node
Your kernel may have been built without NUMA support.
2025-09-17 08:40:45.073379: I tensorflow/compiler/xla/stream_executor/cuda/cuda_gpu_executor.cc:981] could not open file to read NUMA node: /sys/bus/pci/devices/0000:01:00.0/numa_node
Your kernel may have been built without NUMA support.
2025-09-17 08:40:45.165644: I tensorflow/compiler/xla/stream_executor/cuda/cuda_gpu_executor.cc:981] could not open file to read NUMA node: /sys/bus/pci/devices/0000:01:00.0/numa_node
Your kernel may have been built without NUMA support.
2025-09-17 08:40:45.165755: I tensorflow/compiler/xla/stream_executor/cuda/cuda_gpu_executor.cc:981] could not open file to read NUMA node: /sys/bus/pci/devices/0000:01:00.0/numa_node
Your kernel may have been built without NUMA support.
2025-09-17 08:40:45.165777: I tensorflow/core/common_runtime/gpu/gpu_device.cc:1726] Could not identify NUMA node of platform GPU id 0, defaulting to 0.  Your kernel may not have been built with NUMA support.
2025-09-17 08:40:45.165808: I tensorflow/compiler/xla/stream_executor/cuda/cuda_gpu_executor.cc:981] could not open file to read NUMA node: /sys/bus/pci/devices/0000:01:00.0/numa_node
Your kernel may have been built without NUMA support.
2025-09-17 08:40:45.165830: I tensorflow/core/common_runtime/gpu/gpu_device.cc:1639] Created device /job:localhost/replica:0/task:0/device:GPU:0 with 9517 MB memory:  -> device: 0, name: NVIDIA GeForce RTX 4070 SUPER, pci bus id: 0000:01:00.0, compute capability: 8.9
GPU detected: 1 physical, 1 logical -> ['/device:GPU:0']
Config: batch=16, accumulate_steps=8 -> effective_batch=128
Loaded (1276, 36, 75) (1276,)
Using mask channel "occlusion_flag" from long_raw (index 7)
Model: "cnn_bilstm_attn_masked"
__________________________________________________________________________________________________
 Layer (type)                Output Shape                 Param #   Connected to                  
==================================================================================================
 input (InputLayer)          [(None, 36, 75)]             0         []                            
                                                                                                  
 permute_time_features (Per  (None, 75, 36)               0         ['input[0][0]']               
 mute)                                                                                            
                                                                                                  
 conv0 (Conv1D)              (None, 75, 64)               6976      ['permute_time_features[0][0]'
                                                                    ]                             
                                                                                                  
 bn0 (BatchNormalization)    (None, 75, 64)               256       ['conv0[0][0]']               
                                                                                                  
 act0 (Activation)           (None, 75, 64)               0         ['bn0[0][0]']                 
                                                                                                  
 conv_dropout0 (Dropout)     (None, 75, 64)               0         ['act0[0][0]']                
                                                                                                  
 conv1 (Conv1D)              (None, 75, 64)               20544     ['conv_dropout0[0][0]']       
                                                                                                  
 bn1 (BatchNormalization)    (None, 75, 64)               256       ['conv1[0][0]']               
                                                                                                  
 act1 (Activation)           (None, 75, 64)               0         ['bn1[0][0]']                 
                                                                                                  
 conv_dropout1 (Dropout)     (None, 75, 64)               0         ['act1[0][0]']                
                                                                                                  
 conv2 (Conv1D)              (None, 75, 64)               12352     ['conv_dropout1[0][0]']       
                                                                                                  
 bn2 (BatchNormalization)    (None, 75, 64)               256       ['conv2[0][0]']               
                                                                                                  
 act2 (Activation)           (None, 75, 64)               0         ['bn2[0][0]']                 
                                                                                                  
 conv_dropout2 (Dropout)     (None, 75, 64)               0         ['act2[0][0]']                
                                                                                                  
 bilstm (Bidirectional)      (None, 75, 128)              66048     ['conv_dropout2[0][0]']       
                                                                                                  
 mlp_attn_u (Dense)          (None, 75, 32)               4128      ['bilstm[0][0]']              
                                                                                                  
 mlp_attn_score (Dense)      (None, 75, 1)                33        ['mlp_attn_u[0][0]']          
                                                                                                  
 mlp_attn_squeeze (Lambda)   (None, 75)                   0         ['mlp_attn_score[0][0]']      
                                                                                                  
 attn_mask (InputLayer)      [(None, 75)]                 0         []                            
                                                                                                  
 mlp_attn_apply_mask (Lambd  (None, 75)                   0         ['mlp_attn_squeeze[0][0]',    
 a)                                                                  'attn_mask[0][0]']           
                                                                                                  
 mlp_attn_softmax (Lambda)   (None, 75)                   0         ['mlp_attn_apply_mask[0][0]'] 
                                                                                                  
 mlp_attn_expand (Lambda)    (None, 75, 1)                0         ['mlp_attn_softmax[0][0]']    
                                                                                                  
 mlp_attn_weighted (Lambda)  (None, 128)                  0         ['bilstm[0][0]',              
                                                                     'mlp_attn_expand[0][0]']     
                                                                                                  
 fc1 (Dense)                 (None, 64)                   8256      ['mlp_attn_weighted[0][0]']   
                                                                                                  
 fc_dropout (Dropout)        (None, 64)                   0         ['fc1[0][0]']                 
                                                                                                  
 out (Dense)                 (None, 1)                    65        ['fc_dropout[0][0]']          
                                                                                                  
==================================================================================================
Total params: 119171 (465.51 KB)
Trainable params: 118786 (464.01 KB)
Non-trainable params: 385 (1.50 KB)
__________________________________________________________________________________________________
None
Writing results to /home/user/projects/train/model/long_window/CNN_BiLSTM/result_focal_refine/cw05_fg01/01
Curriculum: set focal gamma = 0.0000 (epoch 1)
Epoch 1/70
2025-09-17 08:40:49.650500: I tensorflow/compiler/xla/stream_executor/cuda/cuda_dnn.cc:432] Loaded cuDNN version 8600
2025-09-17 08:40:49.725585: I tensorflow/tsl/platform/default/subprocess.cc:304] Start cannot spawn child process: No such file or directory
2025-09-17 08:40:49.866007: I tensorflow/compiler/xla/stream_executor/cuda/cuda_blas.cc:606] TensorFloat-32 will be used for the matrix multiplication. This will only be logged once.
2025-09-17 08:40:50.172438: I tensorflow/compiler/xla/service/service.cc:168] XLA service 0x6242cf322570 initialized for platform CUDA (this does not guarantee that XLA will be used). Devices:
2025-09-17 08:40:50.172497: I tensorflow/compiler/xla/service/service.cc:176]   StreamExecutor device (0): NVIDIA GeForce RTX 4070 SUPER, Compute Capability 8.9
2025-09-17 08:40:50.176391: I tensorflow/compiler/mlir/tensorflow/utils/dump_mlir_util.cc:255] disabling MLIR crash reproducer, set env var `MLIR_CRASH_REPRODUCER_DIRECTORY` to enable.
2025-09-17 08:40:50.225972: I tensorflow/tsl/platform/default/subprocess.cc:304] Start cannot spawn child process: No such file or directory
2025-09-17 08:40:50.259219: I ./tensorflow/compiler/jit/device_compiler.h:186] Compiled cluster using XLA!  This line is logged at most once for the lifetime of the process.
56/56 - 7s - loss: 0.3269 - auc: 0.5178 - val_loss: 0.3281 - val_auc: 0.5636 - val_auc_custom: 0.5650 - val_f1_custom: 0.0000e+00 - val_recall_custom: 0.0000e+00 - 7s/epoch - 120ms/step
Curriculum: set focal gamma = 0.0737 (epoch 2)
Epoch 2/70
56/56 - 1s - loss: 0.2503 - auc: 0.5276 - val_loss: 0.2649 - val_auc: 0.5709 - val_auc_custom: 0.5650 - val_f1_custom: 0.0000e+00 - val_recall_custom: 0.0000e+00 - 1s/epoch - 22ms/step
Curriculum: set focal gamma = 0.1474 (epoch 3)
Epoch 3/70
56/56 - 1s - loss: 0.2106 - auc: 0.5582 - val_loss: 0.2239 - val_auc: 0.5595 - val_auc_custom: 0.5600 - val_f1_custom: 0.0000e+00 - val_recall_custom: 0.0000e+00 - 1s/epoch - 20ms/step
Curriculum: set focal gamma = 0.2211 (epoch 4)
Epoch 4/70
56/56 - 1s - loss: 0.1987 - auc: 0.5939 - val_loss: 0.2092 - val_auc: 0.5536 - val_auc_custom: 0.5530 - val_f1_custom: 0.0000e+00 - val_recall_custom: 0.0000e+00 - 1s/epoch - 21ms/step
Curriculum: set focal gamma = 0.2947 (epoch 5)
Epoch 5/70
56/56 - 1s - loss: 0.1915 - auc: 0.5651 - val_loss: 0.1984 - val_auc: 0.5674 - val_auc_custom: 0.5668 - val_f1_custom: 0.0000e+00 - val_recall_custom: 0.0000e+00 - 1s/epoch - 22ms/step
Curriculum: set focal gamma = 0.3684 (epoch 6)
Epoch 6/70
56/56 - 1s - loss: 0.1739 - auc: 0.6276 - val_loss: 0.1885 - val_auc: 0.5707 - val_auc_custom: 0.5718 - val_f1_custom: 0.0000e+00 - val_recall_custom: 0.0000e+00 - 1s/epoch - 21ms/step
Curriculum: set focal gamma = 0.4421 (epoch 7)
Epoch 7/70
56/56 - 1s - loss: 0.1653 - auc: 0.6292 - val_loss: 0.1803 - val_auc: 0.5697 - val_auc_custom: 0.5678 - val_f1_custom: 0.0000e+00 - val_recall_custom: 0.0000e+00 - 1s/epoch - 21ms/step
Curriculum: set focal gamma = 0.5158 (epoch 8)
Epoch 8/70
56/56 - 1s - loss: 0.1555 - auc: 0.6495 - val_loss: 0.1725 - val_auc: 0.5674 - val_auc_custom: 0.5653 - val_f1_custom: 0.0370 - val_recall_custom: 0.0189 - 1s/epoch - 22ms/step
Curriculum: set focal gamma = 0.5895 (epoch 9)
Epoch 9/70
56/56 - 1s - loss: 0.1466 - auc: 0.6573 - val_loss: 0.1651 - val_auc: 0.5682 - val_auc_custom: 0.5693 - val_f1_custom: 0.1071 - val_recall_custom: 0.0566 - 1s/epoch - 21ms/step
Curriculum: set focal gamma = 0.6632 (epoch 10)
Epoch 10/70
56/56 - 1s - loss: 0.1408 - auc: 0.6463 - val_loss: 0.1577 - val_auc: 0.5760 - val_auc_custom: 0.5738 - val_f1_custom: 0.1071 - val_recall_custom: 0.0566 - 1s/epoch - 22ms/step
Curriculum: set focal gamma = 0.7368 (epoch 11)
Epoch 11/70
56/56 - 1s - loss: 0.1329 - auc: 0.6615 - val_loss: 0.1504 - val_auc: 0.5774 - val_auc_custom: 0.5774 - val_f1_custom: 0.1071 - val_recall_custom: 0.0566 - 1s/epoch - 21ms/step
Curriculum: set focal gamma = 0.8105 (epoch 12)
Epoch 12/70
56/56 - 1s - loss: 0.1261 - auc: 0.6601 - val_loss: 0.1421 - val_auc: 0.5803 - val_auc_custom: 0.5801 - val_f1_custom: 0.1404 - val_recall_custom: 0.0755 - 1s/epoch - 22ms/step
Curriculum: set focal gamma = 0.8842 (epoch 13)
Epoch 13/70
56/56 - 1s - loss: 0.1189 - auc: 0.6773 - val_loss: 0.1347 - val_auc: 0.5821 - val_auc_custom: 0.5847 - val_f1_custom: 0.1379 - val_recall_custom: 0.0755 - 1s/epoch - 22ms/step
Curriculum: set focal gamma = 0.9579 (epoch 14)
Epoch 14/70
56/56 - 1s - loss: 0.1124 - auc: 0.6948 - val_loss: 0.1274 - val_auc: 0.5892 - val_auc_custom: 0.5867 - val_f1_custom: 0.1695 - val_recall_custom: 0.0943 - 1s/epoch - 24ms/step
Curriculum: set focal gamma = 1.0316 (epoch 15)
Epoch 15/70
56/56 - 1s - loss: 0.1055 - auc: 0.7034 - val_loss: 0.1223 - val_auc: 0.5921 - val_auc_custom: 0.5922 - val_f1_custom: 0.2258 - val_recall_custom: 0.1321 - 1s/epoch - 22ms/step
Curriculum: set focal gamma = 1.1053 (epoch 16)
Epoch 16/70
56/56 - 1s - loss: 0.1003 - auc: 0.7052 - val_loss: 0.1172 - val_auc: 0.5898 - val_auc_custom: 0.5912 - val_f1_custom: 0.2222 - val_recall_custom: 0.1321 - 1s/epoch - 20ms/step
Curriculum: set focal gamma = 1.1789 (epoch 17)
Epoch 17/70
56/56 - 1s - loss: 0.0947 - auc: 0.7160 - val_loss: 0.1112 - val_auc: 0.5985 - val_auc_custom: 0.5972 - val_f1_custom: 0.2188 - val_recall_custom: 0.1321 - 1s/epoch - 22ms/step
Curriculum: set focal gamma = 1.2526 (epoch 18)
Epoch 18/70
56/56 - 1s - loss: 0.0894 - auc: 0.7255 - val_loss: 0.1047 - val_auc: 0.6093 - val_auc_custom: 0.6093 - val_f1_custom: 0.2188 - val_recall_custom: 0.1321 - 1s/epoch - 22ms/step
Curriculum: set focal gamma = 1.3263 (epoch 19)
Epoch 19/70
56/56 - 1s - loss: 0.0844 - auc: 0.7311 - val_loss: 0.1008 - val_auc: 0.6228 - val_auc_custom: 0.6236 - val_f1_custom: 0.2154 - val_recall_custom: 0.1321 - 1s/epoch - 22ms/step
Curriculum: set focal gamma = 1.4000 (epoch 20)
Epoch 20/70
56/56 - 1s - loss: 0.0785 - auc: 0.7586 - val_loss: 0.0951 - val_auc: 0.6248 - val_auc_custom: 0.6264 - val_f1_custom: 0.2188 - val_recall_custom: 0.1321 - 1s/epoch - 21ms/step
Curriculum: set focal gamma = 1.4000 (epoch 21)
Epoch 21/70
56/56 - 1s - loss: 0.0795 - auc: 0.7330 - val_loss: 0.0962 - val_auc: 0.6352 - val_auc_custom: 0.6360 - val_f1_custom: 0.2154 - val_recall_custom: 0.1321 - 1s/epoch - 21ms/step
Curriculum: set focal gamma = 1.4000 (epoch 22)
Epoch 22/70
56/56 - 1s - loss: 0.0798 - auc: 0.7341 - val_loss: 0.0963 - val_auc: 0.6400 - val_auc_custom: 0.6377 - val_f1_custom: 0.2121 - val_recall_custom: 0.1321 - 1s/epoch - 22ms/step
Curriculum: set focal gamma = 1.4000 (epoch 23)
Epoch 23/70
56/56 - 1s - loss: 0.0765 - auc: 0.7723 - val_loss: 0.0966 - val_auc: 0.6543 - val_auc_custom: 0.6533 - val_f1_custom: 0.2388 - val_recall_custom: 0.1509 - 1s/epoch - 22ms/step
Curriculum: set focal gamma = 1.4000 (epoch 24)
Epoch 24/70
56/56 - 1s - loss: 0.0757 - auc: 0.7783 - val_loss: 0.0977 - val_auc: 0.6597 - val_auc_custom: 0.6614 - val_f1_custom: 0.2609 - val_recall_custom: 0.1698 - 1s/epoch - 22ms/step
Curriculum: set focal gamma = 1.4000 (epoch 25)
Epoch 25/70
56/56 - 1s - loss: 0.0755 - auc: 0.7721 - val_loss: 0.0998 - val_auc: 0.6628 - val_auc_custom: 0.6631 - val_f1_custom: 0.3514 - val_recall_custom: 0.2453 - 1s/epoch - 22ms/step
Curriculum: set focal gamma = 1.4000 (epoch 26)
Epoch 26/70
56/56 - 1s - loss: 0.0744 - auc: 0.7834 - val_loss: 0.0958 - val_auc: 0.7057 - val_auc_custom: 0.7057 - val_f1_custom: 0.2857 - val_recall_custom: 0.1887 - 1s/epoch - 22ms/step
Curriculum: set focal gamma = 1.4000 (epoch 27)
Epoch 27/70
56/56 - 1s - loss: 0.0750 - auc: 0.7781 - val_loss: 0.0992 - val_auc: 0.6899 - val_auc_custom: 0.6906 - val_f1_custom: 0.3636 - val_recall_custom: 0.2642 - 1s/epoch - 21ms/step
Curriculum: set focal gamma = 1.4000 (epoch 28)
Epoch 28/70
56/56 - 1s - loss: 0.0723 - auc: 0.8025 - val_loss: 0.1034 - val_auc: 0.6711 - val_auc_custom: 0.6702 - val_f1_custom: 0.4337 - val_recall_custom: 0.3396 - 1s/epoch - 22ms/step
Curriculum: set focal gamma = 1.4000 (epoch 29)
Epoch 29/70
56/56 - 1s - loss: 0.0717 - auc: 0.8096 - val_loss: 0.0982 - val_auc: 0.7014 - val_auc_custom: 0.7024 - val_f1_custom: 0.3200 - val_recall_custom: 0.2264 - 1s/epoch - 20ms/step
Curriculum: set focal gamma = 1.4000 (epoch 30)
Epoch 30/70
56/56 - 1s - loss: 0.0716 - auc: 0.8119 - val_loss: 0.1003 - val_auc: 0.7053 - val_auc_custom: 0.7057 - val_f1_custom: 0.4198 - val_recall_custom: 0.3208 - 1s/epoch - 20ms/step
Curriculum: set focal gamma = 1.4000 (epoch 31)
Epoch 31/70
56/56 - 1s - loss: 0.0695 - auc: 0.8224 - val_loss: 0.1011 - val_auc: 0.6999 - val_auc_custom: 0.6999 - val_f1_custom: 0.4390 - val_recall_custom: 0.3396 - 1s/epoch - 21ms/step
Curriculum: set focal gamma = 1.4000 (epoch 32)
Epoch 32/70
56/56 - 1s - loss: 0.0674 - auc: 0.8341 - val_loss: 0.0991 - val_auc: 0.7147 - val_auc_custom: 0.7130 - val_f1_custom: 0.3467 - val_recall_custom: 0.2453 - 1s/epoch - 22ms/step
Curriculum: set focal gamma = 1.4000 (epoch 33)
Epoch 33/70
56/56 - 1s - loss: 0.0690 - auc: 0.8258 - val_loss: 0.1019 - val_auc: 0.6966 - val_auc_custom: 0.6964 - val_f1_custom: 0.4819 - val_recall_custom: 0.3774 - 1s/epoch - 21ms/step
Curriculum: set focal gamma = 1.4000 (epoch 34)
Epoch 34/70
56/56 - 1s - loss: 0.0660 - auc: 0.8437 - val_loss: 0.1017 - val_auc: 0.7104 - val_auc_custom: 0.7107 - val_f1_custom: 0.3377 - val_recall_custom: 0.2453 - 1s/epoch - 21ms/step
Curriculum: set focal gamma = 1.4000 (epoch 35)
Epoch 35/70
56/56 - 1s - loss: 0.0656 - auc: 0.8450 - val_loss: 0.1159 - val_auc: 0.6931 - val_auc_custom: 0.6938 - val_f1_custom: 0.5532 - val_recall_custom: 0.4906 - 1s/epoch - 20ms/step
Curriculum: set focal gamma = 1.4000 (epoch 36)
Epoch 36/70
56/56 - 1s - loss: 0.0654 - auc: 0.8467 - val_loss: 0.1040 - val_auc: 0.7164 - val_auc_custom: 0.7147 - val_f1_custom: 0.3797 - val_recall_custom: 0.2830 - 1s/epoch - 22ms/step
Curriculum: set focal gamma = 1.4000 (epoch 37)
Epoch 37/70
56/56 - 1s - loss: 0.0666 - auc: 0.8462 - val_loss: 0.1056 - val_auc: 0.7162 - val_auc_custom: 0.7147 - val_f1_custom: 0.4884 - val_recall_custom: 0.3962 - 1s/epoch - 21ms/step
Curriculum: set focal gamma = 1.4000 (epoch 38)
Epoch 38/70
56/56 - 1s - loss: 0.0635 - auc: 0.8554 - val_loss: 0.1079 - val_auc: 0.7070 - val_auc_custom: 0.7059 - val_f1_custom: 0.5055 - val_recall_custom: 0.4340 - 1s/epoch - 20ms/step
Curriculum: set focal gamma = 1.4000 (epoch 39)
Epoch 39/70
56/56 - 1s - loss: 0.0610 - auc: 0.8730 - val_loss: 0.1079 - val_auc: 0.6991 - val_auc_custom: 0.6996 - val_f1_custom: 0.4524 - val_recall_custom: 0.3585 - 1s/epoch - 20ms/step
Curriculum: set focal gamma = 1.4000 (epoch 40)
Epoch 40/70
56/56 - 1s - loss: 0.0606 - auc: 0.8700 - val_loss: 0.1119 - val_auc: 0.7150 - val_auc_custom: 0.7145 - val_f1_custom: 0.5169 - val_recall_custom: 0.4340 - 1s/epoch - 21ms/step
Curriculum: set focal gamma = 1.4000 (epoch 41)
Epoch 41/70
56/56 - 1s - loss: 0.0607 - auc: 0.8763 - val_loss: 0.1199 - val_auc: 0.6958 - val_auc_custom: 0.6966 - val_f1_custom: 0.5161 - val_recall_custom: 0.4528 - 1s/epoch - 21ms/step
Curriculum: set focal gamma = 1.4000 (epoch 42)
Epoch 42/70
56/56 - 1s - loss: 0.0606 - auc: 0.8808 - val_loss: 0.1152 - val_auc: 0.7221 - val_auc_custom: 0.7218 - val_f1_custom: 0.4000 - val_recall_custom: 0.3019 - 1s/epoch - 22ms/step
Curriculum: set focal gamma = 1.4000 (epoch 43)
Epoch 43/70
56/56 - 1s - loss: 0.0616 - auc: 0.8640 - val_loss: 0.1154 - val_auc: 0.7003 - val_auc_custom: 0.7006 - val_f1_custom: 0.4889 - val_recall_custom: 0.4151 - 1s/epoch - 21ms/step
Curriculum: set focal gamma = 1.4000 (epoch 44)
Epoch 44/70
56/56 - 1s - loss: 0.0581 - auc: 0.8807 - val_loss: 0.1154 - val_auc: 0.7107 - val_auc_custom: 0.7097 - val_f1_custom: 0.4000 - val_recall_custom: 0.3019 - 1s/epoch - 21ms/step
Curriculum: set focal gamma = 1.4000 (epoch 45)
Epoch 45/70
56/56 - 1s - loss: 0.0590 - auc: 0.8748 - val_loss: 0.1099 - val_auc: 0.7381 - val_auc_custom: 0.7366 - val_f1_custom: 0.4651 - val_recall_custom: 0.3774 - 1s/epoch - 22ms/step
Curriculum: set focal gamma = 1.4000 (epoch 46)
Epoch 46/70
56/56 - 1s - loss: 0.0563 - auc: 0.9026 - val_loss: 0.1137 - val_auc: 0.7381 - val_auc_custom: 0.7376 - val_f1_custom: 0.4773 - val_recall_custom: 0.3962 - 1s/epoch - 20ms/step
Curriculum: set focal gamma = 1.4000 (epoch 47)
Epoch 47/70
56/56 - 1s - loss: 0.0607 - auc: 0.8639 - val_loss: 0.1117 - val_auc: 0.7122 - val_auc_custom: 0.7119 - val_f1_custom: 0.3750 - val_recall_custom: 0.2830 - 1s/epoch - 21ms/step
Curriculum: set focal gamma = 1.4000 (epoch 48)
Epoch 48/70
56/56 - 1s - loss: 0.0536 - auc: 0.9027 - val_loss: 0.1090 - val_auc: 0.7491 - val_auc_custom: 0.7482 - val_f1_custom: 0.4337 - val_recall_custom: 0.3396 - 1s/epoch - 22ms/step
Curriculum: set focal gamma = 1.4000 (epoch 49)
Epoch 49/70
56/56 - 1s - loss: 0.0556 - auc: 0.8930 - val_loss: 0.1195 - val_auc: 0.7252 - val_auc_custom: 0.7255 - val_f1_custom: 0.4235 - val_recall_custom: 0.3396 - 1s/epoch - 20ms/step
Curriculum: set focal gamma = 1.4000 (epoch 50)
Epoch 50/70
56/56 - 1s - loss: 0.0551 - auc: 0.8972 - val_loss: 0.1120 - val_auc: 0.7449 - val_auc_custom: 0.7447 - val_f1_custom: 0.5116 - val_recall_custom: 0.4151 - 1s/epoch - 21ms/step
Curriculum: set focal gamma = 1.4000 (epoch 51)
Epoch 51/70
56/56 - 1s - loss: 0.0533 - auc: 0.8960 - val_loss: 0.1158 - val_auc: 0.7421 - val_auc_custom: 0.7414 - val_f1_custom: 0.5000 - val_recall_custom: 0.4151 - 1s/epoch - 20ms/step
Curriculum: set focal gamma = 1.4000 (epoch 52)
Epoch 52/70
56/56 - 1s - loss: 0.0488 - auc: 0.9168 - val_loss: 0.1255 - val_auc: 0.7326 - val_auc_custom: 0.7338 - val_f1_custom: 0.4651 - val_recall_custom: 0.3774 - 1s/epoch - 20ms/step
Curriculum: set focal gamma = 1.4000 (epoch 53)
Epoch 53/70
56/56 - 1s - loss: 0.0523 - auc: 0.9019 - val_loss: 0.1302 - val_auc: 0.7286 - val_auc_custom: 0.7278 - val_f1_custom: 0.5319 - val_recall_custom: 0.4717 - 1s/epoch - 21ms/step
Curriculum: set focal gamma = 1.4000 (epoch 54)
Epoch 54/70
56/56 - 1s - loss: 0.0504 - auc: 0.9100 - val_loss: 0.1252 - val_auc: 0.7473 - val_auc_custom: 0.7464 - val_f1_custom: 0.4819 - val_recall_custom: 0.3774 - 1s/epoch - 20ms/step
Curriculum: set focal gamma = 1.4000 (epoch 55)
Epoch 55/70
56/56 - 1s - loss: 0.0528 - auc: 0.9049 - val_loss: 0.1297 - val_auc: 0.7374 - val_auc_custom: 0.7361 - val_f1_custom: 0.4889 - val_recall_custom: 0.4151 - 1s/epoch - 22ms/step
Curriculum: set focal gamma = 1.4000 (epoch 56)
Epoch 56/70
56/56 - 1s - loss: 0.0474 - auc: 0.9240 - val_loss: 0.1248 - val_auc: 0.7421 - val_auc_custom: 0.7414 - val_f1_custom: 0.4471 - val_recall_custom: 0.3585 - 1s/epoch - 20ms/step
Curriculum: set focal gamma = 1.4000 (epoch 57)
Epoch 57/70
56/56 - 1s - loss: 0.0497 - auc: 0.9154 - val_loss: 0.1220 - val_auc: 0.7189 - val_auc_custom: 0.7185 - val_f1_custom: 0.4096 - val_recall_custom: 0.3208 - 1s/epoch - 20ms/step
Curriculum: set focal gamma = 1.4000 (epoch 58)
Epoch 58/70
56/56 - 1s - loss: 0.0465 - auc: 0.9272 - val_loss: 0.1309 - val_auc: 0.7620 - val_auc_custom: 0.7623 - val_f1_custom: 0.5055 - val_recall_custom: 0.4340 - 1s/epoch - 22ms/step
Curriculum: set focal gamma = 1.4000 (epoch 59)
Epoch 59/70
56/56 - 1s - loss: 0.0483 - auc: 0.9187 - val_loss: 0.1327 - val_auc: 0.7220 - val_auc_custom: 0.7215 - val_f1_custom: 0.4146 - val_recall_custom: 0.3208 - 1s/epoch - 20ms/step
Curriculum: set focal gamma = 1.4000 (epoch 60)
Epoch 60/70
56/56 - 1s - loss: 0.0461 - auc: 0.9262 - val_loss: 0.1384 - val_auc: 0.7482 - val_auc_custom: 0.7479 - val_f1_custom: 0.4889 - val_recall_custom: 0.4151 - 1s/epoch - 21ms/step
Curriculum: set focal gamma = 1.4000 (epoch 61)
Epoch 61/70
56/56 - 1s - loss: 0.0480 - auc: 0.9217 - val_loss: 0.1402 - val_auc: 0.7350 - val_auc_custom: 0.7343 - val_f1_custom: 0.5169 - val_recall_custom: 0.4340 - 1s/epoch - 21ms/step
Curriculum: set focal gamma = 1.4000 (epoch 62)
Epoch 62/70
56/56 - 1s - loss: 0.0473 - auc: 0.9268 - val_loss: 0.1401 - val_auc: 0.7203 - val_auc_custom: 0.7213 - val_f1_custom: 0.4286 - val_recall_custom: 0.3396 - 1s/epoch - 21ms/step
Curriculum: set focal gamma = 1.4000 (epoch 63)
Epoch 63/70
56/56 - 1s - loss: 0.0477 - auc: 0.9196 - val_loss: 0.1381 - val_auc: 0.7272 - val_auc_custom: 0.7278 - val_f1_custom: 0.4419 - val_recall_custom: 0.3585 - 1s/epoch - 20ms/step
Curriculum: set focal gamma = 1.4000 (epoch 64)
Epoch 64/70
56/56 - 1s - loss: 0.0421 - auc: 0.9397 - val_loss: 0.1416 - val_auc: 0.7226 - val_auc_custom: 0.7223 - val_f1_custom: 0.5376 - val_recall_custom: 0.4717 - 1s/epoch - 21ms/step
Curriculum: set focal gamma = 1.4000 (epoch 65)
Epoch 65/70
56/56 - 1s - loss: 0.0419 - auc: 0.9426 - val_loss: 0.1407 - val_auc: 0.7321 - val_auc_custom: 0.7326 - val_f1_custom: 0.4146 - val_recall_custom: 0.3208 - 1s/epoch - 20ms/step
Curriculum: set focal gamma = 1.4000 (epoch 66)
Epoch 66/70
56/56 - 1s - loss: 0.0424 - auc: 0.9358 - val_loss: 0.1717 - val_auc: 0.7275 - val_auc_custom: 0.7281 - val_f1_custom: 0.5053 - val_recall_custom: 0.4528 - 1s/epoch - 19ms/step
Curriculum: set focal gamma = 1.4000 (epoch 67)
Epoch 67/70
56/56 - 1s - loss: 0.0467 - auc: 0.9273 - val_loss: 0.1512 - val_auc: 0.7465 - val_auc_custom: 0.7459 - val_f1_custom: 0.4286 - val_recall_custom: 0.3396 - 1s/epoch - 20ms/step
Curriculum: set focal gamma = 1.4000 (epoch 68)
Epoch 68/70
56/56 - 1s - loss: 0.0439 - auc: 0.9364 - val_loss: 0.1553 - val_auc: 0.7287 - val_auc_custom: 0.7623 - val_f1_custom: 0.5055 - val_recall_custom: 0.4340 - 1s/epoch - 20ms/step
Mask config -> mode=soft, threshold=0.6, window_gate=None
Done. Results saved to /home/user/projects/train/model/long_window/CNN_BiLSTM/result_focal_refine/cw05_fg01/01
