2025-09-17 08:27:47.050954: I tensorflow/core/util/port.cc:110] oneDNN custom operations are on. You may see slightly different numerical results due to floating-point round-off errors from different computation orders. To turn them off, set the environment variable `TF_ENABLE_ONEDNN_OPTS=0`.
2025-09-17 08:27:47.079710: I tensorflow/core/platform/cpu_feature_guard.cc:182] This TensorFlow binary is optimized to use available CPU instructions in performance-critical operations.
To enable the following instructions: AVX2 AVX_VNNI FMA, in other operations, rebuild TensorFlow with the appropriate compiler flags.
2025-09-17 08:27:47.511907: W tensorflow/compiler/tf2tensorrt/utils/py_utils.cc:38] TF-TRT Warning: Could not find TensorRT
2025-09-17 08:27:47.915401: I tensorflow/compiler/xla/stream_executor/cuda/cuda_gpu_executor.cc:981] could not open file to read NUMA node: /sys/bus/pci/devices/0000:01:00.0/numa_node
Your kernel may have been built without NUMA support.
2025-09-17 08:27:47.933742: I tensorflow/compiler/xla/stream_executor/cuda/cuda_gpu_executor.cc:981] could not open file to read NUMA node: /sys/bus/pci/devices/0000:01:00.0/numa_node
Your kernel may have been built without NUMA support.
2025-09-17 08:27:47.933866: I tensorflow/compiler/xla/stream_executor/cuda/cuda_gpu_executor.cc:981] could not open file to read NUMA node: /sys/bus/pci/devices/0000:01:00.0/numa_node
Your kernel may have been built without NUMA support.
2025-09-17 08:27:47.935018: I tensorflow/compiler/xla/stream_executor/cuda/cuda_gpu_executor.cc:981] could not open file to read NUMA node: /sys/bus/pci/devices/0000:01:00.0/numa_node
Your kernel may have been built without NUMA support.
2025-09-17 08:27:47.935092: I tensorflow/compiler/xla/stream_executor/cuda/cuda_gpu_executor.cc:981] could not open file to read NUMA node: /sys/bus/pci/devices/0000:01:00.0/numa_node
Your kernel may have been built without NUMA support.
2025-09-17 08:27:47.935131: I tensorflow/compiler/xla/stream_executor/cuda/cuda_gpu_executor.cc:981] could not open file to read NUMA node: /sys/bus/pci/devices/0000:01:00.0/numa_node
Your kernel may have been built without NUMA support.
2025-09-17 08:27:48.028044: I tensorflow/compiler/xla/stream_executor/cuda/cuda_gpu_executor.cc:981] could not open file to read NUMA node: /sys/bus/pci/devices/0000:01:00.0/numa_node
Your kernel may have been built without NUMA support.
2025-09-17 08:27:48.028171: I tensorflow/compiler/xla/stream_executor/cuda/cuda_gpu_executor.cc:981] could not open file to read NUMA node: /sys/bus/pci/devices/0000:01:00.0/numa_node
Your kernel may have been built without NUMA support.
2025-09-17 08:27:48.028196: I tensorflow/core/common_runtime/gpu/gpu_device.cc:1726] Could not identify NUMA node of platform GPU id 0, defaulting to 0.  Your kernel may not have been built with NUMA support.
2025-09-17 08:27:48.028228: I tensorflow/compiler/xla/stream_executor/cuda/cuda_gpu_executor.cc:981] could not open file to read NUMA node: /sys/bus/pci/devices/0000:01:00.0/numa_node
Your kernel may have been built without NUMA support.
2025-09-17 08:27:48.028251: I tensorflow/core/common_runtime/gpu/gpu_device.cc:1639] Created device /job:localhost/replica:0/task:0/device:GPU:0 with 9517 MB memory:  -> device: 0, name: NVIDIA GeForce RTX 4070 SUPER, pci bus id: 0000:01:00.0, compute capability: 8.9
GPU detected: 1 physical, 1 logical -> ['/device:GPU:0']
Config: batch=16, accumulate_steps=8 -> effective_batch=128
Loaded (1276, 36, 75) (1276,)
Using mask channel "occlusion_flag" from long_raw (index 7)
Model: "cnn_bilstm_attn_masked"
__________________________________________________________________________________________________
 Layer (type)                Output Shape                 Param #   Connected to                  
==================================================================================================
 input (InputLayer)          [(None, 36, 75)]             0         []                            
                                                                                                  
 permute_time_features (Per  (None, 75, 36)               0         ['input[0][0]']               
 mute)                                                                                            
                                                                                                  
 conv0 (Conv1D)              (None, 75, 64)               6976      ['permute_time_features[0][0]'
                                                                    ]                             
                                                                                                  
 bn0 (BatchNormalization)    (None, 75, 64)               256       ['conv0[0][0]']               
                                                                                                  
 act0 (Activation)           (None, 75, 64)               0         ['bn0[0][0]']                 
                                                                                                  
 conv_dropout0 (Dropout)     (None, 75, 64)               0         ['act0[0][0]']                
                                                                                                  
 conv1 (Conv1D)              (None, 75, 64)               20544     ['conv_dropout0[0][0]']       
                                                                                                  
 bn1 (BatchNormalization)    (None, 75, 64)               256       ['conv1[0][0]']               
                                                                                                  
 act1 (Activation)           (None, 75, 64)               0         ['bn1[0][0]']                 
                                                                                                  
 conv_dropout1 (Dropout)     (None, 75, 64)               0         ['act1[0][0]']                
                                                                                                  
 conv2 (Conv1D)              (None, 75, 64)               12352     ['conv_dropout1[0][0]']       
                                                                                                  
 bn2 (BatchNormalization)    (None, 75, 64)               256       ['conv2[0][0]']               
                                                                                                  
 act2 (Activation)           (None, 75, 64)               0         ['bn2[0][0]']                 
                                                                                                  
 conv_dropout2 (Dropout)     (None, 75, 64)               0         ['act2[0][0]']                
                                                                                                  
 bilstm (Bidirectional)      (None, 75, 128)              66048     ['conv_dropout2[0][0]']       
                                                                                                  
 mlp_attn_u (Dense)          (None, 75, 32)               4128      ['bilstm[0][0]']              
                                                                                                  
 mlp_attn_score (Dense)      (None, 75, 1)                33        ['mlp_attn_u[0][0]']          
                                                                                                  
 mlp_attn_squeeze (Lambda)   (None, 75)                   0         ['mlp_attn_score[0][0]']      
                                                                                                  
 attn_mask (InputLayer)      [(None, 75)]                 0         []                            
                                                                                                  
 mlp_attn_apply_mask (Lambd  (None, 75)                   0         ['mlp_attn_squeeze[0][0]',    
 a)                                                                  'attn_mask[0][0]']           
                                                                                                  
 mlp_attn_softmax (Lambda)   (None, 75)                   0         ['mlp_attn_apply_mask[0][0]'] 
                                                                                                  
 mlp_attn_expand (Lambda)    (None, 75, 1)                0         ['mlp_attn_softmax[0][0]']    
                                                                                                  
 mlp_attn_weighted (Lambda)  (None, 128)                  0         ['bilstm[0][0]',              
                                                                     'mlp_attn_expand[0][0]']     
                                                                                                  
 fc1 (Dense)                 (None, 64)                   8256      ['mlp_attn_weighted[0][0]']   
                                                                                                  
 fc_dropout (Dropout)        (None, 64)                   0         ['fc1[0][0]']                 
                                                                                                  
 out (Dense)                 (None, 1)                    65        ['fc_dropout[0][0]']          
                                                                                                  
==================================================================================================
Total params: 119171 (465.51 KB)
Trainable params: 118786 (464.01 KB)
Non-trainable params: 385 (1.50 KB)
__________________________________________________________________________________________________
None
Writing results to /home/user/projects/train/model/long_window/CNN_BiLSTM/result_focal_refine/cw03_fg09/01
Curriculum: set focal gamma = 0.0000 (epoch 1)
Epoch 1/70
2025-09-17 08:27:52.655426: I tensorflow/compiler/xla/stream_executor/cuda/cuda_dnn.cc:432] Loaded cuDNN version 8600
2025-09-17 08:27:52.732635: I tensorflow/tsl/platform/default/subprocess.cc:304] Start cannot spawn child process: No such file or directory
2025-09-17 08:27:52.876925: I tensorflow/compiler/xla/stream_executor/cuda/cuda_blas.cc:606] TensorFloat-32 will be used for the matrix multiplication. This will only be logged once.
2025-09-17 08:27:53.211073: I tensorflow/compiler/xla/service/service.cc:168] XLA service 0x5eeee687f8a0 initialized for platform CUDA (this does not guarantee that XLA will be used). Devices:
2025-09-17 08:27:53.211128: I tensorflow/compiler/xla/service/service.cc:176]   StreamExecutor device (0): NVIDIA GeForce RTX 4070 SUPER, Compute Capability 8.9
2025-09-17 08:27:53.214714: I tensorflow/compiler/mlir/tensorflow/utils/dump_mlir_util.cc:255] disabling MLIR crash reproducer, set env var `MLIR_CRASH_REPRODUCER_DIRECTORY` to enable.
2025-09-17 08:27:53.264639: I tensorflow/tsl/platform/default/subprocess.cc:304] Start cannot spawn child process: No such file or directory
2025-09-17 08:27:53.297734: I ./tensorflow/compiler/jit/device_compiler.h:186] Compiled cluster using XLA!  This line is logged at most once for the lifetime of the process.
56/56 - 7s - loss: 0.3117 - auc: 0.5043 - val_loss: 0.3312 - val_auc: 0.5521 - val_auc_custom: 0.5557 - val_f1_custom: 0.0000e+00 - val_recall_custom: 0.0000e+00 - 7s/epoch - 124ms/step
Curriculum: set focal gamma = 0.0526 (epoch 2)
Epoch 2/70
56/56 - 1s - loss: 0.2894 - auc: 0.5791 - val_loss: 0.3067 - val_auc: 0.5933 - val_auc_custom: 0.5914 - val_f1_custom: 0.0000e+00 - val_recall_custom: 0.0000e+00 - 1s/epoch - 21ms/step
Curriculum: set focal gamma = 0.1053 (epoch 3)
Epoch 3/70
56/56 - 1s - loss: 0.2722 - auc: 0.6371 - val_loss: 0.2924 - val_auc: 0.6018 - val_auc_custom: 0.6045 - val_f1_custom: 0.0000e+00 - val_recall_custom: 0.0000e+00 - 1s/epoch - 21ms/step
Curriculum: set focal gamma = 0.1579 (epoch 4)
Epoch 4/70
56/56 - 1s - loss: 0.2622 - auc: 0.6196 - val_loss: 0.2814 - val_auc: 0.6006 - val_auc_custom: 0.6010 - val_f1_custom: 0.1034 - val_recall_custom: 0.0566 - 1s/epoch - 20ms/step
Curriculum: set focal gamma = 0.2105 (epoch 5)
Epoch 5/70
56/56 - 1s - loss: 0.2466 - auc: 0.6638 - val_loss: 0.2700 - val_auc: 0.6174 - val_auc_custom: 0.6176 - val_f1_custom: 0.1905 - val_recall_custom: 0.1132 - 1s/epoch - 21ms/step
Curriculum: set focal gamma = 0.2632 (epoch 6)
Epoch 6/70
56/56 - 1s - loss: 0.2349 - auc: 0.6746 - val_loss: 0.2617 - val_auc: 0.6176 - val_auc_custom: 0.6158 - val_f1_custom: 0.2703 - val_recall_custom: 0.1887 - 1s/epoch - 22ms/step
Curriculum: set focal gamma = 0.3158 (epoch 7)
Epoch 7/70
56/56 - 1s - loss: 0.2271 - auc: 0.6738 - val_loss: 0.2513 - val_auc: 0.6215 - val_auc_custom: 0.6206 - val_f1_custom: 0.2973 - val_recall_custom: 0.2075 - 1s/epoch - 21ms/step
Curriculum: set focal gamma = 0.3684 (epoch 8)
Epoch 8/70
56/56 - 1s - loss: 0.2171 - auc: 0.6764 - val_loss: 0.2404 - val_auc: 0.6298 - val_auc_custom: 0.6297 - val_f1_custom: 0.3288 - val_recall_custom: 0.2264 - 1s/epoch - 22ms/step
Curriculum: set focal gamma = 0.4211 (epoch 9)
Epoch 9/70
56/56 - 1s - loss: 0.2060 - auc: 0.6998 - val_loss: 0.2301 - val_auc: 0.6358 - val_auc_custom: 0.6360 - val_f1_custom: 0.2899 - val_recall_custom: 0.1887 - 1s/epoch - 25ms/step
Curriculum: set focal gamma = 0.4737 (epoch 10)
Epoch 10/70
56/56 - 1s - loss: 0.1985 - auc: 0.6993 - val_loss: 0.2213 - val_auc: 0.6438 - val_auc_custom: 0.6463 - val_f1_custom: 0.3288 - val_recall_custom: 0.2264 - 1s/epoch - 22ms/step
Curriculum: set focal gamma = 0.5263 (epoch 11)
Epoch 11/70
56/56 - 1s - loss: 0.1898 - auc: 0.7041 - val_loss: 0.2126 - val_auc: 0.6516 - val_auc_custom: 0.6516 - val_f1_custom: 0.3056 - val_recall_custom: 0.2075 - 1s/epoch - 22ms/step
Curriculum: set focal gamma = 0.5789 (epoch 12)
Epoch 12/70
56/56 - 1s - loss: 0.1796 - auc: 0.7300 - val_loss: 0.2045 - val_auc: 0.6630 - val_auc_custom: 0.6616 - val_f1_custom: 0.3514 - val_recall_custom: 0.2453 - 1s/epoch - 22ms/step
Curriculum: set focal gamma = 0.6316 (epoch 13)
Epoch 13/70
56/56 - 1s - loss: 0.1746 - auc: 0.7253 - val_loss: 0.1976 - val_auc: 0.6733 - val_auc_custom: 0.6730 - val_f1_custom: 0.3750 - val_recall_custom: 0.2830 - 1s/epoch - 21ms/step
Curriculum: set focal gamma = 0.6842 (epoch 14)
Epoch 14/70
56/56 - 1s - loss: 0.1619 - auc: 0.7558 - val_loss: 0.1975 - val_auc: 0.6740 - val_auc_custom: 0.6742 - val_f1_custom: 0.5208 - val_recall_custom: 0.4717 - 1s/epoch - 23ms/step
Curriculum: set focal gamma = 0.7368 (epoch 15)
Epoch 15/70
56/56 - 1s - loss: 0.1598 - auc: 0.7372 - val_loss: 0.1880 - val_auc: 0.6815 - val_auc_custom: 0.6815 - val_f1_custom: 0.5263 - val_recall_custom: 0.4717 - 1s/epoch - 22ms/step
Curriculum: set focal gamma = 0.7895 (epoch 16)
Epoch 16/70
56/56 - 1s - loss: 0.1472 - auc: 0.7710 - val_loss: 0.1737 - val_auc: 0.7084 - val_auc_custom: 0.7082 - val_f1_custom: 0.5000 - val_recall_custom: 0.4151 - 1s/epoch - 22ms/step
Curriculum: set focal gamma = 0.8421 (epoch 17)
Epoch 17/70
56/56 - 1s - loss: 0.1384 - auc: 0.7866 - val_loss: 0.1828 - val_auc: 0.6844 - val_auc_custom: 0.6858 - val_f1_custom: 0.5946 - val_recall_custom: 0.6226 - 1s/epoch - 20ms/step
Curriculum: set focal gamma = 0.8947 (epoch 18)
Epoch 18/70
56/56 - 1s - loss: 0.1386 - auc: 0.7629 - val_loss: 0.1621 - val_auc: 0.7189 - val_auc_custom: 0.7187 - val_f1_custom: 0.5161 - val_recall_custom: 0.4528 - 1s/epoch - 21ms/step
Curriculum: set focal gamma = 0.9474 (epoch 19)
Epoch 19/70
56/56 - 1s - loss: 0.1299 - auc: 0.7828 - val_loss: 0.1622 - val_auc: 0.7197 - val_auc_custom: 0.7208 - val_f1_custom: 0.6168 - val_recall_custom: 0.6226 - 1s/epoch - 21ms/step
Curriculum: set focal gamma = 1.0000 (epoch 20)
Epoch 20/70
56/56 - 1s - loss: 0.1251 - auc: 0.7873 - val_loss: 0.1551 - val_auc: 0.7252 - val_auc_custom: 0.7253 - val_f1_custom: 0.6355 - val_recall_custom: 0.6415 - 1s/epoch - 22ms/step
Curriculum: set focal gamma = 1.0000 (epoch 21)
Epoch 21/70
56/56 - 1s - loss: 0.1212 - auc: 0.8011 - val_loss: 0.1490 - val_auc: 0.7367 - val_auc_custom: 0.7371 - val_f1_custom: 0.5319 - val_recall_custom: 0.4717 - 1s/epoch - 22ms/step
Curriculum: set focal gamma = 1.0000 (epoch 22)
Epoch 22/70
56/56 - 1s - loss: 0.1210 - auc: 0.8013 - val_loss: 0.1604 - val_auc: 0.7036 - val_auc_custom: 0.7031 - val_f1_custom: 0.5946 - val_recall_custom: 0.6226 - 1s/epoch - 19ms/step
Curriculum: set focal gamma = 1.0000 (epoch 23)
Epoch 23/70
56/56 - 1s - loss: 0.1174 - auc: 0.8195 - val_loss: 0.1482 - val_auc: 0.7460 - val_auc_custom: 0.7464 - val_f1_custom: 0.6000 - val_recall_custom: 0.5660 - 1s/epoch - 22ms/step
Curriculum: set focal gamma = 1.0000 (epoch 24)
Epoch 24/70
56/56 - 1s - loss: 0.1216 - auc: 0.7964 - val_loss: 0.1504 - val_auc: 0.7400 - val_auc_custom: 0.7401 - val_f1_custom: 0.6408 - val_recall_custom: 0.6226 - 1s/epoch - 21ms/step
Curriculum: set focal gamma = 1.0000 (epoch 25)
Epoch 25/70
56/56 - 1s - loss: 0.1173 - auc: 0.8186 - val_loss: 0.1999 - val_auc: 0.6933 - val_auc_custom: 0.6948 - val_f1_custom: 0.6000 - val_recall_custom: 0.7925 - 1s/epoch - 21ms/step
Curriculum: set focal gamma = 1.0000 (epoch 26)
Epoch 26/70
56/56 - 1s - loss: 0.1159 - auc: 0.8280 - val_loss: 0.1473 - val_auc: 0.7663 - val_auc_custom: 0.7678 - val_f1_custom: 0.4762 - val_recall_custom: 0.3774 - 1s/epoch - 22ms/step
Curriculum: set focal gamma = 1.0000 (epoch 27)
Epoch 27/70
56/56 - 1s - loss: 0.1170 - auc: 0.8194 - val_loss: 0.1611 - val_auc: 0.7361 - val_auc_custom: 0.7358 - val_f1_custom: 0.6491 - val_recall_custom: 0.6981 - 1s/epoch - 22ms/step
Curriculum: set focal gamma = 1.0000 (epoch 28)
Epoch 28/70
56/56 - 1s - loss: 0.1120 - auc: 0.8403 - val_loss: 0.1572 - val_auc: 0.7394 - val_auc_custom: 0.7391 - val_f1_custom: 0.6239 - val_recall_custom: 0.6415 - 1s/epoch - 20ms/step
Curriculum: set focal gamma = 1.0000 (epoch 29)
Epoch 29/70
56/56 - 1s - loss: 0.1098 - auc: 0.8465 - val_loss: 0.1539 - val_auc: 0.7418 - val_auc_custom: 0.7416 - val_f1_custom: 0.6139 - val_recall_custom: 0.5849 - 1s/epoch - 21ms/step
Curriculum: set focal gamma = 1.0000 (epoch 30)
Epoch 30/70
56/56 - 1s - loss: 0.1125 - auc: 0.8395 - val_loss: 0.1583 - val_auc: 0.7390 - val_auc_custom: 0.7396 - val_f1_custom: 0.6364 - val_recall_custom: 0.6604 - 1s/epoch - 20ms/step
Curriculum: set focal gamma = 1.0000 (epoch 31)
Epoch 31/70
56/56 - 1s - loss: 0.1107 - auc: 0.8427 - val_loss: 0.1751 - val_auc: 0.7224 - val_auc_custom: 0.7233 - val_f1_custom: 0.6387 - val_recall_custom: 0.7170 - 1s/epoch - 21ms/step
Curriculum: set focal gamma = 1.0000 (epoch 32)
Epoch 32/70
56/56 - 1s - loss: 0.1066 - auc: 0.8584 - val_loss: 0.1551 - val_auc: 0.7465 - val_auc_custom: 0.7477 - val_f1_custom: 0.5773 - val_recall_custom: 0.5283 - 1s/epoch - 20ms/step
Curriculum: set focal gamma = 1.0000 (epoch 33)
Epoch 33/70
56/56 - 1s - loss: 0.1066 - auc: 0.8573 - val_loss: 0.1572 - val_auc: 0.7494 - val_auc_custom: 0.7484 - val_f1_custom: 0.6214 - val_recall_custom: 0.6038 - 1s/epoch - 20ms/step
Curriculum: set focal gamma = 1.0000 (epoch 34)
Epoch 34/70
56/56 - 1s - loss: 0.0979 - auc: 0.8837 - val_loss: 0.1578 - val_auc: 0.7489 - val_auc_custom: 0.7494 - val_f1_custom: 0.6214 - val_recall_custom: 0.6038 - 1s/epoch - 20ms/step
Curriculum: set focal gamma = 1.0000 (epoch 35)
Epoch 35/70
56/56 - 1s - loss: 0.0957 - auc: 0.8858 - val_loss: 0.1557 - val_auc: 0.7696 - val_auc_custom: 0.7691 - val_f1_custom: 0.6139 - val_recall_custom: 0.5849 - 1s/epoch - 21ms/step
Curriculum: set focal gamma = 1.0000 (epoch 36)
Epoch 36/70
56/56 - 1s - loss: 0.0999 - auc: 0.8704 - val_loss: 0.1791 - val_auc: 0.7311 - val_auc_custom: 0.7303 - val_f1_custom: 0.6325 - val_recall_custom: 0.6981 - 1s/epoch - 21ms/step
Curriculum: set focal gamma = 1.0000 (epoch 37)
Epoch 37/70
56/56 - 1s - loss: 0.0973 - auc: 0.8838 - val_loss: 0.1638 - val_auc: 0.7469 - val_auc_custom: 0.7472 - val_f1_custom: 0.6286 - val_recall_custom: 0.6226 - 1s/epoch - 20ms/step
Curriculum: set focal gamma = 1.0000 (epoch 38)
Epoch 38/70
56/56 - 1s - loss: 0.1009 - auc: 0.8720 - val_loss: 0.1828 - val_auc: 0.7197 - val_auc_custom: 0.7197 - val_f1_custom: 0.6140 - val_recall_custom: 0.6604 - 1s/epoch - 19ms/step
Curriculum: set focal gamma = 1.0000 (epoch 39)
Epoch 39/70
56/56 - 1s - loss: 0.0894 - auc: 0.9031 - val_loss: 0.1824 - val_auc: 0.7385 - val_auc_custom: 0.7389 - val_f1_custom: 0.6271 - val_recall_custom: 0.6981 - 1s/epoch - 20ms/step
Curriculum: set focal gamma = 1.0000 (epoch 40)
Epoch 40/70
56/56 - 1s - loss: 0.0906 - auc: 0.8986 - val_loss: 0.1968 - val_auc: 0.7082 - val_auc_custom: 0.7074 - val_f1_custom: 0.6018 - val_recall_custom: 0.6415 - 1s/epoch - 20ms/step
Curriculum: set focal gamma = 1.0000 (epoch 41)
Epoch 41/70
56/56 - 1s - loss: 0.0915 - auc: 0.8962 - val_loss: 0.1961 - val_auc: 0.7433 - val_auc_custom: 0.7444 - val_f1_custom: 0.6240 - val_recall_custom: 0.7358 - 1s/epoch - 20ms/step
Curriculum: set focal gamma = 1.0000 (epoch 42)
Epoch 42/70
56/56 - 1s - loss: 0.0927 - auc: 0.8915 - val_loss: 0.1660 - val_auc: 0.7621 - val_auc_custom: 0.7625 - val_f1_custom: 0.6337 - val_recall_custom: 0.6038 - 1s/epoch - 20ms/step
Curriculum: set focal gamma = 1.0000 (epoch 43)
Epoch 43/70
56/56 - 1s - loss: 0.0878 - auc: 0.9058 - val_loss: 0.2215 - val_auc: 0.6990 - val_auc_custom: 0.6981 - val_f1_custom: 0.6016 - val_recall_custom: 0.6981 - 1s/epoch - 20ms/step
Curriculum: set focal gamma = 1.0000 (epoch 44)
Epoch 44/70
56/56 - 1s - loss: 0.0882 - auc: 0.9058 - val_loss: 0.1704 - val_auc: 0.7649 - val_auc_custom: 0.7648 - val_f1_custom: 0.6481 - val_recall_custom: 0.6604 - 1s/epoch - 20ms/step
Curriculum: set focal gamma = 1.0000 (epoch 45)
Epoch 45/70
56/56 - 1s - loss: 0.0833 - auc: 0.9166 - val_loss: 0.2073 - val_auc: 0.7151 - val_auc_custom: 0.7691 - val_f1_custom: 0.6139 - val_recall_custom: 0.5849 - 1s/epoch - 21ms/step
Mask config -> mode=soft, threshold=0.6, window_gate=None
Done. Results saved to /home/user/projects/train/model/long_window/CNN_BiLSTM/result_focal_refine/cw03_fg09/01
