2025-09-18 15:54:59.757955: I tensorflow/core/util/port.cc:110] oneDNN custom operations are on. You may see slightly different numerical results due to floating-point round-off errors from different computation orders. To turn them off, set the environment variable `TF_ENABLE_ONEDNN_OPTS=0`.
2025-09-18 15:55:00.009247: I tensorflow/core/platform/cpu_feature_guard.cc:182] This TensorFlow binary is optimized to use available CPU instructions in performance-critical operations.
To enable the following instructions: AVX2 AVX_VNNI FMA, in other operations, rebuild TensorFlow with the appropriate compiler flags.
2025-09-18 15:55:00.859548: W tensorflow/compiler/tf2tensorrt/utils/py_utils.cc:38] TF-TRT Warning: Could not find TensorRT
2025-09-18 15:55:01.783943: I tensorflow/compiler/xla/stream_executor/cuda/cuda_gpu_executor.cc:981] could not open file to read NUMA node: /sys/bus/pci/devices/0000:01:00.0/numa_node
Your kernel may have been built without NUMA support.
2025-09-18 15:55:01.932902: I tensorflow/compiler/xla/stream_executor/cuda/cuda_gpu_executor.cc:981] could not open file to read NUMA node: /sys/bus/pci/devices/0000:01:00.0/numa_node
Your kernel may have been built without NUMA support.
2025-09-18 15:55:01.932958: I tensorflow/compiler/xla/stream_executor/cuda/cuda_gpu_executor.cc:981] could not open file to read NUMA node: /sys/bus/pci/devices/0000:01:00.0/numa_node
Your kernel may have been built without NUMA support.
2025-09-18 15:55:01.935907: I tensorflow/compiler/xla/stream_executor/cuda/cuda_gpu_executor.cc:981] could not open file to read NUMA node: /sys/bus/pci/devices/0000:01:00.0/numa_node
Your kernel may have been built without NUMA support.
2025-09-18 15:55:01.935987: I tensorflow/compiler/xla/stream_executor/cuda/cuda_gpu_executor.cc:981] could not open file to read NUMA node: /sys/bus/pci/devices/0000:01:00.0/numa_node
Your kernel may have been built without NUMA support.
2025-09-18 15:55:01.936008: I tensorflow/compiler/xla/stream_executor/cuda/cuda_gpu_executor.cc:981] could not open file to read NUMA node: /sys/bus/pci/devices/0000:01:00.0/numa_node
Your kernel may have been built without NUMA support.
2025-09-18 15:55:02.125770: I tensorflow/compiler/xla/stream_executor/cuda/cuda_gpu_executor.cc:981] could not open file to read NUMA node: /sys/bus/pci/devices/0000:01:00.0/numa_node
Your kernel may have been built without NUMA support.
2025-09-18 15:55:02.125887: I tensorflow/compiler/xla/stream_executor/cuda/cuda_gpu_executor.cc:981] could not open file to read NUMA node: /sys/bus/pci/devices/0000:01:00.0/numa_node
Your kernel may have been built without NUMA support.
2025-09-18 15:55:02.125896: I tensorflow/core/common_runtime/gpu/gpu_device.cc:1726] Could not identify NUMA node of platform GPU id 0, defaulting to 0.  Your kernel may not have been built with NUMA support.
2025-09-18 15:55:02.125919: I tensorflow/compiler/xla/stream_executor/cuda/cuda_gpu_executor.cc:981] could not open file to read NUMA node: /sys/bus/pci/devices/0000:01:00.0/numa_node
Your kernel may have been built without NUMA support.
2025-09-18 15:55:02.125942: I tensorflow/core/common_runtime/gpu/gpu_device.cc:1639] Created device /job:localhost/replica:0/task:0/device:GPU:0 with 9517 MB memory:  -> device: 0, name: NVIDIA GeForce RTX 4070 SUPER, pci bus id: 0000:01:00.0, compute capability: 8.9
GPU detected: 1 physical, 1 logical -> ['/device:GPU:0']
Config: batch=16, accumulate_steps=8 -> effective_batch=128
Loaded (1276, 36, 75) (1276,)
Using mask channel "occlusion_flag" from long_raw (index 7)
Model: "cnn_bilstm_attn_masked"
__________________________________________________________________________________________________
 Layer (type)                Output Shape                 Param #   Connected to                  
==================================================================================================
 input (InputLayer)          [(None, 36, 75)]             0         []                            
                                                                                                  
 permute_time_features (Per  (None, 75, 36)               0         ['input[0][0]']               
 mute)                                                                                            
                                                                                                  
 conv0 (Conv1D)              (None, 75, 64)               6976      ['permute_time_features[0][0]'
                                                                    ]                             
                                                                                                  
 bn0 (BatchNormalization)    (None, 75, 64)               256       ['conv0[0][0]']               
                                                                                                  
 act0 (Activation)           (None, 75, 64)               0         ['bn0[0][0]']                 
                                                                                                  
 conv_dropout0 (Dropout)     (None, 75, 64)               0         ['act0[0][0]']                
                                                                                                  
 conv1 (Conv1D)              (None, 75, 64)               20544     ['conv_dropout0[0][0]']       
                                                                                                  
 bn1 (BatchNormalization)    (None, 75, 64)               256       ['conv1[0][0]']               
                                                                                                  
 act1 (Activation)           (None, 75, 64)               0         ['bn1[0][0]']                 
                                                                                                  
 conv_dropout1 (Dropout)     (None, 75, 64)               0         ['act1[0][0]']                
                                                                                                  
 conv2 (Conv1D)              (None, 75, 64)               12352     ['conv_dropout1[0][0]']       
                                                                                                  
 bn2 (BatchNormalization)    (None, 75, 64)               256       ['conv2[0][0]']               
                                                                                                  
 act2 (Activation)           (None, 75, 64)               0         ['bn2[0][0]']                 
                                                                                                  
 conv_dropout2 (Dropout)     (None, 75, 64)               0         ['act2[0][0]']                
                                                                                                  
 bilstm (Bidirectional)      (None, 75, 128)              66048     ['conv_dropout2[0][0]']       
                                                                                                  
 mlp_attn_u (Dense)          (None, 75, 32)               4128      ['bilstm[0][0]']              
                                                                                                  
 mlp_attn_score (Dense)      (None, 75, 1)                33        ['mlp_attn_u[0][0]']          
                                                                                                  
 mlp_attn_squeeze (Lambda)   (None, 75)                   0         ['mlp_attn_score[0][0]']      
                                                                                                  
 attn_mask (InputLayer)      [(None, 75)]                 0         []                            
                                                                                                  
 mlp_attn_apply_mask (Lambd  (None, 75)                   0         ['mlp_attn_squeeze[0][0]',    
 a)                                                                  'attn_mask[0][0]']           
                                                                                                  
 mlp_attn_softmax (Lambda)   (None, 75)                   0         ['mlp_attn_apply_mask[0][0]'] 
                                                                                                  
 mlp_attn_expand (Lambda)    (None, 75, 1)                0         ['mlp_attn_softmax[0][0]']    
                                                                                                  
 mlp_attn_weighted (Lambda)  (None, 128)                  0         ['bilstm[0][0]',              
                                                                     'mlp_attn_expand[0][0]']     
                                                                                                  
 fc1 (Dense)                 (None, 64)                   8256      ['mlp_attn_weighted[0][0]']   
                                                                                                  
 fc_dropout (Dropout)        (None, 64)                   0         ['fc1[0][0]']                 
                                                                                                  
 out (Dense)                 (None, 1)                    65        ['fc_dropout[0][0]']          
                                                                                                  
==================================================================================================
Total params: 119171 (465.51 KB)
Trainable params: 118786 (464.01 KB)
Non-trainable params: 385 (1.50 KB)
__________________________________________________________________________________________________
None
Writing results to result_multi_seed_precision_aware/seed5/01
Curriculum: set focal gamma = 0.0000 (epoch 1)
Epoch 1/60
2025-09-18 15:55:07.315841: I tensorflow/compiler/xla/stream_executor/cuda/cuda_dnn.cc:432] Loaded cuDNN version 8600
2025-09-18 15:55:07.546625: I tensorflow/tsl/platform/default/subprocess.cc:304] Start cannot spawn child process: No such file or directory
2025-09-18 15:55:07.902429: I tensorflow/compiler/xla/stream_executor/cuda/cuda_blas.cc:606] TensorFloat-32 will be used for the matrix multiplication. This will only be logged once.
2025-09-18 15:55:08.635707: I tensorflow/compiler/xla/service/service.cc:168] XLA service 0x64b83bb84450 initialized for platform CUDA (this does not guarantee that XLA will be used). Devices:
2025-09-18 15:55:08.635761: I tensorflow/compiler/xla/service/service.cc:176]   StreamExecutor device (0): NVIDIA GeForce RTX 4070 SUPER, Compute Capability 8.9
2025-09-18 15:55:08.678864: I tensorflow/compiler/mlir/tensorflow/utils/dump_mlir_util.cc:255] disabling MLIR crash reproducer, set env var `MLIR_CRASH_REPRODUCER_DIRECTORY` to enable.
2025-09-18 15:55:08.825660: I tensorflow/tsl/platform/default/subprocess.cc:304] Start cannot spawn child process: No such file or directory
2025-09-18 15:55:08.876154: I ./tensorflow/compiler/jit/device_compiler.h:186] Compiled cluster using XLA!  This line is logged at most once for the lifetime of the process.
WARNING:tensorflow:Can save best model only with val_precision_aware available, skipping.
WARNING:tensorflow:Early stopping conditioned on metric `val_precision_aware` which is not available. Available metrics are: loss,auc,val_loss,val_auc
56/56 - 9s - loss: 0.3472 - auc: 0.4957 - val_loss: 0.3506 - val_auc: 0.4967 - val_auc_custom: 0.5019 - val_f1_custom: 0.0000e+00 - val_recall_custom: 0.0000e+00 - val_composite: 0.1004 - val_precision_aware: 0.1004 - 9s/epoch - 168ms/step
Curriculum: set focal gamma = 0.0526 (epoch 2)
Epoch 2/60
WARNING:tensorflow:Can save best model only with val_precision_aware available, skipping.
WARNING:tensorflow:Early stopping conditioned on metric `val_precision_aware` which is not available. Available metrics are: loss,auc,val_loss,val_auc
56/56 - 2s - loss: 0.2998 - auc: 0.5739 - val_loss: 0.3164 - val_auc: 0.5918 - val_auc_custom: 0.5940 - val_f1_custom: 0.0000e+00 - val_recall_custom: 0.0000e+00 - val_composite: 0.1188 - val_precision_aware: 0.1188 - 2s/epoch - 37ms/step
Curriculum: set focal gamma = 0.1053 (epoch 3)
Epoch 3/60
WARNING:tensorflow:Can save best model only with val_precision_aware available, skipping.
WARNING:tensorflow:Early stopping conditioned on metric `val_precision_aware` which is not available. Available metrics are: loss,auc,val_loss,val_auc
56/56 - 2s - loss: 0.2796 - auc: 0.5790 - val_loss: 0.2944 - val_auc: 0.6165 - val_auc_custom: 0.6186 - val_f1_custom: 0.0000e+00 - val_recall_custom: 0.0000e+00 - val_composite: 0.1237 - val_precision_aware: 0.1237 - 2s/epoch - 40ms/step
Curriculum: set focal gamma = 0.1579 (epoch 4)
Epoch 4/60
WARNING:tensorflow:Can save best model only with val_precision_aware available, skipping.
WARNING:tensorflow:Early stopping conditioned on metric `val_precision_aware` which is not available. Available metrics are: loss,auc,val_loss,val_auc
56/56 - 2s - loss: 0.2640 - auc: 0.6359 - val_loss: 0.2822 - val_auc: 0.6248 - val_auc_custom: 0.6236 - val_f1_custom: 0.0357 - val_recall_custom: 0.0189 - val_composite: 0.1449 - val_precision_aware: 0.3021 - 2s/epoch - 39ms/step
Curriculum: set focal gamma = 0.2105 (epoch 5)
Epoch 5/60
WARNING:tensorflow:Can save best model only with val_precision_aware available, skipping.
WARNING:tensorflow:Early stopping conditioned on metric `val_precision_aware` which is not available. Available metrics are: loss,auc,val_loss,val_auc
56/56 - 2s - loss: 0.2546 - auc: 0.6274 - val_loss: 0.2704 - val_auc: 0.6274 - val_auc_custom: 0.6264 - val_f1_custom: 0.1034 - val_recall_custom: 0.0566 - val_composite: 0.1846 - val_precision_aware: 0.4563 - 2s/epoch - 36ms/step
Curriculum: set focal gamma = 0.2632 (epoch 6)
Epoch 6/60
WARNING:tensorflow:Can save best model only with val_precision_aware available, skipping.
WARNING:tensorflow:Early stopping conditioned on metric `val_precision_aware` which is not available. Available metrics are: loss,auc,val_loss,val_auc
56/56 - 2s - loss: 0.2421 - auc: 0.6472 - val_loss: 0.2604 - val_auc: 0.6208 - val_auc_custom: 0.6206 - val_f1_custom: 0.2500 - val_recall_custom: 0.1509 - val_composite: 0.2746 - val_precision_aware: 0.5628 - 2s/epoch - 38ms/step
Curriculum: set focal gamma = 0.3158 (epoch 7)
Epoch 7/60
WARNING:tensorflow:Can save best model only with val_precision_aware available, skipping.
WARNING:tensorflow:Early stopping conditioned on metric `val_precision_aware` which is not available. Available metrics are: loss,auc,val_loss,val_auc
56/56 - 2s - loss: 0.2303 - auc: 0.6625 - val_loss: 0.2518 - val_auc: 0.6160 - val_auc_custom: 0.6158 - val_f1_custom: 0.2571 - val_recall_custom: 0.1698 - val_composite: 0.2852 - val_precision_aware: 0.4650 - 2s/epoch - 38ms/step
Curriculum: set focal gamma = 0.3684 (epoch 8)
Epoch 8/60
WARNING:tensorflow:Can save best model only with val_precision_aware available, skipping.
WARNING:tensorflow:Early stopping conditioned on metric `val_precision_aware` which is not available. Available metrics are: loss,auc,val_loss,val_auc
56/56 - 2s - loss: 0.2184 - auc: 0.6828 - val_loss: 0.2432 - val_auc: 0.6123 - val_auc_custom: 0.6121 - val_f1_custom: 0.3056 - val_recall_custom: 0.2075 - val_composite: 0.3179 - val_precision_aware: 0.5036 - 2s/epoch - 41ms/step
Curriculum: set focal gamma = 0.4211 (epoch 9)
Epoch 9/60
WARNING:tensorflow:Can save best model only with val_precision_aware available, skipping.
WARNING:tensorflow:Early stopping conditioned on metric `val_precision_aware` which is not available. Available metrics are: loss,auc,val_loss,val_auc
56/56 - 2s - loss: 0.2110 - auc: 0.6797 - val_loss: 0.2340 - val_auc: 0.6175 - val_auc_custom: 0.6174 - val_f1_custom: 0.2353 - val_recall_custom: 0.1509 - val_composite: 0.2695 - val_precision_aware: 0.4607 - 2s/epoch - 37ms/step
Curriculum: set focal gamma = 0.4737 (epoch 10)
Epoch 10/60
WARNING:tensorflow:Can save best model only with val_precision_aware available, skipping.
WARNING:tensorflow:Early stopping conditioned on metric `val_precision_aware` which is not available. Available metrics are: loss,auc,val_loss,val_auc
56/56 - 2s - loss: 0.2018 - auc: 0.6835 - val_loss: 0.2243 - val_auc: 0.6275 - val_auc_custom: 0.6277 - val_f1_custom: 0.2571 - val_recall_custom: 0.1698 - val_composite: 0.2876 - val_precision_aware: 0.4674 - 2s/epoch - 37ms/step
Curriculum: set focal gamma = 0.5263 (epoch 11)
Epoch 11/60
WARNING:tensorflow:Can save best model only with val_precision_aware available, skipping.
WARNING:tensorflow:Early stopping conditioned on metric `val_precision_aware` which is not available. Available metrics are: loss,auc,val_loss,val_auc
56/56 - 2s - loss: 0.1962 - auc: 0.6792 - val_loss: 0.2164 - val_auc: 0.6337 - val_auc_custom: 0.6327 - val_f1_custom: 0.2857 - val_recall_custom: 0.1887 - val_composite: 0.3066 - val_precision_aware: 0.5064 - 2s/epoch - 37ms/step
Curriculum: set focal gamma = 0.5789 (epoch 12)
Epoch 12/60
WARNING:tensorflow:Can save best model only with val_precision_aware available, skipping.
WARNING:tensorflow:Early stopping conditioned on metric `val_precision_aware` which is not available. Available metrics are: loss,auc,val_loss,val_auc
56/56 - 2s - loss: 0.1846 - auc: 0.7138 - val_loss: 0.2072 - val_auc: 0.6420 - val_auc_custom: 0.6415 - val_f1_custom: 0.3467 - val_recall_custom: 0.2453 - val_composite: 0.3549 - val_precision_aware: 0.5278 - 2s/epoch - 37ms/step
Curriculum: set focal gamma = 0.6316 (epoch 13)
Epoch 13/60
WARNING:tensorflow:Can save best model only with val_precision_aware available, skipping.
WARNING:tensorflow:Early stopping conditioned on metric `val_precision_aware` which is not available. Available metrics are: loss,auc,val_loss,val_auc
56/56 - 2s - loss: 0.1753 - auc: 0.7238 - val_loss: 0.1982 - val_auc: 0.6527 - val_auc_custom: 0.6536 - val_f1_custom: 0.3684 - val_recall_custom: 0.2642 - val_composite: 0.3733 - val_precision_aware: 0.5456 - 2s/epoch - 38ms/step
Curriculum: set focal gamma = 0.6842 (epoch 14)
Epoch 14/60
WARNING:tensorflow:Can save best model only with val_precision_aware available, skipping.
WARNING:tensorflow:Early stopping conditioned on metric `val_precision_aware` which is not available. Available metrics are: loss,auc,val_loss,val_auc
56/56 - 2s - loss: 0.1689 - auc: 0.7294 - val_loss: 0.1880 - val_auc: 0.6765 - val_auc_custom: 0.6752 - val_f1_custom: 0.3056 - val_recall_custom: 0.2075 - val_composite: 0.3305 - val_precision_aware: 0.5162 - 2s/epoch - 37ms/step
Curriculum: set focal gamma = 0.7368 (epoch 15)
Epoch 15/60
WARNING:tensorflow:Can save best model only with val_precision_aware available, skipping.
WARNING:tensorflow:Early stopping conditioned on metric `val_precision_aware` which is not available. Available metrics are: loss,auc,val_loss,val_auc
56/56 - 2s - loss: 0.1602 - auc: 0.7366 - val_loss: 0.1797 - val_auc: 0.6946 - val_auc_custom: 0.6943 - val_f1_custom: 0.3014 - val_recall_custom: 0.2075 - val_composite: 0.3331 - val_precision_aware: 0.5043 - 2s/epoch - 35ms/step
Curriculum: set focal gamma = 0.7895 (epoch 16)
Epoch 16/60
WARNING:tensorflow:Can save best model only with val_precision_aware available, skipping.
WARNING:tensorflow:Early stopping conditioned on metric `val_precision_aware` which is not available. Available metrics are: loss,auc,val_loss,val_auc
56/56 - 2s - loss: 0.1504 - auc: 0.7582 - val_loss: 0.1730 - val_auc: 0.6979 - val_auc_custom: 0.6984 - val_f1_custom: 0.4444 - val_recall_custom: 0.3396 - val_composite: 0.4428 - val_precision_aware: 0.5944 - 2s/epoch - 36ms/step
Curriculum: set focal gamma = 0.8421 (epoch 17)
Epoch 17/60
WARNING:tensorflow:Can save best model only with val_precision_aware available, skipping.
WARNING:tensorflow:Early stopping conditioned on metric `val_precision_aware` which is not available. Available metrics are: loss,auc,val_loss,val_auc
56/56 - 2s - loss: 0.1470 - auc: 0.7496 - val_loss: 0.1642 - val_auc: 0.7196 - val_auc_custom: 0.7197 - val_f1_custom: 0.3467 - val_recall_custom: 0.2453 - val_composite: 0.3706 - val_precision_aware: 0.5434 - 2s/epoch - 37ms/step
Curriculum: set focal gamma = 0.8947 (epoch 18)
Epoch 18/60
WARNING:tensorflow:Can save best model only with val_precision_aware available, skipping.
WARNING:tensorflow:Early stopping conditioned on metric `val_precision_aware` which is not available. Available metrics are: loss,auc,val_loss,val_auc
56/56 - 2s - loss: 0.1357 - auc: 0.7859 - val_loss: 0.1575 - val_auc: 0.7264 - val_auc_custom: 0.7275 - val_f1_custom: 0.5111 - val_recall_custom: 0.4340 - val_composite: 0.5158 - val_precision_aware: 0.6097 - 2s/epoch - 41ms/step
Curriculum: set focal gamma = 0.9474 (epoch 19)
Epoch 19/60
WARNING:tensorflow:Can save best model only with val_precision_aware available, skipping.
WARNING:tensorflow:Early stopping conditioned on metric `val_precision_aware` which is not available. Available metrics are: loss,auc,val_loss,val_auc
56/56 - 2s - loss: 0.1295 - auc: 0.7855 - val_loss: 0.1534 - val_auc: 0.7242 - val_auc_custom: 0.7253 - val_f1_custom: 0.5217 - val_recall_custom: 0.4528 - val_composite: 0.5280 - val_precision_aware: 0.6093 - 2s/epoch - 39ms/step
Curriculum: set focal gamma = 1.0000 (epoch 20)
Epoch 20/60
WARNING:tensorflow:Can save best model only with val_precision_aware available, skipping.
WARNING:tensorflow:Early stopping conditioned on metric `val_precision_aware` which is not available. Available metrics are: loss,auc,val_loss,val_auc
56/56 - 2s - loss: 0.1243 - auc: 0.7887 - val_loss: 0.1467 - val_auc: 0.7395 - val_auc_custom: 0.7399 - val_f1_custom: 0.4304 - val_recall_custom: 0.3208 - val_composite: 0.4375 - val_precision_aware: 0.6040 - 2s/epoch - 39ms/step
Curriculum: set focal gamma = 1.0000 (epoch 21)
Epoch 21/60
WARNING:tensorflow:Can save best model only with val_precision_aware available, skipping.
WARNING:tensorflow:Early stopping conditioned on metric `val_precision_aware` which is not available. Available metrics are: loss,auc,val_loss,val_auc
56/56 - 2s - loss: 0.1255 - auc: 0.7821 - val_loss: 0.1470 - val_auc: 0.7336 - val_auc_custom: 0.7328 - val_f1_custom: 0.5333 - val_recall_custom: 0.4528 - val_composite: 0.5330 - val_precision_aware: 0.6309 - 2s/epoch - 37ms/step
Curriculum: set focal gamma = 1.0000 (epoch 22)
Epoch 22/60
WARNING:tensorflow:Can save best model only with val_precision_aware available, skipping.
WARNING:tensorflow:Early stopping conditioned on metric `val_precision_aware` which is not available. Available metrics are: loss,auc,val_loss,val_auc
56/56 - 2s - loss: 0.1230 - auc: 0.7927 - val_loss: 0.1552 - val_auc: 0.7187 - val_auc_custom: 0.7180 - val_f1_custom: 0.5688 - val_recall_custom: 0.5849 - val_composite: 0.6067 - val_precision_aware: 0.5910 - 2s/epoch - 39ms/step
Curriculum: set focal gamma = 1.0000 (epoch 23)
Epoch 23/60
WARNING:tensorflow:Can save best model only with val_precision_aware available, skipping.
WARNING:tensorflow:Early stopping conditioned on metric `val_precision_aware` which is not available. Available metrics are: loss,auc,val_loss,val_auc
56/56 - 2s - loss: 0.1160 - auc: 0.8216 - val_loss: 0.1430 - val_auc: 0.7594 - val_auc_custom: 0.7590 - val_f1_custom: 0.6042 - val_recall_custom: 0.5472 - val_composite: 0.6066 - val_precision_aware: 0.6703 - 2s/epoch - 40ms/step
Curriculum: set focal gamma = 1.0000 (epoch 24)
Epoch 24/60
WARNING:tensorflow:Can save best model only with val_precision_aware available, skipping.
WARNING:tensorflow:Early stopping conditioned on metric `val_precision_aware` which is not available. Available metrics are: loss,auc,val_loss,val_auc
56/56 - 2s - loss: 0.1159 - auc: 0.8249 - val_loss: 0.1420 - val_auc: 0.7693 - val_auc_custom: 0.7701 - val_f1_custom: 0.6042 - val_recall_custom: 0.5472 - val_composite: 0.6088 - val_precision_aware: 0.6725 - 2s/epoch - 39ms/step
Curriculum: set focal gamma = 1.0000 (epoch 25)
Epoch 25/60
WARNING:tensorflow:Can save best model only with val_precision_aware available, skipping.
WARNING:tensorflow:Early stopping conditioned on metric `val_precision_aware` which is not available. Available metrics are: loss,auc,val_loss,val_auc
56/56 - 2s - loss: 0.1171 - auc: 0.8215 - val_loss: 0.1549 - val_auc: 0.7449 - val_auc_custom: 0.7452 - val_f1_custom: 0.6296 - val_recall_custom: 0.6415 - val_composite: 0.6587 - val_precision_aware: 0.6470 - 2s/epoch - 37ms/step
Curriculum: set focal gamma = 1.0000 (epoch 26)
Epoch 26/60
WARNING:tensorflow:Can save best model only with val_precision_aware available, skipping.
WARNING:tensorflow:Early stopping conditioned on metric `val_precision_aware` which is not available. Available metrics are: loss,auc,val_loss,val_auc
56/56 - 2s - loss: 0.1132 - auc: 0.8317 - val_loss: 0.1518 - val_auc: 0.7595 - val_auc_custom: 0.7587 - val_f1_custom: 0.4634 - val_recall_custom: 0.3585 - val_composite: 0.4700 - val_precision_aware: 0.6184 - 2s/epoch - 38ms/step
Curriculum: set focal gamma = 1.0000 (epoch 27)
Epoch 27/60
WARNING:tensorflow:Can save best model only with val_precision_aware available, skipping.
WARNING:tensorflow:Early stopping conditioned on metric `val_precision_aware` which is not available. Available metrics are: loss,auc,val_loss,val_auc
56/56 - 2s - loss: 0.1137 - auc: 0.8306 - val_loss: 0.1483 - val_auc: 0.7623 - val_auc_custom: 0.7625 - val_f1_custom: 0.5495 - val_recall_custom: 0.4717 - val_composite: 0.5532 - val_precision_aware: 0.6463 - 2s/epoch - 40ms/step
Curriculum: set focal gamma = 1.0000 (epoch 28)
Epoch 28/60
WARNING:tensorflow:Can save best model only with val_precision_aware available, skipping.
WARNING:tensorflow:Early stopping conditioned on metric `val_precision_aware` which is not available. Available metrics are: loss,auc,val_loss,val_auc
56/56 - 2s - loss: 0.1107 - auc: 0.8462 - val_loss: 0.1483 - val_auc: 0.7585 - val_auc_custom: 0.7590 - val_f1_custom: 0.6022 - val_recall_custom: 0.5283 - val_composite: 0.5966 - val_precision_aware: 0.6824 - 2s/epoch - 40ms/step
Curriculum: set focal gamma = 1.0000 (epoch 29)
Epoch 29/60
WARNING:tensorflow:Can save best model only with val_precision_aware available, skipping.
WARNING:tensorflow:Early stopping conditioned on metric `val_precision_aware` which is not available. Available metrics are: loss,auc,val_loss,val_auc
56/56 - 2s - loss: 0.1085 - auc: 0.8528 - val_loss: 0.1496 - val_auc: 0.7673 - val_auc_custom: 0.7686 - val_f1_custom: 0.5000 - val_recall_custom: 0.3962 - val_composite: 0.5018 - val_precision_aware: 0.6424 - 2s/epoch - 38ms/step
Curriculum: set focal gamma = 1.0000 (epoch 30)
Epoch 30/60
WARNING:tensorflow:Can save best model only with val_precision_aware available, skipping.
WARNING:tensorflow:Early stopping conditioned on metric `val_precision_aware` which is not available. Available metrics are: loss,auc,val_loss,val_auc
56/56 - 2s - loss: 0.1096 - auc: 0.8445 - val_loss: 0.1585 - val_auc: 0.7491 - val_auc_custom: 0.7497 - val_f1_custom: 0.6667 - val_recall_custom: 0.6604 - val_composite: 0.6801 - val_precision_aware: 0.6865 - 2s/epoch - 37ms/step
Curriculum: set focal gamma = 1.0000 (epoch 31)
Epoch 31/60
WARNING:tensorflow:Can save best model only with val_precision_aware available, skipping.
WARNING:tensorflow:Early stopping conditioned on metric `val_precision_aware` which is not available. Available metrics are: loss,auc,val_loss,val_auc
56/56 - 2s - loss: 0.1078 - auc: 0.8520 - val_loss: 0.1523 - val_auc: 0.7639 - val_auc_custom: 0.7630 - val_f1_custom: 0.5455 - val_recall_custom: 0.4528 - val_composite: 0.5427 - val_precision_aware: 0.6591 - 2s/epoch - 40ms/step
Curriculum: set focal gamma = 1.0000 (epoch 32)
Epoch 32/60
WARNING:tensorflow:Can save best model only with val_precision_aware available, skipping.
WARNING:tensorflow:Early stopping conditioned on metric `val_precision_aware` which is not available. Available metrics are: loss,auc,val_loss,val_auc
56/56 - 2s - loss: 0.1063 - auc: 0.8595 - val_loss: 0.1523 - val_auc: 0.7604 - val_auc_custom: 0.7603 - val_f1_custom: 0.5591 - val_recall_custom: 0.4906 - val_composite: 0.5651 - val_precision_aware: 0.6448 - 2s/epoch - 39ms/step
Curriculum: set focal gamma = 1.0000 (epoch 33)
Epoch 33/60
WARNING:tensorflow:Can save best model only with val_precision_aware available, skipping.
WARNING:tensorflow:Early stopping conditioned on metric `val_precision_aware` which is not available. Available metrics are: loss,auc,val_loss,val_auc
56/56 - 2s - loss: 0.1028 - auc: 0.8649 - val_loss: 0.1705 - val_auc: 0.7434 - val_auc_custom: 0.7436 - val_f1_custom: 0.6050 - val_recall_custom: 0.6792 - val_composite: 0.6699 - val_precision_aware: 0.6030 - 2s/epoch - 38ms/step
Curriculum: set focal gamma = 1.0000 (epoch 34)
Epoch 34/60
WARNING:tensorflow:Can save best model only with val_precision_aware available, skipping.
WARNING:tensorflow:Early stopping conditioned on metric `val_precision_aware` which is not available. Available metrics are: loss,auc,val_loss,val_auc
56/56 - 2s - loss: 0.0991 - auc: 0.8763 - val_loss: 0.1601 - val_auc: 0.7668 - val_auc_custom: 0.7668 - val_f1_custom: 0.4878 - val_recall_custom: 0.3774 - val_composite: 0.4884 - val_precision_aware: 0.6445 - 2s/epoch - 38ms/step
Curriculum: set focal gamma = 1.0000 (epoch 35)
Epoch 35/60
WARNING:tensorflow:Can save best model only with val_precision_aware available, skipping.
WARNING:tensorflow:Early stopping conditioned on metric `val_precision_aware` which is not available. Available metrics are: loss,auc,val_loss,val_auc
56/56 - 2s - loss: 0.1010 - auc: 0.8713 - val_loss: 0.1600 - val_auc: 0.7718 - val_auc_custom: 0.7721 - val_f1_custom: 0.6105 - val_recall_custom: 0.5472 - val_composite: 0.6112 - val_precision_aware: 0.6828 - 2s/epoch - 38ms/step
Curriculum: set focal gamma = 1.0000 (epoch 36)
Epoch 36/60
WARNING:tensorflow:Can save best model only with val_precision_aware available, skipping.
WARNING:tensorflow:Early stopping conditioned on metric `val_precision_aware` which is not available. Available metrics are: loss,auc,val_loss,val_auc
56/56 - 2s - loss: 0.0979 - auc: 0.8854 - val_loss: 0.1653 - val_auc: 0.7594 - val_auc_custom: 0.7590 - val_f1_custom: 0.5393 - val_recall_custom: 0.4528 - val_composite: 0.5400 - val_precision_aware: 0.6469 - 2s/epoch - 37ms/step
Curriculum: set focal gamma = 1.0000 (epoch 37)
Epoch 37/60
WARNING:tensorflow:Can save best model only with val_precision_aware available, skipping.
WARNING:tensorflow:Early stopping conditioned on metric `val_precision_aware` which is not available. Available metrics are: loss,auc,val_loss,val_auc
56/56 - 2s - loss: 0.0975 - auc: 0.8863 - val_loss: 0.1607 - val_auc: 0.7824 - val_auc_custom: 0.7824 - val_f1_custom: 0.5287 - val_recall_custom: 0.4340 - val_composite: 0.5321 - val_precision_aware: 0.6533 - 2s/epoch - 37ms/step
Curriculum: set focal gamma = 1.0000 (epoch 38)
Epoch 38/60
WARNING:tensorflow:Can save best model only with val_precision_aware available, skipping.
WARNING:tensorflow:Early stopping conditioned on metric `val_precision_aware` which is not available. Available metrics are: loss,auc,val_loss,val_auc
56/56 - 2s - loss: 0.0962 - auc: 0.8856 - val_loss: 0.1579 - val_auc: 0.7805 - val_auc_custom: 0.7811 - val_f1_custom: 0.6733 - val_recall_custom: 0.6415 - val_composite: 0.6790 - val_precision_aware: 0.7124 - 2s/epoch - 44ms/step
Curriculum: set focal gamma = 1.0000 (epoch 39)
Epoch 39/60
WARNING:tensorflow:Can save best model only with val_precision_aware available, skipping.
WARNING:tensorflow:Early stopping conditioned on metric `val_precision_aware` which is not available. Available metrics are: loss,auc,val_loss,val_auc
56/56 - 2s - loss: 0.0968 - auc: 0.8842 - val_loss: 0.1586 - val_auc: 0.7892 - val_auc_custom: 0.7902 - val_f1_custom: 0.5412 - val_recall_custom: 0.4340 - val_composite: 0.5374 - val_precision_aware: 0.6798 - 2s/epoch - 41ms/step
Curriculum: set focal gamma = 1.0000 (epoch 40)
Epoch 40/60
WARNING:tensorflow:Can save best model only with val_precision_aware available, skipping.
WARNING:tensorflow:Early stopping conditioned on metric `val_precision_aware` which is not available. Available metrics are: loss,auc,val_loss,val_auc
56/56 - 2s - loss: 0.0945 - auc: 0.8910 - val_loss: 0.1788 - val_auc: 0.7733 - val_auc_custom: 0.7733 - val_f1_custom: 0.6774 - val_recall_custom: 0.7925 - val_composite: 0.7541 - val_precision_aware: 0.6537 - 2s/epoch - 39ms/step
Curriculum: set focal gamma = 1.0000 (epoch 41)
Epoch 41/60
WARNING:tensorflow:Can save best model only with val_precision_aware available, skipping.
WARNING:tensorflow:Early stopping conditioned on metric `val_precision_aware` which is not available. Available metrics are: loss,auc,val_loss,val_auc
56/56 - 2s - loss: 0.0890 - auc: 0.9032 - val_loss: 0.1609 - val_auc: 0.7842 - val_auc_custom: 0.7844 - val_f1_custom: 0.4819 - val_recall_custom: 0.3774 - val_composite: 0.4901 - val_precision_aware: 0.6348 - 2s/epoch - 37ms/step
Curriculum: set focal gamma = 1.0000 (epoch 42)
Epoch 42/60
WARNING:tensorflow:Can save best model only with val_precision_aware available, skipping.
WARNING:tensorflow:Early stopping conditioned on metric `val_precision_aware` which is not available. Available metrics are: loss,auc,val_loss,val_auc
56/56 - 2s - loss: 0.0905 - auc: 0.8993 - val_loss: 0.1607 - val_auc: 0.7896 - val_auc_custom: 0.7892 - val_f1_custom: 0.6786 - val_recall_custom: 0.7170 - val_composite: 0.7199 - val_precision_aware: 0.6834 - 2s/epoch - 41ms/step
Curriculum: set focal gamma = 1.0000 (epoch 43)
Epoch 43/60
WARNING:tensorflow:Can save best model only with val_precision_aware available, skipping.
WARNING:tensorflow:Early stopping conditioned on metric `val_precision_aware` which is not available. Available metrics are: loss,auc,val_loss,val_auc
56/56 - 2s - loss: 0.0846 - auc: 0.9116 - val_loss: 0.1659 - val_auc: 0.7855 - val_auc_custom: 0.7852 - val_f1_custom: 0.4634 - val_recall_custom: 0.3585 - val_composite: 0.4753 - val_precision_aware: 0.6236 - 2s/epoch - 38ms/step
Curriculum: set focal gamma = 1.0000 (epoch 44)
Epoch 44/60
WARNING:tensorflow:Can save best model only with val_precision_aware available, skipping.
WARNING:tensorflow:Early stopping conditioned on metric `val_precision_aware` which is not available. Available metrics are: loss,auc,val_loss,val_auc
56/56 - 2s - loss: 0.0849 - auc: 0.9179 - val_loss: 0.1692 - val_auc: 0.7818 - val_auc_custom: 0.7821 - val_f1_custom: 0.6486 - val_recall_custom: 0.6792 - val_composite: 0.6906 - val_precision_aware: 0.6614 - 2s/epoch - 39ms/step
Curriculum: set focal gamma = 1.0000 (epoch 45)
Epoch 45/60
WARNING:tensorflow:Can save best model only with val_precision_aware available, skipping.
WARNING:tensorflow:Early stopping conditioned on metric `val_precision_aware` which is not available. Available metrics are: loss,auc,val_loss,val_auc
56/56 - 2s - loss: 0.0898 - auc: 0.9031 - val_loss: 0.1577 - val_auc: 0.7896 - val_auc_custom: 0.7902 - val_f1_custom: 0.5618 - val_recall_custom: 0.4717 - val_composite: 0.5624 - val_precision_aware: 0.6738 - 2s/epoch - 40ms/step
Curriculum: set focal gamma = 1.0000 (epoch 46)
Epoch 46/60
WARNING:tensorflow:Can save best model only with val_precision_aware available, skipping.
WARNING:tensorflow:Early stopping conditioned on metric `val_precision_aware` which is not available. Available metrics are: loss,auc,val_loss,val_auc
56/56 - 2s - loss: 0.0845 - auc: 0.9192 - val_loss: 0.1712 - val_auc: 0.7799 - val_auc_custom: 0.7811 - val_f1_custom: 0.4304 - val_recall_custom: 0.3208 - val_composite: 0.4457 - val_precision_aware: 0.6123 - 2s/epoch - 39ms/step
Curriculum: set focal gamma = 1.0000 (epoch 47)
Epoch 47/60
WARNING:tensorflow:Can save best model only with val_precision_aware available, skipping.
WARNING:tensorflow:Early stopping conditioned on metric `val_precision_aware` which is not available. Available metrics are: loss,auc,val_loss,val_auc
56/56 - 2s - loss: 0.0860 - auc: 0.9124 - val_loss: 0.1556 - val_auc: 0.7990 - val_auc_custom: 0.7987 - val_f1_custom: 0.6598 - val_recall_custom: 0.6038 - val_composite: 0.6596 - val_precision_aware: 0.7213 - 2s/epoch - 43ms/step
Curriculum: set focal gamma = 1.0000 (epoch 48)
Epoch 48/60
WARNING:tensorflow:Can save best model only with val_precision_aware available, skipping.
WARNING:tensorflow:Early stopping conditioned on metric `val_precision_aware` which is not available. Available metrics are: loss,auc,val_loss,val_auc
56/56 - 2s - loss: 0.0834 - auc: 0.9161 - val_loss: 0.1584 - val_auc: 0.7877 - val_auc_custom: 0.7874 - val_f1_custom: 0.6337 - val_recall_custom: 0.6038 - val_composite: 0.6495 - val_precision_aware: 0.6809 - 2s/epoch - 37ms/step
Curriculum: set focal gamma = 1.0000 (epoch 49)
Epoch 49/60
WARNING:tensorflow:Can save best model only with val_precision_aware available, skipping.
WARNING:tensorflow:Early stopping conditioned on metric `val_precision_aware` which is not available. Available metrics are: loss,auc,val_loss,val_auc
56/56 - 2s - loss: 0.0800 - auc: 0.9235 - val_loss: 0.1646 - val_auc: 0.7926 - val_auc_custom: 0.7930 - val_f1_custom: 0.5870 - val_recall_custom: 0.5094 - val_composite: 0.5894 - val_precision_aware: 0.6808 - 2s/epoch - 38ms/step
Curriculum: set focal gamma = 1.0000 (epoch 50)
Epoch 50/60
WARNING:tensorflow:Can save best model only with val_precision_aware available, skipping.
WARNING:tensorflow:Early stopping conditioned on metric `val_precision_aware` which is not available. Available metrics are: loss,auc,val_loss,val_auc
56/56 - 2s - loss: 0.0799 - auc: 0.9228 - val_loss: 0.1785 - val_auc: 0.7845 - val_auc_custom: 0.7847 - val_f1_custom: 0.6847 - val_recall_custom: 0.7170 - val_composite: 0.7208 - val_precision_aware: 0.6899 - 2s/epoch - 42ms/step
Curriculum: set focal gamma = 1.0000 (epoch 51)
Epoch 51/60
WARNING:tensorflow:Can save best model only with val_precision_aware available, skipping.
WARNING:tensorflow:Early stopping conditioned on metric `val_precision_aware` which is not available. Available metrics are: loss,auc,val_loss,val_auc
56/56 - 2s - loss: 0.0796 - auc: 0.9222 - val_loss: 0.1909 - val_auc: 0.7848 - val_auc_custom: 0.7844 - val_f1_custom: 0.4051 - val_recall_custom: 0.3019 - val_composite: 0.4293 - val_precision_aware: 0.5861 - 2s/epoch - 40ms/step
Curriculum: set focal gamma = 1.0000 (epoch 52)
Epoch 52/60
WARNING:tensorflow:Can save best model only with val_precision_aware available, skipping.
WARNING:tensorflow:Early stopping conditioned on metric `val_precision_aware` which is not available. Available metrics are: loss,auc,val_loss,val_auc
56/56 - 2s - loss: 0.0744 - auc: 0.9341 - val_loss: 0.2272 - val_auc: 0.7527 - val_auc_custom: 0.7532 - val_f1_custom: 0.6667 - val_recall_custom: 0.7925 - val_composite: 0.7469 - val_precision_aware: 0.6383 - 2s/epoch - 40ms/step
Curriculum: set focal gamma = 1.0000 (epoch 53)
Epoch 53/60
WARNING:tensorflow:Can save best model only with val_precision_aware available, skipping.
WARNING:tensorflow:Early stopping conditioned on metric `val_precision_aware` which is not available. Available metrics are: loss,auc,val_loss,val_auc
56/56 - 2s - loss: 0.0777 - auc: 0.9284 - val_loss: 0.1780 - val_auc: 0.7770 - val_auc_custom: 0.7774 - val_f1_custom: 0.5333 - val_recall_custom: 0.4528 - val_composite: 0.5419 - val_precision_aware: 0.6398 - 2s/epoch - 38ms/step
Curriculum: set focal gamma = 1.0000 (epoch 54)
Epoch 54/60
WARNING:tensorflow:Can save best model only with val_precision_aware available, skipping.
WARNING:tensorflow:Early stopping conditioned on metric `val_precision_aware` which is not available. Available metrics are: loss,auc,val_loss,val_auc
56/56 - 2s - loss: 0.0777 - auc: 0.9270 - val_loss: 0.1932 - val_auc: 0.7725 - val_auc_custom: 0.7728 - val_f1_custom: 0.6500 - val_recall_custom: 0.7358 - val_composite: 0.7175 - val_precision_aware: 0.6406 - 2s/epoch - 39ms/step
Curriculum: set focal gamma = 1.0000 (epoch 55)
Epoch 55/60
WARNING:tensorflow:Can save best model only with val_precision_aware available, skipping.
WARNING:tensorflow:Early stopping conditioned on metric `val_precision_aware` which is not available. Available metrics are: loss,auc,val_loss,val_auc
56/56 - 2s - loss: 0.0739 - auc: 0.9341 - val_loss: 0.1826 - val_auc: 0.7820 - val_auc_custom: 0.7821 - val_f1_custom: 0.5116 - val_recall_custom: 0.4151 - val_composite: 0.5175 - val_precision_aware: 0.6432 - 2s/epoch - 39ms/step
Curriculum: set focal gamma = 1.0000 (epoch 56)
Epoch 56/60
WARNING:tensorflow:Can save best model only with val_precision_aware available, skipping.
WARNING:tensorflow:Early stopping conditioned on metric `val_precision_aware` which is not available. Available metrics are: loss,auc,val_loss,val_auc
56/56 - 2s - loss: 0.0688 - auc: 0.9454 - val_loss: 0.1787 - val_auc: 0.7779 - val_auc_custom: 0.7781 - val_f1_custom: 0.6355 - val_recall_custom: 0.6415 - val_composite: 0.6670 - val_precision_aware: 0.6611 - 2s/epoch - 41ms/step
Curriculum: set focal gamma = 1.0000 (epoch 57)
Epoch 57/60
WARNING:tensorflow:Can save best model only with val_precision_aware available, skipping.
WARNING:tensorflow:Early stopping conditioned on metric `val_precision_aware` which is not available. Available metrics are: loss,auc,val_loss,val_auc
56/56 - 2s - loss: 0.0686 - auc: 0.9451 - val_loss: 0.1686 - val_auc: 0.7948 - val_auc_custom: 0.7947 - val_f1_custom: 0.6667 - val_recall_custom: 0.6038 - val_composite: 0.6608 - val_precision_aware: 0.7310 - 2s/epoch - 39ms/step
Curriculum: set focal gamma = 1.0000 (epoch 58)
Epoch 58/60
WARNING:tensorflow:Can save best model only with val_precision_aware available, skipping.
WARNING:tensorflow:Early stopping conditioned on metric `val_precision_aware` which is not available. Available metrics are: loss,auc,val_loss,val_auc
56/56 - 2s - loss: 0.0744 - auc: 0.9341 - val_loss: 0.1781 - val_auc: 0.7860 - val_auc_custom: 0.7862 - val_f1_custom: 0.5934 - val_recall_custom: 0.5094 - val_composite: 0.5900 - val_precision_aware: 0.6905 - 2s/epoch - 41ms/step
Curriculum: set focal gamma = 1.0000 (epoch 59)
Epoch 59/60
WARNING:tensorflow:Can save best model only with val_precision_aware available, skipping.
WARNING:tensorflow:Early stopping conditioned on metric `val_precision_aware` which is not available. Available metrics are: loss,auc,val_loss,val_auc
56/56 - 2s - loss: 0.0749 - auc: 0.9336 - val_loss: 0.1809 - val_auc: 0.7873 - val_auc_custom: 0.7872 - val_f1_custom: 0.6909 - val_recall_custom: 0.7170 - val_composite: 0.7232 - val_precision_aware: 0.6980 - 2s/epoch - 39ms/step
Curriculum: set focal gamma = 1.0000 (epoch 60)
Epoch 60/60
WARNING:tensorflow:Can save best model only with val_precision_aware available, skipping.
WARNING:tensorflow:Early stopping conditioned on metric `val_precision_aware` which is not available. Available metrics are: loss,auc,val_loss,val_auc
56/56 - 2s - loss: 0.0768 - auc: 0.9281 - val_loss: 0.1755 - val_auc: 0.7813 - val_auc_custom: 0.7814 - val_f1_custom: 0.6481 - val_recall_custom: 0.6604 - val_composite: 0.6809 - val_precision_aware: 0.6689 - 2s/epoch - 36ms/step
Mask config -> mode=soft, threshold=0.6, window_gate=None
Done. Results saved to result_multi_seed_precision_aware/seed5/01
