2025-09-22 02:25:38.971879: I tensorflow/core/util/port.cc:110] oneDNN custom operations are on. You may see slightly different numerical results due to floating-point round-off errors from different computation orders. To turn them off, set the environment variable `TF_ENABLE_ONEDNN_OPTS=0`.
2025-09-22 02:25:39.000537: I tensorflow/core/platform/cpu_feature_guard.cc:182] This TensorFlow binary is optimized to use available CPU instructions in performance-critical operations.
To enable the following instructions: AVX2 AVX_VNNI FMA, in other operations, rebuild TensorFlow with the appropriate compiler flags.
2025-09-22 02:25:39.402222: W tensorflow/compiler/tf2tensorrt/utils/py_utils.cc:38] TF-TRT Warning: Could not find TensorRT
2025-09-22 02:25:39.796765: I tensorflow/compiler/xla/stream_executor/cuda/cuda_gpu_executor.cc:981] could not open file to read NUMA node: /sys/bus/pci/devices/0000:01:00.0/numa_node
Your kernel may have been built without NUMA support.
2025-09-22 02:25:39.825703: I tensorflow/compiler/xla/stream_executor/cuda/cuda_gpu_executor.cc:981] could not open file to read NUMA node: /sys/bus/pci/devices/0000:01:00.0/numa_node
Your kernel may have been built without NUMA support.
2025-09-22 02:25:39.825956: I tensorflow/compiler/xla/stream_executor/cuda/cuda_gpu_executor.cc:981] could not open file to read NUMA node: /sys/bus/pci/devices/0000:01:00.0/numa_node
Your kernel may have been built without NUMA support.
2025-09-22 02:25:39.827635: I tensorflow/compiler/xla/stream_executor/cuda/cuda_gpu_executor.cc:981] could not open file to read NUMA node: /sys/bus/pci/devices/0000:01:00.0/numa_node
Your kernel may have been built without NUMA support.
2025-09-22 02:25:39.827737: I tensorflow/compiler/xla/stream_executor/cuda/cuda_gpu_executor.cc:981] could not open file to read NUMA node: /sys/bus/pci/devices/0000:01:00.0/numa_node
Your kernel may have been built without NUMA support.
2025-09-22 02:25:39.827779: I tensorflow/compiler/xla/stream_executor/cuda/cuda_gpu_executor.cc:981] could not open file to read NUMA node: /sys/bus/pci/devices/0000:01:00.0/numa_node
Your kernel may have been built without NUMA support.
2025-09-22 02:25:39.931381: I tensorflow/compiler/xla/stream_executor/cuda/cuda_gpu_executor.cc:981] could not open file to read NUMA node: /sys/bus/pci/devices/0000:01:00.0/numa_node
Your kernel may have been built without NUMA support.
2025-09-22 02:25:39.931491: I tensorflow/compiler/xla/stream_executor/cuda/cuda_gpu_executor.cc:981] could not open file to read NUMA node: /sys/bus/pci/devices/0000:01:00.0/numa_node
Your kernel may have been built without NUMA support.
2025-09-22 02:25:39.931499: I tensorflow/core/common_runtime/gpu/gpu_device.cc:1726] Could not identify NUMA node of platform GPU id 0, defaulting to 0.  Your kernel may not have been built with NUMA support.
2025-09-22 02:25:39.931521: I tensorflow/compiler/xla/stream_executor/cuda/cuda_gpu_executor.cc:981] could not open file to read NUMA node: /sys/bus/pci/devices/0000:01:00.0/numa_node
Your kernel may have been built without NUMA support.
2025-09-22 02:25:39.931543: I tensorflow/core/common_runtime/gpu/gpu_device.cc:1639] Created device /job:localhost/replica:0/task:0/device:GPU:0 with 9517 MB memory:  -> device: 0, name: NVIDIA GeForce RTX 4070 SUPER, pci bus id: 0000:01:00.0, compute capability: 8.9
[feature_check] OK: train/test feature_list identical (n=36)
GPU detected: 1 physical, 1 logical -> ['/device:GPU:0']
Config: batch=16, accumulate_steps=8 -> effective_batch=128
Loaded (for internal train/val)  (1276, 36, 75) (1276,)
Loaded EXTERNAL TEST: (354, 36, 75) from /home/user/projects/train/test_data/slipce/windows_npz.npz
[mask] windows_npz.npz using occlusion_flag ch=7
[mask] windows_npz.npz using occlusion_flag ch=7
Model: "cnn_bilstm_attn_masked"
__________________________________________________________________________________________________
 Layer (type)                Output Shape                 Param #   Connected to                  
==================================================================================================
 input (InputLayer)          [(None, 36, 75)]             0         []                            
                                                                                                  
 permute_time_features (Per  (None, 75, 36)               0         ['input[0][0]']               
 mute)                                                                                            
                                                                                                  
 conv0 (Conv1D)              (None, 75, 64)               6976      ['permute_time_features[0][0]'
                                                                    ]                             
                                                                                                  
 bn0 (BatchNormalization)    (None, 75, 64)               256       ['conv0[0][0]']               
                                                                                                  
 act0 (Activation)           (None, 75, 64)               0         ['bn0[0][0]']                 
                                                                                                  
 conv_dropout0 (Dropout)     (None, 75, 64)               0         ['act0[0][0]']                
                                                                                                  
 conv1 (Conv1D)              (None, 75, 64)               20544     ['conv_dropout0[0][0]']       
                                                                                                  
 bn1 (BatchNormalization)    (None, 75, 64)               256       ['conv1[0][0]']               
                                                                                                  
 act1 (Activation)           (None, 75, 64)               0         ['bn1[0][0]']                 
                                                                                                  
 conv_dropout1 (Dropout)     (None, 75, 64)               0         ['act1[0][0]']                
                                                                                                  
 conv2 (Conv1D)              (None, 75, 64)               12352     ['conv_dropout1[0][0]']       
                                                                                                  
 bn2 (BatchNormalization)    (None, 75, 64)               256       ['conv2[0][0]']               
                                                                                                  
 act2 (Activation)           (None, 75, 64)               0         ['bn2[0][0]']                 
                                                                                                  
 conv_dropout2 (Dropout)     (None, 75, 64)               0         ['act2[0][0]']                
                                                                                                  
 bilstm (Bidirectional)      (None, 75, 128)              66048     ['conv_dropout2[0][0]']       
                                                                                                  
 mlp_attn_u (Dense)          (None, 75, 32)               4128      ['bilstm[0][0]']              
                                                                                                  
 mlp_attn_score (Dense)      (None, 75, 1)                33        ['mlp_attn_u[0][0]']          
                                                                                                  
 mlp_attn_squeeze (Lambda)   (None, 75)                   0         ['mlp_attn_score[0][0]']      
                                                                                                  
 attn_mask (InputLayer)      [(None, 75)]                 0         []                            
                                                                                                  
 mlp_attn_apply_mask (Lambd  (None, 75)                   0         ['mlp_attn_squeeze[0][0]',    
 a)                                                                  'attn_mask[0][0]']           
                                                                                                  
 mlp_attn_softmax (Lambda)   (None, 75)                   0         ['mlp_attn_apply_mask[0][0]'] 
                                                                                                  
 mlp_attn_expand (Lambda)    (None, 75, 1)                0         ['mlp_attn_softmax[0][0]']    
                                                                                                  
 mlp_attn_weighted (Lambda)  (None, 128)                  0         ['bilstm[0][0]',              
                                                                     'mlp_attn_expand[0][0]']     
                                                                                                  
 fc1 (Dense)                 (None, 64)                   8256      ['mlp_attn_weighted[0][0]']   
                                                                                                  
 fc_dropout (Dropout)        (None, 64)                   0         ['fc1[0][0]']                 
                                                                                                  
 out (Dense)                 (None, 1)                    65        ['fc_dropout[0][0]']          
                                                                                                  
==================================================================================================
Total params: 119171 (465.51 KB)
Trainable params: 118786 (464.01 KB)
Non-trainable params: 385 (1.50 KB)
__________________________________________________________________________________________________
None
Writing results to result_multi_seed_composite_center/seed2/01
Curriculum: set focal gamma = 0.0000 (epoch 1)
Epoch 1/70
2025-09-22 02:25:44.988605: I tensorflow/compiler/xla/stream_executor/cuda/cuda_dnn.cc:432] Loaded cuDNN version 8600
2025-09-22 02:25:45.075204: I tensorflow/tsl/platform/default/subprocess.cc:304] Start cannot spawn child process: No such file or directory
2025-09-22 02:25:45.219737: I tensorflow/compiler/xla/stream_executor/cuda/cuda_blas.cc:606] TensorFloat-32 will be used for the matrix multiplication. This will only be logged once.
2025-09-22 02:25:45.537239: I tensorflow/compiler/xla/service/service.cc:168] XLA service 0x599270d9d5a0 initialized for platform CUDA (this does not guarantee that XLA will be used). Devices:
2025-09-22 02:25:45.537290: I tensorflow/compiler/xla/service/service.cc:176]   StreamExecutor device (0): NVIDIA GeForce RTX 4070 SUPER, Compute Capability 8.9
2025-09-22 02:25:45.541232: I tensorflow/compiler/mlir/tensorflow/utils/dump_mlir_util.cc:255] disabling MLIR crash reproducer, set env var `MLIR_CRASH_REPRODUCER_DIRECTORY` to enable.
2025-09-22 02:25:45.595758: I tensorflow/tsl/platform/default/subprocess.cc:304] Start cannot spawn child process: No such file or directory
2025-09-22 02:25:45.631239: I ./tensorflow/compiler/jit/device_compiler.h:186] Compiled cluster using XLA!  This line is logged at most once for the lifetime of the process.
WARNING:tensorflow:Can save best model only with val_composite available, skipping.
WARNING:tensorflow:Early stopping conditioned on metric `val_composite` which is not available. Available metrics are: loss,auc,val_loss,val_auc
56/56 - 7s - loss: 0.3344 - auc: 0.5066 - val_loss: 0.3357 - val_auc: 0.6127 - val_auc_custom: 0.6146 - val_f1_custom: 0.0000e+00 - val_recall_custom: 0.0000e+00 - val_composite: 0.1229 - val_precision_aware: 0.1229 - 7s/epoch - 122ms/step
Curriculum: set focal gamma = 0.0526 (epoch 2)
Epoch 2/70
WARNING:tensorflow:Can save best model only with val_composite available, skipping.
WARNING:tensorflow:Early stopping conditioned on metric `val_composite` which is not available. Available metrics are: loss,auc,val_loss,val_auc
56/56 - 1s - loss: 0.2966 - auc: 0.5559 - val_loss: 0.3075 - val_auc: 0.6299 - val_auc_custom: 0.6264 - val_f1_custom: 0.0000e+00 - val_recall_custom: 0.0000e+00 - val_composite: 0.1253 - val_precision_aware: 0.1253 - 1s/epoch - 19ms/step
Curriculum: set focal gamma = 0.1053 (epoch 3)
Epoch 3/70
WARNING:tensorflow:Can save best model only with val_composite available, skipping.
WARNING:tensorflow:Early stopping conditioned on metric `val_composite` which is not available. Available metrics are: loss,auc,val_loss,val_auc
56/56 - 1s - loss: 0.2802 - auc: 0.5955 - val_loss: 0.2897 - val_auc: 0.6503 - val_auc_custom: 0.6484 - val_f1_custom: 0.0364 - val_recall_custom: 0.0185 - val_composite: 0.1498 - val_precision_aware: 0.6406 - 1s/epoch - 19ms/step
Curriculum: set focal gamma = 0.1579 (epoch 4)
Epoch 4/70
WARNING:tensorflow:Can save best model only with val_composite available, skipping.
WARNING:tensorflow:Early stopping conditioned on metric `val_composite` which is not available. Available metrics are: loss,auc,val_loss,val_auc
56/56 - 1s - loss: 0.2664 - auc: 0.6218 - val_loss: 0.2751 - val_auc: 0.6552 - val_auc_custom: 0.6547 - val_f1_custom: 0.0690 - val_recall_custom: 0.0370 - val_composite: 0.1701 - val_precision_aware: 0.4016 - 1s/epoch - 19ms/step
Curriculum: set focal gamma = 0.2105 (epoch 5)
Epoch 5/70
WARNING:tensorflow:Can save best model only with val_composite available, skipping.
WARNING:tensorflow:Early stopping conditioned on metric `val_composite` which is not available. Available metrics are: loss,auc,val_loss,val_auc
56/56 - 1s - loss: 0.2539 - auc: 0.6394 - val_loss: 0.2633 - val_auc: 0.6647 - val_auc_custom: 0.6632 - val_f1_custom: 0.2857 - val_recall_custom: 0.1852 - val_composite: 0.3109 - val_precision_aware: 0.5308 - 1s/epoch - 20ms/step
Curriculum: set focal gamma = 0.2632 (epoch 6)
Epoch 6/70
WARNING:tensorflow:Can save best model only with val_composite available, skipping.
WARNING:tensorflow:Early stopping conditioned on metric `val_composite` which is not available. Available metrics are: loss,auc,val_loss,val_auc
56/56 - 1s - loss: 0.2411 - auc: 0.6629 - val_loss: 0.2527 - val_auc: 0.6662 - val_auc_custom: 0.6684 - val_f1_custom: 0.3099 - val_recall_custom: 0.2037 - val_composite: 0.3285 - val_precision_aware: 0.5502 - 1s/epoch - 20ms/step
Curriculum: set focal gamma = 0.3158 (epoch 7)
Epoch 7/70
WARNING:tensorflow:Can save best model only with val_composite available, skipping.
WARNING:tensorflow:Early stopping conditioned on metric `val_composite` which is not available. Available metrics are: loss,auc,val_loss,val_auc
56/56 - 1s - loss: 0.2326 - auc: 0.6575 - val_loss: 0.2421 - val_auc: 0.6734 - val_auc_custom: 0.6739 - val_f1_custom: 0.3143 - val_recall_custom: 0.2037 - val_composite: 0.3309 - val_precision_aware: 0.5728 - 1s/epoch - 20ms/step
Curriculum: set focal gamma = 0.3684 (epoch 8)
Epoch 8/70
WARNING:tensorflow:Can save best model only with val_composite available, skipping.
WARNING:tensorflow:Early stopping conditioned on metric `val_composite` which is not available. Available metrics are: loss,auc,val_loss,val_auc
56/56 - 1s - loss: 0.2194 - auc: 0.6835 - val_loss: 0.2322 - val_auc: 0.6788 - val_auc_custom: 0.6794 - val_f1_custom: 0.3143 - val_recall_custom: 0.2037 - val_composite: 0.3320 - val_precision_aware: 0.5739 - 1s/epoch - 19ms/step
Curriculum: set focal gamma = 0.4211 (epoch 9)
Epoch 9/70
WARNING:tensorflow:Can save best model only with val_composite available, skipping.
WARNING:tensorflow:Early stopping conditioned on metric `val_composite` which is not available. Available metrics are: loss,auc,val_loss,val_auc
56/56 - 1s - loss: 0.2142 - auc: 0.6707 - val_loss: 0.2232 - val_auc: 0.6858 - val_auc_custom: 0.6854 - val_f1_custom: 0.3143 - val_recall_custom: 0.2037 - val_composite: 0.3332 - val_precision_aware: 0.5751 - 1s/epoch - 19ms/step
Curriculum: set focal gamma = 0.4737 (epoch 10)
Epoch 10/70
WARNING:tensorflow:Can save best model only with val_composite available, skipping.
WARNING:tensorflow:Early stopping conditioned on metric `val_composite` which is not available. Available metrics are: loss,auc,val_loss,val_auc
56/56 - 1s - loss: 0.2043 - auc: 0.6820 - val_loss: 0.2148 - val_auc: 0.6934 - val_auc_custom: 0.6949 - val_f1_custom: 0.3099 - val_recall_custom: 0.2037 - val_composite: 0.3338 - val_precision_aware: 0.5555 - 1s/epoch - 19ms/step
Curriculum: set focal gamma = 0.5263 (epoch 11)
Epoch 11/70
WARNING:tensorflow:Can save best model only with val_composite available, skipping.
WARNING:tensorflow:Early stopping conditioned on metric `val_composite` which is not available. Available metrics are: loss,auc,val_loss,val_auc
56/56 - 1s - loss: 0.1960 - auc: 0.6886 - val_loss: 0.2057 - val_auc: 0.7002 - val_auc_custom: 0.7002 - val_f1_custom: 0.3099 - val_recall_custom: 0.2037 - val_composite: 0.3348 - val_precision_aware: 0.5565 - 1s/epoch - 20ms/step
Curriculum: set focal gamma = 0.5789 (epoch 12)
Epoch 12/70
WARNING:tensorflow:Can save best model only with val_composite available, skipping.
WARNING:tensorflow:Early stopping conditioned on metric `val_composite` which is not available. Available metrics are: loss,auc,val_loss,val_auc
56/56 - 1s - loss: 0.1850 - auc: 0.7108 - val_loss: 0.1969 - val_auc: 0.7141 - val_auc_custom: 0.7142 - val_f1_custom: 0.3380 - val_recall_custom: 0.2222 - val_composite: 0.3554 - val_precision_aware: 0.5972 - 1s/epoch - 20ms/step
Curriculum: set focal gamma = 0.6316 (epoch 13)
Epoch 13/70
WARNING:tensorflow:Can save best model only with val_composite available, skipping.
WARNING:tensorflow:Early stopping conditioned on metric `val_composite` which is not available. Available metrics are: loss,auc,val_loss,val_auc
56/56 - 1s - loss: 0.1766 - auc: 0.7216 - val_loss: 0.1891 - val_auc: 0.7216 - val_auc_custom: 0.7222 - val_f1_custom: 0.4416 - val_recall_custom: 0.3148 - val_composite: 0.4343 - val_precision_aware: 0.6465 - 1s/epoch - 20ms/step
Curriculum: set focal gamma = 0.6842 (epoch 14)
Epoch 14/70
WARNING:tensorflow:Can save best model only with val_composite available, skipping.
WARNING:tensorflow:Early stopping conditioned on metric `val_composite` which is not available. Available metrics are: loss,auc,val_loss,val_auc
56/56 - 1s - loss: 0.1731 - auc: 0.7026 - val_loss: 0.1817 - val_auc: 0.7404 - val_auc_custom: 0.7427 - val_f1_custom: 0.3896 - val_recall_custom: 0.2778 - val_composite: 0.4043 - val_precision_aware: 0.5915 - 1s/epoch - 20ms/step
Curriculum: set focal gamma = 0.7368 (epoch 15)
Epoch 15/70
WARNING:tensorflow:Can save best model only with val_composite available, skipping.
WARNING:tensorflow:Early stopping conditioned on metric `val_composite` which is not available. Available metrics are: loss,auc,val_loss,val_auc
56/56 - 1s - loss: 0.1628 - auc: 0.7365 - val_loss: 0.1740 - val_auc: 0.7495 - val_auc_custom: 0.7510 - val_f1_custom: 0.4211 - val_recall_custom: 0.2963 - val_composite: 0.4247 - val_precision_aware: 0.6402 - 1s/epoch - 21ms/step
Curriculum: set focal gamma = 0.7895 (epoch 16)
Epoch 16/70
WARNING:tensorflow:Can save best model only with val_composite available, skipping.
WARNING:tensorflow:Early stopping conditioned on metric `val_composite` which is not available. Available metrics are: loss,auc,val_loss,val_auc
56/56 - 1s - loss: 0.1577 - auc: 0.7282 - val_loss: 0.1687 - val_auc: 0.7526 - val_auc_custom: 0.7530 - val_f1_custom: 0.5060 - val_recall_custom: 0.3889 - val_composite: 0.4969 - val_precision_aware: 0.6645 - 1s/epoch - 20ms/step
Curriculum: set focal gamma = 0.8421 (epoch 17)
Epoch 17/70
WARNING:tensorflow:Can save best model only with val_composite available, skipping.
WARNING:tensorflow:Early stopping conditioned on metric `val_composite` which is not available. Available metrics are: loss,auc,val_loss,val_auc
56/56 - 1s - loss: 0.1470 - auc: 0.7533 - val_loss: 0.1584 - val_auc: 0.7649 - val_auc_custom: 0.7663 - val_f1_custom: 0.5185 - val_recall_custom: 0.3889 - val_composite: 0.5033 - val_precision_aware: 0.6977 - 1s/epoch - 20ms/step
Curriculum: set focal gamma = 0.8947 (epoch 18)
Epoch 18/70
WARNING:tensorflow:Can save best model only with val_composite available, skipping.
WARNING:tensorflow:Early stopping conditioned on metric `val_composite` which is not available. Available metrics are: loss,auc,val_loss,val_auc
56/56 - 1s - loss: 0.1382 - auc: 0.7778 - val_loss: 0.1528 - val_auc: 0.7774 - val_auc_custom: 0.7773 - val_f1_custom: 0.5870 - val_recall_custom: 0.5000 - val_composite: 0.5815 - val_precision_aware: 0.6868 - 1s/epoch - 20ms/step
Curriculum: set focal gamma = 0.9474 (epoch 19)
Epoch 19/70
WARNING:tensorflow:Can save best model only with val_composite available, skipping.
WARNING:tensorflow:Early stopping conditioned on metric `val_composite` which is not available. Available metrics are: loss,auc,val_loss,val_auc
56/56 - 1s - loss: 0.1331 - auc: 0.7732 - val_loss: 0.1435 - val_auc: 0.7685 - val_auc_custom: 0.7693 - val_f1_custom: 0.5934 - val_recall_custom: 0.5000 - val_composite: 0.5819 - val_precision_aware: 0.6967 - 1s/epoch - 20ms/step
Curriculum: set focal gamma = 1.0000 (epoch 20)
Epoch 20/70
WARNING:tensorflow:Can save best model only with val_composite available, skipping.
WARNING:tensorflow:Early stopping conditioned on metric `val_composite` which is not available. Available metrics are: loss,auc,val_loss,val_auc
56/56 - 1s - loss: 0.1258 - auc: 0.7843 - val_loss: 0.1399 - val_auc: 0.7768 - val_auc_custom: 0.7768 - val_f1_custom: 0.5979 - val_recall_custom: 0.5370 - val_composite: 0.6033 - val_precision_aware: 0.6719 - 1s/epoch - 19ms/step
Curriculum: set focal gamma = 1.0000 (epoch 21)
Epoch 21/70
WARNING:tensorflow:Can save best model only with val_composite available, skipping.
WARNING:tensorflow:Early stopping conditioned on metric `val_composite` which is not available. Available metrics are: loss,auc,val_loss,val_auc
56/56 - 1s - loss: 0.1221 - auc: 0.8016 - val_loss: 0.1359 - val_auc: 0.7745 - val_auc_custom: 0.7755 - val_f1_custom: 0.6022 - val_recall_custom: 0.5185 - val_composite: 0.5950 - val_precision_aware: 0.6947 - 1s/epoch - 20ms/step
Curriculum: set focal gamma = 1.0000 (epoch 22)
Epoch 22/70
WARNING:tensorflow:Can save best model only with val_composite available, skipping.
WARNING:tensorflow:Early stopping conditioned on metric `val_composite` which is not available. Available metrics are: loss,auc,val_loss,val_auc
56/56 - 1s - loss: 0.1217 - auc: 0.8085 - val_loss: 0.1370 - val_auc: 0.7817 - val_auc_custom: 0.7805 - val_f1_custom: 0.5918 - val_recall_custom: 0.5370 - val_composite: 0.6022 - val_precision_aware: 0.6632 - 1s/epoch - 21ms/step
Curriculum: set focal gamma = 1.0000 (epoch 23)
Epoch 23/70
WARNING:tensorflow:Can save best model only with val_composite available, skipping.
WARNING:tensorflow:Early stopping conditioned on metric `val_composite` which is not available. Available metrics are: loss,auc,val_loss,val_auc
56/56 - 1s - loss: 0.1190 - auc: 0.8177 - val_loss: 0.1393 - val_auc: 0.7774 - val_auc_custom: 0.7778 - val_f1_custom: 0.6275 - val_recall_custom: 0.5926 - val_composite: 0.6401 - val_precision_aware: 0.6771 - 1s/epoch - 22ms/step
Curriculum: set focal gamma = 1.0000 (epoch 24)
Epoch 24/70
WARNING:tensorflow:Can save best model only with val_composite available, skipping.
WARNING:tensorflow:Early stopping conditioned on metric `val_composite` which is not available. Available metrics are: loss,auc,val_loss,val_auc
56/56 - 1s - loss: 0.1205 - auc: 0.8104 - val_loss: 0.1343 - val_auc: 0.7845 - val_auc_custom: 0.7845 - val_f1_custom: 0.6105 - val_recall_custom: 0.5370 - val_composite: 0.6086 - val_precision_aware: 0.6937 - 1s/epoch - 21ms/step
Curriculum: set focal gamma = 1.0000 (epoch 25)
Epoch 25/70
WARNING:tensorflow:Can save best model only with val_composite available, skipping.
WARNING:tensorflow:Early stopping conditioned on metric `val_composite` which is not available. Available metrics are: loss,auc,val_loss,val_auc
56/56 - 1s - loss: 0.1177 - auc: 0.8223 - val_loss: 0.1358 - val_auc: 0.7780 - val_auc_custom: 0.7788 - val_f1_custom: 0.5122 - val_recall_custom: 0.3889 - val_composite: 0.5039 - val_precision_aware: 0.6844 - 1s/epoch - 20ms/step
Curriculum: set focal gamma = 1.0000 (epoch 26)
Epoch 26/70
WARNING:tensorflow:Can save best model only with val_composite available, skipping.
WARNING:tensorflow:Early stopping conditioned on metric `val_composite` which is not available. Available metrics are: loss,auc,val_loss,val_auc
56/56 - 1s - loss: 0.1152 - auc: 0.8310 - val_loss: 0.1433 - val_auc: 0.7704 - val_auc_custom: 0.7700 - val_f1_custom: 0.6038 - val_recall_custom: 0.5926 - val_composite: 0.6314 - val_precision_aware: 0.6428 - 1s/epoch - 20ms/step
Curriculum: set focal gamma = 1.0000 (epoch 27)
Epoch 27/70
WARNING:tensorflow:Can save best model only with val_composite available, skipping.
WARNING:tensorflow:Early stopping conditioned on metric `val_composite` which is not available. Available metrics are: loss,auc,val_loss,val_auc
56/56 - 1s - loss: 0.1161 - auc: 0.8234 - val_loss: 0.1362 - val_auc: 0.7738 - val_auc_custom: 0.7738 - val_f1_custom: 0.5250 - val_recall_custom: 0.3889 - val_composite: 0.5067 - val_precision_aware: 0.7161 - 1s/epoch - 19ms/step
Curriculum: set focal gamma = 1.0000 (epoch 28)
Epoch 28/70
WARNING:tensorflow:Can save best model only with val_composite available, skipping.
WARNING:tensorflow:Early stopping conditioned on metric `val_composite` which is not available. Available metrics are: loss,auc,val_loss,val_auc
56/56 - 1s - loss: 0.1118 - auc: 0.8403 - val_loss: 0.1332 - val_auc: 0.7862 - val_auc_custom: 0.7858 - val_f1_custom: 0.6000 - val_recall_custom: 0.5000 - val_composite: 0.5872 - val_precision_aware: 0.7122 - 1s/epoch - 21ms/step
Curriculum: set focal gamma = 1.0000 (epoch 29)
Epoch 29/70
WARNING:tensorflow:Can save best model only with val_composite available, skipping.
WARNING:tensorflow:Early stopping conditioned on metric `val_composite` which is not available. Available metrics are: loss,auc,val_loss,val_auc
56/56 - 1s - loss: 0.1073 - auc: 0.8544 - val_loss: 0.1378 - val_auc: 0.7785 - val_auc_custom: 0.7790 - val_f1_custom: 0.6019 - val_recall_custom: 0.5741 - val_composite: 0.6234 - val_precision_aware: 0.6527 - 1s/epoch - 19ms/step
Curriculum: set focal gamma = 1.0000 (epoch 30)
Epoch 30/70
WARNING:tensorflow:Can save best model only with val_composite available, skipping.
WARNING:tensorflow:Early stopping conditioned on metric `val_composite` which is not available. Available metrics are: loss,auc,val_loss,val_auc
56/56 - 1s - loss: 0.1100 - auc: 0.8468 - val_loss: 0.1348 - val_auc: 0.7820 - val_auc_custom: 0.7810 - val_f1_custom: 0.5979 - val_recall_custom: 0.5370 - val_composite: 0.6041 - val_precision_aware: 0.6728 - 1s/epoch - 21ms/step
Curriculum: set focal gamma = 1.0000 (epoch 31)
Epoch 31/70
WARNING:tensorflow:Can save best model only with val_composite available, skipping.
WARNING:tensorflow:Early stopping conditioned on metric `val_composite` which is not available. Available metrics are: loss,auc,val_loss,val_auc
56/56 - 1s - loss: 0.1072 - auc: 0.8520 - val_loss: 0.1352 - val_auc: 0.7789 - val_auc_custom: 0.7778 - val_f1_custom: 0.5918 - val_recall_custom: 0.5370 - val_composite: 0.6016 - val_precision_aware: 0.6627 - 1s/epoch - 20ms/step
Curriculum: set focal gamma = 1.0000 (epoch 32)
Epoch 32/70
WARNING:tensorflow:Can save best model only with val_composite available, skipping.
WARNING:tensorflow:Early stopping conditioned on metric `val_composite` which is not available. Available metrics are: loss,auc,val_loss,val_auc
56/56 - 1s - loss: 0.1020 - auc: 0.8731 - val_loss: 0.1429 - val_auc: 0.7721 - val_auc_custom: 0.7718 - val_f1_custom: 0.6355 - val_recall_custom: 0.6296 - val_composite: 0.6598 - val_precision_aware: 0.6658 - 1s/epoch - 20ms/step
Curriculum: set focal gamma = 1.0000 (epoch 33)
Epoch 33/70
WARNING:tensorflow:Can save best model only with val_composite available, skipping.
WARNING:tensorflow:Early stopping conditioned on metric `val_composite` which is not available. Available metrics are: loss,auc,val_loss,val_auc
56/56 - 1s - loss: 0.1083 - auc: 0.8494 - val_loss: 0.1428 - val_auc: 0.7650 - val_auc_custom: 0.7660 - val_f1_custom: 0.6200 - val_recall_custom: 0.5741 - val_composite: 0.6262 - val_precision_aware: 0.6762 - 1s/epoch - 20ms/step
Curriculum: set focal gamma = 1.0000 (epoch 34)
Epoch 34/70
WARNING:tensorflow:Can save best model only with val_composite available, skipping.
WARNING:tensorflow:Early stopping conditioned on metric `val_composite` which is not available. Available metrics are: loss,auc,val_loss,val_auc
56/56 - 1s - loss: 0.1008 - auc: 0.8747 - val_loss: 0.1480 - val_auc: 0.7778 - val_auc_custom: 0.7788 - val_f1_custom: 0.6239 - val_recall_custom: 0.6296 - val_composite: 0.6577 - val_precision_aware: 0.6520 - 1s/epoch - 20ms/step
Curriculum: set focal gamma = 1.0000 (epoch 35)
Epoch 35/70
WARNING:tensorflow:Can save best model only with val_composite available, skipping.
WARNING:tensorflow:Early stopping conditioned on metric `val_composite` which is not available. Available metrics are: loss,auc,val_loss,val_auc
56/56 - 1s - loss: 0.1002 - auc: 0.8730 - val_loss: 0.1379 - val_auc: 0.7802 - val_auc_custom: 0.7808 - val_f1_custom: 0.5843 - val_recall_custom: 0.4815 - val_composite: 0.5722 - val_precision_aware: 0.7029 - 1s/epoch - 20ms/step
Curriculum: set focal gamma = 1.0000 (epoch 36)
Epoch 36/70
WARNING:tensorflow:Can save best model only with val_composite available, skipping.
WARNING:tensorflow:Early stopping conditioned on metric `val_composite` which is not available. Available metrics are: loss,auc,val_loss,val_auc
56/56 - 1s - loss: 0.1042 - auc: 0.8723 - val_loss: 0.1448 - val_auc: 0.7767 - val_auc_custom: 0.7773 - val_f1_custom: 0.6476 - val_recall_custom: 0.6296 - val_composite: 0.6646 - val_precision_aware: 0.6831 - 1s/epoch - 19ms/step
Curriculum: set focal gamma = 1.0000 (epoch 37)
Epoch 37/70
WARNING:tensorflow:Can save best model only with val_composite available, skipping.
WARNING:tensorflow:Early stopping conditioned on metric `val_composite` which is not available. Available metrics are: loss,auc,val_loss,val_auc
56/56 - 1s - loss: 0.0966 - auc: 0.8856 - val_loss: 0.1523 - val_auc: 0.7650 - val_auc_custom: 0.7643 - val_f1_custom: 0.6545 - val_recall_custom: 0.6667 - val_composite: 0.6825 - val_precision_aware: 0.6706 - 1s/epoch - 20ms/step
Curriculum: set focal gamma = 1.0000 (epoch 38)
Epoch 38/70
WARNING:tensorflow:Can save best model only with val_composite available, skipping.
WARNING:tensorflow:Early stopping conditioned on metric `val_composite` which is not available. Available metrics are: loss,auc,val_loss,val_auc
56/56 - 1s - loss: 0.1016 - auc: 0.8731 - val_loss: 0.1434 - val_auc: 0.7656 - val_auc_custom: 0.7663 - val_f1_custom: 0.5918 - val_recall_custom: 0.5370 - val_composite: 0.5993 - val_precision_aware: 0.6603 - 1s/epoch - 20ms/step
Curriculum: set focal gamma = 1.0000 (epoch 39)
Epoch 39/70
WARNING:tensorflow:Can save best model only with val_composite available, skipping.
WARNING:tensorflow:Early stopping conditioned on metric `val_composite` which is not available. Available metrics are: loss,auc,val_loss,val_auc
56/56 - 1s - loss: 0.0913 - auc: 0.8989 - val_loss: 0.1461 - val_auc: 0.7695 - val_auc_custom: 0.7688 - val_f1_custom: 0.6139 - val_recall_custom: 0.5741 - val_composite: 0.6249 - val_precision_aware: 0.6677 - 1s/epoch - 21ms/step
Curriculum: set focal gamma = 1.0000 (epoch 40)
Epoch 40/70
WARNING:tensorflow:Can save best model only with val_composite available, skipping.
WARNING:tensorflow:Early stopping conditioned on metric `val_composite` which is not available. Available metrics are: loss,auc,val_loss,val_auc
56/56 - 1s - loss: 0.0937 - auc: 0.8905 - val_loss: 0.1570 - val_auc: 0.7613 - val_auc_custom: 0.7605 - val_f1_custom: 0.6545 - val_recall_custom: 0.6667 - val_composite: 0.6818 - val_precision_aware: 0.6699 - 1s/epoch - 20ms/step
Curriculum: set focal gamma = 1.0000 (epoch 41)
Epoch 41/70
WARNING:tensorflow:Can save best model only with val_composite available, skipping.
WARNING:tensorflow:Early stopping conditioned on metric `val_composite` which is not available. Available metrics are: loss,auc,val_loss,val_auc
56/56 - 1s - loss: 0.0958 - auc: 0.8873 - val_loss: 0.1654 - val_auc: 0.7606 - val_auc_custom: 0.7613 - val_f1_custom: 0.6316 - val_recall_custom: 0.6667 - val_composite: 0.6751 - val_precision_aware: 0.6417 - 1s/epoch - 21ms/step
Curriculum: set focal gamma = 1.0000 (epoch 42)
Epoch 42/70
WARNING:tensorflow:Can save best model only with val_composite available, skipping.
WARNING:tensorflow:Early stopping conditioned on metric `val_composite` which is not available. Available metrics are: loss,auc,val_loss,val_auc
56/56 - 1s - loss: 0.0884 - auc: 0.9040 - val_loss: 0.1460 - val_auc: 0.7661 - val_auc_custom: 0.7660 - val_f1_custom: 0.5806 - val_recall_custom: 0.5000 - val_composite: 0.5774 - val_precision_aware: 0.6736 - 1s/epoch - 20ms/step
Curriculum: set focal gamma = 1.0000 (epoch 43)
Epoch 43/70
WARNING:tensorflow:Can save best model only with val_composite available, skipping.
WARNING:tensorflow:Early stopping conditioned on metric `val_composite` which is not available. Available metrics are: loss,auc,val_loss,val_auc
56/56 - 1s - loss: 0.0949 - auc: 0.8882 - val_loss: 0.1824 - val_auc: 0.7675 - val_auc_custom: 0.7673 - val_f1_custom: 0.7049 - val_recall_custom: 0.7963 - val_composite: 0.7631 - val_precision_aware: 0.6811 - 1s/epoch - 21ms/step
Curriculum: set focal gamma = 1.0000 (epoch 44)
Epoch 44/70
WARNING:tensorflow:Can save best model only with val_composite available, skipping.
WARNING:tensorflow:Early stopping conditioned on metric `val_composite` which is not available. Available metrics are: loss,auc,val_loss,val_auc
56/56 - 1s - loss: 0.0881 - auc: 0.9065 - val_loss: 0.1501 - val_auc: 0.7621 - val_auc_custom: 0.7625 - val_f1_custom: 0.5227 - val_recall_custom: 0.4259 - val_composite: 0.5223 - val_precision_aware: 0.6476 - 1s/epoch - 20ms/step
Curriculum: set focal gamma = 1.0000 (epoch 45)
Epoch 45/70
WARNING:tensorflow:Can save best model only with val_composite available, skipping.
WARNING:tensorflow:Early stopping conditioned on metric `val_composite` which is not available. Available metrics are: loss,auc,val_loss,val_auc
56/56 - 1s - loss: 0.0846 - auc: 0.9147 - val_loss: 0.1581 - val_auc: 0.7639 - val_auc_custom: 0.7635 - val_f1_custom: 0.6476 - val_recall_custom: 0.6296 - val_composite: 0.6618 - val_precision_aware: 0.6803 - 1s/epoch - 20ms/step
Curriculum: set focal gamma = 1.0000 (epoch 46)
Epoch 46/70
WARNING:tensorflow:Can save best model only with val_composite available, skipping.
WARNING:tensorflow:Early stopping conditioned on metric `val_composite` which is not available. Available metrics are: loss,auc,val_loss,val_auc
56/56 - 1s - loss: 0.0910 - auc: 0.8964 - val_loss: 0.1554 - val_auc: 0.7518 - val_auc_custom: 0.7518 - val_f1_custom: 0.5743 - val_recall_custom: 0.5370 - val_composite: 0.5911 - val_precision_aware: 0.6311 - 1s/epoch - 22ms/step
Curriculum: set focal gamma = 1.0000 (epoch 47)
Epoch 47/70
WARNING:tensorflow:Can save best model only with val_composite available, skipping.
WARNING:tensorflow:Early stopping conditioned on metric `val_composite` which is not available. Available metrics are: loss,auc,val_loss,val_auc
56/56 - 1s - loss: 0.0819 - auc: 0.9202 - val_loss: 0.1559 - val_auc: 0.7690 - val_auc_custom: 0.7683 - val_f1_custom: 0.6729 - val_recall_custom: 0.6667 - val_composite: 0.6889 - val_precision_aware: 0.6951 - 1s/epoch - 20ms/step
Curriculum: set focal gamma = 1.0000 (epoch 48)
Epoch 48/70
WARNING:tensorflow:Can save best model only with val_composite available, skipping.
WARNING:tensorflow:Early stopping conditioned on metric `val_composite` which is not available. Available metrics are: loss,auc,val_loss,val_auc
56/56 - 1s - loss: 0.0881 - auc: 0.9031 - val_loss: 0.1542 - val_auc: 0.7633 - val_auc_custom: 0.7625 - val_f1_custom: 0.5773 - val_recall_custom: 0.5185 - val_composite: 0.5850 - val_precision_aware: 0.6513 - 1s/epoch - 20ms/step
Curriculum: set focal gamma = 1.0000 (epoch 49)
Epoch 49/70
WARNING:tensorflow:Can save best model only with val_composite available, skipping.
WARNING:tensorflow:Early stopping conditioned on metric `val_composite` which is not available. Available metrics are: loss,auc,val_loss,val_auc
56/56 - 1s - loss: 0.0868 - auc: 0.9073 - val_loss: 0.1522 - val_auc: 0.7740 - val_auc_custom: 0.7738 - val_f1_custom: 0.6337 - val_recall_custom: 0.5926 - val_composite: 0.6412 - val_precision_aware: 0.6853 - 1s/epoch - 21ms/step
Curriculum: set focal gamma = 1.0000 (epoch 50)
Epoch 50/70
WARNING:tensorflow:Can save best model only with val_composite available, skipping.
WARNING:tensorflow:Early stopping conditioned on metric `val_composite` which is not available. Available metrics are: loss,auc,val_loss,val_auc
56/56 - 1s - loss: 0.0809 - auc: 0.9215 - val_loss: 0.1769 - val_auc: 0.7629 - val_auc_custom: 0.7623 - val_f1_custom: 0.6316 - val_recall_custom: 0.6667 - val_composite: 0.6753 - val_precision_aware: 0.6419 - 1s/epoch - 21ms/step
Curriculum: set focal gamma = 1.0000 (epoch 51)
Epoch 51/70
WARNING:tensorflow:Can save best model only with val_composite available, skipping.
WARNING:tensorflow:Early stopping conditioned on metric `val_composite` which is not available. Available metrics are: loss,auc,val_loss,val_auc
56/56 - 1s - loss: 0.0818 - auc: 0.9184 - val_loss: 0.1508 - val_auc: 0.7654 - val_auc_custom: 0.7658 - val_f1_custom: 0.6250 - val_recall_custom: 0.5556 - val_composite: 0.6184 - val_precision_aware: 0.6978 - 1s/epoch - 22ms/step
Curriculum: set focal gamma = 1.0000 (epoch 52)
Epoch 52/70
WARNING:tensorflow:Can save best model only with val_composite available, skipping.
WARNING:tensorflow:Early stopping conditioned on metric `val_composite` which is not available. Available metrics are: loss,auc,val_loss,val_auc
56/56 - 1s - loss: 0.0805 - auc: 0.9218 - val_loss: 0.2264 - val_auc: 0.7499 - val_auc_custom: 0.7505 - val_f1_custom: 0.6614 - val_recall_custom: 0.7778 - val_composite: 0.7374 - val_precision_aware: 0.6362 - 1s/epoch - 19ms/step
Curriculum: set focal gamma = 1.0000 (epoch 53)
Epoch 53/70
WARNING:tensorflow:Can save best model only with val_composite available, skipping.
WARNING:tensorflow:Early stopping conditioned on metric `val_composite` which is not available. Available metrics are: loss,auc,val_loss,val_auc
56/56 - 1s - loss: 0.0770 - auc: 0.9315 - val_loss: 0.1620 - val_auc: 0.7757 - val_auc_custom: 0.7758 - val_f1_custom: 0.5500 - val_recall_custom: 0.4074 - val_composite: 0.5239 - val_precision_aware: 0.7432 - 1s/epoch - 19ms/step
Curriculum: set focal gamma = 1.0000 (epoch 54)
Epoch 54/70
WARNING:tensorflow:Can save best model only with val_composite available, skipping.
WARNING:tensorflow:Early stopping conditioned on metric `val_composite` which is not available. Available metrics are: loss,auc,val_loss,val_auc
56/56 - 1s - loss: 0.0813 - auc: 0.9237 - val_loss: 0.1739 - val_auc: 0.7838 - val_auc_custom: 0.7840 - val_f1_custom: 0.6610 - val_recall_custom: 0.7222 - val_composite: 0.7162 - val_precision_aware: 0.6598 - 1s/epoch - 21ms/step
Curriculum: set focal gamma = 1.0000 (epoch 55)
Epoch 55/70
WARNING:tensorflow:Can save best model only with val_composite available, skipping.
WARNING:tensorflow:Early stopping conditioned on metric `val_composite` which is not available. Available metrics are: loss,auc,val_loss,val_auc
56/56 - 1s - loss: 0.0807 - auc: 0.9221 - val_loss: 0.1659 - val_auc: 0.7601 - val_auc_custom: 0.7593 - val_f1_custom: 0.6019 - val_recall_custom: 0.5741 - val_composite: 0.6195 - val_precision_aware: 0.6488 - 1s/epoch - 21ms/step
Curriculum: set focal gamma = 1.0000 (epoch 56)
Epoch 56/70
WARNING:tensorflow:Can save best model only with val_composite available, skipping.
WARNING:tensorflow:Early stopping conditioned on metric `val_composite` which is not available. Available metrics are: loss,auc,val_loss,val_auc
56/56 - 1s - loss: 0.0829 - auc: 0.9187 - val_loss: 0.1810 - val_auc: 0.7553 - val_auc_custom: 0.7550 - val_f1_custom: 0.5965 - val_recall_custom: 0.6296 - val_composite: 0.6448 - val_precision_aware: 0.6133 - 1s/epoch - 20ms/step
Curriculum: set focal gamma = 1.0000 (epoch 57)
Epoch 57/70
WARNING:tensorflow:Can save best model only with val_composite available, skipping.
WARNING:tensorflow:Early stopping conditioned on metric `val_composite` which is not available. Available metrics are: loss,auc,val_loss,val_auc
56/56 - 1s - loss: 0.0739 - auc: 0.9344 - val_loss: 0.1650 - val_auc: 0.7770 - val_auc_custom: 0.7768 - val_f1_custom: 0.6542 - val_recall_custom: 0.6481 - val_composite: 0.6757 - val_precision_aware: 0.6818 - 1s/epoch - 22ms/step
Curriculum: set focal gamma = 1.0000 (epoch 58)
Epoch 58/70
WARNING:tensorflow:Can save best model only with val_composite available, skipping.
WARNING:tensorflow:Early stopping conditioned on metric `val_composite` which is not available. Available metrics are: loss,auc,val_loss,val_auc
56/56 - 1s - loss: 0.0748 - auc: 0.9313 - val_loss: 0.1742 - val_auc: 0.7725 - val_auc_custom: 0.7723 - val_f1_custom: 0.6549 - val_recall_custom: 0.6852 - val_composite: 0.6935 - val_precision_aware: 0.6645 - 1s/epoch - 21ms/step
Curriculum: set focal gamma = 1.0000 (epoch 59)
Epoch 59/70
WARNING:tensorflow:Can save best model only with val_composite available, skipping.
WARNING:tensorflow:Early stopping conditioned on metric `val_composite` which is not available. Available metrics are: loss,auc,val_loss,val_auc
56/56 - 1s - loss: 0.0752 - auc: 0.9334 - val_loss: 0.1696 - val_auc: 0.7745 - val_auc_custom: 0.7758 - val_f1_custom: 0.6306 - val_recall_custom: 0.6481 - val_composite: 0.6684 - val_precision_aware: 0.6514 - 1s/epoch - 22ms/step
Curriculum: set focal gamma = 1.0000 (epoch 60)
Epoch 60/70
WARNING:tensorflow:Can save best model only with val_composite available, skipping.
WARNING:tensorflow:Early stopping conditioned on metric `val_composite` which is not available. Available metrics are: loss,auc,val_loss,val_auc
56/56 - 1s - loss: 0.0734 - auc: 0.9373 - val_loss: 0.1805 - val_auc: 0.7651 - val_auc_custom: 0.7640 - val_f1_custom: 0.6549 - val_recall_custom: 0.6852 - val_composite: 0.6919 - val_precision_aware: 0.6628 - 1s/epoch - 20ms/step
Curriculum: set focal gamma = 1.0000 (epoch 61)
Epoch 61/70
WARNING:tensorflow:Can save best model only with val_composite available, skipping.
WARNING:tensorflow:Early stopping conditioned on metric `val_composite` which is not available. Available metrics are: loss,auc,val_loss,val_auc
56/56 - 1s - loss: 0.0799 - auc: 0.9241 - val_loss: 0.1685 - val_auc: 0.7628 - val_auc_custom: 0.7625 - val_f1_custom: 0.6126 - val_recall_custom: 0.6296 - val_composite: 0.6511 - val_precision_aware: 0.6345 - 1s/epoch - 20ms/step
Curriculum: set focal gamma = 1.0000 (epoch 62)
Epoch 62/70
WARNING:tensorflow:Can save best model only with val_composite available, skipping.
WARNING:tensorflow:Early stopping conditioned on metric `val_composite` which is not available. Available metrics are: loss,auc,val_loss,val_auc
56/56 - 1s - loss: 0.0755 - auc: 0.9352 - val_loss: 0.1696 - val_auc: 0.7586 - val_auc_custom: 0.7588 - val_f1_custom: 0.5686 - val_recall_custom: 0.5370 - val_composite: 0.5909 - val_precision_aware: 0.6244 - 1s/epoch - 19ms/step
Curriculum: set focal gamma = 1.0000 (epoch 63)
Epoch 63/70
WARNING:tensorflow:Can save best model only with val_composite available, skipping.
WARNING:tensorflow:Early stopping conditioned on metric `val_composite` which is not available. Available metrics are: loss,auc,val_loss,val_auc
56/56 - 1s - loss: 0.0695 - auc: 0.9424 - val_loss: 0.1674 - val_auc: 0.7681 - val_auc_custom: 0.7680 - val_f1_custom: 0.6214 - val_recall_custom: 0.5926 - val_composite: 0.6363 - val_precision_aware: 0.6665 - 1s/epoch - 21ms/step
Curriculum: set focal gamma = 1.0000 (epoch 64)
Epoch 64/70
WARNING:tensorflow:Can save best model only with val_composite available, skipping.
WARNING:tensorflow:Early stopping conditioned on metric `val_composite` which is not available. Available metrics are: loss,auc,val_loss,val_auc
56/56 - 1s - loss: 0.0806 - auc: 0.9209 - val_loss: 0.1606 - val_auc: 0.7574 - val_auc_custom: 0.7575 - val_f1_custom: 0.6154 - val_recall_custom: 0.5926 - val_composite: 0.6324 - val_precision_aware: 0.6561 - 1s/epoch - 21ms/step
Curriculum: set focal gamma = 1.0000 (epoch 65)
Epoch 65/70
WARNING:tensorflow:Can save best model only with val_composite available, skipping.
WARNING:tensorflow:Early stopping conditioned on metric `val_composite` which is not available. Available metrics are: loss,auc,val_loss,val_auc
56/56 - 1s - loss: 0.0674 - auc: 0.9457 - val_loss: 0.1641 - val_auc: 0.7685 - val_auc_custom: 0.7688 - val_f1_custom: 0.6408 - val_recall_custom: 0.6111 - val_composite: 0.6515 - val_precision_aware: 0.6827 - 1s/epoch - 21ms/step
Curriculum: set focal gamma = 1.0000 (epoch 66)
Epoch 66/70
WARNING:tensorflow:Can save best model only with val_composite available, skipping.
WARNING:tensorflow:Early stopping conditioned on metric `val_composite` which is not available. Available metrics are: loss,auc,val_loss,val_auc
56/56 - 1s - loss: 0.0760 - auc: 0.9312 - val_loss: 0.1875 - val_auc: 0.7800 - val_auc_custom: 0.7793 - val_f1_custom: 0.6838 - val_recall_custom: 0.7407 - val_composite: 0.7314 - val_precision_aware: 0.6784 - 1s/epoch - 21ms/step
Curriculum: set focal gamma = 1.0000 (epoch 67)
Epoch 67/70
WARNING:tensorflow:Can save best model only with val_composite available, skipping.
WARNING:tensorflow:Early stopping conditioned on metric `val_composite` which is not available. Available metrics are: loss,auc,val_loss,val_auc
56/56 - 1s - loss: 0.0704 - auc: 0.9409 - val_loss: 0.1632 - val_auc: 0.7815 - val_auc_custom: 0.7810 - val_f1_custom: 0.6168 - val_recall_custom: 0.6111 - val_composite: 0.6468 - val_precision_aware: 0.6526 - 1s/epoch - 22ms/step
Curriculum: set focal gamma = 1.0000 (epoch 68)
Epoch 68/70
WARNING:tensorflow:Can save best model only with val_composite available, skipping.
WARNING:tensorflow:Early stopping conditioned on metric `val_composite` which is not available. Available metrics are: loss,auc,val_loss,val_auc
56/56 - 1s - loss: 0.0667 - auc: 0.9458 - val_loss: 0.2128 - val_auc: 0.7694 - val_auc_custom: 0.7690 - val_f1_custom: 0.6207 - val_recall_custom: 0.6667 - val_composite: 0.6733 - val_precision_aware: 0.6303 - 1s/epoch - 22ms/step
Curriculum: set focal gamma = 1.0000 (epoch 69)
Epoch 69/70
WARNING:tensorflow:Can save best model only with val_composite available, skipping.
WARNING:tensorflow:Early stopping conditioned on metric `val_composite` which is not available. Available metrics are: loss,auc,val_loss,val_auc
56/56 - 1s - loss: 0.0698 - auc: 0.9425 - val_loss: 0.1775 - val_auc: 0.7548 - val_auc_custom: 0.7550 - val_f1_custom: 0.5918 - val_recall_custom: 0.5370 - val_composite: 0.5971 - val_precision_aware: 0.6581 - 1s/epoch - 22ms/step
Curriculum: set focal gamma = 1.0000 (epoch 70)
Epoch 70/70
WARNING:tensorflow:Can save best model only with val_composite available, skipping.
WARNING:tensorflow:Early stopping conditioned on metric `val_composite` which is not available. Available metrics are: loss,auc,val_loss,val_auc
56/56 - 1s - loss: 0.0711 - auc: 0.9399 - val_loss: 0.1858 - val_auc: 0.7763 - val_auc_custom: 0.7760 - val_f1_custom: 0.6111 - val_recall_custom: 0.6111 - val_composite: 0.6441 - val_precision_aware: 0.6441 - 1s/epoch - 21ms/step
Saved final weights to result_multi_seed_composite_center/seed2/01/final.weights
Mask config -> mode=soft, threshold=0.6, window_gate=None
Done. Results saved to result_multi_seed_composite_center/seed2/01
