2025-09-17 08:46:39.800816: I tensorflow/core/util/port.cc:110] oneDNN custom operations are on. You may see slightly different numerical results due to floating-point round-off errors from different computation orders. To turn them off, set the environment variable `TF_ENABLE_ONEDNN_OPTS=0`.
2025-09-17 08:46:39.828241: I tensorflow/core/platform/cpu_feature_guard.cc:182] This TensorFlow binary is optimized to use available CPU instructions in performance-critical operations.
To enable the following instructions: AVX2 AVX_VNNI FMA, in other operations, rebuild TensorFlow with the appropriate compiler flags.
2025-09-17 08:46:40.243422: W tensorflow/compiler/tf2tensorrt/utils/py_utils.cc:38] TF-TRT Warning: Could not find TensorRT
2025-09-17 08:46:40.636561: I tensorflow/compiler/xla/stream_executor/cuda/cuda_gpu_executor.cc:981] could not open file to read NUMA node: /sys/bus/pci/devices/0000:01:00.0/numa_node
Your kernel may have been built without NUMA support.
2025-09-17 08:46:40.653955: I tensorflow/compiler/xla/stream_executor/cuda/cuda_gpu_executor.cc:981] could not open file to read NUMA node: /sys/bus/pci/devices/0000:01:00.0/numa_node
Your kernel may have been built without NUMA support.
2025-09-17 08:46:40.654051: I tensorflow/compiler/xla/stream_executor/cuda/cuda_gpu_executor.cc:981] could not open file to read NUMA node: /sys/bus/pci/devices/0000:01:00.0/numa_node
Your kernel may have been built without NUMA support.
2025-09-17 08:46:40.655068: I tensorflow/compiler/xla/stream_executor/cuda/cuda_gpu_executor.cc:981] could not open file to read NUMA node: /sys/bus/pci/devices/0000:01:00.0/numa_node
Your kernel may have been built without NUMA support.
2025-09-17 08:46:40.655135: I tensorflow/compiler/xla/stream_executor/cuda/cuda_gpu_executor.cc:981] could not open file to read NUMA node: /sys/bus/pci/devices/0000:01:00.0/numa_node
Your kernel may have been built without NUMA support.
2025-09-17 08:46:40.655159: I tensorflow/compiler/xla/stream_executor/cuda/cuda_gpu_executor.cc:981] could not open file to read NUMA node: /sys/bus/pci/devices/0000:01:00.0/numa_node
Your kernel may have been built without NUMA support.
2025-09-17 08:46:40.750549: I tensorflow/compiler/xla/stream_executor/cuda/cuda_gpu_executor.cc:981] could not open file to read NUMA node: /sys/bus/pci/devices/0000:01:00.0/numa_node
Your kernel may have been built without NUMA support.
2025-09-17 08:46:40.750659: I tensorflow/compiler/xla/stream_executor/cuda/cuda_gpu_executor.cc:981] could not open file to read NUMA node: /sys/bus/pci/devices/0000:01:00.0/numa_node
Your kernel may have been built without NUMA support.
2025-09-17 08:46:40.750679: I tensorflow/core/common_runtime/gpu/gpu_device.cc:1726] Could not identify NUMA node of platform GPU id 0, defaulting to 0.  Your kernel may not have been built with NUMA support.
2025-09-17 08:46:40.750711: I tensorflow/compiler/xla/stream_executor/cuda/cuda_gpu_executor.cc:981] could not open file to read NUMA node: /sys/bus/pci/devices/0000:01:00.0/numa_node
Your kernel may have been built without NUMA support.
2025-09-17 08:46:40.750733: I tensorflow/core/common_runtime/gpu/gpu_device.cc:1639] Created device /job:localhost/replica:0/task:0/device:GPU:0 with 9517 MB memory:  -> device: 0, name: NVIDIA GeForce RTX 4070 SUPER, pci bus id: 0000:01:00.0, compute capability: 8.9
GPU detected: 1 physical, 1 logical -> ['/device:GPU:0']
Config: batch=16, accumulate_steps=8 -> effective_batch=128
Loaded (1276, 36, 75) (1276,)
Using mask channel "occlusion_flag" from long_raw (index 7)
Model: "cnn_bilstm_attn_masked"
__________________________________________________________________________________________________
 Layer (type)                Output Shape                 Param #   Connected to                  
==================================================================================================
 input (InputLayer)          [(None, 36, 75)]             0         []                            
                                                                                                  
 permute_time_features (Per  (None, 75, 36)               0         ['input[0][0]']               
 mute)                                                                                            
                                                                                                  
 conv0 (Conv1D)              (None, 75, 64)               6976      ['permute_time_features[0][0]'
                                                                    ]                             
                                                                                                  
 bn0 (BatchNormalization)    (None, 75, 64)               256       ['conv0[0][0]']               
                                                                                                  
 act0 (Activation)           (None, 75, 64)               0         ['bn0[0][0]']                 
                                                                                                  
 conv_dropout0 (Dropout)     (None, 75, 64)               0         ['act0[0][0]']                
                                                                                                  
 conv1 (Conv1D)              (None, 75, 64)               20544     ['conv_dropout0[0][0]']       
                                                                                                  
 bn1 (BatchNormalization)    (None, 75, 64)               256       ['conv1[0][0]']               
                                                                                                  
 act1 (Activation)           (None, 75, 64)               0         ['bn1[0][0]']                 
                                                                                                  
 conv_dropout1 (Dropout)     (None, 75, 64)               0         ['act1[0][0]']                
                                                                                                  
 conv2 (Conv1D)              (None, 75, 64)               12352     ['conv_dropout1[0][0]']       
                                                                                                  
 bn2 (BatchNormalization)    (None, 75, 64)               256       ['conv2[0][0]']               
                                                                                                  
 act2 (Activation)           (None, 75, 64)               0         ['bn2[0][0]']                 
                                                                                                  
 conv_dropout2 (Dropout)     (None, 75, 64)               0         ['act2[0][0]']                
                                                                                                  
 bilstm (Bidirectional)      (None, 75, 128)              66048     ['conv_dropout2[0][0]']       
                                                                                                  
 mlp_attn_u (Dense)          (None, 75, 32)               4128      ['bilstm[0][0]']              
                                                                                                  
 mlp_attn_score (Dense)      (None, 75, 1)                33        ['mlp_attn_u[0][0]']          
                                                                                                  
 mlp_attn_squeeze (Lambda)   (None, 75)                   0         ['mlp_attn_score[0][0]']      
                                                                                                  
 attn_mask (InputLayer)      [(None, 75)]                 0         []                            
                                                                                                  
 mlp_attn_apply_mask (Lambd  (None, 75)                   0         ['mlp_attn_squeeze[0][0]',    
 a)                                                                  'attn_mask[0][0]']           
                                                                                                  
 mlp_attn_softmax (Lambda)   (None, 75)                   0         ['mlp_attn_apply_mask[0][0]'] 
                                                                                                  
 mlp_attn_expand (Lambda)    (None, 75, 1)                0         ['mlp_attn_softmax[0][0]']    
                                                                                                  
 mlp_attn_weighted (Lambda)  (None, 128)                  0         ['bilstm[0][0]',              
                                                                     'mlp_attn_expand[0][0]']     
                                                                                                  
 fc1 (Dense)                 (None, 64)                   8256      ['mlp_attn_weighted[0][0]']   
                                                                                                  
 fc_dropout (Dropout)        (None, 64)                   0         ['fc1[0][0]']                 
                                                                                                  
 out (Dense)                 (None, 1)                    65        ['fc_dropout[0][0]']          
                                                                                                  
==================================================================================================
Total params: 119171 (465.51 KB)
Trainable params: 118786 (464.01 KB)
Non-trainable params: 385 (1.50 KB)
__________________________________________________________________________________________________
None
Writing results to /home/user/projects/train/model/long_window/CNN_BiLSTM/result_focal_refine/cw05_fg06/01
Curriculum: set focal gamma = 0.0000 (epoch 1)
Epoch 1/70
2025-09-17 08:46:45.196032: I tensorflow/compiler/xla/stream_executor/cuda/cuda_dnn.cc:432] Loaded cuDNN version 8600
2025-09-17 08:46:45.279148: I tensorflow/tsl/platform/default/subprocess.cc:304] Start cannot spawn child process: No such file or directory
2025-09-17 08:46:45.411487: I tensorflow/compiler/xla/stream_executor/cuda/cuda_blas.cc:606] TensorFloat-32 will be used for the matrix multiplication. This will only be logged once.
2025-09-17 08:46:45.721845: I tensorflow/compiler/xla/service/service.cc:168] XLA service 0x640c5927e460 initialized for platform CUDA (this does not guarantee that XLA will be used). Devices:
2025-09-17 08:46:45.721894: I tensorflow/compiler/xla/service/service.cc:176]   StreamExecutor device (0): NVIDIA GeForce RTX 4070 SUPER, Compute Capability 8.9
2025-09-17 08:46:45.725144: I tensorflow/compiler/mlir/tensorflow/utils/dump_mlir_util.cc:255] disabling MLIR crash reproducer, set env var `MLIR_CRASH_REPRODUCER_DIRECTORY` to enable.
2025-09-17 08:46:45.775141: I tensorflow/tsl/platform/default/subprocess.cc:304] Start cannot spawn child process: No such file or directory
2025-09-17 08:46:45.808579: I ./tensorflow/compiler/jit/device_compiler.h:186] Compiled cluster using XLA!  This line is logged at most once for the lifetime of the process.
56/56 - 7s - loss: 0.3422 - auc: 0.5204 - val_loss: 0.3439 - val_auc: 0.5706 - val_auc_custom: 0.5683 - val_f1_custom: 0.0000e+00 - val_recall_custom: 0.0000e+00 - 7s/epoch - 120ms/step
Curriculum: set focal gamma = 0.0842 (epoch 2)
Epoch 2/70
56/56 - 1s - loss: 0.2707 - auc: 0.5222 - val_loss: 0.2868 - val_auc: 0.5553 - val_auc_custom: 0.5567 - val_f1_custom: 0.0000e+00 - val_recall_custom: 0.0000e+00 - 1s/epoch - 22ms/step
Curriculum: set focal gamma = 0.1684 (epoch 3)
Epoch 3/70
56/56 - 1s - loss: 0.2322 - auc: 0.5789 - val_loss: 0.2474 - val_auc: 0.5621 - val_auc_custom: 0.5643 - val_f1_custom: 0.0000e+00 - val_recall_custom: 0.0000e+00 - 1s/epoch - 20ms/step
Curriculum: set focal gamma = 0.2526 (epoch 4)
Epoch 4/70
56/56 - 1s - loss: 0.2192 - auc: 0.5967 - val_loss: 0.2319 - val_auc: 0.5840 - val_auc_custom: 0.5826 - val_f1_custom: 0.0000e+00 - val_recall_custom: 0.0000e+00 - 1s/epoch - 23ms/step
Curriculum: set focal gamma = 0.3368 (epoch 5)
Epoch 5/70
56/56 - 1s - loss: 0.2040 - auc: 0.6232 - val_loss: 0.2175 - val_auc: 0.6082 - val_auc_custom: 0.6106 - val_f1_custom: 0.0000e+00 - val_recall_custom: 0.0000e+00 - 1s/epoch - 22ms/step
Curriculum: set focal gamma = 0.4211 (epoch 6)
Epoch 6/70
56/56 - 1s - loss: 0.1894 - auc: 0.6361 - val_loss: 0.2034 - val_auc: 0.6152 - val_auc_custom: 0.6133 - val_f1_custom: 0.0000e+00 - val_recall_custom: 0.0000e+00 - 1s/epoch - 22ms/step
Curriculum: set focal gamma = 0.5053 (epoch 7)
Epoch 7/70
56/56 - 1s - loss: 0.1785 - auc: 0.6487 - val_loss: 0.1923 - val_auc: 0.6122 - val_auc_custom: 0.6108 - val_f1_custom: 0.0000e+00 - val_recall_custom: 0.0000e+00 - 1s/epoch - 21ms/step
Curriculum: set focal gamma = 0.5895 (epoch 8)
Epoch 8/70
56/56 - 1s - loss: 0.1692 - auc: 0.6384 - val_loss: 0.1826 - val_auc: 0.6006 - val_auc_custom: 0.6008 - val_f1_custom: 0.0000e+00 - val_recall_custom: 0.0000e+00 - 1s/epoch - 20ms/step
Curriculum: set focal gamma = 0.6737 (epoch 9)
Epoch 9/70
56/56 - 1s - loss: 0.1571 - auc: 0.6594 - val_loss: 0.1726 - val_auc: 0.5984 - val_auc_custom: 0.5977 - val_f1_custom: 0.0370 - val_recall_custom: 0.0189 - 1s/epoch - 20ms/step
Curriculum: set focal gamma = 0.7579 (epoch 10)
Epoch 10/70
56/56 - 1s - loss: 0.1483 - auc: 0.6617 - val_loss: 0.1629 - val_auc: 0.6006 - val_auc_custom: 0.5987 - val_f1_custom: 0.1071 - val_recall_custom: 0.0566 - 1s/epoch - 21ms/step
Curriculum: set focal gamma = 0.8421 (epoch 11)
Epoch 11/70
56/56 - 1s - loss: 0.1390 - auc: 0.6683 - val_loss: 0.1530 - val_auc: 0.6049 - val_auc_custom: 0.6025 - val_f1_custom: 0.1404 - val_recall_custom: 0.0755 - 1s/epoch - 21ms/step
Curriculum: set focal gamma = 0.9263 (epoch 12)
Epoch 12/70
56/56 - 1s - loss: 0.1295 - auc: 0.6848 - val_loss: 0.1439 - val_auc: 0.6058 - val_auc_custom: 0.6073 - val_f1_custom: 0.1404 - val_recall_custom: 0.0755 - 1s/epoch - 21ms/step
Curriculum: set focal gamma = 1.0105 (epoch 13)
Epoch 13/70
56/56 - 1s - loss: 0.1219 - auc: 0.6920 - val_loss: 0.1355 - val_auc: 0.6143 - val_auc_custom: 0.6143 - val_f1_custom: 0.1724 - val_recall_custom: 0.0943 - 1s/epoch - 21ms/step
Curriculum: set focal gamma = 1.0947 (epoch 14)
Epoch 14/70
56/56 - 1s - loss: 0.1141 - auc: 0.7031 - val_loss: 0.1276 - val_auc: 0.6230 - val_auc_custom: 0.6219 - val_f1_custom: 0.2034 - val_recall_custom: 0.1132 - 1s/epoch - 23ms/step
Curriculum: set focal gamma = 1.1789 (epoch 15)
Epoch 15/70
56/56 - 1s - loss: 0.1087 - auc: 0.6870 - val_loss: 0.1207 - val_auc: 0.6283 - val_auc_custom: 0.6254 - val_f1_custom: 0.1967 - val_recall_custom: 0.1132 - 1s/epoch - 22ms/step
Curriculum: set focal gamma = 1.2632 (epoch 16)
Epoch 16/70
56/56 - 1s - loss: 0.1019 - auc: 0.7038 - val_loss: 0.1138 - val_auc: 0.6386 - val_auc_custom: 0.6397 - val_f1_custom: 0.1905 - val_recall_custom: 0.1132 - 1s/epoch - 22ms/step
Curriculum: set focal gamma = 1.3474 (epoch 17)
Epoch 17/70
56/56 - 1s - loss: 0.0933 - auc: 0.7418 - val_loss: 0.1063 - val_auc: 0.6547 - val_auc_custom: 0.6569 - val_f1_custom: 0.1967 - val_recall_custom: 0.1132 - 1s/epoch - 23ms/step
Curriculum: set focal gamma = 1.4316 (epoch 18)
Epoch 18/70
56/56 - 1s - loss: 0.0880 - auc: 0.7421 - val_loss: 0.1004 - val_auc: 0.6609 - val_auc_custom: 0.6606 - val_f1_custom: 0.1935 - val_recall_custom: 0.1132 - 1s/epoch - 22ms/step
Curriculum: set focal gamma = 1.5158 (epoch 19)
Epoch 19/70
56/56 - 1s - loss: 0.0812 - auc: 0.7616 - val_loss: 0.0950 - val_auc: 0.6771 - val_auc_custom: 0.6762 - val_f1_custom: 0.2154 - val_recall_custom: 0.1321 - 1s/epoch - 21ms/step
Curriculum: set focal gamma = 1.6000 (epoch 20)
Epoch 20/70
56/56 - 1s - loss: 0.0767 - auc: 0.7551 - val_loss: 0.0902 - val_auc: 0.6829 - val_auc_custom: 0.6823 - val_f1_custom: 0.2353 - val_recall_custom: 0.1509 - 1s/epoch - 22ms/step
Curriculum: set focal gamma = 1.6000 (epoch 21)
Epoch 21/70
56/56 - 1s - loss: 0.0759 - auc: 0.7740 - val_loss: 0.0898 - val_auc: 0.6854 - val_auc_custom: 0.6845 - val_f1_custom: 0.2817 - val_recall_custom: 0.1887 - 1s/epoch - 21ms/step
Curriculum: set focal gamma = 1.6000 (epoch 22)
Epoch 22/70
56/56 - 1s - loss: 0.0747 - auc: 0.7853 - val_loss: 0.0883 - val_auc: 0.6953 - val_auc_custom: 0.6943 - val_f1_custom: 0.2090 - val_recall_custom: 0.1321 - 1s/epoch - 22ms/step
Curriculum: set focal gamma = 1.6000 (epoch 23)
Epoch 23/70
56/56 - 1s - loss: 0.0753 - auc: 0.7800 - val_loss: 0.0876 - val_auc: 0.7218 - val_auc_custom: 0.7228 - val_f1_custom: 0.3590 - val_recall_custom: 0.2642 - 1s/epoch - 22ms/step
Curriculum: set focal gamma = 1.6000 (epoch 24)
Epoch 24/70
56/56 - 1s - loss: 0.0722 - auc: 0.8017 - val_loss: 0.0874 - val_auc: 0.7196 - val_auc_custom: 0.7203 - val_f1_custom: 0.3797 - val_recall_custom: 0.2830 - 1s/epoch - 21ms/step
Curriculum: set focal gamma = 1.6000 (epoch 25)
Epoch 25/70
56/56 - 1s - loss: 0.0720 - auc: 0.7980 - val_loss: 0.0880 - val_auc: 0.7192 - val_auc_custom: 0.7197 - val_f1_custom: 0.4096 - val_recall_custom: 0.3208 - 1s/epoch - 21ms/step
Curriculum: set focal gamma = 1.6000 (epoch 26)
Epoch 26/70
56/56 - 1s - loss: 0.0698 - auc: 0.8153 - val_loss: 0.0893 - val_auc: 0.7247 - val_auc_custom: 0.7255 - val_f1_custom: 0.4598 - val_recall_custom: 0.3774 - 1s/epoch - 22ms/step
Curriculum: set focal gamma = 1.6000 (epoch 27)
Epoch 27/70
56/56 - 1s - loss: 0.0693 - auc: 0.8192 - val_loss: 0.0883 - val_auc: 0.7325 - val_auc_custom: 0.7331 - val_f1_custom: 0.4235 - val_recall_custom: 0.3396 - 1s/epoch - 22ms/step
Curriculum: set focal gamma = 1.6000 (epoch 28)
Epoch 28/70
56/56 - 1s - loss: 0.0689 - auc: 0.8193 - val_loss: 0.0902 - val_auc: 0.7275 - val_auc_custom: 0.7268 - val_f1_custom: 0.4889 - val_recall_custom: 0.4151 - 1s/epoch - 20ms/step
Curriculum: set focal gamma = 1.6000 (epoch 29)
Epoch 29/70
56/56 - 1s - loss: 0.0696 - auc: 0.8121 - val_loss: 0.1019 - val_auc: 0.7164 - val_auc_custom: 0.7157 - val_f1_custom: 0.5981 - val_recall_custom: 0.6038 - 1s/epoch - 21ms/step
Curriculum: set focal gamma = 1.6000 (epoch 30)
Epoch 30/70
56/56 - 1s - loss: 0.0675 - auc: 0.8260 - val_loss: 0.0936 - val_auc: 0.7426 - val_auc_custom: 0.7429 - val_f1_custom: 0.2571 - val_recall_custom: 0.1698 - 1s/epoch - 25ms/step
Curriculum: set focal gamma = 1.6000 (epoch 31)
Epoch 31/70
56/56 - 1s - loss: 0.0682 - auc: 0.8235 - val_loss: 0.1033 - val_auc: 0.7077 - val_auc_custom: 0.7087 - val_f1_custom: 0.5577 - val_recall_custom: 0.5472 - 1s/epoch - 22ms/step
Curriculum: set focal gamma = 1.6000 (epoch 32)
Epoch 32/70
56/56 - 1s - loss: 0.0671 - auc: 0.8262 - val_loss: 0.0925 - val_auc: 0.7209 - val_auc_custom: 0.7215 - val_f1_custom: 0.4835 - val_recall_custom: 0.4151 - 1s/epoch - 21ms/step
Curriculum: set focal gamma = 1.6000 (epoch 33)
Epoch 33/70
56/56 - 1s - loss: 0.0669 - auc: 0.8370 - val_loss: 0.0911 - val_auc: 0.7457 - val_auc_custom: 0.7459 - val_f1_custom: 0.2817 - val_recall_custom: 0.1887 - 1s/epoch - 23ms/step
Curriculum: set focal gamma = 1.6000 (epoch 34)
Epoch 34/70
56/56 - 1s - loss: 0.0646 - auc: 0.8481 - val_loss: 0.1045 - val_auc: 0.7284 - val_auc_custom: 0.7281 - val_f1_custom: 0.5926 - val_recall_custom: 0.6038 - 1s/epoch - 21ms/step
Curriculum: set focal gamma = 1.6000 (epoch 35)
Epoch 35/70
56/56 - 1s - loss: 0.0644 - auc: 0.8493 - val_loss: 0.0948 - val_auc: 0.7170 - val_auc_custom: 0.7172 - val_f1_custom: 0.4471 - val_recall_custom: 0.3585 - 1s/epoch - 20ms/step
Curriculum: set focal gamma = 1.6000 (epoch 36)
Epoch 36/70
56/56 - 1s - loss: 0.0632 - auc: 0.8583 - val_loss: 0.0893 - val_auc: 0.7581 - val_auc_custom: 0.7565 - val_f1_custom: 0.4524 - val_recall_custom: 0.3585 - 1s/epoch - 23ms/step
Curriculum: set focal gamma = 1.6000 (epoch 37)
Epoch 37/70
56/56 - 1s - loss: 0.0614 - auc: 0.8643 - val_loss: 0.1039 - val_auc: 0.7260 - val_auc_custom: 0.7263 - val_f1_custom: 0.6168 - val_recall_custom: 0.6226 - 1s/epoch - 20ms/step
Curriculum: set focal gamma = 1.6000 (epoch 38)
Epoch 38/70
56/56 - 1s - loss: 0.0597 - auc: 0.8777 - val_loss: 0.0958 - val_auc: 0.7410 - val_auc_custom: 0.7409 - val_f1_custom: 0.5376 - val_recall_custom: 0.4717 - 1s/epoch - 21ms/step
Curriculum: set focal gamma = 1.6000 (epoch 39)
Epoch 39/70
56/56 - 1s - loss: 0.0618 - auc: 0.8664 - val_loss: 0.0976 - val_auc: 0.7370 - val_auc_custom: 0.7361 - val_f1_custom: 0.4719 - val_recall_custom: 0.3962 - 1s/epoch - 21ms/step
Curriculum: set focal gamma = 1.6000 (epoch 40)
Epoch 40/70
56/56 - 1s - loss: 0.0576 - auc: 0.8880 - val_loss: 0.1024 - val_auc: 0.7323 - val_auc_custom: 0.7323 - val_f1_custom: 0.5714 - val_recall_custom: 0.5283 - 1s/epoch - 20ms/step
Curriculum: set focal gamma = 1.6000 (epoch 41)
Epoch 41/70
56/56 - 1s - loss: 0.0630 - auc: 0.8611 - val_loss: 0.0943 - val_auc: 0.7528 - val_auc_custom: 0.7530 - val_f1_custom: 0.5275 - val_recall_custom: 0.4528 - 1s/epoch - 20ms/step
Curriculum: set focal gamma = 1.6000 (epoch 42)
Epoch 42/70
56/56 - 1s - loss: 0.0594 - auc: 0.8793 - val_loss: 0.1000 - val_auc: 0.7357 - val_auc_custom: 0.7366 - val_f1_custom: 0.6263 - val_recall_custom: 0.5849 - 1s/epoch - 20ms/step
Curriculum: set focal gamma = 1.6000 (epoch 43)
Epoch 43/70
56/56 - 1s - loss: 0.0590 - auc: 0.8843 - val_loss: 0.0948 - val_auc: 0.7585 - val_auc_custom: 0.7592 - val_f1_custom: 0.6200 - val_recall_custom: 0.5849 - 1s/epoch - 22ms/step
Curriculum: set focal gamma = 1.6000 (epoch 44)
Epoch 44/70
56/56 - 1s - loss: 0.0571 - auc: 0.8835 - val_loss: 0.1034 - val_auc: 0.7323 - val_auc_custom: 0.7318 - val_f1_custom: 0.5962 - val_recall_custom: 0.5849 - 1s/epoch - 21ms/step
Curriculum: set focal gamma = 1.6000 (epoch 45)
Epoch 45/70
56/56 - 1s - loss: 0.0548 - auc: 0.8967 - val_loss: 0.1143 - val_auc: 0.7184 - val_auc_custom: 0.7185 - val_f1_custom: 0.5472 - val_recall_custom: 0.5472 - 1s/epoch - 22ms/step
Curriculum: set focal gamma = 1.6000 (epoch 46)
Epoch 46/70
56/56 - 1s - loss: 0.0551 - auc: 0.8954 - val_loss: 0.0967 - val_auc: 0.7732 - val_auc_custom: 0.7731 - val_f1_custom: 0.5591 - val_recall_custom: 0.4906 - 1s/epoch - 23ms/step
Curriculum: set focal gamma = 1.6000 (epoch 47)
Epoch 47/70
56/56 - 1s - loss: 0.0583 - auc: 0.8860 - val_loss: 0.1315 - val_auc: 0.7357 - val_auc_custom: 0.7353 - val_f1_custom: 0.6612 - val_recall_custom: 0.7547 - 1s/epoch - 20ms/step
Curriculum: set focal gamma = 1.6000 (epoch 48)
Epoch 48/70
56/56 - 1s - loss: 0.0562 - auc: 0.8942 - val_loss: 0.1015 - val_auc: 0.7357 - val_auc_custom: 0.7346 - val_f1_custom: 0.3614 - val_recall_custom: 0.2830 - 1s/epoch - 20ms/step
Curriculum: set focal gamma = 1.6000 (epoch 49)
Epoch 49/70
56/56 - 1s - loss: 0.0529 - auc: 0.9066 - val_loss: 0.1241 - val_auc: 0.7440 - val_auc_custom: 0.7439 - val_f1_custom: 0.6724 - val_recall_custom: 0.7358 - 1s/epoch - 20ms/step
Curriculum: set focal gamma = 1.6000 (epoch 50)
Epoch 50/70
56/56 - 1s - loss: 0.0509 - auc: 0.9141 - val_loss: 0.1072 - val_auc: 0.7434 - val_auc_custom: 0.7439 - val_f1_custom: 0.5941 - val_recall_custom: 0.5660 - 1s/epoch - 20ms/step
Curriculum: set focal gamma = 1.6000 (epoch 51)
Epoch 51/70
56/56 - 1s - loss: 0.0525 - auc: 0.9051 - val_loss: 0.1076 - val_auc: 0.7532 - val_auc_custom: 0.7530 - val_f1_custom: 0.5532 - val_recall_custom: 0.4906 - 1s/epoch - 21ms/step
Curriculum: set focal gamma = 1.6000 (epoch 52)
Epoch 52/70
56/56 - 1s - loss: 0.0512 - auc: 0.9083 - val_loss: 0.1136 - val_auc: 0.7525 - val_auc_custom: 0.7514 - val_f1_custom: 0.6000 - val_recall_custom: 0.5660 - 1s/epoch - 21ms/step
Curriculum: set focal gamma = 1.6000 (epoch 53)
Epoch 53/70
56/56 - 1s - loss: 0.0435 - auc: 0.9395 - val_loss: 0.1295 - val_auc: 0.7546 - val_auc_custom: 0.7552 - val_f1_custom: 0.6422 - val_recall_custom: 0.6604 - 1s/epoch - 20ms/step
Curriculum: set focal gamma = 1.6000 (epoch 54)
Epoch 54/70
56/56 - 1s - loss: 0.0470 - auc: 0.9271 - val_loss: 0.1400 - val_auc: 0.7245 - val_auc_custom: 0.7250 - val_f1_custom: 0.6435 - val_recall_custom: 0.6981 - 1s/epoch - 21ms/step
Curriculum: set focal gamma = 1.6000 (epoch 55)
Epoch 55/70
56/56 - 1s - loss: 0.0470 - auc: 0.9297 - val_loss: 0.1215 - val_auc: 0.7411 - val_auc_custom: 0.7414 - val_f1_custom: 0.5600 - val_recall_custom: 0.5283 - 1s/epoch - 20ms/step
Curriculum: set focal gamma = 1.6000 (epoch 56)
Epoch 56/70
56/56 - 1s - loss: 0.0501 - auc: 0.9154 - val_loss: 0.1474 - val_auc: 0.7283 - val_auc_custom: 0.7731 - val_f1_custom: 0.5591 - val_recall_custom: 0.4906 - 1s/epoch - 20ms/step
Mask config -> mode=soft, threshold=0.6, window_gate=None
Done. Results saved to /home/user/projects/train/model/long_window/CNN_BiLSTM/result_focal_refine/cw05_fg06/01
