2025-09-22 03:03:58.198999: I tensorflow/core/util/port.cc:110] oneDNN custom operations are on. You may see slightly different numerical results due to floating-point round-off errors from different computation orders. To turn them off, set the environment variable `TF_ENABLE_ONEDNN_OPTS=0`.
2025-09-22 03:03:58.227963: I tensorflow/core/platform/cpu_feature_guard.cc:182] This TensorFlow binary is optimized to use available CPU instructions in performance-critical operations.
To enable the following instructions: AVX2 AVX_VNNI FMA, in other operations, rebuild TensorFlow with the appropriate compiler flags.
2025-09-22 03:03:58.647168: W tensorflow/compiler/tf2tensorrt/utils/py_utils.cc:38] TF-TRT Warning: Could not find TensorRT
2025-09-22 03:03:59.057283: I tensorflow/compiler/xla/stream_executor/cuda/cuda_gpu_executor.cc:981] could not open file to read NUMA node: /sys/bus/pci/devices/0000:01:00.0/numa_node
Your kernel may have been built without NUMA support.
2025-09-22 03:03:59.075861: I tensorflow/compiler/xla/stream_executor/cuda/cuda_gpu_executor.cc:981] could not open file to read NUMA node: /sys/bus/pci/devices/0000:01:00.0/numa_node
Your kernel may have been built without NUMA support.
2025-09-22 03:03:59.075979: I tensorflow/compiler/xla/stream_executor/cuda/cuda_gpu_executor.cc:981] could not open file to read NUMA node: /sys/bus/pci/devices/0000:01:00.0/numa_node
Your kernel may have been built without NUMA support.
2025-09-22 03:03:59.077783: I tensorflow/compiler/xla/stream_executor/cuda/cuda_gpu_executor.cc:981] could not open file to read NUMA node: /sys/bus/pci/devices/0000:01:00.0/numa_node
Your kernel may have been built without NUMA support.
2025-09-22 03:03:59.077856: I tensorflow/compiler/xla/stream_executor/cuda/cuda_gpu_executor.cc:981] could not open file to read NUMA node: /sys/bus/pci/devices/0000:01:00.0/numa_node
Your kernel may have been built without NUMA support.
2025-09-22 03:03:59.077875: I tensorflow/compiler/xla/stream_executor/cuda/cuda_gpu_executor.cc:981] could not open file to read NUMA node: /sys/bus/pci/devices/0000:01:00.0/numa_node
Your kernel may have been built without NUMA support.
2025-09-22 03:03:59.171408: I tensorflow/compiler/xla/stream_executor/cuda/cuda_gpu_executor.cc:981] could not open file to read NUMA node: /sys/bus/pci/devices/0000:01:00.0/numa_node
Your kernel may have been built without NUMA support.
2025-09-22 03:03:59.171512: I tensorflow/compiler/xla/stream_executor/cuda/cuda_gpu_executor.cc:981] could not open file to read NUMA node: /sys/bus/pci/devices/0000:01:00.0/numa_node
Your kernel may have been built without NUMA support.
2025-09-22 03:03:59.171520: I tensorflow/core/common_runtime/gpu/gpu_device.cc:1726] Could not identify NUMA node of platform GPU id 0, defaulting to 0.  Your kernel may not have been built with NUMA support.
2025-09-22 03:03:59.171543: I tensorflow/compiler/xla/stream_executor/cuda/cuda_gpu_executor.cc:981] could not open file to read NUMA node: /sys/bus/pci/devices/0000:01:00.0/numa_node
Your kernel may have been built without NUMA support.
2025-09-22 03:03:59.171565: I tensorflow/core/common_runtime/gpu/gpu_device.cc:1639] Created device /job:localhost/replica:0/task:0/device:GPU:0 with 9517 MB memory:  -> device: 0, name: NVIDIA GeForce RTX 4070 SUPER, pci bus id: 0000:01:00.0, compute capability: 8.9
[feature_check] OK: train/test feature_list identical (n=36)
GPU detected: 1 physical, 1 logical -> ['/device:GPU:0']
Config: batch=16, accumulate_steps=8 -> effective_batch=128
Loaded (for internal train/val)  (1276, 36, 75) (1276,)
Loaded EXTERNAL TEST: (354, 36, 75) from /home/user/projects/train/test_data/slipce/windows_npz.npz
[mask] windows_npz.npz using occlusion_flag ch=7
[mask] windows_npz.npz using occlusion_flag ch=7
Model: "cnn_bilstm_attn_masked"
__________________________________________________________________________________________________
 Layer (type)                Output Shape                 Param #   Connected to                  
==================================================================================================
 input (InputLayer)          [(None, 36, 75)]             0         []                            
                                                                                                  
 permute_time_features (Per  (None, 75, 36)               0         ['input[0][0]']               
 mute)                                                                                            
                                                                                                  
 conv0 (Conv1D)              (None, 75, 64)               6976      ['permute_time_features[0][0]'
                                                                    ]                             
                                                                                                  
 bn0 (BatchNormalization)    (None, 75, 64)               256       ['conv0[0][0]']               
                                                                                                  
 act0 (Activation)           (None, 75, 64)               0         ['bn0[0][0]']                 
                                                                                                  
 conv_dropout0 (Dropout)     (None, 75, 64)               0         ['act0[0][0]']                
                                                                                                  
 conv1 (Conv1D)              (None, 75, 64)               20544     ['conv_dropout0[0][0]']       
                                                                                                  
 bn1 (BatchNormalization)    (None, 75, 64)               256       ['conv1[0][0]']               
                                                                                                  
 act1 (Activation)           (None, 75, 64)               0         ['bn1[0][0]']                 
                                                                                                  
 conv_dropout1 (Dropout)     (None, 75, 64)               0         ['act1[0][0]']                
                                                                                                  
 conv2 (Conv1D)              (None, 75, 64)               12352     ['conv_dropout1[0][0]']       
                                                                                                  
 bn2 (BatchNormalization)    (None, 75, 64)               256       ['conv2[0][0]']               
                                                                                                  
 act2 (Activation)           (None, 75, 64)               0         ['bn2[0][0]']                 
                                                                                                  
 conv_dropout2 (Dropout)     (None, 75, 64)               0         ['act2[0][0]']                
                                                                                                  
 bilstm (Bidirectional)      (None, 75, 128)              66048     ['conv_dropout2[0][0]']       
                                                                                                  
 mlp_attn_u (Dense)          (None, 75, 32)               4128      ['bilstm[0][0]']              
                                                                                                  
 mlp_attn_score (Dense)      (None, 75, 1)                33        ['mlp_attn_u[0][0]']          
                                                                                                  
 mlp_attn_squeeze (Lambda)   (None, 75)                   0         ['mlp_attn_score[0][0]']      
                                                                                                  
 attn_mask (InputLayer)      [(None, 75)]                 0         []                            
                                                                                                  
 mlp_attn_apply_mask (Lambd  (None, 75)                   0         ['mlp_attn_squeeze[0][0]',    
 a)                                                                  'attn_mask[0][0]']           
                                                                                                  
 mlp_attn_softmax (Lambda)   (None, 75)                   0         ['mlp_attn_apply_mask[0][0]'] 
                                                                                                  
 mlp_attn_expand (Lambda)    (None, 75, 1)                0         ['mlp_attn_softmax[0][0]']    
                                                                                                  
 mlp_attn_weighted (Lambda)  (None, 128)                  0         ['bilstm[0][0]',              
                                                                     'mlp_attn_expand[0][0]']     
                                                                                                  
 fc1 (Dense)                 (None, 64)                   8256      ['mlp_attn_weighted[0][0]']   
                                                                                                  
 fc_dropout (Dropout)        (None, 64)                   0         ['fc1[0][0]']                 
                                                                                                  
 out (Dense)                 (None, 1)                    65        ['fc_dropout[0][0]']          
                                                                                                  
==================================================================================================
Total params: 119171 (465.51 KB)
Trainable params: 118786 (464.01 KB)
Non-trainable params: 385 (1.50 KB)
__________________________________________________________________________________________________
None
Writing results to result_multi_seed_composite_slipce/seed6/01
Curriculum: set focal gamma = 0.0000 (epoch 1)
Epoch 1/70
2025-09-22 03:04:04.259628: I tensorflow/compiler/xla/stream_executor/cuda/cuda_dnn.cc:432] Loaded cuDNN version 8600
2025-09-22 03:04:04.334066: I tensorflow/tsl/platform/default/subprocess.cc:304] Start cannot spawn child process: No such file or directory
2025-09-22 03:04:04.481435: I tensorflow/compiler/xla/stream_executor/cuda/cuda_blas.cc:606] TensorFloat-32 will be used for the matrix multiplication. This will only be logged once.
2025-09-22 03:04:04.802973: I tensorflow/compiler/xla/service/service.cc:168] XLA service 0x5affcc47d0f0 initialized for platform CUDA (this does not guarantee that XLA will be used). Devices:
2025-09-22 03:04:04.803015: I tensorflow/compiler/xla/service/service.cc:176]   StreamExecutor device (0): NVIDIA GeForce RTX 4070 SUPER, Compute Capability 8.9
2025-09-22 03:04:04.806665: I tensorflow/compiler/mlir/tensorflow/utils/dump_mlir_util.cc:255] disabling MLIR crash reproducer, set env var `MLIR_CRASH_REPRODUCER_DIRECTORY` to enable.
2025-09-22 03:04:04.860314: I tensorflow/tsl/platform/default/subprocess.cc:304] Start cannot spawn child process: No such file or directory
2025-09-22 03:04:04.897446: I ./tensorflow/compiler/jit/device_compiler.h:186] Compiled cluster using XLA!  This line is logged at most once for the lifetime of the process.
WARNING:tensorflow:Can save best model only with val_composite available, skipping.
WARNING:tensorflow:Early stopping conditioned on metric `val_composite` which is not available. Available metrics are: loss,auc,val_loss,val_auc
56/56 - 7s - loss: 0.3260 - auc: 0.5062 - val_loss: 0.3343 - val_auc: 0.5634 - val_auc_custom: 0.5597 - val_f1_custom: 0.0000e+00 - val_recall_custom: 0.0000e+00 - val_composite: 0.1119 - val_precision_aware: 0.1119 - 7s/epoch - 125ms/step
Curriculum: set focal gamma = 0.0526 (epoch 2)
Epoch 2/70
WARNING:tensorflow:Can save best model only with val_composite available, skipping.
WARNING:tensorflow:Early stopping conditioned on metric `val_composite` which is not available. Available metrics are: loss,auc,val_loss,val_auc
56/56 - 1s - loss: 0.2944 - auc: 0.5358 - val_loss: 0.3099 - val_auc: 0.5955 - val_auc_custom: 0.5942 - val_f1_custom: 0.0000e+00 - val_recall_custom: 0.0000e+00 - val_composite: 0.1188 - val_precision_aware: 0.1188 - 1s/epoch - 20ms/step
Curriculum: set focal gamma = 0.1053 (epoch 3)
Epoch 3/70
WARNING:tensorflow:Can save best model only with val_composite available, skipping.
WARNING:tensorflow:Early stopping conditioned on metric `val_composite` which is not available. Available metrics are: loss,auc,val_loss,val_auc
56/56 - 1s - loss: 0.2810 - auc: 0.5806 - val_loss: 0.2948 - val_auc: 0.6213 - val_auc_custom: 0.6226 - val_f1_custom: 0.0000e+00 - val_recall_custom: 0.0000e+00 - val_composite: 0.1245 - val_precision_aware: 0.1245 - 1s/epoch - 21ms/step
Curriculum: set focal gamma = 0.1579 (epoch 4)
Epoch 4/70
WARNING:tensorflow:Can save best model only with val_composite available, skipping.
WARNING:tensorflow:Early stopping conditioned on metric `val_composite` which is not available. Available metrics are: loss,auc,val_loss,val_auc
56/56 - 1s - loss: 0.2673 - auc: 0.6058 - val_loss: 0.2802 - val_auc: 0.6331 - val_auc_custom: 0.6302 - val_f1_custom: 0.0000e+00 - val_recall_custom: 0.0000e+00 - val_composite: 0.1260 - val_precision_aware: 0.1260 - 1s/epoch - 22ms/step
Curriculum: set focal gamma = 0.2105 (epoch 5)
Epoch 5/70
WARNING:tensorflow:Can save best model only with val_composite available, skipping.
WARNING:tensorflow:Early stopping conditioned on metric `val_composite` which is not available. Available metrics are: loss,auc,val_loss,val_auc
56/56 - 1s - loss: 0.2542 - auc: 0.6277 - val_loss: 0.2680 - val_auc: 0.6311 - val_auc_custom: 0.6299 - val_f1_custom: 0.1034 - val_recall_custom: 0.0566 - val_composite: 0.1853 - val_precision_aware: 0.4570 - 1s/epoch - 21ms/step
Curriculum: set focal gamma = 0.2632 (epoch 6)
Epoch 6/70
WARNING:tensorflow:Can save best model only with val_composite available, skipping.
WARNING:tensorflow:Early stopping conditioned on metric `val_composite` which is not available. Available metrics are: loss,auc,val_loss,val_auc
56/56 - 1s - loss: 0.2448 - auc: 0.6272 - val_loss: 0.2580 - val_auc: 0.6275 - val_auc_custom: 0.6294 - val_f1_custom: 0.2258 - val_recall_custom: 0.1321 - val_composite: 0.2597 - val_precision_aware: 0.5825 - 1s/epoch - 20ms/step
Curriculum: set focal gamma = 0.3158 (epoch 7)
Epoch 7/70
WARNING:tensorflow:Can save best model only with val_composite available, skipping.
WARNING:tensorflow:Early stopping conditioned on metric `val_composite` which is not available. Available metrics are: loss,auc,val_loss,val_auc
56/56 - 1s - loss: 0.2315 - auc: 0.6578 - val_loss: 0.2491 - val_auc: 0.6182 - val_auc_custom: 0.6184 - val_f1_custom: 0.2188 - val_recall_custom: 0.1321 - val_composite: 0.2553 - val_precision_aware: 0.5075 - 1s/epoch - 22ms/step
Curriculum: set focal gamma = 0.3684 (epoch 8)
Epoch 8/70
WARNING:tensorflow:Can save best model only with val_composite available, skipping.
WARNING:tensorflow:Early stopping conditioned on metric `val_composite` which is not available. Available metrics are: loss,auc,val_loss,val_auc
56/56 - 1s - loss: 0.2230 - auc: 0.6585 - val_loss: 0.2400 - val_auc: 0.6131 - val_auc_custom: 0.6126 - val_f1_custom: 0.2727 - val_recall_custom: 0.1698 - val_composite: 0.2892 - val_precision_aware: 0.5505 - 1s/epoch - 22ms/step
Curriculum: set focal gamma = 0.4211 (epoch 9)
Epoch 9/70
WARNING:tensorflow:Can save best model only with val_composite available, skipping.
WARNING:tensorflow:Early stopping conditioned on metric `val_composite` which is not available. Available metrics are: loss,auc,val_loss,val_auc
56/56 - 1s - loss: 0.2138 - auc: 0.6677 - val_loss: 0.2309 - val_auc: 0.6065 - val_auc_custom: 0.6065 - val_f1_custom: 0.2812 - val_recall_custom: 0.1698 - val_composite: 0.2906 - val_precision_aware: 0.6148 - 1s/epoch - 20ms/step
Curriculum: set focal gamma = 0.4737 (epoch 10)
Epoch 10/70
WARNING:tensorflow:Can save best model only with val_composite available, skipping.
WARNING:tensorflow:Early stopping conditioned on metric `val_composite` which is not available. Available metrics are: loss,auc,val_loss,val_auc
56/56 - 1s - loss: 0.2037 - auc: 0.6769 - val_loss: 0.2219 - val_auc: 0.6084 - val_auc_custom: 0.6078 - val_f1_custom: 0.2817 - val_recall_custom: 0.1887 - val_composite: 0.3004 - val_precision_aware: 0.4838 - 1s/epoch - 20ms/step
Curriculum: set focal gamma = 0.5263 (epoch 11)
Epoch 11/70
WARNING:tensorflow:Can save best model only with val_composite available, skipping.
WARNING:tensorflow:Early stopping conditioned on metric `val_composite` which is not available. Available metrics are: loss,auc,val_loss,val_auc
56/56 - 1s - loss: 0.1968 - auc: 0.6747 - val_loss: 0.2140 - val_auc: 0.6050 - val_auc_custom: 0.6073 - val_f1_custom: 0.3099 - val_recall_custom: 0.2075 - val_composite: 0.3182 - val_precision_aware: 0.5200 - 1s/epoch - 20ms/step
Curriculum: set focal gamma = 0.5789 (epoch 12)
Epoch 12/70
WARNING:tensorflow:Can save best model only with val_composite available, skipping.
WARNING:tensorflow:Early stopping conditioned on metric `val_composite` which is not available. Available metrics are: loss,auc,val_loss,val_auc
56/56 - 1s - loss: 0.1859 - auc: 0.7026 - val_loss: 0.2060 - val_auc: 0.6167 - val_auc_custom: 0.6174 - val_f1_custom: 0.2973 - val_recall_custom: 0.2075 - val_composite: 0.3164 - val_precision_aware: 0.4746 - 1s/epoch - 20ms/step
Curriculum: set focal gamma = 0.6316 (epoch 13)
Epoch 13/70
WARNING:tensorflow:Can save best model only with val_composite available, skipping.
WARNING:tensorflow:Early stopping conditioned on metric `val_composite` which is not available. Available metrics are: loss,auc,val_loss,val_auc
56/56 - 1s - loss: 0.1792 - auc: 0.7048 - val_loss: 0.1992 - val_auc: 0.6146 - val_auc_custom: 0.6146 - val_f1_custom: 0.3421 - val_recall_custom: 0.2453 - val_composite: 0.3482 - val_precision_aware: 0.5082 - 1s/epoch - 20ms/step
Curriculum: set focal gamma = 0.6842 (epoch 14)
Epoch 14/70
WARNING:tensorflow:Can save best model only with val_composite available, skipping.
WARNING:tensorflow:Early stopping conditioned on metric `val_composite` which is not available. Available metrics are: loss,auc,val_loss,val_auc
56/56 - 1s - loss: 0.1682 - auc: 0.7256 - val_loss: 0.1948 - val_auc: 0.6050 - val_auc_custom: 0.6045 - val_f1_custom: 0.3467 - val_recall_custom: 0.2453 - val_composite: 0.3475 - val_precision_aware: 0.5204 - 1s/epoch - 20ms/step
Curriculum: set focal gamma = 0.7368 (epoch 15)
Epoch 15/70
WARNING:tensorflow:Can save best model only with val_composite available, skipping.
WARNING:tensorflow:Early stopping conditioned on metric `val_composite` which is not available. Available metrics are: loss,auc,val_loss,val_auc
56/56 - 1s - loss: 0.1627 - auc: 0.7326 - val_loss: 0.1895 - val_auc: 0.6052 - val_auc_custom: 0.6045 - val_f1_custom: 0.3421 - val_recall_custom: 0.2453 - val_composite: 0.3462 - val_precision_aware: 0.5061 - 1s/epoch - 20ms/step
Curriculum: set focal gamma = 0.7895 (epoch 16)
Epoch 16/70
WARNING:tensorflow:Can save best model only with val_composite available, skipping.
WARNING:tensorflow:Early stopping conditioned on metric `val_composite` which is not available. Available metrics are: loss,auc,val_loss,val_auc
56/56 - 1s - loss: 0.1546 - auc: 0.7396 - val_loss: 0.1833 - val_auc: 0.6156 - val_auc_custom: 0.6151 - val_f1_custom: 0.3514 - val_recall_custom: 0.2453 - val_composite: 0.3511 - val_precision_aware: 0.5379 - 1s/epoch - 20ms/step
Curriculum: set focal gamma = 0.8421 (epoch 17)
Epoch 17/70
WARNING:tensorflow:Can save best model only with val_composite available, skipping.
WARNING:tensorflow:Early stopping conditioned on metric `val_composite` which is not available. Available metrics are: loss,auc,val_loss,val_auc
56/56 - 1s - loss: 0.1452 - auc: 0.7698 - val_loss: 0.1771 - val_auc: 0.6242 - val_auc_custom: 0.6244 - val_f1_custom: 0.3544 - val_recall_custom: 0.2642 - val_composite: 0.3633 - val_precision_aware: 0.5004 - 1s/epoch - 20ms/step
Curriculum: set focal gamma = 0.8947 (epoch 18)
Epoch 18/70
WARNING:tensorflow:Can save best model only with val_composite available, skipping.
WARNING:tensorflow:Early stopping conditioned on metric `val_composite` which is not available. Available metrics are: loss,auc,val_loss,val_auc
56/56 - 1s - loss: 0.1415 - auc: 0.7581 - val_loss: 0.1699 - val_auc: 0.6367 - val_auc_custom: 0.6360 - val_f1_custom: 0.4634 - val_recall_custom: 0.3585 - val_composite: 0.4455 - val_precision_aware: 0.5938 - 1s/epoch - 21ms/step
Curriculum: set focal gamma = 0.9474 (epoch 19)
Epoch 19/70
WARNING:tensorflow:Can save best model only with val_composite available, skipping.
WARNING:tensorflow:Early stopping conditioned on metric `val_composite` which is not available. Available metrics are: loss,auc,val_loss,val_auc
56/56 - 1s - loss: 0.1346 - auc: 0.7640 - val_loss: 0.1630 - val_auc: 0.6442 - val_auc_custom: 0.6443 - val_f1_custom: 0.4706 - val_recall_custom: 0.3774 - val_composite: 0.4587 - val_precision_aware: 0.5825 - 1s/epoch - 21ms/step
Curriculum: set focal gamma = 1.0000 (epoch 20)
Epoch 20/70
WARNING:tensorflow:Can save best model only with val_composite available, skipping.
WARNING:tensorflow:Early stopping conditioned on metric `val_composite` which is not available. Available metrics are: loss,auc,val_loss,val_auc
56/56 - 1s - loss: 0.1280 - auc: 0.7748 - val_loss: 0.1559 - val_auc: 0.6639 - val_auc_custom: 0.6626 - val_f1_custom: 0.4691 - val_recall_custom: 0.3585 - val_composite: 0.4525 - val_precision_aware: 0.6126 - 1s/epoch - 20ms/step
Curriculum: set focal gamma = 1.0000 (epoch 21)
Epoch 21/70
WARNING:tensorflow:Can save best model only with val_composite available, skipping.
WARNING:tensorflow:Early stopping conditioned on metric `val_composite` which is not available. Available metrics are: loss,auc,val_loss,val_auc
56/56 - 1s - loss: 0.1241 - auc: 0.7931 - val_loss: 0.1588 - val_auc: 0.6562 - val_auc_custom: 0.6566 - val_f1_custom: 0.4578 - val_recall_custom: 0.3585 - val_composite: 0.4479 - val_precision_aware: 0.5853 - 1s/epoch - 21ms/step
Curriculum: set focal gamma = 1.0000 (epoch 22)
Epoch 22/70
WARNING:tensorflow:Can save best model only with val_composite available, skipping.
WARNING:tensorflow:Early stopping conditioned on metric `val_composite` which is not available. Available metrics are: loss,auc,val_loss,val_auc
56/56 - 1s - loss: 0.1227 - auc: 0.8006 - val_loss: 0.1579 - val_auc: 0.6740 - val_auc_custom: 0.6750 - val_f1_custom: 0.4000 - val_recall_custom: 0.3019 - val_composite: 0.4059 - val_precision_aware: 0.5513 - 1s/epoch - 21ms/step
Curriculum: set focal gamma = 1.0000 (epoch 23)
Epoch 23/70
WARNING:tensorflow:Can save best model only with val_composite available, skipping.
WARNING:tensorflow:Early stopping conditioned on metric `val_composite` which is not available. Available metrics are: loss,auc,val_loss,val_auc
56/56 - 1s - loss: 0.1187 - auc: 0.8162 - val_loss: 0.1615 - val_auc: 0.6654 - val_auc_custom: 0.6654 - val_f1_custom: 0.4146 - val_recall_custom: 0.3208 - val_composite: 0.4178 - val_precision_aware: 0.5506 - 1s/epoch - 21ms/step
Curriculum: set focal gamma = 1.0000 (epoch 24)
Epoch 24/70
WARNING:tensorflow:Can save best model only with val_composite available, skipping.
WARNING:tensorflow:Early stopping conditioned on metric `val_composite` which is not available. Available metrics are: loss,auc,val_loss,val_auc
56/56 - 1s - loss: 0.1199 - auc: 0.8118 - val_loss: 0.1631 - val_auc: 0.6767 - val_auc_custom: 0.6765 - val_f1_custom: 0.4186 - val_recall_custom: 0.3396 - val_composite: 0.4307 - val_precision_aware: 0.5336 - 1s/epoch - 21ms/step
Curriculum: set focal gamma = 1.0000 (epoch 25)
Epoch 25/70
WARNING:tensorflow:Can save best model only with val_composite available, skipping.
WARNING:tensorflow:Early stopping conditioned on metric `val_composite` which is not available. Available metrics are: loss,auc,val_loss,val_auc
56/56 - 1s - loss: 0.1151 - auc: 0.8323 - val_loss: 0.1691 - val_auc: 0.6587 - val_auc_custom: 0.6594 - val_f1_custom: 0.4421 - val_recall_custom: 0.3962 - val_composite: 0.4626 - val_precision_aware: 0.5145 - 1s/epoch - 21ms/step
Curriculum: set focal gamma = 1.0000 (epoch 26)
Epoch 26/70
WARNING:tensorflow:Can save best model only with val_composite available, skipping.
WARNING:tensorflow:Early stopping conditioned on metric `val_composite` which is not available. Available metrics are: loss,auc,val_loss,val_auc
56/56 - 1s - loss: 0.1205 - auc: 0.8082 - val_loss: 0.1653 - val_auc: 0.6874 - val_auc_custom: 0.6881 - val_f1_custom: 0.4000 - val_recall_custom: 0.3208 - val_composite: 0.4180 - val_precision_aware: 0.5232 - 1s/epoch - 20ms/step
Curriculum: set focal gamma = 1.0000 (epoch 27)
Epoch 27/70
WARNING:tensorflow:Can save best model only with val_composite available, skipping.
WARNING:tensorflow:Early stopping conditioned on metric `val_composite` which is not available. Available metrics are: loss,auc,val_loss,val_auc
56/56 - 1s - loss: 0.1158 - auc: 0.8218 - val_loss: 0.1741 - val_auc: 0.6750 - val_auc_custom: 0.6750 - val_f1_custom: 0.5556 - val_recall_custom: 0.5660 - val_composite: 0.5847 - val_precision_aware: 0.5744 - 1s/epoch - 22ms/step
Curriculum: set focal gamma = 1.0000 (epoch 28)
Epoch 28/70
WARNING:tensorflow:Can save best model only with val_composite available, skipping.
WARNING:tensorflow:Early stopping conditioned on metric `val_composite` which is not available. Available metrics are: loss,auc,val_loss,val_auc
56/56 - 1s - loss: 0.1118 - auc: 0.8393 - val_loss: 0.1663 - val_auc: 0.6977 - val_auc_custom: 0.6971 - val_f1_custom: 0.3684 - val_recall_custom: 0.2642 - val_composite: 0.3820 - val_precision_aware: 0.5543 - 1s/epoch - 21ms/step
Curriculum: set focal gamma = 1.0000 (epoch 29)
Epoch 29/70
WARNING:tensorflow:Can save best model only with val_composite available, skipping.
WARNING:tensorflow:Early stopping conditioned on metric `val_composite` which is not available. Available metrics are: loss,auc,val_loss,val_auc
56/56 - 1s - loss: 0.1195 - auc: 0.8114 - val_loss: 0.1678 - val_auc: 0.6874 - val_auc_custom: 0.6881 - val_f1_custom: 0.4950 - val_recall_custom: 0.4717 - val_composite: 0.5220 - val_precision_aware: 0.5465 - 1s/epoch - 21ms/step
Curriculum: set focal gamma = 1.0000 (epoch 30)
Epoch 30/70
WARNING:tensorflow:Can save best model only with val_composite available, skipping.
WARNING:tensorflow:Early stopping conditioned on metric `val_composite` which is not available. Available metrics are: loss,auc,val_loss,val_auc
56/56 - 1s - loss: 0.1085 - auc: 0.8517 - val_loss: 0.1646 - val_auc: 0.7004 - val_auc_custom: 0.7019 - val_f1_custom: 0.5490 - val_recall_custom: 0.5283 - val_composite: 0.5692 - val_precision_aware: 0.5908 - 1s/epoch - 21ms/step
Curriculum: set focal gamma = 1.0000 (epoch 31)
Epoch 31/70
WARNING:tensorflow:Can save best model only with val_composite available, skipping.
WARNING:tensorflow:Early stopping conditioned on metric `val_composite` which is not available. Available metrics are: loss,auc,val_loss,val_auc
56/56 - 1s - loss: 0.1075 - auc: 0.8550 - val_loss: 0.1682 - val_auc: 0.7036 - val_auc_custom: 0.7039 - val_f1_custom: 0.3846 - val_recall_custom: 0.2830 - val_composite: 0.3977 - val_precision_aware: 0.5562 - 1s/epoch - 20ms/step
Curriculum: set focal gamma = 1.0000 (epoch 32)
Epoch 32/70
WARNING:tensorflow:Can save best model only with val_composite available, skipping.
WARNING:tensorflow:Early stopping conditioned on metric `val_composite` which is not available. Available metrics are: loss,auc,val_loss,val_auc
56/56 - 1s - loss: 0.1094 - auc: 0.8505 - val_loss: 0.1665 - val_auc: 0.6971 - val_auc_custom: 0.6956 - val_f1_custom: 0.5741 - val_recall_custom: 0.5849 - val_composite: 0.6038 - val_precision_aware: 0.5932 - 1s/epoch - 21ms/step
Curriculum: set focal gamma = 1.0000 (epoch 33)
Epoch 33/70
WARNING:tensorflow:Can save best model only with val_composite available, skipping.
WARNING:tensorflow:Early stopping conditioned on metric `val_composite` which is not available. Available metrics are: loss,auc,val_loss,val_auc
56/56 - 1s - loss: 0.1069 - auc: 0.8587 - val_loss: 0.1661 - val_auc: 0.7098 - val_auc_custom: 0.7102 - val_f1_custom: 0.5591 - val_recall_custom: 0.4906 - val_composite: 0.5551 - val_precision_aware: 0.6348 - 1s/epoch - 21ms/step
Curriculum: set focal gamma = 1.0000 (epoch 34)
Epoch 34/70
WARNING:tensorflow:Can save best model only with val_composite available, skipping.
WARNING:tensorflow:Early stopping conditioned on metric `val_composite` which is not available. Available metrics are: loss,auc,val_loss,val_auc
56/56 - 1s - loss: 0.1083 - auc: 0.8515 - val_loss: 0.1695 - val_auc: 0.6943 - val_auc_custom: 0.6941 - val_f1_custom: 0.5051 - val_recall_custom: 0.4717 - val_composite: 0.5262 - val_precision_aware: 0.5621 - 1s/epoch - 21ms/step
Curriculum: set focal gamma = 1.0000 (epoch 35)
Epoch 35/70
WARNING:tensorflow:Can save best model only with val_composite available, skipping.
WARNING:tensorflow:Early stopping conditioned on metric `val_composite` which is not available. Available metrics are: loss,auc,val_loss,val_auc
56/56 - 1s - loss: 0.1031 - auc: 0.8665 - val_loss: 0.1686 - val_auc: 0.6994 - val_auc_custom: 0.6999 - val_f1_custom: 0.5545 - val_recall_custom: 0.5283 - val_composite: 0.5705 - val_precision_aware: 0.5980 - 1s/epoch - 20ms/step
Curriculum: set focal gamma = 1.0000 (epoch 36)
Epoch 36/70
WARNING:tensorflow:Can save best model only with val_composite available, skipping.
WARNING:tensorflow:Early stopping conditioned on metric `val_composite` which is not available. Available metrics are: loss,auc,val_loss,val_auc
56/56 - 1s - loss: 0.1005 - auc: 0.8743 - val_loss: 0.1716 - val_auc: 0.7070 - val_auc_custom: 0.7064 - val_f1_custom: 0.4186 - val_recall_custom: 0.3396 - val_composite: 0.4367 - val_precision_aware: 0.5396 - 1s/epoch - 20ms/step
Curriculum: set focal gamma = 1.0000 (epoch 37)
Epoch 37/70
WARNING:tensorflow:Can save best model only with val_composite available, skipping.
WARNING:tensorflow:Early stopping conditioned on metric `val_composite` which is not available. Available metrics are: loss,auc,val_loss,val_auc
56/56 - 1s - loss: 0.0986 - auc: 0.8801 - val_loss: 0.1836 - val_auc: 0.6843 - val_auc_custom: 0.6840 - val_f1_custom: 0.5094 - val_recall_custom: 0.5094 - val_composite: 0.5444 - val_precision_aware: 0.5444 - 1s/epoch - 20ms/step
Curriculum: set focal gamma = 1.0000 (epoch 38)
Epoch 38/70
WARNING:tensorflow:Can save best model only with val_composite available, skipping.
WARNING:tensorflow:Early stopping conditioned on metric `val_composite` which is not available. Available metrics are: loss,auc,val_loss,val_auc
56/56 - 1s - loss: 0.0987 - auc: 0.8770 - val_loss: 0.1829 - val_auc: 0.7019 - val_auc_custom: 0.7026 - val_f1_custom: 0.4615 - val_recall_custom: 0.3962 - val_composite: 0.4771 - val_precision_aware: 0.5553 - 1s/epoch - 20ms/step
Curriculum: set focal gamma = 1.0000 (epoch 39)
Epoch 39/70
WARNING:tensorflow:Can save best model only with val_composite available, skipping.
WARNING:tensorflow:Early stopping conditioned on metric `val_composite` which is not available. Available metrics are: loss,auc,val_loss,val_auc
56/56 - 1s - loss: 0.0967 - auc: 0.8856 - val_loss: 0.1895 - val_auc: 0.7097 - val_auc_custom: 0.7102 - val_f1_custom: 0.4368 - val_recall_custom: 0.3585 - val_composite: 0.4523 - val_precision_aware: 0.5525 - 1s/epoch - 21ms/step
Curriculum: set focal gamma = 1.0000 (epoch 40)
Epoch 40/70
WARNING:tensorflow:Can save best model only with val_composite available, skipping.
WARNING:tensorflow:Early stopping conditioned on metric `val_composite` which is not available. Available metrics are: loss,auc,val_loss,val_auc
56/56 - 1s - loss: 0.0951 - auc: 0.8889 - val_loss: 0.1850 - val_auc: 0.6967 - val_auc_custom: 0.6966 - val_f1_custom: 0.4894 - val_recall_custom: 0.4340 - val_composite: 0.5031 - val_precision_aware: 0.5666 - 1s/epoch - 22ms/step
Curriculum: set focal gamma = 1.0000 (epoch 41)
Epoch 41/70
WARNING:tensorflow:Can save best model only with val_composite available, skipping.
WARNING:tensorflow:Early stopping conditioned on metric `val_composite` which is not available. Available metrics are: loss,auc,val_loss,val_auc
56/56 - 1s - loss: 0.0938 - auc: 0.8924 - val_loss: 0.1919 - val_auc: 0.6938 - val_auc_custom: 0.6938 - val_f1_custom: 0.5217 - val_recall_custom: 0.5660 - val_composite: 0.5783 - val_precision_aware: 0.5372 - 1s/epoch - 21ms/step
Curriculum: set focal gamma = 1.0000 (epoch 42)
Epoch 42/70
WARNING:tensorflow:Can save best model only with val_composite available, skipping.
WARNING:tensorflow:Early stopping conditioned on metric `val_composite` which is not available. Available metrics are: loss,auc,val_loss,val_auc
56/56 - 1s - loss: 0.0897 - auc: 0.9014 - val_loss: 0.1884 - val_auc: 0.6965 - val_auc_custom: 0.6966 - val_f1_custom: 0.5200 - val_recall_custom: 0.4906 - val_composite: 0.5406 - val_precision_aware: 0.5719 - 1s/epoch - 22ms/step
Curriculum: set focal gamma = 1.0000 (epoch 43)
Epoch 43/70
WARNING:tensorflow:Can save best model only with val_composite available, skipping.
WARNING:tensorflow:Early stopping conditioned on metric `val_composite` which is not available. Available metrics are: loss,auc,val_loss,val_auc
56/56 - 1s - loss: 0.0837 - auc: 0.9164 - val_loss: 0.1984 - val_auc: 0.6914 - val_auc_custom: 0.6916 - val_f1_custom: 0.5524 - val_recall_custom: 0.5472 - val_composite: 0.5776 - val_precision_aware: 0.5829 - 1s/epoch - 20ms/step
Curriculum: set focal gamma = 1.0000 (epoch 44)
Epoch 44/70
WARNING:tensorflow:Can save best model only with val_composite available, skipping.
WARNING:tensorflow:Early stopping conditioned on metric `val_composite` which is not available. Available metrics are: loss,auc,val_loss,val_auc
56/56 - 1s - loss: 0.0889 - auc: 0.9035 - val_loss: 0.1977 - val_auc: 0.7137 - val_auc_custom: 0.7142 - val_f1_custom: 0.5657 - val_recall_custom: 0.5283 - val_composite: 0.5767 - val_precision_aware: 0.6169 - 1s/epoch - 20ms/step
Curriculum: set focal gamma = 1.0000 (epoch 45)
Epoch 45/70
WARNING:tensorflow:Can save best model only with val_composite available, skipping.
WARNING:tensorflow:Early stopping conditioned on metric `val_composite` which is not available. Available metrics are: loss,auc,val_loss,val_auc
56/56 - 1s - loss: 0.0936 - auc: 0.8941 - val_loss: 0.2000 - val_auc: 0.7064 - val_auc_custom: 0.7064 - val_f1_custom: 0.5714 - val_recall_custom: 0.6038 - val_composite: 0.6146 - val_precision_aware: 0.5839 - 1s/epoch - 20ms/step
Curriculum: set focal gamma = 1.0000 (epoch 46)
Epoch 46/70
WARNING:tensorflow:Can save best model only with val_composite available, skipping.
WARNING:tensorflow:Early stopping conditioned on metric `val_composite` which is not available. Available metrics are: loss,auc,val_loss,val_auc
56/56 - 1s - loss: 0.0819 - auc: 0.9225 - val_loss: 0.1790 - val_auc: 0.7348 - val_auc_custom: 0.7348 - val_f1_custom: 0.4835 - val_recall_custom: 0.4151 - val_composite: 0.4996 - val_precision_aware: 0.5815 - 1s/epoch - 20ms/step
Curriculum: set focal gamma = 1.0000 (epoch 47)
Epoch 47/70
WARNING:tensorflow:Can save best model only with val_composite available, skipping.
WARNING:tensorflow:Early stopping conditioned on metric `val_composite` which is not available. Available metrics are: loss,auc,val_loss,val_auc
56/56 - 1s - loss: 0.0860 - auc: 0.9130 - val_loss: 0.1918 - val_auc: 0.7299 - val_auc_custom: 0.7298 - val_f1_custom: 0.5882 - val_recall_custom: 0.5660 - val_composite: 0.6055 - val_precision_aware: 0.6286 - 1s/epoch - 20ms/step
Curriculum: set focal gamma = 1.0000 (epoch 48)
Epoch 48/70
WARNING:tensorflow:Can save best model only with val_composite available, skipping.
WARNING:tensorflow:Early stopping conditioned on metric `val_composite` which is not available. Available metrics are: loss,auc,val_loss,val_auc
56/56 - 1s - loss: 0.0798 - auc: 0.9262 - val_loss: 0.1906 - val_auc: 0.7218 - val_auc_custom: 0.7223 - val_f1_custom: 0.5545 - val_recall_custom: 0.5283 - val_composite: 0.5749 - val_precision_aware: 0.6025 - 1s/epoch - 20ms/step
Curriculum: set focal gamma = 1.0000 (epoch 49)
Epoch 49/70
WARNING:tensorflow:Can save best model only with val_composite available, skipping.
WARNING:tensorflow:Early stopping conditioned on metric `val_composite` which is not available. Available metrics are: loss,auc,val_loss,val_auc
56/56 - 1s - loss: 0.0778 - auc: 0.9303 - val_loss: 0.1997 - val_auc: 0.7195 - val_auc_custom: 0.7190 - val_f1_custom: 0.5490 - val_recall_custom: 0.5283 - val_composite: 0.5727 - val_precision_aware: 0.5942 - 1s/epoch - 21ms/step
Curriculum: set focal gamma = 1.0000 (epoch 50)
Epoch 50/70
WARNING:tensorflow:Can save best model only with val_composite available, skipping.
WARNING:tensorflow:Early stopping conditioned on metric `val_composite` which is not available. Available metrics are: loss,auc,val_loss,val_auc
56/56 - 1s - loss: 0.0868 - auc: 0.9083 - val_loss: 0.1964 - val_auc: 0.7088 - val_auc_custom: 0.7102 - val_f1_custom: 0.4719 - val_recall_custom: 0.3962 - val_composite: 0.4817 - val_precision_aware: 0.5753 - 1s/epoch - 20ms/step
Curriculum: set focal gamma = 1.0000 (epoch 51)
Epoch 51/70
WARNING:tensorflow:Can save best model only with val_composite available, skipping.
WARNING:tensorflow:Early stopping conditioned on metric `val_composite` which is not available. Available metrics are: loss,auc,val_loss,val_auc
56/56 - 1s - loss: 0.0762 - auc: 0.9318 - val_loss: 0.2060 - val_auc: 0.7201 - val_auc_custom: 0.7210 - val_f1_custom: 0.5253 - val_recall_custom: 0.4906 - val_composite: 0.5471 - val_precision_aware: 0.5844 - 1s/epoch - 20ms/step
Curriculum: set focal gamma = 1.0000 (epoch 52)
Epoch 52/70
WARNING:tensorflow:Can save best model only with val_composite available, skipping.
WARNING:tensorflow:Early stopping conditioned on metric `val_composite` which is not available. Available metrics are: loss,auc,val_loss,val_auc
56/56 - 1s - loss: 0.0814 - auc: 0.9209 - val_loss: 0.2108 - val_auc: 0.7009 - val_auc_custom: 0.7004 - val_f1_custom: 0.5333 - val_recall_custom: 0.5283 - val_composite: 0.5642 - val_precision_aware: 0.5693 - 1s/epoch - 20ms/step
Curriculum: set focal gamma = 1.0000 (epoch 53)
Epoch 53/70
WARNING:tensorflow:Can save best model only with val_composite available, skipping.
WARNING:tensorflow:Early stopping conditioned on metric `val_composite` which is not available. Available metrics are: loss,auc,val_loss,val_auc
56/56 - 1s - loss: 0.0801 - auc: 0.9257 - val_loss: 0.1947 - val_auc: 0.7160 - val_auc_custom: 0.7157 - val_f1_custom: 0.4598 - val_recall_custom: 0.3774 - val_composite: 0.4698 - val_precision_aware: 0.5752 - 1s/epoch - 20ms/step
Curriculum: set focal gamma = 1.0000 (epoch 54)
Epoch 54/70
WARNING:tensorflow:Can save best model only with val_composite available, skipping.
WARNING:tensorflow:Early stopping conditioned on metric `val_composite` which is not available. Available metrics are: loss,auc,val_loss,val_auc
56/56 - 1s - loss: 0.0765 - auc: 0.9317 - val_loss: 0.2034 - val_auc: 0.7048 - val_auc_custom: 0.7047 - val_f1_custom: 0.5094 - val_recall_custom: 0.5094 - val_composite: 0.5485 - val_precision_aware: 0.5485 - 1s/epoch - 21ms/step
Curriculum: set focal gamma = 1.0000 (epoch 55)
Epoch 55/70
WARNING:tensorflow:Can save best model only with val_composite available, skipping.
WARNING:tensorflow:Early stopping conditioned on metric `val_composite` which is not available. Available metrics are: loss,auc,val_loss,val_auc
56/56 - 1s - loss: 0.0770 - auc: 0.9318 - val_loss: 0.1962 - val_auc: 0.7245 - val_auc_custom: 0.7240 - val_f1_custom: 0.5319 - val_recall_custom: 0.4717 - val_composite: 0.5402 - val_precision_aware: 0.6093 - 1s/epoch - 20ms/step
Curriculum: set focal gamma = 1.0000 (epoch 56)
Epoch 56/70
WARNING:tensorflow:Can save best model only with val_composite available, skipping.
WARNING:tensorflow:Early stopping conditioned on metric `val_composite` which is not available. Available metrics are: loss,auc,val_loss,val_auc
56/56 - 1s - loss: 0.0758 - auc: 0.9303 - val_loss: 0.2188 - val_auc: 0.7049 - val_auc_custom: 0.7047 - val_f1_custom: 0.5536 - val_recall_custom: 0.5849 - val_composite: 0.5995 - val_precision_aware: 0.5697 - 1s/epoch - 20ms/step
Curriculum: set focal gamma = 1.0000 (epoch 57)
Epoch 57/70
WARNING:tensorflow:Can save best model only with val_composite available, skipping.
WARNING:tensorflow:Early stopping conditioned on metric `val_composite` which is not available. Available metrics are: loss,auc,val_loss,val_auc
56/56 - 1s - loss: 0.0731 - auc: 0.9374 - val_loss: 0.2067 - val_auc: 0.7138 - val_auc_custom: 0.7137 - val_f1_custom: 0.5149 - val_recall_custom: 0.4906 - val_composite: 0.5425 - val_precision_aware: 0.5680 - 1s/epoch - 20ms/step
Curriculum: set focal gamma = 1.0000 (epoch 58)
Epoch 58/70
WARNING:tensorflow:Can save best model only with val_composite available, skipping.
WARNING:tensorflow:Early stopping conditioned on metric `val_composite` which is not available. Available metrics are: loss,auc,val_loss,val_auc
56/56 - 1s - loss: 0.0765 - auc: 0.9289 - val_loss: 0.2052 - val_auc: 0.7081 - val_auc_custom: 0.7064 - val_f1_custom: 0.4783 - val_recall_custom: 0.4151 - val_composite: 0.4923 - val_precision_aware: 0.5668 - 1s/epoch - 21ms/step
Curriculum: set focal gamma = 1.0000 (epoch 59)
Epoch 59/70
WARNING:tensorflow:Can save best model only with val_composite available, skipping.
WARNING:tensorflow:Early stopping conditioned on metric `val_composite` which is not available. Available metrics are: loss,auc,val_loss,val_auc
56/56 - 1s - loss: 0.0731 - auc: 0.9371 - val_loss: 0.2193 - val_auc: 0.7170 - val_auc_custom: 0.7180 - val_f1_custom: 0.5370 - val_recall_custom: 0.5472 - val_composite: 0.5783 - val_precision_aware: 0.5683 - 1s/epoch - 20ms/step
Curriculum: set focal gamma = 1.0000 (epoch 60)
Epoch 60/70
WARNING:tensorflow:Can save best model only with val_composite available, skipping.
WARNING:tensorflow:Early stopping conditioned on metric `val_composite` which is not available. Available metrics are: loss,auc,val_loss,val_auc
56/56 - 1s - loss: 0.0724 - auc: 0.9370 - val_loss: 0.2150 - val_auc: 0.7131 - val_auc_custom: 0.7130 - val_f1_custom: 0.4828 - val_recall_custom: 0.3962 - val_composite: 0.4855 - val_precision_aware: 0.5962 - 1s/epoch - 20ms/step
Curriculum: set focal gamma = 1.0000 (epoch 61)
Epoch 61/70
WARNING:tensorflow:Can save best model only with val_composite available, skipping.
WARNING:tensorflow:Early stopping conditioned on metric `val_composite` which is not available. Available metrics are: loss,auc,val_loss,val_auc
56/56 - 1s - loss: 0.0639 - auc: 0.9522 - val_loss: 0.2368 - val_auc: 0.7161 - val_auc_custom: 0.7165 - val_f1_custom: 0.6087 - val_recall_custom: 0.6604 - val_composite: 0.6561 - val_precision_aware: 0.6082 - 1s/epoch - 20ms/step
Curriculum: set focal gamma = 1.0000 (epoch 62)
Epoch 62/70
WARNING:tensorflow:Can save best model only with val_composite available, skipping.
WARNING:tensorflow:Early stopping conditioned on metric `val_composite` which is not available. Available metrics are: loss,auc,val_loss,val_auc
56/56 - 1s - loss: 0.0751 - auc: 0.9360 - val_loss: 0.2190 - val_auc: 0.7099 - val_auc_custom: 0.7112 - val_f1_custom: 0.4598 - val_recall_custom: 0.3774 - val_composite: 0.4688 - val_precision_aware: 0.5743 - 1s/epoch - 20ms/step
Curriculum: set focal gamma = 1.0000 (epoch 63)
Epoch 63/70
WARNING:tensorflow:Can save best model only with val_composite available, skipping.
WARNING:tensorflow:Early stopping conditioned on metric `val_composite` which is not available. Available metrics are: loss,auc,val_loss,val_auc
56/56 - 1s - loss: 0.0694 - auc: 0.9438 - val_loss: 0.2205 - val_auc: 0.7192 - val_auc_custom: 0.7182 - val_f1_custom: 0.5794 - val_recall_custom: 0.5849 - val_composite: 0.6099 - val_precision_aware: 0.6045 - 1s/epoch - 20ms/step
Curriculum: set focal gamma = 1.0000 (epoch 64)
Epoch 64/70
WARNING:tensorflow:Can save best model only with val_composite available, skipping.
WARNING:tensorflow:Early stopping conditioned on metric `val_composite` which is not available. Available metrics are: loss,auc,val_loss,val_auc
56/56 - 1s - loss: 0.0694 - auc: 0.9429 - val_loss: 0.2058 - val_auc: 0.7220 - val_auc_custom: 0.7228 - val_f1_custom: 0.4944 - val_recall_custom: 0.4151 - val_composite: 0.5004 - val_precision_aware: 0.5984 - 1s/epoch - 20ms/step
Curriculum: set focal gamma = 1.0000 (epoch 65)
Epoch 65/70
WARNING:tensorflow:Can save best model only with val_composite available, skipping.
WARNING:tensorflow:Early stopping conditioned on metric `val_composite` which is not available. Available metrics are: loss,auc,val_loss,val_auc
56/56 - 1s - loss: 0.0683 - auc: 0.9444 - val_loss: 0.2192 - val_auc: 0.7204 - val_auc_custom: 0.7205 - val_f1_custom: 0.5106 - val_recall_custom: 0.4528 - val_composite: 0.5237 - val_precision_aware: 0.5900 - 1s/epoch - 19ms/step
Curriculum: set focal gamma = 1.0000 (epoch 66)
Epoch 66/70
WARNING:tensorflow:Can save best model only with val_composite available, skipping.
WARNING:tensorflow:Early stopping conditioned on metric `val_composite` which is not available. Available metrics are: loss,auc,val_loss,val_auc
56/56 - 1s - loss: 0.0688 - auc: 0.9424 - val_loss: 0.2175 - val_auc: 0.7279 - val_auc_custom: 0.7293 - val_f1_custom: 0.4889 - val_recall_custom: 0.4151 - val_composite: 0.5001 - val_precision_aware: 0.5898 - 1s/epoch - 20ms/step
Curriculum: set focal gamma = 1.0000 (epoch 67)
Epoch 67/70
WARNING:tensorflow:Can save best model only with val_composite available, skipping.
WARNING:tensorflow:Early stopping conditioned on metric `val_composite` which is not available. Available metrics are: loss,auc,val_loss,val_auc
56/56 - 1s - loss: 0.0559 - auc: 0.9639 - val_loss: 0.2236 - val_auc: 0.7252 - val_auc_custom: 0.7248 - val_f1_custom: 0.5577 - val_recall_custom: 0.5472 - val_composite: 0.5858 - val_precision_aware: 0.5966 - 1s/epoch - 20ms/step
Curriculum: set focal gamma = 1.0000 (epoch 68)
Epoch 68/70
WARNING:tensorflow:Can save best model only with val_composite available, skipping.
WARNING:tensorflow:Early stopping conditioned on metric `val_composite` which is not available. Available metrics are: loss,auc,val_loss,val_auc
56/56 - 1s - loss: 0.0618 - auc: 0.9527 - val_loss: 0.2359 - val_auc: 0.7371 - val_auc_custom: 0.7374 - val_f1_custom: 0.5000 - val_recall_custom: 0.4151 - val_composite: 0.5050 - val_precision_aware: 0.6118 - 1s/epoch - 21ms/step
Curriculum: set focal gamma = 1.0000 (epoch 69)
Epoch 69/70
WARNING:tensorflow:Can save best model only with val_composite available, skipping.
WARNING:tensorflow:Early stopping conditioned on metric `val_composite` which is not available. Available metrics are: loss,auc,val_loss,val_auc
56/56 - 1s - loss: 0.0582 - auc: 0.9616 - val_loss: 0.2492 - val_auc: 0.7382 - val_auc_custom: 0.7376 - val_f1_custom: 0.5741 - val_recall_custom: 0.5849 - val_composite: 0.6122 - val_precision_aware: 0.6016 - 1s/epoch - 20ms/step
Curriculum: set focal gamma = 1.0000 (epoch 70)
Epoch 70/70
WARNING:tensorflow:Can save best model only with val_composite available, skipping.
WARNING:tensorflow:Early stopping conditioned on metric `val_composite` which is not available. Available metrics are: loss,auc,val_loss,val_auc
56/56 - 1s - loss: 0.0597 - auc: 0.9589 - val_loss: 0.2501 - val_auc: 0.7288 - val_auc_custom: 0.7288 - val_f1_custom: 0.5275 - val_recall_custom: 0.4528 - val_composite: 0.5304 - val_precision_aware: 0.6198 - 1s/epoch - 20ms/step
Saved final weights to result_multi_seed_composite_slipce/seed6/01/final.weights
Mask config -> mode=soft, threshold=0.6, window_gate=None
Done. Results saved to result_multi_seed_composite_slipce/seed6/01
