2025-09-17 08:48:21.288780: I tensorflow/core/util/port.cc:110] oneDNN custom operations are on. You may see slightly different numerical results due to floating-point round-off errors from different computation orders. To turn them off, set the environment variable `TF_ENABLE_ONEDNN_OPTS=0`.
2025-09-17 08:48:21.315706: I tensorflow/core/platform/cpu_feature_guard.cc:182] This TensorFlow binary is optimized to use available CPU instructions in performance-critical operations.
To enable the following instructions: AVX2 AVX_VNNI FMA, in other operations, rebuild TensorFlow with the appropriate compiler flags.
2025-09-17 08:48:21.715712: W tensorflow/compiler/tf2tensorrt/utils/py_utils.cc:38] TF-TRT Warning: Could not find TensorRT
2025-09-17 08:48:22.102696: I tensorflow/compiler/xla/stream_executor/cuda/cuda_gpu_executor.cc:981] could not open file to read NUMA node: /sys/bus/pci/devices/0000:01:00.0/numa_node
Your kernel may have been built without NUMA support.
2025-09-17 08:48:22.121187: I tensorflow/compiler/xla/stream_executor/cuda/cuda_gpu_executor.cc:981] could not open file to read NUMA node: /sys/bus/pci/devices/0000:01:00.0/numa_node
Your kernel may have been built without NUMA support.
2025-09-17 08:48:22.121282: I tensorflow/compiler/xla/stream_executor/cuda/cuda_gpu_executor.cc:981] could not open file to read NUMA node: /sys/bus/pci/devices/0000:01:00.0/numa_node
Your kernel may have been built without NUMA support.
2025-09-17 08:48:22.122626: I tensorflow/compiler/xla/stream_executor/cuda/cuda_gpu_executor.cc:981] could not open file to read NUMA node: /sys/bus/pci/devices/0000:01:00.0/numa_node
Your kernel may have been built without NUMA support.
2025-09-17 08:48:22.122680: I tensorflow/compiler/xla/stream_executor/cuda/cuda_gpu_executor.cc:981] could not open file to read NUMA node: /sys/bus/pci/devices/0000:01:00.0/numa_node
Your kernel may have been built without NUMA support.
2025-09-17 08:48:22.122698: I tensorflow/compiler/xla/stream_executor/cuda/cuda_gpu_executor.cc:981] could not open file to read NUMA node: /sys/bus/pci/devices/0000:01:00.0/numa_node
Your kernel may have been built without NUMA support.
2025-09-17 08:48:22.241537: I tensorflow/compiler/xla/stream_executor/cuda/cuda_gpu_executor.cc:981] could not open file to read NUMA node: /sys/bus/pci/devices/0000:01:00.0/numa_node
Your kernel may have been built without NUMA support.
2025-09-17 08:48:22.241680: I tensorflow/compiler/xla/stream_executor/cuda/cuda_gpu_executor.cc:981] could not open file to read NUMA node: /sys/bus/pci/devices/0000:01:00.0/numa_node
Your kernel may have been built without NUMA support.
2025-09-17 08:48:22.241703: I tensorflow/core/common_runtime/gpu/gpu_device.cc:1726] Could not identify NUMA node of platform GPU id 0, defaulting to 0.  Your kernel may not have been built with NUMA support.
2025-09-17 08:48:22.241730: I tensorflow/compiler/xla/stream_executor/cuda/cuda_gpu_executor.cc:981] could not open file to read NUMA node: /sys/bus/pci/devices/0000:01:00.0/numa_node
Your kernel may have been built without NUMA support.
2025-09-17 08:48:22.241751: I tensorflow/core/common_runtime/gpu/gpu_device.cc:1639] Created device /job:localhost/replica:0/task:0/device:GPU:0 with 9517 MB memory:  -> device: 0, name: NVIDIA GeForce RTX 4070 SUPER, pci bus id: 0000:01:00.0, compute capability: 8.9
GPU detected: 1 physical, 1 logical -> ['/device:GPU:0']
Config: batch=16, accumulate_steps=8 -> effective_batch=128
Loaded (1276, 36, 75) (1276,)
Using mask channel "occlusion_flag" from long_raw (index 7)
Model: "cnn_bilstm_attn_masked"
__________________________________________________________________________________________________
 Layer (type)                Output Shape                 Param #   Connected to                  
==================================================================================================
 input (InputLayer)          [(None, 36, 75)]             0         []                            
                                                                                                  
 permute_time_features (Per  (None, 75, 36)               0         ['input[0][0]']               
 mute)                                                                                            
                                                                                                  
 conv0 (Conv1D)              (None, 75, 64)               6976      ['permute_time_features[0][0]'
                                                                    ]                             
                                                                                                  
 bn0 (BatchNormalization)    (None, 75, 64)               256       ['conv0[0][0]']               
                                                                                                  
 act0 (Activation)           (None, 75, 64)               0         ['bn0[0][0]']                 
                                                                                                  
 conv_dropout0 (Dropout)     (None, 75, 64)               0         ['act0[0][0]']                
                                                                                                  
 conv1 (Conv1D)              (None, 75, 64)               20544     ['conv_dropout0[0][0]']       
                                                                                                  
 bn1 (BatchNormalization)    (None, 75, 64)               256       ['conv1[0][0]']               
                                                                                                  
 act1 (Activation)           (None, 75, 64)               0         ['bn1[0][0]']                 
                                                                                                  
 conv_dropout1 (Dropout)     (None, 75, 64)               0         ['act1[0][0]']                
                                                                                                  
 conv2 (Conv1D)              (None, 75, 64)               12352     ['conv_dropout1[0][0]']       
                                                                                                  
 bn2 (BatchNormalization)    (None, 75, 64)               256       ['conv2[0][0]']               
                                                                                                  
 act2 (Activation)           (None, 75, 64)               0         ['bn2[0][0]']                 
                                                                                                  
 conv_dropout2 (Dropout)     (None, 75, 64)               0         ['act2[0][0]']                
                                                                                                  
 bilstm (Bidirectional)      (None, 75, 128)              66048     ['conv_dropout2[0][0]']       
                                                                                                  
 mlp_attn_u (Dense)          (None, 75, 32)               4128      ['bilstm[0][0]']              
                                                                                                  
 mlp_attn_score (Dense)      (None, 75, 1)                33        ['mlp_attn_u[0][0]']          
                                                                                                  
 mlp_attn_squeeze (Lambda)   (None, 75)                   0         ['mlp_attn_score[0][0]']      
                                                                                                  
 attn_mask (InputLayer)      [(None, 75)]                 0         []                            
                                                                                                  
 mlp_attn_apply_mask (Lambd  (None, 75)                   0         ['mlp_attn_squeeze[0][0]',    
 a)                                                                  'attn_mask[0][0]']           
                                                                                                  
 mlp_attn_softmax (Lambda)   (None, 75)                   0         ['mlp_attn_apply_mask[0][0]'] 
                                                                                                  
 mlp_attn_expand (Lambda)    (None, 75, 1)                0         ['mlp_attn_softmax[0][0]']    
                                                                                                  
 mlp_attn_weighted (Lambda)  (None, 128)                  0         ['bilstm[0][0]',              
                                                                     'mlp_attn_expand[0][0]']     
                                                                                                  
 fc1 (Dense)                 (None, 64)                   8256      ['mlp_attn_weighted[0][0]']   
                                                                                                  
 fc_dropout (Dropout)        (None, 64)                   0         ['fc1[0][0]']                 
                                                                                                  
 out (Dense)                 (None, 1)                    65        ['fc_dropout[0][0]']          
                                                                                                  
==================================================================================================
Total params: 119171 (465.51 KB)
Trainable params: 118786 (464.01 KB)
Non-trainable params: 385 (1.50 KB)
__________________________________________________________________________________________________
None
Writing results to /home/user/projects/train/model/long_window/CNN_BiLSTM/result_focal_refine/cw05_fg08/01
Curriculum: set focal gamma = 0.0000 (epoch 1)
Epoch 1/70
2025-09-17 08:48:26.719580: I tensorflow/compiler/xla/stream_executor/cuda/cuda_dnn.cc:432] Loaded cuDNN version 8600
2025-09-17 08:48:26.791939: I tensorflow/tsl/platform/default/subprocess.cc:304] Start cannot spawn child process: No such file or directory
2025-09-17 08:48:26.918393: I tensorflow/compiler/xla/stream_executor/cuda/cuda_blas.cc:606] TensorFloat-32 will be used for the matrix multiplication. This will only be logged once.
2025-09-17 08:48:27.235252: I tensorflow/compiler/xla/service/service.cc:168] XLA service 0x64405b5ca8d0 initialized for platform CUDA (this does not guarantee that XLA will be used). Devices:
2025-09-17 08:48:27.235304: I tensorflow/compiler/xla/service/service.cc:176]   StreamExecutor device (0): NVIDIA GeForce RTX 4070 SUPER, Compute Capability 8.9
2025-09-17 08:48:27.239052: I tensorflow/compiler/mlir/tensorflow/utils/dump_mlir_util.cc:255] disabling MLIR crash reproducer, set env var `MLIR_CRASH_REPRODUCER_DIRECTORY` to enable.
2025-09-17 08:48:27.290536: I tensorflow/tsl/platform/default/subprocess.cc:304] Start cannot spawn child process: No such file or directory
2025-09-17 08:48:27.323363: I ./tensorflow/compiler/jit/device_compiler.h:186] Compiled cluster using XLA!  This line is logged at most once for the lifetime of the process.
56/56 - 7s - loss: 0.3144 - auc: 0.5053 - val_loss: 0.3294 - val_auc: 0.5482 - val_auc_custom: 0.5439 - val_f1_custom: 0.0000e+00 - val_recall_custom: 0.0000e+00 - 7s/epoch - 119ms/step
Curriculum: set focal gamma = 0.0842 (epoch 2)
Epoch 2/70
56/56 - 1s - loss: 0.2665 - auc: 0.5235 - val_loss: 0.2856 - val_auc: 0.5281 - val_auc_custom: 0.5293 - val_f1_custom: 0.0000e+00 - val_recall_custom: 0.0000e+00 - 1s/epoch - 22ms/step
Curriculum: set focal gamma = 0.1684 (epoch 3)
Epoch 3/70
56/56 - 1s - loss: 0.2483 - auc: 0.5789 - val_loss: 0.2624 - val_auc: 0.5639 - val_auc_custom: 0.5625 - val_f1_custom: 0.0000e+00 - val_recall_custom: 0.0000e+00 - 1s/epoch - 22ms/step
Curriculum: set focal gamma = 0.2526 (epoch 4)
Epoch 4/70
56/56 - 1s - loss: 0.2293 - auc: 0.6186 - val_loss: 0.2455 - val_auc: 0.5859 - val_auc_custom: 0.5859 - val_f1_custom: 0.0000e+00 - val_recall_custom: 0.0000e+00 - 1s/epoch - 22ms/step
Curriculum: set focal gamma = 0.3368 (epoch 5)
Epoch 5/70
56/56 - 1s - loss: 0.2147 - auc: 0.6191 - val_loss: 0.2302 - val_auc: 0.6014 - val_auc_custom: 0.6008 - val_f1_custom: 0.0000e+00 - val_recall_custom: 0.0000e+00 - 1s/epoch - 23ms/step
Curriculum: set focal gamma = 0.4211 (epoch 6)
Epoch 6/70
56/56 - 1s - loss: 0.2022 - auc: 0.6307 - val_loss: 0.2174 - val_auc: 0.5992 - val_auc_custom: 0.6003 - val_f1_custom: 0.0370 - val_recall_custom: 0.0189 - 1s/epoch - 20ms/step
Curriculum: set focal gamma = 0.5053 (epoch 7)
Epoch 7/70
56/56 - 1s - loss: 0.1897 - auc: 0.6398 - val_loss: 0.2059 - val_auc: 0.5960 - val_auc_custom: 0.5947 - val_f1_custom: 0.1071 - val_recall_custom: 0.0566 - 1s/epoch - 20ms/step
Curriculum: set focal gamma = 0.5895 (epoch 8)
Epoch 8/70
56/56 - 1s - loss: 0.1769 - auc: 0.6631 - val_loss: 0.1955 - val_auc: 0.5884 - val_auc_custom: 0.5874 - val_f1_custom: 0.1404 - val_recall_custom: 0.0755 - 1s/epoch - 20ms/step
Curriculum: set focal gamma = 0.6737 (epoch 9)
Epoch 9/70
56/56 - 1s - loss: 0.1636 - auc: 0.6821 - val_loss: 0.1848 - val_auc: 0.5888 - val_auc_custom: 0.5897 - val_f1_custom: 0.1404 - val_recall_custom: 0.0755 - 1s/epoch - 20ms/step
Curriculum: set focal gamma = 0.7579 (epoch 10)
Epoch 10/70
56/56 - 1s - loss: 0.1530 - auc: 0.6960 - val_loss: 0.1745 - val_auc: 0.5938 - val_auc_custom: 0.5937 - val_f1_custom: 0.1724 - val_recall_custom: 0.0943 - 1s/epoch - 20ms/step
Curriculum: set focal gamma = 0.8421 (epoch 11)
Epoch 11/70
56/56 - 1s - loss: 0.1434 - auc: 0.7022 - val_loss: 0.1638 - val_auc: 0.6072 - val_auc_custom: 0.6060 - val_f1_custom: 0.1967 - val_recall_custom: 0.1132 - 1s/epoch - 22ms/step
Curriculum: set focal gamma = 0.9263 (epoch 12)
Epoch 12/70
56/56 - 1s - loss: 0.1365 - auc: 0.6908 - val_loss: 0.1544 - val_auc: 0.6148 - val_auc_custom: 0.6143 - val_f1_custom: 0.1875 - val_recall_custom: 0.1132 - 1s/epoch - 22ms/step
Curriculum: set focal gamma = 1.0105 (epoch 13)
Epoch 13/70
56/56 - 1s - loss: 0.1268 - auc: 0.7105 - val_loss: 0.1465 - val_auc: 0.6148 - val_auc_custom: 0.6156 - val_f1_custom: 0.2121 - val_recall_custom: 0.1321 - 1s/epoch - 21ms/step
Curriculum: set focal gamma = 1.0947 (epoch 14)
Epoch 14/70
56/56 - 1s - loss: 0.1175 - auc: 0.7310 - val_loss: 0.1373 - val_auc: 0.6254 - val_auc_custom: 0.6257 - val_f1_custom: 0.2121 - val_recall_custom: 0.1321 - 1s/epoch - 21ms/step
Curriculum: set focal gamma = 1.1789 (epoch 15)
Epoch 15/70
56/56 - 1s - loss: 0.1101 - auc: 0.7424 - val_loss: 0.1290 - val_auc: 0.6403 - val_auc_custom: 0.6403 - val_f1_custom: 0.2059 - val_recall_custom: 0.1321 - 1s/epoch - 22ms/step
Curriculum: set focal gamma = 1.2632 (epoch 16)
Epoch 16/70
56/56 - 1s - loss: 0.1021 - auc: 0.7565 - val_loss: 0.1223 - val_auc: 0.6543 - val_auc_custom: 0.6523 - val_f1_custom: 0.2973 - val_recall_custom: 0.2075 - 1s/epoch - 22ms/step
Curriculum: set focal gamma = 1.3474 (epoch 17)
Epoch 17/70
56/56 - 1s - loss: 0.0938 - auc: 0.7777 - val_loss: 0.1160 - val_auc: 0.6672 - val_auc_custom: 0.6667 - val_f1_custom: 0.3377 - val_recall_custom: 0.2453 - 1s/epoch - 22ms/step
Curriculum: set focal gamma = 1.4316 (epoch 18)
Epoch 18/70
56/56 - 1s - loss: 0.0886 - auc: 0.7744 - val_loss: 0.1096 - val_auc: 0.6708 - val_auc_custom: 0.6709 - val_f1_custom: 0.3659 - val_recall_custom: 0.2830 - 1s/epoch - 22ms/step
Curriculum: set focal gamma = 1.5158 (epoch 19)
Epoch 19/70
56/56 - 1s - loss: 0.0828 - auc: 0.7787 - val_loss: 0.1022 - val_auc: 0.6873 - val_auc_custom: 0.6868 - val_f1_custom: 0.4000 - val_recall_custom: 0.3208 - 1s/epoch - 22ms/step
Curriculum: set focal gamma = 1.6000 (epoch 20)
Epoch 20/70
56/56 - 1s - loss: 0.0768 - auc: 0.7907 - val_loss: 0.1039 - val_auc: 0.6996 - val_auc_custom: 0.6989 - val_f1_custom: 0.6111 - val_recall_custom: 0.6226 - 1s/epoch - 22ms/step
Curriculum: set focal gamma = 1.6000 (epoch 21)
Epoch 21/70
56/56 - 1s - loss: 0.0780 - auc: 0.7867 - val_loss: 0.0961 - val_auc: 0.7121 - val_auc_custom: 0.7130 - val_f1_custom: 0.5376 - val_recall_custom: 0.4717 - 1s/epoch - 22ms/step
Curriculum: set focal gamma = 1.6000 (epoch 22)
Epoch 22/70
56/56 - 1s - loss: 0.0757 - auc: 0.8019 - val_loss: 0.0948 - val_auc: 0.7293 - val_auc_custom: 0.7286 - val_f1_custom: 0.5435 - val_recall_custom: 0.4717 - 1s/epoch - 22ms/step
Curriculum: set focal gamma = 1.6000 (epoch 23)
Epoch 23/70
56/56 - 1s - loss: 0.0738 - auc: 0.8106 - val_loss: 0.0986 - val_auc: 0.7167 - val_auc_custom: 0.7177 - val_f1_custom: 0.5253 - val_recall_custom: 0.4906 - 1s/epoch - 21ms/step
Curriculum: set focal gamma = 1.6000 (epoch 24)
Epoch 24/70
56/56 - 1s - loss: 0.0724 - auc: 0.8254 - val_loss: 0.0950 - val_auc: 0.7268 - val_auc_custom: 0.7291 - val_f1_custom: 0.5217 - val_recall_custom: 0.4528 - 1s/epoch - 21ms/step
Curriculum: set focal gamma = 1.6000 (epoch 25)
Epoch 25/70
56/56 - 1s - loss: 0.0726 - auc: 0.8208 - val_loss: 0.0975 - val_auc: 0.7239 - val_auc_custom: 0.7233 - val_f1_custom: 0.5361 - val_recall_custom: 0.4906 - 1s/epoch - 20ms/step
Curriculum: set focal gamma = 1.6000 (epoch 26)
Epoch 26/70
56/56 - 1s - loss: 0.0694 - auc: 0.8409 - val_loss: 0.0966 - val_auc: 0.7259 - val_auc_custom: 0.7255 - val_f1_custom: 0.4946 - val_recall_custom: 0.4340 - 1s/epoch - 20ms/step
Curriculum: set focal gamma = 1.6000 (epoch 27)
Epoch 27/70
56/56 - 1s - loss: 0.0707 - auc: 0.8278 - val_loss: 0.1025 - val_auc: 0.7296 - val_auc_custom: 0.7303 - val_f1_custom: 0.5981 - val_recall_custom: 0.6038 - 1s/epoch - 23ms/step
Curriculum: set focal gamma = 1.6000 (epoch 28)
Epoch 28/70
56/56 - 1s - loss: 0.0689 - auc: 0.8445 - val_loss: 0.0956 - val_auc: 0.7455 - val_auc_custom: 0.7444 - val_f1_custom: 0.5217 - val_recall_custom: 0.4528 - 1s/epoch - 22ms/step
Curriculum: set focal gamma = 1.6000 (epoch 29)
Epoch 29/70
56/56 - 1s - loss: 0.0653 - auc: 0.8633 - val_loss: 0.1065 - val_auc: 0.7053 - val_auc_custom: 0.7044 - val_f1_custom: 0.5385 - val_recall_custom: 0.5283 - 1s/epoch - 20ms/step
Curriculum: set focal gamma = 1.6000 (epoch 30)
Epoch 30/70
56/56 - 1s - loss: 0.0670 - auc: 0.8533 - val_loss: 0.1171 - val_auc: 0.7099 - val_auc_custom: 0.7094 - val_f1_custom: 0.5965 - val_recall_custom: 0.6415 - 1s/epoch - 20ms/step
Curriculum: set focal gamma = 1.6000 (epoch 31)
Epoch 31/70
56/56 - 1s - loss: 0.0668 - auc: 0.8561 - val_loss: 0.1072 - val_auc: 0.7270 - val_auc_custom: 0.7270 - val_f1_custom: 0.5926 - val_recall_custom: 0.6038 - 1s/epoch - 21ms/step
Curriculum: set focal gamma = 1.6000 (epoch 32)
Epoch 32/70
56/56 - 1s - loss: 0.0653 - auc: 0.8652 - val_loss: 0.1191 - val_auc: 0.6961 - val_auc_custom: 0.6964 - val_f1_custom: 0.5983 - val_recall_custom: 0.6604 - 1s/epoch - 21ms/step
Curriculum: set focal gamma = 1.6000 (epoch 33)
Epoch 33/70
56/56 - 1s - loss: 0.0642 - auc: 0.8622 - val_loss: 0.0986 - val_auc: 0.7442 - val_auc_custom: 0.7439 - val_f1_custom: 0.5319 - val_recall_custom: 0.4717 - 1s/epoch - 20ms/step
Curriculum: set focal gamma = 1.6000 (epoch 34)
Epoch 34/70
56/56 - 1s - loss: 0.0619 - auc: 0.8778 - val_loss: 0.1424 - val_auc: 0.6951 - val_auc_custom: 0.6961 - val_f1_custom: 0.6107 - val_recall_custom: 0.7547 - 1s/epoch - 24ms/step
Curriculum: set focal gamma = 1.6000 (epoch 35)
Epoch 35/70
56/56 - 1s - loss: 0.0612 - auc: 0.8752 - val_loss: 0.1014 - val_auc: 0.7444 - val_auc_custom: 0.7447 - val_f1_custom: 0.4944 - val_recall_custom: 0.4151 - 1s/epoch - 21ms/step
Curriculum: set focal gamma = 1.6000 (epoch 36)
Epoch 36/70
56/56 - 1s - loss: 0.0617 - auc: 0.8798 - val_loss: 0.1288 - val_auc: 0.7065 - val_auc_custom: 0.7062 - val_f1_custom: 0.6032 - val_recall_custom: 0.7170 - 1s/epoch - 21ms/step
Curriculum: set focal gamma = 1.6000 (epoch 37)
Epoch 37/70
56/56 - 1s - loss: 0.0630 - auc: 0.8717 - val_loss: 0.1181 - val_auc: 0.6976 - val_auc_custom: 0.6989 - val_f1_custom: 0.5243 - val_recall_custom: 0.5094 - 1s/epoch - 21ms/step
Curriculum: set focal gamma = 1.6000 (epoch 38)
Epoch 38/70
56/56 - 1s - loss: 0.0626 - auc: 0.8736 - val_loss: 0.1101 - val_auc: 0.7389 - val_auc_custom: 0.7444 - val_f1_custom: 0.5217 - val_recall_custom: 0.4528 - 1s/epoch - 21ms/step
Mask config -> mode=soft, threshold=0.6, window_gate=None
Done. Results saved to /home/user/projects/train/model/long_window/CNN_BiLSTM/result_focal_refine/cw05_fg08/01
