2025-09-17 08:19:38.297400: I tensorflow/core/util/port.cc:110] oneDNN custom operations are on. You may see slightly different numerical results due to floating-point round-off errors from different computation orders. To turn them off, set the environment variable `TF_ENABLE_ONEDNN_OPTS=0`.
2025-09-17 08:19:38.327842: I tensorflow/core/platform/cpu_feature_guard.cc:182] This TensorFlow binary is optimized to use available CPU instructions in performance-critical operations.
To enable the following instructions: AVX2 AVX_VNNI FMA, in other operations, rebuild TensorFlow with the appropriate compiler flags.
2025-09-17 08:19:38.740673: W tensorflow/compiler/tf2tensorrt/utils/py_utils.cc:38] TF-TRT Warning: Could not find TensorRT
2025-09-17 08:19:39.142210: I tensorflow/compiler/xla/stream_executor/cuda/cuda_gpu_executor.cc:981] could not open file to read NUMA node: /sys/bus/pci/devices/0000:01:00.0/numa_node
Your kernel may have been built without NUMA support.
2025-09-17 08:19:39.161206: I tensorflow/compiler/xla/stream_executor/cuda/cuda_gpu_executor.cc:981] could not open file to read NUMA node: /sys/bus/pci/devices/0000:01:00.0/numa_node
Your kernel may have been built without NUMA support.
2025-09-17 08:19:39.161320: I tensorflow/compiler/xla/stream_executor/cuda/cuda_gpu_executor.cc:981] could not open file to read NUMA node: /sys/bus/pci/devices/0000:01:00.0/numa_node
Your kernel may have been built without NUMA support.
2025-09-17 08:19:39.162415: I tensorflow/compiler/xla/stream_executor/cuda/cuda_gpu_executor.cc:981] could not open file to read NUMA node: /sys/bus/pci/devices/0000:01:00.0/numa_node
Your kernel may have been built without NUMA support.
2025-09-17 08:19:39.162478: I tensorflow/compiler/xla/stream_executor/cuda/cuda_gpu_executor.cc:981] could not open file to read NUMA node: /sys/bus/pci/devices/0000:01:00.0/numa_node
Your kernel may have been built without NUMA support.
2025-09-17 08:19:39.162497: I tensorflow/compiler/xla/stream_executor/cuda/cuda_gpu_executor.cc:981] could not open file to read NUMA node: /sys/bus/pci/devices/0000:01:00.0/numa_node
Your kernel may have been built without NUMA support.
2025-09-17 08:19:39.261568: I tensorflow/compiler/xla/stream_executor/cuda/cuda_gpu_executor.cc:981] could not open file to read NUMA node: /sys/bus/pci/devices/0000:01:00.0/numa_node
Your kernel may have been built without NUMA support.
2025-09-17 08:19:39.261683: I tensorflow/compiler/xla/stream_executor/cuda/cuda_gpu_executor.cc:981] could not open file to read NUMA node: /sys/bus/pci/devices/0000:01:00.0/numa_node
Your kernel may have been built without NUMA support.
2025-09-17 08:19:39.261705: I tensorflow/core/common_runtime/gpu/gpu_device.cc:1726] Could not identify NUMA node of platform GPU id 0, defaulting to 0.  Your kernel may not have been built with NUMA support.
2025-09-17 08:19:39.261735: I tensorflow/compiler/xla/stream_executor/cuda/cuda_gpu_executor.cc:981] could not open file to read NUMA node: /sys/bus/pci/devices/0000:01:00.0/numa_node
Your kernel may have been built without NUMA support.
2025-09-17 08:19:39.261758: I tensorflow/core/common_runtime/gpu/gpu_device.cc:1639] Created device /job:localhost/replica:0/task:0/device:GPU:0 with 9517 MB memory:  -> device: 0, name: NVIDIA GeForce RTX 4070 SUPER, pci bus id: 0000:01:00.0, compute capability: 8.9
GPU detected: 1 physical, 1 logical -> ['/device:GPU:0']
Config: batch=16, accumulate_steps=8 -> effective_batch=128
Loaded (1276, 36, 75) (1276,)
Using mask channel "occlusion_flag" from long_raw (index 7)
Model: "cnn_bilstm_attn_masked"
__________________________________________________________________________________________________
 Layer (type)                Output Shape                 Param #   Connected to                  
==================================================================================================
 input (InputLayer)          [(None, 36, 75)]             0         []                            
                                                                                                  
 permute_time_features (Per  (None, 75, 36)               0         ['input[0][0]']               
 mute)                                                                                            
                                                                                                  
 conv0 (Conv1D)              (None, 75, 64)               6976      ['permute_time_features[0][0]'
                                                                    ]                             
                                                                                                  
 bn0 (BatchNormalization)    (None, 75, 64)               256       ['conv0[0][0]']               
                                                                                                  
 act0 (Activation)           (None, 75, 64)               0         ['bn0[0][0]']                 
                                                                                                  
 conv_dropout0 (Dropout)     (None, 75, 64)               0         ['act0[0][0]']                
                                                                                                  
 conv1 (Conv1D)              (None, 75, 64)               20544     ['conv_dropout0[0][0]']       
                                                                                                  
 bn1 (BatchNormalization)    (None, 75, 64)               256       ['conv1[0][0]']               
                                                                                                  
 act1 (Activation)           (None, 75, 64)               0         ['bn1[0][0]']                 
                                                                                                  
 conv_dropout1 (Dropout)     (None, 75, 64)               0         ['act1[0][0]']                
                                                                                                  
 conv2 (Conv1D)              (None, 75, 64)               12352     ['conv_dropout1[0][0]']       
                                                                                                  
 bn2 (BatchNormalization)    (None, 75, 64)               256       ['conv2[0][0]']               
                                                                                                  
 act2 (Activation)           (None, 75, 64)               0         ['bn2[0][0]']                 
                                                                                                  
 conv_dropout2 (Dropout)     (None, 75, 64)               0         ['act2[0][0]']                
                                                                                                  
 bilstm (Bidirectional)      (None, 75, 128)              66048     ['conv_dropout2[0][0]']       
                                                                                                  
 mlp_attn_u (Dense)          (None, 75, 32)               4128      ['bilstm[0][0]']              
                                                                                                  
 mlp_attn_score (Dense)      (None, 75, 1)                33        ['mlp_attn_u[0][0]']          
                                                                                                  
 mlp_attn_squeeze (Lambda)   (None, 75)                   0         ['mlp_attn_score[0][0]']      
                                                                                                  
 attn_mask (InputLayer)      [(None, 75)]                 0         []                            
                                                                                                  
 mlp_attn_apply_mask (Lambd  (None, 75)                   0         ['mlp_attn_squeeze[0][0]',    
 a)                                                                  'attn_mask[0][0]']           
                                                                                                  
 mlp_attn_softmax (Lambda)   (None, 75)                   0         ['mlp_attn_apply_mask[0][0]'] 
                                                                                                  
 mlp_attn_expand (Lambda)    (None, 75, 1)                0         ['mlp_attn_softmax[0][0]']    
                                                                                                  
 mlp_attn_weighted (Lambda)  (None, 128)                  0         ['bilstm[0][0]',              
                                                                     'mlp_attn_expand[0][0]']     
                                                                                                  
 fc1 (Dense)                 (None, 64)                   8256      ['mlp_attn_weighted[0][0]']   
                                                                                                  
 fc_dropout (Dropout)        (None, 64)                   0         ['fc1[0][0]']                 
                                                                                                  
 out (Dense)                 (None, 1)                    65        ['fc_dropout[0][0]']          
                                                                                                  
==================================================================================================
Total params: 119171 (465.51 KB)
Trainable params: 118786 (464.01 KB)
Non-trainable params: 385 (1.50 KB)
__________________________________________________________________________________________________
None
Writing results to /home/user/projects/train/model/long_window/CNN_BiLSTM/result_focal_refine/cw03_fg02/01
Curriculum: set focal gamma = 0.0000 (epoch 1)
Epoch 1/70
2025-09-17 08:19:43.878900: I tensorflow/compiler/xla/stream_executor/cuda/cuda_dnn.cc:432] Loaded cuDNN version 8600
2025-09-17 08:19:43.962028: I tensorflow/tsl/platform/default/subprocess.cc:304] Start cannot spawn child process: No such file or directory
2025-09-17 08:19:44.102304: I tensorflow/compiler/xla/stream_executor/cuda/cuda_blas.cc:606] TensorFloat-32 will be used for the matrix multiplication. This will only be logged once.
2025-09-17 08:19:44.417867: I tensorflow/compiler/xla/service/service.cc:168] XLA service 0x58d5970949d0 initialized for platform CUDA (this does not guarantee that XLA will be used). Devices:
2025-09-17 08:19:44.417919: I tensorflow/compiler/xla/service/service.cc:176]   StreamExecutor device (0): NVIDIA GeForce RTX 4070 SUPER, Compute Capability 8.9
2025-09-17 08:19:44.421169: I tensorflow/compiler/mlir/tensorflow/utils/dump_mlir_util.cc:255] disabling MLIR crash reproducer, set env var `MLIR_CRASH_REPRODUCER_DIRECTORY` to enable.
2025-09-17 08:19:44.474383: I tensorflow/tsl/platform/default/subprocess.cc:304] Start cannot spawn child process: No such file or directory
2025-09-17 08:19:44.509775: I ./tensorflow/compiler/jit/device_compiler.h:186] Compiled cluster using XLA!  This line is logged at most once for the lifetime of the process.
56/56 - 7s - loss: 0.3317 - auc: 0.5545 - val_loss: 0.3408 - val_auc: 0.5882 - val_auc_custom: 0.5904 - val_f1_custom: 0.0000e+00 - val_recall_custom: 0.0000e+00 - 7s/epoch - 127ms/step
Curriculum: set focal gamma = 0.0842 (epoch 2)
Epoch 2/70
56/56 - 1s - loss: 0.2446 - auc: 0.5116 - val_loss: 0.2627 - val_auc: 0.5626 - val_auc_custom: 0.5643 - val_f1_custom: 0.0000e+00 - val_recall_custom: 0.0000e+00 - 1s/epoch - 20ms/step
Curriculum: set focal gamma = 0.1684 (epoch 3)
Epoch 3/70
56/56 - 1s - loss: 0.2073 - auc: 0.5159 - val_loss: 0.2179 - val_auc: 0.5756 - val_auc_custom: 0.5726 - val_f1_custom: 0.0000e+00 - val_recall_custom: 0.0000e+00 - 1s/epoch - 20ms/step
Curriculum: set focal gamma = 0.2526 (epoch 4)
Epoch 4/70
56/56 - 1s - loss: 0.1925 - auc: 0.5786 - val_loss: 0.2040 - val_auc: 0.6000 - val_auc_custom: 0.5962 - val_f1_custom: 0.0000e+00 - val_recall_custom: 0.0000e+00 - 1s/epoch - 22ms/step
Curriculum: set focal gamma = 0.3368 (epoch 5)
Epoch 5/70
56/56 - 1s - loss: 0.1821 - auc: 0.5822 - val_loss: 0.1929 - val_auc: 0.6079 - val_auc_custom: 0.6088 - val_f1_custom: 0.0000e+00 - val_recall_custom: 0.0000e+00 - 1s/epoch - 23ms/step
Curriculum: set focal gamma = 0.4211 (epoch 6)
Epoch 6/70
56/56 - 1s - loss: 0.1687 - auc: 0.6092 - val_loss: 0.1799 - val_auc: 0.6096 - val_auc_custom: 0.6086 - val_f1_custom: 0.0000e+00 - val_recall_custom: 0.0000e+00 - 1s/epoch - 23ms/step
Curriculum: set focal gamma = 0.5053 (epoch 7)
Epoch 7/70
56/56 - 1s - loss: 0.1607 - auc: 0.5967 - val_loss: 0.1704 - val_auc: 0.6089 - val_auc_custom: 0.6086 - val_f1_custom: 0.0000e+00 - val_recall_custom: 0.0000e+00 - 1s/epoch - 21ms/step
Curriculum: set focal gamma = 0.5895 (epoch 8)
Epoch 8/70
56/56 - 1s - loss: 0.1468 - auc: 0.6514 - val_loss: 0.1627 - val_auc: 0.5951 - val_auc_custom: 0.5975 - val_f1_custom: 0.0727 - val_recall_custom: 0.0377 - 1s/epoch - 21ms/step
Curriculum: set focal gamma = 0.6737 (epoch 9)
Epoch 9/70
56/56 - 1s - loss: 0.1403 - auc: 0.6278 - val_loss: 0.1538 - val_auc: 0.5940 - val_auc_custom: 0.5922 - val_f1_custom: 0.1071 - val_recall_custom: 0.0566 - 1s/epoch - 22ms/step
Curriculum: set focal gamma = 0.7579 (epoch 10)
Epoch 10/70
56/56 - 1s - loss: 0.1318 - auc: 0.6469 - val_loss: 0.1444 - val_auc: 0.5937 - val_auc_custom: 0.5950 - val_f1_custom: 0.0370 - val_recall_custom: 0.0189 - 1s/epoch - 21ms/step
Curriculum: set focal gamma = 0.8421 (epoch 11)
Epoch 11/70
56/56 - 1s - loss: 0.1220 - auc: 0.6725 - val_loss: 0.1361 - val_auc: 0.6001 - val_auc_custom: 0.5975 - val_f1_custom: 0.0370 - val_recall_custom: 0.0189 - 1s/epoch - 21ms/step
Curriculum: set focal gamma = 0.9263 (epoch 12)
Epoch 12/70
56/56 - 1s - loss: 0.1150 - auc: 0.6726 - val_loss: 0.1288 - val_auc: 0.6000 - val_auc_custom: 0.6015 - val_f1_custom: 0.1071 - val_recall_custom: 0.0566 - 1s/epoch - 22ms/step
Curriculum: set focal gamma = 1.0105 (epoch 13)
Epoch 13/70
56/56 - 1s - loss: 0.1064 - auc: 0.6996 - val_loss: 0.1221 - val_auc: 0.6064 - val_auc_custom: 0.6060 - val_f1_custom: 0.1724 - val_recall_custom: 0.0943 - 1s/epoch - 21ms/step
Curriculum: set focal gamma = 1.0947 (epoch 14)
Epoch 14/70
56/56 - 1s - loss: 0.1020 - auc: 0.6808 - val_loss: 0.1152 - val_auc: 0.6142 - val_auc_custom: 0.6151 - val_f1_custom: 0.1404 - val_recall_custom: 0.0755 - 1s/epoch - 24ms/step
Curriculum: set focal gamma = 1.1789 (epoch 15)
Epoch 15/70
56/56 - 1s - loss: 0.0946 - auc: 0.7076 - val_loss: 0.1087 - val_auc: 0.6255 - val_auc_custom: 0.6254 - val_f1_custom: 0.1379 - val_recall_custom: 0.0755 - 1s/epoch - 23ms/step
Curriculum: set focal gamma = 1.2632 (epoch 16)
Epoch 16/70
56/56 - 1s - loss: 0.0883 - auc: 0.7199 - val_loss: 0.1034 - val_auc: 0.6268 - val_auc_custom: 0.6284 - val_f1_custom: 0.1356 - val_recall_custom: 0.0755 - 1s/epoch - 24ms/step
Curriculum: set focal gamma = 1.3474 (epoch 17)
Epoch 17/70
56/56 - 1s - loss: 0.0847 - auc: 0.7061 - val_loss: 0.0971 - val_auc: 0.6419 - val_auc_custom: 0.6418 - val_f1_custom: 0.1613 - val_recall_custom: 0.0943 - 1s/epoch - 23ms/step
Curriculum: set focal gamma = 1.4316 (epoch 18)
Epoch 18/70
56/56 - 1s - loss: 0.0781 - auc: 0.7295 - val_loss: 0.0921 - val_auc: 0.6491 - val_auc_custom: 0.6508 - val_f1_custom: 0.1875 - val_recall_custom: 0.1132 - 1s/epoch - 23ms/step
Curriculum: set focal gamma = 1.5158 (epoch 19)
Epoch 19/70
56/56 - 1s - loss: 0.0740 - auc: 0.7304 - val_loss: 0.0883 - val_auc: 0.6552 - val_auc_custom: 0.6528 - val_f1_custom: 0.2388 - val_recall_custom: 0.1509 - 1s/epoch - 23ms/step
Curriculum: set focal gamma = 1.6000 (epoch 20)
Epoch 20/70
56/56 - 1s - loss: 0.0694 - auc: 0.7351 - val_loss: 0.0827 - val_auc: 0.6683 - val_auc_custom: 0.6664 - val_f1_custom: 0.2121 - val_recall_custom: 0.1321 - 1s/epoch - 23ms/step
Curriculum: set focal gamma = 1.6000 (epoch 21)
Epoch 21/70
56/56 - 1s - loss: 0.0680 - auc: 0.7582 - val_loss: 0.0827 - val_auc: 0.6774 - val_auc_custom: 0.6777 - val_f1_custom: 0.1875 - val_recall_custom: 0.1132 - 1s/epoch - 23ms/step
Curriculum: set focal gamma = 1.6000 (epoch 22)
Epoch 22/70
56/56 - 1s - loss: 0.0671 - auc: 0.7620 - val_loss: 0.0825 - val_auc: 0.6843 - val_auc_custom: 0.6823 - val_f1_custom: 0.2353 - val_recall_custom: 0.1509 - 1s/epoch - 22ms/step
Curriculum: set focal gamma = 1.6000 (epoch 23)
Epoch 23/70
56/56 - 1s - loss: 0.0671 - auc: 0.7622 - val_loss: 0.0810 - val_auc: 0.6952 - val_auc_custom: 0.6953 - val_f1_custom: 0.2121 - val_recall_custom: 0.1321 - 1s/epoch - 22ms/step
Curriculum: set focal gamma = 1.6000 (epoch 24)
Epoch 24/70
56/56 - 1s - loss: 0.0646 - auc: 0.7937 - val_loss: 0.0825 - val_auc: 0.7005 - val_auc_custom: 0.7004 - val_f1_custom: 0.3288 - val_recall_custom: 0.2264 - 1s/epoch - 24ms/step
Curriculum: set focal gamma = 1.6000 (epoch 25)
Epoch 25/70
56/56 - 1s - loss: 0.0641 - auc: 0.7913 - val_loss: 0.0841 - val_auc: 0.7023 - val_auc_custom: 0.7009 - val_f1_custom: 0.4103 - val_recall_custom: 0.3019 - 1s/epoch - 23ms/step
Curriculum: set focal gamma = 1.6000 (epoch 26)
Epoch 26/70
56/56 - 1s - loss: 0.0659 - auc: 0.7771 - val_loss: 0.0829 - val_auc: 0.7169 - val_auc_custom: 0.7157 - val_f1_custom: 0.4103 - val_recall_custom: 0.3019 - 1s/epoch - 23ms/step
Curriculum: set focal gamma = 1.6000 (epoch 27)
Epoch 27/70
56/56 - 1s - loss: 0.0628 - auc: 0.8020 - val_loss: 0.0849 - val_auc: 0.7140 - val_auc_custom: 0.7132 - val_f1_custom: 0.4762 - val_recall_custom: 0.3774 - 1s/epoch - 21ms/step
Curriculum: set focal gamma = 1.6000 (epoch 28)
Epoch 28/70
56/56 - 1s - loss: 0.0623 - auc: 0.8068 - val_loss: 0.0838 - val_auc: 0.7278 - val_auc_custom: 0.7273 - val_f1_custom: 0.4634 - val_recall_custom: 0.3585 - 1s/epoch - 24ms/step
Curriculum: set focal gamma = 1.6000 (epoch 29)
Epoch 29/70
56/56 - 1s - loss: 0.0635 - auc: 0.8011 - val_loss: 0.0824 - val_auc: 0.7182 - val_auc_custom: 0.7190 - val_f1_custom: 0.3846 - val_recall_custom: 0.2830 - 1s/epoch - 21ms/step
Curriculum: set focal gamma = 1.6000 (epoch 30)
Epoch 30/70
56/56 - 1s - loss: 0.0627 - auc: 0.8058 - val_loss: 0.0824 - val_auc: 0.7406 - val_auc_custom: 0.7394 - val_f1_custom: 0.4051 - val_recall_custom: 0.3019 - 1s/epoch - 24ms/step
Curriculum: set focal gamma = 1.6000 (epoch 31)
Epoch 31/70
56/56 - 1s - loss: 0.0612 - auc: 0.8113 - val_loss: 0.0829 - val_auc: 0.7410 - val_auc_custom: 0.7409 - val_f1_custom: 0.4103 - val_recall_custom: 0.3019 - 1s/epoch - 25ms/step
Curriculum: set focal gamma = 1.6000 (epoch 32)
Epoch 32/70
56/56 - 1s - loss: 0.0610 - auc: 0.8196 - val_loss: 0.0818 - val_auc: 0.7468 - val_auc_custom: 0.7472 - val_f1_custom: 0.3846 - val_recall_custom: 0.2830 - 1s/epoch - 24ms/step
Curriculum: set focal gamma = 1.6000 (epoch 33)
Epoch 33/70
56/56 - 1s - loss: 0.0584 - auc: 0.8363 - val_loss: 0.0860 - val_auc: 0.7381 - val_auc_custom: 0.7389 - val_f1_custom: 0.4578 - val_recall_custom: 0.3585 - 1s/epoch - 22ms/step
Curriculum: set focal gamma = 1.6000 (epoch 34)
Epoch 34/70
56/56 - 1s - loss: 0.0588 - auc: 0.8293 - val_loss: 0.0857 - val_auc: 0.7481 - val_auc_custom: 0.7494 - val_f1_custom: 0.4634 - val_recall_custom: 0.3585 - 1s/epoch - 23ms/step
Curriculum: set focal gamma = 1.6000 (epoch 35)
Epoch 35/70
56/56 - 1s - loss: 0.0593 - auc: 0.8319 - val_loss: 0.0926 - val_auc: 0.7191 - val_auc_custom: 0.7192 - val_f1_custom: 0.5349 - val_recall_custom: 0.4340 - 1s/epoch - 21ms/step
Curriculum: set focal gamma = 1.6000 (epoch 36)
Epoch 36/70
56/56 - 1s - loss: 0.0572 - auc: 0.8450 - val_loss: 0.0897 - val_auc: 0.7385 - val_auc_custom: 0.7394 - val_f1_custom: 0.5057 - val_recall_custom: 0.4151 - 1s/epoch - 21ms/step
Curriculum: set focal gamma = 1.6000 (epoch 37)
Epoch 37/70
56/56 - 1s - loss: 0.0558 - auc: 0.8566 - val_loss: 0.0827 - val_auc: 0.7465 - val_auc_custom: 0.7462 - val_f1_custom: 0.4500 - val_recall_custom: 0.3396 - 1s/epoch - 21ms/step
Curriculum: set focal gamma = 1.6000 (epoch 38)
Epoch 38/70
56/56 - 1s - loss: 0.0558 - auc: 0.8551 - val_loss: 0.0830 - val_auc: 0.7703 - val_auc_custom: 0.7693 - val_f1_custom: 0.4634 - val_recall_custom: 0.3585 - 1s/epoch - 23ms/step
Curriculum: set focal gamma = 1.6000 (epoch 39)
Epoch 39/70
56/56 - 1s - loss: 0.0536 - auc: 0.8678 - val_loss: 0.0882 - val_auc: 0.7512 - val_auc_custom: 0.7517 - val_f1_custom: 0.5116 - val_recall_custom: 0.4151 - 1s/epoch - 20ms/step
Curriculum: set focal gamma = 1.6000 (epoch 40)
Epoch 40/70
56/56 - 1s - loss: 0.0552 - auc: 0.8591 - val_loss: 0.0847 - val_auc: 0.7707 - val_auc_custom: 0.7701 - val_f1_custom: 0.5000 - val_recall_custom: 0.3962 - 1s/epoch - 22ms/step
Curriculum: set focal gamma = 1.6000 (epoch 41)
Epoch 41/70
56/56 - 1s - loss: 0.0534 - auc: 0.8624 - val_loss: 0.0851 - val_auc: 0.7681 - val_auc_custom: 0.7678 - val_f1_custom: 0.5060 - val_recall_custom: 0.3962 - 1s/epoch - 20ms/step
Curriculum: set focal gamma = 1.6000 (epoch 42)
Epoch 42/70
56/56 - 1s - loss: 0.0550 - auc: 0.8517 - val_loss: 0.0945 - val_auc: 0.7316 - val_auc_custom: 0.7316 - val_f1_custom: 0.5287 - val_recall_custom: 0.4340 - 1s/epoch - 20ms/step
Curriculum: set focal gamma = 1.6000 (epoch 43)
Epoch 43/70
56/56 - 1s - loss: 0.0511 - auc: 0.8808 - val_loss: 0.0845 - val_auc: 0.7764 - val_auc_custom: 0.7761 - val_f1_custom: 0.5060 - val_recall_custom: 0.3962 - 1s/epoch - 21ms/step
Curriculum: set focal gamma = 1.6000 (epoch 44)
Epoch 44/70
56/56 - 1s - loss: 0.0500 - auc: 0.8826 - val_loss: 0.0939 - val_auc: 0.7522 - val_auc_custom: 0.7527 - val_f1_custom: 0.5556 - val_recall_custom: 0.4717 - 1s/epoch - 20ms/step
Curriculum: set focal gamma = 1.6000 (epoch 45)
Epoch 45/70
56/56 - 1s - loss: 0.0509 - auc: 0.8794 - val_loss: 0.0827 - val_auc: 0.7794 - val_auc_custom: 0.7794 - val_f1_custom: 0.5412 - val_recall_custom: 0.4340 - 1s/epoch - 22ms/step
Curriculum: set focal gamma = 1.6000 (epoch 46)
Epoch 46/70
56/56 - 1s - loss: 0.0513 - auc: 0.8818 - val_loss: 0.0946 - val_auc: 0.7659 - val_auc_custom: 0.7665 - val_f1_custom: 0.5652 - val_recall_custom: 0.4906 - 1s/epoch - 20ms/step
Curriculum: set focal gamma = 1.6000 (epoch 47)
Epoch 47/70
56/56 - 1s - loss: 0.0491 - auc: 0.8881 - val_loss: 0.0844 - val_auc: 0.7897 - val_auc_custom: 0.7897 - val_f1_custom: 0.4941 - val_recall_custom: 0.3962 - 1s/epoch - 21ms/step
Curriculum: set focal gamma = 1.6000 (epoch 48)
Epoch 48/70
56/56 - 1s - loss: 0.0474 - auc: 0.8939 - val_loss: 0.0902 - val_auc: 0.7764 - val_auc_custom: 0.7761 - val_f1_custom: 0.5393 - val_recall_custom: 0.4528 - 1s/epoch - 20ms/step
Curriculum: set focal gamma = 1.6000 (epoch 49)
Epoch 49/70
56/56 - 1s - loss: 0.0488 - auc: 0.8886 - val_loss: 0.0918 - val_auc: 0.7691 - val_auc_custom: 0.7691 - val_f1_custom: 0.5778 - val_recall_custom: 0.4906 - 1s/epoch - 20ms/step
Curriculum: set focal gamma = 1.6000 (epoch 50)
Epoch 50/70
56/56 - 1s - loss: 0.0466 - auc: 0.8992 - val_loss: 0.0944 - val_auc: 0.7781 - val_auc_custom: 0.7779 - val_f1_custom: 0.5833 - val_recall_custom: 0.5283 - 1s/epoch - 20ms/step
Curriculum: set focal gamma = 1.6000 (epoch 51)
Epoch 51/70
56/56 - 1s - loss: 0.0481 - auc: 0.8956 - val_loss: 0.0876 - val_auc: 0.7947 - val_auc_custom: 0.7957 - val_f1_custom: 0.5714 - val_recall_custom: 0.4906 - 1s/epoch - 22ms/step
Curriculum: set focal gamma = 1.6000 (epoch 52)
Epoch 52/70
56/56 - 1s - loss: 0.0478 - auc: 0.8905 - val_loss: 0.0852 - val_auc: 0.7859 - val_auc_custom: 0.7857 - val_f1_custom: 0.4941 - val_recall_custom: 0.3962 - 1s/epoch - 20ms/step
Curriculum: set focal gamma = 1.6000 (epoch 53)
Epoch 53/70
56/56 - 1s - loss: 0.0464 - auc: 0.8974 - val_loss: 0.0914 - val_auc: 0.7805 - val_auc_custom: 0.7796 - val_f1_custom: 0.6170 - val_recall_custom: 0.5472 - 1s/epoch - 21ms/step
Curriculum: set focal gamma = 1.6000 (epoch 54)
Epoch 54/70
56/56 - 1s - loss: 0.0422 - auc: 0.9208 - val_loss: 0.0912 - val_auc: 0.7918 - val_auc_custom: 0.7919 - val_f1_custom: 0.5618 - val_recall_custom: 0.4717 - 1s/epoch - 20ms/step
Curriculum: set focal gamma = 1.6000 (epoch 55)
Epoch 55/70
56/56 - 1s - loss: 0.0442 - auc: 0.9123 - val_loss: 0.0948 - val_auc: 0.7918 - val_auc_custom: 0.7930 - val_f1_custom: 0.5870 - val_recall_custom: 0.5094 - 1s/epoch - 20ms/step
Curriculum: set focal gamma = 1.6000 (epoch 56)
Epoch 56/70
56/56 - 1s - loss: 0.0443 - auc: 0.9056 - val_loss: 0.1012 - val_auc: 0.7717 - val_auc_custom: 0.7723 - val_f1_custom: 0.5319 - val_recall_custom: 0.4717 - 1s/epoch - 20ms/step
Curriculum: set focal gamma = 1.6000 (epoch 57)
Epoch 57/70
56/56 - 1s - loss: 0.0424 - auc: 0.9146 - val_loss: 0.0848 - val_auc: 0.8021 - val_auc_custom: 0.8025 - val_f1_custom: 0.5647 - val_recall_custom: 0.4528 - 1s/epoch - 22ms/step
Curriculum: set focal gamma = 1.6000 (epoch 58)
Epoch 58/70
56/56 - 1s - loss: 0.0445 - auc: 0.9064 - val_loss: 0.0958 - val_auc: 0.7940 - val_auc_custom: 0.7927 - val_f1_custom: 0.6087 - val_recall_custom: 0.5283 - 1s/epoch - 21ms/step
Curriculum: set focal gamma = 1.6000 (epoch 59)
Epoch 59/70
56/56 - 1s - loss: 0.0388 - auc: 0.9314 - val_loss: 0.1055 - val_auc: 0.7891 - val_auc_custom: 0.7889 - val_f1_custom: 0.6600 - val_recall_custom: 0.6226 - 1s/epoch - 20ms/step
Curriculum: set focal gamma = 1.6000 (epoch 60)
Epoch 60/70
56/56 - 1s - loss: 0.0388 - auc: 0.9353 - val_loss: 0.1020 - val_auc: 0.7725 - val_auc_custom: 0.7728 - val_f1_custom: 0.6087 - val_recall_custom: 0.5283 - 1s/epoch - 21ms/step
Curriculum: set focal gamma = 1.6000 (epoch 61)
Epoch 61/70
56/56 - 1s - loss: 0.0390 - auc: 0.9338 - val_loss: 0.1240 - val_auc: 0.7883 - val_auc_custom: 0.7887 - val_f1_custom: 0.6476 - val_recall_custom: 0.6415 - 1s/epoch - 20ms/step
Curriculum: set focal gamma = 1.6000 (epoch 62)
Epoch 62/70
56/56 - 1s - loss: 0.0423 - auc: 0.9215 - val_loss: 0.1404 - val_auc: 0.7571 - val_auc_custom: 0.7562 - val_f1_custom: 0.5946 - val_recall_custom: 0.6226 - 1s/epoch - 20ms/step
Curriculum: set focal gamma = 1.6000 (epoch 63)
Epoch 63/70
56/56 - 1s - loss: 0.0426 - auc: 0.9160 - val_loss: 0.0937 - val_auc: 0.7670 - val_auc_custom: 0.7683 - val_f1_custom: 0.4941 - val_recall_custom: 0.3962 - 1s/epoch - 21ms/step
Curriculum: set focal gamma = 1.6000 (epoch 64)
Epoch 64/70
56/56 - 1s - loss: 0.0395 - auc: 0.9329 - val_loss: 0.1261 - val_auc: 0.7789 - val_auc_custom: 0.7794 - val_f1_custom: 0.6364 - val_recall_custom: 0.6604 - 1s/epoch - 20ms/step
Curriculum: set focal gamma = 1.6000 (epoch 65)
Epoch 65/70
56/56 - 1s - loss: 0.0391 - auc: 0.9346 - val_loss: 0.0838 - val_auc: 0.7781 - val_auc_custom: 0.7779 - val_f1_custom: 0.4750 - val_recall_custom: 0.3585 - 1s/epoch - 21ms/step
Curriculum: set focal gamma = 1.6000 (epoch 66)
Epoch 66/70
56/56 - 1s - loss: 0.0380 - auc: 0.9353 - val_loss: 0.0945 - val_auc: 0.7801 - val_auc_custom: 0.7794 - val_f1_custom: 0.6154 - val_recall_custom: 0.5283 - 1s/epoch - 21ms/step
Curriculum: set focal gamma = 1.6000 (epoch 67)
Epoch 67/70
56/56 - 1s - loss: 0.0405 - auc: 0.9267 - val_loss: 0.1033 - val_auc: 0.7977 - val_auc_custom: 0.8025 - val_f1_custom: 0.5647 - val_recall_custom: 0.4528 - 1s/epoch - 20ms/step
Mask config -> mode=soft, threshold=0.6, window_gate=None
Done. Results saved to /home/user/projects/train/model/long_window/CNN_BiLSTM/result_focal_refine/cw03_fg02/01
