2025-09-17 09:06:14.000578: I tensorflow/core/util/port.cc:110] oneDNN custom operations are on. You may see slightly different numerical results due to floating-point round-off errors from different computation orders. To turn them off, set the environment variable `TF_ENABLE_ONEDNN_OPTS=0`.
2025-09-17 09:06:14.028446: I tensorflow/core/platform/cpu_feature_guard.cc:182] This TensorFlow binary is optimized to use available CPU instructions in performance-critical operations.
To enable the following instructions: AVX2 AVX_VNNI FMA, in other operations, rebuild TensorFlow with the appropriate compiler flags.
2025-09-17 09:06:14.443059: W tensorflow/compiler/tf2tensorrt/utils/py_utils.cc:38] TF-TRT Warning: Could not find TensorRT
2025-09-17 09:06:14.837340: I tensorflow/compiler/xla/stream_executor/cuda/cuda_gpu_executor.cc:981] could not open file to read NUMA node: /sys/bus/pci/devices/0000:01:00.0/numa_node
Your kernel may have been built without NUMA support.
2025-09-17 09:06:14.855387: I tensorflow/compiler/xla/stream_executor/cuda/cuda_gpu_executor.cc:981] could not open file to read NUMA node: /sys/bus/pci/devices/0000:01:00.0/numa_node
Your kernel may have been built without NUMA support.
2025-09-17 09:06:14.855485: I tensorflow/compiler/xla/stream_executor/cuda/cuda_gpu_executor.cc:981] could not open file to read NUMA node: /sys/bus/pci/devices/0000:01:00.0/numa_node
Your kernel may have been built without NUMA support.
2025-09-17 09:06:14.856511: I tensorflow/compiler/xla/stream_executor/cuda/cuda_gpu_executor.cc:981] could not open file to read NUMA node: /sys/bus/pci/devices/0000:01:00.0/numa_node
Your kernel may have been built without NUMA support.
2025-09-17 09:06:14.856581: I tensorflow/compiler/xla/stream_executor/cuda/cuda_gpu_executor.cc:981] could not open file to read NUMA node: /sys/bus/pci/devices/0000:01:00.0/numa_node
Your kernel may have been built without NUMA support.
2025-09-17 09:06:14.856603: I tensorflow/compiler/xla/stream_executor/cuda/cuda_gpu_executor.cc:981] could not open file to read NUMA node: /sys/bus/pci/devices/0000:01:00.0/numa_node
Your kernel may have been built without NUMA support.
2025-09-17 09:06:14.946740: I tensorflow/compiler/xla/stream_executor/cuda/cuda_gpu_executor.cc:981] could not open file to read NUMA node: /sys/bus/pci/devices/0000:01:00.0/numa_node
Your kernel may have been built without NUMA support.
2025-09-17 09:06:14.946836: I tensorflow/compiler/xla/stream_executor/cuda/cuda_gpu_executor.cc:981] could not open file to read NUMA node: /sys/bus/pci/devices/0000:01:00.0/numa_node
Your kernel may have been built without NUMA support.
2025-09-17 09:06:14.946844: I tensorflow/core/common_runtime/gpu/gpu_device.cc:1726] Could not identify NUMA node of platform GPU id 0, defaulting to 0.  Your kernel may not have been built with NUMA support.
2025-09-17 09:06:14.946866: I tensorflow/compiler/xla/stream_executor/cuda/cuda_gpu_executor.cc:981] could not open file to read NUMA node: /sys/bus/pci/devices/0000:01:00.0/numa_node
Your kernel may have been built without NUMA support.
2025-09-17 09:06:14.946887: I tensorflow/core/common_runtime/gpu/gpu_device.cc:1639] Created device /job:localhost/replica:0/task:0/device:GPU:0 with 9517 MB memory:  -> device: 0, name: NVIDIA GeForce RTX 4070 SUPER, pci bus id: 0000:01:00.0, compute capability: 8.9
GPU detected: 1 physical, 1 logical -> ['/device:GPU:0']
Config: batch=16, accumulate_steps=8 -> effective_batch=128
Loaded (1276, 36, 75) (1276,)
Using mask channel "occlusion_flag" from long_raw (index 7)
Model: "cnn_bilstm_attn_masked"
__________________________________________________________________________________________________
 Layer (type)                Output Shape                 Param #   Connected to                  
==================================================================================================
 input (InputLayer)          [(None, 36, 75)]             0         []                            
                                                                                                  
 permute_time_features (Per  (None, 75, 36)               0         ['input[0][0]']               
 mute)                                                                                            
                                                                                                  
 conv0 (Conv1D)              (None, 75, 64)               6976      ['permute_time_features[0][0]'
                                                                    ]                             
                                                                                                  
 bn0 (BatchNormalization)    (None, 75, 64)               256       ['conv0[0][0]']               
                                                                                                  
 act0 (Activation)           (None, 75, 64)               0         ['bn0[0][0]']                 
                                                                                                  
 conv_dropout0 (Dropout)     (None, 75, 64)               0         ['act0[0][0]']                
                                                                                                  
 conv1 (Conv1D)              (None, 75, 64)               20544     ['conv_dropout0[0][0]']       
                                                                                                  
 bn1 (BatchNormalization)    (None, 75, 64)               256       ['conv1[0][0]']               
                                                                                                  
 act1 (Activation)           (None, 75, 64)               0         ['bn1[0][0]']                 
                                                                                                  
 conv_dropout1 (Dropout)     (None, 75, 64)               0         ['act1[0][0]']                
                                                                                                  
 conv2 (Conv1D)              (None, 75, 64)               12352     ['conv_dropout1[0][0]']       
                                                                                                  
 bn2 (BatchNormalization)    (None, 75, 64)               256       ['conv2[0][0]']               
                                                                                                  
 act2 (Activation)           (None, 75, 64)               0         ['bn2[0][0]']                 
                                                                                                  
 conv_dropout2 (Dropout)     (None, 75, 64)               0         ['act2[0][0]']                
                                                                                                  
 bilstm (Bidirectional)      (None, 75, 128)              66048     ['conv_dropout2[0][0]']       
                                                                                                  
 mlp_attn_u (Dense)          (None, 75, 32)               4128      ['bilstm[0][0]']              
                                                                                                  
 mlp_attn_score (Dense)      (None, 75, 1)                33        ['mlp_attn_u[0][0]']          
                                                                                                  
 mlp_attn_squeeze (Lambda)   (None, 75)                   0         ['mlp_attn_score[0][0]']      
                                                                                                  
 attn_mask (InputLayer)      [(None, 75)]                 0         []                            
                                                                                                  
 mlp_attn_apply_mask (Lambd  (None, 75)                   0         ['mlp_attn_squeeze[0][0]',    
 a)                                                                  'attn_mask[0][0]']           
                                                                                                  
 mlp_attn_softmax (Lambda)   (None, 75)                   0         ['mlp_attn_apply_mask[0][0]'] 
                                                                                                  
 mlp_attn_expand (Lambda)    (None, 75, 1)                0         ['mlp_attn_softmax[0][0]']    
                                                                                                  
 mlp_attn_weighted (Lambda)  (None, 128)                  0         ['bilstm[0][0]',              
                                                                     'mlp_attn_expand[0][0]']     
                                                                                                  
 fc1 (Dense)                 (None, 64)                   8256      ['mlp_attn_weighted[0][0]']   
                                                                                                  
 fc_dropout (Dropout)        (None, 64)                   0         ['fc1[0][0]']                 
                                                                                                  
 out (Dense)                 (None, 1)                    65        ['fc_dropout[0][0]']          
                                                                                                  
==================================================================================================
Total params: 119171 (465.51 KB)
Trainable params: 118786 (464.01 KB)
Non-trainable params: 385 (1.50 KB)
__________________________________________________________________________________________________
None
Writing results to /home/user/projects/train/model/long_window/CNN_BiLSTM/result_focal_refine/cw07_fg03/01
Curriculum: set focal gamma = 0.0000 (epoch 1)
Epoch 1/70
2025-09-17 09:06:19.295453: I tensorflow/compiler/xla/stream_executor/cuda/cuda_dnn.cc:432] Loaded cuDNN version 8600
2025-09-17 09:06:19.370012: I tensorflow/tsl/platform/default/subprocess.cc:304] Start cannot spawn child process: No such file or directory
2025-09-17 09:06:19.502848: I tensorflow/compiler/xla/stream_executor/cuda/cuda_blas.cc:606] TensorFloat-32 will be used for the matrix multiplication. This will only be logged once.
2025-09-17 09:06:19.804405: I tensorflow/compiler/xla/service/service.cc:168] XLA service 0x56c06da22940 initialized for platform CUDA (this does not guarantee that XLA will be used). Devices:
2025-09-17 09:06:19.804453: I tensorflow/compiler/xla/service/service.cc:176]   StreamExecutor device (0): NVIDIA GeForce RTX 4070 SUPER, Compute Capability 8.9
2025-09-17 09:06:19.808062: I tensorflow/compiler/mlir/tensorflow/utils/dump_mlir_util.cc:255] disabling MLIR crash reproducer, set env var `MLIR_CRASH_REPRODUCER_DIRECTORY` to enable.
2025-09-17 09:06:19.857931: I tensorflow/tsl/platform/default/subprocess.cc:304] Start cannot spawn child process: No such file or directory
2025-09-17 09:06:19.893139: I ./tensorflow/compiler/jit/device_compiler.h:186] Compiled cluster using XLA!  This line is logged at most once for the lifetime of the process.
56/56 - 7s - loss: 0.3293 - auc: 0.4769 - val_loss: 0.3426 - val_auc: 0.5502 - val_auc_custom: 0.5552 - val_f1_custom: 0.0000e+00 - val_recall_custom: 0.0000e+00 - 7s/epoch - 119ms/step
Curriculum: set focal gamma = 0.0737 (epoch 2)
Epoch 2/70
56/56 - 1s - loss: 0.2396 - auc: 0.5076 - val_loss: 0.2759 - val_auc: 0.5589 - val_auc_custom: 0.5608 - val_f1_custom: 0.0000e+00 - val_recall_custom: 0.0000e+00 - 1s/epoch - 22ms/step
Curriculum: set focal gamma = 0.1474 (epoch 3)
Epoch 3/70
56/56 - 1s - loss: 0.2014 - auc: 0.5879 - val_loss: 0.2372 - val_auc: 0.5513 - val_auc_custom: 0.5530 - val_f1_custom: 0.0000e+00 - val_recall_custom: 0.0000e+00 - 1s/epoch - 21ms/step
Curriculum: set focal gamma = 0.2211 (epoch 4)
Epoch 4/70
56/56 - 1s - loss: 0.1929 - auc: 0.5836 - val_loss: 0.2258 - val_auc: 0.5737 - val_auc_custom: 0.5753 - val_f1_custom: 0.0000e+00 - val_recall_custom: 0.0000e+00 - 1s/epoch - 22ms/step
Curriculum: set focal gamma = 0.2947 (epoch 5)
Epoch 5/70
56/56 - 1s - loss: 0.1796 - auc: 0.6273 - val_loss: 0.2132 - val_auc: 0.5908 - val_auc_custom: 0.5950 - val_f1_custom: 0.0000e+00 - val_recall_custom: 0.0000e+00 - 1s/epoch - 22ms/step
Curriculum: set focal gamma = 0.3684 (epoch 6)
Epoch 6/70
56/56 - 1s - loss: 0.1684 - auc: 0.6311 - val_loss: 0.2008 - val_auc: 0.5969 - val_auc_custom: 0.6005 - val_f1_custom: 0.0000e+00 - val_recall_custom: 0.0000e+00 - 1s/epoch - 22ms/step
Curriculum: set focal gamma = 0.4421 (epoch 7)
Epoch 7/70
56/56 - 1s - loss: 0.1589 - auc: 0.6513 - val_loss: 0.1912 - val_auc: 0.5965 - val_auc_custom: 0.5962 - val_f1_custom: 0.1053 - val_recall_custom: 0.0566 - 1s/epoch - 21ms/step
Curriculum: set focal gamma = 0.5158 (epoch 8)
Epoch 8/70
56/56 - 1s - loss: 0.1531 - auc: 0.6303 - val_loss: 0.1822 - val_auc: 0.5914 - val_auc_custom: 0.5909 - val_f1_custom: 0.1071 - val_recall_custom: 0.0566 - 1s/epoch - 21ms/step
Curriculum: set focal gamma = 0.5895 (epoch 9)
Epoch 9/70
56/56 - 1s - loss: 0.1431 - auc: 0.6539 - val_loss: 0.1730 - val_auc: 0.5883 - val_auc_custom: 0.5882 - val_f1_custom: 0.1071 - val_recall_custom: 0.0566 - 1s/epoch - 21ms/step
Curriculum: set focal gamma = 0.6632 (epoch 10)
Epoch 10/70
56/56 - 1s - loss: 0.1360 - auc: 0.6542 - val_loss: 0.1645 - val_auc: 0.5896 - val_auc_custom: 0.5884 - val_f1_custom: 0.1404 - val_recall_custom: 0.0755 - 1s/epoch - 21ms/step
Curriculum: set focal gamma = 0.7368 (epoch 11)
Epoch 11/70
56/56 - 1s - loss: 0.1285 - auc: 0.6657 - val_loss: 0.1563 - val_auc: 0.5887 - val_auc_custom: 0.5894 - val_f1_custom: 0.1404 - val_recall_custom: 0.0755 - 1s/epoch - 21ms/step
Curriculum: set focal gamma = 0.8105 (epoch 12)
Epoch 12/70
56/56 - 1s - loss: 0.1216 - auc: 0.6689 - val_loss: 0.1488 - val_auc: 0.5909 - val_auc_custom: 0.5879 - val_f1_custom: 0.1404 - val_recall_custom: 0.0755 - 1s/epoch - 21ms/step
Curriculum: set focal gamma = 0.8842 (epoch 13)
Epoch 13/70
56/56 - 1s - loss: 0.1148 - auc: 0.6804 - val_loss: 0.1418 - val_auc: 0.5904 - val_auc_custom: 0.5925 - val_f1_custom: 0.2034 - val_recall_custom: 0.1132 - 1s/epoch - 21ms/step
Curriculum: set focal gamma = 0.9579 (epoch 14)
Epoch 14/70
56/56 - 1s - loss: 0.1089 - auc: 0.6858 - val_loss: 0.1354 - val_auc: 0.5947 - val_auc_custom: 0.5945 - val_f1_custom: 0.2000 - val_recall_custom: 0.1132 - 1s/epoch - 21ms/step
Curriculum: set focal gamma = 1.0316 (epoch 15)
Epoch 15/70
56/56 - 1s - loss: 0.1053 - auc: 0.6725 - val_loss: 0.1285 - val_auc: 0.6005 - val_auc_custom: 0.5997 - val_f1_custom: 0.2000 - val_recall_custom: 0.1132 - 1s/epoch - 22ms/step
Curriculum: set focal gamma = 1.1053 (epoch 16)
Epoch 16/70
56/56 - 1s - loss: 0.0980 - auc: 0.6951 - val_loss: 0.1219 - val_auc: 0.6047 - val_auc_custom: 0.6048 - val_f1_custom: 0.1695 - val_recall_custom: 0.0943 - 1s/epoch - 23ms/step
Curriculum: set focal gamma = 1.1789 (epoch 17)
Epoch 17/70
56/56 - 1s - loss: 0.0918 - auc: 0.7134 - val_loss: 0.1157 - val_auc: 0.6020 - val_auc_custom: 0.6030 - val_f1_custom: 0.1695 - val_recall_custom: 0.0943 - 1s/epoch - 21ms/step
Curriculum: set focal gamma = 1.2526 (epoch 18)
Epoch 18/70
56/56 - 1s - loss: 0.0883 - auc: 0.7028 - val_loss: 0.1105 - val_auc: 0.6107 - val_auc_custom: 0.6088 - val_f1_custom: 0.2295 - val_recall_custom: 0.1321 - 1s/epoch - 22ms/step
Curriculum: set focal gamma = 1.3263 (epoch 19)
Epoch 19/70
56/56 - 1s - loss: 0.0826 - auc: 0.7177 - val_loss: 0.1049 - val_auc: 0.6161 - val_auc_custom: 0.6171 - val_f1_custom: 0.1967 - val_recall_custom: 0.1132 - 1s/epoch - 21ms/step
Curriculum: set focal gamma = 1.4000 (epoch 20)
Epoch 20/70
56/56 - 1s - loss: 0.0775 - auc: 0.7377 - val_loss: 0.0999 - val_auc: 0.6304 - val_auc_custom: 0.6314 - val_f1_custom: 0.1935 - val_recall_custom: 0.1132 - 1s/epoch - 24ms/step
Curriculum: set focal gamma = 1.4000 (epoch 21)
Epoch 21/70
56/56 - 1s - loss: 0.0775 - auc: 0.7359 - val_loss: 0.0992 - val_auc: 0.6474 - val_auc_custom: 0.6483 - val_f1_custom: 0.1935 - val_recall_custom: 0.1132 - 1s/epoch - 21ms/step
Curriculum: set focal gamma = 1.4000 (epoch 22)
Epoch 22/70
56/56 - 1s - loss: 0.0751 - auc: 0.7638 - val_loss: 0.0983 - val_auc: 0.6584 - val_auc_custom: 0.6566 - val_f1_custom: 0.1935 - val_recall_custom: 0.1132 - 1s/epoch - 22ms/step
Curriculum: set focal gamma = 1.4000 (epoch 23)
Epoch 23/70
56/56 - 1s - loss: 0.0755 - auc: 0.7569 - val_loss: 0.0984 - val_auc: 0.6693 - val_auc_custom: 0.6684 - val_f1_custom: 0.2424 - val_recall_custom: 0.1509 - 1s/epoch - 22ms/step
Curriculum: set focal gamma = 1.4000 (epoch 24)
Epoch 24/70
56/56 - 1s - loss: 0.0754 - auc: 0.7631 - val_loss: 0.0976 - val_auc: 0.6745 - val_auc_custom: 0.6750 - val_f1_custom: 0.2154 - val_recall_custom: 0.1321 - 1s/epoch - 21ms/step
Curriculum: set focal gamma = 1.4000 (epoch 25)
Epoch 25/70
56/56 - 1s - loss: 0.0744 - auc: 0.7632 - val_loss: 0.0978 - val_auc: 0.6842 - val_auc_custom: 0.6850 - val_f1_custom: 0.2154 - val_recall_custom: 0.1321 - 1s/epoch - 22ms/step
Curriculum: set focal gamma = 1.4000 (epoch 26)
Epoch 26/70
56/56 - 1s - loss: 0.0728 - auc: 0.7826 - val_loss: 0.0982 - val_auc: 0.6946 - val_auc_custom: 0.6931 - val_f1_custom: 0.2857 - val_recall_custom: 0.1887 - 1s/epoch - 22ms/step
Curriculum: set focal gamma = 1.4000 (epoch 27)
Epoch 27/70
56/56 - 1s - loss: 0.0747 - auc: 0.7673 - val_loss: 0.0978 - val_auc: 0.6953 - val_auc_custom: 0.6946 - val_f1_custom: 0.2941 - val_recall_custom: 0.1887 - 1s/epoch - 22ms/step
Curriculum: set focal gamma = 1.4000 (epoch 28)
Epoch 28/70
56/56 - 1s - loss: 0.0721 - auc: 0.7880 - val_loss: 0.0964 - val_auc: 0.7088 - val_auc_custom: 0.7104 - val_f1_custom: 0.2154 - val_recall_custom: 0.1321 - 1s/epoch - 21ms/step
Curriculum: set focal gamma = 1.4000 (epoch 29)
Epoch 29/70
56/56 - 1s - loss: 0.0719 - auc: 0.7888 - val_loss: 0.0971 - val_auc: 0.7108 - val_auc_custom: 0.7107 - val_f1_custom: 0.2899 - val_recall_custom: 0.1887 - 1s/epoch - 21ms/step
Curriculum: set focal gamma = 1.4000 (epoch 30)
Epoch 30/70
56/56 - 1s - loss: 0.0704 - auc: 0.8030 - val_loss: 0.0978 - val_auc: 0.7169 - val_auc_custom: 0.7180 - val_f1_custom: 0.3784 - val_recall_custom: 0.2642 - 1s/epoch - 22ms/step
Curriculum: set focal gamma = 1.4000 (epoch 31)
Epoch 31/70
56/56 - 1s - loss: 0.0689 - auc: 0.8143 - val_loss: 0.0970 - val_auc: 0.7229 - val_auc_custom: 0.7225 - val_f1_custom: 0.3288 - val_recall_custom: 0.2264 - 1s/epoch - 22ms/step
Curriculum: set focal gamma = 1.4000 (epoch 32)
Epoch 32/70
56/56 - 1s - loss: 0.0681 - auc: 0.8192 - val_loss: 0.0979 - val_auc: 0.7301 - val_auc_custom: 0.7291 - val_f1_custom: 0.4359 - val_recall_custom: 0.3208 - 1s/epoch - 22ms/step
Curriculum: set focal gamma = 1.4000 (epoch 33)
Epoch 33/70
56/56 - 1s - loss: 0.0661 - auc: 0.8331 - val_loss: 0.1022 - val_auc: 0.7180 - val_auc_custom: 0.7190 - val_f1_custom: 0.4750 - val_recall_custom: 0.3585 - 1s/epoch - 19ms/step
Curriculum: set focal gamma = 1.4000 (epoch 34)
Epoch 34/70
56/56 - 1s - loss: 0.0659 - auc: 0.8357 - val_loss: 0.1022 - val_auc: 0.7223 - val_auc_custom: 0.7218 - val_f1_custom: 0.4390 - val_recall_custom: 0.3396 - 1s/epoch - 19ms/step
Curriculum: set focal gamma = 1.4000 (epoch 35)
Epoch 35/70
56/56 - 1s - loss: 0.0645 - auc: 0.8414 - val_loss: 0.1022 - val_auc: 0.7317 - val_auc_custom: 0.7311 - val_f1_custom: 0.4762 - val_recall_custom: 0.3774 - 1s/epoch - 22ms/step
Curriculum: set focal gamma = 1.4000 (epoch 36)
Epoch 36/70
56/56 - 1s - loss: 0.0634 - auc: 0.8487 - val_loss: 0.1036 - val_auc: 0.7331 - val_auc_custom: 0.7346 - val_f1_custom: 0.4884 - val_recall_custom: 0.3962 - 1s/epoch - 21ms/step
Curriculum: set focal gamma = 1.4000 (epoch 37)
Epoch 37/70
56/56 - 1s - loss: 0.0621 - auc: 0.8568 - val_loss: 0.1076 - val_auc: 0.7257 - val_auc_custom: 0.7250 - val_f1_custom: 0.5333 - val_recall_custom: 0.4528 - 1s/epoch - 19ms/step
Curriculum: set focal gamma = 1.4000 (epoch 38)
Epoch 38/70
56/56 - 1s - loss: 0.0620 - auc: 0.8546 - val_loss: 0.1113 - val_auc: 0.7221 - val_auc_custom: 0.7223 - val_f1_custom: 0.5319 - val_recall_custom: 0.4717 - 1s/epoch - 20ms/step
Curriculum: set focal gamma = 1.4000 (epoch 39)
Epoch 39/70
56/56 - 1s - loss: 0.0606 - auc: 0.8618 - val_loss: 0.1087 - val_auc: 0.7358 - val_auc_custom: 0.7348 - val_f1_custom: 0.5376 - val_recall_custom: 0.4717 - 1s/epoch - 22ms/step
Curriculum: set focal gamma = 1.4000 (epoch 40)
Epoch 40/70
56/56 - 1s - loss: 0.0610 - auc: 0.8623 - val_loss: 0.1294 - val_auc: 0.6896 - val_auc_custom: 0.6896 - val_f1_custom: 0.5981 - val_recall_custom: 0.6038 - 1s/epoch - 19ms/step
Curriculum: set focal gamma = 1.4000 (epoch 41)
Epoch 41/70
56/56 - 1s - loss: 0.0596 - auc: 0.8669 - val_loss: 0.1052 - val_auc: 0.7469 - val_auc_custom: 0.7472 - val_f1_custom: 0.4146 - val_recall_custom: 0.3208 - 1s/epoch - 21ms/step
Curriculum: set focal gamma = 1.4000 (epoch 42)
Epoch 42/70
56/56 - 1s - loss: 0.0573 - auc: 0.8782 - val_loss: 0.1151 - val_auc: 0.7325 - val_auc_custom: 0.7336 - val_f1_custom: 0.6139 - val_recall_custom: 0.5849 - 1s/epoch - 20ms/step
Curriculum: set focal gamma = 1.4000 (epoch 43)
Epoch 43/70
56/56 - 1s - loss: 0.0557 - auc: 0.8882 - val_loss: 0.1127 - val_auc: 0.7365 - val_auc_custom: 0.7369 - val_f1_custom: 0.5567 - val_recall_custom: 0.5094 - 1s/epoch - 20ms/step
Curriculum: set focal gamma = 1.4000 (epoch 44)
Epoch 44/70
56/56 - 1s - loss: 0.0560 - auc: 0.8848 - val_loss: 0.1225 - val_auc: 0.7375 - val_auc_custom: 0.7374 - val_f1_custom: 0.6286 - val_recall_custom: 0.6226 - 1s/epoch - 20ms/step
Curriculum: set focal gamma = 1.4000 (epoch 45)
Epoch 45/70
56/56 - 1s - loss: 0.0547 - auc: 0.8884 - val_loss: 0.1112 - val_auc: 0.7541 - val_auc_custom: 0.7535 - val_f1_custom: 0.5495 - val_recall_custom: 0.4717 - 1s/epoch - 21ms/step
Curriculum: set focal gamma = 1.4000 (epoch 46)
Epoch 46/70
56/56 - 1s - loss: 0.0590 - auc: 0.8687 - val_loss: 0.1143 - val_auc: 0.7453 - val_auc_custom: 0.7459 - val_f1_custom: 0.5319 - val_recall_custom: 0.4717 - 1s/epoch - 21ms/step
Curriculum: set focal gamma = 1.4000 (epoch 47)
Epoch 47/70
56/56 - 1s - loss: 0.0527 - auc: 0.9014 - val_loss: 0.1228 - val_auc: 0.7390 - val_auc_custom: 0.7396 - val_f1_custom: 0.6602 - val_recall_custom: 0.6415 - 1s/epoch - 20ms/step
Curriculum: set focal gamma = 1.4000 (epoch 48)
Epoch 48/70
56/56 - 1s - loss: 0.0552 - auc: 0.8889 - val_loss: 0.1093 - val_auc: 0.7747 - val_auc_custom: 0.7746 - val_f1_custom: 0.5435 - val_recall_custom: 0.4717 - 1s/epoch - 21ms/step
Curriculum: set focal gamma = 1.4000 (epoch 49)
Epoch 49/70
56/56 - 1s - loss: 0.0495 - auc: 0.9166 - val_loss: 0.1519 - val_auc: 0.7228 - val_auc_custom: 0.7233 - val_f1_custom: 0.6154 - val_recall_custom: 0.6792 - 1s/epoch - 21ms/step
Curriculum: set focal gamma = 1.4000 (epoch 50)
Epoch 50/70
56/56 - 1s - loss: 0.0513 - auc: 0.9053 - val_loss: 0.1254 - val_auc: 0.7494 - val_auc_custom: 0.7499 - val_f1_custom: 0.6346 - val_recall_custom: 0.6226 - 1s/epoch - 21ms/step
Curriculum: set focal gamma = 1.4000 (epoch 51)
Epoch 51/70
56/56 - 1s - loss: 0.0515 - auc: 0.9046 - val_loss: 0.1397 - val_auc: 0.7506 - val_auc_custom: 0.7517 - val_f1_custom: 0.6667 - val_recall_custom: 0.6981 - 1s/epoch - 22ms/step
Curriculum: set focal gamma = 1.4000 (epoch 52)
Epoch 52/70
56/56 - 1s - loss: 0.0502 - auc: 0.9171 - val_loss: 0.1169 - val_auc: 0.7850 - val_auc_custom: 0.7849 - val_f1_custom: 0.6408 - val_recall_custom: 0.6226 - 1s/epoch - 21ms/step
Curriculum: set focal gamma = 1.4000 (epoch 53)
Epoch 53/70
56/56 - 1s - loss: 0.0512 - auc: 0.9126 - val_loss: 0.1355 - val_auc: 0.7340 - val_auc_custom: 0.7343 - val_f1_custom: 0.6542 - val_recall_custom: 0.6604 - 1s/epoch - 20ms/step
Curriculum: set focal gamma = 1.4000 (epoch 54)
Epoch 54/70
56/56 - 1s - loss: 0.0459 - auc: 0.9305 - val_loss: 0.1243 - val_auc: 0.7600 - val_auc_custom: 0.7603 - val_f1_custom: 0.5532 - val_recall_custom: 0.4906 - 1s/epoch - 21ms/step
Curriculum: set focal gamma = 1.4000 (epoch 55)
Epoch 55/70
56/56 - 1s - loss: 0.0487 - auc: 0.9153 - val_loss: 0.1332 - val_auc: 0.7270 - val_auc_custom: 0.7263 - val_f1_custom: 0.5684 - val_recall_custom: 0.5094 - 1s/epoch - 20ms/step
Curriculum: set focal gamma = 1.4000 (epoch 56)
Epoch 56/70
56/56 - 1s - loss: 0.0514 - auc: 0.9036 - val_loss: 0.1683 - val_auc: 0.7231 - val_auc_custom: 0.7233 - val_f1_custom: 0.6140 - val_recall_custom: 0.6604 - 1s/epoch - 21ms/step
Curriculum: set focal gamma = 1.4000 (epoch 57)
Epoch 57/70
56/56 - 1s - loss: 0.0449 - auc: 0.9306 - val_loss: 0.1387 - val_auc: 0.7569 - val_auc_custom: 0.7562 - val_f1_custom: 0.6214 - val_recall_custom: 0.6038 - 1s/epoch - 20ms/step
Curriculum: set focal gamma = 1.4000 (epoch 58)
Epoch 58/70
56/56 - 1s - loss: 0.0463 - auc: 0.9258 - val_loss: 0.1348 - val_auc: 0.7450 - val_auc_custom: 0.7449 - val_f1_custom: 0.5600 - val_recall_custom: 0.5283 - 1s/epoch - 20ms/step
Curriculum: set focal gamma = 1.4000 (epoch 59)
Epoch 59/70
56/56 - 1s - loss: 0.0486 - auc: 0.9165 - val_loss: 0.1291 - val_auc: 0.7640 - val_auc_custom: 0.7638 - val_f1_custom: 0.5800 - val_recall_custom: 0.5472 - 1s/epoch - 20ms/step
Curriculum: set focal gamma = 1.4000 (epoch 60)
Epoch 60/70
56/56 - 1s - loss: 0.0446 - auc: 0.9277 - val_loss: 0.1288 - val_auc: 0.7538 - val_auc_custom: 0.7542 - val_f1_custom: 0.5684 - val_recall_custom: 0.5094 - 1s/epoch - 20ms/step
Curriculum: set focal gamma = 1.4000 (epoch 61)
Epoch 61/70
56/56 - 1s - loss: 0.0449 - auc: 0.9284 - val_loss: 0.1321 - val_auc: 0.7699 - val_auc_custom: 0.7701 - val_f1_custom: 0.6275 - val_recall_custom: 0.6038 - 1s/epoch - 21ms/step
Curriculum: set focal gamma = 1.4000 (epoch 62)
Epoch 62/70
56/56 - 1s - loss: 0.0460 - auc: 0.9262 - val_loss: 0.1247 - val_auc: 0.7713 - val_auc_custom: 0.7849 - val_f1_custom: 0.6408 - val_recall_custom: 0.6226 - 1s/epoch - 21ms/step
Mask config -> mode=soft, threshold=0.6, window_gate=None
Done. Results saved to /home/user/projects/train/model/long_window/CNN_BiLSTM/result_focal_refine/cw07_fg03/01
