2025-09-22 02:56:03.631267: I tensorflow/core/util/port.cc:110] oneDNN custom operations are on. You may see slightly different numerical results due to floating-point round-off errors from different computation orders. To turn them off, set the environment variable `TF_ENABLE_ONEDNN_OPTS=0`.
2025-09-22 02:56:03.883515: I tensorflow/core/platform/cpu_feature_guard.cc:182] This TensorFlow binary is optimized to use available CPU instructions in performance-critical operations.
To enable the following instructions: AVX2 AVX_VNNI FMA, in other operations, rebuild TensorFlow with the appropriate compiler flags.
2025-09-22 02:56:04.678779: W tensorflow/compiler/tf2tensorrt/utils/py_utils.cc:38] TF-TRT Warning: Could not find TensorRT
2025-09-22 02:56:05.542201: I tensorflow/compiler/xla/stream_executor/cuda/cuda_gpu_executor.cc:981] could not open file to read NUMA node: /sys/bus/pci/devices/0000:01:00.0/numa_node
Your kernel may have been built without NUMA support.
2025-09-22 02:56:05.668622: I tensorflow/compiler/xla/stream_executor/cuda/cuda_gpu_executor.cc:981] could not open file to read NUMA node: /sys/bus/pci/devices/0000:01:00.0/numa_node
Your kernel may have been built without NUMA support.
2025-09-22 02:56:05.668714: I tensorflow/compiler/xla/stream_executor/cuda/cuda_gpu_executor.cc:981] could not open file to read NUMA node: /sys/bus/pci/devices/0000:01:00.0/numa_node
Your kernel may have been built without NUMA support.
2025-09-22 02:56:05.671169: I tensorflow/compiler/xla/stream_executor/cuda/cuda_gpu_executor.cc:981] could not open file to read NUMA node: /sys/bus/pci/devices/0000:01:00.0/numa_node
Your kernel may have been built without NUMA support.
2025-09-22 02:56:05.671247: I tensorflow/compiler/xla/stream_executor/cuda/cuda_gpu_executor.cc:981] could not open file to read NUMA node: /sys/bus/pci/devices/0000:01:00.0/numa_node
Your kernel may have been built without NUMA support.
2025-09-22 02:56:05.671272: I tensorflow/compiler/xla/stream_executor/cuda/cuda_gpu_executor.cc:981] could not open file to read NUMA node: /sys/bus/pci/devices/0000:01:00.0/numa_node
Your kernel may have been built without NUMA support.
2025-09-22 02:56:05.777357: I tensorflow/compiler/xla/stream_executor/cuda/cuda_gpu_executor.cc:981] could not open file to read NUMA node: /sys/bus/pci/devices/0000:01:00.0/numa_node
Your kernel may have been built without NUMA support.
2025-09-22 02:56:05.777466: I tensorflow/compiler/xla/stream_executor/cuda/cuda_gpu_executor.cc:981] could not open file to read NUMA node: /sys/bus/pci/devices/0000:01:00.0/numa_node
Your kernel may have been built without NUMA support.
2025-09-22 02:56:05.777475: I tensorflow/core/common_runtime/gpu/gpu_device.cc:1726] Could not identify NUMA node of platform GPU id 0, defaulting to 0.  Your kernel may not have been built with NUMA support.
2025-09-22 02:56:05.777498: I tensorflow/compiler/xla/stream_executor/cuda/cuda_gpu_executor.cc:981] could not open file to read NUMA node: /sys/bus/pci/devices/0000:01:00.0/numa_node
Your kernel may have been built without NUMA support.
2025-09-22 02:56:05.777540: I tensorflow/core/common_runtime/gpu/gpu_device.cc:1639] Created device /job:localhost/replica:0/task:0/device:GPU:0 with 9517 MB memory:  -> device: 0, name: NVIDIA GeForce RTX 4070 SUPER, pci bus id: 0000:01:00.0, compute capability: 8.9
[feature_check] OK: train/test feature_list identical (n=36)
GPU detected: 1 physical, 1 logical -> ['/device:GPU:0']
Config: batch=16, accumulate_steps=8 -> effective_batch=128
Loaded (for internal train/val)  (1276, 36, 75) (1276,)
Loaded EXTERNAL TEST: (354, 36, 75) from /home/user/projects/train/test_data/slipce/windows_npz.npz
[mask] windows_npz.npz using occlusion_flag ch=7
[mask] windows_npz.npz using occlusion_flag ch=7
Model: "cnn_bilstm_attn_masked"
__________________________________________________________________________________________________
 Layer (type)                Output Shape                 Param #   Connected to                  
==================================================================================================
 input (InputLayer)          [(None, 36, 75)]             0         []                            
                                                                                                  
 permute_time_features (Per  (None, 75, 36)               0         ['input[0][0]']               
 mute)                                                                                            
                                                                                                  
 conv0 (Conv1D)              (None, 75, 64)               6976      ['permute_time_features[0][0]'
                                                                    ]                             
                                                                                                  
 bn0 (BatchNormalization)    (None, 75, 64)               256       ['conv0[0][0]']               
                                                                                                  
 act0 (Activation)           (None, 75, 64)               0         ['bn0[0][0]']                 
                                                                                                  
 conv_dropout0 (Dropout)     (None, 75, 64)               0         ['act0[0][0]']                
                                                                                                  
 conv1 (Conv1D)              (None, 75, 64)               20544     ['conv_dropout0[0][0]']       
                                                                                                  
 bn1 (BatchNormalization)    (None, 75, 64)               256       ['conv1[0][0]']               
                                                                                                  
 act1 (Activation)           (None, 75, 64)               0         ['bn1[0][0]']                 
                                                                                                  
 conv_dropout1 (Dropout)     (None, 75, 64)               0         ['act1[0][0]']                
                                                                                                  
 conv2 (Conv1D)              (None, 75, 64)               12352     ['conv_dropout1[0][0]']       
                                                                                                  
 bn2 (BatchNormalization)    (None, 75, 64)               256       ['conv2[0][0]']               
                                                                                                  
 act2 (Activation)           (None, 75, 64)               0         ['bn2[0][0]']                 
                                                                                                  
 conv_dropout2 (Dropout)     (None, 75, 64)               0         ['act2[0][0]']                
                                                                                                  
 bilstm (Bidirectional)      (None, 75, 128)              66048     ['conv_dropout2[0][0]']       
                                                                                                  
 mlp_attn_u (Dense)          (None, 75, 32)               4128      ['bilstm[0][0]']              
                                                                                                  
 mlp_attn_score (Dense)      (None, 75, 1)                33        ['mlp_attn_u[0][0]']          
                                                                                                  
 mlp_attn_squeeze (Lambda)   (None, 75)                   0         ['mlp_attn_score[0][0]']      
                                                                                                  
 attn_mask (InputLayer)      [(None, 75)]                 0         []                            
                                                                                                  
 mlp_attn_apply_mask (Lambd  (None, 75)                   0         ['mlp_attn_squeeze[0][0]',    
 a)                                                                  'attn_mask[0][0]']           
                                                                                                  
 mlp_attn_softmax (Lambda)   (None, 75)                   0         ['mlp_attn_apply_mask[0][0]'] 
                                                                                                  
 mlp_attn_expand (Lambda)    (None, 75, 1)                0         ['mlp_attn_softmax[0][0]']    
                                                                                                  
 mlp_attn_weighted (Lambda)  (None, 128)                  0         ['bilstm[0][0]',              
                                                                     'mlp_attn_expand[0][0]']     
                                                                                                  
 fc1 (Dense)                 (None, 64)                   8256      ['mlp_attn_weighted[0][0]']   
                                                                                                  
 fc_dropout (Dropout)        (None, 64)                   0         ['fc1[0][0]']                 
                                                                                                  
 out (Dense)                 (None, 1)                    65        ['fc_dropout[0][0]']          
                                                                                                  
==================================================================================================
Total params: 119171 (465.51 KB)
Trainable params: 118786 (464.01 KB)
Non-trainable params: 385 (1.50 KB)
__________________________________________________________________________________________________
None
Writing results to result_multi_seed_composite_slipce/seed1/01
Curriculum: set focal gamma = 0.0000 (epoch 1)
Epoch 1/70
2025-09-22 02:56:11.226392: I tensorflow/compiler/xla/stream_executor/cuda/cuda_dnn.cc:432] Loaded cuDNN version 8600
2025-09-22 02:56:11.451166: I tensorflow/tsl/platform/default/subprocess.cc:304] Start cannot spawn child process: No such file or directory
2025-09-22 02:56:11.684994: I tensorflow/compiler/xla/stream_executor/cuda/cuda_blas.cc:606] TensorFloat-32 will be used for the matrix multiplication. This will only be logged once.
2025-09-22 02:56:12.219221: I tensorflow/compiler/xla/service/service.cc:168] XLA service 0x5817635f2de0 initialized for platform CUDA (this does not guarantee that XLA will be used). Devices:
2025-09-22 02:56:12.219272: I tensorflow/compiler/xla/service/service.cc:176]   StreamExecutor device (0): NVIDIA GeForce RTX 4070 SUPER, Compute Capability 8.9
2025-09-22 02:56:12.253077: I tensorflow/compiler/mlir/tensorflow/utils/dump_mlir_util.cc:255] disabling MLIR crash reproducer, set env var `MLIR_CRASH_REPRODUCER_DIRECTORY` to enable.
2025-09-22 02:56:12.400470: I tensorflow/tsl/platform/default/subprocess.cc:304] Start cannot spawn child process: No such file or directory
2025-09-22 02:56:12.450534: I ./tensorflow/compiler/jit/device_compiler.h:186] Compiled cluster using XLA!  This line is logged at most once for the lifetime of the process.
WARNING:tensorflow:Can save best model only with val_composite available, skipping.
WARNING:tensorflow:Early stopping conditioned on metric `val_composite` which is not available. Available metrics are: loss,auc,val_loss,val_auc
56/56 - 8s - loss: 0.3241 - auc: 0.4676 - val_loss: 0.3333 - val_auc: 0.5571 - val_auc_custom: 0.5603 - val_f1_custom: 0.0000e+00 - val_recall_custom: 0.0000e+00 - val_composite: 0.1121 - val_precision_aware: 0.1121 - 8s/epoch - 139ms/step
Curriculum: set focal gamma = 0.0526 (epoch 2)
Epoch 2/70
WARNING:tensorflow:Can save best model only with val_composite available, skipping.
WARNING:tensorflow:Early stopping conditioned on metric `val_composite` which is not available. Available metrics are: loss,auc,val_loss,val_auc
56/56 - 1s - loss: 0.2937 - auc: 0.5418 - val_loss: 0.3111 - val_auc: 0.5584 - val_auc_custom: 0.5562 - val_f1_custom: 0.0000e+00 - val_recall_custom: 0.0000e+00 - val_composite: 0.1112 - val_precision_aware: 0.1112 - 1s/epoch - 19ms/step
Curriculum: set focal gamma = 0.1053 (epoch 3)
Epoch 3/70
WARNING:tensorflow:Can save best model only with val_composite available, skipping.
WARNING:tensorflow:Early stopping conditioned on metric `val_composite` which is not available. Available metrics are: loss,auc,val_loss,val_auc
56/56 - 1s - loss: 0.2768 - auc: 0.6137 - val_loss: 0.2969 - val_auc: 0.5660 - val_auc_custom: 0.5660 - val_f1_custom: 0.0000e+00 - val_recall_custom: 0.0000e+00 - val_composite: 0.1132 - val_precision_aware: 0.1132 - 1s/epoch - 21ms/step
Curriculum: set focal gamma = 0.1579 (epoch 4)
Epoch 4/70
WARNING:tensorflow:Can save best model only with val_composite available, skipping.
WARNING:tensorflow:Early stopping conditioned on metric `val_composite` which is not available. Available metrics are: loss,auc,val_loss,val_auc
56/56 - 1s - loss: 0.2628 - auc: 0.6305 - val_loss: 0.2853 - val_auc: 0.5745 - val_auc_custom: 0.5753 - val_f1_custom: 0.0690 - val_recall_custom: 0.0377 - val_composite: 0.1546 - val_precision_aware: 0.3358 - 1s/epoch - 21ms/step
Curriculum: set focal gamma = 0.2105 (epoch 5)
Epoch 5/70
WARNING:tensorflow:Can save best model only with val_composite available, skipping.
WARNING:tensorflow:Early stopping conditioned on metric `val_composite` which is not available. Available metrics are: loss,auc,val_loss,val_auc
56/56 - 1s - loss: 0.2508 - auc: 0.6462 - val_loss: 0.2761 - val_auc: 0.5772 - val_auc_custom: 0.5751 - val_f1_custom: 0.1613 - val_recall_custom: 0.0943 - val_composite: 0.2106 - val_precision_aware: 0.4412 - 1s/epoch - 20ms/step
Curriculum: set focal gamma = 0.2632 (epoch 6)
Epoch 6/70
WARNING:tensorflow:Can save best model only with val_composite available, skipping.
WARNING:tensorflow:Early stopping conditioned on metric `val_composite` which is not available. Available metrics are: loss,auc,val_loss,val_auc
56/56 - 1s - loss: 0.2386 - auc: 0.6667 - val_loss: 0.2677 - val_auc: 0.5765 - val_auc_custom: 0.5756 - val_f1_custom: 0.2388 - val_recall_custom: 0.1509 - val_composite: 0.2622 - val_precision_aware: 0.4725 - 1s/epoch - 20ms/step
Curriculum: set focal gamma = 0.3158 (epoch 7)
Epoch 7/70
WARNING:tensorflow:Can save best model only with val_composite available, skipping.
WARNING:tensorflow:Early stopping conditioned on metric `val_composite` which is not available. Available metrics are: loss,auc,val_loss,val_auc
56/56 - 1s - loss: 0.2339 - auc: 0.6429 - val_loss: 0.2588 - val_auc: 0.5770 - val_auc_custom: 0.5756 - val_f1_custom: 0.2571 - val_recall_custom: 0.1698 - val_composite: 0.2772 - val_precision_aware: 0.4570 - 1s/epoch - 21ms/step
Curriculum: set focal gamma = 0.3684 (epoch 8)
Epoch 8/70
WARNING:tensorflow:Can save best model only with val_composite available, skipping.
WARNING:tensorflow:Early stopping conditioned on metric `val_composite` which is not available. Available metrics are: loss,auc,val_loss,val_auc
56/56 - 1s - loss: 0.2230 - auc: 0.6598 - val_loss: 0.2475 - val_auc: 0.5804 - val_auc_custom: 0.5816 - val_f1_custom: 0.3014 - val_recall_custom: 0.2075 - val_composite: 0.3105 - val_precision_aware: 0.4817 - 1s/epoch - 21ms/step
Curriculum: set focal gamma = 0.4211 (epoch 9)
Epoch 9/70
WARNING:tensorflow:Can save best model only with val_composite available, skipping.
WARNING:tensorflow:Early stopping conditioned on metric `val_composite` which is not available. Available metrics are: loss,auc,val_loss,val_auc
56/56 - 1s - loss: 0.2124 - auc: 0.6714 - val_loss: 0.2379 - val_auc: 0.5897 - val_auc_custom: 0.5889 - val_f1_custom: 0.2609 - val_recall_custom: 0.1698 - val_composite: 0.2810 - val_precision_aware: 0.4773 - 1s/epoch - 21ms/step
Curriculum: set focal gamma = 0.4737 (epoch 10)
Epoch 10/70
WARNING:tensorflow:Can save best model only with val_composite available, skipping.
WARNING:tensorflow:Early stopping conditioned on metric `val_composite` which is not available. Available metrics are: loss,auc,val_loss,val_auc
56/56 - 1s - loss: 0.2030 - auc: 0.6858 - val_loss: 0.2275 - val_auc: 0.6033 - val_auc_custom: 0.6043 - val_f1_custom: 0.2388 - val_recall_custom: 0.1509 - val_composite: 0.2680 - val_precision_aware: 0.4782 - 1s/epoch - 20ms/step
Curriculum: set focal gamma = 0.5263 (epoch 11)
Epoch 11/70
WARNING:tensorflow:Can save best model only with val_composite available, skipping.
WARNING:tensorflow:Early stopping conditioned on metric `val_composite` which is not available. Available metrics are: loss,auc,val_loss,val_auc
56/56 - 1s - loss: 0.1944 - auc: 0.6866 - val_loss: 0.2202 - val_auc: 0.6094 - val_auc_custom: 0.6083 - val_f1_custom: 0.3056 - val_recall_custom: 0.2075 - val_composite: 0.3171 - val_precision_aware: 0.5028 - 1s/epoch - 20ms/step
Curriculum: set focal gamma = 0.5789 (epoch 12)
Epoch 12/70
WARNING:tensorflow:Can save best model only with val_composite available, skipping.
WARNING:tensorflow:Early stopping conditioned on metric `val_composite` which is not available. Available metrics are: loss,auc,val_loss,val_auc
56/56 - 1s - loss: 0.1847 - auc: 0.7085 - val_loss: 0.2141 - val_auc: 0.6068 - val_auc_custom: 0.6043 - val_f1_custom: 0.3750 - val_recall_custom: 0.2830 - val_composite: 0.3749 - val_precision_aware: 0.5111 - 1s/epoch - 20ms/step
Curriculum: set focal gamma = 0.6316 (epoch 13)
Epoch 13/70
WARNING:tensorflow:Can save best model only with val_composite available, skipping.
WARNING:tensorflow:Early stopping conditioned on metric `val_composite` which is not available. Available metrics are: loss,auc,val_loss,val_auc
56/56 - 1s - loss: 0.1761 - auc: 0.7199 - val_loss: 0.2058 - val_auc: 0.6123 - val_auc_custom: 0.6101 - val_f1_custom: 0.2817 - val_recall_custom: 0.1887 - val_composite: 0.3009 - val_precision_aware: 0.4843 - 1s/epoch - 20ms/step
Curriculum: set focal gamma = 0.6842 (epoch 14)
Epoch 14/70
WARNING:tensorflow:Can save best model only with val_composite available, skipping.
WARNING:tensorflow:Early stopping conditioned on metric `val_composite` which is not available. Available metrics are: loss,auc,val_loss,val_auc
56/56 - 1s - loss: 0.1685 - auc: 0.7265 - val_loss: 0.1978 - val_auc: 0.6219 - val_auc_custom: 0.6214 - val_f1_custom: 0.2973 - val_recall_custom: 0.2075 - val_composite: 0.3172 - val_precision_aware: 0.4754 - 1s/epoch - 20ms/step
Curriculum: set focal gamma = 0.7368 (epoch 15)
Epoch 15/70
WARNING:tensorflow:Can save best model only with val_composite available, skipping.
WARNING:tensorflow:Early stopping conditioned on metric `val_composite` which is not available. Available metrics are: loss,auc,val_loss,val_auc
56/56 - 1s - loss: 0.1610 - auc: 0.7376 - val_loss: 0.1913 - val_auc: 0.6287 - val_auc_custom: 0.6299 - val_f1_custom: 0.3014 - val_recall_custom: 0.2075 - val_composite: 0.3202 - val_precision_aware: 0.4914 - 1s/epoch - 21ms/step
Curriculum: set focal gamma = 0.7895 (epoch 16)
Epoch 16/70
WARNING:tensorflow:Can save best model only with val_composite available, skipping.
WARNING:tensorflow:Early stopping conditioned on metric `val_composite` which is not available. Available metrics are: loss,auc,val_loss,val_auc
56/56 - 1s - loss: 0.1541 - auc: 0.7474 - val_loss: 0.1821 - val_auc: 0.6372 - val_auc_custom: 0.6385 - val_f1_custom: 0.4051 - val_recall_custom: 0.3019 - val_composite: 0.4002 - val_precision_aware: 0.5569 - 1s/epoch - 21ms/step
Curriculum: set focal gamma = 0.8421 (epoch 17)
Epoch 17/70
WARNING:tensorflow:Can save best model only with val_composite available, skipping.
WARNING:tensorflow:Early stopping conditioned on metric `val_composite` which is not available. Available metrics are: loss,auc,val_loss,val_auc
56/56 - 1s - loss: 0.1454 - auc: 0.7642 - val_loss: 0.1753 - val_auc: 0.6481 - val_auc_custom: 0.6478 - val_f1_custom: 0.4545 - val_recall_custom: 0.3774 - val_composite: 0.4546 - val_precision_aware: 0.5516 - 1s/epoch - 20ms/step
Curriculum: set focal gamma = 0.8947 (epoch 18)
Epoch 18/70
WARNING:tensorflow:Can save best model only with val_composite available, skipping.
WARNING:tensorflow:Early stopping conditioned on metric `val_composite` which is not available. Available metrics are: loss,auc,val_loss,val_auc
56/56 - 1s - loss: 0.1408 - auc: 0.7620 - val_loss: 0.1679 - val_auc: 0.6721 - val_auc_custom: 0.6722 - val_f1_custom: 0.3421 - val_recall_custom: 0.2453 - val_composite: 0.3597 - val_precision_aware: 0.5197 - 1s/epoch - 21ms/step
Curriculum: set focal gamma = 0.9474 (epoch 19)
Epoch 19/70
WARNING:tensorflow:Can save best model only with val_composite available, skipping.
WARNING:tensorflow:Early stopping conditioned on metric `val_composite` which is not available. Available metrics are: loss,auc,val_loss,val_auc
56/56 - 1s - loss: 0.1314 - auc: 0.7839 - val_loss: 0.1597 - val_auc: 0.6833 - val_auc_custom: 0.6843 - val_f1_custom: 0.4706 - val_recall_custom: 0.3774 - val_composite: 0.4667 - val_precision_aware: 0.5905 - 1s/epoch - 20ms/step
Curriculum: set focal gamma = 1.0000 (epoch 20)
Epoch 20/70
WARNING:tensorflow:Can save best model only with val_composite available, skipping.
WARNING:tensorflow:Early stopping conditioned on metric `val_composite` which is not available. Available metrics are: loss,auc,val_loss,val_auc
56/56 - 1s - loss: 0.1269 - auc: 0.7788 - val_loss: 0.1537 - val_auc: 0.6990 - val_auc_custom: 0.6991 - val_f1_custom: 0.4390 - val_recall_custom: 0.3396 - val_composite: 0.4413 - val_precision_aware: 0.5819 - 1s/epoch - 20ms/step
Curriculum: set focal gamma = 1.0000 (epoch 21)
Epoch 21/70
WARNING:tensorflow:Can save best model only with val_composite available, skipping.
WARNING:tensorflow:Early stopping conditioned on metric `val_composite` which is not available. Available metrics are: loss,auc,val_loss,val_auc
56/56 - 1s - loss: 0.1244 - auc: 0.7910 - val_loss: 0.1544 - val_auc: 0.6979 - val_auc_custom: 0.6964 - val_f1_custom: 0.4773 - val_recall_custom: 0.3962 - val_composite: 0.4806 - val_precision_aware: 0.5825 - 1s/epoch - 20ms/step
Curriculum: set focal gamma = 1.0000 (epoch 22)
Epoch 22/70
WARNING:tensorflow:Can save best model only with val_composite available, skipping.
WARNING:tensorflow:Early stopping conditioned on metric `val_composite` which is not available. Available metrics are: loss,auc,val_loss,val_auc
56/56 - 1s - loss: 0.1190 - auc: 0.8176 - val_loss: 0.1561 - val_auc: 0.6902 - val_auc_custom: 0.6911 - val_f1_custom: 0.4719 - val_recall_custom: 0.3962 - val_composite: 0.4779 - val_precision_aware: 0.5715 - 1s/epoch - 20ms/step
Curriculum: set focal gamma = 1.0000 (epoch 23)
Epoch 23/70
WARNING:tensorflow:Can save best model only with val_composite available, skipping.
WARNING:tensorflow:Early stopping conditioned on metric `val_composite` which is not available. Available metrics are: loss,auc,val_loss,val_auc
56/56 - 1s - loss: 0.1194 - auc: 0.8145 - val_loss: 0.1565 - val_auc: 0.7011 - val_auc_custom: 0.7009 - val_f1_custom: 0.4048 - val_recall_custom: 0.3208 - val_composite: 0.4220 - val_precision_aware: 0.5358 - 1s/epoch - 20ms/step
Curriculum: set focal gamma = 1.0000 (epoch 24)
Epoch 24/70
WARNING:tensorflow:Can save best model only with val_composite available, skipping.
WARNING:tensorflow:Early stopping conditioned on metric `val_composite` which is not available. Available metrics are: loss,auc,val_loss,val_auc
56/56 - 1s - loss: 0.1197 - auc: 0.8098 - val_loss: 0.1545 - val_auc: 0.7094 - val_auc_custom: 0.7089 - val_f1_custom: 0.5275 - val_recall_custom: 0.4528 - val_composite: 0.5264 - val_precision_aware: 0.6158 - 1s/epoch - 21ms/step
Curriculum: set focal gamma = 1.0000 (epoch 25)
Epoch 25/70
WARNING:tensorflow:Can save best model only with val_composite available, skipping.
WARNING:tensorflow:Early stopping conditioned on metric `val_composite` which is not available. Available metrics are: loss,auc,val_loss,val_auc
56/56 - 1s - loss: 0.1139 - auc: 0.8372 - val_loss: 0.1556 - val_auc: 0.7165 - val_auc_custom: 0.7160 - val_f1_custom: 0.4944 - val_recall_custom: 0.4151 - val_composite: 0.4991 - val_precision_aware: 0.5971 - 1s/epoch - 20ms/step
Curriculum: set focal gamma = 1.0000 (epoch 26)
Epoch 26/70
WARNING:tensorflow:Can save best model only with val_composite available, skipping.
WARNING:tensorflow:Early stopping conditioned on metric `val_composite` which is not available. Available metrics are: loss,auc,val_loss,val_auc
56/56 - 1s - loss: 0.1139 - auc: 0.8347 - val_loss: 0.1609 - val_auc: 0.6994 - val_auc_custom: 0.7001 - val_f1_custom: 0.5773 - val_recall_custom: 0.5283 - val_composite: 0.5774 - val_precision_aware: 0.6314 - 1s/epoch - 22ms/step
Curriculum: set focal gamma = 1.0000 (epoch 27)
Epoch 27/70
WARNING:tensorflow:Can save best model only with val_composite available, skipping.
WARNING:tensorflow:Early stopping conditioned on metric `val_composite` which is not available. Available metrics are: loss,auc,val_loss,val_auc
56/56 - 1s - loss: 0.1150 - auc: 0.8289 - val_loss: 0.1618 - val_auc: 0.7023 - val_auc_custom: 0.7031 - val_f1_custom: 0.5625 - val_recall_custom: 0.5094 - val_composite: 0.5641 - val_precision_aware: 0.6233 - 1s/epoch - 21ms/step
Curriculum: set focal gamma = 1.0000 (epoch 28)
Epoch 28/70
WARNING:tensorflow:Can save best model only with val_composite available, skipping.
WARNING:tensorflow:Early stopping conditioned on metric `val_composite` which is not available. Available metrics are: loss,auc,val_loss,val_auc
56/56 - 1s - loss: 0.1108 - auc: 0.8464 - val_loss: 0.1541 - val_auc: 0.7268 - val_auc_custom: 0.7275 - val_f1_custom: 0.5417 - val_recall_custom: 0.4906 - val_composite: 0.5533 - val_precision_aware: 0.6103 - 1s/epoch - 21ms/step
Curriculum: set focal gamma = 1.0000 (epoch 29)
Epoch 29/70
WARNING:tensorflow:Can save best model only with val_composite available, skipping.
WARNING:tensorflow:Early stopping conditioned on metric `val_composite` which is not available. Available metrics are: loss,auc,val_loss,val_auc
56/56 - 1s - loss: 0.1113 - auc: 0.8451 - val_loss: 0.1547 - val_auc: 0.7352 - val_auc_custom: 0.7364 - val_f1_custom: 0.5918 - val_recall_custom: 0.5472 - val_composite: 0.5984 - val_precision_aware: 0.6470 - 1s/epoch - 21ms/step
Curriculum: set focal gamma = 1.0000 (epoch 30)
Epoch 30/70
WARNING:tensorflow:Can save best model only with val_composite available, skipping.
WARNING:tensorflow:Early stopping conditioned on metric `val_composite` which is not available. Available metrics are: loss,auc,val_loss,val_auc
56/56 - 1s - loss: 0.1108 - auc: 0.8465 - val_loss: 0.1698 - val_auc: 0.6902 - val_auc_custom: 0.6913 - val_f1_custom: 0.5741 - val_recall_custom: 0.5849 - val_composite: 0.6029 - val_precision_aware: 0.5923 - 1s/epoch - 20ms/step
Curriculum: set focal gamma = 1.0000 (epoch 31)
Epoch 31/70
WARNING:tensorflow:Can save best model only with val_composite available, skipping.
WARNING:tensorflow:Early stopping conditioned on metric `val_composite` which is not available. Available metrics are: loss,auc,val_loss,val_auc
56/56 - 1s - loss: 0.1056 - auc: 0.8615 - val_loss: 0.1785 - val_auc: 0.7058 - val_auc_custom: 0.7052 - val_f1_custom: 0.4000 - val_recall_custom: 0.3019 - val_composite: 0.4120 - val_precision_aware: 0.5573 - 1s/epoch - 20ms/step
Curriculum: set focal gamma = 1.0000 (epoch 32)
Epoch 32/70
WARNING:tensorflow:Can save best model only with val_composite available, skipping.
WARNING:tensorflow:Early stopping conditioned on metric `val_composite` which is not available. Available metrics are: loss,auc,val_loss,val_auc
56/56 - 1s - loss: 0.1042 - auc: 0.8655 - val_loss: 0.1669 - val_auc: 0.7035 - val_auc_custom: 0.7042 - val_f1_custom: 0.5926 - val_recall_custom: 0.6038 - val_composite: 0.6205 - val_precision_aware: 0.6095 - 1s/epoch - 20ms/step
Curriculum: set focal gamma = 1.0000 (epoch 33)
Epoch 33/70
WARNING:tensorflow:Can save best model only with val_composite available, skipping.
WARNING:tensorflow:Early stopping conditioned on metric `val_composite` which is not available. Available metrics are: loss,auc,val_loss,val_auc
56/56 - 1s - loss: 0.1054 - auc: 0.8610 - val_loss: 0.1702 - val_auc: 0.7091 - val_auc_custom: 0.7092 - val_f1_custom: 0.4337 - val_recall_custom: 0.3396 - val_composite: 0.4418 - val_precision_aware: 0.5720 - 1s/epoch - 20ms/step
Curriculum: set focal gamma = 1.0000 (epoch 34)
Epoch 34/70
WARNING:tensorflow:Can save best model only with val_composite available, skipping.
WARNING:tensorflow:Early stopping conditioned on metric `val_composite` which is not available. Available metrics are: loss,auc,val_loss,val_auc
56/56 - 1s - loss: 0.1094 - auc: 0.8458 - val_loss: 0.1649 - val_auc: 0.7138 - val_auc_custom: 0.7140 - val_f1_custom: 0.5577 - val_recall_custom: 0.5472 - val_composite: 0.5837 - val_precision_aware: 0.5944 - 1s/epoch - 21ms/step
Curriculum: set focal gamma = 1.0000 (epoch 35)
Epoch 35/70
WARNING:tensorflow:Can save best model only with val_composite available, skipping.
WARNING:tensorflow:Early stopping conditioned on metric `val_composite` which is not available. Available metrics are: loss,auc,val_loss,val_auc
56/56 - 1s - loss: 0.0997 - auc: 0.8804 - val_loss: 0.1573 - val_auc: 0.7464 - val_auc_custom: 0.7457 - val_f1_custom: 0.6154 - val_recall_custom: 0.6038 - val_composite: 0.6356 - val_precision_aware: 0.6475 - 1s/epoch - 21ms/step
Curriculum: set focal gamma = 1.0000 (epoch 36)
Epoch 36/70
WARNING:tensorflow:Can save best model only with val_composite available, skipping.
WARNING:tensorflow:Early stopping conditioned on metric `val_composite` which is not available. Available metrics are: loss,auc,val_loss,val_auc
56/56 - 1s - loss: 0.1020 - auc: 0.8736 - val_loss: 0.1648 - val_auc: 0.7186 - val_auc_custom: 0.7200 - val_f1_custom: 0.5600 - val_recall_custom: 0.5283 - val_composite: 0.5762 - val_precision_aware: 0.6099 - 1s/epoch - 21ms/step
Curriculum: set focal gamma = 1.0000 (epoch 37)
Epoch 37/70
WARNING:tensorflow:Can save best model only with val_composite available, skipping.
WARNING:tensorflow:Early stopping conditioned on metric `val_composite` which is not available. Available metrics are: loss,auc,val_loss,val_auc
56/56 - 1s - loss: 0.1024 - auc: 0.8721 - val_loss: 0.1695 - val_auc: 0.7029 - val_auc_custom: 0.7026 - val_f1_custom: 0.5000 - val_recall_custom: 0.4717 - val_composite: 0.5264 - val_precision_aware: 0.5565 - 1s/epoch - 20ms/step
Curriculum: set focal gamma = 1.0000 (epoch 38)
Epoch 38/70
WARNING:tensorflow:Can save best model only with val_composite available, skipping.
WARNING:tensorflow:Early stopping conditioned on metric `val_composite` which is not available. Available metrics are: loss,auc,val_loss,val_auc
56/56 - 1s - loss: 0.0964 - auc: 0.8862 - val_loss: 0.1636 - val_auc: 0.7267 - val_auc_custom: 0.7270 - val_f1_custom: 0.5055 - val_recall_custom: 0.4340 - val_composite: 0.5140 - val_precision_aware: 0.5997 - 1s/epoch - 21ms/step
Curriculum: set focal gamma = 1.0000 (epoch 39)
Epoch 39/70
WARNING:tensorflow:Can save best model only with val_composite available, skipping.
WARNING:tensorflow:Early stopping conditioned on metric `val_composite` which is not available. Available metrics are: loss,auc,val_loss,val_auc
56/56 - 1s - loss: 0.0964 - auc: 0.8868 - val_loss: 0.1628 - val_auc: 0.7242 - val_auc_custom: 0.7248 - val_f1_custom: 0.6226 - val_recall_custom: 0.6226 - val_composite: 0.6431 - val_precision_aware: 0.6431 - 1s/epoch - 20ms/step
Curriculum: set focal gamma = 1.0000 (epoch 40)
Epoch 40/70
WARNING:tensorflow:Can save best model only with val_composite available, skipping.
WARNING:tensorflow:Early stopping conditioned on metric `val_composite` which is not available. Available metrics are: loss,auc,val_loss,val_auc
56/56 - 1s - loss: 0.0934 - auc: 0.8973 - val_loss: 0.1704 - val_auc: 0.7157 - val_auc_custom: 0.7157 - val_f1_custom: 0.5347 - val_recall_custom: 0.5094 - val_composite: 0.5583 - val_precision_aware: 0.5848 - 1s/epoch - 21ms/step
Curriculum: set focal gamma = 1.0000 (epoch 41)
Epoch 41/70
WARNING:tensorflow:Can save best model only with val_composite available, skipping.
WARNING:tensorflow:Early stopping conditioned on metric `val_composite` which is not available. Available metrics are: loss,auc,val_loss,val_auc
56/56 - 1s - loss: 0.0931 - auc: 0.8967 - val_loss: 0.1643 - val_auc: 0.7379 - val_auc_custom: 0.7381 - val_f1_custom: 0.5532 - val_recall_custom: 0.4906 - val_composite: 0.5589 - val_precision_aware: 0.6307 - 1s/epoch - 21ms/step
Curriculum: set focal gamma = 1.0000 (epoch 42)
Epoch 42/70
WARNING:tensorflow:Can save best model only with val_composite available, skipping.
WARNING:tensorflow:Early stopping conditioned on metric `val_composite` which is not available. Available metrics are: loss,auc,val_loss,val_auc
56/56 - 1s - loss: 0.0941 - auc: 0.8922 - val_loss: 0.1737 - val_auc: 0.7313 - val_auc_custom: 0.7308 - val_f1_custom: 0.6780 - val_recall_custom: 0.7547 - val_composite: 0.7269 - val_precision_aware: 0.6572 - 1s/epoch - 20ms/step
Curriculum: set focal gamma = 1.0000 (epoch 43)
Epoch 43/70
WARNING:tensorflow:Can save best model only with val_composite available, skipping.
WARNING:tensorflow:Early stopping conditioned on metric `val_composite` which is not available. Available metrics are: loss,auc,val_loss,val_auc
56/56 - 1s - loss: 0.0969 - auc: 0.8842 - val_loss: 0.1785 - val_auc: 0.7094 - val_auc_custom: 0.7094 - val_f1_custom: 0.4235 - val_recall_custom: 0.3396 - val_composite: 0.4388 - val_precision_aware: 0.5502 - 1s/epoch - 21ms/step
Curriculum: set focal gamma = 1.0000 (epoch 44)
Epoch 44/70
WARNING:tensorflow:Can save best model only with val_composite available, skipping.
WARNING:tensorflow:Early stopping conditioned on metric `val_composite` which is not available. Available metrics are: loss,auc,val_loss,val_auc
56/56 - 1s - loss: 0.0872 - auc: 0.9112 - val_loss: 0.1722 - val_auc: 0.7275 - val_auc_custom: 0.7278 - val_f1_custom: 0.6168 - val_recall_custom: 0.6226 - val_composite: 0.6419 - val_precision_aware: 0.6362 - 1s/epoch - 20ms/step
Curriculum: set focal gamma = 1.0000 (epoch 45)
Epoch 45/70
WARNING:tensorflow:Can save best model only with val_composite available, skipping.
WARNING:tensorflow:Early stopping conditioned on metric `val_composite` which is not available. Available metrics are: loss,auc,val_loss,val_auc
56/56 - 1s - loss: 0.0935 - auc: 0.8981 - val_loss: 0.1669 - val_auc: 0.7443 - val_auc_custom: 0.7439 - val_f1_custom: 0.5169 - val_recall_custom: 0.4340 - val_composite: 0.5208 - val_precision_aware: 0.6233 - 1s/epoch - 21ms/step
Curriculum: set focal gamma = 1.0000 (epoch 46)
Epoch 46/70
WARNING:tensorflow:Can save best model only with val_composite available, skipping.
WARNING:tensorflow:Early stopping conditioned on metric `val_composite` which is not available. Available metrics are: loss,auc,val_loss,val_auc
56/56 - 1s - loss: 0.0912 - auc: 0.9017 - val_loss: 0.1749 - val_auc: 0.7210 - val_auc_custom: 0.7208 - val_f1_custom: 0.6250 - val_recall_custom: 0.6604 - val_composite: 0.6618 - val_precision_aware: 0.6283 - 1s/epoch - 21ms/step
Curriculum: set focal gamma = 1.0000 (epoch 47)
Epoch 47/70
WARNING:tensorflow:Can save best model only with val_composite available, skipping.
WARNING:tensorflow:Early stopping conditioned on metric `val_composite` which is not available. Available metrics are: loss,auc,val_loss,val_auc
56/56 - 1s - loss: 0.0857 - auc: 0.9137 - val_loss: 0.1681 - val_auc: 0.7338 - val_auc_custom: 0.7328 - val_f1_custom: 0.5882 - val_recall_custom: 0.5660 - val_composite: 0.6061 - val_precision_aware: 0.6292 - 1s/epoch - 20ms/step
Curriculum: set focal gamma = 1.0000 (epoch 48)
Epoch 48/70
WARNING:tensorflow:Can save best model only with val_composite available, skipping.
WARNING:tensorflow:Early stopping conditioned on metric `val_composite` which is not available. Available metrics are: loss,auc,val_loss,val_auc
56/56 - 1s - loss: 0.0883 - auc: 0.9066 - val_loss: 0.1751 - val_auc: 0.7275 - val_auc_custom: 0.7273 - val_f1_custom: 0.6549 - val_recall_custom: 0.6981 - val_composite: 0.6910 - val_precision_aware: 0.6503 - 1s/epoch - 20ms/step
Curriculum: set focal gamma = 1.0000 (epoch 49)
Epoch 49/70
WARNING:tensorflow:Can save best model only with val_composite available, skipping.
WARNING:tensorflow:Early stopping conditioned on metric `val_composite` which is not available. Available metrics are: loss,auc,val_loss,val_auc
56/56 - 1s - loss: 0.0818 - auc: 0.9226 - val_loss: 0.1794 - val_auc: 0.7211 - val_auc_custom: 0.7210 - val_f1_custom: 0.6239 - val_recall_custom: 0.6415 - val_composite: 0.6521 - val_precision_aware: 0.6349 - 1s/epoch - 22ms/step
Curriculum: set focal gamma = 1.0000 (epoch 50)
Epoch 50/70
WARNING:tensorflow:Can save best model only with val_composite available, skipping.
WARNING:tensorflow:Early stopping conditioned on metric `val_composite` which is not available. Available metrics are: loss,auc,val_loss,val_auc
56/56 - 1s - loss: 0.0854 - auc: 0.9140 - val_loss: 0.1889 - val_auc: 0.7264 - val_auc_custom: 0.7265 - val_f1_custom: 0.4103 - val_recall_custom: 0.3019 - val_composite: 0.4193 - val_precision_aware: 0.5884 - 1s/epoch - 21ms/step
Curriculum: set focal gamma = 1.0000 (epoch 51)
Epoch 51/70
WARNING:tensorflow:Can save best model only with val_composite available, skipping.
WARNING:tensorflow:Early stopping conditioned on metric `val_composite` which is not available. Available metrics are: loss,auc,val_loss,val_auc
56/56 - 1s - loss: 0.0839 - auc: 0.9167 - val_loss: 0.1860 - val_auc: 0.7260 - val_auc_custom: 0.7268 - val_f1_custom: 0.6379 - val_recall_custom: 0.6981 - val_composite: 0.6858 - val_precision_aware: 0.6304 - 1s/epoch - 21ms/step
Curriculum: set focal gamma = 1.0000 (epoch 52)
Epoch 52/70
WARNING:tensorflow:Can save best model only with val_composite available, skipping.
WARNING:tensorflow:Early stopping conditioned on metric `val_composite` which is not available. Available metrics are: loss,auc,val_loss,val_auc
56/56 - 1s - loss: 0.0799 - auc: 0.9248 - val_loss: 0.1897 - val_auc: 0.7049 - val_auc_custom: 0.7052 - val_f1_custom: 0.3765 - val_recall_custom: 0.3019 - val_composite: 0.4049 - val_precision_aware: 0.5040 - 1s/epoch - 21ms/step
Curriculum: set focal gamma = 1.0000 (epoch 53)
Epoch 53/70
WARNING:tensorflow:Can save best model only with val_composite available, skipping.
WARNING:tensorflow:Early stopping conditioned on metric `val_composite` which is not available. Available metrics are: loss,auc,val_loss,val_auc
56/56 - 1s - loss: 0.0838 - auc: 0.9165 - val_loss: 0.1725 - val_auc: 0.7377 - val_auc_custom: 0.7376 - val_f1_custom: 0.5294 - val_recall_custom: 0.5094 - val_composite: 0.5611 - val_precision_aware: 0.5819 - 1s/epoch - 20ms/step
Curriculum: set focal gamma = 1.0000 (epoch 54)
Epoch 54/70
WARNING:tensorflow:Can save best model only with val_composite available, skipping.
WARNING:tensorflow:Early stopping conditioned on metric `val_composite` which is not available. Available metrics are: loss,auc,val_loss,val_auc
56/56 - 1s - loss: 0.0831 - auc: 0.9166 - val_loss: 0.1717 - val_auc: 0.7454 - val_auc_custom: 0.7454 - val_f1_custom: 0.6372 - val_recall_custom: 0.6792 - val_composite: 0.6799 - val_precision_aware: 0.6402 - 1s/epoch - 21ms/step
Curriculum: set focal gamma = 1.0000 (epoch 55)
Epoch 55/70
WARNING:tensorflow:Can save best model only with val_composite available, skipping.
WARNING:tensorflow:Early stopping conditioned on metric `val_composite` which is not available. Available metrics are: loss,auc,val_loss,val_auc
56/56 - 1s - loss: 0.0849 - auc: 0.9147 - val_loss: 0.1686 - val_auc: 0.7489 - val_auc_custom: 0.7494 - val_f1_custom: 0.5319 - val_recall_custom: 0.4717 - val_composite: 0.5453 - val_precision_aware: 0.6143 - 1s/epoch - 20ms/step
Curriculum: set focal gamma = 1.0000 (epoch 56)
Epoch 56/70
WARNING:tensorflow:Can save best model only with val_composite available, skipping.
WARNING:tensorflow:Early stopping conditioned on metric `val_composite` which is not available. Available metrics are: loss,auc,val_loss,val_auc
56/56 - 1s - loss: 0.0820 - auc: 0.9230 - val_loss: 0.1743 - val_auc: 0.7425 - val_auc_custom: 0.7421 - val_f1_custom: 0.6168 - val_recall_custom: 0.6226 - val_composite: 0.6448 - val_precision_aware: 0.6390 - 1s/epoch - 21ms/step
Curriculum: set focal gamma = 1.0000 (epoch 57)
Epoch 57/70
WARNING:tensorflow:Can save best model only with val_composite available, skipping.
WARNING:tensorflow:Early stopping conditioned on metric `val_composite` which is not available. Available metrics are: loss,auc,val_loss,val_auc
56/56 - 1s - loss: 0.0794 - auc: 0.9250 - val_loss: 0.1637 - val_auc: 0.7623 - val_auc_custom: 0.7625 - val_f1_custom: 0.5773 - val_recall_custom: 0.5283 - val_composite: 0.5898 - val_precision_aware: 0.6439 - 1s/epoch - 20ms/step
Curriculum: set focal gamma = 1.0000 (epoch 58)
Epoch 58/70
WARNING:tensorflow:Can save best model only with val_composite available, skipping.
WARNING:tensorflow:Early stopping conditioned on metric `val_composite` which is not available. Available metrics are: loss,auc,val_loss,val_auc
56/56 - 1s - loss: 0.0732 - auc: 0.9395 - val_loss: 0.1643 - val_auc: 0.7719 - val_auc_custom: 0.7723 - val_f1_custom: 0.6139 - val_recall_custom: 0.5849 - val_composite: 0.6311 - val_precision_aware: 0.6615 - 1s/epoch - 20ms/step
Curriculum: set focal gamma = 1.0000 (epoch 59)
Epoch 59/70
WARNING:tensorflow:Can save best model only with val_composite available, skipping.
WARNING:tensorflow:Early stopping conditioned on metric `val_composite` which is not available. Available metrics are: loss,auc,val_loss,val_auc
56/56 - 1s - loss: 0.0729 - auc: 0.9391 - val_loss: 0.1792 - val_auc: 0.7487 - val_auc_custom: 0.7482 - val_f1_custom: 0.5905 - val_recall_custom: 0.5849 - val_composite: 0.6192 - val_precision_aware: 0.6249 - 1s/epoch - 21ms/step
Curriculum: set focal gamma = 1.0000 (epoch 60)
Epoch 60/70
WARNING:tensorflow:Can save best model only with val_composite available, skipping.
WARNING:tensorflow:Early stopping conditioned on metric `val_composite` which is not available. Available metrics are: loss,auc,val_loss,val_auc
56/56 - 1s - loss: 0.0757 - auc: 0.9312 - val_loss: 0.1812 - val_auc: 0.7552 - val_auc_custom: 0.7557 - val_f1_custom: 0.6667 - val_recall_custom: 0.7170 - val_composite: 0.7096 - val_precision_aware: 0.6626 - 1s/epoch - 21ms/step
Curriculum: set focal gamma = 1.0000 (epoch 61)
Epoch 61/70
WARNING:tensorflow:Can save best model only with val_composite available, skipping.
WARNING:tensorflow:Early stopping conditioned on metric `val_composite` which is not available. Available metrics are: loss,auc,val_loss,val_auc
56/56 - 1s - loss: 0.0861 - auc: 0.9169 - val_loss: 0.1741 - val_auc: 0.7594 - val_auc_custom: 0.7600 - val_f1_custom: 0.5319 - val_recall_custom: 0.4717 - val_composite: 0.5474 - val_precision_aware: 0.6165 - 1s/epoch - 21ms/step
Curriculum: set focal gamma = 1.0000 (epoch 62)
Epoch 62/70
WARNING:tensorflow:Can save best model only with val_composite available, skipping.
WARNING:tensorflow:Early stopping conditioned on metric `val_composite` which is not available. Available metrics are: loss,auc,val_loss,val_auc
56/56 - 1s - loss: 0.0733 - auc: 0.9393 - val_loss: 0.1883 - val_auc: 0.7165 - val_auc_custom: 0.7170 - val_f1_custom: 0.4286 - val_recall_custom: 0.3396 - val_composite: 0.4418 - val_precision_aware: 0.5623 - 1s/epoch - 19ms/step
Curriculum: set focal gamma = 1.0000 (epoch 63)
Epoch 63/70
WARNING:tensorflow:Can save best model only with val_composite available, skipping.
WARNING:tensorflow:Early stopping conditioned on metric `val_composite` which is not available. Available metrics are: loss,auc,val_loss,val_auc
56/56 - 1s - loss: 0.0784 - auc: 0.9300 - val_loss: 0.1949 - val_auc: 0.7312 - val_auc_custom: 0.7313 - val_f1_custom: 0.6102 - val_recall_custom: 0.6792 - val_composite: 0.6689 - val_precision_aware: 0.6062 - 1s/epoch - 20ms/step
Curriculum: set focal gamma = 1.0000 (epoch 64)
Epoch 64/70
WARNING:tensorflow:Can save best model only with val_composite available, skipping.
WARNING:tensorflow:Early stopping conditioned on metric `val_composite` which is not available. Available metrics are: loss,auc,val_loss,val_auc
56/56 - 1s - loss: 0.0757 - auc: 0.9335 - val_loss: 0.1701 - val_auc: 0.7692 - val_auc_custom: 0.7703 - val_f1_custom: 0.5333 - val_recall_custom: 0.4528 - val_composite: 0.5405 - val_precision_aware: 0.6384 - 1s/epoch - 21ms/step
Curriculum: set focal gamma = 1.0000 (epoch 65)
Epoch 65/70
WARNING:tensorflow:Can save best model only with val_composite available, skipping.
WARNING:tensorflow:Early stopping conditioned on metric `val_composite` which is not available. Available metrics are: loss,auc,val_loss,val_auc
56/56 - 1s - loss: 0.0675 - auc: 0.9483 - val_loss: 0.1993 - val_auc: 0.7501 - val_auc_custom: 0.7507 - val_f1_custom: 0.6333 - val_recall_custom: 0.7170 - val_composite: 0.6986 - val_precision_aware: 0.6237 - 1s/epoch - 21ms/step
Curriculum: set focal gamma = 1.0000 (epoch 66)
Epoch 66/70
WARNING:tensorflow:Can save best model only with val_composite available, skipping.
WARNING:tensorflow:Early stopping conditioned on metric `val_composite` which is not available. Available metrics are: loss,auc,val_loss,val_auc
56/56 - 1s - loss: 0.0721 - auc: 0.9386 - val_loss: 0.1774 - val_auc: 0.7703 - val_auc_custom: 0.7708 - val_f1_custom: 0.6286 - val_recall_custom: 0.6226 - val_composite: 0.6541 - val_precision_aware: 0.6600 - 1s/epoch - 21ms/step
Curriculum: set focal gamma = 1.0000 (epoch 67)
Epoch 67/70
WARNING:tensorflow:Can save best model only with val_composite available, skipping.
WARNING:tensorflow:Early stopping conditioned on metric `val_composite` which is not available. Available metrics are: loss,auc,val_loss,val_auc
56/56 - 1s - loss: 0.0695 - auc: 0.9428 - val_loss: 0.1804 - val_auc: 0.7581 - val_auc_custom: 0.7587 - val_f1_custom: 0.5905 - val_recall_custom: 0.5849 - val_composite: 0.6213 - val_precision_aware: 0.6270 - 1s/epoch - 21ms/step
Curriculum: set focal gamma = 1.0000 (epoch 68)
Epoch 68/70
WARNING:tensorflow:Can save best model only with val_composite available, skipping.
WARNING:tensorflow:Early stopping conditioned on metric `val_composite` which is not available. Available metrics are: loss,auc,val_loss,val_auc
56/56 - 1s - loss: 0.0646 - auc: 0.9520 - val_loss: 0.1922 - val_auc: 0.7459 - val_auc_custom: 0.7452 - val_f1_custom: 0.6111 - val_recall_custom: 0.6226 - val_composite: 0.6437 - val_precision_aware: 0.6324 - 1s/epoch - 20ms/step
Curriculum: set focal gamma = 1.0000 (epoch 69)
Epoch 69/70
WARNING:tensorflow:Can save best model only with val_composite available, skipping.
WARNING:tensorflow:Early stopping conditioned on metric `val_composite` which is not available. Available metrics are: loss,auc,val_loss,val_auc
56/56 - 1s - loss: 0.0740 - auc: 0.9357 - val_loss: 0.1986 - val_auc: 0.7440 - val_auc_custom: 0.7439 - val_f1_custom: 0.6491 - val_recall_custom: 0.6981 - val_composite: 0.6926 - val_precision_aware: 0.6468 - 1s/epoch - 20ms/step
Curriculum: set focal gamma = 1.0000 (epoch 70)
Epoch 70/70
WARNING:tensorflow:Can save best model only with val_composite available, skipping.
WARNING:tensorflow:Early stopping conditioned on metric `val_composite` which is not available. Available metrics are: loss,auc,val_loss,val_auc
56/56 - 1s - loss: 0.0728 - auc: 0.9397 - val_loss: 0.1721 - val_auc: 0.7742 - val_auc_custom: 0.7738 - val_f1_custom: 0.6346 - val_recall_custom: 0.6226 - val_composite: 0.6565 - val_precision_aware: 0.6687 - 1s/epoch - 21ms/step
Saved final weights to result_multi_seed_composite_slipce/seed1/01/final.weights
Mask config -> mode=soft, threshold=0.6, window_gate=None
Done. Results saved to result_multi_seed_composite_slipce/seed1/01
