2025-09-18 21:46:06.366947: I tensorflow/core/util/port.cc:110] oneDNN custom operations are on. You may see slightly different numerical results due to floating-point round-off errors from different computation orders. To turn them off, set the environment variable `TF_ENABLE_ONEDNN_OPTS=0`.
2025-09-18 21:46:06.395465: I tensorflow/core/platform/cpu_feature_guard.cc:182] This TensorFlow binary is optimized to use available CPU instructions in performance-critical operations.
To enable the following instructions: AVX2 AVX_VNNI FMA, in other operations, rebuild TensorFlow with the appropriate compiler flags.
2025-09-18 21:46:06.855770: W tensorflow/compiler/tf2tensorrt/utils/py_utils.cc:38] TF-TRT Warning: Could not find TensorRT
2025-09-18 21:46:07.419585: I tensorflow/compiler/xla/stream_executor/cuda/cuda_gpu_executor.cc:981] could not open file to read NUMA node: /sys/bus/pci/devices/0000:01:00.0/numa_node
Your kernel may have been built without NUMA support.
2025-09-18 21:46:07.441563: I tensorflow/compiler/xla/stream_executor/cuda/cuda_gpu_executor.cc:981] could not open file to read NUMA node: /sys/bus/pci/devices/0000:01:00.0/numa_node
Your kernel may have been built without NUMA support.
2025-09-18 21:46:07.441669: I tensorflow/compiler/xla/stream_executor/cuda/cuda_gpu_executor.cc:981] could not open file to read NUMA node: /sys/bus/pci/devices/0000:01:00.0/numa_node
Your kernel may have been built without NUMA support.
2025-09-18 21:46:07.443064: I tensorflow/compiler/xla/stream_executor/cuda/cuda_gpu_executor.cc:981] could not open file to read NUMA node: /sys/bus/pci/devices/0000:01:00.0/numa_node
Your kernel may have been built without NUMA support.
2025-09-18 21:46:07.443162: I tensorflow/compiler/xla/stream_executor/cuda/cuda_gpu_executor.cc:981] could not open file to read NUMA node: /sys/bus/pci/devices/0000:01:00.0/numa_node
Your kernel may have been built without NUMA support.
2025-09-18 21:46:07.443191: I tensorflow/compiler/xla/stream_executor/cuda/cuda_gpu_executor.cc:981] could not open file to read NUMA node: /sys/bus/pci/devices/0000:01:00.0/numa_node
Your kernel may have been built without NUMA support.
2025-09-18 21:46:07.063101: I tensorflow/compiler/xla/stream_executor/cuda/cuda_gpu_executor.cc:981] could not open file to read NUMA node: /sys/bus/pci/devices/0000:01:00.0/numa_node
Your kernel may have been built without NUMA support.
2025-09-18 21:46:07.063230: I tensorflow/compiler/xla/stream_executor/cuda/cuda_gpu_executor.cc:981] could not open file to read NUMA node: /sys/bus/pci/devices/0000:01:00.0/numa_node
Your kernel may have been built without NUMA support.
2025-09-18 21:46:07.063242: I tensorflow/core/common_runtime/gpu/gpu_device.cc:1726] Could not identify NUMA node of platform GPU id 0, defaulting to 0.  Your kernel may not have been built with NUMA support.
2025-09-18 21:46:07.063271: I tensorflow/compiler/xla/stream_executor/cuda/cuda_gpu_executor.cc:981] could not open file to read NUMA node: /sys/bus/pci/devices/0000:01:00.0/numa_node
Your kernel may have been built without NUMA support.
2025-09-18 21:46:07.063295: I tensorflow/core/common_runtime/gpu/gpu_device.cc:1639] Created device /job:localhost/replica:0/task:0/device:GPU:0 with 9517 MB memory:  -> device: 0, name: NVIDIA GeForce RTX 4070 SUPER, pci bus id: 0000:01:00.0, compute capability: 8.9
[feature_check] OK: train/test feature_list identical (n=36)
GPU detected: 1 physical, 1 logical -> ['/device:GPU:0']
Config: batch=16, accumulate_steps=8 -> effective_batch=128
Loaded (for internal train/val)  (1276, 36, 75) (1276,)
Loaded EXTERNAL TEST: (354, 36, 75) from /home/user/projects/train/test_data/slipce/windows_npz.npz
[mask] windows_npz.npz using occlusion_flag ch=7
[mask] windows_npz.npz using occlusion_flag ch=7
Model: "cnn_bilstm_attn_masked"
__________________________________________________________________________________________________
 Layer (type)                Output Shape                 Param #   Connected to                  
==================================================================================================
 input (InputLayer)          [(None, 36, 75)]             0         []                            
                                                                                                  
 permute_time_features (Per  (None, 75, 36)               0         ['input[0][0]']               
 mute)                                                                                            
                                                                                                  
 conv0 (Conv1D)              (None, 75, 64)               6976      ['permute_time_features[0][0]'
                                                                    ]                             
                                                                                                  
 bn0 (BatchNormalization)    (None, 75, 64)               256       ['conv0[0][0]']               
                                                                                                  
 act0 (Activation)           (None, 75, 64)               0         ['bn0[0][0]']                 
                                                                                                  
 conv_dropout0 (Dropout)     (None, 75, 64)               0         ['act0[0][0]']                
                                                                                                  
 conv1 (Conv1D)              (None, 75, 64)               20544     ['conv_dropout0[0][0]']       
                                                                                                  
 bn1 (BatchNormalization)    (None, 75, 64)               256       ['conv1[0][0]']               
                                                                                                  
 act1 (Activation)           (None, 75, 64)               0         ['bn1[0][0]']                 
                                                                                                  
 conv_dropout1 (Dropout)     (None, 75, 64)               0         ['act1[0][0]']                
                                                                                                  
 conv2 (Conv1D)              (None, 75, 64)               12352     ['conv_dropout1[0][0]']       
                                                                                                  
 bn2 (BatchNormalization)    (None, 75, 64)               256       ['conv2[0][0]']               
                                                                                                  
 act2 (Activation)           (None, 75, 64)               0         ['bn2[0][0]']                 
                                                                                                  
 conv_dropout2 (Dropout)     (None, 75, 64)               0         ['act2[0][0]']                
                                                                                                  
 bilstm (Bidirectional)      (None, 75, 128)              66048     ['conv_dropout2[0][0]']       
                                                                                                  
 mlp_attn_u (Dense)          (None, 75, 32)               4128      ['bilstm[0][0]']              
                                                                                                  
 mlp_attn_score (Dense)      (None, 75, 1)                33        ['mlp_attn_u[0][0]']          
                                                                                                  
 mlp_attn_squeeze (Lambda)   (None, 75)                   0         ['mlp_attn_score[0][0]']      
                                                                                                  
 attn_mask (InputLayer)      [(None, 75)]                 0         []                            
                                                                                                  
 mlp_attn_apply_mask (Lambd  (None, 75)                   0         ['mlp_attn_squeeze[0][0]',    
 a)                                                                  'attn_mask[0][0]']           
                                                                                                  
 mlp_attn_softmax (Lambda)   (None, 75)                   0         ['mlp_attn_apply_mask[0][0]'] 
                                                                                                  
 mlp_attn_expand (Lambda)    (None, 75, 1)                0         ['mlp_attn_softmax[0][0]']    
                                                                                                  
 mlp_attn_weighted (Lambda)  (None, 128)                  0         ['bilstm[0][0]',              
                                                                     'mlp_attn_expand[0][0]']     
                                                                                                  
 fc1 (Dense)                 (None, 64)                   8256      ['mlp_attn_weighted[0][0]']   
                                                                                                  
 fc_dropout (Dropout)        (None, 64)                   0         ['fc1[0][0]']                 
                                                                                                  
 out (Dense)                 (None, 1)                    65        ['fc_dropout[0][0]']          
                                                                                                  
==================================================================================================
Total params: 119171 (465.51 KB)
Trainable params: 118786 (464.01 KB)
Non-trainable params: 385 (1.50 KB)
__________________________________________________________________________________________________
None
Writing results to result_multi_seed_precision_aware/seed14/02
Curriculum: set focal gamma = 0.0000 (epoch 1)
Epoch 1/60
2025-09-18 21:46:15.479572: I tensorflow/compiler/xla/stream_executor/cuda/cuda_dnn.cc:432] Loaded cuDNN version 8600
2025-09-18 21:46:15.617197: I tensorflow/tsl/platform/default/subprocess.cc:304] Start cannot spawn child process: No such file or directory
2025-09-18 21:46:15.992714: I tensorflow/compiler/xla/stream_executor/cuda/cuda_blas.cc:606] TensorFloat-32 will be used for the matrix multiplication. This will only be logged once.
2025-09-18 21:46:16.739248: I tensorflow/compiler/xla/service/service.cc:168] XLA service 0x616a26c87750 initialized for platform CUDA (this does not guarantee that XLA will be used). Devices:
2025-09-18 21:46:16.739315: I tensorflow/compiler/xla/service/service.cc:176]   StreamExecutor device (0): NVIDIA GeForce RTX 4070 SUPER, Compute Capability 8.9
2025-09-18 21:46:16.743770: I tensorflow/compiler/mlir/tensorflow/utils/dump_mlir_util.cc:255] disabling MLIR crash reproducer, set env var `MLIR_CRASH_REPRODUCER_DIRECTORY` to enable.
2025-09-18 21:46:16.826380: I tensorflow/tsl/platform/default/subprocess.cc:304] Start cannot spawn child process: No such file or directory
2025-09-18 21:46:16.878482: I ./tensorflow/compiler/jit/device_compiler.h:186] Compiled cluster using XLA!  This line is logged at most once for the lifetime of the process.
WARNING:tensorflow:Can save best model only with val_precision_aware available, skipping.
WARNING:tensorflow:Early stopping conditioned on metric `val_precision_aware` which is not available. Available metrics are: loss,auc,val_loss,val_auc
56/56 - 12s - loss: 0.3074 - auc: 0.5405 - val_loss: 0.3276 - val_auc: 0.5741 - val_auc_custom: 0.5691 - val_f1_custom: 0.0000e+00 - val_recall_custom: 0.0000e+00 - val_composite: 0.1138 - val_precision_aware: 0.1138 - 12s/epoch - 215ms/step
Curriculum: set focal gamma = 0.0526 (epoch 2)
Epoch 2/60
WARNING:tensorflow:Can save best model only with val_precision_aware available, skipping.
WARNING:tensorflow:Early stopping conditioned on metric `val_precision_aware` which is not available. Available metrics are: loss,auc,val_loss,val_auc
56/56 - 2s - loss: 0.2883 - auc: 0.6052 - val_loss: 0.3096 - val_auc: 0.5784 - val_auc_custom: 0.5728 - val_f1_custom: 0.0000e+00 - val_recall_custom: 0.0000e+00 - val_composite: 0.1146 - val_precision_aware: 0.1146 - 2s/epoch - 40ms/step
Curriculum: set focal gamma = 0.1053 (epoch 3)
Epoch 3/60
WARNING:tensorflow:Can save best model only with val_precision_aware available, skipping.
WARNING:tensorflow:Early stopping conditioned on metric `val_precision_aware` which is not available. Available metrics are: loss,auc,val_loss,val_auc
56/56 - 3s - loss: 0.2744 - auc: 0.6264 - val_loss: 0.2971 - val_auc: 0.5836 - val_auc_custom: 0.5844 - val_f1_custom: 0.1034 - val_recall_custom: 0.0566 - val_composite: 0.1762 - val_precision_aware: 0.4479 - 3s/epoch - 50ms/step
Curriculum: set focal gamma = 0.1579 (epoch 4)
Epoch 4/60
WARNING:tensorflow:Can save best model only with val_precision_aware available, skipping.
WARNING:tensorflow:Early stopping conditioned on metric `val_precision_aware` which is not available. Available metrics are: loss,auc,val_loss,val_auc
56/56 - 2s - loss: 0.2614 - auc: 0.6394 - val_loss: 0.2846 - val_auc: 0.5999 - val_auc_custom: 0.6013 - val_f1_custom: 0.1311 - val_recall_custom: 0.0755 - val_composite: 0.1973 - val_precision_aware: 0.4096 - 2s/epoch - 39ms/step
Curriculum: set focal gamma = 0.2105 (epoch 5)
Epoch 5/60
WARNING:tensorflow:Can save best model only with val_precision_aware available, skipping.
WARNING:tensorflow:Early stopping conditioned on metric `val_precision_aware` which is not available. Available metrics are: loss,auc,val_loss,val_auc
56/56 - 3s - loss: 0.2520 - auc: 0.6401 - val_loss: 0.2737 - val_auc: 0.6107 - val_auc_custom: 0.6113 - val_f1_custom: 0.2188 - val_recall_custom: 0.1321 - val_composite: 0.2539 - val_precision_aware: 0.5061 - 3s/epoch - 47ms/step
Curriculum: set focal gamma = 0.2632 (epoch 6)
Epoch 6/60
WARNING:tensorflow:Can save best model only with val_precision_aware available, skipping.
WARNING:tensorflow:Early stopping conditioned on metric `val_precision_aware` which is not available. Available metrics are: loss,auc,val_loss,val_auc
56/56 - 3s - loss: 0.2387 - auc: 0.6629 - val_loss: 0.2626 - val_auc: 0.6150 - val_auc_custom: 0.6151 - val_f1_custom: 0.2462 - val_recall_custom: 0.1509 - val_composite: 0.2723 - val_precision_aware: 0.5302 - 3s/epoch - 51ms/step
Curriculum: set focal gamma = 0.3158 (epoch 7)
Epoch 7/60
WARNING:tensorflow:Can save best model only with val_precision_aware available, skipping.
WARNING:tensorflow:Early stopping conditioned on metric `val_precision_aware` which is not available. Available metrics are: loss,auc,val_loss,val_auc
56/56 - 3s - loss: 0.2302 - auc: 0.6618 - val_loss: 0.2512 - val_auc: 0.6206 - val_auc_custom: 0.6191 - val_f1_custom: 0.2647 - val_recall_custom: 0.1698 - val_composite: 0.2881 - val_precision_aware: 0.5032 - 3s/epoch - 53ms/step
Curriculum: set focal gamma = 0.3684 (epoch 8)
Epoch 8/60
WARNING:tensorflow:Can save best model only with val_precision_aware available, skipping.
WARNING:tensorflow:Early stopping conditioned on metric `val_precision_aware` which is not available. Available metrics are: loss,auc,val_loss,val_auc
56/56 - 2s - loss: 0.2179 - auc: 0.6858 - val_loss: 0.2414 - val_auc: 0.6278 - val_auc_custom: 0.6272 - val_f1_custom: 0.2899 - val_recall_custom: 0.1887 - val_composite: 0.3067 - val_precision_aware: 0.5249 - 2s/epoch - 43ms/step
Curriculum: set focal gamma = 0.4211 (epoch 9)
Epoch 9/60
WARNING:tensorflow:Can save best model only with val_precision_aware available, skipping.
WARNING:tensorflow:Early stopping conditioned on metric `val_precision_aware` which is not available. Available metrics are: loss,auc,val_loss,val_auc
56/56 - 3s - loss: 0.2070 - auc: 0.7054 - val_loss: 0.2332 - val_auc: 0.6277 - val_auc_custom: 0.6274 - val_f1_custom: 0.3846 - val_recall_custom: 0.2830 - val_composite: 0.3824 - val_precision_aware: 0.5409 - 3s/epoch - 51ms/step
Curriculum: set focal gamma = 0.4737 (epoch 10)
Epoch 10/60
WARNING:tensorflow:Can save best model only with val_precision_aware available, skipping.
WARNING:tensorflow:Early stopping conditioned on metric `val_precision_aware` which is not available. Available metrics are: loss,auc,val_loss,val_auc
56/56 - 3s - loss: 0.1993 - auc: 0.7105 - val_loss: 0.2226 - val_auc: 0.6421 - val_auc_custom: 0.6420 - val_f1_custom: 0.3797 - val_recall_custom: 0.2830 - val_composite: 0.3838 - val_precision_aware: 0.5308 - 3s/epoch - 45ms/step
Curriculum: set focal gamma = 0.5263 (epoch 11)
Epoch 11/60
WARNING:tensorflow:Can save best model only with val_precision_aware available, skipping.
WARNING:tensorflow:Early stopping conditioned on metric `val_precision_aware` which is not available. Available metrics are: loss,auc,val_loss,val_auc
56/56 - 3s - loss: 0.1902 - auc: 0.7188 - val_loss: 0.2097 - val_auc: 0.6746 - val_auc_custom: 0.6745 - val_f1_custom: 0.3733 - val_recall_custom: 0.2642 - val_composite: 0.3790 - val_precision_aware: 0.5651 - 3s/epoch - 50ms/step
Curriculum: set focal gamma = 0.5789 (epoch 12)
Epoch 12/60
WARNING:tensorflow:Can save best model only with val_precision_aware available, skipping.
WARNING:tensorflow:Early stopping conditioned on metric `val_precision_aware` which is not available. Available metrics are: loss,auc,val_loss,val_auc
56/56 - 3s - loss: 0.1811 - auc: 0.7315 - val_loss: 0.1993 - val_auc: 0.6980 - val_auc_custom: 0.6999 - val_f1_custom: 0.3896 - val_recall_custom: 0.2830 - val_composite: 0.3984 - val_precision_aware: 0.5694 - 3s/epoch - 50ms/step
Curriculum: set focal gamma = 0.6316 (epoch 13)
Epoch 13/60
WARNING:tensorflow:Can save best model only with val_precision_aware available, skipping.
WARNING:tensorflow:Early stopping conditioned on metric `val_precision_aware` which is not available. Available metrics are: loss,auc,val_loss,val_auc
56/56 - 3s - loss: 0.1706 - auc: 0.7520 - val_loss: 0.1937 - val_auc: 0.7011 - val_auc_custom: 0.7001 - val_f1_custom: 0.4598 - val_recall_custom: 0.3774 - val_composite: 0.4666 - val_precision_aware: 0.5721 - 3s/epoch - 51ms/step
Curriculum: set focal gamma = 0.6842 (epoch 14)
Epoch 14/60
WARNING:tensorflow:Can save best model only with val_precision_aware available, skipping.
WARNING:tensorflow:Early stopping conditioned on metric `val_precision_aware` which is not available. Available metrics are: loss,auc,val_loss,val_auc
56/56 - 3s - loss: 0.1627 - auc: 0.7599 - val_loss: 0.1839 - val_auc: 0.7062 - val_auc_custom: 0.7057 - val_f1_custom: 0.4250 - val_recall_custom: 0.3208 - val_composite: 0.4290 - val_precision_aware: 0.5834 - 3s/epoch - 48ms/step
Curriculum: set focal gamma = 0.7368 (epoch 15)
Epoch 15/60
WARNING:tensorflow:Can save best model only with val_precision_aware available, skipping.
WARNING:tensorflow:Early stopping conditioned on metric `val_precision_aware` which is not available. Available metrics are: loss,auc,val_loss,val_auc
56/56 - 3s - loss: 0.1524 - auc: 0.7783 - val_loss: 0.1775 - val_auc: 0.7106 - val_auc_custom: 0.7107 - val_f1_custom: 0.4198 - val_recall_custom: 0.3208 - val_composite: 0.4284 - val_precision_aware: 0.5716 - 3s/epoch - 46ms/step
Curriculum: set focal gamma = 0.7895 (epoch 16)
Epoch 16/60
WARNING:tensorflow:Can save best model only with val_precision_aware available, skipping.
WARNING:tensorflow:Early stopping conditioned on metric `val_precision_aware` which is not available. Available metrics are: loss,auc,val_loss,val_auc
56/56 - 3s - loss: 0.1486 - auc: 0.7692 - val_loss: 0.1709 - val_auc: 0.7165 - val_auc_custom: 0.7182 - val_f1_custom: 0.5474 - val_recall_custom: 0.4906 - val_composite: 0.5531 - val_precision_aware: 0.6174 - 3s/epoch - 49ms/step
Curriculum: set focal gamma = 0.8421 (epoch 17)
Epoch 17/60
WARNING:tensorflow:Can save best model only with val_precision_aware available, skipping.
WARNING:tensorflow:Early stopping conditioned on metric `val_precision_aware` which is not available. Available metrics are: loss,auc,val_loss,val_auc
56/56 - 3s - loss: 0.1398 - auc: 0.7837 - val_loss: 0.1600 - val_auc: 0.7433 - val_auc_custom: 0.7436 - val_f1_custom: 0.5217 - val_recall_custom: 0.4528 - val_composite: 0.5317 - val_precision_aware: 0.6129 - 3s/epoch - 55ms/step
Curriculum: set focal gamma = 0.8947 (epoch 18)
Epoch 18/60
WARNING:tensorflow:Can save best model only with val_precision_aware available, skipping.
WARNING:tensorflow:Early stopping conditioned on metric `val_precision_aware` which is not available. Available metrics are: loss,auc,val_loss,val_auc
56/56 - 3s - loss: 0.1292 - auc: 0.8104 - val_loss: 0.1518 - val_auc: 0.7541 - val_auc_custom: 0.7567 - val_f1_custom: 0.5111 - val_recall_custom: 0.4340 - val_composite: 0.5217 - val_precision_aware: 0.6155 - 3s/epoch - 55ms/step
Curriculum: set focal gamma = 0.9474 (epoch 19)
Epoch 19/60
WARNING:tensorflow:Can save best model only with val_precision_aware available, skipping.
WARNING:tensorflow:Early stopping conditioned on metric `val_precision_aware` which is not available. Available metrics are: loss,auc,val_loss,val_auc
56/56 - 3s - loss: 0.1278 - auc: 0.7967 - val_loss: 0.1450 - val_auc: 0.7674 - val_auc_custom: 0.7675 - val_f1_custom: 0.4944 - val_recall_custom: 0.4151 - val_composite: 0.5094 - val_precision_aware: 0.6074 - 3s/epoch - 45ms/step
Curriculum: set focal gamma = 1.0000 (epoch 20)
Epoch 20/60
WARNING:tensorflow:Can save best model only with val_precision_aware available, skipping.
WARNING:tensorflow:Early stopping conditioned on metric `val_precision_aware` which is not available. Available metrics are: loss,auc,val_loss,val_auc
56/56 - 3s - loss: 0.1156 - auc: 0.8286 - val_loss: 0.1431 - val_auc: 0.7558 - val_auc_custom: 0.7557 - val_f1_custom: 0.5532 - val_recall_custom: 0.4906 - val_composite: 0.5624 - val_precision_aware: 0.6342 - 3s/epoch - 48ms/step
Curriculum: set focal gamma = 1.0000 (epoch 21)
Epoch 21/60
WARNING:tensorflow:Can save best model only with val_precision_aware available, skipping.
WARNING:tensorflow:Early stopping conditioned on metric `val_precision_aware` which is not available. Available metrics are: loss,auc,val_loss,val_auc
56/56 - 3s - loss: 0.1132 - auc: 0.8379 - val_loss: 0.1401 - val_auc: 0.7704 - val_auc_custom: 0.7713 - val_f1_custom: 0.5957 - val_recall_custom: 0.5283 - val_composite: 0.5971 - val_precision_aware: 0.6745 - 3s/epoch - 52ms/step
Curriculum: set focal gamma = 1.0000 (epoch 22)
Epoch 22/60
WARNING:tensorflow:Can save best model only with val_precision_aware available, skipping.
WARNING:tensorflow:Early stopping conditioned on metric `val_precision_aware` which is not available. Available metrics are: loss,auc,val_loss,val_auc
56/56 - 3s - loss: 0.1149 - auc: 0.8289 - val_loss: 0.1415 - val_auc: 0.7662 - val_auc_custom: 0.7663 - val_f1_custom: 0.5591 - val_recall_custom: 0.4906 - val_composite: 0.5663 - val_precision_aware: 0.6460 - 3s/epoch - 53ms/step
Curriculum: set focal gamma = 1.0000 (epoch 23)
Epoch 23/60
WARNING:tensorflow:Can save best model only with val_precision_aware available, skipping.
WARNING:tensorflow:Early stopping conditioned on metric `val_precision_aware` which is not available. Available metrics are: loss,auc,val_loss,val_auc
56/56 - 3s - loss: 0.1148 - auc: 0.8290 - val_loss: 0.1431 - val_auc: 0.7687 - val_auc_custom: 0.7691 - val_f1_custom: 0.5714 - val_recall_custom: 0.5283 - val_composite: 0.5894 - val_precision_aware: 0.6364 - 3s/epoch - 49ms/step
Curriculum: set focal gamma = 1.0000 (epoch 24)
Epoch 24/60
WARNING:tensorflow:Can save best model only with val_precision_aware available, skipping.
WARNING:tensorflow:Early stopping conditioned on metric `val_precision_aware` which is not available. Available metrics are: loss,auc,val_loss,val_auc
56/56 - 3s - loss: 0.1142 - auc: 0.8315 - val_loss: 0.1412 - val_auc: 0.7864 - val_auc_custom: 0.7854 - val_f1_custom: 0.5057 - val_recall_custom: 0.4151 - val_composite: 0.5164 - val_precision_aware: 0.6323 - 3s/epoch - 51ms/step
Curriculum: set focal gamma = 1.0000 (epoch 25)
Epoch 25/60
WARNING:tensorflow:Can save best model only with val_precision_aware available, skipping.
WARNING:tensorflow:Early stopping conditioned on metric `val_precision_aware` which is not available. Available metrics are: loss,auc,val_loss,val_auc
56/56 - 3s - loss: 0.1120 - auc: 0.8394 - val_loss: 0.1645 - val_auc: 0.7478 - val_auc_custom: 0.7482 - val_f1_custom: 0.6667 - val_recall_custom: 0.7925 - val_composite: 0.7459 - val_precision_aware: 0.6373 - 3s/epoch - 50ms/step
Curriculum: set focal gamma = 1.0000 (epoch 26)
Epoch 26/60
WARNING:tensorflow:Can save best model only with val_precision_aware available, skipping.
WARNING:tensorflow:Early stopping conditioned on metric `val_precision_aware` which is not available. Available metrics are: loss,auc,val_loss,val_auc
56/56 - 3s - loss: 0.1127 - auc: 0.8376 - val_loss: 0.1332 - val_auc: 0.8047 - val_auc_custom: 0.8060 - val_f1_custom: 0.5618 - val_recall_custom: 0.4717 - val_composite: 0.5656 - val_precision_aware: 0.6770 - 3s/epoch - 57ms/step
Curriculum: set focal gamma = 1.0000 (epoch 27)
Epoch 27/60
WARNING:tensorflow:Can save best model only with val_precision_aware available, skipping.
WARNING:tensorflow:Early stopping conditioned on metric `val_precision_aware` which is not available. Available metrics are: loss,auc,val_loss,val_auc
56/56 - 3s - loss: 0.1063 - auc: 0.8601 - val_loss: 0.1396 - val_auc: 0.7833 - val_auc_custom: 0.7831 - val_f1_custom: 0.5957 - val_recall_custom: 0.5283 - val_composite: 0.5995 - val_precision_aware: 0.6768 - 3s/epoch - 52ms/step
Curriculum: set focal gamma = 1.0000 (epoch 28)
Epoch 28/60
WARNING:tensorflow:Can save best model only with val_precision_aware available, skipping.
WARNING:tensorflow:Early stopping conditioned on metric `val_precision_aware` which is not available. Available metrics are: loss,auc,val_loss,val_auc
56/56 - 3s - loss: 0.1007 - auc: 0.8767 - val_loss: 0.1441 - val_auc: 0.7777 - val_auc_custom: 0.7776 - val_f1_custom: 0.6154 - val_recall_custom: 0.6038 - val_composite: 0.6420 - val_precision_aware: 0.6539 - 3s/epoch - 54ms/step
Curriculum: set focal gamma = 1.0000 (epoch 29)
Epoch 29/60
WARNING:tensorflow:Can save best model only with val_precision_aware available, skipping.
WARNING:tensorflow:Early stopping conditioned on metric `val_precision_aware` which is not available. Available metrics are: loss,auc,val_loss,val_auc
56/56 - 3s - loss: 0.0976 - auc: 0.8836 - val_loss: 0.1516 - val_auc: 0.7644 - val_auc_custom: 0.7645 - val_f1_custom: 0.5825 - val_recall_custom: 0.5660 - val_composite: 0.6107 - val_precision_aware: 0.6277 - 3s/epoch - 52ms/step
Curriculum: set focal gamma = 1.0000 (epoch 30)
Epoch 30/60
WARNING:tensorflow:Can save best model only with val_precision_aware available, skipping.
WARNING:tensorflow:Early stopping conditioned on metric `val_precision_aware` which is not available. Available metrics are: loss,auc,val_loss,val_auc
56/56 - 3s - loss: 0.0990 - auc: 0.8799 - val_loss: 0.1506 - val_auc: 0.7828 - val_auc_custom: 0.7824 - val_f1_custom: 0.6087 - val_recall_custom: 0.5283 - val_composite: 0.6032 - val_precision_aware: 0.6981 - 3s/epoch - 45ms/step
Curriculum: set focal gamma = 1.0000 (epoch 31)
Epoch 31/60
WARNING:tensorflow:Can save best model only with val_precision_aware available, skipping.
WARNING:tensorflow:Early stopping conditioned on metric `val_precision_aware` which is not available. Available metrics are: loss,auc,val_loss,val_auc
56/56 - 3s - loss: 0.1051 - auc: 0.8649 - val_loss: 0.1551 - val_auc: 0.7657 - val_auc_custom: 0.7658 - val_f1_custom: 0.6038 - val_recall_custom: 0.6038 - val_composite: 0.6362 - val_precision_aware: 0.6362 - 3s/epoch - 58ms/step
Curriculum: set focal gamma = 1.0000 (epoch 32)
Epoch 32/60
WARNING:tensorflow:Can save best model only with val_precision_aware available, skipping.
WARNING:tensorflow:Early stopping conditioned on metric `val_precision_aware` which is not available. Available metrics are: loss,auc,val_loss,val_auc
56/56 - 3s - loss: 0.1032 - auc: 0.8672 - val_loss: 0.1453 - val_auc: 0.7810 - val_auc_custom: 0.7819 - val_f1_custom: 0.5625 - val_recall_custom: 0.5094 - val_composite: 0.5798 - val_precision_aware: 0.6391 - 3s/epoch - 47ms/step
Curriculum: set focal gamma = 1.0000 (epoch 33)
Epoch 33/60
WARNING:tensorflow:Can save best model only with val_precision_aware available, skipping.
WARNING:tensorflow:Early stopping conditioned on metric `val_precision_aware` which is not available. Available metrics are: loss,auc,val_loss,val_auc
56/56 - 3s - loss: 0.1007 - auc: 0.8751 - val_loss: 0.1552 - val_auc: 0.7486 - val_auc_custom: 0.7482 - val_f1_custom: 0.6168 - val_recall_custom: 0.6226 - val_composite: 0.6460 - val_precision_aware: 0.6402 - 3s/epoch - 50ms/step
Curriculum: set focal gamma = 1.0000 (epoch 34)
Epoch 34/60
WARNING:tensorflow:Can save best model only with val_precision_aware available, skipping.
WARNING:tensorflow:Early stopping conditioned on metric `val_precision_aware` which is not available. Available metrics are: loss,auc,val_loss,val_auc
56/56 - 3s - loss: 0.0977 - auc: 0.8841 - val_loss: 0.1523 - val_auc: 0.7747 - val_auc_custom: 0.7753 - val_f1_custom: 0.4819 - val_recall_custom: 0.3774 - val_composite: 0.4883 - val_precision_aware: 0.6330 - 3s/epoch - 51ms/step
Curriculum: set focal gamma = 1.0000 (epoch 35)
Epoch 35/60
WARNING:tensorflow:Can save best model only with val_precision_aware available, skipping.
WARNING:tensorflow:Early stopping conditioned on metric `val_precision_aware` which is not available. Available metrics are: loss,auc,val_loss,val_auc
56/56 - 3s - loss: 0.1017 - auc: 0.8733 - val_loss: 0.1520 - val_auc: 0.7639 - val_auc_custom: 0.7640 - val_f1_custom: 0.6226 - val_recall_custom: 0.6226 - val_composite: 0.6509 - val_precision_aware: 0.6509 - 3s/epoch - 53ms/step
Curriculum: set focal gamma = 1.0000 (epoch 36)
Epoch 36/60
WARNING:tensorflow:Can save best model only with val_precision_aware available, skipping.
WARNING:tensorflow:Early stopping conditioned on metric `val_precision_aware` which is not available. Available metrics are: loss,auc,val_loss,val_auc
56/56 - 3s - loss: 0.0974 - auc: 0.8807 - val_loss: 0.1517 - val_auc: 0.7657 - val_auc_custom: 0.7655 - val_f1_custom: 0.5941 - val_recall_custom: 0.5660 - val_composite: 0.6143 - val_precision_aware: 0.6438 - 3s/epoch - 53ms/step
Curriculum: set focal gamma = 1.0000 (epoch 37)
Epoch 37/60
WARNING:tensorflow:Can save best model only with val_precision_aware available, skipping.
WARNING:tensorflow:Early stopping conditioned on metric `val_precision_aware` which is not available. Available metrics are: loss,auc,val_loss,val_auc
56/56 - 3s - loss: 0.0943 - auc: 0.8950 - val_loss: 0.1516 - val_auc: 0.7683 - val_auc_custom: 0.7681 - val_f1_custom: 0.5743 - val_recall_custom: 0.5472 - val_composite: 0.5995 - val_precision_aware: 0.6280 - 3s/epoch - 51ms/step
Curriculum: set focal gamma = 1.0000 (epoch 38)
Epoch 38/60
WARNING:tensorflow:Can save best model only with val_precision_aware available, skipping.
WARNING:tensorflow:Early stopping conditioned on metric `val_precision_aware` which is not available. Available metrics are: loss,auc,val_loss,val_auc
56/56 - 3s - loss: 0.0936 - auc: 0.8934 - val_loss: 0.1704 - val_auc: 0.7449 - val_auc_custom: 0.7442 - val_f1_custom: 0.6387 - val_recall_custom: 0.7170 - val_composite: 0.6989 - val_precision_aware: 0.6283 - 3s/epoch - 54ms/step
Curriculum: set focal gamma = 1.0000 (epoch 39)
Epoch 39/60
WARNING:tensorflow:Can save best model only with val_precision_aware available, skipping.
WARNING:tensorflow:Early stopping conditioned on metric `val_precision_aware` which is not available. Available metrics are: loss,auc,val_loss,val_auc
56/56 - 3s - loss: 0.0871 - auc: 0.9117 - val_loss: 0.1550 - val_auc: 0.7698 - val_auc_custom: 0.7688 - val_f1_custom: 0.5941 - val_recall_custom: 0.5660 - val_composite: 0.6150 - val_precision_aware: 0.6445 - 3s/epoch - 49ms/step
Curriculum: set focal gamma = 1.0000 (epoch 40)
Epoch 40/60
WARNING:tensorflow:Can save best model only with val_precision_aware available, skipping.
WARNING:tensorflow:Early stopping conditioned on metric `val_precision_aware` which is not available. Available metrics are: loss,auc,val_loss,val_auc
56/56 - 3s - loss: 0.0873 - auc: 0.9095 - val_loss: 0.1516 - val_auc: 0.7831 - val_auc_custom: 0.7829 - val_f1_custom: 0.6139 - val_recall_custom: 0.5849 - val_composite: 0.6332 - val_precision_aware: 0.6637 - 3s/epoch - 50ms/step
Curriculum: set focal gamma = 1.0000 (epoch 41)
Epoch 41/60
WARNING:tensorflow:Can save best model only with val_precision_aware available, skipping.
WARNING:tensorflow:Early stopping conditioned on metric `val_precision_aware` which is not available. Available metrics are: loss,auc,val_loss,val_auc
56/56 - 3s - loss: 0.0910 - auc: 0.9006 - val_loss: 0.1540 - val_auc: 0.7790 - val_auc_custom: 0.7796 - val_f1_custom: 0.5652 - val_recall_custom: 0.4906 - val_composite: 0.5708 - val_precision_aware: 0.6588 - 3s/epoch - 51ms/step
Curriculum: set focal gamma = 1.0000 (epoch 42)
Epoch 42/60
WARNING:tensorflow:Can save best model only with val_precision_aware available, skipping.
WARNING:tensorflow:Early stopping conditioned on metric `val_precision_aware` which is not available. Available metrics are: loss,auc,val_loss,val_auc
56/56 - 2s - loss: 0.0905 - auc: 0.9007 - val_loss: 0.1641 - val_auc: 0.7704 - val_auc_custom: 0.7711 - val_f1_custom: 0.5625 - val_recall_custom: 0.5094 - val_composite: 0.5777 - val_precision_aware: 0.6369 - 2s/epoch - 34ms/step
Curriculum: set focal gamma = 1.0000 (epoch 43)
Epoch 43/60
WARNING:tensorflow:Can save best model only with val_precision_aware available, skipping.
WARNING:tensorflow:Early stopping conditioned on metric `val_precision_aware` which is not available. Available metrics are: loss,auc,val_loss,val_auc
56/56 - 3s - loss: 0.0877 - auc: 0.9089 - val_loss: 0.1514 - val_auc: 0.7785 - val_auc_custom: 0.7789 - val_f1_custom: 0.6122 - val_recall_custom: 0.5660 - val_composite: 0.6225 - val_precision_aware: 0.6728 - 3s/epoch - 51ms/step
Curriculum: set focal gamma = 1.0000 (epoch 44)
Epoch 44/60
WARNING:tensorflow:Can save best model only with val_precision_aware available, skipping.
WARNING:tensorflow:Early stopping conditioned on metric `val_precision_aware` which is not available. Available metrics are: loss,auc,val_loss,val_auc
56/56 - 3s - loss: 0.0852 - auc: 0.9150 - val_loss: 0.1823 - val_auc: 0.7458 - val_auc_custom: 0.7452 - val_f1_custom: 0.6167 - val_recall_custom: 0.6981 - val_composite: 0.6831 - val_precision_aware: 0.6102 - 3s/epoch - 50ms/step
Curriculum: set focal gamma = 1.0000 (epoch 45)
Epoch 45/60
WARNING:tensorflow:Can save best model only with val_precision_aware available, skipping.
WARNING:tensorflow:Early stopping conditioned on metric `val_precision_aware` which is not available. Available metrics are: loss,auc,val_loss,val_auc
56/56 - 3s - loss: 0.0872 - auc: 0.9100 - val_loss: 0.1759 - val_auc: 0.7545 - val_auc_custom: 0.7545 - val_f1_custom: 0.6387 - val_recall_custom: 0.7170 - val_composite: 0.7010 - val_precision_aware: 0.6304 - 3s/epoch - 52ms/step
Curriculum: set focal gamma = 1.0000 (epoch 46)
Epoch 46/60
WARNING:tensorflow:Can save best model only with val_precision_aware available, skipping.
WARNING:tensorflow:Early stopping conditioned on metric `val_precision_aware` which is not available. Available metrics are: loss,auc,val_loss,val_auc
56/56 - 3s - loss: 0.0836 - auc: 0.9194 - val_loss: 0.1535 - val_auc: 0.7881 - val_auc_custom: 0.7887 - val_f1_custom: 0.5909 - val_recall_custom: 0.4906 - val_composite: 0.5803 - val_precision_aware: 0.7064 - 3s/epoch - 49ms/step
Curriculum: set focal gamma = 1.0000 (epoch 47)
Epoch 47/60
WARNING:tensorflow:Can save best model only with val_precision_aware available, skipping.
WARNING:tensorflow:Early stopping conditioned on metric `val_precision_aware` which is not available. Available metrics are: loss,auc,val_loss,val_auc
56/56 - 3s - loss: 0.0846 - auc: 0.9155 - val_loss: 0.1644 - val_auc: 0.7776 - val_auc_custom: 0.7774 - val_f1_custom: 0.6481 - val_recall_custom: 0.6604 - val_composite: 0.6801 - val_precision_aware: 0.6681 - 3s/epoch - 51ms/step
Curriculum: set focal gamma = 1.0000 (epoch 48)
Epoch 48/60
WARNING:tensorflow:Can save best model only with val_precision_aware available, skipping.
WARNING:tensorflow:Early stopping conditioned on metric `val_precision_aware` which is not available. Available metrics are: loss,auc,val_loss,val_auc
56/56 - 3s - loss: 0.0845 - auc: 0.9147 - val_loss: 0.1539 - val_auc: 0.7859 - val_auc_custom: 0.7854 - val_f1_custom: 0.5556 - val_recall_custom: 0.4717 - val_composite: 0.5596 - val_precision_aware: 0.6616 - 3s/epoch - 54ms/step
Curriculum: set focal gamma = 1.0000 (epoch 49)
Epoch 49/60
WARNING:tensorflow:Can save best model only with val_precision_aware available, skipping.
WARNING:tensorflow:Early stopping conditioned on metric `val_precision_aware` which is not available. Available metrics are: loss,auc,val_loss,val_auc
56/56 - 3s - loss: 0.0808 - auc: 0.9236 - val_loss: 0.1565 - val_auc: 0.7886 - val_auc_custom: 0.7884 - val_f1_custom: 0.6346 - val_recall_custom: 0.6226 - val_composite: 0.6594 - val_precision_aware: 0.6716 - 3s/epoch - 47ms/step
Curriculum: set focal gamma = 1.0000 (epoch 50)
Epoch 50/60
WARNING:tensorflow:Can save best model only with val_precision_aware available, skipping.
WARNING:tensorflow:Early stopping conditioned on metric `val_precision_aware` which is not available. Available metrics are: loss,auc,val_loss,val_auc
56/56 - 2s - loss: 0.0790 - auc: 0.9269 - val_loss: 0.1720 - val_auc: 0.7745 - val_auc_custom: 0.7743 - val_f1_custom: 0.6549 - val_recall_custom: 0.6981 - val_composite: 0.7004 - val_precision_aware: 0.6597 - 2s/epoch - 40ms/step
Curriculum: set focal gamma = 1.0000 (epoch 51)
Epoch 51/60
WARNING:tensorflow:Can save best model only with val_precision_aware available, skipping.
WARNING:tensorflow:Early stopping conditioned on metric `val_precision_aware` which is not available. Available metrics are: loss,auc,val_loss,val_auc
56/56 - 2s - loss: 0.0708 - auc: 0.9442 - val_loss: 0.1666 - val_auc: 0.7844 - val_auc_custom: 0.7844 - val_f1_custom: 0.5652 - val_recall_custom: 0.4906 - val_composite: 0.5717 - val_precision_aware: 0.6598 - 2s/epoch - 39ms/step
Curriculum: set focal gamma = 1.0000 (epoch 52)
Epoch 52/60
WARNING:tensorflow:Can save best model only with val_precision_aware available, skipping.
WARNING:tensorflow:Early stopping conditioned on metric `val_precision_aware` which is not available. Available metrics are: loss,auc,val_loss,val_auc
56/56 - 2s - loss: 0.0746 - auc: 0.9370 - val_loss: 0.2215 - val_auc: 0.7531 - val_auc_custom: 0.7535 - val_f1_custom: 0.6667 - val_recall_custom: 0.8113 - val_composite: 0.7564 - val_precision_aware: 0.6336 - 2s/epoch - 38ms/step
Curriculum: set focal gamma = 1.0000 (epoch 53)
Epoch 53/60
WARNING:tensorflow:Can save best model only with val_precision_aware available, skipping.
WARNING:tensorflow:Early stopping conditioned on metric `val_precision_aware` which is not available. Available metrics are: loss,auc,val_loss,val_auc
56/56 - 2s - loss: 0.0822 - auc: 0.9197 - val_loss: 0.1661 - val_auc: 0.7875 - val_auc_custom: 0.7887 - val_f1_custom: 0.5895 - val_recall_custom: 0.5283 - val_composite: 0.5987 - val_precision_aware: 0.6679 - 2s/epoch - 39ms/step
Curriculum: set focal gamma = 1.0000 (epoch 54)
Epoch 54/60
WARNING:tensorflow:Can save best model only with val_precision_aware available, skipping.
WARNING:tensorflow:Early stopping conditioned on metric `val_precision_aware` which is not available. Available metrics are: loss,auc,val_loss,val_auc
56/56 - 2s - loss: 0.0724 - auc: 0.9389 - val_loss: 0.1716 - val_auc: 0.7770 - val_auc_custom: 0.7776 - val_f1_custom: 0.6239 - val_recall_custom: 0.6415 - val_composite: 0.6634 - val_precision_aware: 0.6462 - 2s/epoch - 31ms/step
Curriculum: set focal gamma = 1.0000 (epoch 55)
Epoch 55/60
WARNING:tensorflow:Can save best model only with val_precision_aware available, skipping.
WARNING:tensorflow:Early stopping conditioned on metric `val_precision_aware` which is not available. Available metrics are: loss,auc,val_loss,val_auc
56/56 - 2s - loss: 0.0739 - auc: 0.9371 - val_loss: 0.1763 - val_auc: 0.7901 - val_auc_custom: 0.7897 - val_f1_custom: 0.6549 - val_recall_custom: 0.6981 - val_composite: 0.7035 - val_precision_aware: 0.6627 - 2s/epoch - 42ms/step
Curriculum: set focal gamma = 1.0000 (epoch 56)
Epoch 56/60
WARNING:tensorflow:Can save best model only with val_precision_aware available, skipping.
WARNING:tensorflow:Early stopping conditioned on metric `val_precision_aware` which is not available. Available metrics are: loss,auc,val_loss,val_auc
56/56 - 2s - loss: 0.0746 - auc: 0.9367 - val_loss: 0.1555 - val_auc: 0.8064 - val_auc_custom: 0.8060 - val_f1_custom: 0.6400 - val_recall_custom: 0.6038 - val_composite: 0.6551 - val_precision_aware: 0.6936 - 2s/epoch - 41ms/step
Curriculum: set focal gamma = 1.0000 (epoch 57)
Epoch 57/60
WARNING:tensorflow:Can save best model only with val_precision_aware available, skipping.
WARNING:tensorflow:Early stopping conditioned on metric `val_precision_aware` which is not available. Available metrics are: loss,auc,val_loss,val_auc
56/56 - 2s - loss: 0.0772 - auc: 0.9307 - val_loss: 0.1731 - val_auc: 0.7791 - val_auc_custom: 0.7794 - val_f1_custom: 0.6476 - val_recall_custom: 0.6415 - val_composite: 0.6709 - val_precision_aware: 0.6771 - 2s/epoch - 38ms/step
Curriculum: set focal gamma = 1.0000 (epoch 58)
Epoch 58/60
WARNING:tensorflow:Can save best model only with val_precision_aware available, skipping.
WARNING:tensorflow:Early stopping conditioned on metric `val_precision_aware` which is not available. Available metrics are: loss,auc,val_loss,val_auc
56/56 - 2s - loss: 0.0770 - auc: 0.9290 - val_loss: 0.1697 - val_auc: 0.8072 - val_auc_custom: 0.8078 - val_f1_custom: 0.5843 - val_recall_custom: 0.4906 - val_composite: 0.5821 - val_precision_aware: 0.6980 - 2s/epoch - 40ms/step
Curriculum: set focal gamma = 1.0000 (epoch 59)
Epoch 59/60
WARNING:tensorflow:Can save best model only with val_precision_aware available, skipping.
WARNING:tensorflow:Early stopping conditioned on metric `val_precision_aware` which is not available. Available metrics are: loss,auc,val_loss,val_auc
56/56 - 2s - loss: 0.0706 - auc: 0.9445 - val_loss: 0.1633 - val_auc: 0.7853 - val_auc_custom: 0.7849 - val_f1_custom: 0.6346 - val_recall_custom: 0.6226 - val_composite: 0.6587 - val_precision_aware: 0.6709 - 2s/epoch - 37ms/step
Curriculum: set focal gamma = 1.0000 (epoch 60)
Epoch 60/60
WARNING:tensorflow:Can save best model only with val_precision_aware available, skipping.
WARNING:tensorflow:Early stopping conditioned on metric `val_precision_aware` which is not available. Available metrics are: loss,auc,val_loss,val_auc
56/56 - 2s - loss: 0.0779 - auc: 0.9306 - val_loss: 0.2028 - val_auc: 0.7611 - val_auc_custom: 0.7615 - val_f1_custom: 0.6557 - val_recall_custom: 0.7547 - val_composite: 0.7264 - val_precision_aware: 0.6389 - 2s/epoch - 42ms/step
Mask config -> mode=soft, threshold=0.6, window_gate=None
Done. Results saved to result_multi_seed_precision_aware/seed14/02
