2025-09-17 08:08:21.408867: I tensorflow/core/util/port.cc:110] oneDNN custom operations are on. You may see slightly different numerical results due to floating-point round-off errors from different computation orders. To turn them off, set the environment variable `TF_ENABLE_ONEDNN_OPTS=0`.
2025-09-17 08:08:21.439248: I tensorflow/core/platform/cpu_feature_guard.cc:182] This TensorFlow binary is optimized to use available CPU instructions in performance-critical operations.
To enable the following instructions: AVX2 AVX_VNNI FMA, in other operations, rebuild TensorFlow with the appropriate compiler flags.
2025-09-17 08:08:21.849527: W tensorflow/compiler/tf2tensorrt/utils/py_utils.cc:38] TF-TRT Warning: Could not find TensorRT
2025-09-17 08:08:22.258400: I tensorflow/compiler/xla/stream_executor/cuda/cuda_gpu_executor.cc:981] could not open file to read NUMA node: /sys/bus/pci/devices/0000:01:00.0/numa_node
Your kernel may have been built without NUMA support.
2025-09-17 08:08:22.277510: I tensorflow/compiler/xla/stream_executor/cuda/cuda_gpu_executor.cc:981] could not open file to read NUMA node: /sys/bus/pci/devices/0000:01:00.0/numa_node
Your kernel may have been built without NUMA support.
2025-09-17 08:08:22.277608: I tensorflow/compiler/xla/stream_executor/cuda/cuda_gpu_executor.cc:981] could not open file to read NUMA node: /sys/bus/pci/devices/0000:01:00.0/numa_node
Your kernel may have been built without NUMA support.
2025-09-17 08:08:22.278619: I tensorflow/compiler/xla/stream_executor/cuda/cuda_gpu_executor.cc:981] could not open file to read NUMA node: /sys/bus/pci/devices/0000:01:00.0/numa_node
Your kernel may have been built without NUMA support.
2025-09-17 08:08:22.278690: I tensorflow/compiler/xla/stream_executor/cuda/cuda_gpu_executor.cc:981] could not open file to read NUMA node: /sys/bus/pci/devices/0000:01:00.0/numa_node
Your kernel may have been built without NUMA support.
2025-09-17 08:08:22.278711: I tensorflow/compiler/xla/stream_executor/cuda/cuda_gpu_executor.cc:981] could not open file to read NUMA node: /sys/bus/pci/devices/0000:01:00.0/numa_node
Your kernel may have been built without NUMA support.
2025-09-17 08:08:22.373986: I tensorflow/compiler/xla/stream_executor/cuda/cuda_gpu_executor.cc:981] could not open file to read NUMA node: /sys/bus/pci/devices/0000:01:00.0/numa_node
Your kernel may have been built without NUMA support.
2025-09-17 08:08:22.374104: I tensorflow/compiler/xla/stream_executor/cuda/cuda_gpu_executor.cc:981] could not open file to read NUMA node: /sys/bus/pci/devices/0000:01:00.0/numa_node
Your kernel may have been built without NUMA support.
2025-09-17 08:08:22.374113: I tensorflow/core/common_runtime/gpu/gpu_device.cc:1726] Could not identify NUMA node of platform GPU id 0, defaulting to 0.  Your kernel may not have been built with NUMA support.
2025-09-17 08:08:22.374137: I tensorflow/compiler/xla/stream_executor/cuda/cuda_gpu_executor.cc:981] could not open file to read NUMA node: /sys/bus/pci/devices/0000:01:00.0/numa_node
Your kernel may have been built without NUMA support.
2025-09-17 08:08:22.374159: I tensorflow/core/common_runtime/gpu/gpu_device.cc:1639] Created device /job:localhost/replica:0/task:0/device:GPU:0 with 9517 MB memory:  -> device: 0, name: NVIDIA GeForce RTX 4070 SUPER, pci bus id: 0000:01:00.0, compute capability: 8.9
GPU detected: 1 physical, 1 logical -> ['/device:GPU:0']
Config: batch=16, accumulate_steps=8 -> effective_batch=128
Loaded (1276, 36, 75) (1276,)
Using mask channel "occlusion_flag" from long_raw (index 7)
Model: "cnn_bilstm_attn_masked"
__________________________________________________________________________________________________
 Layer (type)                Output Shape                 Param #   Connected to                  
==================================================================================================
 input (InputLayer)          [(None, 36, 75)]             0         []                            
                                                                                                  
 permute_time_features (Per  (None, 75, 36)               0         ['input[0][0]']               
 mute)                                                                                            
                                                                                                  
 conv0 (Conv1D)              (None, 75, 64)               6976      ['permute_time_features[0][0]'
                                                                    ]                             
                                                                                                  
 bn0 (BatchNormalization)    (None, 75, 64)               256       ['conv0[0][0]']               
                                                                                                  
 act0 (Activation)           (None, 75, 64)               0         ['bn0[0][0]']                 
                                                                                                  
 conv_dropout0 (Dropout)     (None, 75, 64)               0         ['act0[0][0]']                
                                                                                                  
 conv1 (Conv1D)              (None, 75, 64)               20544     ['conv_dropout0[0][0]']       
                                                                                                  
 bn1 (BatchNormalization)    (None, 75, 64)               256       ['conv1[0][0]']               
                                                                                                  
 act1 (Activation)           (None, 75, 64)               0         ['bn1[0][0]']                 
                                                                                                  
 conv_dropout1 (Dropout)     (None, 75, 64)               0         ['act1[0][0]']                
                                                                                                  
 conv2 (Conv1D)              (None, 75, 64)               12352     ['conv_dropout1[0][0]']       
                                                                                                  
 bn2 (BatchNormalization)    (None, 75, 64)               256       ['conv2[0][0]']               
                                                                                                  
 act2 (Activation)           (None, 75, 64)               0         ['bn2[0][0]']                 
                                                                                                  
 conv_dropout2 (Dropout)     (None, 75, 64)               0         ['act2[0][0]']                
                                                                                                  
 bilstm (Bidirectional)      (None, 75, 128)              66048     ['conv_dropout2[0][0]']       
                                                                                                  
 mlp_attn_u (Dense)          (None, 75, 32)               4128      ['bilstm[0][0]']              
                                                                                                  
 mlp_attn_score (Dense)      (None, 75, 1)                33        ['mlp_attn_u[0][0]']          
                                                                                                  
 mlp_attn_squeeze (Lambda)   (None, 75)                   0         ['mlp_attn_score[0][0]']      
                                                                                                  
 attn_mask (InputLayer)      [(None, 75)]                 0         []                            
                                                                                                  
 mlp_attn_apply_mask (Lambd  (None, 75)                   0         ['mlp_attn_squeeze[0][0]',    
 a)                                                                  'attn_mask[0][0]']           
                                                                                                  
 mlp_attn_softmax (Lambda)   (None, 75)                   0         ['mlp_attn_apply_mask[0][0]'] 
                                                                                                  
 mlp_attn_expand (Lambda)    (None, 75, 1)                0         ['mlp_attn_softmax[0][0]']    
                                                                                                  
 mlp_attn_weighted (Lambda)  (None, 128)                  0         ['bilstm[0][0]',              
                                                                     'mlp_attn_expand[0][0]']     
                                                                                                  
 fc1 (Dense)                 (None, 64)                   8256      ['mlp_attn_weighted[0][0]']   
                                                                                                  
 fc_dropout (Dropout)        (None, 64)                   0         ['fc1[0][0]']                 
                                                                                                  
 out (Dense)                 (None, 1)                    65        ['fc_dropout[0][0]']          
                                                                                                  
==================================================================================================
Total params: 119171 (465.51 KB)
Trainable params: 118786 (464.01 KB)
Non-trainable params: 385 (1.50 KB)
__________________________________________________________________________________________________
None
Writing results to /home/user/projects/train/model/long_window/CNN_BiLSTM/result_focal_refine/cw02_fg01/01
Curriculum: set focal gamma = 0.0000 (epoch 1)
Epoch 1/70
2025-09-17 08:08:27.030522: I tensorflow/compiler/xla/stream_executor/cuda/cuda_dnn.cc:432] Loaded cuDNN version 8600
2025-09-17 08:08:27.126158: I tensorflow/tsl/platform/default/subprocess.cc:304] Start cannot spawn child process: No such file or directory
2025-09-17 08:08:27.255341: I tensorflow/compiler/xla/stream_executor/cuda/cuda_blas.cc:606] TensorFloat-32 will be used for the matrix multiplication. This will only be logged once.
2025-09-17 08:08:27.574034: I tensorflow/compiler/xla/service/service.cc:168] XLA service 0x5d6eebf0e7e0 initialized for platform CUDA (this does not guarantee that XLA will be used). Devices:
2025-09-17 08:08:27.574086: I tensorflow/compiler/xla/service/service.cc:176]   StreamExecutor device (0): NVIDIA GeForce RTX 4070 SUPER, Compute Capability 8.9
2025-09-17 08:08:27.577270: I tensorflow/compiler/mlir/tensorflow/utils/dump_mlir_util.cc:255] disabling MLIR crash reproducer, set env var `MLIR_CRASH_REPRODUCER_DIRECTORY` to enable.
2025-09-17 08:08:27.629238: I tensorflow/tsl/platform/default/subprocess.cc:304] Start cannot spawn child process: No such file or directory
2025-09-17 08:08:27.665521: I ./tensorflow/compiler/jit/device_compiler.h:186] Compiled cluster using XLA!  This line is logged at most once for the lifetime of the process.
56/56 - 7s - loss: 0.2934 - auc: 0.5322 - val_loss: 0.3105 - val_auc: 0.5633 - val_auc_custom: 0.5635 - val_f1_custom: 0.0000e+00 - val_recall_custom: 0.0000e+00 - 7s/epoch - 124ms/step
Curriculum: set focal gamma = 0.0737 (epoch 2)
Epoch 2/70
56/56 - 1s - loss: 0.2277 - auc: 0.5297 - val_loss: 0.2525 - val_auc: 0.5640 - val_auc_custom: 0.5623 - val_f1_custom: 0.0000e+00 - val_recall_custom: 0.0000e+00 - 1s/epoch - 22ms/step
Curriculum: set focal gamma = 0.1474 (epoch 3)
Epoch 3/70
56/56 - 1s - loss: 0.2022 - auc: 0.5702 - val_loss: 0.2223 - val_auc: 0.5742 - val_auc_custom: 0.5741 - val_f1_custom: 0.0000e+00 - val_recall_custom: 0.0000e+00 - 1s/epoch - 22ms/step
Curriculum: set focal gamma = 0.2211 (epoch 4)
Epoch 4/70
56/56 - 1s - loss: 0.1903 - auc: 0.6269 - val_loss: 0.2101 - val_auc: 0.5742 - val_auc_custom: 0.5743 - val_f1_custom: 0.0000e+00 - val_recall_custom: 0.0000e+00 - 1s/epoch - 20ms/step
Curriculum: set focal gamma = 0.2947 (epoch 5)
Epoch 5/70
56/56 - 1s - loss: 0.1796 - auc: 0.6103 - val_loss: 0.1996 - val_auc: 0.5799 - val_auc_custom: 0.5814 - val_f1_custom: 0.0000e+00 - val_recall_custom: 0.0000e+00 - 1s/epoch - 21ms/step
Curriculum: set focal gamma = 0.3684 (epoch 6)
Epoch 6/70
56/56 - 1s - loss: 0.1699 - auc: 0.6142 - val_loss: 0.1902 - val_auc: 0.5800 - val_auc_custom: 0.5814 - val_f1_custom: 0.0000e+00 - val_recall_custom: 0.0000e+00 - 1s/epoch - 22ms/step
Curriculum: set focal gamma = 0.4421 (epoch 7)
Epoch 7/70
56/56 - 1s - loss: 0.1599 - auc: 0.6316 - val_loss: 0.1815 - val_auc: 0.5756 - val_auc_custom: 0.5784 - val_f1_custom: 0.0000e+00 - val_recall_custom: 0.0000e+00 - 1s/epoch - 20ms/step
Curriculum: set focal gamma = 0.5158 (epoch 8)
Epoch 8/70
56/56 - 1s - loss: 0.1522 - auc: 0.6345 - val_loss: 0.1728 - val_auc: 0.5707 - val_auc_custom: 0.5716 - val_f1_custom: 0.0000e+00 - val_recall_custom: 0.0000e+00 - 1s/epoch - 20ms/step
Curriculum: set focal gamma = 0.5895 (epoch 9)
Epoch 9/70
56/56 - 1s - loss: 0.1431 - auc: 0.6475 - val_loss: 0.1642 - val_auc: 0.5780 - val_auc_custom: 0.5736 - val_f1_custom: 0.0370 - val_recall_custom: 0.0189 - 1s/epoch - 20ms/step
Curriculum: set focal gamma = 0.6632 (epoch 10)
Epoch 10/70
56/56 - 1s - loss: 0.1357 - auc: 0.6562 - val_loss: 0.1565 - val_auc: 0.5776 - val_auc_custom: 0.5789 - val_f1_custom: 0.0370 - val_recall_custom: 0.0189 - 1s/epoch - 19ms/step
Curriculum: set focal gamma = 0.7368 (epoch 11)
Epoch 11/70
56/56 - 1s - loss: 0.1301 - auc: 0.6491 - val_loss: 0.1489 - val_auc: 0.5799 - val_auc_custom: 0.5826 - val_f1_custom: 0.0727 - val_recall_custom: 0.0377 - 1s/epoch - 20ms/step
Curriculum: set focal gamma = 0.8105 (epoch 12)
Epoch 12/70
56/56 - 1s - loss: 0.1208 - auc: 0.6796 - val_loss: 0.1419 - val_auc: 0.5823 - val_auc_custom: 0.5811 - val_f1_custom: 0.1071 - val_recall_custom: 0.0566 - 1s/epoch - 21ms/step
Curriculum: set focal gamma = 0.8842 (epoch 13)
Epoch 13/70
56/56 - 1s - loss: 0.1135 - auc: 0.6936 - val_loss: 0.1348 - val_auc: 0.5859 - val_auc_custom: 0.5847 - val_f1_custom: 0.1404 - val_recall_custom: 0.0755 - 1s/epoch - 22ms/step
Curriculum: set focal gamma = 0.9579 (epoch 14)
Epoch 14/70
56/56 - 1s - loss: 0.1095 - auc: 0.6768 - val_loss: 0.1280 - val_auc: 0.5868 - val_auc_custom: 0.5862 - val_f1_custom: 0.1404 - val_recall_custom: 0.0755 - 1s/epoch - 21ms/step
Curriculum: set focal gamma = 1.0316 (epoch 15)
Epoch 15/70
56/56 - 1s - loss: 0.1025 - auc: 0.6961 - val_loss: 0.1212 - val_auc: 0.5922 - val_auc_custom: 0.5942 - val_f1_custom: 0.1404 - val_recall_custom: 0.0755 - 1s/epoch - 22ms/step
Curriculum: set focal gamma = 1.1053 (epoch 16)
Epoch 16/70
56/56 - 1s - loss: 0.0979 - auc: 0.6967 - val_loss: 0.1154 - val_auc: 0.6048 - val_auc_custom: 0.6058 - val_f1_custom: 0.1404 - val_recall_custom: 0.0755 - 1s/epoch - 22ms/step
Curriculum: set focal gamma = 1.1789 (epoch 17)
Epoch 17/70
56/56 - 1s - loss: 0.0916 - auc: 0.7200 - val_loss: 0.1098 - val_auc: 0.6126 - val_auc_custom: 0.6108 - val_f1_custom: 0.1404 - val_recall_custom: 0.0755 - 1s/epoch - 22ms/step
Curriculum: set focal gamma = 1.2526 (epoch 18)
Epoch 18/70
56/56 - 1s - loss: 0.0878 - auc: 0.7017 - val_loss: 0.1045 - val_auc: 0.6238 - val_auc_custom: 0.6239 - val_f1_custom: 0.1967 - val_recall_custom: 0.1132 - 1s/epoch - 22ms/step
Curriculum: set focal gamma = 1.3263 (epoch 19)
Epoch 19/70
56/56 - 1s - loss: 0.0828 - auc: 0.7235 - val_loss: 0.0998 - val_auc: 0.6376 - val_auc_custom: 0.6385 - val_f1_custom: 0.1935 - val_recall_custom: 0.1132 - 1s/epoch - 22ms/step
Curriculum: set focal gamma = 1.4000 (epoch 20)
Epoch 20/70
56/56 - 1s - loss: 0.0782 - auc: 0.7276 - val_loss: 0.0941 - val_auc: 0.6436 - val_auc_custom: 0.6438 - val_f1_custom: 0.1967 - val_recall_custom: 0.1132 - 1s/epoch - 21ms/step
Curriculum: set focal gamma = 1.4000 (epoch 21)
Epoch 21/70
56/56 - 1s - loss: 0.0786 - auc: 0.7224 - val_loss: 0.0935 - val_auc: 0.6502 - val_auc_custom: 0.6493 - val_f1_custom: 0.1053 - val_recall_custom: 0.0566 - 1s/epoch - 22ms/step
Curriculum: set focal gamma = 1.4000 (epoch 22)
Epoch 22/70
56/56 - 1s - loss: 0.0775 - auc: 0.7411 - val_loss: 0.0939 - val_auc: 0.6665 - val_auc_custom: 0.6649 - val_f1_custom: 0.1587 - val_recall_custom: 0.0943 - 1s/epoch - 22ms/step
Curriculum: set focal gamma = 1.4000 (epoch 23)
Epoch 23/70
56/56 - 1s - loss: 0.0764 - auc: 0.7434 - val_loss: 0.0952 - val_auc: 0.6688 - val_auc_custom: 0.6702 - val_f1_custom: 0.2353 - val_recall_custom: 0.1509 - 1s/epoch - 22ms/step
Curriculum: set focal gamma = 1.4000 (epoch 24)
Epoch 24/70
56/56 - 1s - loss: 0.0770 - auc: 0.7410 - val_loss: 0.0959 - val_auc: 0.6743 - val_auc_custom: 0.6737 - val_f1_custom: 0.2353 - val_recall_custom: 0.1509 - 1s/epoch - 22ms/step
Curriculum: set focal gamma = 1.4000 (epoch 25)
Epoch 25/70
56/56 - 1s - loss: 0.0746 - auc: 0.7649 - val_loss: 0.0959 - val_auc: 0.6810 - val_auc_custom: 0.6828 - val_f1_custom: 0.2609 - val_recall_custom: 0.1698 - 1s/epoch - 22ms/step
Curriculum: set focal gamma = 1.4000 (epoch 26)
Epoch 26/70
56/56 - 1s - loss: 0.0737 - auc: 0.7719 - val_loss: 0.0943 - val_auc: 0.6933 - val_auc_custom: 0.6913 - val_f1_custom: 0.2857 - val_recall_custom: 0.1887 - 1s/epoch - 22ms/step
Curriculum: set focal gamma = 1.4000 (epoch 27)
Epoch 27/70
56/56 - 1s - loss: 0.0740 - auc: 0.7722 - val_loss: 0.0972 - val_auc: 0.6850 - val_auc_custom: 0.6835 - val_f1_custom: 0.2817 - val_recall_custom: 0.1887 - 1s/epoch - 21ms/step
Curriculum: set focal gamma = 1.4000 (epoch 28)
Epoch 28/70
56/56 - 1s - loss: 0.0729 - auc: 0.7832 - val_loss: 0.0975 - val_auc: 0.6967 - val_auc_custom: 0.6986 - val_f1_custom: 0.3377 - val_recall_custom: 0.2453 - 1s/epoch - 22ms/step
Curriculum: set focal gamma = 1.4000 (epoch 29)
Epoch 29/70
56/56 - 1s - loss: 0.0717 - auc: 0.7870 - val_loss: 0.0972 - val_auc: 0.7048 - val_auc_custom: 0.7049 - val_f1_custom: 0.3377 - val_recall_custom: 0.2453 - 1s/epoch - 23ms/step
Curriculum: set focal gamma = 1.4000 (epoch 30)
Epoch 30/70
56/56 - 1s - loss: 0.0707 - auc: 0.8064 - val_loss: 0.0943 - val_auc: 0.7208 - val_auc_custom: 0.7203 - val_f1_custom: 0.2973 - val_recall_custom: 0.2075 - 1s/epoch - 24ms/step
Curriculum: set focal gamma = 1.4000 (epoch 31)
Epoch 31/70
56/56 - 1s - loss: 0.0720 - auc: 0.7880 - val_loss: 0.0985 - val_auc: 0.7062 - val_auc_custom: 0.7062 - val_f1_custom: 0.3421 - val_recall_custom: 0.2453 - 1s/epoch - 20ms/step
Curriculum: set focal gamma = 1.4000 (epoch 32)
Epoch 32/70
56/56 - 1s - loss: 0.0693 - auc: 0.8067 - val_loss: 0.0993 - val_auc: 0.7074 - val_auc_custom: 0.7072 - val_f1_custom: 0.3544 - val_recall_custom: 0.2642 - 1s/epoch - 20ms/step
Curriculum: set focal gamma = 1.4000 (epoch 33)
Epoch 33/70
56/56 - 1s - loss: 0.0680 - auc: 0.8194 - val_loss: 0.0946 - val_auc: 0.7297 - val_auc_custom: 0.7301 - val_f1_custom: 0.3846 - val_recall_custom: 0.2830 - 1s/epoch - 22ms/step
Curriculum: set focal gamma = 1.4000 (epoch 34)
Epoch 34/70
56/56 - 1s - loss: 0.0671 - auc: 0.8232 - val_loss: 0.0953 - val_auc: 0.7400 - val_auc_custom: 0.7401 - val_f1_custom: 0.4198 - val_recall_custom: 0.3208 - 1s/epoch - 22ms/step
Curriculum: set focal gamma = 1.4000 (epoch 35)
Epoch 35/70
56/56 - 1s - loss: 0.0644 - auc: 0.8407 - val_loss: 0.0997 - val_auc: 0.7174 - val_auc_custom: 0.7180 - val_f1_custom: 0.3684 - val_recall_custom: 0.2642 - 1s/epoch - 20ms/step
Curriculum: set focal gamma = 1.4000 (epoch 36)
Epoch 36/70
56/56 - 1s - loss: 0.0659 - auc: 0.8382 - val_loss: 0.1041 - val_auc: 0.7043 - val_auc_custom: 0.7042 - val_f1_custom: 0.3590 - val_recall_custom: 0.2642 - 1s/epoch - 20ms/step
Curriculum: set focal gamma = 1.4000 (epoch 37)
Epoch 37/70
56/56 - 1s - loss: 0.0645 - auc: 0.8395 - val_loss: 0.1054 - val_auc: 0.7119 - val_auc_custom: 0.7114 - val_f1_custom: 0.4762 - val_recall_custom: 0.3774 - 1s/epoch - 20ms/step
Curriculum: set focal gamma = 1.4000 (epoch 38)
Epoch 38/70
56/56 - 1s - loss: 0.0621 - auc: 0.8544 - val_loss: 0.1044 - val_auc: 0.7192 - val_auc_custom: 0.7185 - val_f1_custom: 0.3467 - val_recall_custom: 0.2453 - 1s/epoch - 21ms/step
Curriculum: set focal gamma = 1.4000 (epoch 39)
Epoch 39/70
56/56 - 1s - loss: 0.0617 - auc: 0.8532 - val_loss: 0.1086 - val_auc: 0.7331 - val_auc_custom: 0.7321 - val_f1_custom: 0.4889 - val_recall_custom: 0.4151 - 1s/epoch - 21ms/step
Curriculum: set focal gamma = 1.4000 (epoch 40)
Epoch 40/70
56/56 - 1s - loss: 0.0644 - auc: 0.8406 - val_loss: 0.1112 - val_auc: 0.7255 - val_auc_custom: 0.7248 - val_f1_custom: 0.4828 - val_recall_custom: 0.3962 - 1s/epoch - 20ms/step
Curriculum: set focal gamma = 1.4000 (epoch 41)
Epoch 41/70
56/56 - 1s - loss: 0.0608 - auc: 0.8606 - val_loss: 0.1108 - val_auc: 0.7357 - val_auc_custom: 0.7353 - val_f1_custom: 0.5000 - val_recall_custom: 0.4151 - 1s/epoch - 21ms/step
Curriculum: set focal gamma = 1.4000 (epoch 42)
Epoch 42/70
56/56 - 1s - loss: 0.0627 - auc: 0.8466 - val_loss: 0.1085 - val_auc: 0.7551 - val_auc_custom: 0.7557 - val_f1_custom: 0.5217 - val_recall_custom: 0.4528 - 1s/epoch - 22ms/step
Curriculum: set focal gamma = 1.4000 (epoch 43)
Epoch 43/70
56/56 - 1s - loss: 0.0595 - auc: 0.8683 - val_loss: 0.1191 - val_auc: 0.7125 - val_auc_custom: 0.7130 - val_f1_custom: 0.5217 - val_recall_custom: 0.4528 - 1s/epoch - 22ms/step
Curriculum: set focal gamma = 1.4000 (epoch 44)
Epoch 44/70
56/56 - 1s - loss: 0.0586 - auc: 0.8769 - val_loss: 0.1045 - val_auc: 0.7620 - val_auc_custom: 0.7608 - val_f1_custom: 0.5057 - val_recall_custom: 0.4151 - 1s/epoch - 22ms/step
Curriculum: set focal gamma = 1.4000 (epoch 45)
Epoch 45/70
56/56 - 1s - loss: 0.0568 - auc: 0.8772 - val_loss: 0.1097 - val_auc: 0.7556 - val_auc_custom: 0.7562 - val_f1_custom: 0.5333 - val_recall_custom: 0.4528 - 1s/epoch - 21ms/step
Curriculum: set focal gamma = 1.4000 (epoch 46)
Epoch 46/70
56/56 - 1s - loss: 0.0571 - auc: 0.8784 - val_loss: 0.1164 - val_auc: 0.7566 - val_auc_custom: 0.7562 - val_f1_custom: 0.5773 - val_recall_custom: 0.5283 - 1s/epoch - 21ms/step
Curriculum: set focal gamma = 1.4000 (epoch 47)
Epoch 47/70
56/56 - 1s - loss: 0.0576 - auc: 0.8740 - val_loss: 0.1178 - val_auc: 0.7538 - val_auc_custom: 0.7537 - val_f1_custom: 0.5495 - val_recall_custom: 0.4717 - 1s/epoch - 21ms/step
Curriculum: set focal gamma = 1.4000 (epoch 48)
Epoch 48/70
56/56 - 1s - loss: 0.0578 - auc: 0.8743 - val_loss: 0.1192 - val_auc: 0.7508 - val_auc_custom: 0.7507 - val_f1_custom: 0.5532 - val_recall_custom: 0.4906 - 1s/epoch - 20ms/step
Curriculum: set focal gamma = 1.4000 (epoch 49)
Epoch 49/70
56/56 - 1s - loss: 0.0535 - auc: 0.9003 - val_loss: 0.1143 - val_auc: 0.7530 - val_auc_custom: 0.7532 - val_f1_custom: 0.5495 - val_recall_custom: 0.4717 - 1s/epoch - 20ms/step
Curriculum: set focal gamma = 1.4000 (epoch 50)
Epoch 50/70
56/56 - 1s - loss: 0.0528 - auc: 0.8975 - val_loss: 0.1132 - val_auc: 0.7463 - val_auc_custom: 0.7469 - val_f1_custom: 0.2817 - val_recall_custom: 0.1887 - 1s/epoch - 20ms/step
Curriculum: set focal gamma = 1.4000 (epoch 51)
Epoch 51/70
56/56 - 1s - loss: 0.0503 - auc: 0.9081 - val_loss: 0.1368 - val_auc: 0.7654 - val_auc_custom: 0.7640 - val_f1_custom: 0.6000 - val_recall_custom: 0.5660 - 1s/epoch - 22ms/step
Curriculum: set focal gamma = 1.4000 (epoch 52)
Epoch 52/70
56/56 - 1s - loss: 0.0539 - auc: 0.8979 - val_loss: 0.1135 - val_auc: 0.7633 - val_auc_custom: 0.7640 - val_f1_custom: 0.3684 - val_recall_custom: 0.2642 - 1s/epoch - 20ms/step
Curriculum: set focal gamma = 1.4000 (epoch 53)
Epoch 53/70
56/56 - 1s - loss: 0.0539 - auc: 0.8970 - val_loss: 0.1145 - val_auc: 0.7839 - val_auc_custom: 0.7834 - val_f1_custom: 0.5455 - val_recall_custom: 0.4528 - 1s/epoch - 23ms/step
Curriculum: set focal gamma = 1.4000 (epoch 54)
Epoch 54/70
56/56 - 1s - loss: 0.0486 - auc: 0.9180 - val_loss: 0.1234 - val_auc: 0.7513 - val_auc_custom: 0.7507 - val_f1_custom: 0.5227 - val_recall_custom: 0.4340 - 1s/epoch - 21ms/step
Curriculum: set focal gamma = 1.4000 (epoch 55)
Epoch 55/70
56/56 - 1s - loss: 0.0515 - auc: 0.9003 - val_loss: 0.1220 - val_auc: 0.7875 - val_auc_custom: 0.7874 - val_f1_custom: 0.5495 - val_recall_custom: 0.4717 - 1s/epoch - 22ms/step
Curriculum: set focal gamma = 1.4000 (epoch 56)
Epoch 56/70
56/56 - 1s - loss: 0.0514 - auc: 0.9099 - val_loss: 0.1145 - val_auc: 0.7889 - val_auc_custom: 0.7897 - val_f1_custom: 0.5682 - val_recall_custom: 0.4717 - 1s/epoch - 22ms/step
Curriculum: set focal gamma = 1.4000 (epoch 57)
Epoch 57/70
56/56 - 1s - loss: 0.0509 - auc: 0.9052 - val_loss: 0.1221 - val_auc: 0.7881 - val_auc_custom: 0.7872 - val_f1_custom: 0.6105 - val_recall_custom: 0.5472 - 1s/epoch - 20ms/step
Curriculum: set focal gamma = 1.4000 (epoch 58)
Epoch 58/70
56/56 - 1s - loss: 0.0494 - auc: 0.9162 - val_loss: 0.1167 - val_auc: 0.7776 - val_auc_custom: 0.7781 - val_f1_custom: 0.4706 - val_recall_custom: 0.3774 - 1s/epoch - 20ms/step
Curriculum: set focal gamma = 1.4000 (epoch 59)
Epoch 59/70
56/56 - 1s - loss: 0.0507 - auc: 0.9076 - val_loss: 0.1404 - val_auc: 0.7711 - val_auc_custom: 0.7706 - val_f1_custom: 0.6000 - val_recall_custom: 0.5660 - 1s/epoch - 20ms/step
Curriculum: set focal gamma = 1.4000 (epoch 60)
Epoch 60/70
56/56 - 1s - loss: 0.0478 - auc: 0.9219 - val_loss: 0.1163 - val_auc: 0.7677 - val_auc_custom: 0.7678 - val_f1_custom: 0.5057 - val_recall_custom: 0.4151 - 1s/epoch - 21ms/step
Curriculum: set focal gamma = 1.4000 (epoch 61)
Epoch 61/70
56/56 - 1s - loss: 0.0465 - auc: 0.9228 - val_loss: 0.1350 - val_auc: 0.7590 - val_auc_custom: 0.7590 - val_f1_custom: 0.5745 - val_recall_custom: 0.5094 - 1s/epoch - 21ms/step
Curriculum: set focal gamma = 1.4000 (epoch 62)
Epoch 62/70
56/56 - 1s - loss: 0.0487 - auc: 0.9137 - val_loss: 0.1329 - val_auc: 0.7543 - val_auc_custom: 0.7537 - val_f1_custom: 0.5333 - val_recall_custom: 0.4528 - 1s/epoch - 21ms/step
Curriculum: set focal gamma = 1.4000 (epoch 63)
Epoch 63/70
56/56 - 1s - loss: 0.0466 - auc: 0.9245 - val_loss: 0.1278 - val_auc: 0.7613 - val_auc_custom: 0.7620 - val_f1_custom: 0.4706 - val_recall_custom: 0.3774 - 1s/epoch - 21ms/step
Curriculum: set focal gamma = 1.4000 (epoch 64)
Epoch 64/70
56/56 - 1s - loss: 0.0474 - auc: 0.9195 - val_loss: 0.1371 - val_auc: 0.7596 - val_auc_custom: 0.7597 - val_f1_custom: 0.5652 - val_recall_custom: 0.4906 - 1s/epoch - 21ms/step
Curriculum: set focal gamma = 1.4000 (epoch 65)
Epoch 65/70
56/56 - 1s - loss: 0.0431 - auc: 0.9356 - val_loss: 0.1271 - val_auc: 0.7801 - val_auc_custom: 0.7811 - val_f1_custom: 0.4634 - val_recall_custom: 0.3585 - 1s/epoch - 21ms/step
Curriculum: set focal gamma = 1.4000 (epoch 66)
Epoch 66/70
56/56 - 1s - loss: 0.0440 - auc: 0.9322 - val_loss: 0.1663 - val_auc: 0.7565 - val_auc_custom: 0.7897 - val_f1_custom: 0.5682 - val_recall_custom: 0.4717 - 1s/epoch - 22ms/step
Mask config -> mode=soft, threshold=0.6, window_gate=None
Done. Results saved to /home/user/projects/train/model/long_window/CNN_BiLSTM/result_focal_refine/cw02_fg01/01
