2025-09-17 09:12:16.066785: I tensorflow/core/util/port.cc:110] oneDNN custom operations are on. You may see slightly different numerical results due to floating-point round-off errors from different computation orders. To turn them off, set the environment variable `TF_ENABLE_ONEDNN_OPTS=0`.
2025-09-17 09:12:16.093532: I tensorflow/core/platform/cpu_feature_guard.cc:182] This TensorFlow binary is optimized to use available CPU instructions in performance-critical operations.
To enable the following instructions: AVX2 AVX_VNNI FMA, in other operations, rebuild TensorFlow with the appropriate compiler flags.
2025-09-17 09:12:16.495491: W tensorflow/compiler/tf2tensorrt/utils/py_utils.cc:38] TF-TRT Warning: Could not find TensorRT
2025-09-17 09:12:16.884777: I tensorflow/compiler/xla/stream_executor/cuda/cuda_gpu_executor.cc:981] could not open file to read NUMA node: /sys/bus/pci/devices/0000:01:00.0/numa_node
Your kernel may have been built without NUMA support.
2025-09-17 09:12:16.901387: I tensorflow/compiler/xla/stream_executor/cuda/cuda_gpu_executor.cc:981] could not open file to read NUMA node: /sys/bus/pci/devices/0000:01:00.0/numa_node
Your kernel may have been built without NUMA support.
2025-09-17 09:12:16.901494: I tensorflow/compiler/xla/stream_executor/cuda/cuda_gpu_executor.cc:981] could not open file to read NUMA node: /sys/bus/pci/devices/0000:01:00.0/numa_node
Your kernel may have been built without NUMA support.
2025-09-17 09:12:16.903426: I tensorflow/compiler/xla/stream_executor/cuda/cuda_gpu_executor.cc:981] could not open file to read NUMA node: /sys/bus/pci/devices/0000:01:00.0/numa_node
Your kernel may have been built without NUMA support.
2025-09-17 09:12:16.903485: I tensorflow/compiler/xla/stream_executor/cuda/cuda_gpu_executor.cc:981] could not open file to read NUMA node: /sys/bus/pci/devices/0000:01:00.0/numa_node
Your kernel may have been built without NUMA support.
2025-09-17 09:12:16.903504: I tensorflow/compiler/xla/stream_executor/cuda/cuda_gpu_executor.cc:981] could not open file to read NUMA node: /sys/bus/pci/devices/0000:01:00.0/numa_node
Your kernel may have been built without NUMA support.
2025-09-17 09:12:17.000010: I tensorflow/compiler/xla/stream_executor/cuda/cuda_gpu_executor.cc:981] could not open file to read NUMA node: /sys/bus/pci/devices/0000:01:00.0/numa_node
Your kernel may have been built without NUMA support.
2025-09-17 09:12:17.000125: I tensorflow/compiler/xla/stream_executor/cuda/cuda_gpu_executor.cc:981] could not open file to read NUMA node: /sys/bus/pci/devices/0000:01:00.0/numa_node
Your kernel may have been built without NUMA support.
2025-09-17 09:12:17.000136: I tensorflow/core/common_runtime/gpu/gpu_device.cc:1726] Could not identify NUMA node of platform GPU id 0, defaulting to 0.  Your kernel may not have been built with NUMA support.
2025-09-17 09:12:17.000161: I tensorflow/compiler/xla/stream_executor/cuda/cuda_gpu_executor.cc:981] could not open file to read NUMA node: /sys/bus/pci/devices/0000:01:00.0/numa_node
Your kernel may have been built without NUMA support.
2025-09-17 09:12:17.000184: I tensorflow/core/common_runtime/gpu/gpu_device.cc:1639] Created device /job:localhost/replica:0/task:0/device:GPU:0 with 9517 MB memory:  -> device: 0, name: NVIDIA GeForce RTX 4070 SUPER, pci bus id: 0000:01:00.0, compute capability: 8.9
GPU detected: 1 physical, 1 logical -> ['/device:GPU:0']
Config: batch=16, accumulate_steps=8 -> effective_batch=128
Loaded (1276, 36, 75) (1276,)
Using mask channel "occlusion_flag" from long_raw (index 7)
Model: "cnn_bilstm_attn_masked"
__________________________________________________________________________________________________
 Layer (type)                Output Shape                 Param #   Connected to                  
==================================================================================================
 input (InputLayer)          [(None, 36, 75)]             0         []                            
                                                                                                  
 permute_time_features (Per  (None, 75, 36)               0         ['input[0][0]']               
 mute)                                                                                            
                                                                                                  
 conv0 (Conv1D)              (None, 75, 64)               6976      ['permute_time_features[0][0]'
                                                                    ]                             
                                                                                                  
 bn0 (BatchNormalization)    (None, 75, 64)               256       ['conv0[0][0]']               
                                                                                                  
 act0 (Activation)           (None, 75, 64)               0         ['bn0[0][0]']                 
                                                                                                  
 conv_dropout0 (Dropout)     (None, 75, 64)               0         ['act0[0][0]']                
                                                                                                  
 conv1 (Conv1D)              (None, 75, 64)               20544     ['conv_dropout0[0][0]']       
                                                                                                  
 bn1 (BatchNormalization)    (None, 75, 64)               256       ['conv1[0][0]']               
                                                                                                  
 act1 (Activation)           (None, 75, 64)               0         ['bn1[0][0]']                 
                                                                                                  
 conv_dropout1 (Dropout)     (None, 75, 64)               0         ['act1[0][0]']                
                                                                                                  
 conv2 (Conv1D)              (None, 75, 64)               12352     ['conv_dropout1[0][0]']       
                                                                                                  
 bn2 (BatchNormalization)    (None, 75, 64)               256       ['conv2[0][0]']               
                                                                                                  
 act2 (Activation)           (None, 75, 64)               0         ['bn2[0][0]']                 
                                                                                                  
 conv_dropout2 (Dropout)     (None, 75, 64)               0         ['act2[0][0]']                
                                                                                                  
 bilstm (Bidirectional)      (None, 75, 128)              66048     ['conv_dropout2[0][0]']       
                                                                                                  
 mlp_attn_u (Dense)          (None, 75, 32)               4128      ['bilstm[0][0]']              
                                                                                                  
 mlp_attn_score (Dense)      (None, 75, 1)                33        ['mlp_attn_u[0][0]']          
                                                                                                  
 mlp_attn_squeeze (Lambda)   (None, 75)                   0         ['mlp_attn_score[0][0]']      
                                                                                                  
 attn_mask (InputLayer)      [(None, 75)]                 0         []                            
                                                                                                  
 mlp_attn_apply_mask (Lambd  (None, 75)                   0         ['mlp_attn_squeeze[0][0]',    
 a)                                                                  'attn_mask[0][0]']           
                                                                                                  
 mlp_attn_softmax (Lambda)   (None, 75)                   0         ['mlp_attn_apply_mask[0][0]'] 
                                                                                                  
 mlp_attn_expand (Lambda)    (None, 75, 1)                0         ['mlp_attn_softmax[0][0]']    
                                                                                                  
 mlp_attn_weighted (Lambda)  (None, 128)                  0         ['bilstm[0][0]',              
                                                                     'mlp_attn_expand[0][0]']     
                                                                                                  
 fc1 (Dense)                 (None, 64)                   8256      ['mlp_attn_weighted[0][0]']   
                                                                                                  
 fc_dropout (Dropout)        (None, 64)                   0         ['fc1[0][0]']                 
                                                                                                  
 out (Dense)                 (None, 1)                    65        ['fc_dropout[0][0]']          
                                                                                                  
==================================================================================================
Total params: 119171 (465.51 KB)
Trainable params: 118786 (464.01 KB)
Non-trainable params: 385 (1.50 KB)
__________________________________________________________________________________________________
None
Writing results to /home/user/projects/train/model/long_window/CNN_BiLSTM/result_focal_refine/cw07_fg08/01
Curriculum: set focal gamma = 0.0000 (epoch 1)
Epoch 1/70
2025-09-17 09:12:21.332646: I tensorflow/compiler/xla/stream_executor/cuda/cuda_dnn.cc:432] Loaded cuDNN version 8600
2025-09-17 09:12:21.406290: I tensorflow/tsl/platform/default/subprocess.cc:304] Start cannot spawn child process: No such file or directory
2025-09-17 09:12:21.532506: I tensorflow/compiler/xla/stream_executor/cuda/cuda_blas.cc:606] TensorFloat-32 will be used for the matrix multiplication. This will only be logged once.
2025-09-17 09:12:21.828682: I tensorflow/compiler/xla/service/service.cc:168] XLA service 0x79aa6800ca50 initialized for platform CUDA (this does not guarantee that XLA will be used). Devices:
2025-09-17 09:12:21.828729: I tensorflow/compiler/xla/service/service.cc:176]   StreamExecutor device (0): NVIDIA GeForce RTX 4070 SUPER, Compute Capability 8.9
2025-09-17 09:12:21.831842: I tensorflow/compiler/mlir/tensorflow/utils/dump_mlir_util.cc:255] disabling MLIR crash reproducer, set env var `MLIR_CRASH_REPRODUCER_DIRECTORY` to enable.
2025-09-17 09:12:21.879310: I tensorflow/tsl/platform/default/subprocess.cc:304] Start cannot spawn child process: No such file or directory
2025-09-17 09:12:21.911487: I ./tensorflow/compiler/jit/device_compiler.h:186] Compiled cluster using XLA!  This line is logged at most once for the lifetime of the process.
56/56 - 7s - loss: 0.2824 - auc: 0.5052 - val_loss: 0.3235 - val_auc: 0.5834 - val_auc_custom: 0.5806 - val_f1_custom: 0.0000e+00 - val_recall_custom: 0.0000e+00 - 7s/epoch - 119ms/step
Curriculum: set focal gamma = 0.0842 (epoch 2)
Epoch 2/70
56/56 - 1s - loss: 0.2393 - auc: 0.5610 - val_loss: 0.2810 - val_auc: 0.5761 - val_auc_custom: 0.5733 - val_f1_custom: 0.0000e+00 - val_recall_custom: 0.0000e+00 - 1s/epoch - 21ms/step
Curriculum: set focal gamma = 0.1684 (epoch 3)
Epoch 3/70
56/56 - 1s - loss: 0.2217 - auc: 0.6138 - val_loss: 0.2601 - val_auc: 0.5941 - val_auc_custom: 0.5925 - val_f1_custom: 0.0000e+00 - val_recall_custom: 0.0000e+00 - 1s/epoch - 22ms/step
Curriculum: set focal gamma = 0.2526 (epoch 4)
Epoch 4/70
56/56 - 1s - loss: 0.2037 - auc: 0.6437 - val_loss: 0.2457 - val_auc: 0.5865 - val_auc_custom: 0.5872 - val_f1_custom: 0.0702 - val_recall_custom: 0.0377 - 1s/epoch - 21ms/step
Curriculum: set focal gamma = 0.3368 (epoch 5)
Epoch 5/70
56/56 - 1s - loss: 0.1944 - auc: 0.6285 - val_loss: 0.2331 - val_auc: 0.5881 - val_auc_custom: 0.5882 - val_f1_custom: 0.1667 - val_recall_custom: 0.0943 - 1s/epoch - 21ms/step
Curriculum: set focal gamma = 0.4211 (epoch 6)
Epoch 6/70
56/56 - 1s - loss: 0.1795 - auc: 0.6617 - val_loss: 0.2192 - val_auc: 0.5921 - val_auc_custom: 0.5917 - val_f1_custom: 0.1667 - val_recall_custom: 0.0943 - 1s/epoch - 20ms/step
Curriculum: set focal gamma = 0.5053 (epoch 7)
Epoch 7/70
56/56 - 1s - loss: 0.1697 - auc: 0.6622 - val_loss: 0.2069 - val_auc: 0.5997 - val_auc_custom: 0.5997 - val_f1_custom: 0.1667 - val_recall_custom: 0.0943 - 1s/epoch - 22ms/step
Curriculum: set focal gamma = 0.5895 (epoch 8)
Epoch 8/70
56/56 - 1s - loss: 0.1576 - auc: 0.6782 - val_loss: 0.1940 - val_auc: 0.6016 - val_auc_custom: 0.6025 - val_f1_custom: 0.2000 - val_recall_custom: 0.1132 - 1s/epoch - 22ms/step
Curriculum: set focal gamma = 0.6737 (epoch 9)
Epoch 9/70
56/56 - 1s - loss: 0.1484 - auc: 0.6845 - val_loss: 0.1826 - val_auc: 0.6107 - val_auc_custom: 0.6108 - val_f1_custom: 0.2188 - val_recall_custom: 0.1321 - 1s/epoch - 23ms/step
Curriculum: set focal gamma = 0.7579 (epoch 10)
Epoch 10/70
56/56 - 1s - loss: 0.1419 - auc: 0.6724 - val_loss: 0.1718 - val_auc: 0.6145 - val_auc_custom: 0.6161 - val_f1_custom: 0.2500 - val_recall_custom: 0.1509 - 1s/epoch - 22ms/step
Curriculum: set focal gamma = 0.8421 (epoch 11)
Epoch 11/70
56/56 - 1s - loss: 0.1310 - auc: 0.6975 - val_loss: 0.1624 - val_auc: 0.6219 - val_auc_custom: 0.6226 - val_f1_custom: 0.2222 - val_recall_custom: 0.1321 - 1s/epoch - 22ms/step
Curriculum: set focal gamma = 0.9263 (epoch 12)
Epoch 12/70
56/56 - 1s - loss: 0.1227 - auc: 0.7056 - val_loss: 0.1543 - val_auc: 0.6226 - val_auc_custom: 0.6242 - val_f1_custom: 0.1935 - val_recall_custom: 0.1132 - 1s/epoch - 22ms/step
Curriculum: set focal gamma = 1.0105 (epoch 13)
Epoch 13/70
56/56 - 1s - loss: 0.1129 - auc: 0.7379 - val_loss: 0.1457 - val_auc: 0.6252 - val_auc_custom: 0.6252 - val_f1_custom: 0.2424 - val_recall_custom: 0.1509 - 1s/epoch - 22ms/step
Curriculum: set focal gamma = 1.0947 (epoch 14)
Epoch 14/70
56/56 - 1s - loss: 0.1067 - auc: 0.7312 - val_loss: 0.1376 - val_auc: 0.6265 - val_auc_custom: 0.6279 - val_f1_custom: 0.3380 - val_recall_custom: 0.2264 - 1s/epoch - 23ms/step
Curriculum: set focal gamma = 1.1789 (epoch 15)
Epoch 15/70
56/56 - 1s - loss: 0.0995 - auc: 0.7394 - val_loss: 0.1303 - val_auc: 0.6338 - val_auc_custom: 0.6332 - val_f1_custom: 0.2899 - val_recall_custom: 0.1887 - 1s/epoch - 21ms/step
Curriculum: set focal gamma = 1.2632 (epoch 16)
Epoch 16/70
56/56 - 1s - loss: 0.0930 - auc: 0.7519 - val_loss: 0.1210 - val_auc: 0.6592 - val_auc_custom: 0.6606 - val_f1_custom: 0.2609 - val_recall_custom: 0.1698 - 1s/epoch - 21ms/step
Curriculum: set focal gamma = 1.3474 (epoch 17)
Epoch 17/70
56/56 - 1s - loss: 0.0898 - auc: 0.7376 - val_loss: 0.1116 - val_auc: 0.6858 - val_auc_custom: 0.6853 - val_f1_custom: 0.3143 - val_recall_custom: 0.2075 - 1s/epoch - 21ms/step
Curriculum: set focal gamma = 1.4316 (epoch 18)
Epoch 18/70
56/56 - 1s - loss: 0.0815 - auc: 0.7664 - val_loss: 0.1038 - val_auc: 0.7036 - val_auc_custom: 0.7057 - val_f1_custom: 0.3467 - val_recall_custom: 0.2453 - 1s/epoch - 21ms/step
Curriculum: set focal gamma = 1.5158 (epoch 19)
Epoch 19/70
56/56 - 1s - loss: 0.0766 - auc: 0.7691 - val_loss: 0.0972 - val_auc: 0.7167 - val_auc_custom: 0.7175 - val_f1_custom: 0.3684 - val_recall_custom: 0.2642 - 1s/epoch - 22ms/step
Curriculum: set focal gamma = 1.6000 (epoch 20)
Epoch 20/70
56/56 - 1s - loss: 0.0700 - auc: 0.7932 - val_loss: 0.0924 - val_auc: 0.7180 - val_auc_custom: 0.7177 - val_f1_custom: 0.3288 - val_recall_custom: 0.2264 - 1s/epoch - 21ms/step
Curriculum: set focal gamma = 1.6000 (epoch 21)
Epoch 21/70
56/56 - 1s - loss: 0.0708 - auc: 0.7845 - val_loss: 0.0966 - val_auc: 0.6976 - val_auc_custom: 0.6981 - val_f1_custom: 0.2817 - val_recall_custom: 0.1887 - 1s/epoch - 20ms/step
Curriculum: set focal gamma = 1.6000 (epoch 22)
Epoch 22/70
56/56 - 1s - loss: 0.0703 - auc: 0.7893 - val_loss: 0.0936 - val_auc: 0.7099 - val_auc_custom: 0.7104 - val_f1_custom: 0.3636 - val_recall_custom: 0.2642 - 1s/epoch - 20ms/step
Curriculum: set focal gamma = 1.6000 (epoch 23)
Epoch 23/70
56/56 - 1s - loss: 0.0688 - auc: 0.8019 - val_loss: 0.0920 - val_auc: 0.7245 - val_auc_custom: 0.7270 - val_f1_custom: 0.3243 - val_recall_custom: 0.2264 - 1s/epoch - 21ms/step
Curriculum: set focal gamma = 1.6000 (epoch 24)
Epoch 24/70
56/56 - 1s - loss: 0.0685 - auc: 0.8032 - val_loss: 0.0921 - val_auc: 0.7288 - val_auc_custom: 0.7298 - val_f1_custom: 0.4051 - val_recall_custom: 0.3019 - 1s/epoch - 21ms/step
Curriculum: set focal gamma = 1.6000 (epoch 25)
Epoch 25/70
56/56 - 1s - loss: 0.0676 - auc: 0.8104 - val_loss: 0.0952 - val_auc: 0.7133 - val_auc_custom: 0.7145 - val_f1_custom: 0.4706 - val_recall_custom: 0.3774 - 1s/epoch - 20ms/step
Curriculum: set focal gamma = 1.6000 (epoch 26)
Epoch 26/70
56/56 - 1s - loss: 0.0681 - auc: 0.8046 - val_loss: 0.0998 - val_auc: 0.7147 - val_auc_custom: 0.7150 - val_f1_custom: 0.3014 - val_recall_custom: 0.2075 - 1s/epoch - 20ms/step
Curriculum: set focal gamma = 1.6000 (epoch 27)
Epoch 27/70
56/56 - 1s - loss: 0.0652 - auc: 0.8254 - val_loss: 0.0928 - val_auc: 0.7419 - val_auc_custom: 0.7421 - val_f1_custom: 0.5000 - val_recall_custom: 0.4151 - 1s/epoch - 22ms/step
Curriculum: set focal gamma = 1.6000 (epoch 28)
Epoch 28/70
56/56 - 1s - loss: 0.0633 - auc: 0.8347 - val_loss: 0.0950 - val_auc: 0.7292 - val_auc_custom: 0.7293 - val_f1_custom: 0.3797 - val_recall_custom: 0.2830 - 1s/epoch - 21ms/step
Curriculum: set focal gamma = 1.6000 (epoch 29)
Epoch 29/70
56/56 - 1s - loss: 0.0638 - auc: 0.8404 - val_loss: 0.0937 - val_auc: 0.7448 - val_auc_custom: 0.7447 - val_f1_custom: 0.4198 - val_recall_custom: 0.3208 - 1s/epoch - 21ms/step
Curriculum: set focal gamma = 1.6000 (epoch 30)
Epoch 30/70
56/56 - 1s - loss: 0.0649 - auc: 0.8273 - val_loss: 0.0930 - val_auc: 0.7528 - val_auc_custom: 0.7519 - val_f1_custom: 0.5495 - val_recall_custom: 0.4717 - 1s/epoch - 21ms/step
Curriculum: set focal gamma = 1.6000 (epoch 31)
Epoch 31/70
56/56 - 1s - loss: 0.0637 - auc: 0.8354 - val_loss: 0.0988 - val_auc: 0.7343 - val_auc_custom: 0.7351 - val_f1_custom: 0.4146 - val_recall_custom: 0.3208 - 1s/epoch - 19ms/step
Curriculum: set focal gamma = 1.6000 (epoch 32)
Epoch 32/70
56/56 - 1s - loss: 0.0646 - auc: 0.8328 - val_loss: 0.1040 - val_auc: 0.7257 - val_auc_custom: 0.7263 - val_f1_custom: 0.2778 - val_recall_custom: 0.1887 - 1s/epoch - 19ms/step
Curriculum: set focal gamma = 1.6000 (epoch 33)
Epoch 33/70
56/56 - 1s - loss: 0.0630 - auc: 0.8432 - val_loss: 0.0976 - val_auc: 0.7449 - val_auc_custom: 0.7439 - val_f1_custom: 0.6154 - val_recall_custom: 0.6038 - 1s/epoch - 20ms/step
Curriculum: set focal gamma = 1.6000 (epoch 34)
Epoch 34/70
56/56 - 1s - loss: 0.0600 - auc: 0.8624 - val_loss: 0.0916 - val_auc: 0.7572 - val_auc_custom: 0.7590 - val_f1_custom: 0.4250 - val_recall_custom: 0.3208 - 1s/epoch - 22ms/step
Curriculum: set focal gamma = 1.6000 (epoch 35)
Epoch 35/70
56/56 - 1s - loss: 0.0588 - auc: 0.8660 - val_loss: 0.0935 - val_auc: 0.7620 - val_auc_custom: 0.7605 - val_f1_custom: 0.5684 - val_recall_custom: 0.5094 - 1s/epoch - 22ms/step
Curriculum: set focal gamma = 1.6000 (epoch 36)
Epoch 36/70
56/56 - 1s - loss: 0.0595 - auc: 0.8613 - val_loss: 0.0940 - val_auc: 0.7523 - val_auc_custom: 0.7525 - val_f1_custom: 0.5556 - val_recall_custom: 0.4717 - 1s/epoch - 20ms/step
Curriculum: set focal gamma = 1.6000 (epoch 37)
Epoch 37/70
56/56 - 1s - loss: 0.0584 - auc: 0.8665 - val_loss: 0.0954 - val_auc: 0.7545 - val_auc_custom: 0.7542 - val_f1_custom: 0.5111 - val_recall_custom: 0.4340 - 1s/epoch - 20ms/step
Curriculum: set focal gamma = 1.6000 (epoch 38)
Epoch 38/70
56/56 - 1s - loss: 0.0579 - auc: 0.8711 - val_loss: 0.0955 - val_auc: 0.7642 - val_auc_custom: 0.7640 - val_f1_custom: 0.5169 - val_recall_custom: 0.4340 - 1s/epoch - 22ms/step
Curriculum: set focal gamma = 1.6000 (epoch 39)
Epoch 39/70
56/56 - 1s - loss: 0.0582 - auc: 0.8695 - val_loss: 0.1001 - val_auc: 0.7439 - val_auc_custom: 0.7436 - val_f1_custom: 0.4719 - val_recall_custom: 0.3962 - 1s/epoch - 20ms/step
Curriculum: set focal gamma = 1.6000 (epoch 40)
Epoch 40/70
56/56 - 1s - loss: 0.0557 - auc: 0.8850 - val_loss: 0.1023 - val_auc: 0.7594 - val_auc_custom: 0.7587 - val_f1_custom: 0.4051 - val_recall_custom: 0.3019 - 1s/epoch - 21ms/step
Curriculum: set focal gamma = 1.6000 (epoch 41)
Epoch 41/70
56/56 - 1s - loss: 0.0539 - auc: 0.8927 - val_loss: 0.0967 - val_auc: 0.7616 - val_auc_custom: 0.7618 - val_f1_custom: 0.5333 - val_recall_custom: 0.4528 - 1s/epoch - 21ms/step
Curriculum: set focal gamma = 1.6000 (epoch 42)
Epoch 42/70
56/56 - 1s - loss: 0.0569 - auc: 0.8779 - val_loss: 0.1016 - val_auc: 0.7616 - val_auc_custom: 0.7623 - val_f1_custom: 0.5859 - val_recall_custom: 0.5472 - 1s/epoch - 20ms/step
Curriculum: set focal gamma = 1.6000 (epoch 43)
Epoch 43/70
56/56 - 1s - loss: 0.0536 - auc: 0.8904 - val_loss: 0.0982 - val_auc: 0.7689 - val_auc_custom: 0.7683 - val_f1_custom: 0.5060 - val_recall_custom: 0.3962 - 1s/epoch - 21ms/step
Curriculum: set focal gamma = 1.6000 (epoch 44)
Epoch 44/70
56/56 - 1s - loss: 0.0527 - auc: 0.8928 - val_loss: 0.0966 - val_auc: 0.7764 - val_auc_custom: 0.7761 - val_f1_custom: 0.5393 - val_recall_custom: 0.4528 - 1s/epoch - 24ms/step
Curriculum: set focal gamma = 1.6000 (epoch 45)
Epoch 45/70
56/56 - 1s - loss: 0.0549 - auc: 0.8889 - val_loss: 0.1066 - val_auc: 0.7444 - val_auc_custom: 0.7434 - val_f1_custom: 0.4444 - val_recall_custom: 0.3396 - 1s/epoch - 23ms/step
Curriculum: set focal gamma = 1.6000 (epoch 46)
Epoch 46/70
56/56 - 1s - loss: 0.0553 - auc: 0.8860 - val_loss: 0.1019 - val_auc: 0.7507 - val_auc_custom: 0.7512 - val_f1_custom: 0.5435 - val_recall_custom: 0.4717 - 1s/epoch - 21ms/step
Curriculum: set focal gamma = 1.6000 (epoch 47)
Epoch 47/70
56/56 - 1s - loss: 0.0523 - auc: 0.8979 - val_loss: 0.1007 - val_auc: 0.7638 - val_auc_custom: 0.7643 - val_f1_custom: 0.4651 - val_recall_custom: 0.3774 - 1s/epoch - 20ms/step
Curriculum: set focal gamma = 1.6000 (epoch 48)
Epoch 48/70
56/56 - 1s - loss: 0.0520 - auc: 0.8993 - val_loss: 0.0979 - val_auc: 0.7741 - val_auc_custom: 0.7738 - val_f1_custom: 0.5169 - val_recall_custom: 0.4340 - 1s/epoch - 21ms/step
Curriculum: set focal gamma = 1.6000 (epoch 49)
Epoch 49/70
56/56 - 1s - loss: 0.0507 - auc: 0.9025 - val_loss: 0.1055 - val_auc: 0.7511 - val_auc_custom: 0.7507 - val_f1_custom: 0.6154 - val_recall_custom: 0.6038 - 1s/epoch - 22ms/step
Curriculum: set focal gamma = 1.6000 (epoch 50)
Epoch 50/70
56/56 - 1s - loss: 0.0527 - auc: 0.8957 - val_loss: 0.1030 - val_auc: 0.7717 - val_auc_custom: 0.7721 - val_f1_custom: 0.5111 - val_recall_custom: 0.4340 - 1s/epoch - 21ms/step
Curriculum: set focal gamma = 1.6000 (epoch 51)
Epoch 51/70
56/56 - 1s - loss: 0.0489 - auc: 0.9117 - val_loss: 0.1035 - val_auc: 0.7723 - val_auc_custom: 0.7723 - val_f1_custom: 0.6408 - val_recall_custom: 0.6226 - 1s/epoch - 22ms/step
Curriculum: set focal gamma = 1.6000 (epoch 52)
Epoch 52/70
56/56 - 1s - loss: 0.0481 - auc: 0.9188 - val_loss: 0.1013 - val_auc: 0.7701 - val_auc_custom: 0.7713 - val_f1_custom: 0.6000 - val_recall_custom: 0.5094 - 1s/epoch - 21ms/step
Curriculum: set focal gamma = 1.6000 (epoch 53)
Epoch 53/70
56/56 - 1s - loss: 0.0483 - auc: 0.9208 - val_loss: 0.1117 - val_auc: 0.7580 - val_auc_custom: 0.7597 - val_f1_custom: 0.4524 - val_recall_custom: 0.3585 - 1s/epoch - 23ms/step
Curriculum: set focal gamma = 1.6000 (epoch 54)
Epoch 54/70
56/56 - 1s - loss: 0.0538 - auc: 0.8960 - val_loss: 0.1089 - val_auc: 0.7507 - val_auc_custom: 0.7761 - val_f1_custom: 0.5393 - val_recall_custom: 0.4528 - 1s/epoch - 20ms/step
Mask config -> mode=soft, threshold=0.6, window_gate=None
Done. Results saved to /home/user/projects/train/model/long_window/CNN_BiLSTM/result_focal_refine/cw07_fg08/01
