2025-09-17 09:21:46.669140: I tensorflow/core/util/port.cc:110] oneDNN custom operations are on. You may see slightly different numerical results due to floating-point round-off errors from different computation orders. To turn them off, set the environment variable `TF_ENABLE_ONEDNN_OPTS=0`.
2025-09-17 09:21:46.698415: I tensorflow/core/platform/cpu_feature_guard.cc:182] This TensorFlow binary is optimized to use available CPU instructions in performance-critical operations.
To enable the following instructions: AVX2 AVX_VNNI FMA, in other operations, rebuild TensorFlow with the appropriate compiler flags.
2025-09-17 09:21:47.101367: W tensorflow/compiler/tf2tensorrt/utils/py_utils.cc:38] TF-TRT Warning: Could not find TensorRT
2025-09-17 09:21:47.488404: I tensorflow/compiler/xla/stream_executor/cuda/cuda_gpu_executor.cc:981] could not open file to read NUMA node: /sys/bus/pci/devices/0000:01:00.0/numa_node
Your kernel may have been built without NUMA support.
2025-09-17 09:21:47.506859: I tensorflow/compiler/xla/stream_executor/cuda/cuda_gpu_executor.cc:981] could not open file to read NUMA node: /sys/bus/pci/devices/0000:01:00.0/numa_node
Your kernel may have been built without NUMA support.
2025-09-17 09:21:47.506956: I tensorflow/compiler/xla/stream_executor/cuda/cuda_gpu_executor.cc:981] could not open file to read NUMA node: /sys/bus/pci/devices/0000:01:00.0/numa_node
Your kernel may have been built without NUMA support.
2025-09-17 09:21:47.507842: I tensorflow/compiler/xla/stream_executor/cuda/cuda_gpu_executor.cc:981] could not open file to read NUMA node: /sys/bus/pci/devices/0000:01:00.0/numa_node
Your kernel may have been built without NUMA support.
2025-09-17 09:21:47.507901: I tensorflow/compiler/xla/stream_executor/cuda/cuda_gpu_executor.cc:981] could not open file to read NUMA node: /sys/bus/pci/devices/0000:01:00.0/numa_node
Your kernel may have been built without NUMA support.
2025-09-17 09:21:47.507921: I tensorflow/compiler/xla/stream_executor/cuda/cuda_gpu_executor.cc:981] could not open file to read NUMA node: /sys/bus/pci/devices/0000:01:00.0/numa_node
Your kernel may have been built without NUMA support.
2025-09-17 09:21:47.605523: I tensorflow/compiler/xla/stream_executor/cuda/cuda_gpu_executor.cc:981] could not open file to read NUMA node: /sys/bus/pci/devices/0000:01:00.0/numa_node
Your kernel may have been built without NUMA support.
2025-09-17 09:21:47.605639: I tensorflow/compiler/xla/stream_executor/cuda/cuda_gpu_executor.cc:981] could not open file to read NUMA node: /sys/bus/pci/devices/0000:01:00.0/numa_node
Your kernel may have been built without NUMA support.
2025-09-17 09:21:47.605661: I tensorflow/core/common_runtime/gpu/gpu_device.cc:1726] Could not identify NUMA node of platform GPU id 0, defaulting to 0.  Your kernel may not have been built with NUMA support.
2025-09-17 09:21:47.605693: I tensorflow/compiler/xla/stream_executor/cuda/cuda_gpu_executor.cc:981] could not open file to read NUMA node: /sys/bus/pci/devices/0000:01:00.0/numa_node
Your kernel may have been built without NUMA support.
2025-09-17 09:21:47.605715: I tensorflow/core/common_runtime/gpu/gpu_device.cc:1639] Created device /job:localhost/replica:0/task:0/device:GPU:0 with 9517 MB memory:  -> device: 0, name: NVIDIA GeForce RTX 4070 SUPER, pci bus id: 0000:01:00.0, compute capability: 8.9
GPU detected: 1 physical, 1 logical -> ['/device:GPU:0']
Config: batch=16, accumulate_steps=8 -> effective_batch=128
Loaded (1276, 36, 75) (1276,)
Using mask channel "occlusion_flag" from long_raw (index 7)
Model: "cnn_bilstm_attn_masked"
__________________________________________________________________________________________________
 Layer (type)                Output Shape                 Param #   Connected to                  
==================================================================================================
 input (InputLayer)          [(None, 36, 75)]             0         []                            
                                                                                                  
 permute_time_features (Per  (None, 75, 36)               0         ['input[0][0]']               
 mute)                                                                                            
                                                                                                  
 conv0 (Conv1D)              (None, 75, 64)               6976      ['permute_time_features[0][0]'
                                                                    ]                             
                                                                                                  
 bn0 (BatchNormalization)    (None, 75, 64)               256       ['conv0[0][0]']               
                                                                                                  
 act0 (Activation)           (None, 75, 64)               0         ['bn0[0][0]']                 
                                                                                                  
 conv_dropout0 (Dropout)     (None, 75, 64)               0         ['act0[0][0]']                
                                                                                                  
 conv1 (Conv1D)              (None, 75, 64)               20544     ['conv_dropout0[0][0]']       
                                                                                                  
 bn1 (BatchNormalization)    (None, 75, 64)               256       ['conv1[0][0]']               
                                                                                                  
 act1 (Activation)           (None, 75, 64)               0         ['bn1[0][0]']                 
                                                                                                  
 conv_dropout1 (Dropout)     (None, 75, 64)               0         ['act1[0][0]']                
                                                                                                  
 conv2 (Conv1D)              (None, 75, 64)               12352     ['conv_dropout1[0][0]']       
                                                                                                  
 bn2 (BatchNormalization)    (None, 75, 64)               256       ['conv2[0][0]']               
                                                                                                  
 act2 (Activation)           (None, 75, 64)               0         ['bn2[0][0]']                 
                                                                                                  
 conv_dropout2 (Dropout)     (None, 75, 64)               0         ['act2[0][0]']                
                                                                                                  
 bilstm (Bidirectional)      (None, 75, 128)              66048     ['conv_dropout2[0][0]']       
                                                                                                  
 mlp_attn_u (Dense)          (None, 75, 32)               4128      ['bilstm[0][0]']              
                                                                                                  
 mlp_attn_score (Dense)      (None, 75, 1)                33        ['mlp_attn_u[0][0]']          
                                                                                                  
 mlp_attn_squeeze (Lambda)   (None, 75)                   0         ['mlp_attn_score[0][0]']      
                                                                                                  
 attn_mask (InputLayer)      [(None, 75)]                 0         []                            
                                                                                                  
 mlp_attn_apply_mask (Lambd  (None, 75)                   0         ['mlp_attn_squeeze[0][0]',    
 a)                                                                  'attn_mask[0][0]']           
                                                                                                  
 mlp_attn_softmax (Lambda)   (None, 75)                   0         ['mlp_attn_apply_mask[0][0]'] 
                                                                                                  
 mlp_attn_expand (Lambda)    (None, 75, 1)                0         ['mlp_attn_softmax[0][0]']    
                                                                                                  
 mlp_attn_weighted (Lambda)  (None, 128)                  0         ['bilstm[0][0]',              
                                                                     'mlp_attn_expand[0][0]']     
                                                                                                  
 fc1 (Dense)                 (None, 64)                   8256      ['mlp_attn_weighted[0][0]']   
                                                                                                  
 fc_dropout (Dropout)        (None, 64)                   0         ['fc1[0][0]']                 
                                                                                                  
 out (Dense)                 (None, 1)                    65        ['fc_dropout[0][0]']          
                                                                                                  
==================================================================================================
Total params: 119171 (465.51 KB)
Trainable params: 118786 (464.01 KB)
Non-trainable params: 385 (1.50 KB)
__________________________________________________________________________________________________
None
Writing results to /home/user/projects/train/model/long_window/CNN_BiLSTM/result_focal_refine/cw08_fg05/01
Curriculum: set focal gamma = 0.0000 (epoch 1)
Epoch 1/70
2025-09-17 09:21:51.980953: I tensorflow/compiler/xla/stream_executor/cuda/cuda_dnn.cc:432] Loaded cuDNN version 8600
2025-09-17 09:21:52.052466: I tensorflow/tsl/platform/default/subprocess.cc:304] Start cannot spawn child process: No such file or directory
2025-09-17 09:21:52.184616: I tensorflow/compiler/xla/stream_executor/cuda/cuda_blas.cc:606] TensorFloat-32 will be used for the matrix multiplication. This will only be logged once.
2025-09-17 09:21:52.482081: I tensorflow/compiler/xla/service/service.cc:168] XLA service 0x5b1c79ae69e0 initialized for platform CUDA (this does not guarantee that XLA will be used). Devices:
2025-09-17 09:21:52.482126: I tensorflow/compiler/xla/service/service.cc:176]   StreamExecutor device (0): NVIDIA GeForce RTX 4070 SUPER, Compute Capability 8.9
2025-09-17 09:21:52.485165: I tensorflow/compiler/mlir/tensorflow/utils/dump_mlir_util.cc:255] disabling MLIR crash reproducer, set env var `MLIR_CRASH_REPRODUCER_DIRECTORY` to enable.
2025-09-17 09:21:52.533813: I tensorflow/tsl/platform/default/subprocess.cc:304] Start cannot spawn child process: No such file or directory
2025-09-17 09:21:52.573410: I ./tensorflow/compiler/jit/device_compiler.h:186] Compiled cluster using XLA!  This line is logged at most once for the lifetime of the process.
56/56 - 7s - loss: 0.3391 - auc: 0.4902 - val_loss: 0.3368 - val_auc: 0.5957 - val_auc_custom: 0.5930 - val_f1_custom: 0.0000e+00 - val_recall_custom: 0.0000e+00 - 7s/epoch - 116ms/step
Curriculum: set focal gamma = 0.0737 (epoch 2)
Epoch 2/70
56/56 - 1s - loss: 0.2672 - auc: 0.5762 - val_loss: 0.2797 - val_auc: 0.5791 - val_auc_custom: 0.5836 - val_f1_custom: 0.0000e+00 - val_recall_custom: 0.0000e+00 - 1s/epoch - 19ms/step
Curriculum: set focal gamma = 0.1474 (epoch 3)
Epoch 3/70
56/56 - 1s - loss: 0.2519 - auc: 0.5500 - val_loss: 0.2501 - val_auc: 0.5784 - val_auc_custom: 0.5774 - val_f1_custom: 0.0000e+00 - val_recall_custom: 0.0000e+00 - 1s/epoch - 21ms/step
Curriculum: set focal gamma = 0.2211 (epoch 4)
Epoch 4/70
56/56 - 1s - loss: 0.2381 - auc: 0.5923 - val_loss: 0.2356 - val_auc: 0.5813 - val_auc_custom: 0.5844 - val_f1_custom: 0.0000e+00 - val_recall_custom: 0.0000e+00 - 1s/epoch - 20ms/step
Curriculum: set focal gamma = 0.2947 (epoch 5)
Epoch 5/70
56/56 - 1s - loss: 0.2202 - auc: 0.6250 - val_loss: 0.2235 - val_auc: 0.5894 - val_auc_custom: 0.5914 - val_f1_custom: 0.0000e+00 - val_recall_custom: 0.0000e+00 - 1s/epoch - 20ms/step
Curriculum: set focal gamma = 0.3684 (epoch 6)
Epoch 6/70
56/56 - 1s - loss: 0.2053 - auc: 0.6503 - val_loss: 0.2126 - val_auc: 0.5909 - val_auc_custom: 0.5914 - val_f1_custom: 0.0000e+00 - val_recall_custom: 0.0000e+00 - 1s/epoch - 21ms/step
Curriculum: set focal gamma = 0.4421 (epoch 7)
Epoch 7/70
56/56 - 1s - loss: 0.1976 - auc: 0.6416 - val_loss: 0.2023 - val_auc: 0.5907 - val_auc_custom: 0.5902 - val_f1_custom: 0.0000e+00 - val_recall_custom: 0.0000e+00 - 1s/epoch - 20ms/step
Curriculum: set focal gamma = 0.5158 (epoch 8)
Epoch 8/70
56/56 - 1s - loss: 0.1853 - auc: 0.6599 - val_loss: 0.1929 - val_auc: 0.5882 - val_auc_custom: 0.5884 - val_f1_custom: 0.0727 - val_recall_custom: 0.0377 - 1s/epoch - 20ms/step
Curriculum: set focal gamma = 0.5895 (epoch 9)
Epoch 9/70
56/56 - 1s - loss: 0.1753 - auc: 0.6621 - val_loss: 0.1839 - val_auc: 0.5826 - val_auc_custom: 0.5839 - val_f1_custom: 0.0727 - val_recall_custom: 0.0377 - 1s/epoch - 20ms/step
Curriculum: set focal gamma = 0.6632 (epoch 10)
Epoch 10/70
56/56 - 1s - loss: 0.1649 - auc: 0.6808 - val_loss: 0.1749 - val_auc: 0.5884 - val_auc_custom: 0.5894 - val_f1_custom: 0.1071 - val_recall_custom: 0.0566 - 1s/epoch - 20ms/step
Curriculum: set focal gamma = 0.7368 (epoch 11)
Epoch 11/70
56/56 - 1s - loss: 0.1556 - auc: 0.6849 - val_loss: 0.1658 - val_auc: 0.5970 - val_auc_custom: 0.5965 - val_f1_custom: 0.1724 - val_recall_custom: 0.0943 - 1s/epoch - 22ms/step
Curriculum: set focal gamma = 0.8105 (epoch 12)
Epoch 12/70
56/56 - 1s - loss: 0.1495 - auc: 0.6755 - val_loss: 0.1583 - val_auc: 0.5967 - val_auc_custom: 0.5970 - val_f1_custom: 0.2034 - val_recall_custom: 0.1132 - 1s/epoch - 20ms/step
Curriculum: set focal gamma = 0.8842 (epoch 13)
Epoch 13/70
56/56 - 1s - loss: 0.1386 - auc: 0.7094 - val_loss: 0.1501 - val_auc: 0.6011 - val_auc_custom: 0.5997 - val_f1_custom: 0.2000 - val_recall_custom: 0.1132 - 1s/epoch - 21ms/step
Curriculum: set focal gamma = 0.9579 (epoch 14)
Epoch 14/70
56/56 - 1s - loss: 0.1331 - auc: 0.6972 - val_loss: 0.1409 - val_auc: 0.6107 - val_auc_custom: 0.6103 - val_f1_custom: 0.1724 - val_recall_custom: 0.0943 - 1s/epoch - 22ms/step
Curriculum: set focal gamma = 1.0316 (epoch 15)
Epoch 15/70
56/56 - 1s - loss: 0.1259 - auc: 0.7070 - val_loss: 0.1339 - val_auc: 0.6201 - val_auc_custom: 0.6189 - val_f1_custom: 0.1667 - val_recall_custom: 0.0943 - 1s/epoch - 21ms/step
Curriculum: set focal gamma = 1.1053 (epoch 16)
Epoch 16/70
56/56 - 1s - loss: 0.1175 - auc: 0.7207 - val_loss: 0.1279 - val_auc: 0.6297 - val_auc_custom: 0.6254 - val_f1_custom: 0.1905 - val_recall_custom: 0.1132 - 1s/epoch - 22ms/step
Curriculum: set focal gamma = 1.1789 (epoch 17)
Epoch 17/70
56/56 - 1s - loss: 0.1110 - auc: 0.7306 - val_loss: 0.1226 - val_auc: 0.6282 - val_auc_custom: 0.6289 - val_f1_custom: 0.2462 - val_recall_custom: 0.1509 - 1s/epoch - 21ms/step
Curriculum: set focal gamma = 1.2526 (epoch 18)
Epoch 18/70
56/56 - 1s - loss: 0.1045 - auc: 0.7400 - val_loss: 0.1155 - val_auc: 0.6448 - val_auc_custom: 0.6455 - val_f1_custom: 0.1905 - val_recall_custom: 0.1132 - 1s/epoch - 22ms/step
Curriculum: set focal gamma = 1.3263 (epoch 19)
Epoch 19/70
56/56 - 1s - loss: 0.0990 - auc: 0.7474 - val_loss: 0.1094 - val_auc: 0.6592 - val_auc_custom: 0.6599 - val_f1_custom: 0.2462 - val_recall_custom: 0.1509 - 1s/epoch - 23ms/step
Curriculum: set focal gamma = 1.4000 (epoch 20)
Epoch 20/70
56/56 - 1s - loss: 0.0901 - auc: 0.7780 - val_loss: 0.1063 - val_auc: 0.6638 - val_auc_custom: 0.6621 - val_f1_custom: 0.2778 - val_recall_custom: 0.1887 - 1s/epoch - 23ms/step
Curriculum: set focal gamma = 1.4000 (epoch 21)
Epoch 21/70
56/56 - 1s - loss: 0.0906 - auc: 0.7721 - val_loss: 0.1060 - val_auc: 0.6653 - val_auc_custom: 0.6652 - val_f1_custom: 0.2500 - val_recall_custom: 0.1698 - 1s/epoch - 22ms/step
Curriculum: set focal gamma = 1.4000 (epoch 22)
Epoch 22/70
56/56 - 1s - loss: 0.0892 - auc: 0.7875 - val_loss: 0.1068 - val_auc: 0.6714 - val_auc_custom: 0.6737 - val_f1_custom: 0.2973 - val_recall_custom: 0.2075 - 1s/epoch - 22ms/step
Curriculum: set focal gamma = 1.4000 (epoch 23)
Epoch 23/70
56/56 - 1s - loss: 0.0870 - auc: 0.8021 - val_loss: 0.1105 - val_auc: 0.6619 - val_auc_custom: 0.6591 - val_f1_custom: 0.4286 - val_recall_custom: 0.3396 - 1s/epoch - 21ms/step
Curriculum: set focal gamma = 1.4000 (epoch 24)
Epoch 24/70
56/56 - 1s - loss: 0.0889 - auc: 0.7831 - val_loss: 0.1061 - val_auc: 0.6771 - val_auc_custom: 0.6790 - val_f1_custom: 0.3200 - val_recall_custom: 0.2264 - 1s/epoch - 23ms/step
Curriculum: set focal gamma = 1.4000 (epoch 25)
Epoch 25/70
56/56 - 1s - loss: 0.0885 - auc: 0.7870 - val_loss: 0.1122 - val_auc: 0.6742 - val_auc_custom: 0.6732 - val_f1_custom: 0.5055 - val_recall_custom: 0.4340 - 1s/epoch - 22ms/step
Curriculum: set focal gamma = 1.4000 (epoch 26)
Epoch 26/70
56/56 - 1s - loss: 0.0846 - auc: 0.8129 - val_loss: 0.1060 - val_auc: 0.6916 - val_auc_custom: 0.6921 - val_f1_custom: 0.3544 - val_recall_custom: 0.2642 - 1s/epoch - 22ms/step
Curriculum: set focal gamma = 1.4000 (epoch 27)
Epoch 27/70
56/56 - 1s - loss: 0.0834 - auc: 0.8179 - val_loss: 0.1134 - val_auc: 0.6806 - val_auc_custom: 0.6815 - val_f1_custom: 0.4946 - val_recall_custom: 0.4340 - 1s/epoch - 21ms/step
Curriculum: set focal gamma = 1.4000 (epoch 28)
Epoch 28/70
56/56 - 1s - loss: 0.0846 - auc: 0.8207 - val_loss: 0.1057 - val_auc: 0.7082 - val_auc_custom: 0.7062 - val_f1_custom: 0.4524 - val_recall_custom: 0.3585 - 1s/epoch - 23ms/step
Curriculum: set focal gamma = 1.4000 (epoch 29)
Epoch 29/70
56/56 - 1s - loss: 0.0838 - auc: 0.8157 - val_loss: 0.1185 - val_auc: 0.6855 - val_auc_custom: 0.6843 - val_f1_custom: 0.5474 - val_recall_custom: 0.4906 - 1s/epoch - 20ms/step
Curriculum: set focal gamma = 1.4000 (epoch 30)
Epoch 30/70
56/56 - 1s - loss: 0.0834 - auc: 0.8225 - val_loss: 0.1085 - val_auc: 0.7033 - val_auc_custom: 0.7036 - val_f1_custom: 0.5275 - val_recall_custom: 0.4528 - 1s/epoch - 22ms/step
Curriculum: set focal gamma = 1.4000 (epoch 31)
Epoch 31/70
56/56 - 1s - loss: 0.0811 - auc: 0.8355 - val_loss: 0.1241 - val_auc: 0.6829 - val_auc_custom: 0.6838 - val_f1_custom: 0.5577 - val_recall_custom: 0.5472 - 1s/epoch - 21ms/step
Curriculum: set focal gamma = 1.4000 (epoch 32)
Epoch 32/70
56/56 - 1s - loss: 0.0776 - auc: 0.8485 - val_loss: 0.1074 - val_auc: 0.7167 - val_auc_custom: 0.7165 - val_f1_custom: 0.5591 - val_recall_custom: 0.4906 - 1s/epoch - 22ms/step
Curriculum: set focal gamma = 1.4000 (epoch 33)
Epoch 33/70
56/56 - 1s - loss: 0.0768 - auc: 0.8530 - val_loss: 0.1193 - val_auc: 0.7079 - val_auc_custom: 0.7077 - val_f1_custom: 0.5714 - val_recall_custom: 0.5283 - 1s/epoch - 21ms/step
Curriculum: set focal gamma = 1.4000 (epoch 34)
Epoch 34/70
56/56 - 1s - loss: 0.0749 - auc: 0.8618 - val_loss: 0.1199 - val_auc: 0.7143 - val_auc_custom: 0.7135 - val_f1_custom: 0.5686 - val_recall_custom: 0.5472 - 1s/epoch - 20ms/step
Curriculum: set focal gamma = 1.4000 (epoch 35)
Epoch 35/70
56/56 - 1s - loss: 0.0724 - auc: 0.8701 - val_loss: 0.1163 - val_auc: 0.7247 - val_auc_custom: 0.7248 - val_f1_custom: 0.5800 - val_recall_custom: 0.5472 - 1s/epoch - 21ms/step
Curriculum: set focal gamma = 1.4000 (epoch 36)
Epoch 36/70
56/56 - 1s - loss: 0.0746 - auc: 0.8560 - val_loss: 0.1188 - val_auc: 0.7273 - val_auc_custom: 0.7268 - val_f1_custom: 0.5714 - val_recall_custom: 0.5283 - 1s/epoch - 21ms/step
Curriculum: set focal gamma = 1.4000 (epoch 37)
Epoch 37/70
56/56 - 1s - loss: 0.0704 - auc: 0.8806 - val_loss: 0.1287 - val_auc: 0.7136 - val_auc_custom: 0.7135 - val_f1_custom: 0.5849 - val_recall_custom: 0.5849 - 1s/epoch - 19ms/step
Curriculum: set focal gamma = 1.4000 (epoch 38)
Epoch 38/70
56/56 - 1s - loss: 0.0733 - auc: 0.8678 - val_loss: 0.1139 - val_auc: 0.7265 - val_auc_custom: 0.7260 - val_f1_custom: 0.5435 - val_recall_custom: 0.4717 - 1s/epoch - 21ms/step
Curriculum: set focal gamma = 1.4000 (epoch 39)
Epoch 39/70
56/56 - 1s - loss: 0.0765 - auc: 0.8509 - val_loss: 0.1375 - val_auc: 0.7024 - val_auc_custom: 0.7026 - val_f1_custom: 0.5664 - val_recall_custom: 0.6038 - 1s/epoch - 21ms/step
Curriculum: set focal gamma = 1.4000 (epoch 40)
Epoch 40/70
56/56 - 1s - loss: 0.0681 - auc: 0.8895 - val_loss: 0.1088 - val_auc: 0.7569 - val_auc_custom: 0.7575 - val_f1_custom: 0.5376 - val_recall_custom: 0.4717 - 1s/epoch - 22ms/step
Curriculum: set focal gamma = 1.4000 (epoch 41)
Epoch 41/70
56/56 - 1s - loss: 0.0695 - auc: 0.8826 - val_loss: 0.1547 - val_auc: 0.7026 - val_auc_custom: 0.7024 - val_f1_custom: 0.6102 - val_recall_custom: 0.6792 - 1s/epoch - 20ms/step
Curriculum: set focal gamma = 1.4000 (epoch 42)
Epoch 42/70
56/56 - 1s - loss: 0.0697 - auc: 0.8816 - val_loss: 0.1193 - val_auc: 0.7443 - val_auc_custom: 0.7444 - val_f1_custom: 0.5625 - val_recall_custom: 0.5094 - 1s/epoch - 20ms/step
Curriculum: set focal gamma = 1.4000 (epoch 43)
Epoch 43/70
56/56 - 1s - loss: 0.0678 - auc: 0.8860 - val_loss: 0.1255 - val_auc: 0.7450 - val_auc_custom: 0.7442 - val_f1_custom: 0.6111 - val_recall_custom: 0.6226 - 1s/epoch - 21ms/step
Curriculum: set focal gamma = 1.4000 (epoch 44)
Epoch 44/70
56/56 - 1s - loss: 0.0699 - auc: 0.8774 - val_loss: 0.1204 - val_auc: 0.7286 - val_auc_custom: 0.7278 - val_f1_custom: 0.6122 - val_recall_custom: 0.5660 - 1s/epoch - 20ms/step
Curriculum: set focal gamma = 1.4000 (epoch 45)
Epoch 45/70
56/56 - 1s - loss: 0.0667 - auc: 0.8898 - val_loss: 0.1215 - val_auc: 0.7348 - val_auc_custom: 0.7356 - val_f1_custom: 0.5806 - val_recall_custom: 0.5094 - 1s/epoch - 21ms/step
Curriculum: set focal gamma = 1.4000 (epoch 46)
Epoch 46/70
56/56 - 1s - loss: 0.0676 - auc: 0.8931 - val_loss: 0.1432 - val_auc: 0.7035 - val_auc_custom: 0.7029 - val_f1_custom: 0.5946 - val_recall_custom: 0.6226 - 1s/epoch - 21ms/step
Curriculum: set focal gamma = 1.4000 (epoch 47)
Epoch 47/70
56/56 - 1s - loss: 0.0653 - auc: 0.8950 - val_loss: 0.1270 - val_auc: 0.7367 - val_auc_custom: 0.7369 - val_f1_custom: 0.6200 - val_recall_custom: 0.5849 - 1s/epoch - 21ms/step
Curriculum: set focal gamma = 1.4000 (epoch 48)
Epoch 48/70
56/56 - 1s - loss: 0.0624 - auc: 0.9113 - val_loss: 0.1709 - val_auc: 0.7117 - val_auc_custom: 0.7104 - val_f1_custom: 0.5902 - val_recall_custom: 0.6792 - 1s/epoch - 21ms/step
Curriculum: set focal gamma = 1.4000 (epoch 49)
Epoch 49/70
56/56 - 1s - loss: 0.0678 - auc: 0.8877 - val_loss: 0.1526 - val_auc: 0.7206 - val_auc_custom: 0.7213 - val_f1_custom: 0.5965 - val_recall_custom: 0.6415 - 1s/epoch - 20ms/step
Curriculum: set focal gamma = 1.4000 (epoch 50)
Epoch 50/70
56/56 - 1s - loss: 0.0590 - auc: 0.9186 - val_loss: 0.1551 - val_auc: 0.7238 - val_auc_custom: 0.7575 - val_f1_custom: 0.5376 - val_recall_custom: 0.4717 - 1s/epoch - 22ms/step
Mask config -> mode=soft, threshold=0.6, window_gate=None
Done. Results saved to /home/user/projects/train/model/long_window/CNN_BiLSTM/result_focal_refine/cw08_fg05/01
