2025-09-18 02:10:57.040570: I tensorflow/core/util/port.cc:110] oneDNN custom operations are on. You may see slightly different numerical results due to floating-point round-off errors from different computation orders. To turn them off, set the environment variable `TF_ENABLE_ONEDNN_OPTS=0`.
2025-09-18 02:10:57.095866: I tensorflow/core/platform/cpu_feature_guard.cc:182] This TensorFlow binary is optimized to use available CPU instructions in performance-critical operations.
To enable the following instructions: AVX2 AVX_VNNI FMA, in other operations, rebuild TensorFlow with the appropriate compiler flags.
2025-09-18 02:10:57.931388: W tensorflow/compiler/tf2tensorrt/utils/py_utils.cc:38] TF-TRT Warning: Could not find TensorRT
2025-09-18 02:10:58.585303: I tensorflow/compiler/xla/stream_executor/cuda/cuda_gpu_executor.cc:981] could not open file to read NUMA node: /sys/bus/pci/devices/0000:01:00.0/numa_node
Your kernel may have been built without NUMA support.
2025-09-18 02:10:58.619189: I tensorflow/compiler/xla/stream_executor/cuda/cuda_gpu_executor.cc:981] could not open file to read NUMA node: /sys/bus/pci/devices/0000:01:00.0/numa_node
Your kernel may have been built without NUMA support.
2025-09-18 02:10:58.619308: I tensorflow/compiler/xla/stream_executor/cuda/cuda_gpu_executor.cc:981] could not open file to read NUMA node: /sys/bus/pci/devices/0000:01:00.0/numa_node
Your kernel may have been built without NUMA support.
2025-09-18 02:10:58.620919: I tensorflow/compiler/xla/stream_executor/cuda/cuda_gpu_executor.cc:981] could not open file to read NUMA node: /sys/bus/pci/devices/0000:01:00.0/numa_node
Your kernel may have been built without NUMA support.
2025-09-18 02:10:58.621006: I tensorflow/compiler/xla/stream_executor/cuda/cuda_gpu_executor.cc:981] could not open file to read NUMA node: /sys/bus/pci/devices/0000:01:00.0/numa_node
Your kernel may have been built without NUMA support.
2025-09-18 02:10:58.621032: I tensorflow/compiler/xla/stream_executor/cuda/cuda_gpu_executor.cc:981] could not open file to read NUMA node: /sys/bus/pci/devices/0000:01:00.0/numa_node
Your kernel may have been built without NUMA support.
2025-09-18 02:10:58.837499: I tensorflow/compiler/xla/stream_executor/cuda/cuda_gpu_executor.cc:981] could not open file to read NUMA node: /sys/bus/pci/devices/0000:01:00.0/numa_node
Your kernel may have been built without NUMA support.
2025-09-18 02:10:58.837628: I tensorflow/compiler/xla/stream_executor/cuda/cuda_gpu_executor.cc:981] could not open file to read NUMA node: /sys/bus/pci/devices/0000:01:00.0/numa_node
Your kernel may have been built without NUMA support.
2025-09-18 02:10:58.837638: I tensorflow/core/common_runtime/gpu/gpu_device.cc:1726] Could not identify NUMA node of platform GPU id 0, defaulting to 0.  Your kernel may not have been built with NUMA support.
2025-09-18 02:10:58.837665: I tensorflow/compiler/xla/stream_executor/cuda/cuda_gpu_executor.cc:981] could not open file to read NUMA node: /sys/bus/pci/devices/0000:01:00.0/numa_node
Your kernel may have been built without NUMA support.
2025-09-18 02:10:58.837687: I tensorflow/core/common_runtime/gpu/gpu_device.cc:1639] Created device /job:localhost/replica:0/task:0/device:GPU:0 with 9517 MB memory:  -> device: 0, name: NVIDIA GeForce RTX 4070 SUPER, pci bus id: 0000:01:00.0, compute capability: 8.9
GPU detected: 1 physical, 1 logical -> ['/device:GPU:0']
Config: batch=16, accumulate_steps=8 -> effective_batch=128
Loaded (1276, 36, 75) (1276,)
Using mask channel "occlusion_flag" from long_raw (index 7)
Model: "cnn_bilstm_attn_masked"
__________________________________________________________________________________________________
 Layer (type)                Output Shape                 Param #   Connected to                  
==================================================================================================
 input (InputLayer)          [(None, 36, 75)]             0         []                            
                                                                                                  
 permute_time_features (Per  (None, 75, 36)               0         ['input[0][0]']               
 mute)                                                                                            
                                                                                                  
 conv0 (Conv1D)              (None, 75, 64)               6976      ['permute_time_features[0][0]'
                                                                    ]                             
                                                                                                  
 bn0 (BatchNormalization)    (None, 75, 64)               256       ['conv0[0][0]']               
                                                                                                  
 act0 (Activation)           (None, 75, 64)               0         ['bn0[0][0]']                 
                                                                                                  
 conv_dropout0 (Dropout)     (None, 75, 64)               0         ['act0[0][0]']                
                                                                                                  
 conv1 (Conv1D)              (None, 75, 64)               20544     ['conv_dropout0[0][0]']       
                                                                                                  
 bn1 (BatchNormalization)    (None, 75, 64)               256       ['conv1[0][0]']               
                                                                                                  
 act1 (Activation)           (None, 75, 64)               0         ['bn1[0][0]']                 
                                                                                                  
 conv_dropout1 (Dropout)     (None, 75, 64)               0         ['act1[0][0]']                
                                                                                                  
 conv2 (Conv1D)              (None, 75, 64)               12352     ['conv_dropout1[0][0]']       
                                                                                                  
 bn2 (BatchNormalization)    (None, 75, 64)               256       ['conv2[0][0]']               
                                                                                                  
 act2 (Activation)           (None, 75, 64)               0         ['bn2[0][0]']                 
                                                                                                  
 conv_dropout2 (Dropout)     (None, 75, 64)               0         ['act2[0][0]']                
                                                                                                  
 bilstm (Bidirectional)      (None, 75, 128)              66048     ['conv_dropout2[0][0]']       
                                                                                                  
 mlp_attn_u (Dense)          (None, 75, 32)               4128      ['bilstm[0][0]']              
                                                                                                  
 mlp_attn_score (Dense)      (None, 75, 1)                33        ['mlp_attn_u[0][0]']          
                                                                                                  
 mlp_attn_squeeze (Lambda)   (None, 75)                   0         ['mlp_attn_score[0][0]']      
                                                                                                  
 attn_mask (InputLayer)      [(None, 75)]                 0         []                            
                                                                                                  
 mlp_attn_apply_mask (Lambd  (None, 75)                   0         ['mlp_attn_squeeze[0][0]',    
 a)                                                                  'attn_mask[0][0]']           
                                                                                                  
 mlp_attn_softmax (Lambda)   (None, 75)                   0         ['mlp_attn_apply_mask[0][0]'] 
                                                                                                  
 mlp_attn_expand (Lambda)    (None, 75, 1)                0         ['mlp_attn_softmax[0][0]']    
                                                                                                  
 mlp_attn_weighted (Lambda)  (None, 128)                  0         ['bilstm[0][0]',              
                                                                     'mlp_attn_expand[0][0]']     
                                                                                                  
 fc1 (Dense)                 (None, 64)                   8256      ['mlp_attn_weighted[0][0]']   
                                                                                                  
 fc_dropout (Dropout)        (None, 64)                   0         ['fc1[0][0]']                 
                                                                                                  
 out (Dense)                 (None, 1)                    65        ['fc_dropout[0][0]']          
                                                                                                  
==================================================================================================
Total params: 119171 (465.51 KB)
Trainable params: 118786 (464.01 KB)
Non-trainable params: 385 (1.50 KB)
__________________________________________________________________________________________________
None
Writing results to result_confirm/05
Curriculum: set focal gamma = 0.0000 (epoch 1)
Epoch 1/70
2025-09-18 02:11:07.618658: I tensorflow/compiler/xla/stream_executor/cuda/cuda_dnn.cc:432] Loaded cuDNN version 8600
2025-09-18 02:11:07.787075: I tensorflow/tsl/platform/default/subprocess.cc:304] Start cannot spawn child process: No such file or directory
2025-09-18 02:11:08.117860: I tensorflow/compiler/xla/stream_executor/cuda/cuda_blas.cc:606] TensorFloat-32 will be used for the matrix multiplication. This will only be logged once.
2025-09-18 02:11:09.019475: I tensorflow/compiler/xla/service/service.cc:168] XLA service 0x555a7a7cbd00 initialized for platform CUDA (this does not guarantee that XLA will be used). Devices:
2025-09-18 02:11:09.019537: I tensorflow/compiler/xla/service/service.cc:176]   StreamExecutor device (0): NVIDIA GeForce RTX 4070 SUPER, Compute Capability 8.9
2025-09-18 02:11:09.024331: I tensorflow/compiler/mlir/tensorflow/utils/dump_mlir_util.cc:255] disabling MLIR crash reproducer, set env var `MLIR_CRASH_REPRODUCER_DIRECTORY` to enable.
2025-09-18 02:11:09.104093: I tensorflow/tsl/platform/default/subprocess.cc:304] Start cannot spawn child process: No such file or directory
2025-09-18 02:11:09.150909: I ./tensorflow/compiler/jit/device_compiler.h:186] Compiled cluster using XLA!  This line is logged at most once for the lifetime of the process.
56/56 - 14s - loss: 0.3274 - auc: 0.5614 - val_loss: 0.3346 - val_auc: 0.5769 - val_auc_custom: 0.5791 - val_f1_custom: 0.0000e+00 - val_recall_custom: 0.0000e+00 - 14s/epoch - 243ms/step
Curriculum: set focal gamma = 0.0526 (epoch 2)
Epoch 2/70
56/56 - 3s - loss: 0.2910 - auc: 0.5700 - val_loss: 0.3090 - val_auc: 0.5707 - val_auc_custom: 0.5736 - val_f1_custom: 0.0000e+00 - val_recall_custom: 0.0000e+00 - 3s/epoch - 50ms/step
Curriculum: set focal gamma = 0.1053 (epoch 3)
Epoch 3/70
56/56 - 2s - loss: 0.2799 - auc: 0.5906 - val_loss: 0.2957 - val_auc: 0.5769 - val_auc_custom: 0.5769 - val_f1_custom: 0.0000e+00 - val_recall_custom: 0.0000e+00 - 2s/epoch - 33ms/step
Curriculum: set focal gamma = 0.1579 (epoch 4)
Epoch 4/70
56/56 - 3s - loss: 0.2664 - auc: 0.6087 - val_loss: 0.2840 - val_auc: 0.5842 - val_auc_custom: 0.5857 - val_f1_custom: 0.0357 - val_recall_custom: 0.0189 - 3s/epoch - 55ms/step
Curriculum: set focal gamma = 0.2105 (epoch 5)
Epoch 5/70
56/56 - 3s - loss: 0.2510 - auc: 0.6490 - val_loss: 0.2746 - val_auc: 0.5848 - val_auc_custom: 0.5849 - val_f1_custom: 0.1667 - val_recall_custom: 0.0943 - 3s/epoch - 48ms/step
Curriculum: set focal gamma = 0.2632 (epoch 6)
Epoch 6/70
56/56 - 2s - loss: 0.2432 - auc: 0.6405 - val_loss: 0.2653 - val_auc: 0.5858 - val_auc_custom: 0.5872 - val_f1_custom: 0.1875 - val_recall_custom: 0.1132 - 2s/epoch - 40ms/step
Curriculum: set focal gamma = 0.3158 (epoch 7)
Epoch 7/70
56/56 - 2s - loss: 0.2326 - auc: 0.6513 - val_loss: 0.2554 - val_auc: 0.5858 - val_auc_custom: 0.5852 - val_f1_custom: 0.1905 - val_recall_custom: 0.1132 - 2s/epoch - 39ms/step
Curriculum: set focal gamma = 0.3684 (epoch 8)
Epoch 8/70
56/56 - 2s - loss: 0.2232 - auc: 0.6584 - val_loss: 0.2467 - val_auc: 0.5830 - val_auc_custom: 0.5831 - val_f1_custom: 0.1639 - val_recall_custom: 0.0943 - 2s/epoch - 39ms/step
Curriculum: set focal gamma = 0.4211 (epoch 9)
Epoch 9/70
56/56 - 3s - loss: 0.2107 - auc: 0.6862 - val_loss: 0.2360 - val_auc: 0.5877 - val_auc_custom: 0.5872 - val_f1_custom: 0.1935 - val_recall_custom: 0.1132 - 3s/epoch - 46ms/step
Curriculum: set focal gamma = 0.4737 (epoch 10)
Epoch 10/70
56/56 - 3s - loss: 0.2026 - auc: 0.6900 - val_loss: 0.2267 - val_auc: 0.5966 - val_auc_custom: 0.5977 - val_f1_custom: 0.2687 - val_recall_custom: 0.1698 - 3s/epoch - 46ms/step
Curriculum: set focal gamma = 0.5263 (epoch 11)
Epoch 11/70
56/56 - 2s - loss: 0.1945 - auc: 0.6865 - val_loss: 0.2182 - val_auc: 0.6069 - val_auc_custom: 0.6065 - val_f1_custom: 0.3099 - val_recall_custom: 0.2075 - 2s/epoch - 40ms/step
Curriculum: set focal gamma = 0.5789 (epoch 12)
Epoch 12/70
56/56 - 2s - loss: 0.1864 - auc: 0.6917 - val_loss: 0.2096 - val_auc: 0.6112 - val_auc_custom: 0.6143 - val_f1_custom: 0.2899 - val_recall_custom: 0.1887 - 2s/epoch - 43ms/step
Curriculum: set focal gamma = 0.6316 (epoch 13)
Epoch 13/70
56/56 - 2s - loss: 0.1777 - auc: 0.7126 - val_loss: 0.2024 - val_auc: 0.6220 - val_auc_custom: 0.6224 - val_f1_custom: 0.3288 - val_recall_custom: 0.2264 - 2s/epoch - 42ms/step
Curriculum: set focal gamma = 0.6842 (epoch 14)
Epoch 14/70
56/56 - 2s - loss: 0.1711 - auc: 0.7119 - val_loss: 0.1932 - val_auc: 0.6382 - val_auc_custom: 0.6390 - val_f1_custom: 0.3514 - val_recall_custom: 0.2453 - 2s/epoch - 40ms/step
Curriculum: set focal gamma = 0.7368 (epoch 15)
Epoch 15/70
56/56 - 2s - loss: 0.1627 - auc: 0.7246 - val_loss: 0.1858 - val_auc: 0.6501 - val_auc_custom: 0.6516 - val_f1_custom: 0.3514 - val_recall_custom: 0.2453 - 2s/epoch - 43ms/step
Curriculum: set focal gamma = 0.7895 (epoch 16)
Epoch 16/70
56/56 - 3s - loss: 0.1591 - auc: 0.7123 - val_loss: 0.1802 - val_auc: 0.6556 - val_auc_custom: 0.6536 - val_f1_custom: 0.3896 - val_recall_custom: 0.2830 - 3s/epoch - 45ms/step
Curriculum: set focal gamma = 0.8421 (epoch 17)
Epoch 17/70
56/56 - 1s - loss: 0.1453 - auc: 0.7662 - val_loss: 0.1718 - val_auc: 0.6709 - val_auc_custom: 0.6694 - val_f1_custom: 0.3896 - val_recall_custom: 0.2830 - 1s/epoch - 26ms/step
Curriculum: set focal gamma = 0.8947 (epoch 18)
Epoch 18/70
56/56 - 2s - loss: 0.1395 - auc: 0.7606 - val_loss: 0.1719 - val_auc: 0.6645 - val_auc_custom: 0.6639 - val_f1_custom: 0.4651 - val_recall_custom: 0.3774 - 2s/epoch - 37ms/step
Curriculum: set focal gamma = 0.9474 (epoch 19)
Epoch 19/70
56/56 - 2s - loss: 0.1323 - auc: 0.7715 - val_loss: 0.1629 - val_auc: 0.6873 - val_auc_custom: 0.6886 - val_f1_custom: 0.4762 - val_recall_custom: 0.3774 - 2s/epoch - 40ms/step
Curriculum: set focal gamma = 1.0000 (epoch 20)
Epoch 20/70
56/56 - 2s - loss: 0.1255 - auc: 0.7844 - val_loss: 0.1596 - val_auc: 0.6888 - val_auc_custom: 0.6886 - val_f1_custom: 0.5532 - val_recall_custom: 0.4906 - 2s/epoch - 41ms/step
Curriculum: set focal gamma = 1.0000 (epoch 21)
Epoch 21/70
56/56 - 2s - loss: 0.1274 - auc: 0.7707 - val_loss: 0.1634 - val_auc: 0.6829 - val_auc_custom: 0.6815 - val_f1_custom: 0.5631 - val_recall_custom: 0.5472 - 2s/epoch - 39ms/step
Curriculum: set focal gamma = 1.0000 (epoch 22)
Epoch 22/70
56/56 - 3s - loss: 0.1233 - auc: 0.7907 - val_loss: 0.1611 - val_auc: 0.6937 - val_auc_custom: 0.6943 - val_f1_custom: 0.5686 - val_recall_custom: 0.5472 - 3s/epoch - 46ms/step
Curriculum: set focal gamma = 1.0000 (epoch 23)
Epoch 23/70
56/56 - 3s - loss: 0.1208 - auc: 0.7974 - val_loss: 0.1584 - val_auc: 0.7086 - val_auc_custom: 0.7064 - val_f1_custom: 0.5800 - val_recall_custom: 0.5472 - 3s/epoch - 46ms/step
Curriculum: set focal gamma = 1.0000 (epoch 24)
Epoch 24/70
56/56 - 2s - loss: 0.1194 - auc: 0.8075 - val_loss: 0.1591 - val_auc: 0.7108 - val_auc_custom: 0.7102 - val_f1_custom: 0.5591 - val_recall_custom: 0.4906 - 2s/epoch - 40ms/step
Curriculum: set focal gamma = 1.0000 (epoch 25)
Epoch 25/70
56/56 - 2s - loss: 0.1160 - auc: 0.8246 - val_loss: 0.1607 - val_auc: 0.7114 - val_auc_custom: 0.7125 - val_f1_custom: 0.5474 - val_recall_custom: 0.4906 - 2s/epoch - 43ms/step
Curriculum: set focal gamma = 1.0000 (epoch 26)
Epoch 26/70
56/56 - 2s - loss: 0.1144 - auc: 0.8255 - val_loss: 0.1684 - val_auc: 0.6989 - val_auc_custom: 0.6979 - val_f1_custom: 0.5849 - val_recall_custom: 0.5849 - 2s/epoch - 41ms/step
Curriculum: set focal gamma = 1.0000 (epoch 27)
Epoch 27/70
56/56 - 2s - loss: 0.1145 - auc: 0.8285 - val_loss: 0.1683 - val_auc: 0.7101 - val_auc_custom: 0.7114 - val_f1_custom: 0.6154 - val_recall_custom: 0.6038 - 2s/epoch - 40ms/step
Curriculum: set focal gamma = 1.0000 (epoch 28)
Epoch 28/70
56/56 - 2s - loss: 0.1090 - auc: 0.8437 - val_loss: 0.1754 - val_auc: 0.6842 - val_auc_custom: 0.6835 - val_f1_custom: 0.6168 - val_recall_custom: 0.6226 - 2s/epoch - 42ms/step
Curriculum: set focal gamma = 1.0000 (epoch 29)
Epoch 29/70
56/56 - 3s - loss: 0.1096 - auc: 0.8405 - val_loss: 0.1609 - val_auc: 0.7270 - val_auc_custom: 0.7275 - val_f1_custom: 0.5918 - val_recall_custom: 0.5472 - 3s/epoch - 45ms/step
Curriculum: set focal gamma = 1.0000 (epoch 30)
Epoch 30/70
56/56 - 2s - loss: 0.1046 - auc: 0.8594 - val_loss: 0.1781 - val_auc: 0.7094 - val_auc_custom: 0.7092 - val_f1_custom: 0.6182 - val_recall_custom: 0.6415 - 2s/epoch - 36ms/step
Curriculum: set focal gamma = 1.0000 (epoch 31)
Epoch 31/70
56/56 - 1s - loss: 0.1031 - auc: 0.8660 - val_loss: 0.1831 - val_auc: 0.7165 - val_auc_custom: 0.7167 - val_f1_custom: 0.6126 - val_recall_custom: 0.6415 - 526ms/epoch - 9ms/step
Curriculum: set focal gamma = 1.0000 (epoch 32)
Epoch 32/70
56/56 - 2s - loss: 0.1090 - auc: 0.8422 - val_loss: 0.1867 - val_auc: 0.7064 - val_auc_custom: 0.7057 - val_f1_custom: 0.6071 - val_recall_custom: 0.6415 - 2s/epoch - 29ms/step
Curriculum: set focal gamma = 1.0000 (epoch 33)
Epoch 33/70
56/56 - 2s - loss: 0.1073 - auc: 0.8495 - val_loss: 0.1907 - val_auc: 0.7112 - val_auc_custom: 0.7112 - val_f1_custom: 0.6018 - val_recall_custom: 0.6415 - 2s/epoch - 31ms/step
Curriculum: set focal gamma = 1.0000 (epoch 34)
Epoch 34/70
56/56 - 2s - loss: 0.1035 - auc: 0.8630 - val_loss: 0.1723 - val_auc: 0.7179 - val_auc_custom: 0.7177 - val_f1_custom: 0.5833 - val_recall_custom: 0.5283 - 2s/epoch - 32ms/step
Curriculum: set focal gamma = 1.0000 (epoch 35)
Epoch 35/70
56/56 - 2s - loss: 0.1009 - auc: 0.8697 - val_loss: 0.2361 - val_auc: 0.6765 - val_auc_custom: 0.6762 - val_f1_custom: 0.5846 - val_recall_custom: 0.7170 - 2s/epoch - 30ms/step
Curriculum: set focal gamma = 1.0000 (epoch 36)
Epoch 36/70
56/56 - 2s - loss: 0.0972 - auc: 0.8832 - val_loss: 0.1728 - val_auc: 0.7248 - val_auc_custom: 0.7253 - val_f1_custom: 0.5745 - val_recall_custom: 0.5094 - 2s/epoch - 30ms/step
Curriculum: set focal gamma = 1.0000 (epoch 37)
Epoch 37/70
56/56 - 2s - loss: 0.0974 - auc: 0.8785 - val_loss: 0.2021 - val_auc: 0.7135 - val_auc_custom: 0.7137 - val_f1_custom: 0.5913 - val_recall_custom: 0.6415 - 2s/epoch - 29ms/step
Curriculum: set focal gamma = 1.0000 (epoch 38)
Epoch 38/70
56/56 - 2s - loss: 0.0974 - auc: 0.8780 - val_loss: 0.1858 - val_auc: 0.7152 - val_auc_custom: 0.7155 - val_f1_custom: 0.6095 - val_recall_custom: 0.6038 - 2s/epoch - 29ms/step
Curriculum: set focal gamma = 1.0000 (epoch 39)
Epoch 39/70
56/56 - 2s - loss: 0.1003 - auc: 0.8741 - val_loss: 0.1883 - val_auc: 0.7125 - val_auc_custom: 0.7130 - val_f1_custom: 0.5741 - val_recall_custom: 0.5849 - 2s/epoch - 28ms/step
Curriculum: set focal gamma = 1.0000 (epoch 40)
Epoch 40/70
56/56 - 2s - loss: 0.0921 - auc: 0.8950 - val_loss: 0.1885 - val_auc: 0.7126 - val_auc_custom: 0.7132 - val_f1_custom: 0.6038 - val_recall_custom: 0.6038 - 2s/epoch - 30ms/step
Curriculum: set focal gamma = 1.0000 (epoch 41)
Epoch 41/70
56/56 - 2s - loss: 0.0930 - auc: 0.8941 - val_loss: 0.1953 - val_auc: 0.7054 - val_auc_custom: 0.7059 - val_f1_custom: 0.5825 - val_recall_custom: 0.5660 - 2s/epoch - 29ms/step
Curriculum: set focal gamma = 1.0000 (epoch 42)
Epoch 42/70
56/56 - 2s - loss: 0.0900 - auc: 0.8989 - val_loss: 0.2124 - val_auc: 0.7049 - val_auc_custom: 0.7059 - val_f1_custom: 0.5841 - val_recall_custom: 0.6226 - 2s/epoch - 30ms/step
Curriculum: set focal gamma = 1.0000 (epoch 43)
Epoch 43/70
56/56 - 2s - loss: 0.0956 - auc: 0.8847 - val_loss: 0.1760 - val_auc: 0.7342 - val_auc_custom: 0.7343 - val_f1_custom: 0.6139 - val_recall_custom: 0.5849 - 2s/epoch - 31ms/step
Curriculum: set focal gamma = 1.0000 (epoch 44)
Epoch 44/70
56/56 - 2s - loss: 0.0987 - auc: 0.8798 - val_loss: 0.2002 - val_auc: 0.7150 - val_auc_custom: 0.7162 - val_f1_custom: 0.6071 - val_recall_custom: 0.6415 - 2s/epoch - 30ms/step
Curriculum: set focal gamma = 1.0000 (epoch 45)
Epoch 45/70
56/56 - 2s - loss: 0.0906 - auc: 0.9031 - val_loss: 0.1995 - val_auc: 0.7182 - val_auc_custom: 0.7182 - val_f1_custom: 0.6000 - val_recall_custom: 0.6226 - 2s/epoch - 29ms/step
Curriculum: set focal gamma = 1.0000 (epoch 46)
Epoch 46/70
56/56 - 2s - loss: 0.0832 - auc: 0.9155 - val_loss: 0.2041 - val_auc: 0.7146 - val_auc_custom: 0.7142 - val_f1_custom: 0.5926 - val_recall_custom: 0.6038 - 2s/epoch - 28ms/step
Curriculum: set focal gamma = 1.0000 (epoch 47)
Epoch 47/70
56/56 - 2s - loss: 0.0860 - auc: 0.9084 - val_loss: 0.2158 - val_auc: 0.7184 - val_auc_custom: 0.7182 - val_f1_custom: 0.5946 - val_recall_custom: 0.6226 - 2s/epoch - 28ms/step
Curriculum: set focal gamma = 1.0000 (epoch 48)
Epoch 48/70
56/56 - 2s - loss: 0.0813 - auc: 0.9170 - val_loss: 0.1858 - val_auc: 0.7455 - val_auc_custom: 0.7457 - val_f1_custom: 0.6000 - val_recall_custom: 0.5660 - 2s/epoch - 32ms/step
Curriculum: set focal gamma = 1.0000 (epoch 49)
Epoch 49/70
56/56 - 2s - loss: 0.0871 - auc: 0.9073 - val_loss: 0.2185 - val_auc: 0.7128 - val_auc_custom: 0.7132 - val_f1_custom: 0.5741 - val_recall_custom: 0.5849 - 2s/epoch - 28ms/step
Curriculum: set focal gamma = 1.0000 (epoch 50)
Epoch 50/70
56/56 - 1s - loss: 0.0841 - auc: 0.9086 - val_loss: 0.2554 - val_auc: 0.7084 - val_auc_custom: 0.7089 - val_f1_custom: 0.5873 - val_recall_custom: 0.6981 - 678ms/epoch - 12ms/step
Curriculum: set focal gamma = 1.0000 (epoch 51)
Epoch 51/70
56/56 - 2s - loss: 0.0847 - auc: 0.9149 - val_loss: 0.1893 - val_auc: 0.7337 - val_auc_custom: 0.7343 - val_f1_custom: 0.5714 - val_recall_custom: 0.5283 - 2s/epoch - 28ms/step
Curriculum: set focal gamma = 1.0000 (epoch 52)
Epoch 52/70
56/56 - 2s - loss: 0.0815 - auc: 0.9213 - val_loss: 0.2622 - val_auc: 0.7072 - val_auc_custom: 0.7067 - val_f1_custom: 0.5873 - val_recall_custom: 0.6981 - 2s/epoch - 30ms/step
Curriculum: set focal gamma = 1.0000 (epoch 53)
Epoch 53/70
56/56 - 2s - loss: 0.0819 - auc: 0.9213 - val_loss: 0.1972 - val_auc: 0.7275 - val_auc_custom: 0.7270 - val_f1_custom: 0.5417 - val_recall_custom: 0.4906 - 2s/epoch - 29ms/step
Curriculum: set focal gamma = 1.0000 (epoch 54)
Epoch 54/70
56/56 - 2s - loss: 0.0806 - auc: 0.9190 - val_loss: 0.2341 - val_auc: 0.7289 - val_auc_custom: 0.7293 - val_f1_custom: 0.6207 - val_recall_custom: 0.6792 - 2s/epoch - 31ms/step
Curriculum: set focal gamma = 1.0000 (epoch 55)
Epoch 55/70
56/56 - 2s - loss: 0.0825 - auc: 0.9176 - val_loss: 0.1957 - val_auc: 0.7375 - val_auc_custom: 0.7384 - val_f1_custom: 0.5714 - val_recall_custom: 0.5283 - 2s/epoch - 32ms/step
Curriculum: set focal gamma = 1.0000 (epoch 56)
Epoch 56/70
56/56 - 2s - loss: 0.0787 - auc: 0.9252 - val_loss: 0.2281 - val_auc: 0.7186 - val_auc_custom: 0.7180 - val_f1_custom: 0.6250 - val_recall_custom: 0.6604 - 2s/epoch - 32ms/step
Curriculum: set focal gamma = 1.0000 (epoch 57)
Epoch 57/70
56/56 - 2s - loss: 0.0743 - auc: 0.9347 - val_loss: 0.2381 - val_auc: 0.7127 - val_auc_custom: 0.7130 - val_f1_custom: 0.6034 - val_recall_custom: 0.6604 - 2s/epoch - 30ms/step
Curriculum: set focal gamma = 1.0000 (epoch 58)
Epoch 58/70
56/56 - 2s - loss: 0.0787 - auc: 0.9240 - val_loss: 0.2135 - val_auc: 0.7462 - val_auc_custom: 0.7469 - val_f1_custom: 0.5882 - val_recall_custom: 0.5660 - 2s/epoch - 34ms/step
Curriculum: set focal gamma = 1.0000 (epoch 59)
Epoch 59/70
56/56 - 2s - loss: 0.0675 - auc: 0.9442 - val_loss: 0.2446 - val_auc: 0.7330 - val_auc_custom: 0.7323 - val_f1_custom: 0.5965 - val_recall_custom: 0.6415 - 2s/epoch - 31ms/step
Curriculum: set focal gamma = 1.0000 (epoch 60)
Epoch 60/70
56/56 - 2s - loss: 0.0714 - auc: 0.9374 - val_loss: 0.2311 - val_auc: 0.7395 - val_auc_custom: 0.7394 - val_f1_custom: 0.5981 - val_recall_custom: 0.6038 - 2s/epoch - 29ms/step
Curriculum: set focal gamma = 1.0000 (epoch 61)
Epoch 61/70
56/56 - 2s - loss: 0.0674 - auc: 0.9459 - val_loss: 0.2398 - val_auc: 0.7390 - val_auc_custom: 0.7399 - val_f1_custom: 0.6038 - val_recall_custom: 0.6038 - 2s/epoch - 29ms/step
Curriculum: set focal gamma = 1.0000 (epoch 62)
Epoch 62/70
56/56 - 1s - loss: 0.0711 - auc: 0.9403 - val_loss: 0.2435 - val_auc: 0.7313 - val_auc_custom: 0.7306 - val_f1_custom: 0.5926 - val_recall_custom: 0.6038 - 1s/epoch - 24ms/step
Curriculum: set focal gamma = 1.0000 (epoch 63)
Epoch 63/70
56/56 - 1s - loss: 0.0724 - auc: 0.9361 - val_loss: 0.2442 - val_auc: 0.7338 - val_auc_custom: 0.7346 - val_f1_custom: 0.6182 - val_recall_custom: 0.6415 - 1s/epoch - 21ms/step
Curriculum: set focal gamma = 1.0000 (epoch 64)
Epoch 64/70
56/56 - 1s - loss: 0.0681 - auc: 0.9456 - val_loss: 0.2145 - val_auc: 0.7403 - val_auc_custom: 0.7404 - val_f1_custom: 0.4894 - val_recall_custom: 0.4340 - 1s/epoch - 21ms/step
Curriculum: set focal gamma = 1.0000 (epoch 65)
Epoch 65/70
56/56 - 1s - loss: 0.0719 - auc: 0.9328 - val_loss: 0.3717 - val_auc: 0.6931 - val_auc_custom: 0.6933 - val_f1_custom: 0.6015 - val_recall_custom: 0.7547 - 1s/epoch - 21ms/step
Curriculum: set focal gamma = 1.0000 (epoch 66)
Epoch 66/70
56/56 - 1s - loss: 0.0712 - auc: 0.9449 - val_loss: 0.2119 - val_auc: 0.7385 - val_auc_custom: 0.7391 - val_f1_custom: 0.5600 - val_recall_custom: 0.5283 - 1s/epoch - 21ms/step
Curriculum: set focal gamma = 1.0000 (epoch 67)
Epoch 67/70
56/56 - 1s - loss: 0.0668 - auc: 0.9534 - val_loss: 0.2752 - val_auc: 0.7136 - val_auc_custom: 0.7145 - val_f1_custom: 0.6034 - val_recall_custom: 0.6604 - 1s/epoch - 21ms/step
Curriculum: set focal gamma = 1.0000 (epoch 68)
Epoch 68/70
56/56 - 1s - loss: 0.0667 - auc: 0.9496 - val_loss: 0.2252 - val_auc: 0.7336 - val_auc_custom: 0.7336 - val_f1_custom: 0.5849 - val_recall_custom: 0.5849 - 1s/epoch - 21ms/step
Curriculum: set focal gamma = 1.0000 (epoch 69)
Epoch 69/70
56/56 - 1s - loss: 0.0618 - auc: 0.9578 - val_loss: 0.2317 - val_auc: 0.7346 - val_auc_custom: 0.7343 - val_f1_custom: 0.5849 - val_recall_custom: 0.5849 - 1s/epoch - 21ms/step
Curriculum: set focal gamma = 1.0000 (epoch 70)
Epoch 70/70
56/56 - 1s - loss: 0.0647 - auc: 0.9513 - val_loss: 0.2608 - val_auc: 0.7374 - val_auc_custom: 0.7381 - val_f1_custom: 0.6071 - val_recall_custom: 0.6415 - 1s/epoch - 21ms/step
Mask config -> mode=soft, threshold=0.6, window_gate=None
Done. Results saved to result_confirm/05

