2025-09-17 08:30:56.426185: I tensorflow/core/util/port.cc:110] oneDNN custom operations are on. You may see slightly different numerical results due to floating-point round-off errors from different computation orders. To turn them off, set the environment variable `TF_ENABLE_ONEDNN_OPTS=0`.
2025-09-17 08:30:56.455132: I tensorflow/core/platform/cpu_feature_guard.cc:182] This TensorFlow binary is optimized to use available CPU instructions in performance-critical operations.
To enable the following instructions: AVX2 AVX_VNNI FMA, in other operations, rebuild TensorFlow with the appropriate compiler flags.
2025-09-17 08:30:56.876881: W tensorflow/compiler/tf2tensorrt/utils/py_utils.cc:38] TF-TRT Warning: Could not find TensorRT
2025-09-17 08:30:57.275690: I tensorflow/compiler/xla/stream_executor/cuda/cuda_gpu_executor.cc:981] could not open file to read NUMA node: /sys/bus/pci/devices/0000:01:00.0/numa_node
Your kernel may have been built without NUMA support.
2025-09-17 08:30:57.295322: I tensorflow/compiler/xla/stream_executor/cuda/cuda_gpu_executor.cc:981] could not open file to read NUMA node: /sys/bus/pci/devices/0000:01:00.0/numa_node
Your kernel may have been built without NUMA support.
2025-09-17 08:30:57.295417: I tensorflow/compiler/xla/stream_executor/cuda/cuda_gpu_executor.cc:981] could not open file to read NUMA node: /sys/bus/pci/devices/0000:01:00.0/numa_node
Your kernel may have been built without NUMA support.
2025-09-17 08:30:57.296463: I tensorflow/compiler/xla/stream_executor/cuda/cuda_gpu_executor.cc:981] could not open file to read NUMA node: /sys/bus/pci/devices/0000:01:00.0/numa_node
Your kernel may have been built without NUMA support.
2025-09-17 08:30:57.296538: I tensorflow/compiler/xla/stream_executor/cuda/cuda_gpu_executor.cc:981] could not open file to read NUMA node: /sys/bus/pci/devices/0000:01:00.0/numa_node
Your kernel may have been built without NUMA support.
2025-09-17 08:30:57.296563: I tensorflow/compiler/xla/stream_executor/cuda/cuda_gpu_executor.cc:981] could not open file to read NUMA node: /sys/bus/pci/devices/0000:01:00.0/numa_node
Your kernel may have been built without NUMA support.
2025-09-17 08:30:57.390027: I tensorflow/compiler/xla/stream_executor/cuda/cuda_gpu_executor.cc:981] could not open file to read NUMA node: /sys/bus/pci/devices/0000:01:00.0/numa_node
Your kernel may have been built without NUMA support.
2025-09-17 08:30:57.390147: I tensorflow/compiler/xla/stream_executor/cuda/cuda_gpu_executor.cc:981] could not open file to read NUMA node: /sys/bus/pci/devices/0000:01:00.0/numa_node
Your kernel may have been built without NUMA support.
2025-09-17 08:30:57.390156: I tensorflow/core/common_runtime/gpu/gpu_device.cc:1726] Could not identify NUMA node of platform GPU id 0, defaulting to 0.  Your kernel may not have been built with NUMA support.
2025-09-17 08:30:57.390178: I tensorflow/compiler/xla/stream_executor/cuda/cuda_gpu_executor.cc:981] could not open file to read NUMA node: /sys/bus/pci/devices/0000:01:00.0/numa_node
Your kernel may have been built without NUMA support.
2025-09-17 08:30:57.390200: I tensorflow/core/common_runtime/gpu/gpu_device.cc:1639] Created device /job:localhost/replica:0/task:0/device:GPU:0 with 9517 MB memory:  -> device: 0, name: NVIDIA GeForce RTX 4070 SUPER, pci bus id: 0000:01:00.0, compute capability: 8.9
GPU detected: 1 physical, 1 logical -> ['/device:GPU:0']
Config: batch=16, accumulate_steps=8 -> effective_batch=128
Loaded (1276, 36, 75) (1276,)
Using mask channel "occlusion_flag" from long_raw (index 7)
Model: "cnn_bilstm_attn_masked"
__________________________________________________________________________________________________
 Layer (type)                Output Shape                 Param #   Connected to                  
==================================================================================================
 input (InputLayer)          [(None, 36, 75)]             0         []                            
                                                                                                  
 permute_time_features (Per  (None, 75, 36)               0         ['input[0][0]']               
 mute)                                                                                            
                                                                                                  
 conv0 (Conv1D)              (None, 75, 64)               6976      ['permute_time_features[0][0]'
                                                                    ]                             
                                                                                                  
 bn0 (BatchNormalization)    (None, 75, 64)               256       ['conv0[0][0]']               
                                                                                                  
 act0 (Activation)           (None, 75, 64)               0         ['bn0[0][0]']                 
                                                                                                  
 conv_dropout0 (Dropout)     (None, 75, 64)               0         ['act0[0][0]']                
                                                                                                  
 conv1 (Conv1D)              (None, 75, 64)               20544     ['conv_dropout0[0][0]']       
                                                                                                  
 bn1 (BatchNormalization)    (None, 75, 64)               256       ['conv1[0][0]']               
                                                                                                  
 act1 (Activation)           (None, 75, 64)               0         ['bn1[0][0]']                 
                                                                                                  
 conv_dropout1 (Dropout)     (None, 75, 64)               0         ['act1[0][0]']                
                                                                                                  
 conv2 (Conv1D)              (None, 75, 64)               12352     ['conv_dropout1[0][0]']       
                                                                                                  
 bn2 (BatchNormalization)    (None, 75, 64)               256       ['conv2[0][0]']               
                                                                                                  
 act2 (Activation)           (None, 75, 64)               0         ['bn2[0][0]']                 
                                                                                                  
 conv_dropout2 (Dropout)     (None, 75, 64)               0         ['act2[0][0]']                
                                                                                                  
 bilstm (Bidirectional)      (None, 75, 128)              66048     ['conv_dropout2[0][0]']       
                                                                                                  
 mlp_attn_u (Dense)          (None, 75, 32)               4128      ['bilstm[0][0]']              
                                                                                                  
 mlp_attn_score (Dense)      (None, 75, 1)                33        ['mlp_attn_u[0][0]']          
                                                                                                  
 mlp_attn_squeeze (Lambda)   (None, 75)                   0         ['mlp_attn_score[0][0]']      
                                                                                                  
 attn_mask (InputLayer)      [(None, 75)]                 0         []                            
                                                                                                  
 mlp_attn_apply_mask (Lambd  (None, 75)                   0         ['mlp_attn_squeeze[0][0]',    
 a)                                                                  'attn_mask[0][0]']           
                                                                                                  
 mlp_attn_softmax (Lambda)   (None, 75)                   0         ['mlp_attn_apply_mask[0][0]'] 
                                                                                                  
 mlp_attn_expand (Lambda)    (None, 75, 1)                0         ['mlp_attn_softmax[0][0]']    
                                                                                                  
 mlp_attn_weighted (Lambda)  (None, 128)                  0         ['bilstm[0][0]',              
                                                                     'mlp_attn_expand[0][0]']     
                                                                                                  
 fc1 (Dense)                 (None, 64)                   8256      ['mlp_attn_weighted[0][0]']   
                                                                                                  
 fc_dropout (Dropout)        (None, 64)                   0         ['fc1[0][0]']                 
                                                                                                  
 out (Dense)                 (None, 1)                    65        ['fc_dropout[0][0]']          
                                                                                                  
==================================================================================================
Total params: 119171 (465.51 KB)
Trainable params: 118786 (464.01 KB)
Non-trainable params: 385 (1.50 KB)
__________________________________________________________________________________________________
None
Writing results to /home/user/projects/train/model/long_window/CNN_BiLSTM/result_focal_refine/cw04_fg02/01
Curriculum: set focal gamma = 0.0000 (epoch 1)
Epoch 1/70
2025-09-17 08:31:02.105514: I tensorflow/compiler/xla/stream_executor/cuda/cuda_dnn.cc:432] Loaded cuDNN version 8600
2025-09-17 08:31:02.195195: I tensorflow/tsl/platform/default/subprocess.cc:304] Start cannot spawn child process: No such file or directory
2025-09-17 08:31:02.337683: I tensorflow/compiler/xla/stream_executor/cuda/cuda_blas.cc:606] TensorFloat-32 will be used for the matrix multiplication. This will only be logged once.
2025-09-17 08:31:02.669491: I tensorflow/compiler/xla/service/service.cc:168] XLA service 0x56dd70f0b0b0 initialized for platform CUDA (this does not guarantee that XLA will be used). Devices:
2025-09-17 08:31:02.669533: I tensorflow/compiler/xla/service/service.cc:176]   StreamExecutor device (0): NVIDIA GeForce RTX 4070 SUPER, Compute Capability 8.9
2025-09-17 08:31:02.673457: I tensorflow/compiler/mlir/tensorflow/utils/dump_mlir_util.cc:255] disabling MLIR crash reproducer, set env var `MLIR_CRASH_REPRODUCER_DIRECTORY` to enable.
2025-09-17 08:31:02.729558: I tensorflow/tsl/platform/default/subprocess.cc:304] Start cannot spawn child process: No such file or directory
2025-09-17 08:31:02.768136: I ./tensorflow/compiler/jit/device_compiler.h:186] Compiled cluster using XLA!  This line is logged at most once for the lifetime of the process.
56/56 - 7s - loss: 0.2549 - auc: 0.4842 - val_loss: 0.2952 - val_auc: 0.5311 - val_auc_custom: 0.5253 - val_f1_custom: 0.0000e+00 - val_recall_custom: 0.0000e+00 - 7s/epoch - 126ms/step
Curriculum: set focal gamma = 0.0842 (epoch 2)
Epoch 2/70
56/56 - 1s - loss: 0.2059 - auc: 0.5398 - val_loss: 0.2375 - val_auc: 0.5273 - val_auc_custom: 0.5240 - val_f1_custom: 0.0000e+00 - val_recall_custom: 0.0000e+00 - 1s/epoch - 20ms/step
Curriculum: set focal gamma = 0.1684 (epoch 3)
Epoch 3/70
56/56 - 1s - loss: 0.1952 - auc: 0.5718 - val_loss: 0.2183 - val_auc: 0.5503 - val_auc_custom: 0.5509 - val_f1_custom: 0.0000e+00 - val_recall_custom: 0.0000e+00 - 1s/epoch - 22ms/step
Curriculum: set focal gamma = 0.2526 (epoch 4)
Epoch 4/70
56/56 - 1s - loss: 0.1794 - auc: 0.6144 - val_loss: 0.2054 - val_auc: 0.5606 - val_auc_custom: 0.5618 - val_f1_custom: 0.0000e+00 - val_recall_custom: 0.0000e+00 - 1s/epoch - 22ms/step
Curriculum: set focal gamma = 0.3368 (epoch 5)
Epoch 5/70
56/56 - 1s - loss: 0.1660 - auc: 0.6257 - val_loss: 0.1947 - val_auc: 0.5629 - val_auc_custom: 0.5608 - val_f1_custom: 0.0370 - val_recall_custom: 0.0189 - 1s/epoch - 22ms/step
Curriculum: set focal gamma = 0.4211 (epoch 6)
Epoch 6/70
56/56 - 1s - loss: 0.1568 - auc: 0.6340 - val_loss: 0.1856 - val_auc: 0.5595 - val_auc_custom: 0.5580 - val_f1_custom: 0.0364 - val_recall_custom: 0.0189 - 1s/epoch - 20ms/step
Curriculum: set focal gamma = 0.5053 (epoch 7)
Epoch 7/70
56/56 - 1s - loss: 0.1457 - auc: 0.6515 - val_loss: 0.1749 - val_auc: 0.5619 - val_auc_custom: 0.5638 - val_f1_custom: 0.0370 - val_recall_custom: 0.0189 - 1s/epoch - 20ms/step
Curriculum: set focal gamma = 0.5895 (epoch 8)
Epoch 8/70
56/56 - 1s - loss: 0.1383 - auc: 0.6515 - val_loss: 0.1636 - val_auc: 0.5658 - val_auc_custom: 0.5678 - val_f1_custom: 0.0370 - val_recall_custom: 0.0189 - 1s/epoch - 21ms/step
Curriculum: set focal gamma = 0.6737 (epoch 9)
Epoch 9/70
56/56 - 1s - loss: 0.1310 - auc: 0.6443 - val_loss: 0.1541 - val_auc: 0.5760 - val_auc_custom: 0.5766 - val_f1_custom: 0.0370 - val_recall_custom: 0.0189 - 1s/epoch - 22ms/step
Curriculum: set focal gamma = 0.7579 (epoch 10)
Epoch 10/70
56/56 - 1s - loss: 0.1205 - auc: 0.6856 - val_loss: 0.1446 - val_auc: 0.5901 - val_auc_custom: 0.5912 - val_f1_custom: 0.0370 - val_recall_custom: 0.0189 - 1s/epoch - 22ms/step
Curriculum: set focal gamma = 0.8421 (epoch 11)
Epoch 11/70
56/56 - 1s - loss: 0.1130 - auc: 0.6928 - val_loss: 0.1363 - val_auc: 0.5990 - val_auc_custom: 0.6003 - val_f1_custom: 0.1404 - val_recall_custom: 0.0755 - 1s/epoch - 21ms/step
Curriculum: set focal gamma = 0.9263 (epoch 12)
Epoch 12/70
56/56 - 1s - loss: 0.1062 - auc: 0.6972 - val_loss: 0.1281 - val_auc: 0.6114 - val_auc_custom: 0.6106 - val_f1_custom: 0.1404 - val_recall_custom: 0.0755 - 1s/epoch - 21ms/step
Curriculum: set focal gamma = 1.0105 (epoch 13)
Epoch 13/70
56/56 - 1s - loss: 0.1015 - auc: 0.6823 - val_loss: 0.1198 - val_auc: 0.6247 - val_auc_custom: 0.6249 - val_f1_custom: 0.0370 - val_recall_custom: 0.0189 - 1s/epoch - 22ms/step
Curriculum: set focal gamma = 1.0947 (epoch 14)
Epoch 14/70
56/56 - 1s - loss: 0.0945 - auc: 0.7023 - val_loss: 0.1130 - val_auc: 0.6369 - val_auc_custom: 0.6380 - val_f1_custom: 0.1071 - val_recall_custom: 0.0566 - 1s/epoch - 22ms/step
Curriculum: set focal gamma = 1.1789 (epoch 15)
Epoch 15/70
56/56 - 1s - loss: 0.0891 - auc: 0.7054 - val_loss: 0.1074 - val_auc: 0.6353 - val_auc_custom: 0.6365 - val_f1_custom: 0.1404 - val_recall_custom: 0.0755 - 1s/epoch - 20ms/step
Curriculum: set focal gamma = 1.2632 (epoch 16)
Epoch 16/70
56/56 - 1s - loss: 0.0843 - auc: 0.7160 - val_loss: 0.1013 - val_auc: 0.6424 - val_auc_custom: 0.6450 - val_f1_custom: 0.1379 - val_recall_custom: 0.0755 - 1s/epoch - 21ms/step
Curriculum: set focal gamma = 1.3474 (epoch 17)
Epoch 17/70
56/56 - 1s - loss: 0.0779 - auc: 0.7273 - val_loss: 0.0956 - val_auc: 0.6615 - val_auc_custom: 0.6621 - val_f1_custom: 0.1667 - val_recall_custom: 0.0943 - 1s/epoch - 23ms/step
Curriculum: set focal gamma = 1.4316 (epoch 18)
Epoch 18/70
56/56 - 1s - loss: 0.0732 - auc: 0.7418 - val_loss: 0.0889 - val_auc: 0.6789 - val_auc_custom: 0.6780 - val_f1_custom: 0.1053 - val_recall_custom: 0.0566 - 1s/epoch - 23ms/step
Curriculum: set focal gamma = 1.5158 (epoch 19)
Epoch 19/70
56/56 - 1s - loss: 0.0686 - auc: 0.7464 - val_loss: 0.0832 - val_auc: 0.6987 - val_auc_custom: 0.6976 - val_f1_custom: 0.1667 - val_recall_custom: 0.0943 - 1s/epoch - 21ms/step
Curriculum: set focal gamma = 1.6000 (epoch 20)
Epoch 20/70
56/56 - 1s - loss: 0.0628 - auc: 0.7683 - val_loss: 0.0774 - val_auc: 0.7215 - val_auc_custom: 0.7215 - val_f1_custom: 0.1034 - val_recall_custom: 0.0566 - 1s/epoch - 23ms/step
Curriculum: set focal gamma = 1.6000 (epoch 21)
Epoch 21/70
56/56 - 1s - loss: 0.0631 - auc: 0.7691 - val_loss: 0.0795 - val_auc: 0.7155 - val_auc_custom: 0.7155 - val_f1_custom: 0.2941 - val_recall_custom: 0.1887 - 1s/epoch - 20ms/step
Curriculum: set focal gamma = 1.6000 (epoch 22)
Epoch 22/70
56/56 - 1s - loss: 0.0628 - auc: 0.7746 - val_loss: 0.0834 - val_auc: 0.7031 - val_auc_custom: 0.7019 - val_f1_custom: 0.4051 - val_recall_custom: 0.3019 - 1s/epoch - 20ms/step
Curriculum: set focal gamma = 1.6000 (epoch 23)
Epoch 23/70
56/56 - 1s - loss: 0.0611 - auc: 0.7886 - val_loss: 0.0787 - val_auc: 0.7211 - val_auc_custom: 0.7187 - val_f1_custom: 0.2154 - val_recall_custom: 0.1321 - 1s/epoch - 20ms/step
Curriculum: set focal gamma = 1.6000 (epoch 24)
Epoch 24/70
56/56 - 1s - loss: 0.0627 - auc: 0.7780 - val_loss: 0.0770 - val_auc: 0.7369 - val_auc_custom: 0.7361 - val_f1_custom: 0.2188 - val_recall_custom: 0.1321 - 1s/epoch - 23ms/step
Curriculum: set focal gamma = 1.6000 (epoch 25)
Epoch 25/70
56/56 - 1s - loss: 0.0620 - auc: 0.7856 - val_loss: 0.0776 - val_auc: 0.7528 - val_auc_custom: 0.7514 - val_f1_custom: 0.3896 - val_recall_custom: 0.2830 - 1s/epoch - 22ms/step
Curriculum: set focal gamma = 1.6000 (epoch 26)
Epoch 26/70
56/56 - 1s - loss: 0.0614 - auc: 0.7909 - val_loss: 0.0760 - val_auc: 0.7504 - val_auc_custom: 0.7509 - val_f1_custom: 0.2899 - val_recall_custom: 0.1887 - 1s/epoch - 21ms/step
Curriculum: set focal gamma = 1.6000 (epoch 27)
Epoch 27/70
56/56 - 1s - loss: 0.0585 - auc: 0.8118 - val_loss: 0.0811 - val_auc: 0.7469 - val_auc_custom: 0.7474 - val_f1_custom: 0.5176 - val_recall_custom: 0.4151 - 1s/epoch - 21ms/step
Curriculum: set focal gamma = 1.6000 (epoch 28)
Epoch 28/70
56/56 - 1s - loss: 0.0572 - auc: 0.8242 - val_loss: 0.0775 - val_auc: 0.7551 - val_auc_custom: 0.7552 - val_f1_custom: 0.4500 - val_recall_custom: 0.3396 - 1s/epoch - 22ms/step
Curriculum: set focal gamma = 1.6000 (epoch 29)
Epoch 29/70
56/56 - 1s - loss: 0.0592 - auc: 0.8062 - val_loss: 0.0858 - val_auc: 0.7473 - val_auc_custom: 0.7469 - val_f1_custom: 0.5169 - val_recall_custom: 0.4340 - 1s/epoch - 21ms/step
Curriculum: set focal gamma = 1.6000 (epoch 30)
Epoch 30/70
56/56 - 1s - loss: 0.0586 - auc: 0.8105 - val_loss: 0.0769 - val_auc: 0.7594 - val_auc_custom: 0.7605 - val_f1_custom: 0.3514 - val_recall_custom: 0.2453 - 1s/epoch - 21ms/step
Curriculum: set focal gamma = 1.6000 (epoch 31)
Epoch 31/70
56/56 - 1s - loss: 0.0549 - auc: 0.8422 - val_loss: 0.0771 - val_auc: 0.7623 - val_auc_custom: 0.7640 - val_f1_custom: 0.3896 - val_recall_custom: 0.2830 - 1s/epoch - 21ms/step
Curriculum: set focal gamma = 1.6000 (epoch 32)
Epoch 32/70
56/56 - 1s - loss: 0.0556 - auc: 0.8352 - val_loss: 0.0790 - val_auc: 0.7591 - val_auc_custom: 0.7592 - val_f1_custom: 0.4578 - val_recall_custom: 0.3585 - 1s/epoch - 21ms/step
Curriculum: set focal gamma = 1.6000 (epoch 33)
Epoch 33/70
56/56 - 1s - loss: 0.0551 - auc: 0.8394 - val_loss: 0.0872 - val_auc: 0.7475 - val_auc_custom: 0.7474 - val_f1_custom: 0.5495 - val_recall_custom: 0.4717 - 1s/epoch - 20ms/step
Curriculum: set focal gamma = 1.6000 (epoch 34)
Epoch 34/70
56/56 - 1s - loss: 0.0558 - auc: 0.8298 - val_loss: 0.0844 - val_auc: 0.7468 - val_auc_custom: 0.7467 - val_f1_custom: 0.5227 - val_recall_custom: 0.4340 - 1s/epoch - 20ms/step
Curriculum: set focal gamma = 1.6000 (epoch 35)
Epoch 35/70
56/56 - 1s - loss: 0.0533 - auc: 0.8514 - val_loss: 0.0788 - val_auc: 0.7741 - val_auc_custom: 0.7743 - val_f1_custom: 0.5176 - val_recall_custom: 0.4151 - 1s/epoch - 22ms/step
Curriculum: set focal gamma = 1.6000 (epoch 36)
Epoch 36/70
56/56 - 1s - loss: 0.0520 - auc: 0.8596 - val_loss: 0.0923 - val_auc: 0.7553 - val_auc_custom: 0.7552 - val_f1_custom: 0.5979 - val_recall_custom: 0.5472 - 1s/epoch - 21ms/step
Curriculum: set focal gamma = 1.6000 (epoch 37)
Epoch 37/70
56/56 - 1s - loss: 0.0524 - auc: 0.8578 - val_loss: 0.0817 - val_auc: 0.7698 - val_auc_custom: 0.7703 - val_f1_custom: 0.5116 - val_recall_custom: 0.4151 - 1s/epoch - 21ms/step
Curriculum: set focal gamma = 1.6000 (epoch 38)
Epoch 38/70
56/56 - 1s - loss: 0.0496 - auc: 0.8701 - val_loss: 0.0841 - val_auc: 0.7564 - val_auc_custom: 0.7565 - val_f1_custom: 0.4146 - val_recall_custom: 0.3208 - 1s/epoch - 22ms/step
Curriculum: set focal gamma = 1.6000 (epoch 39)
Epoch 39/70
56/56 - 1s - loss: 0.0487 - auc: 0.8788 - val_loss: 0.0896 - val_auc: 0.7624 - val_auc_custom: 0.7625 - val_f1_custom: 0.5957 - val_recall_custom: 0.5283 - 1s/epoch - 20ms/step
Curriculum: set focal gamma = 1.6000 (epoch 40)
Epoch 40/70
56/56 - 1s - loss: 0.0504 - auc: 0.8670 - val_loss: 0.0924 - val_auc: 0.7597 - val_auc_custom: 0.7603 - val_f1_custom: 0.6042 - val_recall_custom: 0.5472 - 1s/epoch - 21ms/step
Curriculum: set focal gamma = 1.6000 (epoch 41)
Epoch 41/70
56/56 - 1s - loss: 0.0510 - auc: 0.8647 - val_loss: 0.0915 - val_auc: 0.7548 - val_auc_custom: 0.7545 - val_f1_custom: 0.5957 - val_recall_custom: 0.5283 - 1s/epoch - 22ms/step
Curriculum: set focal gamma = 1.6000 (epoch 42)
Epoch 42/70
56/56 - 1s - loss: 0.0490 - auc: 0.8770 - val_loss: 0.1049 - val_auc: 0.7566 - val_auc_custom: 0.7575 - val_f1_custom: 0.6355 - val_recall_custom: 0.6415 - 1s/epoch - 21ms/step
Curriculum: set focal gamma = 1.6000 (epoch 43)
Epoch 43/70
56/56 - 1s - loss: 0.0497 - auc: 0.8744 - val_loss: 0.0867 - val_auc: 0.7745 - val_auc_custom: 0.7738 - val_f1_custom: 0.5652 - val_recall_custom: 0.4906 - 1s/epoch - 22ms/step
Curriculum: set focal gamma = 1.6000 (epoch 44)
Epoch 44/70
56/56 - 1s - loss: 0.0481 - auc: 0.8817 - val_loss: 0.0995 - val_auc: 0.7472 - val_auc_custom: 0.7489 - val_f1_custom: 0.5941 - val_recall_custom: 0.5660 - 1s/epoch - 22ms/step
Curriculum: set focal gamma = 1.6000 (epoch 45)
Epoch 45/70
56/56 - 1s - loss: 0.0465 - auc: 0.8966 - val_loss: 0.0813 - val_auc: 0.7707 - val_auc_custom: 0.7708 - val_f1_custom: 0.4762 - val_recall_custom: 0.3774 - 1s/epoch - 21ms/step
Curriculum: set focal gamma = 1.6000 (epoch 46)
Epoch 46/70
56/56 - 1s - loss: 0.0464 - auc: 0.8899 - val_loss: 0.0862 - val_auc: 0.7664 - val_auc_custom: 0.7670 - val_f1_custom: 0.6042 - val_recall_custom: 0.5472 - 1s/epoch - 20ms/step
Curriculum: set focal gamma = 1.6000 (epoch 47)
Epoch 47/70
56/56 - 1s - loss: 0.0432 - auc: 0.9099 - val_loss: 0.0865 - val_auc: 0.7717 - val_auc_custom: 0.7711 - val_f1_custom: 0.5333 - val_recall_custom: 0.4528 - 1s/epoch - 20ms/step
Curriculum: set focal gamma = 1.6000 (epoch 48)
Epoch 48/70
56/56 - 1s - loss: 0.0442 - auc: 0.8997 - val_loss: 0.1131 - val_auc: 0.7514 - val_auc_custom: 0.7507 - val_f1_custom: 0.6182 - val_recall_custom: 0.6415 - 1s/epoch - 20ms/step
Curriculum: set focal gamma = 1.6000 (epoch 49)
Epoch 49/70
56/56 - 1s - loss: 0.0453 - auc: 0.8997 - val_loss: 0.1118 - val_auc: 0.7640 - val_auc_custom: 0.7640 - val_f1_custom: 0.6126 - val_recall_custom: 0.6415 - 1s/epoch - 19ms/step
Curriculum: set focal gamma = 1.6000 (epoch 50)
Epoch 50/70
56/56 - 1s - loss: 0.0442 - auc: 0.9029 - val_loss: 0.0955 - val_auc: 0.7571 - val_auc_custom: 0.7565 - val_f1_custom: 0.5417 - val_recall_custom: 0.4906 - 1s/epoch - 20ms/step
Curriculum: set focal gamma = 1.6000 (epoch 51)
Epoch 51/70
56/56 - 1s - loss: 0.0442 - auc: 0.9046 - val_loss: 0.1030 - val_auc: 0.7528 - val_auc_custom: 0.7527 - val_f1_custom: 0.5625 - val_recall_custom: 0.5094 - 1s/epoch - 21ms/step
Curriculum: set focal gamma = 1.6000 (epoch 52)
Epoch 52/70
56/56 - 1s - loss: 0.0416 - auc: 0.9165 - val_loss: 0.1026 - val_auc: 0.7540 - val_auc_custom: 0.7535 - val_f1_custom: 0.5567 - val_recall_custom: 0.5094 - 1s/epoch - 20ms/step
Curriculum: set focal gamma = 1.6000 (epoch 53)
Epoch 53/70
56/56 - 1s - loss: 0.0433 - auc: 0.9087 - val_loss: 0.1151 - val_auc: 0.7560 - val_auc_custom: 0.7738 - val_f1_custom: 0.5652 - val_recall_custom: 0.4906 - 1s/epoch - 21ms/step
Mask config -> mode=soft, threshold=0.6, window_gate=None
Done. Results saved to /home/user/projects/train/model/long_window/CNN_BiLSTM/result_focal_refine/cw04_fg02/01
