2025-09-17 09:18:59.699068: I tensorflow/core/util/port.cc:110] oneDNN custom operations are on. You may see slightly different numerical results due to floating-point round-off errors from different computation orders. To turn them off, set the environment variable `TF_ENABLE_ONEDNN_OPTS=0`.
2025-09-17 09:18:59.726527: I tensorflow/core/platform/cpu_feature_guard.cc:182] This TensorFlow binary is optimized to use available CPU instructions in performance-critical operations.
To enable the following instructions: AVX2 AVX_VNNI FMA, in other operations, rebuild TensorFlow with the appropriate compiler flags.
2025-09-17 09:19:00.121235: W tensorflow/compiler/tf2tensorrt/utils/py_utils.cc:38] TF-TRT Warning: Could not find TensorRT
2025-09-17 09:19:00.516942: I tensorflow/compiler/xla/stream_executor/cuda/cuda_gpu_executor.cc:981] could not open file to read NUMA node: /sys/bus/pci/devices/0000:01:00.0/numa_node
Your kernel may have been built without NUMA support.
2025-09-17 09:19:00.534993: I tensorflow/compiler/xla/stream_executor/cuda/cuda_gpu_executor.cc:981] could not open file to read NUMA node: /sys/bus/pci/devices/0000:01:00.0/numa_node
Your kernel may have been built without NUMA support.
2025-09-17 09:19:00.535098: I tensorflow/compiler/xla/stream_executor/cuda/cuda_gpu_executor.cc:981] could not open file to read NUMA node: /sys/bus/pci/devices/0000:01:00.0/numa_node
Your kernel may have been built without NUMA support.
2025-09-17 09:19:00.536233: I tensorflow/compiler/xla/stream_executor/cuda/cuda_gpu_executor.cc:981] could not open file to read NUMA node: /sys/bus/pci/devices/0000:01:00.0/numa_node
Your kernel may have been built without NUMA support.
2025-09-17 09:19:00.536304: I tensorflow/compiler/xla/stream_executor/cuda/cuda_gpu_executor.cc:981] could not open file to read NUMA node: /sys/bus/pci/devices/0000:01:00.0/numa_node
Your kernel may have been built without NUMA support.
2025-09-17 09:19:00.536324: I tensorflow/compiler/xla/stream_executor/cuda/cuda_gpu_executor.cc:981] could not open file to read NUMA node: /sys/bus/pci/devices/0000:01:00.0/numa_node
Your kernel may have been built without NUMA support.
2025-09-17 09:19:00.628905: I tensorflow/compiler/xla/stream_executor/cuda/cuda_gpu_executor.cc:981] could not open file to read NUMA node: /sys/bus/pci/devices/0000:01:00.0/numa_node
Your kernel may have been built without NUMA support.
2025-09-17 09:19:00.629008: I tensorflow/compiler/xla/stream_executor/cuda/cuda_gpu_executor.cc:981] could not open file to read NUMA node: /sys/bus/pci/devices/0000:01:00.0/numa_node
Your kernel may have been built without NUMA support.
2025-09-17 09:19:00.629017: I tensorflow/core/common_runtime/gpu/gpu_device.cc:1726] Could not identify NUMA node of platform GPU id 0, defaulting to 0.  Your kernel may not have been built with NUMA support.
2025-09-17 09:19:00.629039: I tensorflow/compiler/xla/stream_executor/cuda/cuda_gpu_executor.cc:981] could not open file to read NUMA node: /sys/bus/pci/devices/0000:01:00.0/numa_node
Your kernel may have been built without NUMA support.
2025-09-17 09:19:00.629060: I tensorflow/core/common_runtime/gpu/gpu_device.cc:1639] Created device /job:localhost/replica:0/task:0/device:GPU:0 with 9517 MB memory:  -> device: 0, name: NVIDIA GeForce RTX 4070 SUPER, pci bus id: 0000:01:00.0, compute capability: 8.9
GPU detected: 1 physical, 1 logical -> ['/device:GPU:0']
Config: batch=16, accumulate_steps=8 -> effective_batch=128
Loaded (1276, 36, 75) (1276,)
Using mask channel "occlusion_flag" from long_raw (index 7)
Model: "cnn_bilstm_attn_masked"
__________________________________________________________________________________________________
 Layer (type)                Output Shape                 Param #   Connected to                  
==================================================================================================
 input (InputLayer)          [(None, 36, 75)]             0         []                            
                                                                                                  
 permute_time_features (Per  (None, 75, 36)               0         ['input[0][0]']               
 mute)                                                                                            
                                                                                                  
 conv0 (Conv1D)              (None, 75, 64)               6976      ['permute_time_features[0][0]'
                                                                    ]                             
                                                                                                  
 bn0 (BatchNormalization)    (None, 75, 64)               256       ['conv0[0][0]']               
                                                                                                  
 act0 (Activation)           (None, 75, 64)               0         ['bn0[0][0]']                 
                                                                                                  
 conv_dropout0 (Dropout)     (None, 75, 64)               0         ['act0[0][0]']                
                                                                                                  
 conv1 (Conv1D)              (None, 75, 64)               20544     ['conv_dropout0[0][0]']       
                                                                                                  
 bn1 (BatchNormalization)    (None, 75, 64)               256       ['conv1[0][0]']               
                                                                                                  
 act1 (Activation)           (None, 75, 64)               0         ['bn1[0][0]']                 
                                                                                                  
 conv_dropout1 (Dropout)     (None, 75, 64)               0         ['act1[0][0]']                
                                                                                                  
 conv2 (Conv1D)              (None, 75, 64)               12352     ['conv_dropout1[0][0]']       
                                                                                                  
 bn2 (BatchNormalization)    (None, 75, 64)               256       ['conv2[0][0]']               
                                                                                                  
 act2 (Activation)           (None, 75, 64)               0         ['bn2[0][0]']                 
                                                                                                  
 conv_dropout2 (Dropout)     (None, 75, 64)               0         ['act2[0][0]']                
                                                                                                  
 bilstm (Bidirectional)      (None, 75, 128)              66048     ['conv_dropout2[0][0]']       
                                                                                                  
 mlp_attn_u (Dense)          (None, 75, 32)               4128      ['bilstm[0][0]']              
                                                                                                  
 mlp_attn_score (Dense)      (None, 75, 1)                33        ['mlp_attn_u[0][0]']          
                                                                                                  
 mlp_attn_squeeze (Lambda)   (None, 75)                   0         ['mlp_attn_score[0][0]']      
                                                                                                  
 attn_mask (InputLayer)      [(None, 75)]                 0         []                            
                                                                                                  
 mlp_attn_apply_mask (Lambd  (None, 75)                   0         ['mlp_attn_squeeze[0][0]',    
 a)                                                                  'attn_mask[0][0]']           
                                                                                                  
 mlp_attn_softmax (Lambda)   (None, 75)                   0         ['mlp_attn_apply_mask[0][0]'] 
                                                                                                  
 mlp_attn_expand (Lambda)    (None, 75, 1)                0         ['mlp_attn_softmax[0][0]']    
                                                                                                  
 mlp_attn_weighted (Lambda)  (None, 128)                  0         ['bilstm[0][0]',              
                                                                     'mlp_attn_expand[0][0]']     
                                                                                                  
 fc1 (Dense)                 (None, 64)                   8256      ['mlp_attn_weighted[0][0]']   
                                                                                                  
 fc_dropout (Dropout)        (None, 64)                   0         ['fc1[0][0]']                 
                                                                                                  
 out (Dense)                 (None, 1)                    65        ['fc_dropout[0][0]']          
                                                                                                  
==================================================================================================
Total params: 119171 (465.51 KB)
Trainable params: 118786 (464.01 KB)
Non-trainable params: 385 (1.50 KB)
__________________________________________________________________________________________________
None
Writing results to /home/user/projects/train/model/long_window/CNN_BiLSTM/result_focal_refine/cw08_fg03/01
Curriculum: set focal gamma = 0.0000 (epoch 1)
Epoch 1/70
2025-09-17 09:19:05.039295: I tensorflow/compiler/xla/stream_executor/cuda/cuda_dnn.cc:432] Loaded cuDNN version 8600
2025-09-17 09:19:05.111250: I tensorflow/tsl/platform/default/subprocess.cc:304] Start cannot spawn child process: No such file or directory
2025-09-17 09:19:05.238713: I tensorflow/compiler/xla/stream_executor/cuda/cuda_blas.cc:606] TensorFloat-32 will be used for the matrix multiplication. This will only be logged once.
2025-09-17 09:19:05.555034: I tensorflow/compiler/xla/service/service.cc:168] XLA service 0x74afb0009af0 initialized for platform CUDA (this does not guarantee that XLA will be used). Devices:
2025-09-17 09:19:05.555075: I tensorflow/compiler/xla/service/service.cc:176]   StreamExecutor device (0): NVIDIA GeForce RTX 4070 SUPER, Compute Capability 8.9
2025-09-17 09:19:05.558434: I tensorflow/compiler/mlir/tensorflow/utils/dump_mlir_util.cc:255] disabling MLIR crash reproducer, set env var `MLIR_CRASH_REPRODUCER_DIRECTORY` to enable.
2025-09-17 09:19:05.611356: I tensorflow/tsl/platform/default/subprocess.cc:304] Start cannot spawn child process: No such file or directory
2025-09-17 09:19:05.645903: I ./tensorflow/compiler/jit/device_compiler.h:186] Compiled cluster using XLA!  This line is logged at most once for the lifetime of the process.
56/56 - 7s - loss: 0.3620 - auc: 0.5044 - val_loss: 0.3480 - val_auc: 0.5613 - val_auc_custom: 0.5590 - val_f1_custom: 0.0000e+00 - val_recall_custom: 0.0000e+00 - 7s/epoch - 118ms/step
Curriculum: set focal gamma = 0.0737 (epoch 2)
Epoch 2/70
56/56 - 1s - loss: 0.2778 - auc: 0.5119 - val_loss: 0.2849 - val_auc: 0.5436 - val_auc_custom: 0.5414 - val_f1_custom: 0.0000e+00 - val_recall_custom: 0.0000e+00 - 1s/epoch - 20ms/step
Curriculum: set focal gamma = 0.1474 (epoch 3)
Epoch 3/70
56/56 - 1s - loss: 0.2387 - auc: 0.5488 - val_loss: 0.2419 - val_auc: 0.5396 - val_auc_custom: 0.5396 - val_f1_custom: 0.0000e+00 - val_recall_custom: 0.0000e+00 - 1s/epoch - 21ms/step
Curriculum: set focal gamma = 0.2211 (epoch 4)
Epoch 4/70
56/56 - 1s - loss: 0.2239 - auc: 0.5858 - val_loss: 0.2240 - val_auc: 0.5581 - val_auc_custom: 0.5580 - val_f1_custom: 0.0000e+00 - val_recall_custom: 0.0000e+00 - 1s/epoch - 20ms/step
Curriculum: set focal gamma = 0.2947 (epoch 5)
Epoch 5/70
56/56 - 1s - loss: 0.2153 - auc: 0.5797 - val_loss: 0.2124 - val_auc: 0.5816 - val_auc_custom: 0.5829 - val_f1_custom: 0.0000e+00 - val_recall_custom: 0.0000e+00 - 1s/epoch - 22ms/step
Curriculum: set focal gamma = 0.3684 (epoch 6)
Epoch 6/70
56/56 - 1s - loss: 0.1969 - auc: 0.6324 - val_loss: 0.2016 - val_auc: 0.5888 - val_auc_custom: 0.5904 - val_f1_custom: 0.0000e+00 - val_recall_custom: 0.0000e+00 - 1s/epoch - 22ms/step
Curriculum: set focal gamma = 0.4421 (epoch 7)
Epoch 7/70
56/56 - 1s - loss: 0.1885 - auc: 0.6246 - val_loss: 0.1923 - val_auc: 0.5901 - val_auc_custom: 0.5907 - val_f1_custom: 0.0000e+00 - val_recall_custom: 0.0000e+00 - 1s/epoch - 22ms/step
Curriculum: set focal gamma = 0.5158 (epoch 8)
Epoch 8/70
56/56 - 1s - loss: 0.1795 - auc: 0.6233 - val_loss: 0.1831 - val_auc: 0.5883 - val_auc_custom: 0.5884 - val_f1_custom: 0.0000e+00 - val_recall_custom: 0.0000e+00 - 1s/epoch - 20ms/step
Curriculum: set focal gamma = 0.5895 (epoch 9)
Epoch 9/70
56/56 - 1s - loss: 0.1704 - auc: 0.6266 - val_loss: 0.1737 - val_auc: 0.5863 - val_auc_custom: 0.5844 - val_f1_custom: 0.0000e+00 - val_recall_custom: 0.0000e+00 - 1s/epoch - 21ms/step
Curriculum: set focal gamma = 0.6632 (epoch 10)
Epoch 10/70
56/56 - 1s - loss: 0.1578 - auc: 0.6634 - val_loss: 0.1644 - val_auc: 0.5909 - val_auc_custom: 0.5927 - val_f1_custom: 0.0000e+00 - val_recall_custom: 0.0000e+00 - 1s/epoch - 22ms/step
Curriculum: set focal gamma = 0.7368 (epoch 11)
Epoch 11/70
56/56 - 1s - loss: 0.1515 - auc: 0.6463 - val_loss: 0.1558 - val_auc: 0.5955 - val_auc_custom: 0.5950 - val_f1_custom: 0.1404 - val_recall_custom: 0.0755 - 1s/epoch - 23ms/step
Curriculum: set focal gamma = 0.8105 (epoch 12)
Epoch 12/70
56/56 - 1s - loss: 0.1418 - auc: 0.6689 - val_loss: 0.1479 - val_auc: 0.6025 - val_auc_custom: 0.6043 - val_f1_custom: 0.1404 - val_recall_custom: 0.0755 - 1s/epoch - 22ms/step
Curriculum: set focal gamma = 0.8842 (epoch 13)
Epoch 13/70
56/56 - 1s - loss: 0.1343 - auc: 0.6750 - val_loss: 0.1407 - val_auc: 0.6101 - val_auc_custom: 0.6126 - val_f1_custom: 0.1379 - val_recall_custom: 0.0755 - 1s/epoch - 21ms/step
Curriculum: set focal gamma = 0.9579 (epoch 14)
Epoch 14/70
56/56 - 1s - loss: 0.1274 - auc: 0.6811 - val_loss: 0.1338 - val_auc: 0.6179 - val_auc_custom: 0.6166 - val_f1_custom: 0.1695 - val_recall_custom: 0.0943 - 1s/epoch - 22ms/step
Curriculum: set focal gamma = 1.0316 (epoch 15)
Epoch 15/70
56/56 - 1s - loss: 0.1184 - auc: 0.7072 - val_loss: 0.1266 - val_auc: 0.6233 - val_auc_custom: 0.6229 - val_f1_custom: 0.1695 - val_recall_custom: 0.0943 - 1s/epoch - 22ms/step
Curriculum: set focal gamma = 1.1053 (epoch 16)
Epoch 16/70
56/56 - 1s - loss: 0.1125 - auc: 0.7100 - val_loss: 0.1201 - val_auc: 0.6346 - val_auc_custom: 0.6360 - val_f1_custom: 0.1695 - val_recall_custom: 0.0943 - 1s/epoch - 21ms/step
Curriculum: set focal gamma = 1.1789 (epoch 17)
Epoch 17/70
56/56 - 1s - loss: 0.1072 - auc: 0.7116 - val_loss: 0.1136 - val_auc: 0.6464 - val_auc_custom: 0.6460 - val_f1_custom: 0.1695 - val_recall_custom: 0.0943 - 1s/epoch - 21ms/step
Curriculum: set focal gamma = 1.2526 (epoch 18)
Epoch 18/70
56/56 - 1s - loss: 0.0997 - auc: 0.7284 - val_loss: 0.1080 - val_auc: 0.6531 - val_auc_custom: 0.6536 - val_f1_custom: 0.1639 - val_recall_custom: 0.0943 - 1s/epoch - 22ms/step
Curriculum: set focal gamma = 1.3263 (epoch 19)
Epoch 19/70
56/56 - 1s - loss: 0.0938 - auc: 0.7383 - val_loss: 0.1024 - val_auc: 0.6708 - val_auc_custom: 0.6687 - val_f1_custom: 0.1905 - val_recall_custom: 0.1132 - 1s/epoch - 21ms/step
Curriculum: set focal gamma = 1.4000 (epoch 20)
Epoch 20/70
56/56 - 1s - loss: 0.0899 - auc: 0.7404 - val_loss: 0.0967 - val_auc: 0.6813 - val_auc_custom: 0.6835 - val_f1_custom: 0.1333 - val_recall_custom: 0.0755 - 1s/epoch - 22ms/step
Curriculum: set focal gamma = 1.4000 (epoch 21)
Epoch 21/70
56/56 - 1s - loss: 0.0898 - auc: 0.7445 - val_loss: 0.0987 - val_auc: 0.6816 - val_auc_custom: 0.6825 - val_f1_custom: 0.2121 - val_recall_custom: 0.1321 - 1s/epoch - 23ms/step
Curriculum: set focal gamma = 1.4000 (epoch 22)
Epoch 22/70
56/56 - 1s - loss: 0.0875 - auc: 0.7594 - val_loss: 0.0971 - val_auc: 0.6911 - val_auc_custom: 0.6923 - val_f1_custom: 0.2154 - val_recall_custom: 0.1321 - 1s/epoch - 22ms/step
Curriculum: set focal gamma = 1.4000 (epoch 23)
Epoch 23/70
56/56 - 1s - loss: 0.0855 - auc: 0.7802 - val_loss: 0.0972 - val_auc: 0.7023 - val_auc_custom: 0.7026 - val_f1_custom: 0.2154 - val_recall_custom: 0.1321 - 1s/epoch - 22ms/step
Curriculum: set focal gamma = 1.4000 (epoch 24)
Epoch 24/70
56/56 - 1s - loss: 0.0847 - auc: 0.7843 - val_loss: 0.0984 - val_auc: 0.6957 - val_auc_custom: 0.6956 - val_f1_custom: 0.3099 - val_recall_custom: 0.2075 - 1s/epoch - 20ms/step
Curriculum: set focal gamma = 1.4000 (epoch 25)
Epoch 25/70
56/56 - 1s - loss: 0.0828 - auc: 0.7993 - val_loss: 0.0974 - val_auc: 0.7109 - val_auc_custom: 0.7109 - val_f1_custom: 0.2817 - val_recall_custom: 0.1887 - 1s/epoch - 23ms/step
Curriculum: set focal gamma = 1.4000 (epoch 26)
Epoch 26/70
56/56 - 1s - loss: 0.0823 - auc: 0.8040 - val_loss: 0.1007 - val_auc: 0.7048 - val_auc_custom: 0.7042 - val_f1_custom: 0.4444 - val_recall_custom: 0.3396 - 1s/epoch - 22ms/step
Curriculum: set focal gamma = 1.4000 (epoch 27)
Epoch 27/70
56/56 - 1s - loss: 0.0820 - auc: 0.8017 - val_loss: 0.0989 - val_auc: 0.7096 - val_auc_custom: 0.7102 - val_f1_custom: 0.3421 - val_recall_custom: 0.2453 - 1s/epoch - 22ms/step
Curriculum: set focal gamma = 1.4000 (epoch 28)
Epoch 28/70
56/56 - 1s - loss: 0.0827 - auc: 0.8001 - val_loss: 0.1023 - val_auc: 0.7161 - val_auc_custom: 0.7170 - val_f1_custom: 0.5057 - val_recall_custom: 0.4151 - 1s/epoch - 22ms/step
Curriculum: set focal gamma = 1.4000 (epoch 29)
Epoch 29/70
56/56 - 1s - loss: 0.0806 - auc: 0.8136 - val_loss: 0.0977 - val_auc: 0.7296 - val_auc_custom: 0.7296 - val_f1_custom: 0.4819 - val_recall_custom: 0.3774 - 1s/epoch - 23ms/step
Curriculum: set focal gamma = 1.4000 (epoch 30)
Epoch 30/70
56/56 - 1s - loss: 0.0787 - auc: 0.8235 - val_loss: 0.0960 - val_auc: 0.7356 - val_auc_custom: 0.7351 - val_f1_custom: 0.3421 - val_recall_custom: 0.2453 - 1s/epoch - 23ms/step
Curriculum: set focal gamma = 1.4000 (epoch 31)
Epoch 31/70
56/56 - 1s - loss: 0.0766 - auc: 0.8376 - val_loss: 0.1081 - val_auc: 0.7123 - val_auc_custom: 0.7132 - val_f1_custom: 0.5714 - val_recall_custom: 0.5283 - 1s/epoch - 21ms/step
Curriculum: set focal gamma = 1.4000 (epoch 32)
Epoch 32/70
56/56 - 1s - loss: 0.0758 - auc: 0.8376 - val_loss: 0.0976 - val_auc: 0.7337 - val_auc_custom: 0.7353 - val_f1_custom: 0.3514 - val_recall_custom: 0.2453 - 1s/epoch - 20ms/step
Curriculum: set focal gamma = 1.4000 (epoch 33)
Epoch 33/70
56/56 - 1s - loss: 0.0740 - auc: 0.8519 - val_loss: 0.1114 - val_auc: 0.7122 - val_auc_custom: 0.7122 - val_f1_custom: 0.5417 - val_recall_custom: 0.4906 - 1s/epoch - 21ms/step
Curriculum: set focal gamma = 1.4000 (epoch 34)
Epoch 34/70
56/56 - 1s - loss: 0.0735 - auc: 0.8491 - val_loss: 0.1020 - val_auc: 0.7260 - val_auc_custom: 0.7270 - val_f1_custom: 0.4578 - val_recall_custom: 0.3585 - 1s/epoch - 22ms/step
Curriculum: set focal gamma = 1.4000 (epoch 35)
Epoch 35/70
56/56 - 1s - loss: 0.0716 - auc: 0.8590 - val_loss: 0.1122 - val_auc: 0.7155 - val_auc_custom: 0.7167 - val_f1_custom: 0.5600 - val_recall_custom: 0.5283 - 1s/epoch - 21ms/step
Curriculum: set focal gamma = 1.4000 (epoch 36)
Epoch 36/70
56/56 - 1s - loss: 0.0710 - auc: 0.8605 - val_loss: 0.1038 - val_auc: 0.7220 - val_auc_custom: 0.7230 - val_f1_custom: 0.3421 - val_recall_custom: 0.2453 - 1s/epoch - 21ms/step
Curriculum: set focal gamma = 1.4000 (epoch 37)
Epoch 37/70
56/56 - 1s - loss: 0.0728 - auc: 0.8546 - val_loss: 0.1136 - val_auc: 0.7060 - val_auc_custom: 0.7074 - val_f1_custom: 0.5053 - val_recall_custom: 0.4528 - 1s/epoch - 21ms/step
Curriculum: set focal gamma = 1.4000 (epoch 38)
Epoch 38/70
56/56 - 1s - loss: 0.0720 - auc: 0.8575 - val_loss: 0.1038 - val_auc: 0.7249 - val_auc_custom: 0.7253 - val_f1_custom: 0.4706 - val_recall_custom: 0.3774 - 1s/epoch - 20ms/step
Curriculum: set focal gamma = 1.4000 (epoch 39)
Epoch 39/70
56/56 - 1s - loss: 0.0676 - auc: 0.8773 - val_loss: 0.1050 - val_auc: 0.7386 - val_auc_custom: 0.7381 - val_f1_custom: 0.5435 - val_recall_custom: 0.4717 - 1s/epoch - 20ms/step
Curriculum: set focal gamma = 1.4000 (epoch 40)
Epoch 40/70
56/56 - 1s - loss: 0.0693 - auc: 0.8749 - val_loss: 0.1200 - val_auc: 0.7035 - val_auc_custom: 0.7029 - val_f1_custom: 0.5294 - val_recall_custom: 0.5094 - 1s/epoch - 19ms/step
Curriculum: set focal gamma = 1.4000 (epoch 41)
Epoch 41/70
56/56 - 1s - loss: 0.0637 - auc: 0.8985 - val_loss: 0.1046 - val_auc: 0.7333 - val_auc_custom: 0.7326 - val_f1_custom: 0.4250 - val_recall_custom: 0.3208 - 1s/epoch - 20ms/step
Curriculum: set focal gamma = 1.4000 (epoch 42)
Epoch 42/70
56/56 - 1s - loss: 0.0642 - auc: 0.8935 - val_loss: 0.1137 - val_auc: 0.7176 - val_auc_custom: 0.7177 - val_f1_custom: 0.4783 - val_recall_custom: 0.4151 - 1s/epoch - 20ms/step
Curriculum: set focal gamma = 1.4000 (epoch 43)
Epoch 43/70
56/56 - 1s - loss: 0.0657 - auc: 0.8893 - val_loss: 0.1127 - val_auc: 0.7238 - val_auc_custom: 0.7250 - val_f1_custom: 0.5111 - val_recall_custom: 0.4340 - 1s/epoch - 21ms/step
Curriculum: set focal gamma = 1.4000 (epoch 44)
Epoch 44/70
56/56 - 1s - loss: 0.0664 - auc: 0.8860 - val_loss: 0.1091 - val_auc: 0.7343 - val_auc_custom: 0.7351 - val_f1_custom: 0.3636 - val_recall_custom: 0.2642 - 1s/epoch - 21ms/step
Curriculum: set focal gamma = 1.4000 (epoch 45)
Epoch 45/70
56/56 - 1s - loss: 0.0657 - auc: 0.8865 - val_loss: 0.1196 - val_auc: 0.7031 - val_auc_custom: 0.7024 - val_f1_custom: 0.5102 - val_recall_custom: 0.4717 - 1s/epoch - 21ms/step
Curriculum: set focal gamma = 1.4000 (epoch 46)
Epoch 46/70
56/56 - 1s - loss: 0.0624 - auc: 0.8992 - val_loss: 0.1070 - val_auc: 0.7298 - val_auc_custom: 0.7306 - val_f1_custom: 0.4941 - val_recall_custom: 0.3962 - 1s/epoch - 20ms/step
Curriculum: set focal gamma = 1.4000 (epoch 47)
Epoch 47/70
56/56 - 1s - loss: 0.0611 - auc: 0.9037 - val_loss: 0.1176 - val_auc: 0.7157 - val_auc_custom: 0.7160 - val_f1_custom: 0.5051 - val_recall_custom: 0.4717 - 1s/epoch - 20ms/step
Curriculum: set focal gamma = 1.4000 (epoch 48)
Epoch 48/70
56/56 - 1s - loss: 0.0596 - auc: 0.9110 - val_loss: 0.1064 - val_auc: 0.7497 - val_auc_custom: 0.7502 - val_f1_custom: 0.5060 - val_recall_custom: 0.3962 - 1s/epoch - 22ms/step
Curriculum: set focal gamma = 1.4000 (epoch 49)
Epoch 49/70
56/56 - 1s - loss: 0.0577 - auc: 0.9145 - val_loss: 0.1253 - val_auc: 0.7216 - val_auc_custom: 0.7218 - val_f1_custom: 0.5155 - val_recall_custom: 0.4717 - 1s/epoch - 21ms/step
Curriculum: set focal gamma = 1.4000 (epoch 50)
Epoch 50/70
56/56 - 1s - loss: 0.0587 - auc: 0.9136 - val_loss: 0.1221 - val_auc: 0.7379 - val_auc_custom: 0.7366 - val_f1_custom: 0.5053 - val_recall_custom: 0.4528 - 1s/epoch - 21ms/step
Curriculum: set focal gamma = 1.4000 (epoch 51)
Epoch 51/70
56/56 - 1s - loss: 0.0609 - auc: 0.9057 - val_loss: 0.1229 - val_auc: 0.7274 - val_auc_custom: 0.7273 - val_f1_custom: 0.3797 - val_recall_custom: 0.2830 - 1s/epoch - 21ms/step
Curriculum: set focal gamma = 1.4000 (epoch 52)
Epoch 52/70
56/56 - 1s - loss: 0.0604 - auc: 0.9168 - val_loss: 0.1415 - val_auc: 0.7131 - val_auc_custom: 0.7119 - val_f1_custom: 0.5421 - val_recall_custom: 0.5472 - 1s/epoch - 20ms/step
Curriculum: set focal gamma = 1.4000 (epoch 53)
Epoch 53/70
56/56 - 1s - loss: 0.0581 - auc: 0.9141 - val_loss: 0.1137 - val_auc: 0.7234 - val_auc_custom: 0.7248 - val_f1_custom: 0.4103 - val_recall_custom: 0.3019 - 1s/epoch - 20ms/step
Curriculum: set focal gamma = 1.4000 (epoch 54)
Epoch 54/70
56/56 - 1s - loss: 0.0538 - auc: 0.9286 - val_loss: 0.1374 - val_auc: 0.7262 - val_auc_custom: 0.7255 - val_f1_custom: 0.5607 - val_recall_custom: 0.5660 - 1s/epoch - 21ms/step
Curriculum: set focal gamma = 1.4000 (epoch 55)
Epoch 55/70
56/56 - 1s - loss: 0.0546 - auc: 0.9252 - val_loss: 0.1218 - val_auc: 0.7260 - val_auc_custom: 0.7270 - val_f1_custom: 0.4419 - val_recall_custom: 0.3585 - 1s/epoch - 21ms/step
Curriculum: set focal gamma = 1.4000 (epoch 56)
Epoch 56/70
56/56 - 1s - loss: 0.0539 - auc: 0.9281 - val_loss: 0.1277 - val_auc: 0.7218 - val_auc_custom: 0.7210 - val_f1_custom: 0.4667 - val_recall_custom: 0.3962 - 1s/epoch - 21ms/step
Curriculum: set focal gamma = 1.4000 (epoch 57)
Epoch 57/70
56/56 - 1s - loss: 0.0519 - auc: 0.9356 - val_loss: 0.1366 - val_auc: 0.7243 - val_auc_custom: 0.7238 - val_f1_custom: 0.5294 - val_recall_custom: 0.5094 - 1s/epoch - 20ms/step
Curriculum: set focal gamma = 1.4000 (epoch 58)
Epoch 58/70
56/56 - 1s - loss: 0.0520 - auc: 0.9334 - val_loss: 0.1165 - val_auc: 0.7394 - val_auc_custom: 0.7502 - val_f1_custom: 0.5060 - val_recall_custom: 0.3962 - 1s/epoch - 21ms/step
Mask config -> mode=soft, threshold=0.6, window_gate=None
Done. Results saved to /home/user/projects/train/model/long_window/CNN_BiLSTM/result_focal_refine/cw08_fg03/01
