2025-09-18 14:52:36.984330: I tensorflow/core/util/port.cc:110] oneDNN custom operations are on. You may see slightly different numerical results due to floating-point round-off errors from different computation orders. To turn them off, set the environment variable `TF_ENABLE_ONEDNN_OPTS=0`.
2025-09-18 14:52:37.233766: I tensorflow/core/platform/cpu_feature_guard.cc:182] This TensorFlow binary is optimized to use available CPU instructions in performance-critical operations.
To enable the following instructions: AVX2 AVX_VNNI FMA, in other operations, rebuild TensorFlow with the appropriate compiler flags.
2025-09-18 14:52:38.041945: W tensorflow/compiler/tf2tensorrt/utils/py_utils.cc:38] TF-TRT Warning: Could not find TensorRT
2025-09-18 14:52:38.920968: I tensorflow/compiler/xla/stream_executor/cuda/cuda_gpu_executor.cc:981] could not open file to read NUMA node: /sys/bus/pci/devices/0000:01:00.0/numa_node
Your kernel may have been built without NUMA support.
2025-09-18 14:52:39.065909: I tensorflow/compiler/xla/stream_executor/cuda/cuda_gpu_executor.cc:981] could not open file to read NUMA node: /sys/bus/pci/devices/0000:01:00.0/numa_node
Your kernel may have been built without NUMA support.
2025-09-18 14:52:39.066034: I tensorflow/compiler/xla/stream_executor/cuda/cuda_gpu_executor.cc:981] could not open file to read NUMA node: /sys/bus/pci/devices/0000:01:00.0/numa_node
Your kernel may have been built without NUMA support.
2025-09-18 14:52:39.069079: I tensorflow/compiler/xla/stream_executor/cuda/cuda_gpu_executor.cc:981] could not open file to read NUMA node: /sys/bus/pci/devices/0000:01:00.0/numa_node
Your kernel may have been built without NUMA support.
2025-09-18 14:52:39.069159: I tensorflow/compiler/xla/stream_executor/cuda/cuda_gpu_executor.cc:981] could not open file to read NUMA node: /sys/bus/pci/devices/0000:01:00.0/numa_node
Your kernel may have been built without NUMA support.
2025-09-18 14:52:39.069182: I tensorflow/compiler/xla/stream_executor/cuda/cuda_gpu_executor.cc:981] could not open file to read NUMA node: /sys/bus/pci/devices/0000:01:00.0/numa_node
Your kernel may have been built without NUMA support.
2025-09-18 14:52:39.240557: I tensorflow/compiler/xla/stream_executor/cuda/cuda_gpu_executor.cc:981] could not open file to read NUMA node: /sys/bus/pci/devices/0000:01:00.0/numa_node
Your kernel may have been built without NUMA support.
2025-09-18 14:52:39.240768: I tensorflow/compiler/xla/stream_executor/cuda/cuda_gpu_executor.cc:981] could not open file to read NUMA node: /sys/bus/pci/devices/0000:01:00.0/numa_node
Your kernel may have been built without NUMA support.
2025-09-18 14:52:39.240781: I tensorflow/core/common_runtime/gpu/gpu_device.cc:1726] Could not identify NUMA node of platform GPU id 0, defaulting to 0.  Your kernel may not have been built with NUMA support.
2025-09-18 14:52:39.240820: I tensorflow/compiler/xla/stream_executor/cuda/cuda_gpu_executor.cc:981] could not open file to read NUMA node: /sys/bus/pci/devices/0000:01:00.0/numa_node
Your kernel may have been built without NUMA support.
2025-09-18 14:52:39.240846: I tensorflow/core/common_runtime/gpu/gpu_device.cc:1639] Created device /job:localhost/replica:0/task:0/device:GPU:0 with 9517 MB memory:  -> device: 0, name: NVIDIA GeForce RTX 4070 SUPER, pci bus id: 0000:01:00.0, compute capability: 8.9
GPU detected: 1 physical, 1 logical -> ['/device:GPU:0']
Config: batch=16, accumulate_steps=8 -> effective_batch=128
Loaded (1276, 36, 75) (1276,)
Using mask channel "occlusion_flag" from long_raw (index 7)
Model: "cnn_bilstm_attn_masked"
__________________________________________________________________________________________________
 Layer (type)                Output Shape                 Param #   Connected to                  
==================================================================================================
 input (InputLayer)          [(None, 36, 75)]             0         []                            
                                                                                                  
 permute_time_features (Per  (None, 75, 36)               0         ['input[0][0]']               
 mute)                                                                                            
                                                                                                  
 conv0 (Conv1D)              (None, 75, 64)               6976      ['permute_time_features[0][0]'
                                                                    ]                             
                                                                                                  
 bn0 (BatchNormalization)    (None, 75, 64)               256       ['conv0[0][0]']               
                                                                                                  
 act0 (Activation)           (None, 75, 64)               0         ['bn0[0][0]']                 
                                                                                                  
 conv_dropout0 (Dropout)     (None, 75, 64)               0         ['act0[0][0]']                
                                                                                                  
 conv1 (Conv1D)              (None, 75, 64)               20544     ['conv_dropout0[0][0]']       
                                                                                                  
 bn1 (BatchNormalization)    (None, 75, 64)               256       ['conv1[0][0]']               
                                                                                                  
 act1 (Activation)           (None, 75, 64)               0         ['bn1[0][0]']                 
                                                                                                  
 conv_dropout1 (Dropout)     (None, 75, 64)               0         ['act1[0][0]']                
                                                                                                  
 conv2 (Conv1D)              (None, 75, 64)               12352     ['conv_dropout1[0][0]']       
                                                                                                  
 bn2 (BatchNormalization)    (None, 75, 64)               256       ['conv2[0][0]']               
                                                                                                  
 act2 (Activation)           (None, 75, 64)               0         ['bn2[0][0]']                 
                                                                                                  
 conv_dropout2 (Dropout)     (None, 75, 64)               0         ['act2[0][0]']                
                                                                                                  
 bilstm (Bidirectional)      (None, 75, 128)              66048     ['conv_dropout2[0][0]']       
                                                                                                  
 mlp_attn_u (Dense)          (None, 75, 32)               4128      ['bilstm[0][0]']              
                                                                                                  
 mlp_attn_score (Dense)      (None, 75, 1)                33        ['mlp_attn_u[0][0]']          
                                                                                                  
 mlp_attn_squeeze (Lambda)   (None, 75)                   0         ['mlp_attn_score[0][0]']      
                                                                                                  
 attn_mask (InputLayer)      [(None, 75)]                 0         []                            
                                                                                                  
 mlp_attn_apply_mask (Lambd  (None, 75)                   0         ['mlp_attn_squeeze[0][0]',    
 a)                                                                  'attn_mask[0][0]']           
                                                                                                  
 mlp_attn_softmax (Lambda)   (None, 75)                   0         ['mlp_attn_apply_mask[0][0]'] 
                                                                                                  
 mlp_attn_expand (Lambda)    (None, 75, 1)                0         ['mlp_attn_softmax[0][0]']    
                                                                                                  
 mlp_attn_weighted (Lambda)  (None, 128)                  0         ['bilstm[0][0]',              
                                                                     'mlp_attn_expand[0][0]']     
                                                                                                  
 fc1 (Dense)                 (None, 64)                   8256      ['mlp_attn_weighted[0][0]']   
                                                                                                  
 fc_dropout (Dropout)        (None, 64)                   0         ['fc1[0][0]']                 
                                                                                                  
 out (Dense)                 (None, 1)                    65        ['fc_dropout[0][0]']          
                                                                                                  
==================================================================================================
Total params: 119171 (465.51 KB)
Trainable params: 118786 (464.01 KB)
Non-trainable params: 385 (1.50 KB)
__________________________________________________________________________________________________
None
Writing results to result_multi_seed_precision_aware/seed2/01
Curriculum: set focal gamma = 0.0000 (epoch 1)
Epoch 1/60
2025-09-18 14:52:44.384933: I tensorflow/compiler/xla/stream_executor/cuda/cuda_dnn.cc:432] Loaded cuDNN version 8600
2025-09-18 14:52:44.617094: I tensorflow/tsl/platform/default/subprocess.cc:304] Start cannot spawn child process: No such file or directory
2025-09-18 14:52:44.968419: I tensorflow/compiler/xla/stream_executor/cuda/cuda_blas.cc:606] TensorFloat-32 will be used for the matrix multiplication. This will only be logged once.
2025-09-18 14:52:45.771941: I tensorflow/compiler/xla/service/service.cc:168] XLA service 0x748d6000ff30 initialized for platform CUDA (this does not guarantee that XLA will be used). Devices:
2025-09-18 14:52:45.771983: I tensorflow/compiler/xla/service/service.cc:176]   StreamExecutor device (0): NVIDIA GeForce RTX 4070 SUPER, Compute Capability 8.9
2025-09-18 14:52:45.784355: I tensorflow/compiler/mlir/tensorflow/utils/dump_mlir_util.cc:255] disabling MLIR crash reproducer, set env var `MLIR_CRASH_REPRODUCER_DIRECTORY` to enable.
2025-09-18 14:52:45.934198: I tensorflow/tsl/platform/default/subprocess.cc:304] Start cannot spawn child process: No such file or directory
2025-09-18 14:52:45.987161: I ./tensorflow/compiler/jit/device_compiler.h:186] Compiled cluster using XLA!  This line is logged at most once for the lifetime of the process.
WARNING:tensorflow:Can save best model only with val_precision_aware available, skipping.
WARNING:tensorflow:Early stopping conditioned on metric `val_precision_aware` which is not available. Available metrics are: loss,auc,val_loss,val_auc
56/56 - 9s - loss: 0.3189 - auc: 0.5595 - val_loss: 0.3318 - val_auc: 0.5962 - val_auc_custom: 0.6018 - val_f1_custom: 0.0000e+00 - val_recall_custom: 0.0000e+00 - val_composite: 0.1204 - val_precision_aware: 0.1204 - 9s/epoch - 167ms/step
Curriculum: set focal gamma = 0.0526 (epoch 2)
Epoch 2/60
WARNING:tensorflow:Can save best model only with val_precision_aware available, skipping.
WARNING:tensorflow:Early stopping conditioned on metric `val_precision_aware` which is not available. Available metrics are: loss,auc,val_loss,val_auc
56/56 - 2s - loss: 0.2906 - auc: 0.5777 - val_loss: 0.3065 - val_auc: 0.5996 - val_auc_custom: 0.5985 - val_f1_custom: 0.0000e+00 - val_recall_custom: 0.0000e+00 - val_composite: 0.1197 - val_precision_aware: 0.1197 - 2s/epoch - 40ms/step
Curriculum: set focal gamma = 0.1053 (epoch 3)
Epoch 3/60
WARNING:tensorflow:Can save best model only with val_precision_aware available, skipping.
WARNING:tensorflow:Early stopping conditioned on metric `val_precision_aware` which is not available. Available metrics are: loss,auc,val_loss,val_auc
56/56 - 2s - loss: 0.2778 - auc: 0.6151 - val_loss: 0.2925 - val_auc: 0.6024 - val_auc_custom: 0.6013 - val_f1_custom: 0.0000e+00 - val_recall_custom: 0.0000e+00 - val_composite: 0.1203 - val_precision_aware: 0.1203 - 2s/epoch - 41ms/step
Curriculum: set focal gamma = 0.1579 (epoch 4)
Epoch 4/60
WARNING:tensorflow:Can save best model only with val_precision_aware available, skipping.
WARNING:tensorflow:Early stopping conditioned on metric `val_precision_aware` which is not available. Available metrics are: loss,auc,val_loss,val_auc
56/56 - 2s - loss: 0.2628 - auc: 0.6297 - val_loss: 0.2818 - val_auc: 0.6009 - val_auc_custom: 0.6010 - val_f1_custom: 0.1333 - val_recall_custom: 0.0755 - val_composite: 0.1979 - val_precision_aware: 0.4459 - 2s/epoch - 41ms/step
Curriculum: set focal gamma = 0.2105 (epoch 5)
Epoch 5/60
WARNING:tensorflow:Can save best model only with val_precision_aware available, skipping.
WARNING:tensorflow:Early stopping conditioned on metric `val_precision_aware` which is not available. Available metrics are: loss,auc,val_loss,val_auc
56/56 - 2s - loss: 0.2489 - auc: 0.6686 - val_loss: 0.2709 - val_auc: 0.6035 - val_auc_custom: 0.6055 - val_f1_custom: 0.2090 - val_recall_custom: 0.1321 - val_composite: 0.2498 - val_precision_aware: 0.4338 - 2s/epoch - 38ms/step
Curriculum: set focal gamma = 0.2632 (epoch 6)
Epoch 6/60
WARNING:tensorflow:Can save best model only with val_precision_aware available, skipping.
WARNING:tensorflow:Early stopping conditioned on metric `val_precision_aware` which is not available. Available metrics are: loss,auc,val_loss,val_auc
56/56 - 2s - loss: 0.2405 - auc: 0.6543 - val_loss: 0.2609 - val_auc: 0.6119 - val_auc_custom: 0.6126 - val_f1_custom: 0.1875 - val_recall_custom: 0.1132 - val_composite: 0.2354 - val_precision_aware: 0.4515 - 2s/epoch - 42ms/step
Curriculum: set focal gamma = 0.3158 (epoch 7)
Epoch 7/60
WARNING:tensorflow:Can save best model only with val_precision_aware available, skipping.
WARNING:tensorflow:Early stopping conditioned on metric `val_precision_aware` which is not available. Available metrics are: loss,auc,val_loss,val_auc
56/56 - 2s - loss: 0.2329 - auc: 0.6487 - val_loss: 0.2520 - val_auc: 0.6133 - val_auc_custom: 0.6131 - val_f1_custom: 0.2059 - val_recall_custom: 0.1321 - val_composite: 0.2504 - val_precision_aware: 0.4177 - 2s/epoch - 37ms/step
Curriculum: set focal gamma = 0.3684 (epoch 8)
Epoch 8/60
WARNING:tensorflow:Can save best model only with val_precision_aware available, skipping.
WARNING:tensorflow:Early stopping conditioned on metric `val_precision_aware` which is not available. Available metrics are: loss,auc,val_loss,val_auc
56/56 - 2s - loss: 0.2183 - auc: 0.6873 - val_loss: 0.2428 - val_auc: 0.6181 - val_auc_custom: 0.6199 - val_f1_custom: 0.2500 - val_recall_custom: 0.1698 - val_composite: 0.2839 - val_precision_aware: 0.4358 - 2s/epoch - 39ms/step
Curriculum: set focal gamma = 0.4211 (epoch 9)
Epoch 9/60
WARNING:tensorflow:Can save best model only with val_precision_aware available, skipping.
WARNING:tensorflow:Early stopping conditioned on metric `val_precision_aware` which is not available. Available metrics are: loss,auc,val_loss,val_auc
56/56 - 2s - loss: 0.2093 - auc: 0.6919 - val_loss: 0.2361 - val_auc: 0.6157 - val_auc_custom: 0.6179 - val_f1_custom: 0.3200 - val_recall_custom: 0.2264 - val_composite: 0.3328 - val_precision_aware: 0.4923 - 2s/epoch - 38ms/step
Curriculum: set focal gamma = 0.4737 (epoch 10)
Epoch 10/60
WARNING:tensorflow:Can save best model only with val_precision_aware available, skipping.
WARNING:tensorflow:Early stopping conditioned on metric `val_precision_aware` which is not available. Available metrics are: loss,auc,val_loss,val_auc
56/56 - 2s - loss: 0.1995 - auc: 0.6989 - val_loss: 0.2286 - val_auc: 0.6223 - val_auc_custom: 0.6224 - val_f1_custom: 0.3377 - val_recall_custom: 0.2453 - val_composite: 0.3484 - val_precision_aware: 0.4966 - 2s/epoch - 38ms/step
Curriculum: set focal gamma = 0.5263 (epoch 11)
Epoch 11/60
WARNING:tensorflow:Can save best model only with val_precision_aware available, skipping.
WARNING:tensorflow:Early stopping conditioned on metric `val_precision_aware` which is not available. Available metrics are: loss,auc,val_loss,val_auc
56/56 - 2s - loss: 0.1910 - auc: 0.7079 - val_loss: 0.2222 - val_auc: 0.6181 - val_auc_custom: 0.6166 - val_f1_custom: 0.3377 - val_recall_custom: 0.2453 - val_composite: 0.3473 - val_precision_aware: 0.4955 - 2s/epoch - 37ms/step
Curriculum: set focal gamma = 0.5789 (epoch 12)
Epoch 12/60
WARNING:tensorflow:Can save best model only with val_precision_aware available, skipping.
WARNING:tensorflow:Early stopping conditioned on metric `val_precision_aware` which is not available. Available metrics are: loss,auc,val_loss,val_auc
56/56 - 2s - loss: 0.1823 - auc: 0.7203 - val_loss: 0.2134 - val_auc: 0.6213 - val_auc_custom: 0.6221 - val_f1_custom: 0.3529 - val_recall_custom: 0.2830 - val_composite: 0.3718 - val_precision_aware: 0.4647 - 2s/epoch - 38ms/step
Curriculum: set focal gamma = 0.6316 (epoch 13)
Epoch 13/60
WARNING:tensorflow:Can save best model only with val_precision_aware available, skipping.
WARNING:tensorflow:Early stopping conditioned on metric `val_precision_aware` which is not available. Available metrics are: loss,auc,val_loss,val_auc
56/56 - 2s - loss: 0.1715 - auc: 0.7465 - val_loss: 0.2032 - val_auc: 0.6358 - val_auc_custom: 0.6367 - val_f1_custom: 0.3457 - val_recall_custom: 0.2642 - val_composite: 0.3631 - val_precision_aware: 0.4810 - 2s/epoch - 38ms/step
Curriculum: set focal gamma = 0.6842 (epoch 14)
Epoch 14/60
WARNING:tensorflow:Can save best model only with val_precision_aware available, skipping.
WARNING:tensorflow:Early stopping conditioned on metric `val_precision_aware` which is not available. Available metrics are: loss,auc,val_loss,val_auc
56/56 - 2s - loss: 0.1649 - auc: 0.7493 - val_loss: 0.1954 - val_auc: 0.6448 - val_auc_custom: 0.6453 - val_f1_custom: 0.3457 - val_recall_custom: 0.2642 - val_composite: 0.3648 - val_precision_aware: 0.4828 - 2s/epoch - 37ms/step
Curriculum: set focal gamma = 0.7368 (epoch 15)
Epoch 15/60
WARNING:tensorflow:Can save best model only with val_precision_aware available, skipping.
WARNING:tensorflow:Early stopping conditioned on metric `val_precision_aware` which is not available. Available metrics are: loss,auc,val_loss,val_auc
56/56 - 2s - loss: 0.1578 - auc: 0.7546 - val_loss: 0.1880 - val_auc: 0.6564 - val_auc_custom: 0.6574 - val_f1_custom: 0.4318 - val_recall_custom: 0.3585 - val_composite: 0.4403 - val_precision_aware: 0.5324 - 2s/epoch - 38ms/step
Curriculum: set focal gamma = 0.7895 (epoch 16)
Epoch 16/60
WARNING:tensorflow:Can save best model only with val_precision_aware available, skipping.
WARNING:tensorflow:Early stopping conditioned on metric `val_precision_aware` which is not available. Available metrics are: loss,auc,val_loss,val_auc
56/56 - 2s - loss: 0.1495 - auc: 0.7653 - val_loss: 0.1804 - val_auc: 0.6635 - val_auc_custom: 0.6629 - val_f1_custom: 0.4138 - val_recall_custom: 0.3396 - val_composite: 0.4265 - val_precision_aware: 0.5214 - 2s/epoch - 39ms/step
Curriculum: set focal gamma = 0.8421 (epoch 17)
Epoch 17/60
WARNING:tensorflow:Can save best model only with val_precision_aware available, skipping.
WARNING:tensorflow:Early stopping conditioned on metric `val_precision_aware` which is not available. Available metrics are: loss,auc,val_loss,val_auc
56/56 - 2s - loss: 0.1439 - auc: 0.7663 - val_loss: 0.1749 - val_auc: 0.6691 - val_auc_custom: 0.6694 - val_f1_custom: 0.5263 - val_recall_custom: 0.4717 - val_composite: 0.5276 - val_precision_aware: 0.5894 - 2s/epoch - 38ms/step
Curriculum: set focal gamma = 0.8947 (epoch 18)
Epoch 18/60
WARNING:tensorflow:Can save best model only with val_precision_aware available, skipping.
WARNING:tensorflow:Early stopping conditioned on metric `val_precision_aware` which is not available. Available metrics are: loss,auc,val_loss,val_auc
56/56 - 2s - loss: 0.1387 - auc: 0.7700 - val_loss: 0.1664 - val_auc: 0.6877 - val_auc_custom: 0.6881 - val_f1_custom: 0.3902 - val_recall_custom: 0.3019 - val_composite: 0.4056 - val_precision_aware: 0.5305 - 2s/epoch - 37ms/step
Curriculum: set focal gamma = 0.9474 (epoch 19)
Epoch 19/60
WARNING:tensorflow:Can save best model only with val_precision_aware available, skipping.
WARNING:tensorflow:Early stopping conditioned on metric `val_precision_aware` which is not available. Available metrics are: loss,auc,val_loss,val_auc
56/56 - 2s - loss: 0.1315 - auc: 0.7850 - val_loss: 0.1668 - val_auc: 0.6760 - val_auc_custom: 0.6765 - val_f1_custom: 0.6364 - val_recall_custom: 0.6604 - val_composite: 0.6564 - val_precision_aware: 0.6332 - 2s/epoch - 38ms/step
Curriculum: set focal gamma = 1.0000 (epoch 20)
Epoch 20/60
WARNING:tensorflow:Can save best model only with val_precision_aware available, skipping.
WARNING:tensorflow:Early stopping conditioned on metric `val_precision_aware` which is not available. Available metrics are: loss,auc,val_loss,val_auc
56/56 - 2s - loss: 0.1253 - auc: 0.7857 - val_loss: 0.1551 - val_auc: 0.6908 - val_auc_custom: 0.6908 - val_f1_custom: 0.5417 - val_recall_custom: 0.4906 - val_composite: 0.5459 - val_precision_aware: 0.6030 - 2s/epoch - 38ms/step
Curriculum: set focal gamma = 1.0000 (epoch 21)
Epoch 21/60
WARNING:tensorflow:Can save best model only with val_precision_aware available, skipping.
WARNING:tensorflow:Early stopping conditioned on metric `val_precision_aware` which is not available. Available metrics are: loss,auc,val_loss,val_auc
56/56 - 2s - loss: 0.1218 - auc: 0.8051 - val_loss: 0.1560 - val_auc: 0.7019 - val_auc_custom: 0.7016 - val_f1_custom: 0.5882 - val_recall_custom: 0.5660 - val_composite: 0.5998 - val_precision_aware: 0.6229 - 2s/epoch - 38ms/step
Curriculum: set focal gamma = 1.0000 (epoch 22)
Epoch 22/60
WARNING:tensorflow:Can save best model only with val_precision_aware available, skipping.
WARNING:tensorflow:Early stopping conditioned on metric `val_precision_aware` which is not available. Available metrics are: loss,auc,val_loss,val_auc
56/56 - 2s - loss: 0.1216 - auc: 0.8041 - val_loss: 0.1591 - val_auc: 0.6923 - val_auc_custom: 0.6921 - val_f1_custom: 0.5905 - val_recall_custom: 0.5849 - val_composite: 0.6080 - val_precision_aware: 0.6136 - 2s/epoch - 37ms/step
Curriculum: set focal gamma = 1.0000 (epoch 23)
Epoch 23/60
WARNING:tensorflow:Can save best model only with val_precision_aware available, skipping.
WARNING:tensorflow:Early stopping conditioned on metric `val_precision_aware` which is not available. Available metrics are: loss,auc,val_loss,val_auc
56/56 - 2s - loss: 0.1199 - auc: 0.8162 - val_loss: 0.1565 - val_auc: 0.7009 - val_auc_custom: 0.7011 - val_f1_custom: 0.5859 - val_recall_custom: 0.5472 - val_composite: 0.5896 - val_precision_aware: 0.6312 - 2s/epoch - 39ms/step
Curriculum: set focal gamma = 1.0000 (epoch 24)
Epoch 24/60
WARNING:tensorflow:Can save best model only with val_precision_aware available, skipping.
WARNING:tensorflow:Early stopping conditioned on metric `val_precision_aware` which is not available. Available metrics are: loss,auc,val_loss,val_auc
56/56 - 2s - loss: 0.1233 - auc: 0.7986 - val_loss: 0.1575 - val_auc: 0.7247 - val_auc_custom: 0.7260 - val_f1_custom: 0.4884 - val_recall_custom: 0.3962 - val_composite: 0.4898 - val_precision_aware: 0.6099 - 2s/epoch - 38ms/step
Curriculum: set focal gamma = 1.0000 (epoch 25)
Epoch 25/60
WARNING:tensorflow:Can save best model only with val_precision_aware available, skipping.
WARNING:tensorflow:Early stopping conditioned on metric `val_precision_aware` which is not available. Available metrics are: loss,auc,val_loss,val_auc
56/56 - 2s - loss: 0.1187 - auc: 0.8174 - val_loss: 0.1562 - val_auc: 0.7073 - val_auc_custom: 0.7079 - val_f1_custom: 0.6078 - val_recall_custom: 0.5849 - val_composite: 0.6164 - val_precision_aware: 0.6403 - 2s/epoch - 39ms/step
Curriculum: set focal gamma = 1.0000 (epoch 26)
Epoch 26/60
WARNING:tensorflow:Can save best model only with val_precision_aware available, skipping.
WARNING:tensorflow:Early stopping conditioned on metric `val_precision_aware` which is not available. Available metrics are: loss,auc,val_loss,val_auc
56/56 - 2s - loss: 0.1186 - auc: 0.8158 - val_loss: 0.1570 - val_auc: 0.7192 - val_auc_custom: 0.7203 - val_f1_custom: 0.5618 - val_recall_custom: 0.4717 - val_composite: 0.5484 - val_precision_aware: 0.6598 - 2s/epoch - 38ms/step
Curriculum: set focal gamma = 1.0000 (epoch 27)
Epoch 27/60
WARNING:tensorflow:Can save best model only with val_precision_aware available, skipping.
WARNING:tensorflow:Early stopping conditioned on metric `val_precision_aware` which is not available. Available metrics are: loss,auc,val_loss,val_auc
56/56 - 2s - loss: 0.1127 - auc: 0.8409 - val_loss: 0.1572 - val_auc: 0.7197 - val_auc_custom: 0.7200 - val_f1_custom: 0.4828 - val_recall_custom: 0.3962 - val_composite: 0.4869 - val_precision_aware: 0.5977 - 2s/epoch - 38ms/step
Curriculum: set focal gamma = 1.0000 (epoch 28)
Epoch 28/60
WARNING:tensorflow:Can save best model only with val_precision_aware available, skipping.
WARNING:tensorflow:Early stopping conditioned on metric `val_precision_aware` which is not available. Available metrics are: loss,auc,val_loss,val_auc
56/56 - 2s - loss: 0.1120 - auc: 0.8440 - val_loss: 0.1644 - val_auc: 0.7062 - val_auc_custom: 0.7067 - val_f1_custom: 0.6364 - val_recall_custom: 0.6604 - val_composite: 0.6624 - val_precision_aware: 0.6393 - 2s/epoch - 39ms/step
Curriculum: set focal gamma = 1.0000 (epoch 29)
Epoch 29/60
WARNING:tensorflow:Can save best model only with val_precision_aware available, skipping.
WARNING:tensorflow:Early stopping conditioned on metric `val_precision_aware` which is not available. Available metrics are: loss,auc,val_loss,val_auc
56/56 - 2s - loss: 0.1102 - auc: 0.8442 - val_loss: 0.1618 - val_auc: 0.7153 - val_auc_custom: 0.7137 - val_f1_custom: 0.6000 - val_recall_custom: 0.5660 - val_composite: 0.6058 - val_precision_aware: 0.6419 - 2s/epoch - 39ms/step
Curriculum: set focal gamma = 1.0000 (epoch 30)
Epoch 30/60
WARNING:tensorflow:Can save best model only with val_precision_aware available, skipping.
WARNING:tensorflow:Early stopping conditioned on metric `val_precision_aware` which is not available. Available metrics are: loss,auc,val_loss,val_auc
56/56 - 2s - loss: 0.1098 - auc: 0.8455 - val_loss: 0.1654 - val_auc: 0.7113 - val_auc_custom: 0.7114 - val_f1_custom: 0.6154 - val_recall_custom: 0.6038 - val_composite: 0.6288 - val_precision_aware: 0.6406 - 2s/epoch - 40ms/step
Curriculum: set focal gamma = 1.0000 (epoch 31)
Epoch 31/60
WARNING:tensorflow:Can save best model only with val_precision_aware available, skipping.
WARNING:tensorflow:Early stopping conditioned on metric `val_precision_aware` which is not available. Available metrics are: loss,auc,val_loss,val_auc
56/56 - 2s - loss: 0.1082 - auc: 0.8546 - val_loss: 0.1625 - val_auc: 0.7153 - val_auc_custom: 0.7172 - val_f1_custom: 0.5905 - val_recall_custom: 0.5849 - val_composite: 0.6130 - val_precision_aware: 0.6187 - 2s/epoch - 38ms/step
Curriculum: set focal gamma = 1.0000 (epoch 32)
Epoch 32/60
WARNING:tensorflow:Can save best model only with val_precision_aware available, skipping.
WARNING:tensorflow:Early stopping conditioned on metric `val_precision_aware` which is not available. Available metrics are: loss,auc,val_loss,val_auc
56/56 - 2s - loss: 0.1056 - auc: 0.8603 - val_loss: 0.1614 - val_auc: 0.7358 - val_auc_custom: 0.7366 - val_f1_custom: 0.5376 - val_recall_custom: 0.4717 - val_composite: 0.5445 - val_precision_aware: 0.6211 - 2s/epoch - 38ms/step
Curriculum: set focal gamma = 1.0000 (epoch 33)
Epoch 33/60
WARNING:tensorflow:Can save best model only with val_precision_aware available, skipping.
WARNING:tensorflow:Early stopping conditioned on metric `val_precision_aware` which is not available. Available metrics are: loss,auc,val_loss,val_auc
56/56 - 2s - loss: 0.1069 - auc: 0.8534 - val_loss: 0.1697 - val_auc: 0.7143 - val_auc_custom: 0.7145 - val_f1_custom: 0.5981 - val_recall_custom: 0.6038 - val_composite: 0.6242 - val_precision_aware: 0.6186 - 2s/epoch - 37ms/step
Curriculum: set focal gamma = 1.0000 (epoch 34)
Epoch 34/60
WARNING:tensorflow:Can save best model only with val_precision_aware available, skipping.
WARNING:tensorflow:Early stopping conditioned on metric `val_precision_aware` which is not available. Available metrics are: loss,auc,val_loss,val_auc
56/56 - 2s - loss: 0.1052 - auc: 0.8613 - val_loss: 0.1679 - val_auc: 0.7172 - val_auc_custom: 0.7172 - val_f1_custom: 0.5625 - val_recall_custom: 0.5094 - val_composite: 0.5669 - val_precision_aware: 0.6262 - 2s/epoch - 39ms/step
Curriculum: set focal gamma = 1.0000 (epoch 35)
Epoch 35/60
WARNING:tensorflow:Can save best model only with val_precision_aware available, skipping.
WARNING:tensorflow:Early stopping conditioned on metric `val_precision_aware` which is not available. Available metrics are: loss,auc,val_loss,val_auc
56/56 - 2s - loss: 0.0972 - auc: 0.8840 - val_loss: 0.1706 - val_auc: 0.7190 - val_auc_custom: 0.7203 - val_f1_custom: 0.6226 - val_recall_custom: 0.6226 - val_composite: 0.6422 - val_precision_aware: 0.6422 - 2s/epoch - 39ms/step
Curriculum: set focal gamma = 1.0000 (epoch 36)
Epoch 36/60
WARNING:tensorflow:Can save best model only with val_precision_aware available, skipping.
WARNING:tensorflow:Early stopping conditioned on metric `val_precision_aware` which is not available. Available metrics are: loss,auc,val_loss,val_auc
56/56 - 2s - loss: 0.1046 - auc: 0.8639 - val_loss: 0.1695 - val_auc: 0.7263 - val_auc_custom: 0.7258 - val_f1_custom: 0.5361 - val_recall_custom: 0.4906 - val_composite: 0.5513 - val_precision_aware: 0.6014 - 2s/epoch - 41ms/step
Curriculum: set focal gamma = 1.0000 (epoch 37)
Epoch 37/60
WARNING:tensorflow:Can save best model only with val_precision_aware available, skipping.
WARNING:tensorflow:Early stopping conditioned on metric `val_precision_aware` which is not available. Available metrics are: loss,auc,val_loss,val_auc
56/56 - 2s - loss: 0.1000 - auc: 0.8747 - val_loss: 0.1839 - val_auc: 0.7026 - val_auc_custom: 0.7019 - val_f1_custom: 0.5913 - val_recall_custom: 0.6415 - val_composite: 0.6385 - val_precision_aware: 0.5920 - 2s/epoch - 40ms/step
Curriculum: set focal gamma = 1.0000 (epoch 38)
Epoch 38/60
WARNING:tensorflow:Can save best model only with val_precision_aware available, skipping.
WARNING:tensorflow:Early stopping conditioned on metric `val_precision_aware` which is not available. Available metrics are: loss,auc,val_loss,val_auc
56/56 - 2s - loss: 0.1020 - auc: 0.8721 - val_loss: 0.1685 - val_auc: 0.7341 - val_auc_custom: 0.7328 - val_f1_custom: 0.5882 - val_recall_custom: 0.5660 - val_composite: 0.6061 - val_precision_aware: 0.6292 - 2s/epoch - 39ms/step
Curriculum: set focal gamma = 1.0000 (epoch 39)
Epoch 39/60
WARNING:tensorflow:Can save best model only with val_precision_aware available, skipping.
WARNING:tensorflow:Early stopping conditioned on metric `val_precision_aware` which is not available. Available metrics are: loss,auc,val_loss,val_auc
56/56 - 2s - loss: 0.0989 - auc: 0.8808 - val_loss: 0.1666 - val_auc: 0.7381 - val_auc_custom: 0.7379 - val_f1_custom: 0.6019 - val_recall_custom: 0.5849 - val_composite: 0.6206 - val_precision_aware: 0.6382 - 2s/epoch - 41ms/step
Curriculum: set focal gamma = 1.0000 (epoch 40)
Epoch 40/60
WARNING:tensorflow:Can save best model only with val_precision_aware available, skipping.
WARNING:tensorflow:Early stopping conditioned on metric `val_precision_aware` which is not available. Available metrics are: loss,auc,val_loss,val_auc
56/56 - 2s - loss: 0.0982 - auc: 0.8853 - val_loss: 0.1719 - val_auc: 0.7385 - val_auc_custom: 0.7389 - val_f1_custom: 0.6182 - val_recall_custom: 0.6415 - val_composite: 0.6540 - val_precision_aware: 0.6315 - 2s/epoch - 39ms/step
Curriculum: set focal gamma = 1.0000 (epoch 41)
Epoch 41/60
WARNING:tensorflow:Can save best model only with val_precision_aware available, skipping.
WARNING:tensorflow:Early stopping conditioned on metric `val_precision_aware` which is not available. Available metrics are: loss,auc,val_loss,val_auc
56/56 - 2s - loss: 0.0974 - auc: 0.8864 - val_loss: 0.1678 - val_auc: 0.7521 - val_auc_custom: 0.7522 - val_f1_custom: 0.5161 - val_recall_custom: 0.4528 - val_composite: 0.5317 - val_precision_aware: 0.6053 - 2s/epoch - 36ms/step
Curriculum: set focal gamma = 1.0000 (epoch 42)
Epoch 42/60
WARNING:tensorflow:Can save best model only with val_precision_aware available, skipping.
WARNING:tensorflow:Early stopping conditioned on metric `val_precision_aware` which is not available. Available metrics are: loss,auc,val_loss,val_auc
56/56 - 2s - loss: 0.1016 - auc: 0.8798 - val_loss: 0.1658 - val_auc: 0.7449 - val_auc_custom: 0.7464 - val_f1_custom: 0.5532 - val_recall_custom: 0.4906 - val_composite: 0.5605 - val_precision_aware: 0.6323 - 2s/epoch - 38ms/step
Curriculum: set focal gamma = 1.0000 (epoch 43)
Epoch 43/60
WARNING:tensorflow:Can save best model only with val_precision_aware available, skipping.
WARNING:tensorflow:Early stopping conditioned on metric `val_precision_aware` which is not available. Available metrics are: loss,auc,val_loss,val_auc
56/56 - 2s - loss: 0.0952 - auc: 0.8950 - val_loss: 0.1727 - val_auc: 0.7426 - val_auc_custom: 0.7429 - val_f1_custom: 0.6055 - val_recall_custom: 0.6226 - val_composite: 0.6416 - val_precision_aware: 0.6249 - 2s/epoch - 39ms/step
Curriculum: set focal gamma = 1.0000 (epoch 44)
Epoch 44/60
WARNING:tensorflow:Can save best model only with val_precision_aware available, skipping.
WARNING:tensorflow:Early stopping conditioned on metric `val_precision_aware` which is not available. Available metrics are: loss,auc,val_loss,val_auc
56/56 - 2s - loss: 0.0890 - auc: 0.9086 - val_loss: 0.1646 - val_auc: 0.7516 - val_auc_custom: 0.7519 - val_f1_custom: 0.5773 - val_recall_custom: 0.5283 - val_composite: 0.5877 - val_precision_aware: 0.6418 - 2s/epoch - 38ms/step
Curriculum: set focal gamma = 1.0000 (epoch 45)
Epoch 45/60
WARNING:tensorflow:Can save best model only with val_precision_aware available, skipping.
WARNING:tensorflow:Early stopping conditioned on metric `val_precision_aware` which is not available. Available metrics are: loss,auc,val_loss,val_auc
56/56 - 2s - loss: 0.0913 - auc: 0.9000 - val_loss: 0.1894 - val_auc: 0.7331 - val_auc_custom: 0.7323 - val_f1_custom: 0.6379 - val_recall_custom: 0.6981 - val_composite: 0.6869 - val_precision_aware: 0.6315 - 2s/epoch - 37ms/step
Curriculum: set focal gamma = 1.0000 (epoch 46)
Epoch 46/60
WARNING:tensorflow:Can save best model only with val_precision_aware available, skipping.
WARNING:tensorflow:Early stopping conditioned on metric `val_precision_aware` which is not available. Available metrics are: loss,auc,val_loss,val_auc
56/56 - 2s - loss: 0.0912 - auc: 0.8998 - val_loss: 0.1934 - val_auc: 0.7301 - val_auc_custom: 0.7308 - val_f1_custom: 0.6435 - val_recall_custom: 0.6981 - val_composite: 0.6883 - val_precision_aware: 0.6376 - 2s/epoch - 39ms/step
Curriculum: set focal gamma = 1.0000 (epoch 47)
Epoch 47/60
WARNING:tensorflow:Can save best model only with val_precision_aware available, skipping.
WARNING:tensorflow:Early stopping conditioned on metric `val_precision_aware` which is not available. Available metrics are: loss,auc,val_loss,val_auc
56/56 - 2s - loss: 0.0907 - auc: 0.9017 - val_loss: 0.1734 - val_auc: 0.7663 - val_auc_custom: 0.7670 - val_f1_custom: 0.4634 - val_recall_custom: 0.3585 - val_composite: 0.4717 - val_precision_aware: 0.6200 - 2s/epoch - 38ms/step
Curriculum: set focal gamma = 1.0000 (epoch 48)
Epoch 48/60
WARNING:tensorflow:Can save best model only with val_precision_aware available, skipping.
WARNING:tensorflow:Early stopping conditioned on metric `val_precision_aware` which is not available. Available metrics are: loss,auc,val_loss,val_auc
56/56 - 2s - loss: 0.0884 - auc: 0.9070 - val_loss: 0.2009 - val_auc: 0.7264 - val_auc_custom: 0.7270 - val_f1_custom: 0.6230 - val_recall_custom: 0.7170 - val_composite: 0.6908 - val_precision_aware: 0.6077 - 2s/epoch - 39ms/step
Curriculum: set focal gamma = 1.0000 (epoch 49)
Epoch 49/60
WARNING:tensorflow:Can save best model only with val_precision_aware available, skipping.
WARNING:tensorflow:Early stopping conditioned on metric `val_precision_aware` which is not available. Available metrics are: loss,auc,val_loss,val_auc
56/56 - 2s - loss: 0.0837 - auc: 0.9242 - val_loss: 0.1761 - val_auc: 0.7597 - val_auc_custom: 0.7600 - val_f1_custom: 0.5591 - val_recall_custom: 0.4906 - val_composite: 0.5650 - val_precision_aware: 0.6447 - 2s/epoch - 38ms/step
Curriculum: set focal gamma = 1.0000 (epoch 50)
Epoch 50/60
WARNING:tensorflow:Can save best model only with val_precision_aware available, skipping.
WARNING:tensorflow:Early stopping conditioned on metric `val_precision_aware` which is not available. Available metrics are: loss,auc,val_loss,val_auc
56/56 - 2s - loss: 0.0887 - auc: 0.9057 - val_loss: 0.2079 - val_auc: 0.7333 - val_auc_custom: 0.7331 - val_f1_custom: 0.6393 - val_recall_custom: 0.7358 - val_composite: 0.7063 - val_precision_aware: 0.6210 - 2s/epoch - 41ms/step
Curriculum: set focal gamma = 1.0000 (epoch 51)
Epoch 51/60
WARNING:tensorflow:Can save best model only with val_precision_aware available, skipping.
WARNING:tensorflow:Early stopping conditioned on metric `val_precision_aware` which is not available. Available metrics are: loss,auc,val_loss,val_auc
56/56 - 2s - loss: 0.0844 - auc: 0.9161 - val_loss: 0.1836 - val_auc: 0.7487 - val_auc_custom: 0.7482 - val_f1_custom: 0.6095 - val_recall_custom: 0.6038 - val_composite: 0.6344 - val_precision_aware: 0.6402 - 2s/epoch - 42ms/step
Curriculum: set focal gamma = 1.0000 (epoch 52)
Epoch 52/60
WARNING:tensorflow:Can save best model only with val_precision_aware available, skipping.
WARNING:tensorflow:Early stopping conditioned on metric `val_precision_aware` which is not available. Available metrics are: loss,auc,val_loss,val_auc
56/56 - 2s - loss: 0.0812 - auc: 0.9223 - val_loss: 0.1876 - val_auc: 0.7496 - val_auc_custom: 0.7497 - val_f1_custom: 0.5962 - val_recall_custom: 0.5849 - val_composite: 0.6212 - val_precision_aware: 0.6327 - 2s/epoch - 40ms/step
Curriculum: set focal gamma = 1.0000 (epoch 53)
Epoch 53/60
WARNING:tensorflow:Can save best model only with val_precision_aware available, skipping.
WARNING:tensorflow:Early stopping conditioned on metric `val_precision_aware` which is not available. Available metrics are: loss,auc,val_loss,val_auc
56/56 - 2s - loss: 0.0844 - auc: 0.9149 - val_loss: 0.1903 - val_auc: 0.7514 - val_auc_custom: 0.7517 - val_f1_custom: 0.6609 - val_recall_custom: 0.7170 - val_composite: 0.7071 - val_precision_aware: 0.6551 - 2s/epoch - 36ms/step
Curriculum: set focal gamma = 1.0000 (epoch 54)
Epoch 54/60
WARNING:tensorflow:Can save best model only with val_precision_aware available, skipping.
WARNING:tensorflow:Early stopping conditioned on metric `val_precision_aware` which is not available. Available metrics are: loss,auc,val_loss,val_auc
56/56 - 2s - loss: 0.0821 - auc: 0.9179 - val_loss: 0.1740 - val_auc: 0.7605 - val_auc_custom: 0.7610 - val_f1_custom: 0.5773 - val_recall_custom: 0.5283 - val_composite: 0.5895 - val_precision_aware: 0.6436 - 2s/epoch - 37ms/step
Curriculum: set focal gamma = 1.0000 (epoch 55)
Epoch 55/60
WARNING:tensorflow:Can save best model only with val_precision_aware available, skipping.
WARNING:tensorflow:Early stopping conditioned on metric `val_precision_aware` which is not available. Available metrics are: loss,auc,val_loss,val_auc
56/56 - 2s - loss: 0.0758 - auc: 0.9348 - val_loss: 0.2180 - val_auc: 0.7374 - val_auc_custom: 0.7369 - val_f1_custom: 0.6508 - val_recall_custom: 0.7736 - val_composite: 0.7294 - val_precision_aware: 0.6234 - 2s/epoch - 40ms/step
Curriculum: set focal gamma = 1.0000 (epoch 56)
Epoch 56/60
WARNING:tensorflow:Can save best model only with val_precision_aware available, skipping.
WARNING:tensorflow:Early stopping conditioned on metric `val_precision_aware` which is not available. Available metrics are: loss,auc,val_loss,val_auc
56/56 - 2s - loss: 0.0744 - auc: 0.9408 - val_loss: 0.1859 - val_auc: 0.7541 - val_auc_custom: 0.7550 - val_f1_custom: 0.5376 - val_recall_custom: 0.4717 - val_composite: 0.5481 - val_precision_aware: 0.6248 - 2s/epoch - 38ms/step
Curriculum: set focal gamma = 1.0000 (epoch 57)
Epoch 57/60
WARNING:tensorflow:Can save best model only with val_precision_aware available, skipping.
WARNING:tensorflow:Early stopping conditioned on metric `val_precision_aware` which is not available. Available metrics are: loss,auc,val_loss,val_auc
56/56 - 2s - loss: 0.0787 - auc: 0.9292 - val_loss: 0.2081 - val_auc: 0.7536 - val_auc_custom: 0.7537 - val_f1_custom: 0.6316 - val_recall_custom: 0.6792 - val_composite: 0.6798 - val_precision_aware: 0.6353 - 2s/epoch - 40ms/step
Curriculum: set focal gamma = 1.0000 (epoch 58)
Epoch 58/60
WARNING:tensorflow:Can save best model only with val_precision_aware available, skipping.
WARNING:tensorflow:Early stopping conditioned on metric `val_precision_aware` which is not available. Available metrics are: loss,auc,val_loss,val_auc
56/56 - 2s - loss: 0.0794 - auc: 0.9254 - val_loss: 0.1884 - val_auc: 0.7582 - val_auc_custom: 0.7582 - val_f1_custom: 0.6226 - val_recall_custom: 0.6226 - val_composite: 0.6498 - val_precision_aware: 0.6498 - 2s/epoch - 36ms/step
Curriculum: set focal gamma = 1.0000 (epoch 59)
Epoch 59/60
WARNING:tensorflow:Can save best model only with val_precision_aware available, skipping.
WARNING:tensorflow:Early stopping conditioned on metric `val_precision_aware` which is not available. Available metrics are: loss,auc,val_loss,val_auc
56/56 - 2s - loss: 0.0707 - auc: 0.9428 - val_loss: 0.2112 - val_auc: 0.7460 - val_auc_custom: 0.7459 - val_f1_custom: 0.6102 - val_recall_custom: 0.6792 - val_composite: 0.6719 - val_precision_aware: 0.6092 - 2s/epoch - 40ms/step
Curriculum: set focal gamma = 1.0000 (epoch 60)
Epoch 60/60
WARNING:tensorflow:Can save best model only with val_precision_aware available, skipping.
WARNING:tensorflow:Early stopping conditioned on metric `val_precision_aware` which is not available. Available metrics are: loss,auc,val_loss,val_auc
56/56 - 2s - loss: 0.0748 - auc: 0.9357 - val_loss: 0.1958 - val_auc: 0.7623 - val_auc_custom: 0.7625 - val_f1_custom: 0.6095 - val_recall_custom: 0.6038 - val_composite: 0.6372 - val_precision_aware: 0.6431 - 2s/epoch - 37ms/step
Mask config -> mode=soft, threshold=0.6, window_gate=None
Done. Results saved to result_multi_seed_precision_aware/seed2/01
