2025-09-17 09:09:09.413783: I tensorflow/core/util/port.cc:110] oneDNN custom operations are on. You may see slightly different numerical results due to floating-point round-off errors from different computation orders. To turn them off, set the environment variable `TF_ENABLE_ONEDNN_OPTS=0`.
2025-09-17 09:09:09.443190: I tensorflow/core/platform/cpu_feature_guard.cc:182] This TensorFlow binary is optimized to use available CPU instructions in performance-critical operations.
To enable the following instructions: AVX2 AVX_VNNI FMA, in other operations, rebuild TensorFlow with the appropriate compiler flags.
2025-09-17 09:09:09.845375: W tensorflow/compiler/tf2tensorrt/utils/py_utils.cc:38] TF-TRT Warning: Could not find TensorRT
2025-09-17 09:09:10.223876: I tensorflow/compiler/xla/stream_executor/cuda/cuda_gpu_executor.cc:981] could not open file to read NUMA node: /sys/bus/pci/devices/0000:01:00.0/numa_node
Your kernel may have been built without NUMA support.
2025-09-17 09:09:10.242754: I tensorflow/compiler/xla/stream_executor/cuda/cuda_gpu_executor.cc:981] could not open file to read NUMA node: /sys/bus/pci/devices/0000:01:00.0/numa_node
Your kernel may have been built without NUMA support.
2025-09-17 09:09:10.242847: I tensorflow/compiler/xla/stream_executor/cuda/cuda_gpu_executor.cc:981] could not open file to read NUMA node: /sys/bus/pci/devices/0000:01:00.0/numa_node
Your kernel may have been built without NUMA support.
2025-09-17 09:09:10.245798: I tensorflow/compiler/xla/stream_executor/cuda/cuda_gpu_executor.cc:981] could not open file to read NUMA node: /sys/bus/pci/devices/0000:01:00.0/numa_node
Your kernel may have been built without NUMA support.
2025-09-17 09:09:10.245904: I tensorflow/compiler/xla/stream_executor/cuda/cuda_gpu_executor.cc:981] could not open file to read NUMA node: /sys/bus/pci/devices/0000:01:00.0/numa_node
Your kernel may have been built without NUMA support.
2025-09-17 09:09:10.245926: I tensorflow/compiler/xla/stream_executor/cuda/cuda_gpu_executor.cc:981] could not open file to read NUMA node: /sys/bus/pci/devices/0000:01:00.0/numa_node
Your kernel may have been built without NUMA support.
2025-09-17 09:09:10.337699: I tensorflow/compiler/xla/stream_executor/cuda/cuda_gpu_executor.cc:981] could not open file to read NUMA node: /sys/bus/pci/devices/0000:01:00.0/numa_node
Your kernel may have been built without NUMA support.
2025-09-17 09:09:10.337817: I tensorflow/compiler/xla/stream_executor/cuda/cuda_gpu_executor.cc:981] could not open file to read NUMA node: /sys/bus/pci/devices/0000:01:00.0/numa_node
Your kernel may have been built without NUMA support.
2025-09-17 09:09:10.337838: I tensorflow/core/common_runtime/gpu/gpu_device.cc:1726] Could not identify NUMA node of platform GPU id 0, defaulting to 0.  Your kernel may not have been built with NUMA support.
2025-09-17 09:09:10.337873: I tensorflow/compiler/xla/stream_executor/cuda/cuda_gpu_executor.cc:981] could not open file to read NUMA node: /sys/bus/pci/devices/0000:01:00.0/numa_node
Your kernel may have been built without NUMA support.
2025-09-17 09:09:10.337894: I tensorflow/core/common_runtime/gpu/gpu_device.cc:1639] Created device /job:localhost/replica:0/task:0/device:GPU:0 with 9517 MB memory:  -> device: 0, name: NVIDIA GeForce RTX 4070 SUPER, pci bus id: 0000:01:00.0, compute capability: 8.9
GPU detected: 1 physical, 1 logical -> ['/device:GPU:0']
Config: batch=16, accumulate_steps=8 -> effective_batch=128
Loaded (1276, 36, 75) (1276,)
Using mask channel "occlusion_flag" from long_raw (index 7)
Model: "cnn_bilstm_attn_masked"
__________________________________________________________________________________________________
 Layer (type)                Output Shape                 Param #   Connected to                  
==================================================================================================
 input (InputLayer)          [(None, 36, 75)]             0         []                            
                                                                                                  
 permute_time_features (Per  (None, 75, 36)               0         ['input[0][0]']               
 mute)                                                                                            
                                                                                                  
 conv0 (Conv1D)              (None, 75, 64)               6976      ['permute_time_features[0][0]'
                                                                    ]                             
                                                                                                  
 bn0 (BatchNormalization)    (None, 75, 64)               256       ['conv0[0][0]']               
                                                                                                  
 act0 (Activation)           (None, 75, 64)               0         ['bn0[0][0]']                 
                                                                                                  
 conv_dropout0 (Dropout)     (None, 75, 64)               0         ['act0[0][0]']                
                                                                                                  
 conv1 (Conv1D)              (None, 75, 64)               20544     ['conv_dropout0[0][0]']       
                                                                                                  
 bn1 (BatchNormalization)    (None, 75, 64)               256       ['conv1[0][0]']               
                                                                                                  
 act1 (Activation)           (None, 75, 64)               0         ['bn1[0][0]']                 
                                                                                                  
 conv_dropout1 (Dropout)     (None, 75, 64)               0         ['act1[0][0]']                
                                                                                                  
 conv2 (Conv1D)              (None, 75, 64)               12352     ['conv_dropout1[0][0]']       
                                                                                                  
 bn2 (BatchNormalization)    (None, 75, 64)               256       ['conv2[0][0]']               
                                                                                                  
 act2 (Activation)           (None, 75, 64)               0         ['bn2[0][0]']                 
                                                                                                  
 conv_dropout2 (Dropout)     (None, 75, 64)               0         ['act2[0][0]']                
                                                                                                  
 bilstm (Bidirectional)      (None, 75, 128)              66048     ['conv_dropout2[0][0]']       
                                                                                                  
 mlp_attn_u (Dense)          (None, 75, 32)               4128      ['bilstm[0][0]']              
                                                                                                  
 mlp_attn_score (Dense)      (None, 75, 1)                33        ['mlp_attn_u[0][0]']          
                                                                                                  
 mlp_attn_squeeze (Lambda)   (None, 75)                   0         ['mlp_attn_score[0][0]']      
                                                                                                  
 attn_mask (InputLayer)      [(None, 75)]                 0         []                            
                                                                                                  
 mlp_attn_apply_mask (Lambd  (None, 75)                   0         ['mlp_attn_squeeze[0][0]',    
 a)                                                                  'attn_mask[0][0]']           
                                                                                                  
 mlp_attn_softmax (Lambda)   (None, 75)                   0         ['mlp_attn_apply_mask[0][0]'] 
                                                                                                  
 mlp_attn_expand (Lambda)    (None, 75, 1)                0         ['mlp_attn_softmax[0][0]']    
                                                                                                  
 mlp_attn_weighted (Lambda)  (None, 128)                  0         ['bilstm[0][0]',              
                                                                     'mlp_attn_expand[0][0]']     
                                                                                                  
 fc1 (Dense)                 (None, 64)                   8256      ['mlp_attn_weighted[0][0]']   
                                                                                                  
 fc_dropout (Dropout)        (None, 64)                   0         ['fc1[0][0]']                 
                                                                                                  
 out (Dense)                 (None, 1)                    65        ['fc_dropout[0][0]']          
                                                                                                  
==================================================================================================
Total params: 119171 (465.51 KB)
Trainable params: 118786 (464.01 KB)
Non-trainable params: 385 (1.50 KB)
__________________________________________________________________________________________________
None
Writing results to /home/user/projects/train/model/long_window/CNN_BiLSTM/result_focal_refine/cw07_fg05/01
Curriculum: set focal gamma = 0.0000 (epoch 1)
Epoch 1/70
2025-09-17 09:09:14.710117: I tensorflow/compiler/xla/stream_executor/cuda/cuda_dnn.cc:432] Loaded cuDNN version 8600
2025-09-17 09:09:14.784369: I tensorflow/tsl/platform/default/subprocess.cc:304] Start cannot spawn child process: No such file or directory
2025-09-17 09:09:14.925121: I tensorflow/compiler/xla/stream_executor/cuda/cuda_blas.cc:606] TensorFloat-32 will be used for the matrix multiplication. This will only be logged once.
2025-09-17 09:09:15.224424: I tensorflow/compiler/xla/service/service.cc:168] XLA service 0x620f96b06ab0 initialized for platform CUDA (this does not guarantee that XLA will be used). Devices:
2025-09-17 09:09:15.224471: I tensorflow/compiler/xla/service/service.cc:176]   StreamExecutor device (0): NVIDIA GeForce RTX 4070 SUPER, Compute Capability 8.9
2025-09-17 09:09:15.228003: I tensorflow/compiler/mlir/tensorflow/utils/dump_mlir_util.cc:255] disabling MLIR crash reproducer, set env var `MLIR_CRASH_REPRODUCER_DIRECTORY` to enable.
2025-09-17 09:09:15.276585: I tensorflow/tsl/platform/default/subprocess.cc:304] Start cannot spawn child process: No such file or directory
2025-09-17 09:09:15.309667: I ./tensorflow/compiler/jit/device_compiler.h:186] Compiled cluster using XLA!  This line is logged at most once for the lifetime of the process.
56/56 - 7s - loss: 0.2917 - auc: 0.5063 - val_loss: 0.3301 - val_auc: 0.6123 - val_auc_custom: 0.6141 - val_f1_custom: 0.0000e+00 - val_recall_custom: 0.0000e+00 - 7s/epoch - 118ms/step
Curriculum: set focal gamma = 0.0737 (epoch 2)
Epoch 2/70
56/56 - 1s - loss: 0.2324 - auc: 0.5434 - val_loss: 0.2739 - val_auc: 0.6025 - val_auc_custom: 0.6035 - val_f1_custom: 0.0000e+00 - val_recall_custom: 0.0000e+00 - 1s/epoch - 20ms/step
Curriculum: set focal gamma = 0.1474 (epoch 3)
Epoch 3/70
56/56 - 1s - loss: 0.2156 - auc: 0.5669 - val_loss: 0.2470 - val_auc: 0.6179 - val_auc_custom: 0.6184 - val_f1_custom: 0.0000e+00 - val_recall_custom: 0.0000e+00 - 1s/epoch - 21ms/step
Curriculum: set focal gamma = 0.2211 (epoch 4)
Epoch 4/70
56/56 - 1s - loss: 0.2030 - auc: 0.5999 - val_loss: 0.2328 - val_auc: 0.6282 - val_auc_custom: 0.6272 - val_f1_custom: 0.0000e+00 - val_recall_custom: 0.0000e+00 - 1s/epoch - 22ms/step
Curriculum: set focal gamma = 0.2947 (epoch 5)
Epoch 5/70
56/56 - 1s - loss: 0.1912 - auc: 0.6020 - val_loss: 0.2209 - val_auc: 0.6286 - val_auc_custom: 0.6279 - val_f1_custom: 0.0000e+00 - val_recall_custom: 0.0000e+00 - 1s/epoch - 21ms/step
Curriculum: set focal gamma = 0.3684 (epoch 6)
Epoch 6/70
56/56 - 1s - loss: 0.1758 - auc: 0.6528 - val_loss: 0.2101 - val_auc: 0.6287 - val_auc_custom: 0.6284 - val_f1_custom: 0.1071 - val_recall_custom: 0.0566 - 1s/epoch - 23ms/step
Curriculum: set focal gamma = 0.4421 (epoch 7)
Epoch 7/70
56/56 - 1s - loss: 0.1684 - auc: 0.6427 - val_loss: 0.1998 - val_auc: 0.6206 - val_auc_custom: 0.6199 - val_f1_custom: 0.1724 - val_recall_custom: 0.0943 - 1s/epoch - 21ms/step
Curriculum: set focal gamma = 0.5158 (epoch 8)
Epoch 8/70
56/56 - 1s - loss: 0.1561 - auc: 0.6729 - val_loss: 0.1902 - val_auc: 0.6142 - val_auc_custom: 0.6136 - val_f1_custom: 0.1724 - val_recall_custom: 0.0943 - 1s/epoch - 20ms/step
Curriculum: set focal gamma = 0.5895 (epoch 9)
Epoch 9/70
56/56 - 1s - loss: 0.1503 - auc: 0.6532 - val_loss: 0.1807 - val_auc: 0.6053 - val_auc_custom: 0.6045 - val_f1_custom: 0.1724 - val_recall_custom: 0.0943 - 1s/epoch - 20ms/step
Curriculum: set focal gamma = 0.6632 (epoch 10)
Epoch 10/70
56/56 - 1s - loss: 0.1408 - auc: 0.6804 - val_loss: 0.1722 - val_auc: 0.6098 - val_auc_custom: 0.6123 - val_f1_custom: 0.2258 - val_recall_custom: 0.1321 - 1s/epoch - 21ms/step
Curriculum: set focal gamma = 0.7368 (epoch 11)
Epoch 11/70
56/56 - 1s - loss: 0.1336 - auc: 0.6847 - val_loss: 0.1638 - val_auc: 0.6153 - val_auc_custom: 0.6156 - val_f1_custom: 0.2295 - val_recall_custom: 0.1321 - 1s/epoch - 21ms/step
Curriculum: set focal gamma = 0.8105 (epoch 12)
Epoch 12/70
56/56 - 1s - loss: 0.1266 - auc: 0.6870 - val_loss: 0.1568 - val_auc: 0.6131 - val_auc_custom: 0.6131 - val_f1_custom: 0.2500 - val_recall_custom: 0.1509 - 1s/epoch - 21ms/step
Curriculum: set focal gamma = 0.8842 (epoch 13)
Epoch 13/70
56/56 - 1s - loss: 0.1204 - auc: 0.6935 - val_loss: 0.1480 - val_auc: 0.6072 - val_auc_custom: 0.6081 - val_f1_custom: 0.2295 - val_recall_custom: 0.1321 - 1s/epoch - 21ms/step
Curriculum: set focal gamma = 0.9579 (epoch 14)
Epoch 14/70
56/56 - 1s - loss: 0.1128 - auc: 0.7063 - val_loss: 0.1394 - val_auc: 0.6122 - val_auc_custom: 0.6101 - val_f1_custom: 0.2000 - val_recall_custom: 0.1132 - 1s/epoch - 21ms/step
Curriculum: set focal gamma = 1.0316 (epoch 15)
Epoch 15/70
56/56 - 1s - loss: 0.1058 - auc: 0.7301 - val_loss: 0.1319 - val_auc: 0.6243 - val_auc_custom: 0.6259 - val_f1_custom: 0.2000 - val_recall_custom: 0.1132 - 1s/epoch - 20ms/step
Curriculum: set focal gamma = 1.1053 (epoch 16)
Epoch 16/70
56/56 - 1s - loss: 0.0990 - auc: 0.7367 - val_loss: 0.1263 - val_auc: 0.6326 - val_auc_custom: 0.6330 - val_f1_custom: 0.2985 - val_recall_custom: 0.1887 - 1s/epoch - 22ms/step
Curriculum: set focal gamma = 1.1789 (epoch 17)
Epoch 17/70
56/56 - 1s - loss: 0.0945 - auc: 0.7384 - val_loss: 0.1199 - val_auc: 0.6439 - val_auc_custom: 0.6433 - val_f1_custom: 0.2941 - val_recall_custom: 0.1887 - 1s/epoch - 22ms/step
Curriculum: set focal gamma = 1.2526 (epoch 18)
Epoch 18/70
56/56 - 1s - loss: 0.0904 - auc: 0.7412 - val_loss: 0.1127 - val_auc: 0.6542 - val_auc_custom: 0.6556 - val_f1_custom: 0.2687 - val_recall_custom: 0.1698 - 1s/epoch - 24ms/step
Curriculum: set focal gamma = 1.3263 (epoch 19)
Epoch 19/70
56/56 - 1s - loss: 0.0829 - auc: 0.7663 - val_loss: 0.1067 - val_auc: 0.6737 - val_auc_custom: 0.6727 - val_f1_custom: 0.2154 - val_recall_custom: 0.1321 - 1s/epoch - 22ms/step
Curriculum: set focal gamma = 1.4000 (epoch 20)
Epoch 20/70
56/56 - 1s - loss: 0.0790 - auc: 0.7623 - val_loss: 0.1027 - val_auc: 0.6797 - val_auc_custom: 0.6797 - val_f1_custom: 0.3056 - val_recall_custom: 0.2075 - 1s/epoch - 22ms/step
Curriculum: set focal gamma = 1.4000 (epoch 21)
Epoch 21/70
56/56 - 1s - loss: 0.0796 - auc: 0.7614 - val_loss: 0.1032 - val_auc: 0.6737 - val_auc_custom: 0.6740 - val_f1_custom: 0.3333 - val_recall_custom: 0.2264 - 1s/epoch - 21ms/step
Curriculum: set focal gamma = 1.4000 (epoch 22)
Epoch 22/70
56/56 - 1s - loss: 0.0748 - auc: 0.8037 - val_loss: 0.1039 - val_auc: 0.6717 - val_auc_custom: 0.6727 - val_f1_custom: 0.3056 - val_recall_custom: 0.2075 - 1s/epoch - 20ms/step
Curriculum: set focal gamma = 1.4000 (epoch 23)
Epoch 23/70
56/56 - 1s - loss: 0.0761 - auc: 0.7899 - val_loss: 0.1036 - val_auc: 0.6833 - val_auc_custom: 0.6840 - val_f1_custom: 0.3056 - val_recall_custom: 0.2075 - 1s/epoch - 22ms/step
Curriculum: set focal gamma = 1.4000 (epoch 24)
Epoch 24/70
56/56 - 1s - loss: 0.0746 - auc: 0.7931 - val_loss: 0.1024 - val_auc: 0.6962 - val_auc_custom: 0.6946 - val_f1_custom: 0.2857 - val_recall_custom: 0.1887 - 1s/epoch - 22ms/step
Curriculum: set focal gamma = 1.4000 (epoch 25)
Epoch 25/70
56/56 - 1s - loss: 0.0730 - auc: 0.8036 - val_loss: 0.1034 - val_auc: 0.7047 - val_auc_custom: 0.7057 - val_f1_custom: 0.3951 - val_recall_custom: 0.3019 - 1s/epoch - 22ms/step
Curriculum: set focal gamma = 1.4000 (epoch 26)
Epoch 26/70
56/56 - 1s - loss: 0.0738 - auc: 0.8030 - val_loss: 0.1022 - val_auc: 0.7138 - val_auc_custom: 0.7117 - val_f1_custom: 0.3200 - val_recall_custom: 0.2264 - 1s/epoch - 22ms/step
Curriculum: set focal gamma = 1.4000 (epoch 27)
Epoch 27/70
56/56 - 1s - loss: 0.0719 - auc: 0.8165 - val_loss: 0.1130 - val_auc: 0.6952 - val_auc_custom: 0.6946 - val_f1_custom: 0.5106 - val_recall_custom: 0.4528 - 1s/epoch - 19ms/step
Curriculum: set focal gamma = 1.4000 (epoch 28)
Epoch 28/70
56/56 - 1s - loss: 0.0727 - auc: 0.8100 - val_loss: 0.1026 - val_auc: 0.7158 - val_auc_custom: 0.7157 - val_f1_custom: 0.2703 - val_recall_custom: 0.1887 - 1s/epoch - 22ms/step
Curriculum: set focal gamma = 1.4000 (epoch 29)
Epoch 29/70
56/56 - 1s - loss: 0.0721 - auc: 0.8138 - val_loss: 0.1092 - val_auc: 0.7093 - val_auc_custom: 0.7102 - val_f1_custom: 0.4667 - val_recall_custom: 0.3962 - 1s/epoch - 20ms/step
Curriculum: set focal gamma = 1.4000 (epoch 30)
Epoch 30/70
56/56 - 1s - loss: 0.0709 - auc: 0.8254 - val_loss: 0.1026 - val_auc: 0.7239 - val_auc_custom: 0.7245 - val_f1_custom: 0.2933 - val_recall_custom: 0.2075 - 1s/epoch - 22ms/step
Curriculum: set focal gamma = 1.4000 (epoch 31)
Epoch 31/70
56/56 - 1s - loss: 0.0688 - auc: 0.8370 - val_loss: 0.1051 - val_auc: 0.7254 - val_auc_custom: 0.7263 - val_f1_custom: 0.4048 - val_recall_custom: 0.3208 - 1s/epoch - 22ms/step
Curriculum: set focal gamma = 1.4000 (epoch 32)
Epoch 32/70
56/56 - 1s - loss: 0.0691 - auc: 0.8369 - val_loss: 0.1047 - val_auc: 0.7281 - val_auc_custom: 0.7286 - val_f1_custom: 0.4286 - val_recall_custom: 0.3396 - 1s/epoch - 23ms/step
Curriculum: set focal gamma = 1.4000 (epoch 33)
Epoch 33/70
56/56 - 1s - loss: 0.0673 - auc: 0.8460 - val_loss: 0.1045 - val_auc: 0.7283 - val_auc_custom: 0.7281 - val_f1_custom: 0.3902 - val_recall_custom: 0.3019 - 1s/epoch - 22ms/step
Curriculum: set focal gamma = 1.4000 (epoch 34)
Epoch 34/70
56/56 - 1s - loss: 0.0658 - auc: 0.8513 - val_loss: 0.1073 - val_auc: 0.7302 - val_auc_custom: 0.7311 - val_f1_custom: 0.4719 - val_recall_custom: 0.3962 - 1s/epoch - 22ms/step
Curriculum: set focal gamma = 1.4000 (epoch 35)
Epoch 35/70
56/56 - 1s - loss: 0.0659 - auc: 0.8538 - val_loss: 0.1078 - val_auc: 0.7321 - val_auc_custom: 0.7308 - val_f1_custom: 0.4096 - val_recall_custom: 0.3208 - 1s/epoch - 22ms/step
Curriculum: set focal gamma = 1.4000 (epoch 36)
Epoch 36/70
56/56 - 1s - loss: 0.0647 - auc: 0.8602 - val_loss: 0.1064 - val_auc: 0.7434 - val_auc_custom: 0.7434 - val_f1_custom: 0.4286 - val_recall_custom: 0.3396 - 1s/epoch - 21ms/step
Curriculum: set focal gamma = 1.4000 (epoch 37)
Epoch 37/70
56/56 - 1s - loss: 0.0627 - auc: 0.8672 - val_loss: 0.1162 - val_auc: 0.7214 - val_auc_custom: 0.7218 - val_f1_custom: 0.6019 - val_recall_custom: 0.5849 - 1s/epoch - 20ms/step
Curriculum: set focal gamma = 1.4000 (epoch 38)
Epoch 38/70
56/56 - 1s - loss: 0.0629 - auc: 0.8648 - val_loss: 0.1128 - val_auc: 0.7508 - val_auc_custom: 0.7509 - val_f1_custom: 0.3014 - val_recall_custom: 0.2075 - 1s/epoch - 22ms/step
Curriculum: set focal gamma = 1.4000 (epoch 39)
Epoch 39/70
56/56 - 1s - loss: 0.0605 - auc: 0.8830 - val_loss: 0.1180 - val_auc: 0.7301 - val_auc_custom: 0.7306 - val_f1_custom: 0.6000 - val_recall_custom: 0.5660 - 1s/epoch - 20ms/step
Curriculum: set focal gamma = 1.4000 (epoch 40)
Epoch 40/70
56/56 - 1s - loss: 0.0613 - auc: 0.8747 - val_loss: 0.1107 - val_auc: 0.7486 - val_auc_custom: 0.7484 - val_f1_custom: 0.4651 - val_recall_custom: 0.3774 - 1s/epoch - 21ms/step
Curriculum: set focal gamma = 1.4000 (epoch 41)
Epoch 41/70
56/56 - 1s - loss: 0.0616 - auc: 0.8730 - val_loss: 0.1168 - val_auc: 0.7370 - val_auc_custom: 0.7371 - val_f1_custom: 0.5625 - val_recall_custom: 0.5094 - 1s/epoch - 20ms/step
Curriculum: set focal gamma = 1.4000 (epoch 42)
Epoch 42/70
56/56 - 1s - loss: 0.0610 - auc: 0.8764 - val_loss: 0.1100 - val_auc: 0.7543 - val_auc_custom: 0.7535 - val_f1_custom: 0.4524 - val_recall_custom: 0.3585 - 1s/epoch - 22ms/step
Curriculum: set focal gamma = 1.4000 (epoch 43)
Epoch 43/70
56/56 - 1s - loss: 0.0596 - auc: 0.8807 - val_loss: 0.1150 - val_auc: 0.7391 - val_auc_custom: 0.7374 - val_f1_custom: 0.5169 - val_recall_custom: 0.4340 - 1s/epoch - 20ms/step
Curriculum: set focal gamma = 1.4000 (epoch 44)
Epoch 44/70
56/56 - 1s - loss: 0.0550 - auc: 0.9105 - val_loss: 0.1120 - val_auc: 0.7509 - val_auc_custom: 0.7499 - val_f1_custom: 0.5227 - val_recall_custom: 0.4340 - 1s/epoch - 20ms/step
Curriculum: set focal gamma = 1.4000 (epoch 45)
Epoch 45/70
56/56 - 1s - loss: 0.0567 - auc: 0.8996 - val_loss: 0.1135 - val_auc: 0.7621 - val_auc_custom: 0.7628 - val_f1_custom: 0.5895 - val_recall_custom: 0.5283 - 1s/epoch - 22ms/step
Curriculum: set focal gamma = 1.4000 (epoch 46)
Epoch 46/70
56/56 - 1s - loss: 0.0577 - auc: 0.8925 - val_loss: 0.1239 - val_auc: 0.7464 - val_auc_custom: 0.7462 - val_f1_custom: 0.6095 - val_recall_custom: 0.6038 - 1s/epoch - 20ms/step
Curriculum: set focal gamma = 1.4000 (epoch 47)
Epoch 47/70
56/56 - 1s - loss: 0.0553 - auc: 0.9030 - val_loss: 0.1165 - val_auc: 0.7512 - val_auc_custom: 0.7519 - val_f1_custom: 0.4337 - val_recall_custom: 0.3396 - 1s/epoch - 20ms/step
Curriculum: set focal gamma = 1.4000 (epoch 48)
Epoch 48/70
56/56 - 1s - loss: 0.0540 - auc: 0.9031 - val_loss: 0.1136 - val_auc: 0.7507 - val_auc_custom: 0.7502 - val_f1_custom: 0.4773 - val_recall_custom: 0.3962 - 1s/epoch - 20ms/step
Curriculum: set focal gamma = 1.4000 (epoch 49)
Epoch 49/70
56/56 - 1s - loss: 0.0549 - auc: 0.9008 - val_loss: 0.1171 - val_auc: 0.7540 - val_auc_custom: 0.7545 - val_f1_custom: 0.5800 - val_recall_custom: 0.5472 - 1s/epoch - 20ms/step
Curriculum: set focal gamma = 1.4000 (epoch 50)
Epoch 50/70
56/56 - 1s - loss: 0.0524 - auc: 0.9142 - val_loss: 0.1165 - val_auc: 0.7608 - val_auc_custom: 0.7605 - val_f1_custom: 0.5169 - val_recall_custom: 0.4340 - 1s/epoch - 20ms/step
Curriculum: set focal gamma = 1.4000 (epoch 51)
Epoch 51/70
56/56 - 1s - loss: 0.0535 - auc: 0.9074 - val_loss: 0.1148 - val_auc: 0.7649 - val_auc_custom: 0.7645 - val_f1_custom: 0.5652 - val_recall_custom: 0.4906 - 1s/epoch - 21ms/step
Curriculum: set focal gamma = 1.4000 (epoch 52)
Epoch 52/70
56/56 - 1s - loss: 0.0496 - auc: 0.9257 - val_loss: 0.1189 - val_auc: 0.7662 - val_auc_custom: 0.7665 - val_f1_custom: 0.5625 - val_recall_custom: 0.5094 - 1s/epoch - 22ms/step
Curriculum: set focal gamma = 1.4000 (epoch 53)
Epoch 53/70
56/56 - 1s - loss: 0.0493 - auc: 0.9253 - val_loss: 0.1187 - val_auc: 0.7714 - val_auc_custom: 0.7713 - val_f1_custom: 0.5957 - val_recall_custom: 0.5283 - 1s/epoch - 22ms/step
Curriculum: set focal gamma = 1.4000 (epoch 54)
Epoch 54/70
56/56 - 1s - loss: 0.0508 - auc: 0.9211 - val_loss: 0.1251 - val_auc: 0.7623 - val_auc_custom: 0.7633 - val_f1_custom: 0.4578 - val_recall_custom: 0.3585 - 1s/epoch - 20ms/step
Curriculum: set focal gamma = 1.4000 (epoch 55)
Epoch 55/70
56/56 - 1s - loss: 0.0505 - auc: 0.9232 - val_loss: 0.1336 - val_auc: 0.7592 - val_auc_custom: 0.7587 - val_f1_custom: 0.5825 - val_recall_custom: 0.5660 - 1s/epoch - 21ms/step
Curriculum: set focal gamma = 1.4000 (epoch 56)
Epoch 56/70
56/56 - 1s - loss: 0.0501 - auc: 0.9285 - val_loss: 0.1158 - val_auc: 0.7877 - val_auc_custom: 0.7882 - val_f1_custom: 0.5895 - val_recall_custom: 0.5283 - 1s/epoch - 22ms/step
Curriculum: set focal gamma = 1.4000 (epoch 57)
Epoch 57/70
56/56 - 1s - loss: 0.0494 - auc: 0.9236 - val_loss: 0.1187 - val_auc: 0.7723 - val_auc_custom: 0.7723 - val_f1_custom: 0.5227 - val_recall_custom: 0.4340 - 1s/epoch - 20ms/step
Curriculum: set focal gamma = 1.4000 (epoch 58)
Epoch 58/70
56/56 - 1s - loss: 0.0488 - auc: 0.9245 - val_loss: 0.1329 - val_auc: 0.7481 - val_auc_custom: 0.7477 - val_f1_custom: 0.6061 - val_recall_custom: 0.5660 - 1s/epoch - 20ms/step
Curriculum: set focal gamma = 1.4000 (epoch 59)
Epoch 59/70
56/56 - 1s - loss: 0.0441 - auc: 0.9416 - val_loss: 0.1251 - val_auc: 0.7840 - val_auc_custom: 0.7839 - val_f1_custom: 0.5000 - val_recall_custom: 0.3962 - 1s/epoch - 21ms/step
Curriculum: set focal gamma = 1.4000 (epoch 60)
Epoch 60/70
56/56 - 1s - loss: 0.0485 - auc: 0.9285 - val_loss: 0.1247 - val_auc: 0.7628 - val_auc_custom: 0.7628 - val_f1_custom: 0.5684 - val_recall_custom: 0.5094 - 1s/epoch - 21ms/step
Curriculum: set focal gamma = 1.4000 (epoch 61)
Epoch 61/70
56/56 - 1s - loss: 0.0450 - auc: 0.9374 - val_loss: 0.1241 - val_auc: 0.7853 - val_auc_custom: 0.7839 - val_f1_custom: 0.5618 - val_recall_custom: 0.4717 - 1s/epoch - 21ms/step
Curriculum: set focal gamma = 1.4000 (epoch 62)
Epoch 62/70
56/56 - 1s - loss: 0.0462 - auc: 0.9362 - val_loss: 0.1263 - val_auc: 0.7785 - val_auc_custom: 0.7791 - val_f1_custom: 0.6139 - val_recall_custom: 0.5849 - 1s/epoch - 21ms/step
Curriculum: set focal gamma = 1.4000 (epoch 63)
Epoch 63/70
56/56 - 1s - loss: 0.0469 - auc: 0.9307 - val_loss: 0.1196 - val_auc: 0.7826 - val_auc_custom: 0.7831 - val_f1_custom: 0.5116 - val_recall_custom: 0.4151 - 1s/epoch - 21ms/step
Curriculum: set focal gamma = 1.4000 (epoch 64)
Epoch 64/70
56/56 - 1s - loss: 0.0443 - auc: 0.9385 - val_loss: 0.1252 - val_auc: 0.7628 - val_auc_custom: 0.7643 - val_f1_custom: 0.5652 - val_recall_custom: 0.4906 - 1s/epoch - 20ms/step
Curriculum: set focal gamma = 1.4000 (epoch 65)
Epoch 65/70
56/56 - 1s - loss: 0.0462 - auc: 0.9351 - val_loss: 0.1269 - val_auc: 0.7603 - val_auc_custom: 0.7605 - val_f1_custom: 0.5895 - val_recall_custom: 0.5283 - 1s/epoch - 20ms/step
Curriculum: set focal gamma = 1.4000 (epoch 66)
Epoch 66/70
56/56 - 1s - loss: 0.0455 - auc: 0.9327 - val_loss: 0.1218 - val_auc: 0.7701 - val_auc_custom: 0.7882 - val_f1_custom: 0.5895 - val_recall_custom: 0.5283 - 1s/epoch - 20ms/step
Mask config -> mode=soft, threshold=0.6, window_gate=None
Done. Results saved to /home/user/projects/train/model/long_window/CNN_BiLSTM/result_focal_refine/cw07_fg05/01
