2025-09-17 03:09:00.958454: I tensorflow/core/util/port.cc:110] oneDNN custom operations are on. You may see slightly different numerical results due to floating-point round-off errors from different computation orders. To turn them off, set the environment variable `TF_ENABLE_ONEDNN_OPTS=0`.
2025-09-17 03:09:00.991213: I tensorflow/core/platform/cpu_feature_guard.cc:182] This TensorFlow binary is optimized to use available CPU instructions in performance-critical operations.
To enable the following instructions: AVX2 AVX_VNNI FMA, in other operations, rebuild TensorFlow with the appropriate compiler flags.
2025-09-17 03:09:01.430661: W tensorflow/compiler/tf2tensorrt/utils/py_utils.cc:38] TF-TRT Warning: Could not find TensorRT
2025-09-17 03:09:01.850630: I tensorflow/compiler/xla/stream_executor/cuda/cuda_gpu_executor.cc:981] could not open file to read NUMA node: /sys/bus/pci/devices/0000:01:00.0/numa_node
Your kernel may have been built without NUMA support.
2025-09-17 03:09:01.872279: I tensorflow/compiler/xla/stream_executor/cuda/cuda_gpu_executor.cc:981] could not open file to read NUMA node: /sys/bus/pci/devices/0000:01:00.0/numa_node
Your kernel may have been built without NUMA support.
2025-09-17 03:09:01.872379: I tensorflow/compiler/xla/stream_executor/cuda/cuda_gpu_executor.cc:981] could not open file to read NUMA node: /sys/bus/pci/devices/0000:01:00.0/numa_node
Your kernel may have been built without NUMA support.
2025-09-17 03:09:01.873783: I tensorflow/compiler/xla/stream_executor/cuda/cuda_gpu_executor.cc:981] could not open file to read NUMA node: /sys/bus/pci/devices/0000:01:00.0/numa_node
Your kernel may have been built without NUMA support.
2025-09-17 03:09:01.873852: I tensorflow/compiler/xla/stream_executor/cuda/cuda_gpu_executor.cc:981] could not open file to read NUMA node: /sys/bus/pci/devices/0000:01:00.0/numa_node
Your kernel may have been built without NUMA support.
2025-09-17 03:09:01.873874: I tensorflow/compiler/xla/stream_executor/cuda/cuda_gpu_executor.cc:981] could not open file to read NUMA node: /sys/bus/pci/devices/0000:01:00.0/numa_node
Your kernel may have been built without NUMA support.
2025-09-17 03:09:01.988087: I tensorflow/compiler/xla/stream_executor/cuda/cuda_gpu_executor.cc:981] could not open file to read NUMA node: /sys/bus/pci/devices/0000:01:00.0/numa_node
Your kernel may have been built without NUMA support.
2025-09-17 03:09:01.988209: I tensorflow/compiler/xla/stream_executor/cuda/cuda_gpu_executor.cc:981] could not open file to read NUMA node: /sys/bus/pci/devices/0000:01:00.0/numa_node
Your kernel may have been built without NUMA support.
2025-09-17 03:09:01.988218: I tensorflow/core/common_runtime/gpu/gpu_device.cc:1726] Could not identify NUMA node of platform GPU id 0, defaulting to 0.  Your kernel may not have been built with NUMA support.
2025-09-17 03:09:01.988241: I tensorflow/compiler/xla/stream_executor/cuda/cuda_gpu_executor.cc:981] could not open file to read NUMA node: /sys/bus/pci/devices/0000:01:00.0/numa_node
Your kernel may have been built without NUMA support.
2025-09-17 03:09:01.988265: I tensorflow/core/common_runtime/gpu/gpu_device.cc:1639] Created device /job:localhost/replica:0/task:0/device:GPU:0 with 9517 MB memory:  -> device: 0, name: NVIDIA GeForce RTX 4070 SUPER, pci bus id: 0000:01:00.0, compute capability: 8.9
GPU detected: 1 physical, 1 logical -> ['/device:GPU:0']
Config: batch=16, accumulate_steps=8 -> effective_batch=128
Loaded (1276, 36, 75) (1276,)
Using mask channel "occlusion_flag" from long_raw (index 7)
Model: "cnn_bilstm_attn_masked"
__________________________________________________________________________________________________
 Layer (type)                Output Shape                 Param #   Connected to                  
==================================================================================================
 input (InputLayer)          [(None, 36, 75)]             0         []                            
                                                                                                  
 permute_time_features (Per  (None, 75, 36)               0         ['input[0][0]']               
 mute)                                                                                            
                                                                                                  
 conv0 (Conv1D)              (None, 75, 64)               6976      ['permute_time_features[0][0]'
                                                                    ]                             
                                                                                                  
 bn0 (BatchNormalization)    (None, 75, 64)               256       ['conv0[0][0]']               
                                                                                                  
 act0 (Activation)           (None, 75, 64)               0         ['bn0[0][0]']                 
                                                                                                  
 conv_dropout0 (Dropout)     (None, 75, 64)               0         ['act0[0][0]']                
                                                                                                  
 conv1 (Conv1D)              (None, 75, 64)               20544     ['conv_dropout0[0][0]']       
                                                                                                  
 bn1 (BatchNormalization)    (None, 75, 64)               256       ['conv1[0][0]']               
                                                                                                  
 act1 (Activation)           (None, 75, 64)               0         ['bn1[0][0]']                 
                                                                                                  
 conv_dropout1 (Dropout)     (None, 75, 64)               0         ['act1[0][0]']                
                                                                                                  
 conv2 (Conv1D)              (None, 75, 64)               12352     ['conv_dropout1[0][0]']       
                                                                                                  
 bn2 (BatchNormalization)    (None, 75, 64)               256       ['conv2[0][0]']               
                                                                                                  
 act2 (Activation)           (None, 75, 64)               0         ['bn2[0][0]']                 
                                                                                                  
 conv_dropout2 (Dropout)     (None, 75, 64)               0         ['act2[0][0]']                
                                                                                                  
 bilstm (Bidirectional)      (None, 75, 128)              66048     ['conv_dropout2[0][0]']       
                                                                                                  
 mlp_attn_u (Dense)          (None, 75, 32)               4128      ['bilstm[0][0]']              
                                                                                                  
 mlp_attn_score (Dense)      (None, 75, 1)                33        ['mlp_attn_u[0][0]']          
                                                                                                  
 mlp_attn_squeeze (Lambda)   (None, 75)                   0         ['mlp_attn_score[0][0]']      
                                                                                                  
 attn_mask (InputLayer)      [(None, 75)]                 0         []                            
                                                                                                  
 mlp_attn_apply_mask (Lambd  (None, 75)                   0         ['mlp_attn_squeeze[0][0]',    
 a)                                                                  'attn_mask[0][0]']           
                                                                                                  
 mlp_attn_softmax (Lambda)   (None, 75)                   0         ['mlp_attn_apply_mask[0][0]'] 
                                                                                                  
 mlp_attn_expand (Lambda)    (None, 75, 1)                0         ['mlp_attn_softmax[0][0]']    
                                                                                                  
 mlp_attn_weighted (Lambda)  (None, 128)                  0         ['bilstm[0][0]',              
                                                                     'mlp_attn_expand[0][0]']     
                                                                                                  
 fc1 (Dense)                 (None, 64)                   8256      ['mlp_attn_weighted[0][0]']   
                                                                                                  
 fc_dropout (Dropout)        (None, 64)                   0         ['fc1[0][0]']                 
                                                                                                  
 out (Dense)                 (None, 1)                    65        ['fc_dropout[0][0]']          
                                                                                                  
==================================================================================================
Total params: 119171 (465.51 KB)
Trainable params: 118786 (464.01 KB)
Non-trainable params: 385 (1.50 KB)
__________________________________________________________________________________________________
None
Writing results to /home/user/projects/train/model/long_window/CNN_BiLSTM/result_focal_sweep/cw03_fg03/01
Curriculum: set focal gamma = 0.0000 (epoch 1)
Epoch 1/70
2025-09-17 03:09:06.877736: I tensorflow/compiler/xla/stream_executor/cuda/cuda_dnn.cc:432] Loaded cuDNN version 8600
2025-09-17 03:09:06.970048: I tensorflow/tsl/platform/default/subprocess.cc:304] Start cannot spawn child process: No such file or directory
2025-09-17 03:09:07.114402: I tensorflow/compiler/xla/stream_executor/cuda/cuda_blas.cc:606] TensorFloat-32 will be used for the matrix multiplication. This will only be logged once.
2025-09-17 03:09:07.447204: I tensorflow/compiler/xla/service/service.cc:168] XLA service 0x6473591d5be0 initialized for platform CUDA (this does not guarantee that XLA will be used). Devices:
2025-09-17 03:09:07.447260: I tensorflow/compiler/xla/service/service.cc:176]   StreamExecutor device (0): NVIDIA GeForce RTX 4070 SUPER, Compute Capability 8.9
2025-09-17 03:09:07.451045: I tensorflow/compiler/mlir/tensorflow/utils/dump_mlir_util.cc:255] disabling MLIR crash reproducer, set env var `MLIR_CRASH_REPRODUCER_DIRECTORY` to enable.
2025-09-17 03:09:07.507217: I tensorflow/tsl/platform/default/subprocess.cc:304] Start cannot spawn child process: No such file or directory
2025-09-17 03:09:07.543938: I ./tensorflow/compiler/jit/device_compiler.h:186] Compiled cluster using XLA!  This line is logged at most once for the lifetime of the process.
56/56 - 7s - loss: 0.2527 - auc: 0.5226 - val_loss: 0.3093 - val_auc: 0.6118 - val_auc_custom: 0.6169 - val_f1_custom: 0.0000e+00 - val_recall_custom: 0.0000e+00 - 7s/epoch - 132ms/step
Curriculum: set focal gamma = 0.0789 (epoch 2)
Epoch 2/70
56/56 - 1s - loss: 0.1844 - auc: 0.6024 - val_loss: 0.2280 - val_auc: 0.6146 - val_auc_custom: 0.6158 - val_f1_custom: 0.0000e+00 - val_recall_custom: 0.0000e+00 - 1s/epoch - 24ms/step
Curriculum: set focal gamma = 0.1579 (epoch 3)
Epoch 3/70
56/56 - 1s - loss: 0.1720 - auc: 0.5860 - val_loss: 0.2030 - val_auc: 0.6053 - val_auc_custom: 0.6081 - val_f1_custom: 0.0000e+00 - val_recall_custom: 0.0000e+00 - 1s/epoch - 22ms/step
Curriculum: set focal gamma = 0.2368 (epoch 4)
Epoch 4/70
56/56 - -2s - loss: 0.1606 - auc: 0.6510 - val_loss: 0.1939 - val_auc: 0.6023 - val_auc_custom: 0.6060 - val_f1_custom: 0.0000e+00 - val_recall_custom: 0.0000e+00 - -1502481us/epoch - -26830us/step
Curriculum: set focal gamma = 0.3158 (epoch 5)
Epoch 5/70
56/56 - 1s - loss: 0.1509 - auc: 0.6254 - val_loss: 0.1825 - val_auc: 0.6075 - val_auc_custom: 0.6058 - val_f1_custom: 0.0000e+00 - val_recall_custom: 0.0000e+00 - 1s/epoch - 22ms/step
Curriculum: set focal gamma = 0.3947 (epoch 6)
Epoch 6/70
56/56 - 1s - loss: 0.1397 - auc: 0.6560 - val_loss: 0.1728 - val_auc: 0.6094 - val_auc_custom: 0.6101 - val_f1_custom: 0.0000e+00 - val_recall_custom: 0.0000e+00 - 1s/epoch - 23ms/step
Curriculum: set focal gamma = 0.4737 (epoch 7)
Epoch 7/70
56/56 - 1s - loss: 0.1354 - auc: 0.6283 - val_loss: 0.1636 - val_auc: 0.6075 - val_auc_custom: 0.6055 - val_f1_custom: 0.0000e+00 - val_recall_custom: 0.0000e+00 - 1s/epoch - 23ms/step
Curriculum: set focal gamma = 0.5526 (epoch 8)
Epoch 8/70
56/56 - 1s - loss: 0.1261 - auc: 0.6520 - val_loss: 0.1541 - val_auc: 0.6023 - val_auc_custom: 0.6010 - val_f1_custom: 0.0000e+00 - val_recall_custom: 0.0000e+00 - 1s/epoch - 22ms/step
Curriculum: set focal gamma = 0.6316 (epoch 9)
Epoch 9/70
56/56 - 1s - loss: 0.1185 - auc: 0.6686 - val_loss: 0.1460 - val_auc: 0.6033 - val_auc_custom: 0.6028 - val_f1_custom: 0.0000e+00 - val_recall_custom: 0.0000e+00 - 1s/epoch - 21ms/step
Curriculum: set focal gamma = 0.7105 (epoch 10)
Epoch 10/70
56/56 - 1s - loss: 0.1133 - auc: 0.6527 - val_loss: 0.1386 - val_auc: 0.6162 - val_auc_custom: 0.6143 - val_f1_custom: 0.0000e+00 - val_recall_custom: 0.0000e+00 - 1s/epoch - 24ms/step
Curriculum: set focal gamma = 0.7895 (epoch 11)
Epoch 11/70
56/56 - 1s - loss: 0.1055 - auc: 0.6752 - val_loss: 0.1313 - val_auc: 0.6209 - val_auc_custom: 0.6211 - val_f1_custom: 0.0000e+00 - val_recall_custom: 0.0000e+00 - 1s/epoch - 23ms/step
Curriculum: set focal gamma = 0.8684 (epoch 12)
Epoch 12/70
56/56 - 1s - loss: 0.1003 - auc: 0.6863 - val_loss: 0.1241 - val_auc: 0.6255 - val_auc_custom: 0.6249 - val_f1_custom: 0.0000e+00 - val_recall_custom: 0.0000e+00 - 1s/epoch - 24ms/step
Curriculum: set focal gamma = 0.9474 (epoch 13)
Epoch 13/70
56/56 - 1s - loss: 0.0940 - auc: 0.6844 - val_loss: 0.1180 - val_auc: 0.6283 - val_auc_custom: 0.6272 - val_f1_custom: 0.0000e+00 - val_recall_custom: 0.0000e+00 - 1s/epoch - 25ms/step
Curriculum: set focal gamma = 1.0263 (epoch 14)
Epoch 14/70
56/56 - 1s - loss: 0.0886 - auc: 0.6982 - val_loss: 0.1121 - val_auc: 0.6267 - val_auc_custom: 0.6254 - val_f1_custom: 0.0000e+00 - val_recall_custom: 0.0000e+00 - 1s/epoch - 23ms/step
Curriculum: set focal gamma = 1.1053 (epoch 15)
Epoch 15/70
56/56 - 1s - loss: 0.0842 - auc: 0.7016 - val_loss: 0.1064 - val_auc: 0.6352 - val_auc_custom: 0.6360 - val_f1_custom: 0.0370 - val_recall_custom: 0.0189 - 1s/epoch - 25ms/step
Curriculum: set focal gamma = 1.1842 (epoch 16)
Epoch 16/70
56/56 - 1s - loss: 0.0785 - auc: 0.7196 - val_loss: 0.1004 - val_auc: 0.6462 - val_auc_custom: 0.6506 - val_f1_custom: 0.0370 - val_recall_custom: 0.0189 - 1s/epoch - 25ms/step
Curriculum: set focal gamma = 1.2632 (epoch 17)
Epoch 17/70
56/56 - 1s - loss: 0.0739 - auc: 0.7273 - val_loss: 0.0948 - val_auc: 0.6633 - val_auc_custom: 0.6621 - val_f1_custom: 0.0370 - val_recall_custom: 0.0189 - 1s/epoch - 24ms/step
Curriculum: set focal gamma = 1.3421 (epoch 18)
Epoch 18/70
56/56 - 1s - loss: 0.0700 - auc: 0.7334 - val_loss: 0.0900 - val_auc: 0.6714 - val_auc_custom: 0.6712 - val_f1_custom: 0.0370 - val_recall_custom: 0.0189 - 1s/epoch - 24ms/step
Curriculum: set focal gamma = 1.4211 (epoch 19)
Epoch 19/70
56/56 - 1s - loss: 0.0668 - auc: 0.7264 - val_loss: 0.0853 - val_auc: 0.6813 - val_auc_custom: 0.6815 - val_f1_custom: 0.1071 - val_recall_custom: 0.0566 - 1s/epoch - 26ms/step
Curriculum: set focal gamma = 1.5000 (epoch 20)
Epoch 20/70
56/56 - 1s - loss: 0.0617 - auc: 0.7497 - val_loss: 0.0808 - val_auc: 0.6870 - val_auc_custom: 0.6868 - val_f1_custom: 0.1724 - val_recall_custom: 0.0943 - 1s/epoch - 25ms/step
Curriculum: set focal gamma = 1.5000 (epoch 21)
Epoch 21/70
56/56 - 1s - loss: 0.0612 - auc: 0.7591 - val_loss: 0.0790 - val_auc: 0.7145 - val_auc_custom: 0.7142 - val_f1_custom: 0.1404 - val_recall_custom: 0.0755 - 1s/epoch - 24ms/step
Curriculum: set focal gamma = 1.5000 (epoch 22)
Epoch 22/70
56/56 - 1s - loss: 0.0597 - auc: 0.7804 - val_loss: 0.0802 - val_auc: 0.7023 - val_auc_custom: 0.7024 - val_f1_custom: 0.2258 - val_recall_custom: 0.1321 - 1s/epoch - 23ms/step
Curriculum: set focal gamma = 1.5000 (epoch 23)
Epoch 23/70
56/56 - 1s - loss: 0.0613 - auc: 0.7584 - val_loss: 0.0805 - val_auc: 0.7055 - val_auc_custom: 0.7042 - val_f1_custom: 0.1967 - val_recall_custom: 0.1132 - 1s/epoch - 22ms/step
Curriculum: set focal gamma = 1.5000 (epoch 24)
Epoch 24/70
56/56 - 1s - loss: 0.0591 - auc: 0.7846 - val_loss: 0.0811 - val_auc: 0.7049 - val_auc_custom: 0.7042 - val_f1_custom: 0.1935 - val_recall_custom: 0.1132 - 1s/epoch - 22ms/step
Curriculum: set focal gamma = 1.5000 (epoch 25)
Epoch 25/70
56/56 - 1s - loss: 0.0577 - auc: 0.8049 - val_loss: 0.0811 - val_auc: 0.7088 - val_auc_custom: 0.7097 - val_f1_custom: 0.2353 - val_recall_custom: 0.1509 - 1s/epoch - 23ms/step
Curriculum: set focal gamma = 1.5000 (epoch 26)
Epoch 26/70
56/56 - 1s - loss: 0.0585 - auc: 0.7913 - val_loss: 0.0807 - val_auc: 0.7214 - val_auc_custom: 0.7203 - val_f1_custom: 0.1587 - val_recall_custom: 0.0943 - 1s/epoch - 24ms/step
Curriculum: set focal gamma = 1.5000 (epoch 27)
Epoch 27/70
56/56 - 1s - loss: 0.0563 - auc: 0.8146 - val_loss: 0.0818 - val_auc: 0.7113 - val_auc_custom: 0.7104 - val_f1_custom: 0.1538 - val_recall_custom: 0.0943 - 1s/epoch - 23ms/step
Curriculum: set focal gamma = 1.5000 (epoch 28)
Epoch 28/70
56/56 - 1s - loss: 0.0556 - auc: 0.8190 - val_loss: 0.0846 - val_auc: 0.7049 - val_auc_custom: 0.7049 - val_f1_custom: 0.3243 - val_recall_custom: 0.2264 - 1s/epoch - 23ms/step
Curriculum: set focal gamma = 1.5000 (epoch 29)
Epoch 29/70
56/56 - -1s - loss: 0.0559 - auc: 0.8144 - val_loss: 0.0822 - val_auc: 0.7264 - val_auc_custom: 0.7275 - val_f1_custom: 0.1818 - val_recall_custom: 0.1132 - -1354453us/epoch - -24187us/step
Curriculum: set focal gamma = 1.5000 (epoch 30)
Epoch 30/70
56/56 - 1s - loss: 0.0568 - auc: 0.8024 - val_loss: 0.0825 - val_auc: 0.7218 - val_auc_custom: 0.7225 - val_f1_custom: 0.3014 - val_recall_custom: 0.2075 - 1s/epoch - 22ms/step
Curriculum: set focal gamma = 1.5000 (epoch 31)
Epoch 31/70
56/56 - 1s - loss: 0.0553 - auc: 0.8206 - val_loss: 0.0858 - val_auc: 0.7035 - val_auc_custom: 0.7049 - val_f1_custom: 0.3421 - val_recall_custom: 0.2453 - 1s/epoch - 22ms/step
Curriculum: set focal gamma = 1.5000 (epoch 32)
Epoch 32/70
56/56 - 1s - loss: 0.0533 - auc: 0.8407 - val_loss: 0.0858 - val_auc: 0.7127 - val_auc_custom: 0.7119 - val_f1_custom: 0.3636 - val_recall_custom: 0.2642 - 1s/epoch - 23ms/step
Curriculum: set focal gamma = 1.5000 (epoch 33)
Epoch 33/70
56/56 - 1s - loss: 0.0520 - auc: 0.8478 - val_loss: 0.0835 - val_auc: 0.7277 - val_auc_custom: 0.7260 - val_f1_custom: 0.3288 - val_recall_custom: 0.2264 - 1s/epoch - 25ms/step
Curriculum: set focal gamma = 1.5000 (epoch 34)
Epoch 34/70
56/56 - 1s - loss: 0.0525 - auc: 0.8442 - val_loss: 0.0901 - val_auc: 0.7034 - val_auc_custom: 0.7049 - val_f1_custom: 0.4944 - val_recall_custom: 0.4151 - 1s/epoch - 23ms/step
Curriculum: set focal gamma = 1.5000 (epoch 35)
Epoch 35/70
56/56 - 1s - loss: 0.0525 - auc: 0.8425 - val_loss: 0.0869 - val_auc: 0.7209 - val_auc_custom: 0.7213 - val_f1_custom: 0.2535 - val_recall_custom: 0.1698 - 1s/epoch - 21ms/step
Curriculum: set focal gamma = 1.5000 (epoch 36)
Epoch 36/70
56/56 - 1s - loss: 0.0514 - auc: 0.8522 - val_loss: 0.0842 - val_auc: 0.7302 - val_auc_custom: 0.7313 - val_f1_custom: 0.3377 - val_recall_custom: 0.2453 - 1s/epoch - 23ms/step
Curriculum: set focal gamma = 1.5000 (epoch 37)
Epoch 37/70
56/56 - 1s - loss: 0.0517 - auc: 0.8531 - val_loss: 0.0865 - val_auc: 0.7148 - val_auc_custom: 0.7147 - val_f1_custom: 0.3158 - val_recall_custom: 0.2264 - 1s/epoch - 22ms/step
Curriculum: set focal gamma = 1.5000 (epoch 38)
Epoch 38/70
56/56 - 1s - loss: 0.0504 - auc: 0.8698 - val_loss: 0.0860 - val_auc: 0.7313 - val_auc_custom: 0.7326 - val_f1_custom: 0.4471 - val_recall_custom: 0.3585 - 1s/epoch - 23ms/step
Curriculum: set focal gamma = 1.5000 (epoch 39)
Epoch 39/70
56/56 - 1s - loss: 0.0495 - auc: 0.8685 - val_loss: 0.0912 - val_auc: 0.7199 - val_auc_custom: 0.7190 - val_f1_custom: 0.5275 - val_recall_custom: 0.4528 - 1s/epoch - 21ms/step
Curriculum: set focal gamma = 1.5000 (epoch 40)
Epoch 40/70
56/56 - 1s - loss: 0.0472 - auc: 0.8787 - val_loss: 0.0836 - val_auc: 0.7400 - val_auc_custom: 0.7396 - val_f1_custom: 0.3158 - val_recall_custom: 0.2264 - 1s/epoch - 23ms/step
Curriculum: set focal gamma = 1.5000 (epoch 41)
Epoch 41/70
56/56 - 1s - loss: 0.0479 - auc: 0.8791 - val_loss: 0.0880 - val_auc: 0.7298 - val_auc_custom: 0.7298 - val_f1_custom: 0.4884 - val_recall_custom: 0.3962 - 1s/epoch - 23ms/step
Curriculum: set focal gamma = 1.5000 (epoch 42)
Epoch 42/70
56/56 - 1s - loss: 0.0467 - auc: 0.8833 - val_loss: 0.0879 - val_auc: 0.7355 - val_auc_custom: 0.7366 - val_f1_custom: 0.3421 - val_recall_custom: 0.2453 - 1s/epoch - 22ms/step
Curriculum: set focal gamma = 1.5000 (epoch 43)
Epoch 43/70
56/56 - 1s - loss: 0.0456 - auc: 0.8882 - val_loss: 0.0896 - val_auc: 0.7307 - val_auc_custom: 0.7308 - val_f1_custom: 0.3704 - val_recall_custom: 0.2830 - 1s/epoch - 22ms/step
Curriculum: set focal gamma = 1.5000 (epoch 44)
Epoch 44/70
56/56 - 1s - loss: 0.0463 - auc: 0.8865 - val_loss: 0.0942 - val_auc: 0.7240 - val_auc_custom: 0.7250 - val_f1_custom: 0.5217 - val_recall_custom: 0.4528 - 1s/epoch - 23ms/step
Curriculum: set focal gamma = 1.5000 (epoch 45)
Epoch 45/70
56/56 - 1s - loss: 0.0448 - auc: 0.8939 - val_loss: 0.0907 - val_auc: 0.7396 - val_auc_custom: 0.7401 - val_f1_custom: 0.3902 - val_recall_custom: 0.3019 - 1s/epoch - 23ms/step
Curriculum: set focal gamma = 1.5000 (epoch 46)
Epoch 46/70
56/56 - 1s - loss: 0.0441 - auc: 0.8961 - val_loss: 0.0891 - val_auc: 0.7525 - val_auc_custom: 0.7522 - val_f1_custom: 0.5333 - val_recall_custom: 0.4528 - 1s/epoch - 25ms/step
Curriculum: set focal gamma = 1.5000 (epoch 47)
Epoch 47/70
56/56 - 1s - loss: 0.0461 - auc: 0.8884 - val_loss: 0.0947 - val_auc: 0.7376 - val_auc_custom: 0.7371 - val_f1_custom: 0.5859 - val_recall_custom: 0.5472 - 1s/epoch - 22ms/step
Curriculum: set focal gamma = 1.5000 (epoch 48)
Epoch 48/70
56/56 - 1s - loss: 0.0421 - auc: 0.9087 - val_loss: 0.0969 - val_auc: 0.7309 - val_auc_custom: 0.7311 - val_f1_custom: 0.5208 - val_recall_custom: 0.4717 - 1s/epoch - 22ms/step
Curriculum: set focal gamma = 1.5000 (epoch 49)
Epoch 49/70
56/56 - 1s - loss: 0.0415 - auc: 0.9137 - val_loss: 0.0987 - val_auc: 0.7301 - val_auc_custom: 0.7298 - val_f1_custom: 0.5106 - val_recall_custom: 0.4528 - 1s/epoch - 23ms/step
Curriculum: set focal gamma = 1.5000 (epoch 50)
Epoch 50/70
56/56 - 1s - loss: 0.0405 - auc: 0.9189 - val_loss: 0.1010 - val_auc: 0.7278 - val_auc_custom: 0.7273 - val_f1_custom: 0.4948 - val_recall_custom: 0.4528 - 1s/epoch - 22ms/step
Curriculum: set focal gamma = 1.5000 (epoch 51)
Epoch 51/70
56/56 - 1s - loss: 0.0443 - auc: 0.8949 - val_loss: 0.0956 - val_auc: 0.7350 - val_auc_custom: 0.7348 - val_f1_custom: 0.4286 - val_recall_custom: 0.3396 - 1s/epoch - 22ms/step
Curriculum: set focal gamma = 1.5000 (epoch 52)
Epoch 52/70
56/56 - 1s - loss: 0.0394 - auc: 0.9209 - val_loss: 0.0984 - val_auc: 0.7240 - val_auc_custom: 0.7233 - val_f1_custom: 0.4773 - val_recall_custom: 0.3962 - 1s/epoch - 23ms/step
Curriculum: set focal gamma = 1.5000 (epoch 53)
Epoch 53/70
56/56 - 1s - loss: 0.0399 - auc: 0.9184 - val_loss: 0.1039 - val_auc: 0.7293 - val_auc_custom: 0.7293 - val_f1_custom: 0.5155 - val_recall_custom: 0.4717 - 1s/epoch - 24ms/step
Curriculum: set focal gamma = 1.5000 (epoch 54)
Epoch 54/70
56/56 - -2s - loss: 0.0419 - auc: 0.9123 - val_loss: 0.1000 - val_auc: 0.7405 - val_auc_custom: 0.7411 - val_f1_custom: 0.5106 - val_recall_custom: 0.4528 - -1515209us/epoch - -27057us/step
Curriculum: set focal gamma = 1.5000 (epoch 55)
Epoch 55/70
56/56 - 1s - loss: 0.0391 - auc: 0.9269 - val_loss: 0.1010 - val_auc: 0.7465 - val_auc_custom: 0.7454 - val_f1_custom: 0.5455 - val_recall_custom: 0.5094 - 1s/epoch - 22ms/step
Curriculum: set focal gamma = 1.5000 (epoch 56)
Epoch 56/70
56/56 - 1s - loss: 0.0365 - auc: 0.9338 - val_loss: 0.0989 - val_auc: 0.7519 - val_auc_custom: 0.7522 - val_f1_custom: 0.5333 - val_recall_custom: 0.4528 - 1s/epoch - 23ms/step
Mask config -> mode=soft, threshold=0.6, window_gate=None
Done. Results saved to /home/user/projects/train/model/long_window/CNN_BiLSTM/result_focal_sweep/cw03_fg03/01
