2025-09-17 08:49:16.241596: I tensorflow/core/util/port.cc:110] oneDNN custom operations are on. You may see slightly different numerical results due to floating-point round-off errors from different computation orders. To turn them off, set the environment variable `TF_ENABLE_ONEDNN_OPTS=0`.
2025-09-17 08:49:16.270267: I tensorflow/core/platform/cpu_feature_guard.cc:182] This TensorFlow binary is optimized to use available CPU instructions in performance-critical operations.
To enable the following instructions: AVX2 AVX_VNNI FMA, in other operations, rebuild TensorFlow with the appropriate compiler flags.
2025-09-17 08:49:16.685222: W tensorflow/compiler/tf2tensorrt/utils/py_utils.cc:38] TF-TRT Warning: Could not find TensorRT
2025-09-17 08:49:17.072990: I tensorflow/compiler/xla/stream_executor/cuda/cuda_gpu_executor.cc:981] could not open file to read NUMA node: /sys/bus/pci/devices/0000:01:00.0/numa_node
Your kernel may have been built without NUMA support.
2025-09-17 08:49:17.091002: I tensorflow/compiler/xla/stream_executor/cuda/cuda_gpu_executor.cc:981] could not open file to read NUMA node: /sys/bus/pci/devices/0000:01:00.0/numa_node
Your kernel may have been built without NUMA support.
2025-09-17 08:49:17.091109: I tensorflow/compiler/xla/stream_executor/cuda/cuda_gpu_executor.cc:981] could not open file to read NUMA node: /sys/bus/pci/devices/0000:01:00.0/numa_node
Your kernel may have been built without NUMA support.
2025-09-17 08:49:17.092667: I tensorflow/compiler/xla/stream_executor/cuda/cuda_gpu_executor.cc:981] could not open file to read NUMA node: /sys/bus/pci/devices/0000:01:00.0/numa_node
Your kernel may have been built without NUMA support.
2025-09-17 08:49:17.092746: I tensorflow/compiler/xla/stream_executor/cuda/cuda_gpu_executor.cc:981] could not open file to read NUMA node: /sys/bus/pci/devices/0000:01:00.0/numa_node
Your kernel may have been built without NUMA support.
2025-09-17 08:49:17.092771: I tensorflow/compiler/xla/stream_executor/cuda/cuda_gpu_executor.cc:981] could not open file to read NUMA node: /sys/bus/pci/devices/0000:01:00.0/numa_node
Your kernel may have been built without NUMA support.
2025-09-17 08:49:17.184163: I tensorflow/compiler/xla/stream_executor/cuda/cuda_gpu_executor.cc:981] could not open file to read NUMA node: /sys/bus/pci/devices/0000:01:00.0/numa_node
Your kernel may have been built without NUMA support.
2025-09-17 08:49:17.184286: I tensorflow/compiler/xla/stream_executor/cuda/cuda_gpu_executor.cc:981] could not open file to read NUMA node: /sys/bus/pci/devices/0000:01:00.0/numa_node
Your kernel may have been built without NUMA support.
2025-09-17 08:49:17.184307: I tensorflow/core/common_runtime/gpu/gpu_device.cc:1726] Could not identify NUMA node of platform GPU id 0, defaulting to 0.  Your kernel may not have been built with NUMA support.
2025-09-17 08:49:17.184341: I tensorflow/compiler/xla/stream_executor/cuda/cuda_gpu_executor.cc:981] could not open file to read NUMA node: /sys/bus/pci/devices/0000:01:00.0/numa_node
Your kernel may have been built without NUMA support.
2025-09-17 08:49:17.184365: I tensorflow/core/common_runtime/gpu/gpu_device.cc:1639] Created device /job:localhost/replica:0/task:0/device:GPU:0 with 9517 MB memory:  -> device: 0, name: NVIDIA GeForce RTX 4070 SUPER, pci bus id: 0000:01:00.0, compute capability: 8.9
GPU detected: 1 physical, 1 logical -> ['/device:GPU:0']
Config: batch=16, accumulate_steps=8 -> effective_batch=128
Loaded (1276, 36, 75) (1276,)
Using mask channel "occlusion_flag" from long_raw (index 7)
Model: "cnn_bilstm_attn_masked"
__________________________________________________________________________________________________
 Layer (type)                Output Shape                 Param #   Connected to                  
==================================================================================================
 input (InputLayer)          [(None, 36, 75)]             0         []                            
                                                                                                  
 permute_time_features (Per  (None, 75, 36)               0         ['input[0][0]']               
 mute)                                                                                            
                                                                                                  
 conv0 (Conv1D)              (None, 75, 64)               6976      ['permute_time_features[0][0]'
                                                                    ]                             
                                                                                                  
 bn0 (BatchNormalization)    (None, 75, 64)               256       ['conv0[0][0]']               
                                                                                                  
 act0 (Activation)           (None, 75, 64)               0         ['bn0[0][0]']                 
                                                                                                  
 conv_dropout0 (Dropout)     (None, 75, 64)               0         ['act0[0][0]']                
                                                                                                  
 conv1 (Conv1D)              (None, 75, 64)               20544     ['conv_dropout0[0][0]']       
                                                                                                  
 bn1 (BatchNormalization)    (None, 75, 64)               256       ['conv1[0][0]']               
                                                                                                  
 act1 (Activation)           (None, 75, 64)               0         ['bn1[0][0]']                 
                                                                                                  
 conv_dropout1 (Dropout)     (None, 75, 64)               0         ['act1[0][0]']                
                                                                                                  
 conv2 (Conv1D)              (None, 75, 64)               12352     ['conv_dropout1[0][0]']       
                                                                                                  
 bn2 (BatchNormalization)    (None, 75, 64)               256       ['conv2[0][0]']               
                                                                                                  
 act2 (Activation)           (None, 75, 64)               0         ['bn2[0][0]']                 
                                                                                                  
 conv_dropout2 (Dropout)     (None, 75, 64)               0         ['act2[0][0]']                
                                                                                                  
 bilstm (Bidirectional)      (None, 75, 128)              66048     ['conv_dropout2[0][0]']       
                                                                                                  
 mlp_attn_u (Dense)          (None, 75, 32)               4128      ['bilstm[0][0]']              
                                                                                                  
 mlp_attn_score (Dense)      (None, 75, 1)                33        ['mlp_attn_u[0][0]']          
                                                                                                  
 mlp_attn_squeeze (Lambda)   (None, 75)                   0         ['mlp_attn_score[0][0]']      
                                                                                                  
 attn_mask (InputLayer)      [(None, 75)]                 0         []                            
                                                                                                  
 mlp_attn_apply_mask (Lambd  (None, 75)                   0         ['mlp_attn_squeeze[0][0]',    
 a)                                                                  'attn_mask[0][0]']           
                                                                                                  
 mlp_attn_softmax (Lambda)   (None, 75)                   0         ['mlp_attn_apply_mask[0][0]'] 
                                                                                                  
 mlp_attn_expand (Lambda)    (None, 75, 1)                0         ['mlp_attn_softmax[0][0]']    
                                                                                                  
 mlp_attn_weighted (Lambda)  (None, 128)                  0         ['bilstm[0][0]',              
                                                                     'mlp_attn_expand[0][0]']     
                                                                                                  
 fc1 (Dense)                 (None, 64)                   8256      ['mlp_attn_weighted[0][0]']   
                                                                                                  
 fc_dropout (Dropout)        (None, 64)                   0         ['fc1[0][0]']                 
                                                                                                  
 out (Dense)                 (None, 1)                    65        ['fc_dropout[0][0]']          
                                                                                                  
==================================================================================================
Total params: 119171 (465.51 KB)
Trainable params: 118786 (464.01 KB)
Non-trainable params: 385 (1.50 KB)
__________________________________________________________________________________________________
None
Writing results to /home/user/projects/train/model/long_window/CNN_BiLSTM/result_focal_refine/cw05_fg09/01
Curriculum: set focal gamma = 0.0000 (epoch 1)
Epoch 1/70
2025-09-17 08:49:21.610058: I tensorflow/compiler/xla/stream_executor/cuda/cuda_dnn.cc:432] Loaded cuDNN version 8600
2025-09-17 08:49:21.693637: I tensorflow/tsl/platform/default/subprocess.cc:304] Start cannot spawn child process: No such file or directory
2025-09-17 08:49:21.821639: I tensorflow/compiler/xla/stream_executor/cuda/cuda_blas.cc:606] TensorFloat-32 will be used for the matrix multiplication. This will only be logged once.
2025-09-17 08:49:22.142511: I tensorflow/compiler/xla/service/service.cc:168] XLA service 0x5bfeb1348a80 initialized for platform CUDA (this does not guarantee that XLA will be used). Devices:
2025-09-17 08:49:22.142562: I tensorflow/compiler/xla/service/service.cc:176]   StreamExecutor device (0): NVIDIA GeForce RTX 4070 SUPER, Compute Capability 8.9
2025-09-17 08:49:22.146300: I tensorflow/compiler/mlir/tensorflow/utils/dump_mlir_util.cc:255] disabling MLIR crash reproducer, set env var `MLIR_CRASH_REPRODUCER_DIRECTORY` to enable.
2025-09-17 08:49:22.205796: I tensorflow/tsl/platform/default/subprocess.cc:304] Start cannot spawn child process: No such file or directory
2025-09-17 08:49:22.243049: I ./tensorflow/compiler/jit/device_compiler.h:186] Compiled cluster using XLA!  This line is logged at most once for the lifetime of the process.
56/56 - 7s - loss: 0.3347 - auc: 0.5204 - val_loss: 0.3419 - val_auc: 0.5689 - val_auc_custom: 0.5678 - val_f1_custom: 0.0000e+00 - val_recall_custom: 0.0000e+00 - 7s/epoch - 118ms/step
Curriculum: set focal gamma = 0.0526 (epoch 2)
Epoch 2/70
56/56 - 1s - loss: 0.2919 - auc: 0.5803 - val_loss: 0.3116 - val_auc: 0.5497 - val_auc_custom: 0.5499 - val_f1_custom: 0.0000e+00 - val_recall_custom: 0.0000e+00 - 1s/epoch - 21ms/step
Curriculum: set focal gamma = 0.1053 (epoch 3)
Epoch 3/70
56/56 - 1s - loss: 0.2802 - auc: 0.5911 - val_loss: 0.2963 - val_auc: 0.5514 - val_auc_custom: 0.5489 - val_f1_custom: 0.0000e+00 - val_recall_custom: 0.0000e+00 - 1s/epoch - 22ms/step
Curriculum: set focal gamma = 0.1579 (epoch 4)
Epoch 4/70
56/56 - 1s - loss: 0.2677 - auc: 0.6040 - val_loss: 0.2843 - val_auc: 0.5605 - val_auc_custom: 0.5610 - val_f1_custom: 0.0727 - val_recall_custom: 0.0377 - 1s/epoch - 21ms/step
Curriculum: set focal gamma = 0.2105 (epoch 5)
Epoch 5/70
56/56 - 1s - loss: 0.2494 - auc: 0.6593 - val_loss: 0.2736 - val_auc: 0.5678 - val_auc_custom: 0.5701 - val_f1_custom: 0.1695 - val_recall_custom: 0.0943 - 1s/epoch - 20ms/step
Curriculum: set focal gamma = 0.2632 (epoch 6)
Epoch 6/70
56/56 - 1s - loss: 0.2405 - auc: 0.6595 - val_loss: 0.2645 - val_auc: 0.5756 - val_auc_custom: 0.5746 - val_f1_custom: 0.1875 - val_recall_custom: 0.1132 - 1s/epoch - 22ms/step
Curriculum: set focal gamma = 0.3158 (epoch 7)
Epoch 7/70
56/56 - 1s - loss: 0.2272 - auc: 0.6774 - val_loss: 0.2581 - val_auc: 0.5826 - val_auc_custom: 0.5826 - val_f1_custom: 0.2424 - val_recall_custom: 0.1509 - 1s/epoch - 21ms/step
Curriculum: set focal gamma = 0.3684 (epoch 8)
Epoch 8/70
56/56 - 1s - loss: 0.2178 - auc: 0.6882 - val_loss: 0.2488 - val_auc: 0.5789 - val_auc_custom: 0.5789 - val_f1_custom: 0.3056 - val_recall_custom: 0.2075 - 1s/epoch - 21ms/step
Curriculum: set focal gamma = 0.4211 (epoch 9)
Epoch 9/70
56/56 - 1s - loss: 0.2104 - auc: 0.6821 - val_loss: 0.2401 - val_auc: 0.5761 - val_auc_custom: 0.5764 - val_f1_custom: 0.3377 - val_recall_custom: 0.2453 - 1s/epoch - 20ms/step
Curriculum: set focal gamma = 0.4737 (epoch 10)
Epoch 10/70
56/56 - 1s - loss: 0.1998 - auc: 0.6985 - val_loss: 0.2300 - val_auc: 0.5922 - val_auc_custom: 0.5917 - val_f1_custom: 0.3291 - val_recall_custom: 0.2453 - 1s/epoch - 22ms/step
Curriculum: set focal gamma = 0.5263 (epoch 11)
Epoch 11/70
56/56 - 1s - loss: 0.1919 - auc: 0.7068 - val_loss: 0.2194 - val_auc: 0.6063 - val_auc_custom: 0.6045 - val_f1_custom: 0.3243 - val_recall_custom: 0.2264 - 1s/epoch - 23ms/step
Curriculum: set focal gamma = 0.5789 (epoch 12)
Epoch 12/70
56/56 - 1s - loss: 0.1842 - auc: 0.7124 - val_loss: 0.2109 - val_auc: 0.6167 - val_auc_custom: 0.6151 - val_f1_custom: 0.3590 - val_recall_custom: 0.2642 - 1s/epoch - 23ms/step
Curriculum: set focal gamma = 0.6316 (epoch 13)
Epoch 13/70
56/56 - 1s - loss: 0.1747 - auc: 0.7258 - val_loss: 0.2016 - val_auc: 0.6291 - val_auc_custom: 0.6287 - val_f1_custom: 0.4051 - val_recall_custom: 0.3019 - 1s/epoch - 22ms/step
Curriculum: set focal gamma = 0.6842 (epoch 14)
Epoch 14/70
56/56 - 1s - loss: 0.1679 - auc: 0.7403 - val_loss: 0.1934 - val_auc: 0.6397 - val_auc_custom: 0.6387 - val_f1_custom: 0.4198 - val_recall_custom: 0.3208 - 1s/epoch - 23ms/step
Curriculum: set focal gamma = 0.7368 (epoch 15)
Epoch 15/70
56/56 - 1s - loss: 0.1590 - auc: 0.7520 - val_loss: 0.1873 - val_auc: 0.6477 - val_auc_custom: 0.6453 - val_f1_custom: 0.4337 - val_recall_custom: 0.3396 - 1s/epoch - 22ms/step
Curriculum: set focal gamma = 0.7895 (epoch 16)
Epoch 16/70
56/56 - 1s - loss: 0.1490 - auc: 0.7724 - val_loss: 0.1808 - val_auc: 0.6548 - val_auc_custom: 0.6553 - val_f1_custom: 0.4598 - val_recall_custom: 0.3774 - 1s/epoch - 21ms/step
Curriculum: set focal gamma = 0.8421 (epoch 17)
Epoch 17/70
56/56 - 1s - loss: 0.1438 - auc: 0.7663 - val_loss: 0.1738 - val_auc: 0.6681 - val_auc_custom: 0.6689 - val_f1_custom: 0.4667 - val_recall_custom: 0.3962 - 1s/epoch - 23ms/step
Curriculum: set focal gamma = 0.8947 (epoch 18)
Epoch 18/70
56/56 - 1s - loss: 0.1356 - auc: 0.7799 - val_loss: 0.1668 - val_auc: 0.6853 - val_auc_custom: 0.6875 - val_f1_custom: 0.5208 - val_recall_custom: 0.4717 - 1s/epoch - 25ms/step
Curriculum: set focal gamma = 0.9474 (epoch 19)
Epoch 19/70
56/56 - 1s - loss: 0.1277 - auc: 0.7960 - val_loss: 0.1622 - val_auc: 0.6901 - val_auc_custom: 0.6893 - val_f1_custom: 0.5510 - val_recall_custom: 0.5094 - 1s/epoch - 23ms/step
Curriculum: set focal gamma = 1.0000 (epoch 20)
Epoch 20/70
56/56 - 1s - loss: 0.1204 - auc: 0.8116 - val_loss: 0.1590 - val_auc: 0.6831 - val_auc_custom: 0.6830 - val_f1_custom: 0.5567 - val_recall_custom: 0.5094 - 1s/epoch - 20ms/step
Curriculum: set focal gamma = 1.0000 (epoch 21)
Epoch 21/70
56/56 - 1s - loss: 0.1220 - auc: 0.8022 - val_loss: 0.1559 - val_auc: 0.6977 - val_auc_custom: 0.6979 - val_f1_custom: 0.5657 - val_recall_custom: 0.5283 - 1s/epoch - 23ms/step
Curriculum: set focal gamma = 1.0000 (epoch 22)
Epoch 22/70
56/56 - 1s - loss: 0.1222 - auc: 0.7986 - val_loss: 0.1574 - val_auc: 0.7142 - val_auc_custom: 0.7132 - val_f1_custom: 0.6000 - val_recall_custom: 0.6226 - 1s/epoch - 24ms/step
Curriculum: set focal gamma = 1.0000 (epoch 23)
Epoch 23/70
56/56 - 1s - loss: 0.1181 - auc: 0.8188 - val_loss: 0.1601 - val_auc: 0.7113 - val_auc_custom: 0.7114 - val_f1_custom: 0.6126 - val_recall_custom: 0.6415 - 1s/epoch - 20ms/step
Curriculum: set focal gamma = 1.0000 (epoch 24)
Epoch 24/70
56/56 - 1s - loss: 0.1167 - auc: 0.8231 - val_loss: 0.1611 - val_auc: 0.7050 - val_auc_custom: 0.7039 - val_f1_custom: 0.6111 - val_recall_custom: 0.6226 - 1s/epoch - 21ms/step
Curriculum: set focal gamma = 1.0000 (epoch 25)
Epoch 25/70
56/56 - 1s - loss: 0.1124 - auc: 0.8403 - val_loss: 0.1566 - val_auc: 0.7203 - val_auc_custom: 0.7210 - val_f1_custom: 0.5657 - val_recall_custom: 0.5283 - 1s/epoch - 22ms/step
Curriculum: set focal gamma = 1.0000 (epoch 26)
Epoch 26/70
56/56 - 1s - loss: 0.1074 - auc: 0.8583 - val_loss: 0.1599 - val_auc: 0.7345 - val_auc_custom: 0.7353 - val_f1_custom: 0.6111 - val_recall_custom: 0.6226 - 1s/epoch - 23ms/step
Curriculum: set focal gamma = 1.0000 (epoch 27)
Epoch 27/70
56/56 - 1s - loss: 0.1115 - auc: 0.8402 - val_loss: 0.1659 - val_auc: 0.7181 - val_auc_custom: 0.7177 - val_f1_custom: 0.5545 - val_recall_custom: 0.5283 - 1s/epoch - 21ms/step
Curriculum: set focal gamma = 1.0000 (epoch 28)
Epoch 28/70
56/56 - 1s - loss: 0.1123 - auc: 0.8395 - val_loss: 0.1610 - val_auc: 0.7332 - val_auc_custom: 0.7338 - val_f1_custom: 0.6000 - val_recall_custom: 0.6226 - 1s/epoch - 22ms/step
Curriculum: set focal gamma = 1.0000 (epoch 29)
Epoch 29/70
56/56 - 1s - loss: 0.1083 - auc: 0.8509 - val_loss: 0.1696 - val_auc: 0.7236 - val_auc_custom: 0.7235 - val_f1_custom: 0.6034 - val_recall_custom: 0.6604 - 1s/epoch - 21ms/step
Curriculum: set focal gamma = 1.0000 (epoch 30)
Epoch 30/70
56/56 - 1s - loss: 0.0988 - auc: 0.8844 - val_loss: 0.1631 - val_auc: 0.7306 - val_auc_custom: 0.7306 - val_f1_custom: 0.6095 - val_recall_custom: 0.6038 - 1s/epoch - 21ms/step
Curriculum: set focal gamma = 1.0000 (epoch 31)
Epoch 31/70
56/56 - 1s - loss: 0.1060 - auc: 0.8598 - val_loss: 0.1624 - val_auc: 0.7455 - val_auc_custom: 0.7462 - val_f1_custom: 0.6000 - val_recall_custom: 0.6226 - 1s/epoch - 22ms/step
Curriculum: set focal gamma = 1.0000 (epoch 32)
Epoch 32/70
56/56 - 1s - loss: 0.1015 - auc: 0.8723 - val_loss: 0.1738 - val_auc: 0.7318 - val_auc_custom: 0.7318 - val_f1_custom: 0.6087 - val_recall_custom: 0.6604 - 1s/epoch - 20ms/step
Curriculum: set focal gamma = 1.0000 (epoch 33)
Epoch 33/70
56/56 - 1s - loss: 0.1071 - auc: 0.8543 - val_loss: 0.1707 - val_auc: 0.7296 - val_auc_custom: 0.7296 - val_f1_custom: 0.6055 - val_recall_custom: 0.6226 - 1s/epoch - 22ms/step
Curriculum: set focal gamma = 1.0000 (epoch 34)
Epoch 34/70
56/56 - 1s - loss: 0.0927 - auc: 0.8982 - val_loss: 0.1615 - val_auc: 0.7487 - val_auc_custom: 0.7479 - val_f1_custom: 0.5979 - val_recall_custom: 0.5472 - 1s/epoch - 22ms/step
Curriculum: set focal gamma = 1.0000 (epoch 35)
Epoch 35/70
56/56 - 1s - loss: 0.0989 - auc: 0.8800 - val_loss: 0.1661 - val_auc: 0.7430 - val_auc_custom: 0.7429 - val_f1_custom: 0.6182 - val_recall_custom: 0.6415 - 1s/epoch - 20ms/step
Curriculum: set focal gamma = 1.0000 (epoch 36)
Epoch 36/70
56/56 - 1s - loss: 0.0938 - auc: 0.8943 - val_loss: 0.1945 - val_auc: 0.7218 - val_auc_custom: 0.7235 - val_f1_custom: 0.6281 - val_recall_custom: 0.7170 - 1s/epoch - 20ms/step
Curriculum: set focal gamma = 1.0000 (epoch 37)
Epoch 37/70
56/56 - 1s - loss: 0.0996 - auc: 0.8805 - val_loss: 0.1701 - val_auc: 0.7420 - val_auc_custom: 0.7421 - val_f1_custom: 0.5962 - val_recall_custom: 0.5849 - 1s/epoch - 20ms/step
Curriculum: set focal gamma = 1.0000 (epoch 38)
Epoch 38/70
56/56 - 1s - loss: 0.0935 - auc: 0.8958 - val_loss: 0.1771 - val_auc: 0.7468 - val_auc_custom: 0.7469 - val_f1_custom: 0.6441 - val_recall_custom: 0.7170 - 1s/epoch - 21ms/step
Curriculum: set focal gamma = 1.0000 (epoch 39)
Epoch 39/70
56/56 - 1s - loss: 0.0905 - auc: 0.9012 - val_loss: 0.1655 - val_auc: 0.7528 - val_auc_custom: 0.7535 - val_f1_custom: 0.6095 - val_recall_custom: 0.6038 - 1s/epoch - 21ms/step
Curriculum: set focal gamma = 1.0000 (epoch 40)
Epoch 40/70
56/56 - 1s - loss: 0.0888 - auc: 0.9049 - val_loss: 0.1949 - val_auc: 0.7386 - val_auc_custom: 0.7371 - val_f1_custom: 0.6504 - val_recall_custom: 0.7547 - 1s/epoch - 20ms/step
Curriculum: set focal gamma = 1.0000 (epoch 41)
Epoch 41/70
56/56 - 1s - loss: 0.0888 - auc: 0.9065 - val_loss: 0.1669 - val_auc: 0.7613 - val_auc_custom: 0.7603 - val_f1_custom: 0.5962 - val_recall_custom: 0.5849 - 1s/epoch - 21ms/step
Curriculum: set focal gamma = 1.0000 (epoch 42)
Epoch 42/70
56/56 - 1s - loss: 0.0901 - auc: 0.9016 - val_loss: 0.2056 - val_auc: 0.7351 - val_auc_custom: 0.7366 - val_f1_custom: 0.6452 - val_recall_custom: 0.7547 - 1s/epoch - 21ms/step
Curriculum: set focal gamma = 1.0000 (epoch 43)
Epoch 43/70
56/56 - 1s - loss: 0.0908 - auc: 0.9029 - val_loss: 0.1685 - val_auc: 0.7628 - val_auc_custom: 0.7625 - val_f1_custom: 0.6139 - val_recall_custom: 0.5849 - 1s/epoch - 22ms/step
Curriculum: set focal gamma = 1.0000 (epoch 44)
Epoch 44/70
56/56 - 1s - loss: 0.0878 - auc: 0.9079 - val_loss: 0.1798 - val_auc: 0.7538 - val_auc_custom: 0.7532 - val_f1_custom: 0.6667 - val_recall_custom: 0.7170 - 1s/epoch - 20ms/step
Curriculum: set focal gamma = 1.0000 (epoch 45)
Epoch 45/70
56/56 - 1s - loss: 0.0845 - auc: 0.9158 - val_loss: 0.1840 - val_auc: 0.7467 - val_auc_custom: 0.7454 - val_f1_custom: 0.6372 - val_recall_custom: 0.6792 - 1s/epoch - 21ms/step
Curriculum: set focal gamma = 1.0000 (epoch 46)
Epoch 46/70
56/56 - 1s - loss: 0.0869 - auc: 0.9104 - val_loss: 0.1990 - val_auc: 0.7472 - val_auc_custom: 0.7494 - val_f1_custom: 0.6612 - val_recall_custom: 0.7547 - 1s/epoch - 20ms/step
Curriculum: set focal gamma = 1.0000 (epoch 47)
Epoch 47/70
56/56 - 1s - loss: 0.0838 - auc: 0.9189 - val_loss: 0.1798 - val_auc: 0.7605 - val_auc_custom: 0.7608 - val_f1_custom: 0.6226 - val_recall_custom: 0.6226 - 1s/epoch - 20ms/step
Curriculum: set focal gamma = 1.0000 (epoch 48)
Epoch 48/70
56/56 - 1s - loss: 0.0833 - auc: 0.9187 - val_loss: 0.1850 - val_auc: 0.7543 - val_auc_custom: 0.7542 - val_f1_custom: 0.6239 - val_recall_custom: 0.6415 - 1s/epoch - 21ms/step
Curriculum: set focal gamma = 1.0000 (epoch 49)
Epoch 49/70
56/56 - 1s - loss: 0.0813 - auc: 0.9226 - val_loss: 0.1926 - val_auc: 0.7516 - val_auc_custom: 0.7514 - val_f1_custom: 0.6239 - val_recall_custom: 0.6415 - 1s/epoch - 21ms/step
Curriculum: set focal gamma = 1.0000 (epoch 50)
Epoch 50/70
56/56 - 1s - loss: 0.0834 - auc: 0.9193 - val_loss: 0.1802 - val_auc: 0.7684 - val_auc_custom: 0.7678 - val_f1_custom: 0.6607 - val_recall_custom: 0.6981 - 1s/epoch - 22ms/step
Curriculum: set focal gamma = 1.0000 (epoch 51)
Epoch 51/70
56/56 - 1s - loss: 0.0793 - auc: 0.9266 - val_loss: 0.1760 - val_auc: 0.7629 - val_auc_custom: 0.7638 - val_f1_custom: 0.5545 - val_recall_custom: 0.5283 - 1s/epoch - 22ms/step
Curriculum: set focal gamma = 1.0000 (epoch 52)
Epoch 52/70
56/56 - 1s - loss: 0.0784 - auc: 0.9284 - val_loss: 0.1956 - val_auc: 0.7536 - val_auc_custom: 0.7537 - val_f1_custom: 0.6387 - val_recall_custom: 0.7170 - 1s/epoch - 20ms/step
Curriculum: set focal gamma = 1.0000 (epoch 53)
Epoch 53/70
56/56 - 1s - loss: 0.0782 - auc: 0.9295 - val_loss: 0.1846 - val_auc: 0.7536 - val_auc_custom: 0.7540 - val_f1_custom: 0.6355 - val_recall_custom: 0.6415 - 1s/epoch - 21ms/step
Curriculum: set focal gamma = 1.0000 (epoch 54)
Epoch 54/70
56/56 - 1s - loss: 0.0761 - auc: 0.9323 - val_loss: 0.2090 - val_auc: 0.7517 - val_auc_custom: 0.7525 - val_f1_custom: 0.6441 - val_recall_custom: 0.7170 - 1s/epoch - 20ms/step
Curriculum: set focal gamma = 1.0000 (epoch 55)
Epoch 55/70
56/56 - 1s - loss: 0.0786 - auc: 0.9271 - val_loss: 0.1962 - val_auc: 0.7498 - val_auc_custom: 0.7504 - val_f1_custom: 0.6226 - val_recall_custom: 0.6226 - 1s/epoch - 21ms/step
Curriculum: set focal gamma = 1.0000 (epoch 56)
Epoch 56/70
56/56 - 1s - loss: 0.0741 - auc: 0.9371 - val_loss: 0.1913 - val_auc: 0.7662 - val_auc_custom: 0.7660 - val_f1_custom: 0.6727 - val_recall_custom: 0.6981 - 1s/epoch - 21ms/step
Curriculum: set focal gamma = 1.0000 (epoch 57)
Epoch 57/70
56/56 - 1s - loss: 0.0746 - auc: 0.9390 - val_loss: 0.1835 - val_auc: 0.7765 - val_auc_custom: 0.7758 - val_f1_custom: 0.6481 - val_recall_custom: 0.6604 - 1s/epoch - 22ms/step
Curriculum: set focal gamma = 1.0000 (epoch 58)
Epoch 58/70
56/56 - 1s - loss: 0.0752 - auc: 0.9335 - val_loss: 0.1936 - val_auc: 0.7629 - val_auc_custom: 0.7633 - val_f1_custom: 0.6306 - val_recall_custom: 0.6604 - 1s/epoch - 20ms/step
Curriculum: set focal gamma = 1.0000 (epoch 59)
Epoch 59/70
56/56 - 1s - loss: 0.0684 - auc: 0.9462 - val_loss: 0.1968 - val_auc: 0.7674 - val_auc_custom: 0.7681 - val_f1_custom: 0.6481 - val_recall_custom: 0.6604 - 1s/epoch - 21ms/step
Curriculum: set focal gamma = 1.0000 (epoch 60)
Epoch 60/70
56/56 - 1s - loss: 0.0698 - auc: 0.9435 - val_loss: 0.2222 - val_auc: 0.7494 - val_auc_custom: 0.7492 - val_f1_custom: 0.6555 - val_recall_custom: 0.7358 - 1s/epoch - 20ms/step
Curriculum: set focal gamma = 1.0000 (epoch 61)
Epoch 61/70
56/56 - 1s - loss: 0.0749 - auc: 0.9344 - val_loss: 0.2050 - val_auc: 0.7742 - val_auc_custom: 0.7741 - val_f1_custom: 0.6780 - val_recall_custom: 0.7547 - 1s/epoch - 20ms/step
Curriculum: set focal gamma = 1.0000 (epoch 62)
Epoch 62/70
56/56 - 1s - loss: 0.0666 - auc: 0.9483 - val_loss: 0.1851 - val_auc: 0.7718 - val_auc_custom: 0.7726 - val_f1_custom: 0.6139 - val_recall_custom: 0.5849 - 1s/epoch - 20ms/step
Curriculum: set focal gamma = 1.0000 (epoch 63)
Epoch 63/70
56/56 - 1s - loss: 0.0651 - auc: 0.9508 - val_loss: 0.1983 - val_auc: 0.7682 - val_auc_custom: 0.7678 - val_f1_custom: 0.6545 - val_recall_custom: 0.6792 - 1s/epoch - 21ms/step
Curriculum: set focal gamma = 1.0000 (epoch 64)
Epoch 64/70
56/56 - 1s - loss: 0.0646 - auc: 0.9518 - val_loss: 0.1936 - val_auc: 0.7774 - val_auc_custom: 0.7769 - val_f1_custom: 0.6476 - val_recall_custom: 0.6415 - 1s/epoch - 23ms/step
Curriculum: set focal gamma = 1.0000 (epoch 65)
Epoch 65/70
56/56 - 1s - loss: 0.0671 - auc: 0.9472 - val_loss: 0.2214 - val_auc: 0.7596 - val_auc_custom: 0.7592 - val_f1_custom: 0.6667 - val_recall_custom: 0.7170 - 1s/epoch - 22ms/step
Curriculum: set focal gamma = 1.0000 (epoch 66)
Epoch 66/70
56/56 - 1s - loss: 0.0614 - auc: 0.9570 - val_loss: 0.2462 - val_auc: 0.7564 - val_auc_custom: 0.7570 - val_f1_custom: 0.6838 - val_recall_custom: 0.7547 - 1s/epoch - 20ms/step
Curriculum: set focal gamma = 1.0000 (epoch 67)
Epoch 67/70
56/56 - 1s - loss: 0.0682 - auc: 0.9462 - val_loss: 0.2080 - val_auc: 0.7747 - val_auc_custom: 0.7743 - val_f1_custom: 0.6422 - val_recall_custom: 0.6604 - 1s/epoch - 20ms/step
Curriculum: set focal gamma = 1.0000 (epoch 68)
Epoch 68/70
56/56 - 1s - loss: 0.0649 - auc: 0.9511 - val_loss: 0.2084 - val_auc: 0.7835 - val_auc_custom: 0.7834 - val_f1_custom: 0.6667 - val_recall_custom: 0.7170 - 1s/epoch - 22ms/step
Curriculum: set focal gamma = 1.0000 (epoch 69)
Epoch 69/70
56/56 - 1s - loss: 0.0581 - auc: 0.9616 - val_loss: 0.2067 - val_auc: 0.7786 - val_auc_custom: 0.7796 - val_f1_custom: 0.6346 - val_recall_custom: 0.6226 - 1s/epoch - 21ms/step
Curriculum: set focal gamma = 1.0000 (epoch 70)
Epoch 70/70
56/56 - 1s - loss: 0.0645 - auc: 0.9527 - val_loss: 0.2527 - val_auc: 0.7697 - val_auc_custom: 0.7688 - val_f1_custom: 0.6777 - val_recall_custom: 0.7736 - 1s/epoch - 20ms/step
Mask config -> mode=soft, threshold=0.6, window_gate=None
Done. Results saved to /home/user/projects/train/model/long_window/CNN_BiLSTM/result_focal_refine/cw05_fg09/01
