2025-09-17 09:22:55.331972: I tensorflow/core/util/port.cc:110] oneDNN custom operations are on. You may see slightly different numerical results due to floating-point round-off errors from different computation orders. To turn them off, set the environment variable `TF_ENABLE_ONEDNN_OPTS=0`.
2025-09-17 09:22:55.361274: I tensorflow/core/platform/cpu_feature_guard.cc:182] This TensorFlow binary is optimized to use available CPU instructions in performance-critical operations.
To enable the following instructions: AVX2 AVX_VNNI FMA, in other operations, rebuild TensorFlow with the appropriate compiler flags.
2025-09-17 09:22:55.760367: W tensorflow/compiler/tf2tensorrt/utils/py_utils.cc:38] TF-TRT Warning: Could not find TensorRT
2025-09-17 09:22:56.142855: I tensorflow/compiler/xla/stream_executor/cuda/cuda_gpu_executor.cc:981] could not open file to read NUMA node: /sys/bus/pci/devices/0000:01:00.0/numa_node
Your kernel may have been built without NUMA support.
2025-09-17 09:22:56.160837: I tensorflow/compiler/xla/stream_executor/cuda/cuda_gpu_executor.cc:981] could not open file to read NUMA node: /sys/bus/pci/devices/0000:01:00.0/numa_node
Your kernel may have been built without NUMA support.
2025-09-17 09:22:56.160937: I tensorflow/compiler/xla/stream_executor/cuda/cuda_gpu_executor.cc:981] could not open file to read NUMA node: /sys/bus/pci/devices/0000:01:00.0/numa_node
Your kernel may have been built without NUMA support.
2025-09-17 09:22:56.161844: I tensorflow/compiler/xla/stream_executor/cuda/cuda_gpu_executor.cc:981] could not open file to read NUMA node: /sys/bus/pci/devices/0000:01:00.0/numa_node
Your kernel may have been built without NUMA support.
2025-09-17 09:22:56.161903: I tensorflow/compiler/xla/stream_executor/cuda/cuda_gpu_executor.cc:981] could not open file to read NUMA node: /sys/bus/pci/devices/0000:01:00.0/numa_node
Your kernel may have been built without NUMA support.
2025-09-17 09:22:56.161921: I tensorflow/compiler/xla/stream_executor/cuda/cuda_gpu_executor.cc:981] could not open file to read NUMA node: /sys/bus/pci/devices/0000:01:00.0/numa_node
Your kernel may have been built without NUMA support.
2025-09-17 09:22:56.264936: I tensorflow/compiler/xla/stream_executor/cuda/cuda_gpu_executor.cc:981] could not open file to read NUMA node: /sys/bus/pci/devices/0000:01:00.0/numa_node
Your kernel may have been built without NUMA support.
2025-09-17 09:22:56.265058: I tensorflow/compiler/xla/stream_executor/cuda/cuda_gpu_executor.cc:981] could not open file to read NUMA node: /sys/bus/pci/devices/0000:01:00.0/numa_node
Your kernel may have been built without NUMA support.
2025-09-17 09:22:56.265080: I tensorflow/core/common_runtime/gpu/gpu_device.cc:1726] Could not identify NUMA node of platform GPU id 0, defaulting to 0.  Your kernel may not have been built with NUMA support.
2025-09-17 09:22:56.265125: I tensorflow/compiler/xla/stream_executor/cuda/cuda_gpu_executor.cc:981] could not open file to read NUMA node: /sys/bus/pci/devices/0000:01:00.0/numa_node
Your kernel may have been built without NUMA support.
2025-09-17 09:22:56.265150: I tensorflow/core/common_runtime/gpu/gpu_device.cc:1639] Created device /job:localhost/replica:0/task:0/device:GPU:0 with 9517 MB memory:  -> device: 0, name: NVIDIA GeForce RTX 4070 SUPER, pci bus id: 0000:01:00.0, compute capability: 8.9
GPU detected: 1 physical, 1 logical -> ['/device:GPU:0']
Config: batch=16, accumulate_steps=8 -> effective_batch=128
Loaded (1276, 36, 75) (1276,)
Using mask channel "occlusion_flag" from long_raw (index 7)
Model: "cnn_bilstm_attn_masked"
__________________________________________________________________________________________________
 Layer (type)                Output Shape                 Param #   Connected to                  
==================================================================================================
 input (InputLayer)          [(None, 36, 75)]             0         []                            
                                                                                                  
 permute_time_features (Per  (None, 75, 36)               0         ['input[0][0]']               
 mute)                                                                                            
                                                                                                  
 conv0 (Conv1D)              (None, 75, 64)               6976      ['permute_time_features[0][0]'
                                                                    ]                             
                                                                                                  
 bn0 (BatchNormalization)    (None, 75, 64)               256       ['conv0[0][0]']               
                                                                                                  
 act0 (Activation)           (None, 75, 64)               0         ['bn0[0][0]']                 
                                                                                                  
 conv_dropout0 (Dropout)     (None, 75, 64)               0         ['act0[0][0]']                
                                                                                                  
 conv1 (Conv1D)              (None, 75, 64)               20544     ['conv_dropout0[0][0]']       
                                                                                                  
 bn1 (BatchNormalization)    (None, 75, 64)               256       ['conv1[0][0]']               
                                                                                                  
 act1 (Activation)           (None, 75, 64)               0         ['bn1[0][0]']                 
                                                                                                  
 conv_dropout1 (Dropout)     (None, 75, 64)               0         ['act1[0][0]']                
                                                                                                  
 conv2 (Conv1D)              (None, 75, 64)               12352     ['conv_dropout1[0][0]']       
                                                                                                  
 bn2 (BatchNormalization)    (None, 75, 64)               256       ['conv2[0][0]']               
                                                                                                  
 act2 (Activation)           (None, 75, 64)               0         ['bn2[0][0]']                 
                                                                                                  
 conv_dropout2 (Dropout)     (None, 75, 64)               0         ['act2[0][0]']                
                                                                                                  
 bilstm (Bidirectional)      (None, 75, 128)              66048     ['conv_dropout2[0][0]']       
                                                                                                  
 mlp_attn_u (Dense)          (None, 75, 32)               4128      ['bilstm[0][0]']              
                                                                                                  
 mlp_attn_score (Dense)      (None, 75, 1)                33        ['mlp_attn_u[0][0]']          
                                                                                                  
 mlp_attn_squeeze (Lambda)   (None, 75)                   0         ['mlp_attn_score[0][0]']      
                                                                                                  
 attn_mask (InputLayer)      [(None, 75)]                 0         []                            
                                                                                                  
 mlp_attn_apply_mask (Lambd  (None, 75)                   0         ['mlp_attn_squeeze[0][0]',    
 a)                                                                  'attn_mask[0][0]']           
                                                                                                  
 mlp_attn_softmax (Lambda)   (None, 75)                   0         ['mlp_attn_apply_mask[0][0]'] 
                                                                                                  
 mlp_attn_expand (Lambda)    (None, 75, 1)                0         ['mlp_attn_softmax[0][0]']    
                                                                                                  
 mlp_attn_weighted (Lambda)  (None, 128)                  0         ['bilstm[0][0]',              
                                                                     'mlp_attn_expand[0][0]']     
                                                                                                  
 fc1 (Dense)                 (None, 64)                   8256      ['mlp_attn_weighted[0][0]']   
                                                                                                  
 fc_dropout (Dropout)        (None, 64)                   0         ['fc1[0][0]']                 
                                                                                                  
 out (Dense)                 (None, 1)                    65        ['fc_dropout[0][0]']          
                                                                                                  
==================================================================================================
Total params: 119171 (465.51 KB)
Trainable params: 118786 (464.01 KB)
Non-trainable params: 385 (1.50 KB)
__________________________________________________________________________________________________
None
Writing results to /home/user/projects/train/model/long_window/CNN_BiLSTM/result_focal_refine/cw08_fg06/01
Curriculum: set focal gamma = 0.0000 (epoch 1)
Epoch 1/70
2025-09-17 09:23:00.666641: I tensorflow/compiler/xla/stream_executor/cuda/cuda_dnn.cc:432] Loaded cuDNN version 8600
2025-09-17 09:23:00.739271: I tensorflow/tsl/platform/default/subprocess.cc:304] Start cannot spawn child process: No such file or directory
2025-09-17 09:23:00.865589: I tensorflow/compiler/xla/stream_executor/cuda/cuda_blas.cc:606] TensorFloat-32 will be used for the matrix multiplication. This will only be logged once.
2025-09-17 09:23:01.163074: I tensorflow/compiler/xla/service/service.cc:168] XLA service 0x6522bd304ea0 initialized for platform CUDA (this does not guarantee that XLA will be used). Devices:
2025-09-17 09:23:01.163124: I tensorflow/compiler/xla/service/service.cc:176]   StreamExecutor device (0): NVIDIA GeForce RTX 4070 SUPER, Compute Capability 8.9
2025-09-17 09:23:01.166141: I tensorflow/compiler/mlir/tensorflow/utils/dump_mlir_util.cc:255] disabling MLIR crash reproducer, set env var `MLIR_CRASH_REPRODUCER_DIRECTORY` to enable.
2025-09-17 09:23:01.212356: I tensorflow/tsl/platform/default/subprocess.cc:304] Start cannot spawn child process: No such file or directory
2025-09-17 09:23:01.245473: I ./tensorflow/compiler/jit/device_compiler.h:186] Compiled cluster using XLA!  This line is logged at most once for the lifetime of the process.
56/56 - 6s - loss: 0.3593 - auc: 0.4808 - val_loss: 0.3503 - val_auc: 0.5166 - val_auc_custom: 0.5185 - val_f1_custom: 0.0000e+00 - val_recall_custom: 0.0000e+00 - 6s/epoch - 116ms/step
Curriculum: set focal gamma = 0.0842 (epoch 2)
Epoch 2/70
56/56 - 1s - loss: 0.2820 - auc: 0.5881 - val_loss: 0.2885 - val_auc: 0.5153 - val_auc_custom: 0.5155 - val_f1_custom: 0.0000e+00 - val_recall_custom: 0.0000e+00 - 1s/epoch - 21ms/step
Curriculum: set focal gamma = 0.1684 (epoch 3)
Epoch 3/70
56/56 - 1s - loss: 0.2449 - auc: 0.6028 - val_loss: 0.2487 - val_auc: 0.5353 - val_auc_custom: 0.5361 - val_f1_custom: 0.0000e+00 - val_recall_custom: 0.0000e+00 - 1s/epoch - 21ms/step
Curriculum: set focal gamma = 0.2526 (epoch 4)
Epoch 4/70
56/56 - 1s - loss: 0.2316 - auc: 0.6014 - val_loss: 0.2334 - val_auc: 0.5522 - val_auc_custom: 0.5550 - val_f1_custom: 0.0000e+00 - val_recall_custom: 0.0000e+00 - 1s/epoch - 21ms/step
Curriculum: set focal gamma = 0.3368 (epoch 5)
Epoch 5/70
56/56 - 1s - loss: 0.2176 - auc: 0.6191 - val_loss: 0.2202 - val_auc: 0.5696 - val_auc_custom: 0.5701 - val_f1_custom: 0.0000e+00 - val_recall_custom: 0.0000e+00 - 1s/epoch - 21ms/step
Curriculum: set focal gamma = 0.4211 (epoch 6)
Epoch 6/70
56/56 - 1s - loss: 0.2017 - auc: 0.6236 - val_loss: 0.2067 - val_auc: 0.5770 - val_auc_custom: 0.5779 - val_f1_custom: 0.0000e+00 - val_recall_custom: 0.0000e+00 - 1s/epoch - 22ms/step
Curriculum: set focal gamma = 0.5053 (epoch 7)
Epoch 7/70
56/56 - 1s - loss: 0.1927 - auc: 0.6032 - val_loss: 0.1955 - val_auc: 0.5810 - val_auc_custom: 0.5809 - val_f1_custom: 0.0000e+00 - val_recall_custom: 0.0000e+00 - 1s/epoch - 22ms/step
Curriculum: set focal gamma = 0.5895 (epoch 8)
Epoch 8/70
56/56 - 1s - loss: 0.1772 - auc: 0.6470 - val_loss: 0.1851 - val_auc: 0.5813 - val_auc_custom: 0.5816 - val_f1_custom: 0.1053 - val_recall_custom: 0.0566 - 1s/epoch - 22ms/step
Curriculum: set focal gamma = 0.6737 (epoch 9)
Epoch 9/70
56/56 - 1s - loss: 0.1655 - auc: 0.6619 - val_loss: 0.1750 - val_auc: 0.5830 - val_auc_custom: 0.5829 - val_f1_custom: 0.1053 - val_recall_custom: 0.0566 - 1s/epoch - 21ms/step
Curriculum: set focal gamma = 0.7579 (epoch 10)
Epoch 10/70
56/56 - 1s - loss: 0.1587 - auc: 0.6410 - val_loss: 0.1652 - val_auc: 0.5842 - val_auc_custom: 0.5854 - val_f1_custom: 0.1053 - val_recall_custom: 0.0566 - 1s/epoch - 22ms/step
Curriculum: set focal gamma = 0.8421 (epoch 11)
Epoch 11/70
56/56 - 1s - loss: 0.1444 - auc: 0.6870 - val_loss: 0.1561 - val_auc: 0.5843 - val_auc_custom: 0.5844 - val_f1_custom: 0.1379 - val_recall_custom: 0.0755 - 1s/epoch - 22ms/step
Curriculum: set focal gamma = 0.9263 (epoch 12)
Epoch 12/70
56/56 - 1s - loss: 0.1381 - auc: 0.6742 - val_loss: 0.1476 - val_auc: 0.5864 - val_auc_custom: 0.5852 - val_f1_custom: 0.1695 - val_recall_custom: 0.0943 - 1s/epoch - 23ms/step
Curriculum: set focal gamma = 1.0105 (epoch 13)
Epoch 13/70
56/56 - 1s - loss: 0.1293 - auc: 0.6885 - val_loss: 0.1389 - val_auc: 0.5896 - val_auc_custom: 0.5889 - val_f1_custom: 0.1724 - val_recall_custom: 0.0943 - 1s/epoch - 21ms/step
Curriculum: set focal gamma = 1.0947 (epoch 14)
Epoch 14/70
56/56 - 1s - loss: 0.1218 - auc: 0.6837 - val_loss: 0.1307 - val_auc: 0.5923 - val_auc_custom: 0.5904 - val_f1_custom: 0.1724 - val_recall_custom: 0.0943 - 1s/epoch - 22ms/step
Curriculum: set focal gamma = 1.1789 (epoch 15)
Epoch 15/70
56/56 - 1s - loss: 0.1156 - auc: 0.6881 - val_loss: 0.1229 - val_auc: 0.6018 - val_auc_custom: 0.6013 - val_f1_custom: 0.1667 - val_recall_custom: 0.0943 - 1s/epoch - 22ms/step
Curriculum: set focal gamma = 1.2632 (epoch 16)
Epoch 16/70
56/56 - 1s - loss: 0.1082 - auc: 0.6909 - val_loss: 0.1158 - val_auc: 0.6087 - val_auc_custom: 0.6065 - val_f1_custom: 0.1967 - val_recall_custom: 0.1132 - 1s/epoch - 22ms/step
Curriculum: set focal gamma = 1.3474 (epoch 17)
Epoch 17/70
56/56 - 1s - loss: 0.1024 - auc: 0.7006 - val_loss: 0.1092 - val_auc: 0.6150 - val_auc_custom: 0.6143 - val_f1_custom: 0.1935 - val_recall_custom: 0.1132 - 1s/epoch - 22ms/step
Curriculum: set focal gamma = 1.4316 (epoch 18)
Epoch 18/70
56/56 - 1s - loss: 0.0943 - auc: 0.7230 - val_loss: 0.1026 - val_auc: 0.6229 - val_auc_custom: 0.6249 - val_f1_custom: 0.1935 - val_recall_custom: 0.1132 - 1s/epoch - 23ms/step
Curriculum: set focal gamma = 1.5158 (epoch 19)
Epoch 19/70
56/56 - 1s - loss: 0.0899 - auc: 0.7170 - val_loss: 0.0970 - val_auc: 0.6313 - val_auc_custom: 0.6309 - val_f1_custom: 0.2188 - val_recall_custom: 0.1321 - 1s/epoch - 25ms/step
Curriculum: set focal gamma = 1.6000 (epoch 20)
Epoch 20/70
56/56 - 1s - loss: 0.0828 - auc: 0.7361 - val_loss: 0.0910 - val_auc: 0.6450 - val_auc_custom: 0.6450 - val_f1_custom: 0.2188 - val_recall_custom: 0.1321 - 1s/epoch - 22ms/step
Curriculum: set focal gamma = 1.6000 (epoch 21)
Epoch 21/70
56/56 - 1s - loss: 0.0833 - auc: 0.7340 - val_loss: 0.0898 - val_auc: 0.6599 - val_auc_custom: 0.6601 - val_f1_custom: 0.2188 - val_recall_custom: 0.1321 - 1s/epoch - 22ms/step
Curriculum: set focal gamma = 1.6000 (epoch 22)
Epoch 22/70
56/56 - 1s - loss: 0.0825 - auc: 0.7456 - val_loss: 0.0890 - val_auc: 0.6662 - val_auc_custom: 0.6649 - val_f1_custom: 0.1935 - val_recall_custom: 0.1132 - 1s/epoch - 23ms/step
Curriculum: set focal gamma = 1.6000 (epoch 23)
Epoch 23/70
56/56 - 1s - loss: 0.0813 - auc: 0.7517 - val_loss: 0.0894 - val_auc: 0.6691 - val_auc_custom: 0.6694 - val_f1_custom: 0.1875 - val_recall_custom: 0.1132 - 1s/epoch - 22ms/step
Curriculum: set focal gamma = 1.6000 (epoch 24)
Epoch 24/70
56/56 - 1s - loss: 0.0802 - auc: 0.7649 - val_loss: 0.0913 - val_auc: 0.6741 - val_auc_custom: 0.6742 - val_f1_custom: 0.3562 - val_recall_custom: 0.2453 - 1s/epoch - 22ms/step
Curriculum: set focal gamma = 1.6000 (epoch 25)
Epoch 25/70
56/56 - 1s - loss: 0.0795 - auc: 0.7735 - val_loss: 0.0913 - val_auc: 0.6782 - val_auc_custom: 0.6810 - val_f1_custom: 0.3562 - val_recall_custom: 0.2453 - 1s/epoch - 23ms/step
Curriculum: set focal gamma = 1.6000 (epoch 26)
Epoch 26/70
56/56 - 1s - loss: 0.0786 - auc: 0.7785 - val_loss: 0.0902 - val_auc: 0.6898 - val_auc_custom: 0.6888 - val_f1_custom: 0.3099 - val_recall_custom: 0.2075 - 1s/epoch - 22ms/step
Curriculum: set focal gamma = 1.6000 (epoch 27)
Epoch 27/70
56/56 - 1s - loss: 0.0784 - auc: 0.7813 - val_loss: 0.0902 - val_auc: 0.6936 - val_auc_custom: 0.6956 - val_f1_custom: 0.3333 - val_recall_custom: 0.2264 - 1s/epoch - 22ms/step
Curriculum: set focal gamma = 1.6000 (epoch 28)
Epoch 28/70
56/56 - 1s - loss: 0.0778 - auc: 0.7862 - val_loss: 0.0908 - val_auc: 0.6925 - val_auc_custom: 0.6926 - val_f1_custom: 0.2353 - val_recall_custom: 0.1509 - 1s/epoch - 21ms/step
Curriculum: set focal gamma = 1.6000 (epoch 29)
Epoch 29/70
56/56 - 1s - loss: 0.0764 - auc: 0.7996 - val_loss: 0.0941 - val_auc: 0.6667 - val_auc_custom: 0.6664 - val_f1_custom: 0.3636 - val_recall_custom: 0.2642 - 1s/epoch - 20ms/step
Curriculum: set focal gamma = 1.6000 (epoch 30)
Epoch 30/70
56/56 - 1s - loss: 0.0749 - auc: 0.8081 - val_loss: 0.0930 - val_auc: 0.6898 - val_auc_custom: 0.6896 - val_f1_custom: 0.2609 - val_recall_custom: 0.1698 - 1s/epoch - 21ms/step
Curriculum: set focal gamma = 1.6000 (epoch 31)
Epoch 31/70
56/56 - 1s - loss: 0.0732 - auc: 0.8118 - val_loss: 0.0981 - val_auc: 0.6751 - val_auc_custom: 0.6742 - val_f1_custom: 0.4719 - val_recall_custom: 0.3962 - 1s/epoch - 20ms/step
Curriculum: set focal gamma = 1.6000 (epoch 32)
Epoch 32/70
56/56 - 1s - loss: 0.0742 - auc: 0.8113 - val_loss: 0.0943 - val_auc: 0.7045 - val_auc_custom: 0.7039 - val_f1_custom: 0.2388 - val_recall_custom: 0.1509 - 1s/epoch - 22ms/step
Curriculum: set focal gamma = 1.6000 (epoch 33)
Epoch 33/70
56/56 - 1s - loss: 0.0733 - auc: 0.8167 - val_loss: 0.0955 - val_auc: 0.6853 - val_auc_custom: 0.6850 - val_f1_custom: 0.4337 - val_recall_custom: 0.3396 - 1s/epoch - 20ms/step
Curriculum: set focal gamma = 1.6000 (epoch 34)
Epoch 34/70
56/56 - 1s - loss: 0.0682 - auc: 0.8498 - val_loss: 0.0964 - val_auc: 0.6919 - val_auc_custom: 0.6911 - val_f1_custom: 0.5111 - val_recall_custom: 0.4340 - 1s/epoch - 19ms/step
Curriculum: set focal gamma = 1.6000 (epoch 35)
Epoch 35/70
56/56 - 1s - loss: 0.0702 - auc: 0.8332 - val_loss: 0.0977 - val_auc: 0.6976 - val_auc_custom: 0.6984 - val_f1_custom: 0.5000 - val_recall_custom: 0.4151 - 1s/epoch - 21ms/step
Curriculum: set focal gamma = 1.6000 (epoch 36)
Epoch 36/70
56/56 - 1s - loss: 0.0688 - auc: 0.8422 - val_loss: 0.0978 - val_auc: 0.6921 - val_auc_custom: 0.6921 - val_f1_custom: 0.4146 - val_recall_custom: 0.3208 - 1s/epoch - 20ms/step
Curriculum: set focal gamma = 1.6000 (epoch 37)
Epoch 37/70
56/56 - 1s - loss: 0.0661 - auc: 0.8576 - val_loss: 0.0970 - val_auc: 0.7126 - val_auc_custom: 0.7132 - val_f1_custom: 0.4444 - val_recall_custom: 0.3396 - 1s/epoch - 23ms/step
Curriculum: set focal gamma = 1.6000 (epoch 38)
Epoch 38/70
56/56 - 1s - loss: 0.0672 - auc: 0.8507 - val_loss: 0.1018 - val_auc: 0.7020 - val_auc_custom: 0.7011 - val_f1_custom: 0.5111 - val_recall_custom: 0.4340 - 1s/epoch - 20ms/step
Curriculum: set focal gamma = 1.6000 (epoch 39)
Epoch 39/70
56/56 - 1s - loss: 0.0633 - auc: 0.8705 - val_loss: 0.1014 - val_auc: 0.6957 - val_auc_custom: 0.6961 - val_f1_custom: 0.5275 - val_recall_custom: 0.4528 - 1s/epoch - 22ms/step
Curriculum: set focal gamma = 1.6000 (epoch 40)
Epoch 40/70
56/56 - 1s - loss: 0.0655 - auc: 0.8577 - val_loss: 0.1012 - val_auc: 0.6957 - val_auc_custom: 0.6961 - val_f1_custom: 0.4706 - val_recall_custom: 0.3774 - 1s/epoch - 21ms/step
Curriculum: set focal gamma = 1.6000 (epoch 41)
Epoch 41/70
56/56 - 1s - loss: 0.0639 - auc: 0.8699 - val_loss: 0.0999 - val_auc: 0.6994 - val_auc_custom: 0.6991 - val_f1_custom: 0.4390 - val_recall_custom: 0.3396 - 1s/epoch - 20ms/step
Curriculum: set focal gamma = 1.6000 (epoch 42)
Epoch 42/70
56/56 - 1s - loss: 0.0641 - auc: 0.8694 - val_loss: 0.1048 - val_auc: 0.7106 - val_auc_custom: 0.7107 - val_f1_custom: 0.5435 - val_recall_custom: 0.4717 - 1s/epoch - 22ms/step
Curriculum: set focal gamma = 1.6000 (epoch 43)
Epoch 43/70
56/56 - 1s - loss: 0.0611 - auc: 0.8747 - val_loss: 0.1005 - val_auc: 0.7138 - val_auc_custom: 0.7142 - val_f1_custom: 0.3797 - val_recall_custom: 0.2830 - 1s/epoch - 22ms/step
Curriculum: set focal gamma = 1.6000 (epoch 44)
Epoch 44/70
56/56 - 1s - loss: 0.0624 - auc: 0.8821 - val_loss: 0.1010 - val_auc: 0.7279 - val_auc_custom: 0.7278 - val_f1_custom: 0.4634 - val_recall_custom: 0.3585 - 1s/epoch - 22ms/step
Curriculum: set focal gamma = 1.6000 (epoch 45)
Epoch 45/70
56/56 - 1s - loss: 0.0612 - auc: 0.8847 - val_loss: 0.0979 - val_auc: 0.7358 - val_auc_custom: 0.7351 - val_f1_custom: 0.5116 - val_recall_custom: 0.4151 - 1s/epoch - 22ms/step
Curriculum: set focal gamma = 1.6000 (epoch 46)
Epoch 46/70
56/56 - 1s - loss: 0.0580 - auc: 0.8964 - val_loss: 0.1049 - val_auc: 0.7098 - val_auc_custom: 0.7097 - val_f1_custom: 0.4773 - val_recall_custom: 0.3962 - 1s/epoch - 21ms/step
Curriculum: set focal gamma = 1.6000 (epoch 47)
Epoch 47/70
56/56 - 1s - loss: 0.0602 - auc: 0.8846 - val_loss: 0.1036 - val_auc: 0.7406 - val_auc_custom: 0.7399 - val_f1_custom: 0.4819 - val_recall_custom: 0.3774 - 1s/epoch - 23ms/step
Curriculum: set focal gamma = 1.6000 (epoch 48)
Epoch 48/70
56/56 - 1s - loss: 0.0560 - auc: 0.9045 - val_loss: 0.1096 - val_auc: 0.7165 - val_auc_custom: 0.7172 - val_f1_custom: 0.3636 - val_recall_custom: 0.2642 - 1s/epoch - 21ms/step
Curriculum: set focal gamma = 1.6000 (epoch 49)
Epoch 49/70
56/56 - 1s - loss: 0.0561 - auc: 0.9006 - val_loss: 0.1059 - val_auc: 0.7287 - val_auc_custom: 0.7283 - val_f1_custom: 0.4706 - val_recall_custom: 0.3774 - 1s/epoch - 20ms/step
Curriculum: set focal gamma = 1.6000 (epoch 50)
Epoch 50/70
56/56 - 1s - loss: 0.0572 - auc: 0.8952 - val_loss: 0.0989 - val_auc: 0.7650 - val_auc_custom: 0.7663 - val_f1_custom: 0.4634 - val_recall_custom: 0.3585 - 1s/epoch - 22ms/step
Curriculum: set focal gamma = 1.6000 (epoch 51)
Epoch 51/70
56/56 - 1s - loss: 0.0558 - auc: 0.9036 - val_loss: 0.1122 - val_auc: 0.7113 - val_auc_custom: 0.7130 - val_f1_custom: 0.4762 - val_recall_custom: 0.3774 - 1s/epoch - 20ms/step
Curriculum: set focal gamma = 1.6000 (epoch 52)
Epoch 52/70
56/56 - 1s - loss: 0.0554 - auc: 0.9031 - val_loss: 0.1052 - val_auc: 0.7386 - val_auc_custom: 0.7391 - val_f1_custom: 0.5116 - val_recall_custom: 0.4151 - 1s/epoch - 20ms/step
Curriculum: set focal gamma = 1.6000 (epoch 53)
Epoch 53/70
56/56 - 1s - loss: 0.0527 - auc: 0.9134 - val_loss: 0.0981 - val_auc: 0.7565 - val_auc_custom: 0.7572 - val_f1_custom: 0.5176 - val_recall_custom: 0.4151 - 1s/epoch - 20ms/step
Curriculum: set focal gamma = 1.6000 (epoch 54)
Epoch 54/70
56/56 - 1s - loss: 0.0529 - auc: 0.9133 - val_loss: 0.1159 - val_auc: 0.7267 - val_auc_custom: 0.7281 - val_f1_custom: 0.5859 - val_recall_custom: 0.5472 - 1s/epoch - 21ms/step
Curriculum: set focal gamma = 1.6000 (epoch 55)
Epoch 55/70
56/56 - 1s - loss: 0.0515 - auc: 0.9202 - val_loss: 0.1033 - val_auc: 0.7434 - val_auc_custom: 0.7434 - val_f1_custom: 0.4557 - val_recall_custom: 0.3396 - 1s/epoch - 21ms/step
Curriculum: set focal gamma = 1.6000 (epoch 56)
Epoch 56/70
56/56 - 1s - loss: 0.0499 - auc: 0.9277 - val_loss: 0.1073 - val_auc: 0.7584 - val_auc_custom: 0.7585 - val_f1_custom: 0.5000 - val_recall_custom: 0.3962 - 1s/epoch - 20ms/step
Curriculum: set focal gamma = 1.6000 (epoch 57)
Epoch 57/70
56/56 - 1s - loss: 0.0512 - auc: 0.9207 - val_loss: 0.1076 - val_auc: 0.7474 - val_auc_custom: 0.7482 - val_f1_custom: 0.5591 - val_recall_custom: 0.4906 - 1s/epoch - 19ms/step
Curriculum: set focal gamma = 1.6000 (epoch 58)
Epoch 58/70
56/56 - 1s - loss: 0.0493 - auc: 0.9282 - val_loss: 0.1075 - val_auc: 0.7489 - val_auc_custom: 0.7492 - val_f1_custom: 0.5957 - val_recall_custom: 0.5283 - 1s/epoch - 20ms/step
Curriculum: set focal gamma = 1.6000 (epoch 59)
Epoch 59/70
56/56 - 1s - loss: 0.0509 - auc: 0.9191 - val_loss: 0.1088 - val_auc: 0.7714 - val_auc_custom: 0.7703 - val_f1_custom: 0.4304 - val_recall_custom: 0.3208 - 1s/epoch - 22ms/step
Curriculum: set focal gamma = 1.6000 (epoch 60)
Epoch 60/70
56/56 - 1s - loss: 0.0525 - auc: 0.9157 - val_loss: 0.1133 - val_auc: 0.7319 - val_auc_custom: 0.7313 - val_f1_custom: 0.5227 - val_recall_custom: 0.4340 - 1s/epoch - 20ms/step
Curriculum: set focal gamma = 1.6000 (epoch 61)
Epoch 61/70
56/56 - 1s - loss: 0.0506 - auc: 0.9224 - val_loss: 0.1090 - val_auc: 0.7519 - val_auc_custom: 0.7517 - val_f1_custom: 0.4051 - val_recall_custom: 0.3019 - 1s/epoch - 20ms/step
Curriculum: set focal gamma = 1.6000 (epoch 62)
Epoch 62/70
56/56 - 1s - loss: 0.0471 - auc: 0.9328 - val_loss: 0.1133 - val_auc: 0.7577 - val_auc_custom: 0.7585 - val_f1_custom: 0.4444 - val_recall_custom: 0.3396 - 1s/epoch - 20ms/step
Curriculum: set focal gamma = 1.6000 (epoch 63)
Epoch 63/70
56/56 - 1s - loss: 0.0460 - auc: 0.9353 - val_loss: 0.1169 - val_auc: 0.7360 - val_auc_custom: 0.7358 - val_f1_custom: 0.5435 - val_recall_custom: 0.4717 - 1s/epoch - 21ms/step
Curriculum: set focal gamma = 1.6000 (epoch 64)
Epoch 64/70
56/56 - 1s - loss: 0.0434 - auc: 0.9447 - val_loss: 0.1155 - val_auc: 0.7528 - val_auc_custom: 0.7519 - val_f1_custom: 0.5287 - val_recall_custom: 0.4340 - 1s/epoch - 20ms/step
Curriculum: set focal gamma = 1.6000 (epoch 65)
Epoch 65/70
56/56 - 1s - loss: 0.0461 - auc: 0.9348 - val_loss: 0.1217 - val_auc: 0.7595 - val_auc_custom: 0.7597 - val_f1_custom: 0.5333 - val_recall_custom: 0.4528 - 1s/epoch - 20ms/step
Curriculum: set focal gamma = 1.6000 (epoch 66)
Epoch 66/70
56/56 - 1s - loss: 0.0425 - auc: 0.9455 - val_loss: 0.1217 - val_auc: 0.7814 - val_auc_custom: 0.7804 - val_f1_custom: 0.5000 - val_recall_custom: 0.3962 - 1s/epoch - 23ms/step
Curriculum: set focal gamma = 1.6000 (epoch 67)
Epoch 67/70
56/56 - 1s - loss: 0.0485 - auc: 0.9326 - val_loss: 0.1201 - val_auc: 0.7658 - val_auc_custom: 0.7665 - val_f1_custom: 0.5684 - val_recall_custom: 0.5094 - 1s/epoch - 20ms/step
Curriculum: set focal gamma = 1.6000 (epoch 68)
Epoch 68/70
56/56 - 1s - loss: 0.0447 - auc: 0.9404 - val_loss: 0.1085 - val_auc: 0.7675 - val_auc_custom: 0.7686 - val_f1_custom: 0.5116 - val_recall_custom: 0.4151 - 1s/epoch - 21ms/step
Curriculum: set focal gamma = 1.6000 (epoch 69)
Epoch 69/70
56/56 - 1s - loss: 0.0460 - auc: 0.9381 - val_loss: 0.1169 - val_auc: 0.7514 - val_auc_custom: 0.7512 - val_f1_custom: 0.5745 - val_recall_custom: 0.5094 - 1s/epoch - 20ms/step
Curriculum: set focal gamma = 1.6000 (epoch 70)
Epoch 70/70
56/56 - 1s - loss: 0.0466 - auc: 0.9380 - val_loss: 0.1248 - val_auc: 0.7411 - val_auc_custom: 0.7411 - val_f1_custom: 0.5859 - val_recall_custom: 0.5472 - 1s/epoch - 20ms/step
Mask config -> mode=soft, threshold=0.6, window_gate=None
Done. Results saved to /home/user/projects/train/model/long_window/CNN_BiLSTM/result_focal_refine/cw08_fg06/01
