2025-09-18 02:25:24.532456: I tensorflow/core/util/port.cc:110] oneDNN custom operations are on. You may see slightly different numerical results due to floating-point round-off errors from different computation orders. To turn them off, set the environment variable `TF_ENABLE_ONEDNN_OPTS=0`.
2025-09-18 02:25:24.789102: I tensorflow/core/platform/cpu_feature_guard.cc:182] This TensorFlow binary is optimized to use available CPU instructions in performance-critical operations.
To enable the following instructions: AVX2 AVX_VNNI FMA, in other operations, rebuild TensorFlow with the appropriate compiler flags.
2025-09-18 02:25:25.649839: W tensorflow/compiler/tf2tensorrt/utils/py_utils.cc:38] TF-TRT Warning: Could not find TensorRT
2025-09-18 02:25:26.593064: I tensorflow/compiler/xla/stream_executor/cuda/cuda_gpu_executor.cc:981] could not open file to read NUMA node: /sys/bus/pci/devices/0000:01:00.0/numa_node
Your kernel may have been built without NUMA support.
2025-09-18 02:25:26.742996: I tensorflow/compiler/xla/stream_executor/cuda/cuda_gpu_executor.cc:981] could not open file to read NUMA node: /sys/bus/pci/devices/0000:01:00.0/numa_node
Your kernel may have been built without NUMA support.
2025-09-18 02:25:26.743041: I tensorflow/compiler/xla/stream_executor/cuda/cuda_gpu_executor.cc:981] could not open file to read NUMA node: /sys/bus/pci/devices/0000:01:00.0/numa_node
Your kernel may have been built without NUMA support.
2025-09-18 02:25:26.745701: I tensorflow/compiler/xla/stream_executor/cuda/cuda_gpu_executor.cc:981] could not open file to read NUMA node: /sys/bus/pci/devices/0000:01:00.0/numa_node
Your kernel may have been built without NUMA support.
2025-09-18 02:25:26.745750: I tensorflow/compiler/xla/stream_executor/cuda/cuda_gpu_executor.cc:981] could not open file to read NUMA node: /sys/bus/pci/devices/0000:01:00.0/numa_node
Your kernel may have been built without NUMA support.
2025-09-18 02:25:26.745770: I tensorflow/compiler/xla/stream_executor/cuda/cuda_gpu_executor.cc:981] could not open file to read NUMA node: /sys/bus/pci/devices/0000:01:00.0/numa_node
Your kernel may have been built without NUMA support.
2025-09-18 02:25:26.927370: I tensorflow/compiler/xla/stream_executor/cuda/cuda_gpu_executor.cc:981] could not open file to read NUMA node: /sys/bus/pci/devices/0000:01:00.0/numa_node
Your kernel may have been built without NUMA support.
2025-09-18 02:25:26.927511: I tensorflow/compiler/xla/stream_executor/cuda/cuda_gpu_executor.cc:981] could not open file to read NUMA node: /sys/bus/pci/devices/0000:01:00.0/numa_node
Your kernel may have been built without NUMA support.
2025-09-18 02:25:26.927523: I tensorflow/core/common_runtime/gpu/gpu_device.cc:1726] Could not identify NUMA node of platform GPU id 0, defaulting to 0.  Your kernel may not have been built with NUMA support.
2025-09-18 02:25:26.927553: I tensorflow/compiler/xla/stream_executor/cuda/cuda_gpu_executor.cc:981] could not open file to read NUMA node: /sys/bus/pci/devices/0000:01:00.0/numa_node
Your kernel may have been built without NUMA support.
2025-09-18 02:25:26.927588: I tensorflow/core/common_runtime/gpu/gpu_device.cc:1639] Created device /job:localhost/replica:0/task:0/device:GPU:0 with 9517 MB memory:  -> device: 0, name: NVIDIA GeForce RTX 4070 SUPER, pci bus id: 0000:01:00.0, compute capability: 8.9
GPU detected: 1 physical, 1 logical -> ['/device:GPU:0']
Config: batch=16, accumulate_steps=8 -> effective_batch=128
Loaded (1276, 36, 75) (1276,)
Using mask channel "occlusion_flag" from long_raw (index 7)
Model: "cnn_bilstm_attn_masked"
__________________________________________________________________________________________________
 Layer (type)                Output Shape                 Param #   Connected to                  
==================================================================================================
 input (InputLayer)          [(None, 36, 75)]             0         []                            
                                                                                                  
 permute_time_features (Per  (None, 75, 36)               0         ['input[0][0]']               
 mute)                                                                                            
                                                                                                  
 conv0 (Conv1D)              (None, 75, 64)               6976      ['permute_time_features[0][0]'
                                                                    ]                             
                                                                                                  
 bn0 (BatchNormalization)    (None, 75, 64)               256       ['conv0[0][0]']               
                                                                                                  
 act0 (Activation)           (None, 75, 64)               0         ['bn0[0][0]']                 
                                                                                                  
 conv_dropout0 (Dropout)     (None, 75, 64)               0         ['act0[0][0]']                
                                                                                                  
 conv1 (Conv1D)              (None, 75, 64)               20544     ['conv_dropout0[0][0]']       
                                                                                                  
 bn1 (BatchNormalization)    (None, 75, 64)               256       ['conv1[0][0]']               
                                                                                                  
 act1 (Activation)           (None, 75, 64)               0         ['bn1[0][0]']                 
                                                                                                  
 conv_dropout1 (Dropout)     (None, 75, 64)               0         ['act1[0][0]']                
                                                                                                  
 conv2 (Conv1D)              (None, 75, 64)               12352     ['conv_dropout1[0][0]']       
                                                                                                  
 bn2 (BatchNormalization)    (None, 75, 64)               256       ['conv2[0][0]']               
                                                                                                  
 act2 (Activation)           (None, 75, 64)               0         ['bn2[0][0]']                 
                                                                                                  
 conv_dropout2 (Dropout)     (None, 75, 64)               0         ['act2[0][0]']                
                                                                                                  
 bilstm (Bidirectional)      (None, 75, 128)              66048     ['conv_dropout2[0][0]']       
                                                                                                  
 mlp_attn_u (Dense)          (None, 75, 32)               4128      ['bilstm[0][0]']              
                                                                                                  
 mlp_attn_score (Dense)      (None, 75, 1)                33        ['mlp_attn_u[0][0]']          
                                                                                                  
 mlp_attn_squeeze (Lambda)   (None, 75)                   0         ['mlp_attn_score[0][0]']      
                                                                                                  
 attn_mask (InputLayer)      [(None, 75)]                 0         []                            
                                                                                                  
 mlp_attn_apply_mask (Lambd  (None, 75)                   0         ['mlp_attn_squeeze[0][0]',    
 a)                                                                  'attn_mask[0][0]']           
                                                                                                  
 mlp_attn_softmax (Lambda)   (None, 75)                   0         ['mlp_attn_apply_mask[0][0]'] 
                                                                                                  
 mlp_attn_expand (Lambda)    (None, 75, 1)                0         ['mlp_attn_softmax[0][0]']    
                                                                                                  
 mlp_attn_weighted (Lambda)  (None, 128)                  0         ['bilstm[0][0]',              
                                                                     'mlp_attn_expand[0][0]']     
                                                                                                  
 fc1 (Dense)                 (None, 64)                   8256      ['mlp_attn_weighted[0][0]']   
                                                                                                  
 fc_dropout (Dropout)        (None, 64)                   0         ['fc1[0][0]']                 
                                                                                                  
 out (Dense)                 (None, 1)                    65        ['fc_dropout[0][0]']          
                                                                                                  
==================================================================================================
Total params: 119171 (465.51 KB)
Trainable params: 118786 (464.01 KB)
Non-trainable params: 385 (1.50 KB)
__________________________________________________________________________________________________
None
Writing results to result_confirm_seed2/01
Curriculum: set focal gamma = 0.0000 (epoch 1)
Epoch 1/70
2025-09-18 02:25:31.459804: I tensorflow/compiler/xla/stream_executor/cuda/cuda_dnn.cc:432] Loaded cuDNN version 8600
2025-09-18 02:25:31.698469: I tensorflow/tsl/platform/default/subprocess.cc:304] Start cannot spawn child process: No such file or directory
2025-09-18 02:25:32.065211: I tensorflow/compiler/xla/stream_executor/cuda/cuda_blas.cc:606] TensorFloat-32 will be used for the matrix multiplication. This will only be logged once.
2025-09-18 02:25:32.872450: I tensorflow/compiler/xla/service/service.cc:168] XLA service 0x5cc712669940 initialized for platform CUDA (this does not guarantee that XLA will be used). Devices:
2025-09-18 02:25:32.872505: I tensorflow/compiler/xla/service/service.cc:176]   StreamExecutor device (0): NVIDIA GeForce RTX 4070 SUPER, Compute Capability 8.9
2025-09-18 02:25:32.904147: I tensorflow/compiler/mlir/tensorflow/utils/dump_mlir_util.cc:255] disabling MLIR crash reproducer, set env var `MLIR_CRASH_REPRODUCER_DIRECTORY` to enable.
2025-09-18 02:25:33.064979: I tensorflow/tsl/platform/default/subprocess.cc:304] Start cannot spawn child process: No such file or directory
2025-09-18 02:25:33.121113: I ./tensorflow/compiler/jit/device_compiler.h:186] Compiled cluster using XLA!  This line is logged at most once for the lifetime of the process.
56/56 - 9s - loss: 0.3290 - auc: 0.5473 - val_loss: 0.3354 - val_auc: 0.5665 - val_auc_custom: 0.5681 - val_f1_custom: 0.0000e+00 - val_recall_custom: 0.0000e+00 - 9s/epoch - 158ms/step
Curriculum: set focal gamma = 0.0526 (epoch 2)
Epoch 2/70
56/56 - 2s - loss: 0.2934 - auc: 0.5452 - val_loss: 0.3091 - val_auc: 0.5878 - val_auc_custom: 0.5889 - val_f1_custom: 0.0000e+00 - val_recall_custom: 0.0000e+00 - 2s/epoch - 40ms/step
Curriculum: set focal gamma = 0.1053 (epoch 3)
Epoch 3/70
56/56 - 2s - loss: 0.2832 - auc: 0.5728 - val_loss: 0.2962 - val_auc: 0.5857 - val_auc_custom: 0.5862 - val_f1_custom: 0.0000e+00 - val_recall_custom: 0.0000e+00 - 2s/epoch - 43ms/step
Curriculum: set focal gamma = 0.1579 (epoch 4)
Epoch 4/70
56/56 - 2s - loss: 0.2624 - auc: 0.6402 - val_loss: 0.2844 - val_auc: 0.5951 - val_auc_custom: 0.5940 - val_f1_custom: 0.0702 - val_recall_custom: 0.0377 - 2s/epoch - 42ms/step
Curriculum: set focal gamma = 0.2105 (epoch 5)
Epoch 5/70
56/56 - 2s - loss: 0.2503 - auc: 0.6535 - val_loss: 0.2750 - val_auc: 0.5883 - val_auc_custom: 0.5874 - val_f1_custom: 0.1639 - val_recall_custom: 0.0943 - 2s/epoch - 40ms/step
Curriculum: set focal gamma = 0.2632 (epoch 6)
Epoch 6/70
56/56 - 2s - loss: 0.2397 - auc: 0.6638 - val_loss: 0.2660 - val_auc: 0.5916 - val_auc_custom: 0.5897 - val_f1_custom: 0.1613 - val_recall_custom: 0.0943 - 2s/epoch - 40ms/step
Curriculum: set focal gamma = 0.3158 (epoch 7)
Epoch 7/70
56/56 - 2s - loss: 0.2327 - auc: 0.6477 - val_loss: 0.2576 - val_auc: 0.5872 - val_auc_custom: 0.5874 - val_f1_custom: 0.2319 - val_recall_custom: 0.1509 - 2s/epoch - 44ms/step
Curriculum: set focal gamma = 0.3684 (epoch 8)
Epoch 8/70
56/56 - 2s - loss: 0.2211 - auc: 0.6673 - val_loss: 0.2483 - val_auc: 0.5852 - val_auc_custom: 0.5872 - val_f1_custom: 0.2973 - val_recall_custom: 0.2075 - 2s/epoch - 39ms/step
Curriculum: set focal gamma = 0.4211 (epoch 9)
Epoch 9/70
56/56 - 2s - loss: 0.2097 - auc: 0.6905 - val_loss: 0.2390 - val_auc: 0.5858 - val_auc_custom: 0.5869 - val_f1_custom: 0.3544 - val_recall_custom: 0.2642 - 2s/epoch - 39ms/step
Curriculum: set focal gamma = 0.4737 (epoch 10)
Epoch 10/70
56/56 - 2s - loss: 0.2011 - auc: 0.6900 - val_loss: 0.2297 - val_auc: 0.5875 - val_auc_custom: 0.5874 - val_f1_custom: 0.3377 - val_recall_custom: 0.2453 - 2s/epoch - 40ms/step
Curriculum: set focal gamma = 0.5263 (epoch 11)
Epoch 11/70
56/56 - 2s - loss: 0.1907 - auc: 0.7093 - val_loss: 0.2210 - val_auc: 0.5942 - val_auc_custom: 0.5972 - val_f1_custom: 0.2778 - val_recall_custom: 0.1887 - 2s/epoch - 39ms/step
Curriculum: set focal gamma = 0.5789 (epoch 12)
Epoch 12/70
56/56 - 1s - loss: 0.1832 - auc: 0.7145 - val_loss: 0.2149 - val_auc: 0.5976 - val_auc_custom: 0.5977 - val_f1_custom: 0.3750 - val_recall_custom: 0.2830 - 1s/epoch - 21ms/step
Curriculum: set focal gamma = 0.6316 (epoch 13)
Epoch 13/70
56/56 - 3s - loss: 0.1739 - auc: 0.7290 - val_loss: 0.2037 - val_auc: 0.6121 - val_auc_custom: 0.6113 - val_f1_custom: 0.3200 - val_recall_custom: 0.2264 - 3s/epoch - 46ms/step
Curriculum: set focal gamma = 0.6842 (epoch 14)
Epoch 14/70
56/56 - 2s - loss: 0.1686 - auc: 0.7272 - val_loss: 0.1946 - val_auc: 0.6302 - val_auc_custom: 0.6309 - val_f1_custom: 0.3421 - val_recall_custom: 0.2453 - 2s/epoch - 40ms/step
Curriculum: set focal gamma = 0.7368 (epoch 15)
Epoch 15/70
56/56 - 2s - loss: 0.1601 - auc: 0.7378 - val_loss: 0.1868 - val_auc: 0.6477 - val_auc_custom: 0.6458 - val_f1_custom: 0.3750 - val_recall_custom: 0.2830 - 2s/epoch - 41ms/step
Curriculum: set focal gamma = 0.7895 (epoch 16)
Epoch 16/70
56/56 - 2s - loss: 0.1499 - auc: 0.7600 - val_loss: 0.1803 - val_auc: 0.6613 - val_auc_custom: 0.6621 - val_f1_custom: 0.3902 - val_recall_custom: 0.3019 - 2s/epoch - 39ms/step
Curriculum: set focal gamma = 0.8421 (epoch 17)
Epoch 17/70
56/56 - 2s - loss: 0.1451 - auc: 0.7605 - val_loss: 0.1721 - val_auc: 0.6714 - val_auc_custom: 0.6694 - val_f1_custom: 0.4471 - val_recall_custom: 0.3585 - 2s/epoch - 40ms/step
Curriculum: set focal gamma = 0.8947 (epoch 18)
Epoch 18/70
56/56 - 2s - loss: 0.1365 - auc: 0.7793 - val_loss: 0.1635 - val_auc: 0.6887 - val_auc_custom: 0.6886 - val_f1_custom: 0.3200 - val_recall_custom: 0.2264 - 2s/epoch - 42ms/step
Curriculum: set focal gamma = 0.9474 (epoch 19)
Epoch 19/70
56/56 - 2s - loss: 0.1319 - auc: 0.7800 - val_loss: 0.1689 - val_auc: 0.6776 - val_auc_custom: 0.6775 - val_f1_custom: 0.5607 - val_recall_custom: 0.5660 - 2s/epoch - 36ms/step
Curriculum: set focal gamma = 1.0000 (epoch 20)
Epoch 20/70
56/56 - 2s - loss: 0.1290 - auc: 0.7699 - val_loss: 0.1496 - val_auc: 0.7073 - val_auc_custom: 0.7069 - val_f1_custom: 0.5169 - val_recall_custom: 0.4340 - 2s/epoch - 40ms/step
Curriculum: set focal gamma = 1.0000 (epoch 21)
Epoch 21/70
56/56 - 2s - loss: 0.1214 - auc: 0.8093 - val_loss: 0.1536 - val_auc: 0.7008 - val_auc_custom: 0.7019 - val_f1_custom: 0.5490 - val_recall_custom: 0.5283 - 2s/epoch - 38ms/step
Curriculum: set focal gamma = 1.0000 (epoch 22)
Epoch 22/70
56/56 - 2s - loss: 0.1240 - auc: 0.7949 - val_loss: 0.1554 - val_auc: 0.7003 - val_auc_custom: 0.6996 - val_f1_custom: 0.5545 - val_recall_custom: 0.5283 - 2s/epoch - 41ms/step
Curriculum: set focal gamma = 1.0000 (epoch 23)
Epoch 23/70
56/56 - 2s - loss: 0.1212 - auc: 0.8076 - val_loss: 0.1486 - val_auc: 0.7248 - val_auc_custom: 0.7250 - val_f1_custom: 0.5217 - val_recall_custom: 0.4528 - 2s/epoch - 39ms/step
Curriculum: set focal gamma = 1.0000 (epoch 24)
Epoch 24/70
56/56 - 2s - loss: 0.1218 - auc: 0.8036 - val_loss: 0.1500 - val_auc: 0.7194 - val_auc_custom: 0.7180 - val_f1_custom: 0.5567 - val_recall_custom: 0.5094 - 2s/epoch - 36ms/step
Curriculum: set focal gamma = 1.0000 (epoch 25)
Epoch 25/70
56/56 - 3s - loss: 0.1164 - auc: 0.8288 - val_loss: 0.1516 - val_auc: 0.7249 - val_auc_custom: 0.7250 - val_f1_custom: 0.5882 - val_recall_custom: 0.5660 - 3s/epoch - 47ms/step
Curriculum: set focal gamma = 1.0000 (epoch 26)
Epoch 26/70
56/56 - 2s - loss: 0.1184 - auc: 0.8181 - val_loss: 0.1510 - val_auc: 0.7171 - val_auc_custom: 0.7172 - val_f1_custom: 0.5376 - val_recall_custom: 0.4717 - 2s/epoch - 42ms/step
Curriculum: set focal gamma = 1.0000 (epoch 27)
Epoch 27/70
56/56 - 1s - loss: 0.1122 - auc: 0.8365 - val_loss: 0.1523 - val_auc: 0.7316 - val_auc_custom: 0.7311 - val_f1_custom: 0.4444 - val_recall_custom: 0.3396 - 1s/epoch - 22ms/step
Curriculum: set focal gamma = 1.0000 (epoch 28)
Epoch 28/70
56/56 - 2s - loss: 0.1119 - auc: 0.8411 - val_loss: 0.1541 - val_auc: 0.7297 - val_auc_custom: 0.7291 - val_f1_custom: 0.6019 - val_recall_custom: 0.5849 - 2s/epoch - 39ms/step
Curriculum: set focal gamma = 1.0000 (epoch 29)
Epoch 29/70
56/56 - 2s - loss: 0.1118 - auc: 0.8345 - val_loss: 0.1546 - val_auc: 0.7443 - val_auc_custom: 0.7444 - val_f1_custom: 0.5057 - val_recall_custom: 0.4151 - 2s/epoch - 40ms/step
Curriculum: set focal gamma = 1.0000 (epoch 30)
Epoch 30/70
56/56 - 2s - loss: 0.1125 - auc: 0.8339 - val_loss: 0.1633 - val_auc: 0.7177 - val_auc_custom: 0.7185 - val_f1_custom: 0.6055 - val_recall_custom: 0.6226 - 2s/epoch - 36ms/step
Curriculum: set focal gamma = 1.0000 (epoch 31)
Epoch 31/70
56/56 - 2s - loss: 0.1093 - auc: 0.8497 - val_loss: 0.1554 - val_auc: 0.7376 - val_auc_custom: 0.7384 - val_f1_custom: 0.5567 - val_recall_custom: 0.5094 - 2s/epoch - 42ms/step
Curriculum: set focal gamma = 1.0000 (epoch 32)
Epoch 32/70
56/56 - 2s - loss: 0.1089 - auc: 0.8481 - val_loss: 0.1603 - val_auc: 0.7278 - val_auc_custom: 0.7288 - val_f1_custom: 0.5849 - val_recall_custom: 0.5849 - 2s/epoch - 40ms/step
Curriculum: set focal gamma = 1.0000 (epoch 33)
Epoch 33/70
56/56 - 2s - loss: 0.1030 - auc: 0.8663 - val_loss: 0.1634 - val_auc: 0.7308 - val_auc_custom: 0.7303 - val_f1_custom: 0.6111 - val_recall_custom: 0.6226 - 2s/epoch - 42ms/step
Curriculum: set focal gamma = 1.0000 (epoch 34)
Epoch 34/70
56/56 - 3s - loss: 0.1014 - auc: 0.8711 - val_loss: 0.1691 - val_auc: 0.7228 - val_auc_custom: 0.7240 - val_f1_custom: 0.5660 - val_recall_custom: 0.5660 - 3s/epoch - 45ms/step
Curriculum: set focal gamma = 1.0000 (epoch 35)
Epoch 35/70
56/56 - 2s - loss: 0.0984 - auc: 0.8817 - val_loss: 0.1734 - val_auc: 0.7216 - val_auc_custom: 0.7220 - val_f1_custom: 0.5926 - val_recall_custom: 0.6038 - 2s/epoch - 41ms/step
Curriculum: set focal gamma = 1.0000 (epoch 36)
Epoch 36/70
56/56 - 3s - loss: 0.0998 - auc: 0.8778 - val_loss: 0.1728 - val_auc: 0.7306 - val_auc_custom: 0.7311 - val_f1_custom: 0.5872 - val_recall_custom: 0.6038 - 3s/epoch - 45ms/step
Curriculum: set focal gamma = 1.0000 (epoch 37)
Epoch 37/70
56/56 - 2s - loss: 0.1009 - auc: 0.8703 - val_loss: 0.1736 - val_auc: 0.7360 - val_auc_custom: 0.7358 - val_f1_custom: 0.6154 - val_recall_custom: 0.6792 - 2s/epoch - 41ms/step
Curriculum: set focal gamma = 1.0000 (epoch 38)
Epoch 38/70
56/56 - 2s - loss: 0.0956 - auc: 0.8862 - val_loss: 0.1727 - val_auc: 0.7326 - val_auc_custom: 0.7333 - val_f1_custom: 0.5794 - val_recall_custom: 0.5849 - 2s/epoch - 44ms/step
Curriculum: set focal gamma = 1.0000 (epoch 39)
Epoch 39/70
56/56 - 2s - loss: 0.0932 - auc: 0.8954 - val_loss: 0.1802 - val_auc: 0.7342 - val_auc_custom: 0.7341 - val_f1_custom: 0.6140 - val_recall_custom: 0.6604 - 2s/epoch - 42ms/step
Curriculum: set focal gamma = 1.0000 (epoch 40)
Epoch 40/70
56/56 - 2s - loss: 0.0938 - auc: 0.8911 - val_loss: 0.1640 - val_auc: 0.7528 - val_auc_custom: 0.7525 - val_f1_custom: 0.5567 - val_recall_custom: 0.5094 - 2s/epoch - 43ms/step
Curriculum: set focal gamma = 1.0000 (epoch 41)
Epoch 41/70
56/56 - 1s - loss: 0.0939 - auc: 0.8924 - val_loss: 0.2226 - val_auc: 0.7169 - val_auc_custom: 0.7172 - val_f1_custom: 0.5938 - val_recall_custom: 0.7170 - 1s/epoch - 22ms/step
Curriculum: set focal gamma = 1.0000 (epoch 42)
Epoch 42/70
56/56 - 2s - loss: 0.1023 - auc: 0.8742 - val_loss: 0.1952 - val_auc: 0.7331 - val_auc_custom: 0.7343 - val_f1_custom: 0.3288 - val_recall_custom: 0.2264 - 2s/epoch - 43ms/step
Curriculum: set focal gamma = 1.0000 (epoch 43)
Epoch 43/70
56/56 - 2s - loss: 0.0953 - auc: 0.8934 - val_loss: 0.1642 - val_auc: 0.7610 - val_auc_custom: 0.7613 - val_f1_custom: 0.5981 - val_recall_custom: 0.6038 - 2s/epoch - 40ms/step
Curriculum: set focal gamma = 1.0000 (epoch 44)
Epoch 44/70
56/56 - 2s - loss: 0.0901 - auc: 0.9069 - val_loss: 0.1659 - val_auc: 0.7644 - val_auc_custom: 0.7638 - val_f1_custom: 0.6306 - val_recall_custom: 0.6604 - 2s/epoch - 37ms/step
Curriculum: set focal gamma = 1.0000 (epoch 45)
Epoch 45/70
56/56 - 2s - loss: 0.0878 - auc: 0.9088 - val_loss: 0.1734 - val_auc: 0.7514 - val_auc_custom: 0.7522 - val_f1_custom: 0.6018 - val_recall_custom: 0.6415 - 2s/epoch - 41ms/step
Curriculum: set focal gamma = 1.0000 (epoch 46)
Epoch 46/70
56/56 - 2s - loss: 0.0912 - auc: 0.8969 - val_loss: 0.2050 - val_auc: 0.7425 - val_auc_custom: 0.7431 - val_f1_custom: 0.6154 - val_recall_custom: 0.6792 - 2s/epoch - 42ms/step
Curriculum: set focal gamma = 1.0000 (epoch 47)
Epoch 47/70
56/56 - 3s - loss: 0.0907 - auc: 0.8969 - val_loss: 0.1640 - val_auc: 0.7652 - val_auc_custom: 0.7658 - val_f1_custom: 0.5745 - val_recall_custom: 0.5094 - 3s/epoch - 45ms/step
Curriculum: set focal gamma = 1.0000 (epoch 48)
Epoch 48/70
56/56 - 2s - loss: 0.0824 - auc: 0.9178 - val_loss: 0.1684 - val_auc: 0.7611 - val_auc_custom: 0.7610 - val_f1_custom: 0.5055 - val_recall_custom: 0.4340 - 2s/epoch - 40ms/step
Curriculum: set focal gamma = 1.0000 (epoch 49)
Epoch 49/70
56/56 - 2s - loss: 0.0806 - auc: 0.9247 - val_loss: 0.2146 - val_auc: 0.7364 - val_auc_custom: 0.7353 - val_f1_custom: 0.6102 - val_recall_custom: 0.6792 - 2s/epoch - 43ms/step
Curriculum: set focal gamma = 1.0000 (epoch 50)
Epoch 50/70
56/56 - 2s - loss: 0.0809 - auc: 0.9213 - val_loss: 0.1724 - val_auc: 0.7574 - val_auc_custom: 0.7575 - val_f1_custom: 0.5227 - val_recall_custom: 0.4340 - 2s/epoch - 41ms/step
Curriculum: set focal gamma = 1.0000 (epoch 51)
Epoch 51/70
56/56 - 2s - loss: 0.0796 - auc: 0.9251 - val_loss: 0.2021 - val_auc: 0.7513 - val_auc_custom: 0.7507 - val_f1_custom: 0.6087 - val_recall_custom: 0.6604 - 2s/epoch - 39ms/step
Curriculum: set focal gamma = 1.0000 (epoch 52)
Epoch 52/70
56/56 - 2s - loss: 0.0766 - auc: 0.9269 - val_loss: 0.1958 - val_auc: 0.7458 - val_auc_custom: 0.7444 - val_f1_custom: 0.4545 - val_recall_custom: 0.3774 - 2s/epoch - 40ms/step
Curriculum: set focal gamma = 1.0000 (epoch 53)
Epoch 53/70
56/56 - 2s - loss: 0.0803 - auc: 0.9202 - val_loss: 0.2154 - val_auc: 0.7531 - val_auc_custom: 0.7537 - val_f1_custom: 0.6218 - val_recall_custom: 0.6981 - 2s/epoch - 42ms/step
Curriculum: set focal gamma = 1.0000 (epoch 54)
Epoch 54/70
56/56 - 2s - loss: 0.0814 - auc: 0.9176 - val_loss: 0.1882 - val_auc: 0.7394 - val_auc_custom: 0.7389 - val_f1_custom: 0.4494 - val_recall_custom: 0.3774 - 2s/epoch - 41ms/step
Curriculum: set focal gamma = 1.0000 (epoch 55)
Epoch 55/70
56/56 - 1s - loss: 0.0776 - auc: 0.9267 - val_loss: 0.1950 - val_auc: 0.7628 - val_auc_custom: 0.7630 - val_f1_custom: 0.5913 - val_recall_custom: 0.6415 - 1s/epoch - 21ms/step
Curriculum: set focal gamma = 1.0000 (epoch 56)
Epoch 56/70
56/56 - 2s - loss: 0.0788 - auc: 0.9231 - val_loss: 0.1759 - val_auc: 0.7469 - val_auc_custom: 0.7472 - val_f1_custom: 0.5510 - val_recall_custom: 0.5094 - 2s/epoch - 42ms/step
Curriculum: set focal gamma = 1.0000 (epoch 57)
Epoch 57/70
56/56 - 2s - loss: 0.0836 - auc: 0.9227 - val_loss: 0.2011 - val_auc: 0.7616 - val_auc_custom: 0.7618 - val_f1_custom: 0.5739 - val_recall_custom: 0.6226 - 2s/epoch - 39ms/step
Curriculum: set focal gamma = 1.0000 (epoch 58)
Epoch 58/70
56/56 - 2s - loss: 0.0787 - auc: 0.9264 - val_loss: 0.1875 - val_auc: 0.7531 - val_auc_custom: 0.7535 - val_f1_custom: 0.5490 - val_recall_custom: 0.5283 - 2s/epoch - 41ms/step
Curriculum: set focal gamma = 1.0000 (epoch 59)
Epoch 59/70
56/56 - 3s - loss: 0.0796 - auc: 0.9282 - val_loss: 0.1923 - val_auc: 0.7355 - val_auc_custom: 0.7369 - val_f1_custom: 0.5607 - val_recall_custom: 0.5660 - 3s/epoch - 45ms/step
Curriculum: set focal gamma = 1.0000 (epoch 60)
Epoch 60/70
56/56 - 2s - loss: 0.0778 - auc: 0.9300 - val_loss: 0.1816 - val_auc: 0.7642 - val_auc_custom: 0.7638 - val_f1_custom: 0.5417 - val_recall_custom: 0.4906 - 2s/epoch - 42ms/step
Curriculum: set focal gamma = 1.0000 (epoch 61)
Epoch 61/70
56/56 - 2s - loss: 0.0795 - auc: 0.9289 - val_loss: 0.1998 - val_auc: 0.7489 - val_auc_custom: 0.7489 - val_f1_custom: 0.5631 - val_recall_custom: 0.5472 - 2s/epoch - 42ms/step
Curriculum: set focal gamma = 1.0000 (epoch 62)
Epoch 62/70
56/56 - 2s - loss: 0.0695 - auc: 0.9507 - val_loss: 0.1952 - val_auc: 0.7499 - val_auc_custom: 0.7502 - val_f1_custom: 0.5882 - val_recall_custom: 0.5660 - 2s/epoch - 41ms/step
Curriculum: set focal gamma = 1.0000 (epoch 63)
Epoch 63/70
56/56 - 2s - loss: 0.0797 - auc: 0.9276 - val_loss: 0.2096 - val_auc: 0.7553 - val_auc_custom: 0.7557 - val_f1_custom: 0.5965 - val_recall_custom: 0.6415 - 2s/epoch - 44ms/step
Curriculum: set focal gamma = 1.0000 (epoch 64)
Epoch 64/70
56/56 - 2s - loss: 0.0722 - auc: 0.9381 - val_loss: 0.1933 - val_auc: 0.7638 - val_auc_custom: 0.7635 - val_f1_custom: 0.5946 - val_recall_custom: 0.6226 - 2s/epoch - 42ms/step
Curriculum: set focal gamma = 1.0000 (epoch 65)
Epoch 65/70
56/56 - 2s - loss: 0.0797 - auc: 0.9231 - val_loss: 0.2253 - val_auc: 0.7472 - val_auc_custom: 0.7487 - val_f1_custom: 0.6050 - val_recall_custom: 0.6792 - 2s/epoch - 41ms/step
Curriculum: set focal gamma = 1.0000 (epoch 66)
Epoch 66/70
56/56 - 2s - loss: 0.0689 - auc: 0.9461 - val_loss: 0.1922 - val_auc: 0.7536 - val_auc_custom: 0.7535 - val_f1_custom: 0.6038 - val_recall_custom: 0.6038 - 2s/epoch - 44ms/step
Curriculum: set focal gamma = 1.0000 (epoch 67)
Epoch 67/70
56/56 - 2s - loss: 0.0670 - auc: 0.9512 - val_loss: 0.2110 - val_auc: 0.7603 - val_auc_custom: 0.7608 - val_f1_custom: 0.5965 - val_recall_custom: 0.6415 - 2s/epoch - 41ms/step
Curriculum: set focal gamma = 1.0000 (epoch 68)
Epoch 68/70
56/56 - 1s - loss: 0.0711 - auc: 0.9381 - val_loss: 0.1966 - val_auc: 0.7498 - val_auc_custom: 0.7509 - val_f1_custom: 0.5474 - val_recall_custom: 0.4906 - 1s/epoch - 21ms/step
Curriculum: set focal gamma = 1.0000 (epoch 69)
Epoch 69/70
56/56 - 2s - loss: 0.0653 - auc: 0.9509 - val_loss: 0.2227 - val_auc: 0.7467 - val_auc_custom: 0.7472 - val_f1_custom: 0.6000 - val_recall_custom: 0.6226 - 2s/epoch - 42ms/step
Curriculum: set focal gamma = 1.0000 (epoch 70)
Epoch 70/70
56/56 - 2s - loss: 0.0642 - auc: 0.9504 - val_loss: 0.2015 - val_auc: 0.7543 - val_auc_custom: 0.7542 - val_f1_custom: 0.5545 - val_recall_custom: 0.5283 - 2s/epoch - 40ms/step
Mask config -> mode=soft, threshold=0.6, window_gate=None
Done. Results saved to result_confirm_seed2/01
