2025-09-17 08:33:42.969620: I tensorflow/core/util/port.cc:110] oneDNN custom operations are on. You may see slightly different numerical results due to floating-point round-off errors from different computation orders. To turn them off, set the environment variable `TF_ENABLE_ONEDNN_OPTS=0`.
2025-09-17 08:33:42.999929: I tensorflow/core/platform/cpu_feature_guard.cc:182] This TensorFlow binary is optimized to use available CPU instructions in performance-critical operations.
To enable the following instructions: AVX2 AVX_VNNI FMA, in other operations, rebuild TensorFlow with the appropriate compiler flags.
2025-09-17 08:33:43.427171: W tensorflow/compiler/tf2tensorrt/utils/py_utils.cc:38] TF-TRT Warning: Could not find TensorRT
2025-09-17 08:33:43.821685: I tensorflow/compiler/xla/stream_executor/cuda/cuda_gpu_executor.cc:981] could not open file to read NUMA node: /sys/bus/pci/devices/0000:01:00.0/numa_node
Your kernel may have been built without NUMA support.
2025-09-17 08:33:43.841359: I tensorflow/compiler/xla/stream_executor/cuda/cuda_gpu_executor.cc:981] could not open file to read NUMA node: /sys/bus/pci/devices/0000:01:00.0/numa_node
Your kernel may have been built without NUMA support.
2025-09-17 08:33:43.841461: I tensorflow/compiler/xla/stream_executor/cuda/cuda_gpu_executor.cc:981] could not open file to read NUMA node: /sys/bus/pci/devices/0000:01:00.0/numa_node
Your kernel may have been built without NUMA support.
2025-09-17 08:33:43.842575: I tensorflow/compiler/xla/stream_executor/cuda/cuda_gpu_executor.cc:981] could not open file to read NUMA node: /sys/bus/pci/devices/0000:01:00.0/numa_node
Your kernel may have been built without NUMA support.
2025-09-17 08:33:43.842639: I tensorflow/compiler/xla/stream_executor/cuda/cuda_gpu_executor.cc:981] could not open file to read NUMA node: /sys/bus/pci/devices/0000:01:00.0/numa_node
Your kernel may have been built without NUMA support.
2025-09-17 08:33:43.842660: I tensorflow/compiler/xla/stream_executor/cuda/cuda_gpu_executor.cc:981] could not open file to read NUMA node: /sys/bus/pci/devices/0000:01:00.0/numa_node
Your kernel may have been built without NUMA support.
2025-09-17 08:33:43.934854: I tensorflow/compiler/xla/stream_executor/cuda/cuda_gpu_executor.cc:981] could not open file to read NUMA node: /sys/bus/pci/devices/0000:01:00.0/numa_node
Your kernel may have been built without NUMA support.
2025-09-17 08:33:43.934988: I tensorflow/compiler/xla/stream_executor/cuda/cuda_gpu_executor.cc:981] could not open file to read NUMA node: /sys/bus/pci/devices/0000:01:00.0/numa_node
Your kernel may have been built without NUMA support.
2025-09-17 08:33:43.935010: I tensorflow/core/common_runtime/gpu/gpu_device.cc:1726] Could not identify NUMA node of platform GPU id 0, defaulting to 0.  Your kernel may not have been built with NUMA support.
2025-09-17 08:33:43.935040: I tensorflow/compiler/xla/stream_executor/cuda/cuda_gpu_executor.cc:981] could not open file to read NUMA node: /sys/bus/pci/devices/0000:01:00.0/numa_node
Your kernel may have been built without NUMA support.
2025-09-17 08:33:43.935062: I tensorflow/core/common_runtime/gpu/gpu_device.cc:1639] Created device /job:localhost/replica:0/task:0/device:GPU:0 with 9517 MB memory:  -> device: 0, name: NVIDIA GeForce RTX 4070 SUPER, pci bus id: 0000:01:00.0, compute capability: 8.9
GPU detected: 1 physical, 1 logical -> ['/device:GPU:0']
Config: batch=16, accumulate_steps=8 -> effective_batch=128
Loaded (1276, 36, 75) (1276,)
Using mask channel "occlusion_flag" from long_raw (index 7)
Model: "cnn_bilstm_attn_masked"
__________________________________________________________________________________________________
 Layer (type)                Output Shape                 Param #   Connected to                  
==================================================================================================
 input (InputLayer)          [(None, 36, 75)]             0         []                            
                                                                                                  
 permute_time_features (Per  (None, 75, 36)               0         ['input[0][0]']               
 mute)                                                                                            
                                                                                                  
 conv0 (Conv1D)              (None, 75, 64)               6976      ['permute_time_features[0][0]'
                                                                    ]                             
                                                                                                  
 bn0 (BatchNormalization)    (None, 75, 64)               256       ['conv0[0][0]']               
                                                                                                  
 act0 (Activation)           (None, 75, 64)               0         ['bn0[0][0]']                 
                                                                                                  
 conv_dropout0 (Dropout)     (None, 75, 64)               0         ['act0[0][0]']                
                                                                                                  
 conv1 (Conv1D)              (None, 75, 64)               20544     ['conv_dropout0[0][0]']       
                                                                                                  
 bn1 (BatchNormalization)    (None, 75, 64)               256       ['conv1[0][0]']               
                                                                                                  
 act1 (Activation)           (None, 75, 64)               0         ['bn1[0][0]']                 
                                                                                                  
 conv_dropout1 (Dropout)     (None, 75, 64)               0         ['act1[0][0]']                
                                                                                                  
 conv2 (Conv1D)              (None, 75, 64)               12352     ['conv_dropout1[0][0]']       
                                                                                                  
 bn2 (BatchNormalization)    (None, 75, 64)               256       ['conv2[0][0]']               
                                                                                                  
 act2 (Activation)           (None, 75, 64)               0         ['bn2[0][0]']                 
                                                                                                  
 conv_dropout2 (Dropout)     (None, 75, 64)               0         ['act2[0][0]']                
                                                                                                  
 bilstm (Bidirectional)      (None, 75, 128)              66048     ['conv_dropout2[0][0]']       
                                                                                                  
 mlp_attn_u (Dense)          (None, 75, 32)               4128      ['bilstm[0][0]']              
                                                                                                  
 mlp_attn_score (Dense)      (None, 75, 1)                33        ['mlp_attn_u[0][0]']          
                                                                                                  
 mlp_attn_squeeze (Lambda)   (None, 75)                   0         ['mlp_attn_score[0][0]']      
                                                                                                  
 attn_mask (InputLayer)      [(None, 75)]                 0         []                            
                                                                                                  
 mlp_attn_apply_mask (Lambd  (None, 75)                   0         ['mlp_attn_squeeze[0][0]',    
 a)                                                                  'attn_mask[0][0]']           
                                                                                                  
 mlp_attn_softmax (Lambda)   (None, 75)                   0         ['mlp_attn_apply_mask[0][0]'] 
                                                                                                  
 mlp_attn_expand (Lambda)    (None, 75, 1)                0         ['mlp_attn_softmax[0][0]']    
                                                                                                  
 mlp_attn_weighted (Lambda)  (None, 128)                  0         ['bilstm[0][0]',              
                                                                     'mlp_attn_expand[0][0]']     
                                                                                                  
 fc1 (Dense)                 (None, 64)                   8256      ['mlp_attn_weighted[0][0]']   
                                                                                                  
 fc_dropout (Dropout)        (None, 64)                   0         ['fc1[0][0]']                 
                                                                                                  
 out (Dense)                 (None, 1)                    65        ['fc_dropout[0][0]']          
                                                                                                  
==================================================================================================
Total params: 119171 (465.51 KB)
Trainable params: 118786 (464.01 KB)
Non-trainable params: 385 (1.50 KB)
__________________________________________________________________________________________________
None
Writing results to /home/user/projects/train/model/long_window/CNN_BiLSTM/result_focal_refine/cw04_fg04/01
Curriculum: set focal gamma = 0.0000 (epoch 1)
Epoch 1/70
2025-09-17 08:33:48.660575: I tensorflow/compiler/xla/stream_executor/cuda/cuda_dnn.cc:432] Loaded cuDNN version 8600
2025-09-17 08:33:48.744643: I tensorflow/tsl/platform/default/subprocess.cc:304] Start cannot spawn child process: No such file or directory
2025-09-17 08:33:48.891863: I tensorflow/compiler/xla/stream_executor/cuda/cuda_blas.cc:606] TensorFloat-32 will be used for the matrix multiplication. This will only be logged once.
2025-09-17 08:33:49.217162: I tensorflow/compiler/xla/service/service.cc:168] XLA service 0x610e215c04b0 initialized for platform CUDA (this does not guarantee that XLA will be used). Devices:
2025-09-17 08:33:49.217214: I tensorflow/compiler/xla/service/service.cc:176]   StreamExecutor device (0): NVIDIA GeForce RTX 4070 SUPER, Compute Capability 8.9
2025-09-17 08:33:49.220464: I tensorflow/compiler/mlir/tensorflow/utils/dump_mlir_util.cc:255] disabling MLIR crash reproducer, set env var `MLIR_CRASH_REPRODUCER_DIRECTORY` to enable.
2025-09-17 08:33:49.273795: I tensorflow/tsl/platform/default/subprocess.cc:304] Start cannot spawn child process: No such file or directory
2025-09-17 08:33:49.310018: I ./tensorflow/compiler/jit/device_compiler.h:186] Compiled cluster using XLA!  This line is logged at most once for the lifetime of the process.
56/56 - 7s - loss: 0.2834 - auc: 0.4994 - val_loss: 0.3160 - val_auc: 0.5803 - val_auc_custom: 0.5834 - val_f1_custom: 0.0000e+00 - val_recall_custom: 0.0000e+00 - 7s/epoch - 127ms/step
Curriculum: set focal gamma = 0.0842 (epoch 2)
Epoch 2/70
56/56 - 1s - loss: 0.2229 - auc: 0.5645 - val_loss: 0.2594 - val_auc: 0.5769 - val_auc_custom: 0.5753 - val_f1_custom: 0.0000e+00 - val_recall_custom: 0.0000e+00 - 1s/epoch - 21ms/step
Curriculum: set focal gamma = 0.1684 (epoch 3)
Epoch 3/70
56/56 - 1s - loss: 0.2068 - auc: 0.5836 - val_loss: 0.2330 - val_auc: 0.5733 - val_auc_custom: 0.5738 - val_f1_custom: 0.0000e+00 - val_recall_custom: 0.0000e+00 - 1s/epoch - 21ms/step
Curriculum: set focal gamma = 0.2526 (epoch 4)
Epoch 4/70
56/56 - 1s - loss: 0.1926 - auc: 0.6239 - val_loss: 0.2190 - val_auc: 0.5811 - val_auc_custom: 0.5806 - val_f1_custom: 0.0000e+00 - val_recall_custom: 0.0000e+00 - 1s/epoch - 22ms/step
Curriculum: set focal gamma = 0.3368 (epoch 5)
Epoch 5/70
56/56 - 1s - loss: 0.1784 - auc: 0.6296 - val_loss: 0.2060 - val_auc: 0.5870 - val_auc_custom: 0.5857 - val_f1_custom: 0.0000e+00 - val_recall_custom: 0.0000e+00 - 1s/epoch - 22ms/step
Curriculum: set focal gamma = 0.4211 (epoch 6)
Epoch 6/70
56/56 - 1s - loss: 0.1693 - auc: 0.6285 - val_loss: 0.1949 - val_auc: 0.5813 - val_auc_custom: 0.5811 - val_f1_custom: 0.0000e+00 - val_recall_custom: 0.0000e+00 - 1s/epoch - 21ms/step
Curriculum: set focal gamma = 0.5053 (epoch 7)
Epoch 7/70
56/56 - 1s - loss: 0.1591 - auc: 0.6339 - val_loss: 0.1847 - val_auc: 0.5862 - val_auc_custom: 0.5862 - val_f1_custom: 0.0000e+00 - val_recall_custom: 0.0000e+00 - 1s/epoch - 20ms/step
Curriculum: set focal gamma = 0.5895 (epoch 8)
Epoch 8/70
56/56 - 1s - loss: 0.1493 - auc: 0.6443 - val_loss: 0.1755 - val_auc: 0.5799 - val_auc_custom: 0.5824 - val_f1_custom: 0.0000e+00 - val_recall_custom: 0.0000e+00 - 1s/epoch - 20ms/step
Curriculum: set focal gamma = 0.6737 (epoch 9)
Epoch 9/70
56/56 - 1s - loss: 0.1405 - auc: 0.6485 - val_loss: 0.1667 - val_auc: 0.5794 - val_auc_custom: 0.5769 - val_f1_custom: 0.0727 - val_recall_custom: 0.0377 - 1s/epoch - 20ms/step
Curriculum: set focal gamma = 0.7579 (epoch 10)
Epoch 10/70
56/56 - 1s - loss: 0.1309 - auc: 0.6644 - val_loss: 0.1569 - val_auc: 0.5765 - val_auc_custom: 0.5753 - val_f1_custom: 0.0727 - val_recall_custom: 0.0377 - 1s/epoch - 21ms/step
Curriculum: set focal gamma = 0.8421 (epoch 11)
Epoch 11/70
56/56 - 1s - loss: 0.1236 - auc: 0.6699 - val_loss: 0.1485 - val_auc: 0.5789 - val_auc_custom: 0.5766 - val_f1_custom: 0.1071 - val_recall_custom: 0.0566 - 1s/epoch - 21ms/step
Curriculum: set focal gamma = 0.9263 (epoch 12)
Epoch 12/70
56/56 - 1s - loss: 0.1163 - auc: 0.6751 - val_loss: 0.1400 - val_auc: 0.5849 - val_auc_custom: 0.5872 - val_f1_custom: 0.1404 - val_recall_custom: 0.0755 - 1s/epoch - 20ms/step
Curriculum: set focal gamma = 1.0105 (epoch 13)
Epoch 13/70
56/56 - 1s - loss: 0.1077 - auc: 0.7030 - val_loss: 0.1311 - val_auc: 0.5962 - val_auc_custom: 0.5982 - val_f1_custom: 0.1724 - val_recall_custom: 0.0943 - 1s/epoch - 22ms/step
Curriculum: set focal gamma = 1.0947 (epoch 14)
Epoch 14/70
56/56 - 1s - loss: 0.1017 - auc: 0.6954 - val_loss: 0.1233 - val_auc: 0.6064 - val_auc_custom: 0.6060 - val_f1_custom: 0.1695 - val_recall_custom: 0.0943 - 1s/epoch - 23ms/step
Curriculum: set focal gamma = 1.1789 (epoch 15)
Epoch 15/70
56/56 - 1s - loss: 0.0950 - auc: 0.7125 - val_loss: 0.1168 - val_auc: 0.6177 - val_auc_custom: 0.6179 - val_f1_custom: 0.1967 - val_recall_custom: 0.1132 - 1s/epoch - 22ms/step
Curriculum: set focal gamma = 1.2632 (epoch 16)
Epoch 16/70
56/56 - 1s - loss: 0.0902 - auc: 0.7102 - val_loss: 0.1102 - val_auc: 0.6278 - val_auc_custom: 0.6274 - val_f1_custom: 0.1935 - val_recall_custom: 0.1132 - 1s/epoch - 22ms/step
Curriculum: set focal gamma = 1.3474 (epoch 17)
Epoch 17/70
56/56 - 1s - loss: 0.0844 - auc: 0.7256 - val_loss: 0.1030 - val_auc: 0.6374 - val_auc_custom: 0.6382 - val_f1_custom: 0.1667 - val_recall_custom: 0.0943 - 1s/epoch - 22ms/step
Curriculum: set focal gamma = 1.4316 (epoch 18)
Epoch 18/70
56/56 - 1s - loss: 0.0794 - auc: 0.7233 - val_loss: 0.0979 - val_auc: 0.6428 - val_auc_custom: 0.6430 - val_f1_custom: 0.1935 - val_recall_custom: 0.1132 - 1s/epoch - 22ms/step
Curriculum: set focal gamma = 1.5158 (epoch 19)
Epoch 19/70
56/56 - 1s - loss: 0.0732 - auc: 0.7536 - val_loss: 0.0925 - val_auc: 0.6467 - val_auc_custom: 0.6496 - val_f1_custom: 0.2388 - val_recall_custom: 0.1509 - 1s/epoch - 21ms/step
Curriculum: set focal gamma = 1.6000 (epoch 20)
Epoch 20/70
56/56 - 1s - loss: 0.0683 - auc: 0.7667 - val_loss: 0.0866 - val_auc: 0.6653 - val_auc_custom: 0.6674 - val_f1_custom: 0.2647 - val_recall_custom: 0.1698 - 1s/epoch - 23ms/step
Curriculum: set focal gamma = 1.6000 (epoch 21)
Epoch 21/70
56/56 - 1s - loss: 0.0679 - auc: 0.7680 - val_loss: 0.0876 - val_auc: 0.6699 - val_auc_custom: 0.6707 - val_f1_custom: 0.3288 - val_recall_custom: 0.2264 - 1s/epoch - 22ms/step
Curriculum: set focal gamma = 1.6000 (epoch 22)
Epoch 22/70
56/56 - 1s - loss: 0.0666 - auc: 0.7768 - val_loss: 0.0862 - val_auc: 0.6834 - val_auc_custom: 0.6820 - val_f1_custom: 0.3056 - val_recall_custom: 0.2075 - 1s/epoch - 22ms/step
Curriculum: set focal gamma = 1.6000 (epoch 23)
Epoch 23/70
56/56 - 1s - loss: 0.0677 - auc: 0.7701 - val_loss: 0.0870 - val_auc: 0.6849 - val_auc_custom: 0.6863 - val_f1_custom: 0.3288 - val_recall_custom: 0.2264 - 1s/epoch - 22ms/step
Curriculum: set focal gamma = 1.6000 (epoch 24)
Epoch 24/70
56/56 - 1s - loss: 0.0667 - auc: 0.7779 - val_loss: 0.0878 - val_auc: 0.6969 - val_auc_custom: 0.6981 - val_f1_custom: 0.4051 - val_recall_custom: 0.3019 - 1s/epoch - 22ms/step
Curriculum: set focal gamma = 1.6000 (epoch 25)
Epoch 25/70
56/56 - 1s - loss: 0.0662 - auc: 0.7845 - val_loss: 0.0890 - val_auc: 0.7014 - val_auc_custom: 0.7026 - val_f1_custom: 0.4337 - val_recall_custom: 0.3396 - 1s/epoch - 23ms/step
Curriculum: set focal gamma = 1.6000 (epoch 26)
Epoch 26/70
56/56 - 1s - loss: 0.0641 - auc: 0.7995 - val_loss: 0.0873 - val_auc: 0.7059 - val_auc_custom: 0.7064 - val_f1_custom: 0.4146 - val_recall_custom: 0.3208 - 1s/epoch - 23ms/step
Curriculum: set focal gamma = 1.6000 (epoch 27)
Epoch 27/70
56/56 - 1s - loss: 0.0642 - auc: 0.7999 - val_loss: 0.0870 - val_auc: 0.7126 - val_auc_custom: 0.7119 - val_f1_custom: 0.4773 - val_recall_custom: 0.3962 - 1s/epoch - 22ms/step
Curriculum: set focal gamma = 1.6000 (epoch 28)
Epoch 28/70
56/56 - 1s - loss: 0.0632 - auc: 0.8073 - val_loss: 0.0881 - val_auc: 0.7033 - val_auc_custom: 0.7047 - val_f1_custom: 0.4337 - val_recall_custom: 0.3396 - 1s/epoch - 22ms/step
Curriculum: set focal gamma = 1.6000 (epoch 29)
Epoch 29/70
56/56 - 1s - loss: 0.0608 - auc: 0.8282 - val_loss: 0.0897 - val_auc: 0.7009 - val_auc_custom: 0.6994 - val_f1_custom: 0.4828 - val_recall_custom: 0.3962 - 1s/epoch - 21ms/step
Curriculum: set focal gamma = 1.6000 (epoch 30)
Epoch 30/70
56/56 - 1s - loss: 0.0622 - auc: 0.8171 - val_loss: 0.0912 - val_auc: 0.7049 - val_auc_custom: 0.7047 - val_f1_custom: 0.5055 - val_recall_custom: 0.4340 - 1s/epoch - 21ms/step
Curriculum: set focal gamma = 1.6000 (epoch 31)
Epoch 31/70
56/56 - 1s - loss: 0.0604 - auc: 0.8321 - val_loss: 0.0907 - val_auc: 0.7062 - val_auc_custom: 0.7074 - val_f1_custom: 0.5217 - val_recall_custom: 0.4528 - 1s/epoch - 21ms/step
Curriculum: set focal gamma = 1.6000 (epoch 32)
Epoch 32/70
56/56 - 1s - loss: 0.0603 - auc: 0.8295 - val_loss: 0.0936 - val_auc: 0.7057 - val_auc_custom: 0.7057 - val_f1_custom: 0.5545 - val_recall_custom: 0.5283 - 1s/epoch - 22ms/step
Curriculum: set focal gamma = 1.6000 (epoch 33)
Epoch 33/70
56/56 - 1s - loss: 0.0593 - auc: 0.8352 - val_loss: 0.0898 - val_auc: 0.7131 - val_auc_custom: 0.7125 - val_f1_custom: 0.4651 - val_recall_custom: 0.3774 - 1s/epoch - 22ms/step
Curriculum: set focal gamma = 1.6000 (epoch 34)
Epoch 34/70
56/56 - 1s - loss: 0.0587 - auc: 0.8419 - val_loss: 0.0892 - val_auc: 0.7153 - val_auc_custom: 0.7157 - val_f1_custom: 0.4706 - val_recall_custom: 0.3774 - 1s/epoch - 22ms/step
Curriculum: set focal gamma = 1.6000 (epoch 35)
Epoch 35/70
56/56 - 1s - loss: 0.0595 - auc: 0.8352 - val_loss: 0.1055 - val_auc: 0.6829 - val_auc_custom: 0.6815 - val_f1_custom: 0.6018 - val_recall_custom: 0.6415 - 1s/epoch - 20ms/step
Curriculum: set focal gamma = 1.6000 (epoch 36)
Epoch 36/70
56/56 - 1s - loss: 0.0574 - auc: 0.8523 - val_loss: 0.0909 - val_auc: 0.7127 - val_auc_custom: 0.7114 - val_f1_custom: 0.4884 - val_recall_custom: 0.3962 - 1s/epoch - 21ms/step
Curriculum: set focal gamma = 1.6000 (epoch 37)
Epoch 37/70
56/56 - 1s - loss: 0.0578 - auc: 0.8520 - val_loss: 0.0982 - val_auc: 0.7044 - val_auc_custom: 0.7062 - val_f1_custom: 0.5743 - val_recall_custom: 0.5472 - 1s/epoch - 21ms/step
Curriculum: set focal gamma = 1.6000 (epoch 38)
Epoch 38/70
56/56 - 1s - loss: 0.0579 - auc: 0.8497 - val_loss: 0.0964 - val_auc: 0.7059 - val_auc_custom: 0.7059 - val_f1_custom: 0.5657 - val_recall_custom: 0.5283 - 1s/epoch - 20ms/step
Curriculum: set focal gamma = 1.6000 (epoch 39)
Epoch 39/70
56/56 - 1s - loss: 0.0556 - auc: 0.8621 - val_loss: 0.0902 - val_auc: 0.7209 - val_auc_custom: 0.7215 - val_f1_custom: 0.5000 - val_recall_custom: 0.3962 - 1s/epoch - 22ms/step
Curriculum: set focal gamma = 1.6000 (epoch 40)
Epoch 40/70
56/56 - 1s - loss: 0.0529 - auc: 0.8801 - val_loss: 0.1082 - val_auc: 0.6967 - val_auc_custom: 0.6984 - val_f1_custom: 0.5841 - val_recall_custom: 0.6226 - 1s/epoch - 21ms/step
Curriculum: set focal gamma = 1.6000 (epoch 41)
Epoch 41/70
56/56 - 1s - loss: 0.0531 - auc: 0.8763 - val_loss: 0.0932 - val_auc: 0.7119 - val_auc_custom: 0.7119 - val_f1_custom: 0.4651 - val_recall_custom: 0.3774 - 1s/epoch - 21ms/step
Curriculum: set focal gamma = 1.6000 (epoch 42)
Epoch 42/70
56/56 - 1s - loss: 0.0530 - auc: 0.8754 - val_loss: 0.1017 - val_auc: 0.6980 - val_auc_custom: 0.6976 - val_f1_custom: 0.5400 - val_recall_custom: 0.5094 - 1s/epoch - 20ms/step
Curriculum: set focal gamma = 1.6000 (epoch 43)
Epoch 43/70
56/56 - 1s - loss: 0.0526 - auc: 0.8805 - val_loss: 0.1092 - val_auc: 0.6931 - val_auc_custom: 0.6928 - val_f1_custom: 0.5660 - val_recall_custom: 0.5660 - 1s/epoch - 21ms/step
Curriculum: set focal gamma = 1.6000 (epoch 44)
Epoch 44/70
56/56 - 1s - loss: 0.0520 - auc: 0.8844 - val_loss: 0.0947 - val_auc: 0.7203 - val_auc_custom: 0.7187 - val_f1_custom: 0.5333 - val_recall_custom: 0.4528 - 1s/epoch - 20ms/step
Curriculum: set focal gamma = 1.6000 (epoch 45)
Epoch 45/70
56/56 - 1s - loss: 0.0509 - auc: 0.8843 - val_loss: 0.1069 - val_auc: 0.7067 - val_auc_custom: 0.7067 - val_f1_custom: 0.5631 - val_recall_custom: 0.5472 - 1s/epoch - 21ms/step
Curriculum: set focal gamma = 1.6000 (epoch 46)
Epoch 46/70
56/56 - 1s - loss: 0.0511 - auc: 0.8859 - val_loss: 0.1028 - val_auc: 0.7133 - val_auc_custom: 0.7135 - val_f1_custom: 0.5714 - val_recall_custom: 0.5283 - 1s/epoch - 21ms/step
Curriculum: set focal gamma = 1.6000 (epoch 47)
Epoch 47/70
56/56 - 1s - loss: 0.0512 - auc: 0.8872 - val_loss: 0.1066 - val_auc: 0.7191 - val_auc_custom: 0.7200 - val_f1_custom: 0.6214 - val_recall_custom: 0.6038 - 1s/epoch - 21ms/step
Curriculum: set focal gamma = 1.6000 (epoch 48)
Epoch 48/70
56/56 - 1s - loss: 0.0482 - auc: 0.9020 - val_loss: 0.1149 - val_auc: 0.7204 - val_auc_custom: 0.7205 - val_f1_custom: 0.5965 - val_recall_custom: 0.6415 - 1s/epoch - 20ms/step
Curriculum: set focal gamma = 1.6000 (epoch 49)
Epoch 49/70
56/56 - 1s - loss: 0.0521 - auc: 0.8832 - val_loss: 0.1029 - val_auc: 0.7332 - val_auc_custom: 0.7331 - val_f1_custom: 0.5882 - val_recall_custom: 0.5660 - 1s/epoch - 23ms/step
Curriculum: set focal gamma = 1.6000 (epoch 50)
Epoch 50/70
56/56 - 1s - loss: 0.0481 - auc: 0.9006 - val_loss: 0.1123 - val_auc: 0.7356 - val_auc_custom: 0.7361 - val_f1_custom: 0.6140 - val_recall_custom: 0.6604 - 1s/epoch - 22ms/step
Curriculum: set focal gamma = 1.6000 (epoch 51)
Epoch 51/70
56/56 - 1s - loss: 0.0432 - auc: 0.9285 - val_loss: 0.1043 - val_auc: 0.7382 - val_auc_custom: 0.7384 - val_f1_custom: 0.5905 - val_recall_custom: 0.5849 - 1s/epoch - 22ms/step
Curriculum: set focal gamma = 1.6000 (epoch 52)
Epoch 52/70
56/56 - 1s - loss: 0.0446 - auc: 0.9193 - val_loss: 0.1058 - val_auc: 0.7380 - val_auc_custom: 0.7376 - val_f1_custom: 0.6226 - val_recall_custom: 0.6226 - 1s/epoch - 21ms/step
Curriculum: set focal gamma = 1.6000 (epoch 53)
Epoch 53/70
56/56 - 1s - loss: 0.0449 - auc: 0.9123 - val_loss: 0.1051 - val_auc: 0.7382 - val_auc_custom: 0.7384 - val_f1_custom: 0.5657 - val_recall_custom: 0.5283 - 1s/epoch - 20ms/step
Curriculum: set focal gamma = 1.6000 (epoch 54)
Epoch 54/70
56/56 - 1s - loss: 0.0438 - auc: 0.9185 - val_loss: 0.1245 - val_auc: 0.7309 - val_auc_custom: 0.7313 - val_f1_custom: 0.6316 - val_recall_custom: 0.6792 - 1s/epoch - 20ms/step
Curriculum: set focal gamma = 1.6000 (epoch 55)
Epoch 55/70
56/56 - 1s - loss: 0.0446 - auc: 0.9185 - val_loss: 0.1513 - val_auc: 0.7006 - val_auc_custom: 0.7021 - val_f1_custom: 0.5854 - val_recall_custom: 0.6792 - 1s/epoch - 20ms/step
Curriculum: set focal gamma = 1.6000 (epoch 56)
Epoch 56/70
56/56 - 1s - loss: 0.0439 - auc: 0.9183 - val_loss: 0.1236 - val_auc: 0.7146 - val_auc_custom: 0.7147 - val_f1_custom: 0.6038 - val_recall_custom: 0.6038 - 1s/epoch - 20ms/step
Curriculum: set focal gamma = 1.6000 (epoch 57)
Epoch 57/70
56/56 - 1s - loss: 0.0464 - auc: 0.9078 - val_loss: 0.1504 - val_auc: 0.7113 - val_auc_custom: 0.7119 - val_f1_custom: 0.5785 - val_recall_custom: 0.6604 - 1s/epoch - 20ms/step
Curriculum: set focal gamma = 1.6000 (epoch 58)
Epoch 58/70
56/56 - 1s - loss: 0.0449 - auc: 0.9159 - val_loss: 0.1207 - val_auc: 0.7199 - val_auc_custom: 0.7213 - val_f1_custom: 0.5714 - val_recall_custom: 0.5660 - 1s/epoch - 22ms/step
Curriculum: set focal gamma = 1.6000 (epoch 59)
Epoch 59/70
56/56 - 1s - loss: 0.0446 - auc: 0.9194 - val_loss: 0.1163 - val_auc: 0.7209 - val_auc_custom: 0.7223 - val_f1_custom: 0.5686 - val_recall_custom: 0.5472 - 1s/epoch - 20ms/step
Curriculum: set focal gamma = 1.6000 (epoch 60)
Epoch 60/70
56/56 - 1s - loss: 0.0412 - auc: 0.9297 - val_loss: 0.1105 - val_auc: 0.7338 - val_auc_custom: 0.7338 - val_f1_custom: 0.5686 - val_recall_custom: 0.5472 - 1s/epoch - 20ms/step
Curriculum: set focal gamma = 1.6000 (epoch 61)
Epoch 61/70
56/56 - 1s - loss: 0.0432 - auc: 0.9223 - val_loss: 0.1295 - val_auc: 0.7275 - val_auc_custom: 0.7384 - val_f1_custom: 0.5905 - val_recall_custom: 0.5849 - 1s/epoch - 20ms/step
Mask config -> mode=soft, threshold=0.6, window_gate=None
Done. Results saved to /home/user/projects/train/model/long_window/CNN_BiLSTM/result_focal_refine/cw04_fg04/01
