2025-09-22 02:31:59.205074: I tensorflow/core/util/port.cc:110] oneDNN custom operations are on. You may see slightly different numerical results due to floating-point round-off errors from different computation orders. To turn them off, set the environment variable `TF_ENABLE_ONEDNN_OPTS=0`.
2025-09-22 02:31:59.233859: I tensorflow/core/platform/cpu_feature_guard.cc:182] This TensorFlow binary is optimized to use available CPU instructions in performance-critical operations.
To enable the following instructions: AVX2 AVX_VNNI FMA, in other operations, rebuild TensorFlow with the appropriate compiler flags.
2025-09-22 02:31:59.639388: W tensorflow/compiler/tf2tensorrt/utils/py_utils.cc:38] TF-TRT Warning: Could not find TensorRT
2025-09-22 02:32:00.056002: I tensorflow/compiler/xla/stream_executor/cuda/cuda_gpu_executor.cc:981] could not open file to read NUMA node: /sys/bus/pci/devices/0000:01:00.0/numa_node
Your kernel may have been built without NUMA support.
2025-09-22 02:32:00.076143: I tensorflow/compiler/xla/stream_executor/cuda/cuda_gpu_executor.cc:981] could not open file to read NUMA node: /sys/bus/pci/devices/0000:01:00.0/numa_node
Your kernel may have been built without NUMA support.
2025-09-22 02:32:00.076260: I tensorflow/compiler/xla/stream_executor/cuda/cuda_gpu_executor.cc:981] could not open file to read NUMA node: /sys/bus/pci/devices/0000:01:00.0/numa_node
Your kernel may have been built without NUMA support.
2025-09-22 02:32:00.077190: I tensorflow/compiler/xla/stream_executor/cuda/cuda_gpu_executor.cc:981] could not open file to read NUMA node: /sys/bus/pci/devices/0000:01:00.0/numa_node
Your kernel may have been built without NUMA support.
2025-09-22 02:32:00.077248: I tensorflow/compiler/xla/stream_executor/cuda/cuda_gpu_executor.cc:981] could not open file to read NUMA node: /sys/bus/pci/devices/0000:01:00.0/numa_node
Your kernel may have been built without NUMA support.
2025-09-22 02:32:00.077269: I tensorflow/compiler/xla/stream_executor/cuda/cuda_gpu_executor.cc:981] could not open file to read NUMA node: /sys/bus/pci/devices/0000:01:00.0/numa_node
Your kernel may have been built without NUMA support.
2025-09-22 02:32:00.169781: I tensorflow/compiler/xla/stream_executor/cuda/cuda_gpu_executor.cc:981] could not open file to read NUMA node: /sys/bus/pci/devices/0000:01:00.0/numa_node
Your kernel may have been built without NUMA support.
2025-09-22 02:32:00.169909: I tensorflow/compiler/xla/stream_executor/cuda/cuda_gpu_executor.cc:981] could not open file to read NUMA node: /sys/bus/pci/devices/0000:01:00.0/numa_node
Your kernel may have been built without NUMA support.
2025-09-22 02:32:00.169922: I tensorflow/core/common_runtime/gpu/gpu_device.cc:1726] Could not identify NUMA node of platform GPU id 0, defaulting to 0.  Your kernel may not have been built with NUMA support.
2025-09-22 02:32:00.169949: I tensorflow/compiler/xla/stream_executor/cuda/cuda_gpu_executor.cc:981] could not open file to read NUMA node: /sys/bus/pci/devices/0000:01:00.0/numa_node
Your kernel may have been built without NUMA support.
2025-09-22 02:32:00.169973: I tensorflow/core/common_runtime/gpu/gpu_device.cc:1639] Created device /job:localhost/replica:0/task:0/device:GPU:0 with 9517 MB memory:  -> device: 0, name: NVIDIA GeForce RTX 4070 SUPER, pci bus id: 0000:01:00.0, compute capability: 8.9
[feature_check] OK: train/test feature_list identical (n=36)
GPU detected: 1 physical, 1 logical -> ['/device:GPU:0']
Config: batch=16, accumulate_steps=8 -> effective_batch=128
Loaded (for internal train/val)  (1276, 36, 75) (1276,)
Loaded EXTERNAL TEST: (354, 36, 75) from /home/user/projects/train/test_data/slipce/windows_npz.npz
[mask] windows_npz.npz using occlusion_flag ch=7
[mask] windows_npz.npz using occlusion_flag ch=7
Model: "cnn_bilstm_attn_masked"
__________________________________________________________________________________________________
 Layer (type)                Output Shape                 Param #   Connected to                  
==================================================================================================
 input (InputLayer)          [(None, 36, 75)]             0         []                            
                                                                                                  
 permute_time_features (Per  (None, 75, 36)               0         ['input[0][0]']               
 mute)                                                                                            
                                                                                                  
 conv0 (Conv1D)              (None, 75, 64)               6976      ['permute_time_features[0][0]'
                                                                    ]                             
                                                                                                  
 bn0 (BatchNormalization)    (None, 75, 64)               256       ['conv0[0][0]']               
                                                                                                  
 act0 (Activation)           (None, 75, 64)               0         ['bn0[0][0]']                 
                                                                                                  
 conv_dropout0 (Dropout)     (None, 75, 64)               0         ['act0[0][0]']                
                                                                                                  
 conv1 (Conv1D)              (None, 75, 64)               20544     ['conv_dropout0[0][0]']       
                                                                                                  
 bn1 (BatchNormalization)    (None, 75, 64)               256       ['conv1[0][0]']               
                                                                                                  
 act1 (Activation)           (None, 75, 64)               0         ['bn1[0][0]']                 
                                                                                                  
 conv_dropout1 (Dropout)     (None, 75, 64)               0         ['act1[0][0]']                
                                                                                                  
 conv2 (Conv1D)              (None, 75, 64)               12352     ['conv_dropout1[0][0]']       
                                                                                                  
 bn2 (BatchNormalization)    (None, 75, 64)               256       ['conv2[0][0]']               
                                                                                                  
 act2 (Activation)           (None, 75, 64)               0         ['bn2[0][0]']                 
                                                                                                  
 conv_dropout2 (Dropout)     (None, 75, 64)               0         ['act2[0][0]']                
                                                                                                  
 bilstm (Bidirectional)      (None, 75, 128)              66048     ['conv_dropout2[0][0]']       
                                                                                                  
 mlp_attn_u (Dense)          (None, 75, 32)               4128      ['bilstm[0][0]']              
                                                                                                  
 mlp_attn_score (Dense)      (None, 75, 1)                33        ['mlp_attn_u[0][0]']          
                                                                                                  
 mlp_attn_squeeze (Lambda)   (None, 75)                   0         ['mlp_attn_score[0][0]']      
                                                                                                  
 attn_mask (InputLayer)      [(None, 75)]                 0         []                            
                                                                                                  
 mlp_attn_apply_mask (Lambd  (None, 75)                   0         ['mlp_attn_squeeze[0][0]',    
 a)                                                                  'attn_mask[0][0]']           
                                                                                                  
 mlp_attn_softmax (Lambda)   (None, 75)                   0         ['mlp_attn_apply_mask[0][0]'] 
                                                                                                  
 mlp_attn_expand (Lambda)    (None, 75, 1)                0         ['mlp_attn_softmax[0][0]']    
                                                                                                  
 mlp_attn_weighted (Lambda)  (None, 128)                  0         ['bilstm[0][0]',              
                                                                     'mlp_attn_expand[0][0]']     
                                                                                                  
 fc1 (Dense)                 (None, 64)                   8256      ['mlp_attn_weighted[0][0]']   
                                                                                                  
 fc_dropout (Dropout)        (None, 64)                   0         ['fc1[0][0]']                 
                                                                                                  
 out (Dense)                 (None, 1)                    65        ['fc_dropout[0][0]']          
                                                                                                  
==================================================================================================
Total params: 119171 (465.51 KB)
Trainable params: 118786 (464.01 KB)
Non-trainable params: 385 (1.50 KB)
__________________________________________________________________________________________________
None
Writing results to result_multi_seed_composite_center/seed6/01
Curriculum: set focal gamma = 0.0000 (epoch 1)
Epoch 1/70
2025-09-22 02:32:05.278631: I tensorflow/compiler/xla/stream_executor/cuda/cuda_dnn.cc:432] Loaded cuDNN version 8600
2025-09-22 02:32:05.369511: I tensorflow/tsl/platform/default/subprocess.cc:304] Start cannot spawn child process: No such file or directory
2025-09-22 02:32:05.515030: I tensorflow/compiler/xla/stream_executor/cuda/cuda_blas.cc:606] TensorFloat-32 will be used for the matrix multiplication. This will only be logged once.
2025-09-22 02:32:05.821099: I tensorflow/compiler/xla/service/service.cc:168] XLA service 0x5ad229707f20 initialized for platform CUDA (this does not guarantee that XLA will be used). Devices:
2025-09-22 02:32:05.821145: I tensorflow/compiler/xla/service/service.cc:176]   StreamExecutor device (0): NVIDIA GeForce RTX 4070 SUPER, Compute Capability 8.9
2025-09-22 02:32:05.824520: I tensorflow/compiler/mlir/tensorflow/utils/dump_mlir_util.cc:255] disabling MLIR crash reproducer, set env var `MLIR_CRASH_REPRODUCER_DIRECTORY` to enable.
2025-09-22 02:32:05.880849: I tensorflow/tsl/platform/default/subprocess.cc:304] Start cannot spawn child process: No such file or directory
2025-09-22 02:32:05.916488: I ./tensorflow/compiler/jit/device_compiler.h:186] Compiled cluster using XLA!  This line is logged at most once for the lifetime of the process.
WARNING:tensorflow:Can save best model only with val_composite available, skipping.
WARNING:tensorflow:Early stopping conditioned on metric `val_composite` which is not available. Available metrics are: loss,auc,val_loss,val_auc
56/56 - 7s - loss: 0.3127 - auc: 0.5306 - val_loss: 0.3273 - val_auc: 0.6046 - val_auc_custom: 0.6046 - val_f1_custom: 0.0000e+00 - val_recall_custom: 0.0000e+00 - val_composite: 0.1209 - val_precision_aware: 0.1209 - 7s/epoch - 122ms/step
Curriculum: set focal gamma = 0.0526 (epoch 2)
Epoch 2/70
WARNING:tensorflow:Can save best model only with val_composite available, skipping.
WARNING:tensorflow:Early stopping conditioned on metric `val_composite` which is not available. Available metrics are: loss,auc,val_loss,val_auc
56/56 - 1s - loss: 0.2919 - auc: 0.5816 - val_loss: 0.3022 - val_auc: 0.6503 - val_auc_custom: 0.6522 - val_f1_custom: 0.0000e+00 - val_recall_custom: 0.0000e+00 - val_composite: 0.1304 - val_precision_aware: 0.1304 - 1s/epoch - 19ms/step
Curriculum: set focal gamma = 0.1053 (epoch 3)
Epoch 3/70
WARNING:tensorflow:Can save best model only with val_composite available, skipping.
WARNING:tensorflow:Early stopping conditioned on metric `val_composite` which is not available. Available metrics are: loss,auc,val_loss,val_auc
56/56 - 1s - loss: 0.2771 - auc: 0.6208 - val_loss: 0.2863 - val_auc: 0.6607 - val_auc_custom: 0.6609 - val_f1_custom: 0.0000e+00 - val_recall_custom: 0.0000e+00 - val_composite: 0.1322 - val_precision_aware: 0.1322 - 1s/epoch - 20ms/step
Curriculum: set focal gamma = 0.1579 (epoch 4)
Epoch 4/70
WARNING:tensorflow:Can save best model only with val_composite available, skipping.
WARNING:tensorflow:Early stopping conditioned on metric `val_composite` which is not available. Available metrics are: loss,auc,val_loss,val_auc
56/56 - 1s - loss: 0.2638 - auc: 0.6355 - val_loss: 0.2756 - val_auc: 0.6594 - val_auc_custom: 0.6584 - val_f1_custom: 0.2857 - val_recall_custom: 0.1852 - val_composite: 0.3100 - val_precision_aware: 0.5299 - 1s/epoch - 20ms/step
Curriculum: set focal gamma = 0.2105 (epoch 5)
Epoch 5/70
WARNING:tensorflow:Can save best model only with val_composite available, skipping.
WARNING:tensorflow:Early stopping conditioned on metric `val_composite` which is not available. Available metrics are: loss,auc,val_loss,val_auc
56/56 - 1s - loss: 0.2527 - auc: 0.6461 - val_loss: 0.2644 - val_auc: 0.6623 - val_auc_custom: 0.6609 - val_f1_custom: 0.3056 - val_recall_custom: 0.2037 - val_composite: 0.3257 - val_precision_aware: 0.5294 - 1s/epoch - 20ms/step
Curriculum: set focal gamma = 0.2632 (epoch 6)
Epoch 6/70
WARNING:tensorflow:Can save best model only with val_composite available, skipping.
WARNING:tensorflow:Early stopping conditioned on metric `val_composite` which is not available. Available metrics are: loss,auc,val_loss,val_auc
56/56 - 1s - loss: 0.2423 - auc: 0.6569 - val_loss: 0.2539 - val_auc: 0.6670 - val_auc_custom: 0.6669 - val_f1_custom: 0.3636 - val_recall_custom: 0.2593 - val_composite: 0.3721 - val_precision_aware: 0.5468 - 1s/epoch - 19ms/step
Curriculum: set focal gamma = 0.3158 (epoch 7)
Epoch 7/70
WARNING:tensorflow:Can save best model only with val_composite available, skipping.
WARNING:tensorflow:Early stopping conditioned on metric `val_composite` which is not available. Available metrics are: loss,auc,val_loss,val_auc
56/56 - 1s - loss: 0.2312 - auc: 0.6690 - val_loss: 0.2437 - val_auc: 0.6757 - val_auc_custom: 0.6752 - val_f1_custom: 0.3514 - val_recall_custom: 0.2407 - val_composite: 0.3608 - val_precision_aware: 0.5654 - 1s/epoch - 21ms/step
Curriculum: set focal gamma = 0.3684 (epoch 8)
Epoch 8/70
WARNING:tensorflow:Can save best model only with val_composite available, skipping.
WARNING:tensorflow:Early stopping conditioned on metric `val_composite` which is not available. Available metrics are: loss,auc,val_loss,val_auc
56/56 - 1s - loss: 0.2240 - auc: 0.6587 - val_loss: 0.2339 - val_auc: 0.6793 - val_auc_custom: 0.6799 - val_f1_custom: 0.3684 - val_recall_custom: 0.2593 - val_composite: 0.3761 - val_precision_aware: 0.5647 - 1s/epoch - 20ms/step
Curriculum: set focal gamma = 0.4211 (epoch 9)
Epoch 9/70
WARNING:tensorflow:Can save best model only with val_composite available, skipping.
WARNING:tensorflow:Early stopping conditioned on metric `val_composite` which is not available. Available metrics are: loss,auc,val_loss,val_auc
56/56 - 1s - loss: 0.2115 - auc: 0.6879 - val_loss: 0.2245 - val_auc: 0.6828 - val_auc_custom: 0.6824 - val_f1_custom: 0.3467 - val_recall_custom: 0.2407 - val_composite: 0.3609 - val_precision_aware: 0.5500 - 1s/epoch - 22ms/step
Curriculum: set focal gamma = 0.4737 (epoch 10)
Epoch 10/70
WARNING:tensorflow:Can save best model only with val_composite available, skipping.
WARNING:tensorflow:Early stopping conditioned on metric `val_composite` which is not available. Available metrics are: loss,auc,val_loss,val_auc
56/56 - 1s - loss: 0.2052 - auc: 0.6862 - val_loss: 0.2157 - val_auc: 0.6897 - val_auc_custom: 0.6884 - val_f1_custom: 0.3514 - val_recall_custom: 0.2407 - val_composite: 0.3635 - val_precision_aware: 0.5681 - 1s/epoch - 20ms/step
Curriculum: set focal gamma = 0.5263 (epoch 11)
Epoch 11/70
WARNING:tensorflow:Can save best model only with val_composite available, skipping.
WARNING:tensorflow:Early stopping conditioned on metric `val_composite` which is not available. Available metrics are: loss,auc,val_loss,val_auc
56/56 - 1s - loss: 0.1952 - auc: 0.6981 - val_loss: 0.2066 - val_auc: 0.6984 - val_auc_custom: 0.6982 - val_f1_custom: 0.3333 - val_recall_custom: 0.2222 - val_composite: 0.3508 - val_precision_aware: 0.5730 - 1s/epoch - 21ms/step
Curriculum: set focal gamma = 0.5789 (epoch 12)
Epoch 12/70
WARNING:tensorflow:Can save best model only with val_composite available, skipping.
WARNING:tensorflow:Early stopping conditioned on metric `val_composite` which is not available. Available metrics are: loss,auc,val_loss,val_auc
56/56 - 1s - loss: 0.1851 - auc: 0.7202 - val_loss: 0.1977 - val_auc: 0.7070 - val_auc_custom: 0.7080 - val_f1_custom: 0.3143 - val_recall_custom: 0.2037 - val_composite: 0.3377 - val_precision_aware: 0.5796 - 1s/epoch - 22ms/step
Curriculum: set focal gamma = 0.6316 (epoch 13)
Epoch 13/70
WARNING:tensorflow:Can save best model only with val_composite available, skipping.
WARNING:tensorflow:Early stopping conditioned on metric `val_composite` which is not available. Available metrics are: loss,auc,val_loss,val_auc
56/56 - 1s - loss: 0.1762 - auc: 0.7231 - val_loss: 0.1886 - val_auc: 0.7212 - val_auc_custom: 0.7245 - val_f1_custom: 0.3662 - val_recall_custom: 0.2407 - val_composite: 0.3751 - val_precision_aware: 0.6371 - 1s/epoch - 22ms/step
Curriculum: set focal gamma = 0.6842 (epoch 14)
Epoch 14/70
WARNING:tensorflow:Can save best model only with val_composite available, skipping.
WARNING:tensorflow:Early stopping conditioned on metric `val_composite` which is not available. Available metrics are: loss,auc,val_loss,val_auc
56/56 - 1s - loss: 0.1666 - auc: 0.7415 - val_loss: 0.1804 - val_auc: 0.7280 - val_auc_custom: 0.7285 - val_f1_custom: 0.4359 - val_recall_custom: 0.3148 - val_composite: 0.4339 - val_precision_aware: 0.6306 - 1s/epoch - 21ms/step
Curriculum: set focal gamma = 0.7368 (epoch 15)
Epoch 15/70
WARNING:tensorflow:Can save best model only with val_composite available, skipping.
WARNING:tensorflow:Early stopping conditioned on metric `val_composite` which is not available. Available metrics are: loss,auc,val_loss,val_auc
56/56 - 1s - loss: 0.1577 - auc: 0.7603 - val_loss: 0.1716 - val_auc: 0.7400 - val_auc_custom: 0.7395 - val_f1_custom: 0.5000 - val_recall_custom: 0.3889 - val_composite: 0.4923 - val_precision_aware: 0.6479 - 1s/epoch - 20ms/step
Curriculum: set focal gamma = 0.7895 (epoch 16)
Epoch 16/70
WARNING:tensorflow:Can save best model only with val_composite available, skipping.
WARNING:tensorflow:Early stopping conditioned on metric `val_composite` which is not available. Available metrics are: loss,auc,val_loss,val_auc
56/56 - 1s - loss: 0.1542 - auc: 0.7451 - val_loss: 0.1638 - val_auc: 0.7525 - val_auc_custom: 0.7520 - val_f1_custom: 0.5301 - val_recall_custom: 0.4074 - val_composite: 0.5131 - val_precision_aware: 0.6887 - 1s/epoch - 22ms/step
Curriculum: set focal gamma = 0.8421 (epoch 17)
Epoch 17/70
WARNING:tensorflow:Can save best model only with val_composite available, skipping.
WARNING:tensorflow:Early stopping conditioned on metric `val_composite` which is not available. Available metrics are: loss,auc,val_loss,val_auc
56/56 - 1s - loss: 0.1414 - auc: 0.7793 - val_loss: 0.1573 - val_auc: 0.7578 - val_auc_custom: 0.7578 - val_f1_custom: 0.6526 - val_recall_custom: 0.5741 - val_composite: 0.6344 - val_precision_aware: 0.7254 - 1s/epoch - 21ms/step
Curriculum: set focal gamma = 0.8947 (epoch 18)
Epoch 18/70
WARNING:tensorflow:Can save best model only with val_composite available, skipping.
WARNING:tensorflow:Early stopping conditioned on metric `val_composite` which is not available. Available metrics are: loss,auc,val_loss,val_auc
56/56 - 1s - loss: 0.1427 - auc: 0.7548 - val_loss: 0.1532 - val_auc: 0.7604 - val_auc_custom: 0.7600 - val_f1_custom: 0.6275 - val_recall_custom: 0.5926 - val_composite: 0.6365 - val_precision_aware: 0.6736 - 1s/epoch - 20ms/step
Curriculum: set focal gamma = 0.9474 (epoch 19)
Epoch 19/70
WARNING:tensorflow:Can save best model only with val_composite available, skipping.
WARNING:tensorflow:Early stopping conditioned on metric `val_composite` which is not available. Available metrics are: loss,auc,val_loss,val_auc
56/56 - 1s - loss: 0.1305 - auc: 0.7899 - val_loss: 0.1429 - val_auc: 0.7790 - val_auc_custom: 0.7778 - val_f1_custom: 0.6207 - val_recall_custom: 0.5000 - val_composite: 0.5918 - val_precision_aware: 0.7509 - 1s/epoch - 20ms/step
Curriculum: set focal gamma = 1.0000 (epoch 20)
Epoch 20/70
WARNING:tensorflow:Can save best model only with val_composite available, skipping.
WARNING:tensorflow:Early stopping conditioned on metric `val_composite` which is not available. Available metrics are: loss,auc,val_loss,val_auc
56/56 - 1s - loss: 0.1237 - auc: 0.7958 - val_loss: 0.1390 - val_auc: 0.7779 - val_auc_custom: 0.7765 - val_f1_custom: 0.6667 - val_recall_custom: 0.6111 - val_composite: 0.6609 - val_precision_aware: 0.7220 - 1s/epoch - 20ms/step
Curriculum: set focal gamma = 1.0000 (epoch 21)
Epoch 21/70
WARNING:tensorflow:Can save best model only with val_composite available, skipping.
WARNING:tensorflow:Early stopping conditioned on metric `val_composite` which is not available. Available metrics are: loss,auc,val_loss,val_auc
56/56 - 1s - loss: 0.1245 - auc: 0.7920 - val_loss: 0.1400 - val_auc: 0.7740 - val_auc_custom: 0.7758 - val_f1_custom: 0.6263 - val_recall_custom: 0.5741 - val_composite: 0.6301 - val_precision_aware: 0.6875 - 1s/epoch - 21ms/step
Curriculum: set focal gamma = 1.0000 (epoch 22)
Epoch 22/70
WARNING:tensorflow:Can save best model only with val_composite available, skipping.
WARNING:tensorflow:Early stopping conditioned on metric `val_composite` which is not available. Available metrics are: loss,auc,val_loss,val_auc
56/56 - 1s - loss: 0.1194 - auc: 0.8198 - val_loss: 0.1384 - val_auc: 0.7778 - val_auc_custom: 0.7780 - val_f1_custom: 0.5581 - val_recall_custom: 0.4444 - val_composite: 0.5453 - val_precision_aware: 0.6980 - 1s/epoch - 20ms/step
Curriculum: set focal gamma = 1.0000 (epoch 23)
Epoch 23/70
WARNING:tensorflow:Can save best model only with val_composite available, skipping.
WARNING:tensorflow:Early stopping conditioned on metric `val_composite` which is not available. Available metrics are: loss,auc,val_loss,val_auc
56/56 - 1s - loss: 0.1247 - auc: 0.7924 - val_loss: 0.1415 - val_auc: 0.7715 - val_auc_custom: 0.7715 - val_f1_custom: 0.5122 - val_recall_custom: 0.3889 - val_composite: 0.5024 - val_precision_aware: 0.6830 - 1s/epoch - 21ms/step
Curriculum: set focal gamma = 1.0000 (epoch 24)
Epoch 24/70
WARNING:tensorflow:Can save best model only with val_composite available, skipping.
WARNING:tensorflow:Early stopping conditioned on metric `val_composite` which is not available. Available metrics are: loss,auc,val_loss,val_auc
56/56 - 1s - loss: 0.1155 - auc: 0.8286 - val_loss: 0.1388 - val_auc: 0.7825 - val_auc_custom: 0.7825 - val_f1_custom: 0.5581 - val_recall_custom: 0.4444 - val_composite: 0.5462 - val_precision_aware: 0.6989 - 1s/epoch - 19ms/step
Curriculum: set focal gamma = 1.0000 (epoch 25)
Epoch 25/70
WARNING:tensorflow:Can save best model only with val_composite available, skipping.
WARNING:tensorflow:Early stopping conditioned on metric `val_composite` which is not available. Available metrics are: loss,auc,val_loss,val_auc
56/56 - 1s - loss: 0.1156 - auc: 0.8276 - val_loss: 0.1399 - val_auc: 0.7725 - val_auc_custom: 0.7725 - val_f1_custom: 0.6087 - val_recall_custom: 0.5185 - val_composite: 0.5964 - val_precision_aware: 0.7055 - 1s/epoch - 19ms/step
Curriculum: set focal gamma = 1.0000 (epoch 26)
Epoch 26/70
WARNING:tensorflow:Can save best model only with val_composite available, skipping.
WARNING:tensorflow:Early stopping conditioned on metric `val_composite` which is not available. Available metrics are: loss,auc,val_loss,val_auc
56/56 - 1s - loss: 0.1126 - auc: 0.8394 - val_loss: 0.1421 - val_auc: 0.7799 - val_auc_custom: 0.7798 - val_f1_custom: 0.6981 - val_recall_custom: 0.6852 - val_composite: 0.7080 - val_precision_aware: 0.7212 - 1s/epoch - 20ms/step
Curriculum: set focal gamma = 1.0000 (epoch 27)
Epoch 27/70
WARNING:tensorflow:Can save best model only with val_composite available, skipping.
WARNING:tensorflow:Early stopping conditioned on metric `val_composite` which is not available. Available metrics are: loss,auc,val_loss,val_auc
56/56 - 1s - loss: 0.1137 - auc: 0.8364 - val_loss: 0.1475 - val_auc: 0.7591 - val_auc_custom: 0.7595 - val_f1_custom: 0.6476 - val_recall_custom: 0.6296 - val_composite: 0.6610 - val_precision_aware: 0.6795 - 1s/epoch - 20ms/step
Curriculum: set focal gamma = 1.0000 (epoch 28)
Epoch 28/70
WARNING:tensorflow:Can save best model only with val_composite available, skipping.
WARNING:tensorflow:Early stopping conditioned on metric `val_composite` which is not available. Available metrics are: loss,auc,val_loss,val_auc
56/56 - 1s - loss: 0.1066 - auc: 0.8606 - val_loss: 0.1431 - val_auc: 0.7730 - val_auc_custom: 0.7723 - val_f1_custom: 0.6600 - val_recall_custom: 0.6111 - val_composite: 0.6580 - val_precision_aware: 0.7112 - 1s/epoch - 21ms/step
Curriculum: set focal gamma = 1.0000 (epoch 29)
Epoch 29/70
WARNING:tensorflow:Can save best model only with val_composite available, skipping.
WARNING:tensorflow:Early stopping conditioned on metric `val_composite` which is not available. Available metrics are: loss,auc,val_loss,val_auc
56/56 - 1s - loss: 0.1130 - auc: 0.8357 - val_loss: 0.1429 - val_auc: 0.7736 - val_auc_custom: 0.7738 - val_f1_custom: 0.6105 - val_recall_custom: 0.5370 - val_composite: 0.6064 - val_precision_aware: 0.6916 - 1s/epoch - 20ms/step
Curriculum: set focal gamma = 1.0000 (epoch 30)
Epoch 30/70
WARNING:tensorflow:Can save best model only with val_composite available, skipping.
WARNING:tensorflow:Early stopping conditioned on metric `val_composite` which is not available. Available metrics are: loss,auc,val_loss,val_auc
56/56 - 1s - loss: 0.1083 - auc: 0.8481 - val_loss: 0.1467 - val_auc: 0.7698 - val_auc_custom: 0.7695 - val_f1_custom: 0.6542 - val_recall_custom: 0.6481 - val_composite: 0.6742 - val_precision_aware: 0.6804 - 1s/epoch - 20ms/step
Curriculum: set focal gamma = 1.0000 (epoch 31)
Epoch 31/70
WARNING:tensorflow:Can save best model only with val_composite available, skipping.
WARNING:tensorflow:Early stopping conditioned on metric `val_composite` which is not available. Available metrics are: loss,auc,val_loss,val_auc
56/56 - 1s - loss: 0.1088 - auc: 0.8509 - val_loss: 0.1503 - val_auc: 0.7535 - val_auc_custom: 0.7530 - val_f1_custom: 0.5714 - val_recall_custom: 0.4815 - val_composite: 0.5628 - val_precision_aware: 0.6734 - 1s/epoch - 20ms/step
Curriculum: set focal gamma = 1.0000 (epoch 32)
Epoch 32/70
WARNING:tensorflow:Can save best model only with val_composite available, skipping.
WARNING:tensorflow:Early stopping conditioned on metric `val_composite` which is not available. Available metrics are: loss,auc,val_loss,val_auc
56/56 - 1s - loss: 0.1053 - auc: 0.8615 - val_loss: 0.1522 - val_auc: 0.7585 - val_auc_custom: 0.7590 - val_f1_custom: 0.6481 - val_recall_custom: 0.6481 - val_composite: 0.6703 - val_precision_aware: 0.6703 - 1s/epoch - 20ms/step
Curriculum: set focal gamma = 1.0000 (epoch 33)
Epoch 33/70
WARNING:tensorflow:Can save best model only with val_composite available, skipping.
WARNING:tensorflow:Early stopping conditioned on metric `val_composite` which is not available. Available metrics are: loss,auc,val_loss,val_auc
56/56 - 1s - loss: 0.1032 - auc: 0.8694 - val_loss: 0.1462 - val_auc: 0.7735 - val_auc_custom: 0.7743 - val_f1_custom: 0.6602 - val_recall_custom: 0.6296 - val_composite: 0.6677 - val_precision_aware: 0.6999 - 1s/epoch - 20ms/step
Curriculum: set focal gamma = 1.0000 (epoch 34)
Epoch 34/70
WARNING:tensorflow:Can save best model only with val_composite available, skipping.
WARNING:tensorflow:Early stopping conditioned on metric `val_composite` which is not available. Available metrics are: loss,auc,val_loss,val_auc
56/56 - 1s - loss: 0.1023 - auc: 0.8704 - val_loss: 0.1510 - val_auc: 0.7601 - val_auc_custom: 0.7593 - val_f1_custom: 0.6022 - val_recall_custom: 0.5185 - val_composite: 0.5918 - val_precision_aware: 0.6915 - 1s/epoch - 20ms/step
Curriculum: set focal gamma = 1.0000 (epoch 35)
Epoch 35/70
WARNING:tensorflow:Can save best model only with val_composite available, skipping.
WARNING:tensorflow:Early stopping conditioned on metric `val_composite` which is not available. Available metrics are: loss,auc,val_loss,val_auc
56/56 - 1s - loss: 0.0992 - auc: 0.8795 - val_loss: 0.1547 - val_auc: 0.7594 - val_auc_custom: 0.7595 - val_f1_custom: 0.6337 - val_recall_custom: 0.5926 - val_composite: 0.6383 - val_precision_aware: 0.6824 - 1s/epoch - 21ms/step
Curriculum: set focal gamma = 1.0000 (epoch 36)
Epoch 36/70
WARNING:tensorflow:Can save best model only with val_composite available, skipping.
WARNING:tensorflow:Early stopping conditioned on metric `val_composite` which is not available. Available metrics are: loss,auc,val_loss,val_auc
56/56 - 1s - loss: 0.1024 - auc: 0.8672 - val_loss: 0.1542 - val_auc: 0.7700 - val_auc_custom: 0.7698 - val_f1_custom: 0.6604 - val_recall_custom: 0.6481 - val_composite: 0.6761 - val_precision_aware: 0.6886 - 1s/epoch - 21ms/step
Curriculum: set focal gamma = 1.0000 (epoch 37)
Epoch 37/70
WARNING:tensorflow:Can save best model only with val_composite available, skipping.
WARNING:tensorflow:Early stopping conditioned on metric `val_composite` which is not available. Available metrics are: loss,auc,val_loss,val_auc
56/56 - 1s - loss: 0.1017 - auc: 0.8730 - val_loss: 0.1586 - val_auc: 0.7479 - val_auc_custom: 0.7485 - val_f1_custom: 0.6337 - val_recall_custom: 0.5926 - val_composite: 0.6361 - val_precision_aware: 0.6802 - 1s/epoch - 20ms/step
Curriculum: set focal gamma = 1.0000 (epoch 38)
Epoch 38/70
WARNING:tensorflow:Can save best model only with val_composite available, skipping.
WARNING:tensorflow:Early stopping conditioned on metric `val_composite` which is not available. Available metrics are: loss,auc,val_loss,val_auc
56/56 - 1s - loss: 0.1011 - auc: 0.8785 - val_loss: 0.1546 - val_auc: 0.7561 - val_auc_custom: 0.7558 - val_f1_custom: 0.5684 - val_recall_custom: 0.5000 - val_composite: 0.5717 - val_precision_aware: 0.6509 - 1s/epoch - 21ms/step
Curriculum: set focal gamma = 1.0000 (epoch 39)
Epoch 39/70
WARNING:tensorflow:Can save best model only with val_composite available, skipping.
WARNING:tensorflow:Early stopping conditioned on metric `val_composite` which is not available. Available metrics are: loss,auc,val_loss,val_auc
56/56 - 1s - loss: 0.0980 - auc: 0.8871 - val_loss: 0.1551 - val_auc: 0.7648 - val_auc_custom: 0.7645 - val_f1_custom: 0.6538 - val_recall_custom: 0.6296 - val_composite: 0.6639 - val_precision_aware: 0.6891 - 1s/epoch - 21ms/step
Curriculum: set focal gamma = 1.0000 (epoch 40)
Epoch 40/70
WARNING:tensorflow:Can save best model only with val_composite available, skipping.
WARNING:tensorflow:Early stopping conditioned on metric `val_composite` which is not available. Available metrics are: loss,auc,val_loss,val_auc
56/56 - 1s - loss: 0.0928 - auc: 0.8962 - val_loss: 0.1653 - val_auc: 0.7451 - val_auc_custom: 0.7447 - val_f1_custom: 0.6038 - val_recall_custom: 0.5926 - val_composite: 0.6264 - val_precision_aware: 0.6378 - 1s/epoch - 21ms/step
Curriculum: set focal gamma = 1.0000 (epoch 41)
Epoch 41/70
WARNING:tensorflow:Can save best model only with val_composite available, skipping.
WARNING:tensorflow:Early stopping conditioned on metric `val_composite` which is not available. Available metrics are: loss,auc,val_loss,val_auc
56/56 - 1s - loss: 0.0948 - auc: 0.8886 - val_loss: 0.1807 - val_auc: 0.7464 - val_auc_custom: 0.7470 - val_f1_custom: 0.4691 - val_recall_custom: 0.3519 - val_composite: 0.4661 - val_precision_aware: 0.6420 - 1s/epoch - 22ms/step
Curriculum: set focal gamma = 1.0000 (epoch 42)
Epoch 42/70
WARNING:tensorflow:Can save best model only with val_composite available, skipping.
WARNING:tensorflow:Early stopping conditioned on metric `val_composite` which is not available. Available metrics are: loss,auc,val_loss,val_auc
56/56 - 1s - loss: 0.0980 - auc: 0.8806 - val_loss: 0.1681 - val_auc: 0.7437 - val_auc_custom: 0.7430 - val_f1_custom: 0.6055 - val_recall_custom: 0.6111 - val_composite: 0.6358 - val_precision_aware: 0.6302 - 1s/epoch - 22ms/step
Curriculum: set focal gamma = 1.0000 (epoch 43)
Epoch 43/70
WARNING:tensorflow:Can save best model only with val_composite available, skipping.
WARNING:tensorflow:Early stopping conditioned on metric `val_composite` which is not available. Available metrics are: loss,auc,val_loss,val_auc
56/56 - 1s - loss: 0.0885 - auc: 0.9091 - val_loss: 0.1675 - val_auc: 0.7576 - val_auc_custom: 0.7570 - val_f1_custom: 0.6606 - val_recall_custom: 0.6667 - val_composite: 0.6829 - val_precision_aware: 0.6768 - 1s/epoch - 20ms/step
Curriculum: set focal gamma = 1.0000 (epoch 44)
Epoch 44/70
WARNING:tensorflow:Can save best model only with val_composite available, skipping.
WARNING:tensorflow:Early stopping conditioned on metric `val_composite` which is not available. Available metrics are: loss,auc,val_loss,val_auc
56/56 - 1s - loss: 0.0937 - auc: 0.8954 - val_loss: 0.1638 - val_auc: 0.7509 - val_auc_custom: 0.7515 - val_f1_custom: 0.5556 - val_recall_custom: 0.4630 - val_composite: 0.5484 - val_precision_aware: 0.6642 - 1s/epoch - 22ms/step
Curriculum: set focal gamma = 1.0000 (epoch 45)
Epoch 45/70
WARNING:tensorflow:Can save best model only with val_composite available, skipping.
WARNING:tensorflow:Early stopping conditioned on metric `val_composite` which is not available. Available metrics are: loss,auc,val_loss,val_auc
56/56 - 1s - loss: 0.0962 - auc: 0.8918 - val_loss: 0.1660 - val_auc: 0.7560 - val_auc_custom: 0.7575 - val_f1_custom: 0.6415 - val_recall_custom: 0.6296 - val_composite: 0.6588 - val_precision_aware: 0.6709 - 1s/epoch - 22ms/step
Curriculum: set focal gamma = 1.0000 (epoch 46)
Epoch 46/70
WARNING:tensorflow:Can save best model only with val_composite available, skipping.
WARNING:tensorflow:Early stopping conditioned on metric `val_composite` which is not available. Available metrics are: loss,auc,val_loss,val_auc
56/56 - 1s - loss: 0.0922 - auc: 0.8961 - val_loss: 0.1699 - val_auc: 0.7280 - val_auc_custom: 0.7265 - val_f1_custom: 0.5455 - val_recall_custom: 0.4444 - val_composite: 0.5312 - val_precision_aware: 0.6619 - 1s/epoch - 21ms/step
Curriculum: set focal gamma = 1.0000 (epoch 47)
Epoch 47/70
WARNING:tensorflow:Can save best model only with val_composite available, skipping.
WARNING:tensorflow:Early stopping conditioned on metric `val_composite` which is not available. Available metrics are: loss,auc,val_loss,val_auc
56/56 - 1s - loss: 0.0907 - auc: 0.9027 - val_loss: 0.1680 - val_auc: 0.7633 - val_auc_custom: 0.7638 - val_f1_custom: 0.6604 - val_recall_custom: 0.6481 - val_composite: 0.6749 - val_precision_aware: 0.6874 - 1s/epoch - 21ms/step
Curriculum: set focal gamma = 1.0000 (epoch 48)
Epoch 48/70
WARNING:tensorflow:Can save best model only with val_composite available, skipping.
WARNING:tensorflow:Early stopping conditioned on metric `val_composite` which is not available. Available metrics are: loss,auc,val_loss,val_auc
56/56 - 1s - loss: 0.0958 - auc: 0.8882 - val_loss: 0.1687 - val_auc: 0.7511 - val_auc_custom: 0.7515 - val_f1_custom: 0.6355 - val_recall_custom: 0.6296 - val_composite: 0.6558 - val_precision_aware: 0.6617 - 1s/epoch - 21ms/step
Curriculum: set focal gamma = 1.0000 (epoch 49)
Epoch 49/70
WARNING:tensorflow:Can save best model only with val_composite available, skipping.
WARNING:tensorflow:Early stopping conditioned on metric `val_composite` which is not available. Available metrics are: loss,auc,val_loss,val_auc
56/56 - 1s - loss: 0.0879 - auc: 0.9078 - val_loss: 0.1675 - val_auc: 0.7372 - val_auc_custom: 0.7367 - val_f1_custom: 0.5618 - val_recall_custom: 0.4630 - val_composite: 0.5474 - val_precision_aware: 0.6730 - 1s/epoch - 22ms/step
Curriculum: set focal gamma = 1.0000 (epoch 50)
Epoch 50/70
WARNING:tensorflow:Can save best model only with val_composite available, skipping.
WARNING:tensorflow:Early stopping conditioned on metric `val_composite` which is not available. Available metrics are: loss,auc,val_loss,val_auc
56/56 - 1s - loss: 0.0841 - auc: 0.9164 - val_loss: 0.1680 - val_auc: 0.7590 - val_auc_custom: 0.7600 - val_f1_custom: 0.6226 - val_recall_custom: 0.6111 - val_composite: 0.6444 - val_precision_aware: 0.6561 - 1s/epoch - 21ms/step
Curriculum: set focal gamma = 1.0000 (epoch 51)
Epoch 51/70
WARNING:tensorflow:Can save best model only with val_composite available, skipping.
WARNING:tensorflow:Early stopping conditioned on metric `val_composite` which is not available. Available metrics are: loss,auc,val_loss,val_auc
56/56 - 1s - loss: 0.0794 - auc: 0.9253 - val_loss: 0.1709 - val_auc: 0.7461 - val_auc_custom: 0.7455 - val_f1_custom: 0.6019 - val_recall_custom: 0.5741 - val_composite: 0.6167 - val_precision_aware: 0.6460 - 1s/epoch - 21ms/step
Curriculum: set focal gamma = 1.0000 (epoch 52)
Epoch 52/70
WARNING:tensorflow:Can save best model only with val_composite available, skipping.
WARNING:tensorflow:Early stopping conditioned on metric `val_composite` which is not available. Available metrics are: loss,auc,val_loss,val_auc
56/56 - 1s - loss: 0.0870 - auc: 0.9093 - val_loss: 0.1717 - val_auc: 0.7449 - val_auc_custom: 0.7447 - val_f1_custom: 0.5684 - val_recall_custom: 0.5000 - val_composite: 0.5695 - val_precision_aware: 0.6487 - 1s/epoch - 21ms/step
Curriculum: set focal gamma = 1.0000 (epoch 53)
Epoch 53/70
WARNING:tensorflow:Can save best model only with val_composite available, skipping.
WARNING:tensorflow:Early stopping conditioned on metric `val_composite` which is not available. Available metrics are: loss,auc,val_loss,val_auc
56/56 - 1s - loss: 0.0807 - auc: 0.9222 - val_loss: 0.1848 - val_auc: 0.7356 - val_auc_custom: 0.7352 - val_f1_custom: 0.5176 - val_recall_custom: 0.4074 - val_composite: 0.5060 - val_precision_aware: 0.6572 - 1s/epoch - 21ms/step
Curriculum: set focal gamma = 1.0000 (epoch 54)
Epoch 54/70
WARNING:tensorflow:Can save best model only with val_composite available, skipping.
WARNING:tensorflow:Early stopping conditioned on metric `val_composite` which is not available. Available metrics are: loss,auc,val_loss,val_auc
56/56 - 1s - loss: 0.0799 - auc: 0.9227 - val_loss: 0.1921 - val_auc: 0.7535 - val_auc_custom: 0.7535 - val_f1_custom: 0.6140 - val_recall_custom: 0.6481 - val_composite: 0.6590 - val_precision_aware: 0.6266 - 1s/epoch - 21ms/step
Curriculum: set focal gamma = 1.0000 (epoch 55)
Epoch 55/70
WARNING:tensorflow:Can save best model only with val_composite available, skipping.
WARNING:tensorflow:Early stopping conditioned on metric `val_composite` which is not available. Available metrics are: loss,auc,val_loss,val_auc
56/56 - 1s - loss: 0.0860 - auc: 0.9088 - val_loss: 0.1757 - val_auc: 0.7494 - val_auc_custom: 0.7495 - val_f1_custom: 0.5833 - val_recall_custom: 0.5185 - val_composite: 0.5842 - val_precision_aware: 0.6582 - 1s/epoch - 21ms/step
Curriculum: set focal gamma = 1.0000 (epoch 56)
Epoch 56/70
WARNING:tensorflow:Can save best model only with val_composite available, skipping.
WARNING:tensorflow:Early stopping conditioned on metric `val_composite` which is not available. Available metrics are: loss,auc,val_loss,val_auc
56/56 - 1s - loss: 0.0814 - auc: 0.9208 - val_loss: 0.1727 - val_auc: 0.7583 - val_auc_custom: 0.7595 - val_f1_custom: 0.5941 - val_recall_custom: 0.5556 - val_composite: 0.6079 - val_precision_aware: 0.6493 - 1s/epoch - 21ms/step
Curriculum: set focal gamma = 1.0000 (epoch 57)
Epoch 57/70
WARNING:tensorflow:Can save best model only with val_composite available, skipping.
WARNING:tensorflow:Early stopping conditioned on metric `val_composite` which is not available. Available metrics are: loss,auc,val_loss,val_auc
56/56 - 1s - loss: 0.0808 - auc: 0.9218 - val_loss: 0.1796 - val_auc: 0.7623 - val_auc_custom: 0.7625 - val_f1_custom: 0.6364 - val_recall_custom: 0.6481 - val_composite: 0.6675 - val_precision_aware: 0.6559 - 1s/epoch - 20ms/step
Curriculum: set focal gamma = 1.0000 (epoch 58)
Epoch 58/70
WARNING:tensorflow:Can save best model only with val_composite available, skipping.
WARNING:tensorflow:Early stopping conditioned on metric `val_composite` which is not available. Available metrics are: loss,auc,val_loss,val_auc
56/56 - 1s - loss: 0.0773 - auc: 0.9298 - val_loss: 0.1765 - val_auc: 0.7417 - val_auc_custom: 0.7417 - val_f1_custom: 0.6122 - val_recall_custom: 0.5556 - val_composite: 0.6098 - val_precision_aware: 0.6729 - 1s/epoch - 21ms/step
Curriculum: set focal gamma = 1.0000 (epoch 59)
Epoch 59/70
WARNING:tensorflow:Can save best model only with val_composite available, skipping.
WARNING:tensorflow:Early stopping conditioned on metric `val_composite` which is not available. Available metrics are: loss,auc,val_loss,val_auc
56/56 - 1s - loss: 0.0777 - auc: 0.9284 - val_loss: 0.1862 - val_auc: 0.7482 - val_auc_custom: 0.7485 - val_f1_custom: 0.6486 - val_recall_custom: 0.6667 - val_composite: 0.6776 - val_precision_aware: 0.6601 - 1s/epoch - 21ms/step
Curriculum: set focal gamma = 1.0000 (epoch 60)
Epoch 60/70
WARNING:tensorflow:Can save best model only with val_composite available, skipping.
WARNING:tensorflow:Early stopping conditioned on metric `val_composite` which is not available. Available metrics are: loss,auc,val_loss,val_auc
56/56 - 1s - loss: 0.0786 - auc: 0.9284 - val_loss: 0.1817 - val_auc: 0.7380 - val_auc_custom: 0.7382 - val_f1_custom: 0.5905 - val_recall_custom: 0.5741 - val_composite: 0.6118 - val_precision_aware: 0.6287 - 1s/epoch - 21ms/step
Curriculum: set focal gamma = 1.0000 (epoch 61)
Epoch 61/70
WARNING:tensorflow:Can save best model only with val_composite available, skipping.
WARNING:tensorflow:Early stopping conditioned on metric `val_composite` which is not available. Available metrics are: loss,auc,val_loss,val_auc
56/56 - 1s - loss: 0.0757 - auc: 0.9322 - val_loss: 0.1873 - val_auc: 0.7241 - val_auc_custom: 0.7240 - val_f1_custom: 0.5545 - val_recall_custom: 0.5185 - val_composite: 0.5704 - val_precision_aware: 0.6090 - 1s/epoch - 20ms/step
Curriculum: set focal gamma = 1.0000 (epoch 62)
Epoch 62/70
WARNING:tensorflow:Can save best model only with val_composite available, skipping.
WARNING:tensorflow:Early stopping conditioned on metric `val_composite` which is not available. Available metrics are: loss,auc,val_loss,val_auc
56/56 - 1s - loss: 0.0764 - auc: 0.9314 - val_loss: 0.1926 - val_auc: 0.7560 - val_auc_custom: 0.7558 - val_f1_custom: 0.6250 - val_recall_custom: 0.6481 - val_composite: 0.6627 - val_precision_aware: 0.6404 - 1s/epoch - 21ms/step
Curriculum: set focal gamma = 1.0000 (epoch 63)
Epoch 63/70
WARNING:tensorflow:Can save best model only with val_composite available, skipping.
WARNING:tensorflow:Early stopping conditioned on metric `val_composite` which is not available. Available metrics are: loss,auc,val_loss,val_auc
56/56 - 1s - loss: 0.0745 - auc: 0.9335 - val_loss: 0.1876 - val_auc: 0.7369 - val_auc_custom: 0.7367 - val_f1_custom: 0.5435 - val_recall_custom: 0.4630 - val_composite: 0.5419 - val_precision_aware: 0.6393 - 1s/epoch - 20ms/step
Curriculum: set focal gamma = 1.0000 (epoch 64)
Epoch 64/70
WARNING:tensorflow:Can save best model only with val_composite available, skipping.
WARNING:tensorflow:Early stopping conditioned on metric `val_composite` which is not available. Available metrics are: loss,auc,val_loss,val_auc
56/56 - 1s - loss: 0.0775 - auc: 0.9307 - val_loss: 0.1909 - val_auc: 0.7685 - val_auc_custom: 0.7670 - val_f1_custom: 0.6667 - val_recall_custom: 0.6852 - val_composite: 0.6960 - val_precision_aware: 0.6780 - 1s/epoch - 19ms/step
Curriculum: set focal gamma = 1.0000 (epoch 65)
Epoch 65/70
WARNING:tensorflow:Can save best model only with val_composite available, skipping.
WARNING:tensorflow:Early stopping conditioned on metric `val_composite` which is not available. Available metrics are: loss,auc,val_loss,val_auc
56/56 - 1s - loss: 0.0774 - auc: 0.9288 - val_loss: 0.1921 - val_auc: 0.7346 - val_auc_custom: 0.7350 - val_f1_custom: 0.6000 - val_recall_custom: 0.5556 - val_composite: 0.6048 - val_precision_aware: 0.6531 - 1s/epoch - 21ms/step
Curriculum: set focal gamma = 1.0000 (epoch 66)
Epoch 66/70
WARNING:tensorflow:Can save best model only with val_composite available, skipping.
WARNING:tensorflow:Early stopping conditioned on metric `val_composite` which is not available. Available metrics are: loss,auc,val_loss,val_auc
56/56 - 1s - loss: 0.0746 - auc: 0.9360 - val_loss: 0.1896 - val_auc: 0.7511 - val_auc_custom: 0.7513 - val_f1_custom: 0.6186 - val_recall_custom: 0.5556 - val_composite: 0.6136 - val_precision_aware: 0.6847 - 1s/epoch - 21ms/step
Curriculum: set focal gamma = 1.0000 (epoch 67)
Epoch 67/70
WARNING:tensorflow:Can save best model only with val_composite available, skipping.
WARNING:tensorflow:Early stopping conditioned on metric `val_composite` which is not available. Available metrics are: loss,auc,val_loss,val_auc
56/56 - 1s - loss: 0.0648 - auc: 0.9532 - val_loss: 0.2135 - val_auc: 0.7509 - val_auc_custom: 0.7513 - val_f1_custom: 0.6435 - val_recall_custom: 0.6852 - val_composite: 0.6859 - val_precision_aware: 0.6466 - 1s/epoch - 21ms/step
Curriculum: set focal gamma = 1.0000 (epoch 68)
Epoch 68/70
WARNING:tensorflow:Can save best model only with val_composite available, skipping.
WARNING:tensorflow:Early stopping conditioned on metric `val_composite` which is not available. Available metrics are: loss,auc,val_loss,val_auc
56/56 - 1s - loss: 0.0721 - auc: 0.9393 - val_loss: 0.1881 - val_auc: 0.7606 - val_auc_custom: 0.7608 - val_f1_custom: 0.6061 - val_recall_custom: 0.5556 - val_composite: 0.6117 - val_precision_aware: 0.6673 - 1s/epoch - 20ms/step
Curriculum: set focal gamma = 1.0000 (epoch 69)
Epoch 69/70
WARNING:tensorflow:Can save best model only with val_composite available, skipping.
WARNING:tensorflow:Early stopping conditioned on metric `val_composite` which is not available. Available metrics are: loss,auc,val_loss,val_auc
56/56 - 1s - loss: 0.0707 - auc: 0.9415 - val_loss: 0.1843 - val_auc: 0.7551 - val_auc_custom: 0.7540 - val_f1_custom: 0.6200 - val_recall_custom: 0.5741 - val_composite: 0.6238 - val_precision_aware: 0.6738 - 1s/epoch - 21ms/step
Curriculum: set focal gamma = 1.0000 (epoch 70)
Epoch 70/70
WARNING:tensorflow:Can save best model only with val_composite available, skipping.
WARNING:tensorflow:Early stopping conditioned on metric `val_composite` which is not available. Available metrics are: loss,auc,val_loss,val_auc
56/56 - 1s - loss: 0.0707 - auc: 0.9418 - val_loss: 0.2052 - val_auc: 0.7723 - val_auc_custom: 0.7723 - val_f1_custom: 0.6552 - val_recall_custom: 0.7037 - val_composite: 0.7029 - val_precision_aware: 0.6575 - 1s/epoch - 20ms/step
Saved final weights to result_multi_seed_composite_center/seed6/01/final.weights
Mask config -> mode=soft, threshold=0.6, window_gate=None
Done. Results saved to result_multi_seed_composite_center/seed6/01
