2025-09-17 08:56:03.454440: I tensorflow/core/util/port.cc:110] oneDNN custom operations are on. You may see slightly different numerical results due to floating-point round-off errors from different computation orders. To turn them off, set the environment variable `TF_ENABLE_ONEDNN_OPTS=0`.
2025-09-17 08:56:03.481120: I tensorflow/core/platform/cpu_feature_guard.cc:182] This TensorFlow binary is optimized to use available CPU instructions in performance-critical operations.
To enable the following instructions: AVX2 AVX_VNNI FMA, in other operations, rebuild TensorFlow with the appropriate compiler flags.
2025-09-17 08:56:03.870165: W tensorflow/compiler/tf2tensorrt/utils/py_utils.cc:38] TF-TRT Warning: Could not find TensorRT
2025-09-17 08:56:04.254762: I tensorflow/compiler/xla/stream_executor/cuda/cuda_gpu_executor.cc:981] could not open file to read NUMA node: /sys/bus/pci/devices/0000:01:00.0/numa_node
Your kernel may have been built without NUMA support.
2025-09-17 08:56:04.272546: I tensorflow/compiler/xla/stream_executor/cuda/cuda_gpu_executor.cc:981] could not open file to read NUMA node: /sys/bus/pci/devices/0000:01:00.0/numa_node
Your kernel may have been built without NUMA support.
2025-09-17 08:56:04.272631: I tensorflow/compiler/xla/stream_executor/cuda/cuda_gpu_executor.cc:981] could not open file to read NUMA node: /sys/bus/pci/devices/0000:01:00.0/numa_node
Your kernel may have been built without NUMA support.
2025-09-17 08:56:04.273866: I tensorflow/compiler/xla/stream_executor/cuda/cuda_gpu_executor.cc:981] could not open file to read NUMA node: /sys/bus/pci/devices/0000:01:00.0/numa_node
Your kernel may have been built without NUMA support.
2025-09-17 08:56:04.273948: I tensorflow/compiler/xla/stream_executor/cuda/cuda_gpu_executor.cc:981] could not open file to read NUMA node: /sys/bus/pci/devices/0000:01:00.0/numa_node
Your kernel may have been built without NUMA support.
2025-09-17 08:56:04.273998: I tensorflow/compiler/xla/stream_executor/cuda/cuda_gpu_executor.cc:981] could not open file to read NUMA node: /sys/bus/pci/devices/0000:01:00.0/numa_node
Your kernel may have been built without NUMA support.
2025-09-17 08:56:04.364632: I tensorflow/compiler/xla/stream_executor/cuda/cuda_gpu_executor.cc:981] could not open file to read NUMA node: /sys/bus/pci/devices/0000:01:00.0/numa_node
Your kernel may have been built without NUMA support.
2025-09-17 08:56:04.364741: I tensorflow/compiler/xla/stream_executor/cuda/cuda_gpu_executor.cc:981] could not open file to read NUMA node: /sys/bus/pci/devices/0000:01:00.0/numa_node
Your kernel may have been built without NUMA support.
2025-09-17 08:56:04.364750: I tensorflow/core/common_runtime/gpu/gpu_device.cc:1726] Could not identify NUMA node of platform GPU id 0, defaulting to 0.  Your kernel may not have been built with NUMA support.
2025-09-17 08:56:04.364772: I tensorflow/compiler/xla/stream_executor/cuda/cuda_gpu_executor.cc:981] could not open file to read NUMA node: /sys/bus/pci/devices/0000:01:00.0/numa_node
Your kernel may have been built without NUMA support.
2025-09-17 08:56:04.364794: I tensorflow/core/common_runtime/gpu/gpu_device.cc:1639] Created device /job:localhost/replica:0/task:0/device:GPU:0 with 9517 MB memory:  -> device: 0, name: NVIDIA GeForce RTX 4070 SUPER, pci bus id: 0000:01:00.0, compute capability: 8.9
GPU detected: 1 physical, 1 logical -> ['/device:GPU:0']
Config: batch=16, accumulate_steps=8 -> effective_batch=128
Loaded (1276, 36, 75) (1276,)
Using mask channel "occlusion_flag" from long_raw (index 7)
Model: "cnn_bilstm_attn_masked"
__________________________________________________________________________________________________
 Layer (type)                Output Shape                 Param #   Connected to                  
==================================================================================================
 input (InputLayer)          [(None, 36, 75)]             0         []                            
                                                                                                  
 permute_time_features (Per  (None, 75, 36)               0         ['input[0][0]']               
 mute)                                                                                            
                                                                                                  
 conv0 (Conv1D)              (None, 75, 64)               6976      ['permute_time_features[0][0]'
                                                                    ]                             
                                                                                                  
 bn0 (BatchNormalization)    (None, 75, 64)               256       ['conv0[0][0]']               
                                                                                                  
 act0 (Activation)           (None, 75, 64)               0         ['bn0[0][0]']                 
                                                                                                  
 conv_dropout0 (Dropout)     (None, 75, 64)               0         ['act0[0][0]']                
                                                                                                  
 conv1 (Conv1D)              (None, 75, 64)               20544     ['conv_dropout0[0][0]']       
                                                                                                  
 bn1 (BatchNormalization)    (None, 75, 64)               256       ['conv1[0][0]']               
                                                                                                  
 act1 (Activation)           (None, 75, 64)               0         ['bn1[0][0]']                 
                                                                                                  
 conv_dropout1 (Dropout)     (None, 75, 64)               0         ['act1[0][0]']                
                                                                                                  
 conv2 (Conv1D)              (None, 75, 64)               12352     ['conv_dropout1[0][0]']       
                                                                                                  
 bn2 (BatchNormalization)    (None, 75, 64)               256       ['conv2[0][0]']               
                                                                                                  
 act2 (Activation)           (None, 75, 64)               0         ['bn2[0][0]']                 
                                                                                                  
 conv_dropout2 (Dropout)     (None, 75, 64)               0         ['act2[0][0]']                
                                                                                                  
 bilstm (Bidirectional)      (None, 75, 128)              66048     ['conv_dropout2[0][0]']       
                                                                                                  
 mlp_attn_u (Dense)          (None, 75, 32)               4128      ['bilstm[0][0]']              
                                                                                                  
 mlp_attn_score (Dense)      (None, 75, 1)                33        ['mlp_attn_u[0][0]']          
                                                                                                  
 mlp_attn_squeeze (Lambda)   (None, 75)                   0         ['mlp_attn_score[0][0]']      
                                                                                                  
 attn_mask (InputLayer)      [(None, 75)]                 0         []                            
                                                                                                  
 mlp_attn_apply_mask (Lambd  (None, 75)                   0         ['mlp_attn_squeeze[0][0]',    
 a)                                                                  'attn_mask[0][0]']           
                                                                                                  
 mlp_attn_softmax (Lambda)   (None, 75)                   0         ['mlp_attn_apply_mask[0][0]'] 
                                                                                                  
 mlp_attn_expand (Lambda)    (None, 75, 1)                0         ['mlp_attn_softmax[0][0]']    
                                                                                                  
 mlp_attn_weighted (Lambda)  (None, 128)                  0         ['bilstm[0][0]',              
                                                                     'mlp_attn_expand[0][0]']     
                                                                                                  
 fc1 (Dense)                 (None, 64)                   8256      ['mlp_attn_weighted[0][0]']   
                                                                                                  
 fc_dropout (Dropout)        (None, 64)                   0         ['fc1[0][0]']                 
                                                                                                  
 out (Dense)                 (None, 1)                    65        ['fc_dropout[0][0]']          
                                                                                                  
==================================================================================================
Total params: 119171 (465.51 KB)
Trainable params: 118786 (464.01 KB)
Non-trainable params: 385 (1.50 KB)
__________________________________________________________________________________________________
None
Writing results to /home/user/projects/train/model/long_window/CNN_BiLSTM/result_focal_refine/cw06_fg05/01
Curriculum: set focal gamma = 0.0000 (epoch 1)
Epoch 1/70
2025-09-17 08:56:08.657459: I tensorflow/compiler/xla/stream_executor/cuda/cuda_dnn.cc:432] Loaded cuDNN version 8600
2025-09-17 08:56:08.734573: I tensorflow/tsl/platform/default/subprocess.cc:304] Start cannot spawn child process: No such file or directory
2025-09-17 08:56:08.872548: I tensorflow/compiler/xla/stream_executor/cuda/cuda_blas.cc:606] TensorFloat-32 will be used for the matrix multiplication. This will only be logged once.
2025-09-17 08:56:09.191850: I tensorflow/compiler/xla/service/service.cc:168] XLA service 0x60176ab76160 initialized for platform CUDA (this does not guarantee that XLA will be used). Devices:
2025-09-17 08:56:09.191898: I tensorflow/compiler/xla/service/service.cc:176]   StreamExecutor device (0): NVIDIA GeForce RTX 4070 SUPER, Compute Capability 8.9
2025-09-17 08:56:09.195554: I tensorflow/compiler/mlir/tensorflow/utils/dump_mlir_util.cc:255] disabling MLIR crash reproducer, set env var `MLIR_CRASH_REPRODUCER_DIRECTORY` to enable.
2025-09-17 08:56:09.248597: I tensorflow/tsl/platform/default/subprocess.cc:304] Start cannot spawn child process: No such file or directory
2025-09-17 08:56:09.283823: I ./tensorflow/compiler/jit/device_compiler.h:186] Compiled cluster using XLA!  This line is logged at most once for the lifetime of the process.
56/56 - 6s - loss: 0.3026 - auc: 0.5296 - val_loss: 0.3112 - val_auc: 0.5600 - val_auc_custom: 0.5630 - val_f1_custom: 0.0000e+00 - val_recall_custom: 0.0000e+00 - 6s/epoch - 116ms/step
Curriculum: set focal gamma = 0.0737 (epoch 2)
Epoch 2/70
56/56 - 1s - loss: 0.2552 - auc: 0.5667 - val_loss: 0.2674 - val_auc: 0.5662 - val_auc_custom: 0.5686 - val_f1_custom: 0.0000e+00 - val_recall_custom: 0.0000e+00 - 1s/epoch - 21ms/step
Curriculum: set focal gamma = 0.1474 (epoch 3)
Epoch 3/70
56/56 - 1s - loss: 0.2444 - auc: 0.5925 - val_loss: 0.2488 - val_auc: 0.5831 - val_auc_custom: 0.5849 - val_f1_custom: 0.0000e+00 - val_recall_custom: 0.0000e+00 - 1s/epoch - 22ms/step
Curriculum: set focal gamma = 0.2211 (epoch 4)
Epoch 4/70
56/56 - 1s - loss: 0.2266 - auc: 0.6185 - val_loss: 0.2363 - val_auc: 0.5853 - val_auc_custom: 0.5867 - val_f1_custom: 0.0000e+00 - val_recall_custom: 0.0000e+00 - 1s/epoch - 23ms/step
Curriculum: set focal gamma = 0.2947 (epoch 5)
Epoch 5/70
56/56 - 1s - loss: 0.2118 - auc: 0.6421 - val_loss: 0.2260 - val_auc: 0.5829 - val_auc_custom: 0.5814 - val_f1_custom: 0.0000e+00 - val_recall_custom: 0.0000e+00 - 1s/epoch - 21ms/step
Curriculum: set focal gamma = 0.3684 (epoch 6)
Epoch 6/70
56/56 - 1s - loss: 0.2006 - auc: 0.6455 - val_loss: 0.2151 - val_auc: 0.5834 - val_auc_custom: 0.5804 - val_f1_custom: 0.0000e+00 - val_recall_custom: 0.0000e+00 - 1s/epoch - 22ms/step
Curriculum: set focal gamma = 0.4421 (epoch 7)
Epoch 7/70
56/56 - 1s - loss: 0.1885 - auc: 0.6609 - val_loss: 0.2048 - val_auc: 0.5821 - val_auc_custom: 0.5839 - val_f1_custom: 0.0000e+00 - val_recall_custom: 0.0000e+00 - 1s/epoch - 21ms/step
Curriculum: set focal gamma = 0.5158 (epoch 8)
Epoch 8/70
56/56 - 1s - loss: 0.1803 - auc: 0.6535 - val_loss: 0.1947 - val_auc: 0.5853 - val_auc_custom: 0.5839 - val_f1_custom: 0.0000e+00 - val_recall_custom: 0.0000e+00 - 1s/epoch - 20ms/step
Curriculum: set focal gamma = 0.5895 (epoch 9)
Epoch 9/70
56/56 - 1s - loss: 0.1667 - auc: 0.6886 - val_loss: 0.1857 - val_auc: 0.5795 - val_auc_custom: 0.5789 - val_f1_custom: 0.1724 - val_recall_custom: 0.0943 - 1s/epoch - 22ms/step
Curriculum: set focal gamma = 0.6632 (epoch 10)
Epoch 10/70
56/56 - 1s - loss: 0.1589 - auc: 0.6891 - val_loss: 0.1769 - val_auc: 0.5803 - val_auc_custom: 0.5814 - val_f1_custom: 0.1695 - val_recall_custom: 0.0943 - 1s/epoch - 22ms/step
Curriculum: set focal gamma = 0.7368 (epoch 11)
Epoch 11/70
56/56 - 1s - loss: 0.1486 - auc: 0.7106 - val_loss: 0.1688 - val_auc: 0.5799 - val_auc_custom: 0.5791 - val_f1_custom: 0.1935 - val_recall_custom: 0.1132 - 1s/epoch - 22ms/step
Curriculum: set focal gamma = 0.8105 (epoch 12)
Epoch 12/70
56/56 - 1s - loss: 0.1406 - auc: 0.7123 - val_loss: 0.1606 - val_auc: 0.5847 - val_auc_custom: 0.5857 - val_f1_custom: 0.2222 - val_recall_custom: 0.1321 - 1s/epoch - 21ms/step
Curriculum: set focal gamma = 0.8842 (epoch 13)
Epoch 13/70
56/56 - 1s - loss: 0.1329 - auc: 0.7160 - val_loss: 0.1524 - val_auc: 0.5909 - val_auc_custom: 0.5917 - val_f1_custom: 0.2222 - val_recall_custom: 0.1321 - 1s/epoch - 21ms/step
Curriculum: set focal gamma = 0.9579 (epoch 14)
Epoch 14/70
56/56 - 1s - loss: 0.1263 - auc: 0.7201 - val_loss: 0.1441 - val_auc: 0.6028 - val_auc_custom: 0.6018 - val_f1_custom: 0.1935 - val_recall_custom: 0.1132 - 1s/epoch - 22ms/step
Curriculum: set focal gamma = 1.0316 (epoch 15)
Epoch 15/70
56/56 - 1s - loss: 0.1197 - auc: 0.7293 - val_loss: 0.1367 - val_auc: 0.6172 - val_auc_custom: 0.6189 - val_f1_custom: 0.1935 - val_recall_custom: 0.1132 - 1s/epoch - 21ms/step
Curriculum: set focal gamma = 1.1053 (epoch 16)
Epoch 16/70
56/56 - 1s - loss: 0.1123 - auc: 0.7423 - val_loss: 0.1297 - val_auc: 0.6311 - val_auc_custom: 0.6314 - val_f1_custom: 0.2353 - val_recall_custom: 0.1509 - 1s/epoch - 22ms/step
Curriculum: set focal gamma = 1.1789 (epoch 17)
Epoch 17/70
56/56 - 1s - loss: 0.1051 - auc: 0.7572 - val_loss: 0.1219 - val_auc: 0.6429 - val_auc_custom: 0.6413 - val_f1_custom: 0.1875 - val_recall_custom: 0.1132 - 1s/epoch - 22ms/step
Curriculum: set focal gamma = 1.2526 (epoch 18)
Epoch 18/70
56/56 - 1s - loss: 0.0989 - auc: 0.7661 - val_loss: 0.1156 - val_auc: 0.6611 - val_auc_custom: 0.6611 - val_f1_custom: 0.1818 - val_recall_custom: 0.1132 - 1s/epoch - 22ms/step
Curriculum: set focal gamma = 1.3263 (epoch 19)
Epoch 19/70
56/56 - 1s - loss: 0.0916 - auc: 0.7885 - val_loss: 0.1127 - val_auc: 0.6755 - val_auc_custom: 0.6745 - val_f1_custom: 0.2090 - val_recall_custom: 0.1321 - 1s/epoch - 22ms/step
Curriculum: set focal gamma = 1.4000 (epoch 20)
Epoch 20/70
56/56 - 1s - loss: 0.0882 - auc: 0.7755 - val_loss: 0.1046 - val_auc: 0.6859 - val_auc_custom: 0.6855 - val_f1_custom: 0.2319 - val_recall_custom: 0.1509 - 1s/epoch - 22ms/step
Curriculum: set focal gamma = 1.4000 (epoch 21)
Epoch 21/70
56/56 - 1s - loss: 0.0857 - auc: 0.7983 - val_loss: 0.1062 - val_auc: 0.6912 - val_auc_custom: 0.6906 - val_f1_custom: 0.2059 - val_recall_custom: 0.1321 - 1s/epoch - 22ms/step
Curriculum: set focal gamma = 1.4000 (epoch 22)
Epoch 22/70
56/56 - 1s - loss: 0.0867 - auc: 0.7928 - val_loss: 0.1061 - val_auc: 0.6925 - val_auc_custom: 0.6923 - val_f1_custom: 0.1791 - val_recall_custom: 0.1132 - 1s/epoch - 21ms/step
Curriculum: set focal gamma = 1.4000 (epoch 23)
Epoch 23/70
56/56 - 1s - loss: 0.0844 - auc: 0.8027 - val_loss: 0.1021 - val_auc: 0.7136 - val_auc_custom: 0.7157 - val_f1_custom: 0.3636 - val_recall_custom: 0.2642 - 1s/epoch - 22ms/step
Curriculum: set focal gamma = 1.4000 (epoch 24)
Epoch 24/70
56/56 - 1s - loss: 0.0848 - auc: 0.8037 - val_loss: 0.1004 - val_auc: 0.7270 - val_auc_custom: 0.7265 - val_f1_custom: 0.3467 - val_recall_custom: 0.2453 - 1s/epoch - 21ms/step
Curriculum: set focal gamma = 1.4000 (epoch 25)
Epoch 25/70
56/56 - 1s - loss: 0.0827 - auc: 0.8140 - val_loss: 0.1011 - val_auc: 0.7294 - val_auc_custom: 0.7286 - val_f1_custom: 0.2319 - val_recall_custom: 0.1509 - 1s/epoch - 23ms/step
Curriculum: set focal gamma = 1.4000 (epoch 26)
Epoch 26/70
56/56 - 1s - loss: 0.0830 - auc: 0.8051 - val_loss: 0.1027 - val_auc: 0.7257 - val_auc_custom: 0.7253 - val_f1_custom: 0.2740 - val_recall_custom: 0.1887 - 1s/epoch - 20ms/step
Curriculum: set focal gamma = 1.4000 (epoch 27)
Epoch 27/70
56/56 - 1s - loss: 0.0832 - auc: 0.8092 - val_loss: 0.1047 - val_auc: 0.7243 - val_auc_custom: 0.7255 - val_f1_custom: 0.3243 - val_recall_custom: 0.2264 - 1s/epoch - 20ms/step
Curriculum: set focal gamma = 1.4000 (epoch 28)
Epoch 28/70
56/56 - 1s - loss: 0.0799 - auc: 0.8325 - val_loss: 0.1033 - val_auc: 0.7245 - val_auc_custom: 0.7265 - val_f1_custom: 0.5287 - val_recall_custom: 0.4340 - 1s/epoch - 21ms/step
Curriculum: set focal gamma = 1.4000 (epoch 29)
Epoch 29/70
56/56 - 1s - loss: 0.0823 - auc: 0.8159 - val_loss: 0.1029 - val_auc: 0.7231 - val_auc_custom: 0.7230 - val_f1_custom: 0.5287 - val_recall_custom: 0.4340 - 1s/epoch - 20ms/step
Curriculum: set focal gamma = 1.4000 (epoch 30)
Epoch 30/70
56/56 - 1s - loss: 0.0790 - auc: 0.8359 - val_loss: 0.1024 - val_auc: 0.7331 - val_auc_custom: 0.7338 - val_f1_custom: 0.3636 - val_recall_custom: 0.2642 - 1s/epoch - 22ms/step
Curriculum: set focal gamma = 1.4000 (epoch 31)
Epoch 31/70
56/56 - 1s - loss: 0.0770 - auc: 0.8462 - val_loss: 0.1061 - val_auc: 0.7228 - val_auc_custom: 0.7223 - val_f1_custom: 0.5376 - val_recall_custom: 0.4717 - 1s/epoch - 20ms/step
Curriculum: set focal gamma = 1.4000 (epoch 32)
Epoch 32/70
56/56 - 1s - loss: 0.0774 - auc: 0.8445 - val_loss: 0.1039 - val_auc: 0.7469 - val_auc_custom: 0.7469 - val_f1_custom: 0.3243 - val_recall_custom: 0.2264 - 1s/epoch - 22ms/step
Curriculum: set focal gamma = 1.4000 (epoch 33)
Epoch 33/70
56/56 - 1s - loss: 0.0746 - auc: 0.8588 - val_loss: 0.1052 - val_auc: 0.7390 - val_auc_custom: 0.7381 - val_f1_custom: 0.5625 - val_recall_custom: 0.5094 - 1s/epoch - 21ms/step
Curriculum: set focal gamma = 1.4000 (epoch 34)
Epoch 34/70
56/56 - 1s - loss: 0.0746 - auc: 0.8537 - val_loss: 0.1038 - val_auc: 0.7556 - val_auc_custom: 0.7557 - val_f1_custom: 0.4250 - val_recall_custom: 0.3208 - 1s/epoch - 22ms/step
Curriculum: set focal gamma = 1.4000 (epoch 35)
Epoch 35/70
56/56 - 1s - loss: 0.0742 - auc: 0.8560 - val_loss: 0.1043 - val_auc: 0.7408 - val_auc_custom: 0.7406 - val_f1_custom: 0.5333 - val_recall_custom: 0.4528 - 1s/epoch - 19ms/step
Curriculum: set focal gamma = 1.4000 (epoch 36)
Epoch 36/70
56/56 - 1s - loss: 0.0723 - auc: 0.8651 - val_loss: 0.1109 - val_auc: 0.7463 - val_auc_custom: 0.7467 - val_f1_custom: 0.3636 - val_recall_custom: 0.2642 - 1s/epoch - 20ms/step
Curriculum: set focal gamma = 1.4000 (epoch 37)
Epoch 37/70
56/56 - 1s - loss: 0.0755 - auc: 0.8550 - val_loss: 0.1048 - val_auc: 0.7540 - val_auc_custom: 0.7537 - val_f1_custom: 0.5745 - val_recall_custom: 0.5094 - 1s/epoch - 19ms/step
Curriculum: set focal gamma = 1.4000 (epoch 38)
Epoch 38/70
56/56 - 1s - loss: 0.0722 - auc: 0.8674 - val_loss: 0.1075 - val_auc: 0.7614 - val_auc_custom: 0.7615 - val_f1_custom: 0.3636 - val_recall_custom: 0.2642 - 1s/epoch - 21ms/step
Curriculum: set focal gamma = 1.4000 (epoch 39)
Epoch 39/70
56/56 - 1s - loss: 0.0718 - auc: 0.8677 - val_loss: 0.1019 - val_auc: 0.7609 - val_auc_custom: 0.7615 - val_f1_custom: 0.4941 - val_recall_custom: 0.3962 - 1s/epoch - 20ms/step
Curriculum: set focal gamma = 1.4000 (epoch 40)
Epoch 40/70
56/56 - 1s - loss: 0.0678 - auc: 0.8860 - val_loss: 0.1026 - val_auc: 0.7634 - val_auc_custom: 0.7645 - val_f1_custom: 0.5556 - val_recall_custom: 0.4717 - 1s/epoch - 20ms/step
Curriculum: set focal gamma = 1.4000 (epoch 41)
Epoch 41/70
56/56 - 1s - loss: 0.0670 - auc: 0.8887 - val_loss: 0.1062 - val_auc: 0.7594 - val_auc_custom: 0.7605 - val_f1_custom: 0.5227 - val_recall_custom: 0.4340 - 1s/epoch - 19ms/step
Curriculum: set focal gamma = 1.4000 (epoch 42)
Epoch 42/70
56/56 - 1s - loss: 0.0675 - auc: 0.8848 - val_loss: 0.1054 - val_auc: 0.7675 - val_auc_custom: 0.7668 - val_f1_custom: 0.5455 - val_recall_custom: 0.4528 - 1s/epoch - 21ms/step
Curriculum: set focal gamma = 1.4000 (epoch 43)
Epoch 43/70
56/56 - 1s - loss: 0.0670 - auc: 0.8838 - val_loss: 0.1089 - val_auc: 0.7608 - val_auc_custom: 0.7608 - val_f1_custom: 0.5495 - val_recall_custom: 0.4717 - 1s/epoch - 20ms/step
Curriculum: set focal gamma = 1.4000 (epoch 44)
Epoch 44/70
56/56 - 1s - loss: 0.0635 - auc: 0.8980 - val_loss: 0.1140 - val_auc: 0.7731 - val_auc_custom: 0.7726 - val_f1_custom: 0.4250 - val_recall_custom: 0.3208 - 1s/epoch - 21ms/step
Curriculum: set focal gamma = 1.4000 (epoch 45)
Epoch 45/70
56/56 - 1s - loss: 0.0684 - auc: 0.8803 - val_loss: 0.1143 - val_auc: 0.7523 - val_auc_custom: 0.7522 - val_f1_custom: 0.5532 - val_recall_custom: 0.4906 - 1s/epoch - 20ms/step
Curriculum: set focal gamma = 1.4000 (epoch 46)
Epoch 46/70
56/56 - 1s - loss: 0.0649 - auc: 0.8927 - val_loss: 0.1136 - val_auc: 0.7527 - val_auc_custom: 0.7530 - val_f1_custom: 0.5684 - val_recall_custom: 0.5094 - 1s/epoch - 21ms/step
Curriculum: set focal gamma = 1.4000 (epoch 47)
Epoch 47/70
56/56 - 1s - loss: 0.0671 - auc: 0.8897 - val_loss: 0.1101 - val_auc: 0.7655 - val_auc_custom: 0.7650 - val_f1_custom: 0.5287 - val_recall_custom: 0.4340 - 1s/epoch - 19ms/step
Curriculum: set focal gamma = 1.4000 (epoch 48)
Epoch 48/70
56/56 - 1s - loss: 0.0622 - auc: 0.9059 - val_loss: 0.1127 - val_auc: 0.7536 - val_auc_custom: 0.7527 - val_f1_custom: 0.5957 - val_recall_custom: 0.5283 - 1s/epoch - 20ms/step
Curriculum: set focal gamma = 1.4000 (epoch 49)
Epoch 49/70
56/56 - 1s - loss: 0.0577 - auc: 0.9224 - val_loss: 0.1153 - val_auc: 0.7655 - val_auc_custom: 0.7653 - val_f1_custom: 0.4578 - val_recall_custom: 0.3585 - 1s/epoch - 20ms/step
Curriculum: set focal gamma = 1.4000 (epoch 50)
Epoch 50/70
56/56 - 1s - loss: 0.0650 - auc: 0.8971 - val_loss: 0.1212 - val_auc: 0.7580 - val_auc_custom: 0.7582 - val_f1_custom: 0.5769 - val_recall_custom: 0.5660 - 1s/epoch - 21ms/step
Curriculum: set focal gamma = 1.4000 (epoch 51)
Epoch 51/70
56/56 - 1s - loss: 0.0620 - auc: 0.9038 - val_loss: 0.1196 - val_auc: 0.7636 - val_auc_custom: 0.7633 - val_f1_custom: 0.5000 - val_recall_custom: 0.3962 - 1s/epoch - 21ms/step
Curriculum: set focal gamma = 1.4000 (epoch 52)
Epoch 52/70
56/56 - 1s - loss: 0.0581 - auc: 0.9186 - val_loss: 0.1285 - val_auc: 0.7494 - val_auc_custom: 0.7497 - val_f1_custom: 0.5825 - val_recall_custom: 0.5660 - 1s/epoch - 21ms/step
Curriculum: set focal gamma = 1.4000 (epoch 53)
Epoch 53/70
56/56 - 1s - loss: 0.0643 - auc: 0.8956 - val_loss: 0.1183 - val_auc: 0.7633 - val_auc_custom: 0.7638 - val_f1_custom: 0.3684 - val_recall_custom: 0.2642 - 1s/epoch - 20ms/step
Curriculum: set focal gamma = 1.4000 (epoch 54)
Epoch 54/70
56/56 - 1s - loss: 0.0573 - auc: 0.9203 - val_loss: 0.1153 - val_auc: 0.7737 - val_auc_custom: 0.7738 - val_f1_custom: 0.5591 - val_recall_custom: 0.4906 - 1s/epoch - 22ms/step
Curriculum: set focal gamma = 1.4000 (epoch 55)
Epoch 55/70
56/56 - 1s - loss: 0.0585 - auc: 0.9169 - val_loss: 0.1201 - val_auc: 0.7503 - val_auc_custom: 0.7507 - val_f1_custom: 0.5319 - val_recall_custom: 0.4717 - 1s/epoch - 21ms/step
Curriculum: set focal gamma = 1.4000 (epoch 56)
Epoch 56/70
56/56 - 1s - loss: 0.0537 - auc: 0.9358 - val_loss: 0.1252 - val_auc: 0.7597 - val_auc_custom: 0.7608 - val_f1_custom: 0.5567 - val_recall_custom: 0.5094 - 1s/epoch - 20ms/step
Curriculum: set focal gamma = 1.4000 (epoch 57)
Epoch 57/70
56/56 - 1s - loss: 0.0551 - auc: 0.9323 - val_loss: 0.1151 - val_auc: 0.7877 - val_auc_custom: 0.7879 - val_f1_custom: 0.5393 - val_recall_custom: 0.4528 - 1s/epoch - 23ms/step
Curriculum: set focal gamma = 1.4000 (epoch 58)
Epoch 58/70
56/56 - 1s - loss: 0.0594 - auc: 0.9124 - val_loss: 0.1176 - val_auc: 0.7875 - val_auc_custom: 0.7872 - val_f1_custom: 0.4651 - val_recall_custom: 0.3774 - 1s/epoch - 20ms/step
Curriculum: set focal gamma = 1.4000 (epoch 59)
Epoch 59/70
56/56 - 1s - loss: 0.0561 - auc: 0.9245 - val_loss: 0.1271 - val_auc: 0.7741 - val_auc_custom: 0.7746 - val_f1_custom: 0.5882 - val_recall_custom: 0.5660 - 1s/epoch - 21ms/step
Curriculum: set focal gamma = 1.4000 (epoch 60)
Epoch 60/70
56/56 - 1s - loss: 0.0536 - auc: 0.9372 - val_loss: 0.1169 - val_auc: 0.7874 - val_auc_custom: 0.7867 - val_f1_custom: 0.4706 - val_recall_custom: 0.3774 - 1s/epoch - 21ms/step
Curriculum: set focal gamma = 1.4000 (epoch 61)
Epoch 61/70
56/56 - 1s - loss: 0.0541 - auc: 0.9354 - val_loss: 0.1339 - val_auc: 0.7673 - val_auc_custom: 0.7675 - val_f1_custom: 0.5905 - val_recall_custom: 0.5849 - 1s/epoch - 21ms/step
Curriculum: set focal gamma = 1.4000 (epoch 62)
Epoch 62/70
56/56 - 1s - loss: 0.0528 - auc: 0.9289 - val_loss: 0.1277 - val_auc: 0.7711 - val_auc_custom: 0.7711 - val_f1_custom: 0.5625 - val_recall_custom: 0.5094 - 1s/epoch - 21ms/step
Curriculum: set focal gamma = 1.4000 (epoch 63)
Epoch 63/70
56/56 - 1s - loss: 0.0525 - auc: 0.9323 - val_loss: 0.1287 - val_auc: 0.7806 - val_auc_custom: 0.7811 - val_f1_custom: 0.5684 - val_recall_custom: 0.5094 - 1s/epoch - 20ms/step
Curriculum: set focal gamma = 1.4000 (epoch 64)
Epoch 64/70
56/56 - 1s - loss: 0.0507 - auc: 0.9366 - val_loss: 0.1363 - val_auc: 0.7873 - val_auc_custom: 0.7877 - val_f1_custom: 0.6296 - val_recall_custom: 0.6415 - 1s/epoch - 20ms/step
Curriculum: set focal gamma = 1.4000 (epoch 65)
Epoch 65/70
56/56 - 1s - loss: 0.0555 - auc: 0.9255 - val_loss: 0.1196 - val_auc: 0.7899 - val_auc_custom: 0.7892 - val_f1_custom: 0.5474 - val_recall_custom: 0.4906 - 1s/epoch - 23ms/step
Curriculum: set focal gamma = 1.4000 (epoch 66)
Epoch 66/70
56/56 - 1s - loss: 0.0529 - auc: 0.9335 - val_loss: 0.1421 - val_auc: 0.7782 - val_auc_custom: 0.7781 - val_f1_custom: 0.6545 - val_recall_custom: 0.6792 - 1s/epoch - 19ms/step
Curriculum: set focal gamma = 1.4000 (epoch 67)
Epoch 67/70
56/56 - 1s - loss: 0.0553 - auc: 0.9267 - val_loss: 0.1130 - val_auc: 0.8029 - val_auc_custom: 0.8033 - val_f1_custom: 0.4884 - val_recall_custom: 0.3962 - 1s/epoch - 22ms/step
Curriculum: set focal gamma = 1.4000 (epoch 68)
Epoch 68/70
56/56 - 1s - loss: 0.0466 - auc: 0.9481 - val_loss: 0.1171 - val_auc: 0.8042 - val_auc_custom: 0.8048 - val_f1_custom: 0.5412 - val_recall_custom: 0.4340 - 1s/epoch - 22ms/step
Curriculum: set focal gamma = 1.4000 (epoch 69)
Epoch 69/70
56/56 - 1s - loss: 0.0466 - auc: 0.9479 - val_loss: 0.1401 - val_auc: 0.7684 - val_auc_custom: 0.7691 - val_f1_custom: 0.5882 - val_recall_custom: 0.5660 - 1s/epoch - 21ms/step
Curriculum: set focal gamma = 1.4000 (epoch 70)
Epoch 70/70
56/56 - 1s - loss: 0.0456 - auc: 0.9505 - val_loss: 0.1220 - val_auc: 0.7956 - val_auc_custom: 0.7945 - val_f1_custom: 0.5000 - val_recall_custom: 0.3962 - 1s/epoch - 20ms/step
Mask config -> mode=soft, threshold=0.6, window_gate=None
Done. Results saved to /home/user/projects/train/model/long_window/CNN_BiLSTM/result_focal_refine/cw06_fg05/01
