2025-09-18 16:05:49.684312: I tensorflow/core/util/port.cc:110] oneDNN custom operations are on. You may see slightly different numerical results due to floating-point round-off errors from different computation orders. To turn them off, set the environment variable `TF_ENABLE_ONEDNN_OPTS=0`.
2025-09-18 16:05:49.718164: I tensorflow/core/platform/cpu_feature_guard.cc:182] This TensorFlow binary is optimized to use available CPU instructions in performance-critical operations.
To enable the following instructions: AVX2 AVX_VNNI FMA, in other operations, rebuild TensorFlow with the appropriate compiler flags.
2025-09-18 16:05:50.264892: W tensorflow/compiler/tf2tensorrt/utils/py_utils.cc:38] TF-TRT Warning: Could not find TensorRT
2025-09-18 16:05:50.781903: I tensorflow/compiler/xla/stream_executor/cuda/cuda_gpu_executor.cc:981] could not open file to read NUMA node: /sys/bus/pci/devices/0000:01:00.0/numa_node
Your kernel may have been built without NUMA support.
2025-09-18 16:05:50.804135: I tensorflow/compiler/xla/stream_executor/cuda/cuda_gpu_executor.cc:981] could not open file to read NUMA node: /sys/bus/pci/devices/0000:01:00.0/numa_node
Your kernel may have been built without NUMA support.
2025-09-18 16:05:50.804249: I tensorflow/compiler/xla/stream_executor/cuda/cuda_gpu_executor.cc:981] could not open file to read NUMA node: /sys/bus/pci/devices/0000:01:00.0/numa_node
Your kernel may have been built without NUMA support.
2025-09-18 16:05:50.805249: I tensorflow/compiler/xla/stream_executor/cuda/cuda_gpu_executor.cc:981] could not open file to read NUMA node: /sys/bus/pci/devices/0000:01:00.0/numa_node
Your kernel may have been built without NUMA support.
2025-09-18 16:05:50.805342: I tensorflow/compiler/xla/stream_executor/cuda/cuda_gpu_executor.cc:981] could not open file to read NUMA node: /sys/bus/pci/devices/0000:01:00.0/numa_node
Your kernel may have been built without NUMA support.
2025-09-18 16:05:50.805388: I tensorflow/compiler/xla/stream_executor/cuda/cuda_gpu_executor.cc:981] could not open file to read NUMA node: /sys/bus/pci/devices/0000:01:00.0/numa_node
Your kernel may have been built without NUMA support.
2025-09-18 16:05:50.915330: I tensorflow/compiler/xla/stream_executor/cuda/cuda_gpu_executor.cc:981] could not open file to read NUMA node: /sys/bus/pci/devices/0000:01:00.0/numa_node
Your kernel may have been built without NUMA support.
2025-09-18 16:05:50.915451: I tensorflow/compiler/xla/stream_executor/cuda/cuda_gpu_executor.cc:981] could not open file to read NUMA node: /sys/bus/pci/devices/0000:01:00.0/numa_node
Your kernel may have been built without NUMA support.
2025-09-18 16:05:50.915473: I tensorflow/core/common_runtime/gpu/gpu_device.cc:1726] Could not identify NUMA node of platform GPU id 0, defaulting to 0.  Your kernel may not have been built with NUMA support.
2025-09-18 16:05:50.915503: I tensorflow/compiler/xla/stream_executor/cuda/cuda_gpu_executor.cc:981] could not open file to read NUMA node: /sys/bus/pci/devices/0000:01:00.0/numa_node
Your kernel may have been built without NUMA support.
2025-09-18 16:05:50.915525: I tensorflow/core/common_runtime/gpu/gpu_device.cc:1639] Created device /job:localhost/replica:0/task:0/device:GPU:0 with 9517 MB memory:  -> device: 0, name: NVIDIA GeForce RTX 4070 SUPER, pci bus id: 0000:01:00.0, compute capability: 8.9
GPU detected: 1 physical, 1 logical -> ['/device:GPU:0']
Config: batch=16, accumulate_steps=8 -> effective_batch=128
Loaded (1276, 36, 75) (1276,)
Using mask channel "occlusion_flag" from long_raw (index 7)
Model: "cnn_bilstm_attn_masked"
__________________________________________________________________________________________________
 Layer (type)                Output Shape                 Param #   Connected to                  
==================================================================================================
 input (InputLayer)          [(None, 36, 75)]             0         []                            
                                                                                                  
 permute_time_features (Per  (None, 75, 36)               0         ['input[0][0]']               
 mute)                                                                                            
                                                                                                  
 conv0 (Conv1D)              (None, 75, 64)               6976      ['permute_time_features[0][0]'
                                                                    ]                             
                                                                                                  
 bn0 (BatchNormalization)    (None, 75, 64)               256       ['conv0[0][0]']               
                                                                                                  
 act0 (Activation)           (None, 75, 64)               0         ['bn0[0][0]']                 
                                                                                                  
 conv_dropout0 (Dropout)     (None, 75, 64)               0         ['act0[0][0]']                
                                                                                                  
 conv1 (Conv1D)              (None, 75, 64)               20544     ['conv_dropout0[0][0]']       
                                                                                                  
 bn1 (BatchNormalization)    (None, 75, 64)               256       ['conv1[0][0]']               
                                                                                                  
 act1 (Activation)           (None, 75, 64)               0         ['bn1[0][0]']                 
                                                                                                  
 conv_dropout1 (Dropout)     (None, 75, 64)               0         ['act1[0][0]']                
                                                                                                  
 conv2 (Conv1D)              (None, 75, 64)               12352     ['conv_dropout1[0][0]']       
                                                                                                  
 bn2 (BatchNormalization)    (None, 75, 64)               256       ['conv2[0][0]']               
                                                                                                  
 act2 (Activation)           (None, 75, 64)               0         ['bn2[0][0]']                 
                                                                                                  
 conv_dropout2 (Dropout)     (None, 75, 64)               0         ['act2[0][0]']                
                                                                                                  
 bilstm (Bidirectional)      (None, 75, 128)              66048     ['conv_dropout2[0][0]']       
                                                                                                  
 mlp_attn_u (Dense)          (None, 75, 32)               4128      ['bilstm[0][0]']              
                                                                                                  
 mlp_attn_score (Dense)      (None, 75, 1)                33        ['mlp_attn_u[0][0]']          
                                                                                                  
 mlp_attn_squeeze (Lambda)   (None, 75)                   0         ['mlp_attn_score[0][0]']      
                                                                                                  
 attn_mask (InputLayer)      [(None, 75)]                 0         []                            
                                                                                                  
 mlp_attn_apply_mask (Lambd  (None, 75)                   0         ['mlp_attn_squeeze[0][0]',    
 a)                                                                  'attn_mask[0][0]']           
                                                                                                  
 mlp_attn_softmax (Lambda)   (None, 75)                   0         ['mlp_attn_apply_mask[0][0]'] 
                                                                                                  
 mlp_attn_expand (Lambda)    (None, 75, 1)                0         ['mlp_attn_softmax[0][0]']    
                                                                                                  
 mlp_attn_weighted (Lambda)  (None, 128)                  0         ['bilstm[0][0]',              
                                                                     'mlp_attn_expand[0][0]']     
                                                                                                  
 fc1 (Dense)                 (None, 64)                   8256      ['mlp_attn_weighted[0][0]']   
                                                                                                  
 fc_dropout (Dropout)        (None, 64)                   0         ['fc1[0][0]']                 
                                                                                                  
 out (Dense)                 (None, 1)                    65        ['fc_dropout[0][0]']          
                                                                                                  
==================================================================================================
Total params: 119171 (465.51 KB)
Trainable params: 118786 (464.01 KB)
Non-trainable params: 385 (1.50 KB)
__________________________________________________________________________________________________
None
Writing results to result_multi_seed_precision_aware/seed11/01
Curriculum: set focal gamma = 0.0000 (epoch 1)
Epoch 1/60
2025-09-18 16:05:57.832875: I tensorflow/compiler/xla/stream_executor/cuda/cuda_dnn.cc:432] Loaded cuDNN version 8600
2025-09-18 16:05:57.963416: I tensorflow/tsl/platform/default/subprocess.cc:304] Start cannot spawn child process: No such file or directory
2025-09-18 16:05:58.239827: I tensorflow/compiler/xla/stream_executor/cuda/cuda_blas.cc:606] TensorFloat-32 will be used for the matrix multiplication. This will only be logged once.
2025-09-18 16:05:58.986435: I tensorflow/compiler/xla/service/service.cc:168] XLA service 0x653a3aa19010 initialized for platform CUDA (this does not guarantee that XLA will be used). Devices:
2025-09-18 16:05:58.986496: I tensorflow/compiler/xla/service/service.cc:176]   StreamExecutor device (0): NVIDIA GeForce RTX 4070 SUPER, Compute Capability 8.9
2025-09-18 16:05:58.990409: I tensorflow/compiler/mlir/tensorflow/utils/dump_mlir_util.cc:255] disabling MLIR crash reproducer, set env var `MLIR_CRASH_REPRODUCER_DIRECTORY` to enable.
2025-09-18 16:05:59.060815: I tensorflow/tsl/platform/default/subprocess.cc:304] Start cannot spawn child process: No such file or directory
2025-09-18 16:05:59.103524: I ./tensorflow/compiler/jit/device_compiler.h:186] Compiled cluster using XLA!  This line is logged at most once for the lifetime of the process.
WARNING:tensorflow:Can save best model only with val_precision_aware available, skipping.
WARNING:tensorflow:Early stopping conditioned on metric `val_precision_aware` which is not available. Available metrics are: loss,auc,val_loss,val_auc
56/56 - 11s - loss: 0.3227 - auc: 0.5194 - val_loss: 0.3327 - val_auc: 0.5965 - val_auc_custom: 0.5925 - val_f1_custom: 0.0000e+00 - val_recall_custom: 0.0000e+00 - val_composite: 0.1185 - val_precision_aware: 0.1185 - 11s/epoch - 201ms/step
Curriculum: set focal gamma = 0.0526 (epoch 2)
Epoch 2/60
WARNING:tensorflow:Can save best model only with val_precision_aware available, skipping.
WARNING:tensorflow:Early stopping conditioned on metric `val_precision_aware` which is not available. Available metrics are: loss,auc,val_loss,val_auc
56/56 - 2s - loss: 0.2924 - auc: 0.5540 - val_loss: 0.3071 - val_auc: 0.6045 - val_auc_custom: 0.6040 - val_f1_custom: 0.0000e+00 - val_recall_custom: 0.0000e+00 - val_composite: 0.1208 - val_precision_aware: 0.1208 - 2s/epoch - 39ms/step
Curriculum: set focal gamma = 0.1053 (epoch 3)
Epoch 3/60
WARNING:tensorflow:Can save best model only with val_precision_aware available, skipping.
WARNING:tensorflow:Early stopping conditioned on metric `val_precision_aware` which is not available. Available metrics are: loss,auc,val_loss,val_auc
56/56 - 3s - loss: 0.2782 - auc: 0.6117 - val_loss: 0.2928 - val_auc: 0.6141 - val_auc_custom: 0.6121 - val_f1_custom: 0.0370 - val_recall_custom: 0.0189 - val_composite: 0.1430 - val_precision_aware: 0.6335 - 3s/epoch - 49ms/step
Curriculum: set focal gamma = 0.1579 (epoch 4)
Epoch 4/60
WARNING:tensorflow:Can save best model only with val_precision_aware available, skipping.
WARNING:tensorflow:Early stopping conditioned on metric `val_precision_aware` which is not available. Available metrics are: loss,auc,val_loss,val_auc
56/56 - 3s - loss: 0.2646 - auc: 0.6259 - val_loss: 0.2809 - val_auc: 0.6104 - val_auc_custom: 0.6103 - val_f1_custom: 0.1034 - val_recall_custom: 0.0566 - val_composite: 0.1814 - val_precision_aware: 0.4531 - 3s/epoch - 45ms/step
Curriculum: set focal gamma = 0.2105 (epoch 5)
Epoch 5/60
WARNING:tensorflow:Can save best model only with val_precision_aware available, skipping.
WARNING:tensorflow:Early stopping conditioned on metric `val_precision_aware` which is not available. Available metrics are: loss,auc,val_loss,val_auc
56/56 - 3s - loss: 0.2528 - auc: 0.6399 - val_loss: 0.2703 - val_auc: 0.6150 - val_auc_custom: 0.6128 - val_f1_custom: 0.1379 - val_recall_custom: 0.0755 - val_composite: 0.2017 - val_precision_aware: 0.5639 - 3s/epoch - 48ms/step
Curriculum: set focal gamma = 0.2632 (epoch 6)
Epoch 6/60
WARNING:tensorflow:Can save best model only with val_precision_aware available, skipping.
WARNING:tensorflow:Early stopping conditioned on metric `val_precision_aware` which is not available. Available metrics are: loss,auc,val_loss,val_auc
56/56 - 3s - loss: 0.2411 - auc: 0.6497 - val_loss: 0.2624 - val_auc: 0.6122 - val_auc_custom: 0.6133 - val_f1_custom: 0.1379 - val_recall_custom: 0.0755 - val_composite: 0.2018 - val_precision_aware: 0.5640 - 3s/epoch - 49ms/step
Curriculum: set focal gamma = 0.3158 (epoch 7)
Epoch 7/60
WARNING:tensorflow:Can save best model only with val_precision_aware available, skipping.
WARNING:tensorflow:Early stopping conditioned on metric `val_precision_aware` which is not available. Available metrics are: loss,auc,val_loss,val_auc
56/56 - 3s - loss: 0.2292 - auc: 0.6733 - val_loss: 0.2533 - val_auc: 0.6092 - val_auc_custom: 0.6086 - val_f1_custom: 0.2222 - val_recall_custom: 0.1321 - val_composite: 0.2544 - val_precision_aware: 0.5384 - 3s/epoch - 48ms/step
Curriculum: set focal gamma = 0.3684 (epoch 8)
Epoch 8/60
WARNING:tensorflow:Can save best model only with val_precision_aware available, skipping.
WARNING:tensorflow:Early stopping conditioned on metric `val_precision_aware` which is not available. Available metrics are: loss,auc,val_loss,val_auc
56/56 - 3s - loss: 0.2190 - auc: 0.6806 - val_loss: 0.2444 - val_auc: 0.6043 - val_auc_custom: 0.6038 - val_f1_custom: 0.2817 - val_recall_custom: 0.1887 - val_composite: 0.2996 - val_precision_aware: 0.4830 - 3s/epoch - 53ms/step
Curriculum: set focal gamma = 0.4211 (epoch 9)
Epoch 9/60
WARNING:tensorflow:Can save best model only with val_precision_aware available, skipping.
WARNING:tensorflow:Early stopping conditioned on metric `val_precision_aware` which is not available. Available metrics are: loss,auc,val_loss,val_auc
56/56 - 2s - loss: 0.2096 - auc: 0.6925 - val_loss: 0.2364 - val_auc: 0.6031 - val_auc_custom: 0.6020 - val_f1_custom: 0.2778 - val_recall_custom: 0.1887 - val_composite: 0.2981 - val_precision_aware: 0.4669 - 2s/epoch - 37ms/step
Curriculum: set focal gamma = 0.4737 (epoch 10)
Epoch 10/60
WARNING:tensorflow:Can save best model only with val_precision_aware available, skipping.
WARNING:tensorflow:Early stopping conditioned on metric `val_precision_aware` which is not available. Available metrics are: loss,auc,val_loss,val_auc
56/56 - 2s - loss: 0.2014 - auc: 0.6954 - val_loss: 0.2276 - val_auc: 0.6091 - val_auc_custom: 0.6098 - val_f1_custom: 0.2388 - val_recall_custom: 0.1509 - val_composite: 0.2691 - val_precision_aware: 0.4793 - 2s/epoch - 41ms/step
Curriculum: set focal gamma = 0.5263 (epoch 11)
Epoch 11/60
WARNING:tensorflow:Can save best model only with val_precision_aware available, skipping.
WARNING:tensorflow:Early stopping conditioned on metric `val_precision_aware` which is not available. Available metrics are: loss,auc,val_loss,val_auc
56/56 - 2s - loss: 0.1909 - auc: 0.7150 - val_loss: 0.2194 - val_auc: 0.6156 - val_auc_custom: 0.6164 - val_f1_custom: 0.2973 - val_recall_custom: 0.2075 - val_composite: 0.3162 - val_precision_aware: 0.4744 - 2s/epoch - 41ms/step
Curriculum: set focal gamma = 0.5789 (epoch 12)
Epoch 12/60
WARNING:tensorflow:Can save best model only with val_precision_aware available, skipping.
WARNING:tensorflow:Early stopping conditioned on metric `val_precision_aware` which is not available. Available metrics are: loss,auc,val_loss,val_auc
56/56 - 2s - loss: 0.1813 - auc: 0.7297 - val_loss: 0.2145 - val_auc: 0.6160 - val_auc_custom: 0.6166 - val_f1_custom: 0.3415 - val_recall_custom: 0.2642 - val_composite: 0.3578 - val_precision_aware: 0.4671 - 2s/epoch - 39ms/step
Curriculum: set focal gamma = 0.6316 (epoch 13)
Epoch 13/60
WARNING:tensorflow:Can save best model only with val_precision_aware available, skipping.
WARNING:tensorflow:Early stopping conditioned on metric `val_precision_aware` which is not available. Available metrics are: loss,auc,val_loss,val_auc
56/56 - 2s - loss: 0.1739 - auc: 0.7321 - val_loss: 0.2038 - val_auc: 0.6433 - val_auc_custom: 0.6420 - val_f1_custom: 0.2740 - val_recall_custom: 0.1887 - val_composite: 0.3049 - val_precision_aware: 0.4606 - 2s/epoch - 40ms/step
Curriculum: set focal gamma = 0.6842 (epoch 14)
Epoch 14/60
WARNING:tensorflow:Can save best model only with val_precision_aware available, skipping.
WARNING:tensorflow:Early stopping conditioned on metric `val_precision_aware` which is not available. Available metrics are: loss,auc,val_loss,val_auc
56/56 - 2s - loss: 0.1671 - auc: 0.7366 - val_loss: 0.1953 - val_auc: 0.6625 - val_auc_custom: 0.6609 - val_f1_custom: 0.3291 - val_recall_custom: 0.2453 - val_composite: 0.3536 - val_precision_aware: 0.4809 - 2s/epoch - 41ms/step
Curriculum: set focal gamma = 0.7368 (epoch 15)
Epoch 15/60
WARNING:tensorflow:Can save best model only with val_precision_aware available, skipping.
WARNING:tensorflow:Early stopping conditioned on metric `val_precision_aware` which is not available. Available metrics are: loss,auc,val_loss,val_auc
56/56 - 2s - loss: 0.1576 - auc: 0.7508 - val_loss: 0.1881 - val_auc: 0.6667 - val_auc_custom: 0.6679 - val_f1_custom: 0.2857 - val_recall_custom: 0.2075 - val_composite: 0.3231 - val_precision_aware: 0.4485 - 2s/epoch - 38ms/step
Curriculum: set focal gamma = 0.7895 (epoch 16)
Epoch 16/60
WARNING:tensorflow:Can save best model only with val_precision_aware available, skipping.
WARNING:tensorflow:Early stopping conditioned on metric `val_precision_aware` which is not available. Available metrics are: loss,auc,val_loss,val_auc
56/56 - 2s - loss: 0.1511 - auc: 0.7648 - val_loss: 0.1803 - val_auc: 0.6751 - val_auc_custom: 0.6747 - val_f1_custom: 0.2667 - val_recall_custom: 0.1887 - val_composite: 0.3093 - val_precision_aware: 0.4422 - 2s/epoch - 40ms/step
Curriculum: set focal gamma = 0.8421 (epoch 17)
Epoch 17/60
WARNING:tensorflow:Can save best model only with val_precision_aware available, skipping.
WARNING:tensorflow:Early stopping conditioned on metric `val_precision_aware` which is not available. Available metrics are: loss,auc,val_loss,val_auc
56/56 - 2s - loss: 0.1440 - auc: 0.7712 - val_loss: 0.1751 - val_auc: 0.6893 - val_auc_custom: 0.6881 - val_f1_custom: 0.4792 - val_recall_custom: 0.4340 - val_composite: 0.4983 - val_precision_aware: 0.5488 - 2s/epoch - 37ms/step
Curriculum: set focal gamma = 0.8947 (epoch 18)
Epoch 18/60
WARNING:tensorflow:Can save best model only with val_precision_aware available, skipping.
WARNING:tensorflow:Early stopping conditioned on metric `val_precision_aware` which is not available. Available metrics are: loss,auc,val_loss,val_auc
56/56 - 2s - loss: 0.1327 - auc: 0.7946 - val_loss: 0.1675 - val_auc: 0.6982 - val_auc_custom: 0.6989 - val_f1_custom: 0.3457 - val_recall_custom: 0.2642 - val_composite: 0.3756 - val_precision_aware: 0.4935 - 2s/epoch - 37ms/step
Curriculum: set focal gamma = 0.9474 (epoch 19)
Epoch 19/60
WARNING:tensorflow:Can save best model only with val_precision_aware available, skipping.
WARNING:tensorflow:Early stopping conditioned on metric `val_precision_aware` which is not available. Available metrics are: loss,auc,val_loss,val_auc
56/56 - 2s - loss: 0.1273 - auc: 0.7937 - val_loss: 0.1634 - val_auc: 0.6925 - val_auc_custom: 0.6926 - val_f1_custom: 0.4048 - val_recall_custom: 0.3208 - val_composite: 0.4203 - val_precision_aware: 0.5341 - 2s/epoch - 38ms/step
Curriculum: set focal gamma = 1.0000 (epoch 20)
Epoch 20/60
WARNING:tensorflow:Can save best model only with val_precision_aware available, skipping.
WARNING:tensorflow:Early stopping conditioned on metric `val_precision_aware` which is not available. Available metrics are: loss,auc,val_loss,val_auc
56/56 - 2s - loss: 0.1230 - auc: 0.7965 - val_loss: 0.1619 - val_auc: 0.6999 - val_auc_custom: 0.6989 - val_f1_custom: 0.5946 - val_recall_custom: 0.6226 - val_composite: 0.6295 - val_precision_aware: 0.6026 - 2s/epoch - 39ms/step
Curriculum: set focal gamma = 1.0000 (epoch 21)
Epoch 21/60
WARNING:tensorflow:Can save best model only with val_precision_aware available, skipping.
WARNING:tensorflow:Early stopping conditioned on metric `val_precision_aware` which is not available. Available metrics are: loss,auc,val_loss,val_auc
56/56 - 2s - loss: 0.1232 - auc: 0.7939 - val_loss: 0.1524 - val_auc: 0.7219 - val_auc_custom: 0.7220 - val_f1_custom: 0.3500 - val_recall_custom: 0.2642 - val_composite: 0.3815 - val_precision_aware: 0.5087 - 2s/epoch - 41ms/step
Curriculum: set focal gamma = 1.0000 (epoch 22)
Epoch 22/60
WARNING:tensorflow:Can save best model only with val_precision_aware available, skipping.
WARNING:tensorflow:Early stopping conditioned on metric `val_precision_aware` which is not available. Available metrics are: loss,auc,val_loss,val_auc
56/56 - 2s - loss: 0.1182 - auc: 0.8151 - val_loss: 0.1549 - val_auc: 0.7157 - val_auc_custom: 0.7170 - val_f1_custom: 0.5577 - val_recall_custom: 0.5472 - val_composite: 0.5843 - val_precision_aware: 0.5950 - 2s/epoch - 41ms/step
Curriculum: set focal gamma = 1.0000 (epoch 23)
Epoch 23/60
WARNING:tensorflow:Can save best model only with val_precision_aware available, skipping.
WARNING:tensorflow:Early stopping conditioned on metric `val_precision_aware` which is not available. Available metrics are: loss,auc,val_loss,val_auc
56/56 - 2s - loss: 0.1151 - auc: 0.8275 - val_loss: 0.1517 - val_auc: 0.7309 - val_auc_custom: 0.7296 - val_f1_custom: 0.5417 - val_recall_custom: 0.4906 - val_composite: 0.5537 - val_precision_aware: 0.6107 - 2s/epoch - 41ms/step
Curriculum: set focal gamma = 1.0000 (epoch 24)
Epoch 24/60
WARNING:tensorflow:Can save best model only with val_precision_aware available, skipping.
WARNING:tensorflow:Early stopping conditioned on metric `val_precision_aware` which is not available. Available metrics are: loss,auc,val_loss,val_auc
56/56 - 2s - loss: 0.1169 - auc: 0.8245 - val_loss: 0.1562 - val_auc: 0.7291 - val_auc_custom: 0.7288 - val_f1_custom: 0.5510 - val_recall_custom: 0.5094 - val_composite: 0.5658 - val_precision_aware: 0.6111 - 2s/epoch - 41ms/step
Curriculum: set focal gamma = 1.0000 (epoch 25)
Epoch 25/60
WARNING:tensorflow:Can save best model only with val_precision_aware available, skipping.
WARNING:tensorflow:Early stopping conditioned on metric `val_precision_aware` which is not available. Available metrics are: loss,auc,val_loss,val_auc
56/56 - 2s - loss: 0.1088 - auc: 0.8512 - val_loss: 0.1591 - val_auc: 0.7321 - val_auc_custom: 0.7308 - val_f1_custom: 0.5849 - val_recall_custom: 0.5849 - val_composite: 0.6141 - val_precision_aware: 0.6141 - 2s/epoch - 39ms/step
Curriculum: set focal gamma = 1.0000 (epoch 26)
Epoch 26/60
WARNING:tensorflow:Can save best model only with val_precision_aware available, skipping.
WARNING:tensorflow:Early stopping conditioned on metric `val_precision_aware` which is not available. Available metrics are: loss,auc,val_loss,val_auc
56/56 - 2s - loss: 0.1147 - auc: 0.8259 - val_loss: 0.1554 - val_auc: 0.7420 - val_auc_custom: 0.7416 - val_f1_custom: 0.5714 - val_recall_custom: 0.5283 - val_composite: 0.5839 - val_precision_aware: 0.6309 - 2s/epoch - 41ms/step
Curriculum: set focal gamma = 1.0000 (epoch 27)
Epoch 27/60
WARNING:tensorflow:Can save best model only with val_precision_aware available, skipping.
WARNING:tensorflow:Early stopping conditioned on metric `val_precision_aware` which is not available. Available metrics are: loss,auc,val_loss,val_auc
56/56 - 2s - loss: 0.1108 - auc: 0.8416 - val_loss: 0.1704 - val_auc: 0.7233 - val_auc_custom: 0.7238 - val_f1_custom: 0.5739 - val_recall_custom: 0.6226 - val_composite: 0.6282 - val_precision_aware: 0.5831 - 2s/epoch - 39ms/step
Curriculum: set focal gamma = 1.0000 (epoch 28)
Epoch 28/60
WARNING:tensorflow:Can save best model only with val_precision_aware available, skipping.
WARNING:tensorflow:Early stopping conditioned on metric `val_precision_aware` which is not available. Available metrics are: loss,auc,val_loss,val_auc
56/56 - 2s - loss: 0.1087 - auc: 0.8478 - val_loss: 0.1669 - val_auc: 0.7238 - val_auc_custom: 0.7235 - val_f1_custom: 0.5794 - val_recall_custom: 0.5849 - val_composite: 0.6110 - val_precision_aware: 0.6056 - 2s/epoch - 39ms/step
Curriculum: set focal gamma = 1.0000 (epoch 29)
Epoch 29/60
WARNING:tensorflow:Can save best model only with val_precision_aware available, skipping.
WARNING:tensorflow:Early stopping conditioned on metric `val_precision_aware` which is not available. Available metrics are: loss,auc,val_loss,val_auc
56/56 - 2s - loss: 0.1057 - auc: 0.8570 - val_loss: 0.1602 - val_auc: 0.7429 - val_auc_custom: 0.7411 - val_f1_custom: 0.5926 - val_recall_custom: 0.6038 - val_composite: 0.6279 - val_precision_aware: 0.6169 - 2s/epoch - 39ms/step
Curriculum: set focal gamma = 1.0000 (epoch 30)
Epoch 30/60
WARNING:tensorflow:Can save best model only with val_precision_aware available, skipping.
WARNING:tensorflow:Early stopping conditioned on metric `val_precision_aware` which is not available. Available metrics are: loss,auc,val_loss,val_auc
56/56 - 2s - loss: 0.1080 - auc: 0.8501 - val_loss: 0.1513 - val_auc: 0.7580 - val_auc_custom: 0.7575 - val_f1_custom: 0.5745 - val_recall_custom: 0.5094 - val_composite: 0.5786 - val_precision_aware: 0.6531 - 2s/epoch - 40ms/step
Curriculum: set focal gamma = 1.0000 (epoch 31)
Epoch 31/60
WARNING:tensorflow:Can save best model only with val_precision_aware available, skipping.
WARNING:tensorflow:Early stopping conditioned on metric `val_precision_aware` which is not available. Available metrics are: loss,auc,val_loss,val_auc
56/56 - 2s - loss: 0.1087 - auc: 0.8503 - val_loss: 0.1674 - val_auc: 0.7317 - val_auc_custom: 0.7316 - val_f1_custom: 0.6055 - val_recall_custom: 0.6226 - val_composite: 0.6393 - val_precision_aware: 0.6226 - 2s/epoch - 40ms/step
Curriculum: set focal gamma = 1.0000 (epoch 32)
Epoch 32/60
WARNING:tensorflow:Can save best model only with val_precision_aware available, skipping.
WARNING:tensorflow:Early stopping conditioned on metric `val_precision_aware` which is not available. Available metrics are: loss,auc,val_loss,val_auc
56/56 - 2s - loss: 0.1029 - auc: 0.8669 - val_loss: 0.1559 - val_auc: 0.7626 - val_auc_custom: 0.7630 - val_f1_custom: 0.5870 - val_recall_custom: 0.5094 - val_composite: 0.5834 - val_precision_aware: 0.6748 - 2s/epoch - 40ms/step
Curriculum: set focal gamma = 1.0000 (epoch 33)
Epoch 33/60
WARNING:tensorflow:Can save best model only with val_precision_aware available, skipping.
WARNING:tensorflow:Early stopping conditioned on metric `val_precision_aware` which is not available. Available metrics are: loss,auc,val_loss,val_auc
56/56 - 2s - loss: 0.1005 - auc: 0.8748 - val_loss: 0.1547 - val_auc: 0.7662 - val_auc_custom: 0.7653 - val_f1_custom: 0.5806 - val_recall_custom: 0.5094 - val_composite: 0.5820 - val_precision_aware: 0.6648 - 2s/epoch - 38ms/step
Curriculum: set focal gamma = 1.0000 (epoch 34)
Epoch 34/60
WARNING:tensorflow:Can save best model only with val_precision_aware available, skipping.
WARNING:tensorflow:Early stopping conditioned on metric `val_precision_aware` which is not available. Available metrics are: loss,auc,val_loss,val_auc
56/56 - 2s - loss: 0.0983 - auc: 0.8820 - val_loss: 0.1778 - val_auc: 0.7403 - val_auc_custom: 0.7409 - val_f1_custom: 0.5913 - val_recall_custom: 0.6415 - val_composite: 0.6463 - val_precision_aware: 0.5998 - 2s/epoch - 40ms/step
Curriculum: set focal gamma = 1.0000 (epoch 35)
Epoch 35/60
WARNING:tensorflow:Can save best model only with val_precision_aware available, skipping.
WARNING:tensorflow:Early stopping conditioned on metric `val_precision_aware` which is not available. Available metrics are: loss,auc,val_loss,val_auc
56/56 - 2s - loss: 0.1020 - auc: 0.8693 - val_loss: 0.1675 - val_auc: 0.7525 - val_auc_custom: 0.7525 - val_f1_custom: 0.5981 - val_recall_custom: 0.6038 - val_composite: 0.6318 - val_precision_aware: 0.6262 - 2s/epoch - 37ms/step
Curriculum: set focal gamma = 1.0000 (epoch 36)
Epoch 36/60
WARNING:tensorflow:Can save best model only with val_precision_aware available, skipping.
WARNING:tensorflow:Early stopping conditioned on metric `val_precision_aware` which is not available. Available metrics are: loss,auc,val_loss,val_auc
56/56 - 2s - loss: 0.1029 - auc: 0.8662 - val_loss: 0.1564 - val_auc: 0.7678 - val_auc_custom: 0.7675 - val_f1_custom: 0.6061 - val_recall_custom: 0.5660 - val_composite: 0.6183 - val_precision_aware: 0.6614 - 2s/epoch - 40ms/step
Curriculum: set focal gamma = 1.0000 (epoch 37)
Epoch 37/60
WARNING:tensorflow:Can save best model only with val_precision_aware available, skipping.
WARNING:tensorflow:Early stopping conditioned on metric `val_precision_aware` which is not available. Available metrics are: loss,auc,val_loss,val_auc
56/56 - 2s - loss: 0.1001 - auc: 0.8737 - val_loss: 0.1658 - val_auc: 0.7449 - val_auc_custom: 0.7447 - val_f1_custom: 0.6038 - val_recall_custom: 0.6038 - val_composite: 0.6319 - val_precision_aware: 0.6319 - 2s/epoch - 42ms/step
Curriculum: set focal gamma = 1.0000 (epoch 38)
Epoch 38/60
WARNING:tensorflow:Can save best model only with val_precision_aware available, skipping.
WARNING:tensorflow:Early stopping conditioned on metric `val_precision_aware` which is not available. Available metrics are: loss,auc,val_loss,val_auc
56/56 - 2s - loss: 0.0995 - auc: 0.8756 - val_loss: 0.1551 - val_auc: 0.7552 - val_auc_custom: 0.7552 - val_f1_custom: 0.5517 - val_recall_custom: 0.4528 - val_composite: 0.5430 - val_precision_aware: 0.6695 - 2s/epoch - 40ms/step
Curriculum: set focal gamma = 1.0000 (epoch 39)
Epoch 39/60
WARNING:tensorflow:Can save best model only with val_precision_aware available, skipping.
WARNING:tensorflow:Early stopping conditioned on metric `val_precision_aware` which is not available. Available metrics are: loss,auc,val_loss,val_auc
56/56 - 2s - loss: 0.0946 - auc: 0.8930 - val_loss: 0.1540 - val_auc: 0.7638 - val_auc_custom: 0.7640 - val_f1_custom: 0.5882 - val_recall_custom: 0.5660 - val_composite: 0.6123 - val_precision_aware: 0.6354 - 2s/epoch - 39ms/step
Curriculum: set focal gamma = 1.0000 (epoch 40)
Epoch 40/60
WARNING:tensorflow:Can save best model only with val_precision_aware available, skipping.
WARNING:tensorflow:Early stopping conditioned on metric `val_precision_aware` which is not available. Available metrics are: loss,auc,val_loss,val_auc
56/56 - 2s - loss: 0.0941 - auc: 0.8943 - val_loss: 0.1546 - val_auc: 0.7569 - val_auc_custom: 0.7555 - val_f1_custom: 0.5833 - val_recall_custom: 0.5283 - val_composite: 0.5902 - val_precision_aware: 0.6517 - 2s/epoch - 39ms/step
Curriculum: set focal gamma = 1.0000 (epoch 41)
Epoch 41/60
WARNING:tensorflow:Can save best model only with val_precision_aware available, skipping.
WARNING:tensorflow:Early stopping conditioned on metric `val_precision_aware` which is not available. Available metrics are: loss,auc,val_loss,val_auc
56/56 - 2s - loss: 0.0904 - auc: 0.9048 - val_loss: 0.1681 - val_auc: 0.7677 - val_auc_custom: 0.7678 - val_f1_custom: 0.5926 - val_recall_custom: 0.6038 - val_composite: 0.6332 - val_precision_aware: 0.6222 - 2s/epoch - 38ms/step
Curriculum: set focal gamma = 1.0000 (epoch 42)
Epoch 42/60
WARNING:tensorflow:Can save best model only with val_precision_aware available, skipping.
WARNING:tensorflow:Early stopping conditioned on metric `val_precision_aware` which is not available. Available metrics are: loss,auc,val_loss,val_auc
56/56 - 2s - loss: 0.0930 - auc: 0.8891 - val_loss: 0.1616 - val_auc: 0.7570 - val_auc_custom: 0.7570 - val_f1_custom: 0.5567 - val_recall_custom: 0.5094 - val_composite: 0.5731 - val_precision_aware: 0.6252 - 2s/epoch - 38ms/step
Curriculum: set focal gamma = 1.0000 (epoch 43)
Epoch 43/60
WARNING:tensorflow:Can save best model only with val_precision_aware available, skipping.
WARNING:tensorflow:Early stopping conditioned on metric `val_precision_aware` which is not available. Available metrics are: loss,auc,val_loss,val_auc
56/56 - 2s - loss: 0.0924 - auc: 0.8958 - val_loss: 0.1740 - val_auc: 0.7642 - val_auc_custom: 0.7643 - val_f1_custom: 0.6126 - val_recall_custom: 0.6415 - val_composite: 0.6574 - val_precision_aware: 0.6297 - 2s/epoch - 39ms/step
Curriculum: set focal gamma = 1.0000 (epoch 44)
Epoch 44/60
WARNING:tensorflow:Can save best model only with val_precision_aware available, skipping.
WARNING:tensorflow:Early stopping conditioned on metric `val_precision_aware` which is not available. Available metrics are: loss,auc,val_loss,val_auc
56/56 - 2s - loss: 0.0890 - auc: 0.9071 - val_loss: 0.1574 - val_auc: 0.7781 - val_auc_custom: 0.7771 - val_f1_custom: 0.5918 - val_recall_custom: 0.5472 - val_composite: 0.6066 - val_precision_aware: 0.6552 - 2s/epoch - 38ms/step
Curriculum: set focal gamma = 1.0000 (epoch 45)
Epoch 45/60
WARNING:tensorflow:Can save best model only with val_precision_aware available, skipping.
WARNING:tensorflow:Early stopping conditioned on metric `val_precision_aware` which is not available. Available metrics are: loss,auc,val_loss,val_auc
56/56 - 2s - loss: 0.0847 - auc: 0.9140 - val_loss: 0.1509 - val_auc: 0.7936 - val_auc_custom: 0.7945 - val_f1_custom: 0.6122 - val_recall_custom: 0.5660 - val_composite: 0.6256 - val_precision_aware: 0.6759 - 2s/epoch - 40ms/step
Curriculum: set focal gamma = 1.0000 (epoch 46)
Epoch 46/60
WARNING:tensorflow:Can save best model only with val_precision_aware available, skipping.
WARNING:tensorflow:Early stopping conditioned on metric `val_precision_aware` which is not available. Available metrics are: loss,auc,val_loss,val_auc
56/56 - 3s - loss: 0.0820 - auc: 0.9182 - val_loss: 0.1744 - val_auc: 0.7717 - val_auc_custom: 0.7723 - val_f1_custom: 0.6422 - val_recall_custom: 0.6604 - val_composite: 0.6773 - val_precision_aware: 0.6596 - 3s/epoch - 45ms/step
Curriculum: set focal gamma = 1.0000 (epoch 47)
Epoch 47/60
WARNING:tensorflow:Can save best model only with val_precision_aware available, skipping.
WARNING:tensorflow:Early stopping conditioned on metric `val_precision_aware` which is not available. Available metrics are: loss,auc,val_loss,val_auc
56/56 - 2s - loss: 0.0807 - auc: 0.9212 - val_loss: 0.1518 - val_auc: 0.8014 - val_auc_custom: 0.8008 - val_f1_custom: 0.5957 - val_recall_custom: 0.5283 - val_composite: 0.6030 - val_precision_aware: 0.6803 - 2s/epoch - 37ms/step
Curriculum: set focal gamma = 1.0000 (epoch 48)
Epoch 48/60
WARNING:tensorflow:Can save best model only with val_precision_aware available, skipping.
WARNING:tensorflow:Early stopping conditioned on metric `val_precision_aware` which is not available. Available metrics are: loss,auc,val_loss,val_auc
56/56 - 2s - loss: 0.0827 - auc: 0.9157 - val_loss: 0.1750 - val_auc: 0.7776 - val_auc_custom: 0.7776 - val_f1_custom: 0.6415 - val_recall_custom: 0.6415 - val_composite: 0.6687 - val_precision_aware: 0.6687 - 2s/epoch - 35ms/step
Curriculum: set focal gamma = 1.0000 (epoch 49)
Epoch 49/60
WARNING:tensorflow:Can save best model only with val_precision_aware available, skipping.
WARNING:tensorflow:Early stopping conditioned on metric `val_precision_aware` which is not available. Available metrics are: loss,auc,val_loss,val_auc
56/56 - 2s - loss: 0.0848 - auc: 0.9139 - val_loss: 0.1676 - val_auc: 0.7874 - val_auc_custom: 0.7869 - val_f1_custom: 0.6296 - val_recall_custom: 0.6415 - val_composite: 0.6670 - val_precision_aware: 0.6554 - 2s/epoch - 38ms/step
Curriculum: set focal gamma = 1.0000 (epoch 50)
Epoch 50/60
WARNING:tensorflow:Can save best model only with val_precision_aware available, skipping.
WARNING:tensorflow:Early stopping conditioned on metric `val_precision_aware` which is not available. Available metrics are: loss,auc,val_loss,val_auc
56/56 - 2s - loss: 0.0840 - auc: 0.9175 - val_loss: 0.1656 - val_auc: 0.7704 - val_auc_custom: 0.7698 - val_f1_custom: 0.4941 - val_recall_custom: 0.3962 - val_composite: 0.5003 - val_precision_aware: 0.6303 - 2s/epoch - 38ms/step
Curriculum: set focal gamma = 1.0000 (epoch 51)
Epoch 51/60
WARNING:tensorflow:Can save best model only with val_precision_aware available, skipping.
WARNING:tensorflow:Early stopping conditioned on metric `val_precision_aware` which is not available. Available metrics are: loss,auc,val_loss,val_auc
56/56 - 2s - loss: 0.0801 - auc: 0.9204 - val_loss: 0.1583 - val_auc: 0.7860 - val_auc_custom: 0.7867 - val_f1_custom: 0.5495 - val_recall_custom: 0.4717 - val_composite: 0.5580 - val_precision_aware: 0.6511 - 2s/epoch - 37ms/step
Curriculum: set focal gamma = 1.0000 (epoch 52)
Epoch 52/60
WARNING:tensorflow:Can save best model only with val_precision_aware available, skipping.
WARNING:tensorflow:Early stopping conditioned on metric `val_precision_aware` which is not available. Available metrics are: loss,auc,val_loss,val_auc
56/56 - 2s - loss: 0.0808 - auc: 0.9222 - val_loss: 0.1801 - val_auc: 0.7826 - val_auc_custom: 0.7826 - val_f1_custom: 0.6372 - val_recall_custom: 0.6792 - val_composite: 0.6873 - val_precision_aware: 0.6477 - 2s/epoch - 39ms/step
Curriculum: set focal gamma = 1.0000 (epoch 53)
Epoch 53/60
WARNING:tensorflow:Can save best model only with val_precision_aware available, skipping.
WARNING:tensorflow:Early stopping conditioned on metric `val_precision_aware` which is not available. Available metrics are: loss,auc,val_loss,val_auc
56/56 - 2s - loss: 0.0776 - auc: 0.9291 - val_loss: 0.1589 - val_auc: 0.7888 - val_auc_custom: 0.7887 - val_f1_custom: 0.6154 - val_recall_custom: 0.6038 - val_composite: 0.6442 - val_precision_aware: 0.6561 - 2s/epoch - 40ms/step
Curriculum: set focal gamma = 1.0000 (epoch 54)
Epoch 54/60
WARNING:tensorflow:Can save best model only with val_precision_aware available, skipping.
WARNING:tensorflow:Early stopping conditioned on metric `val_precision_aware` which is not available. Available metrics are: loss,auc,val_loss,val_auc
56/56 - 2s - loss: 0.0850 - auc: 0.9154 - val_loss: 0.1478 - val_auc: 0.8197 - val_auc_custom: 0.8191 - val_f1_custom: 0.6408 - val_recall_custom: 0.6226 - val_composite: 0.6674 - val_precision_aware: 0.6861 - 2s/epoch - 34ms/step
Curriculum: set focal gamma = 1.0000 (epoch 55)
Epoch 55/60
WARNING:tensorflow:Can save best model only with val_precision_aware available, skipping.
WARNING:tensorflow:Early stopping conditioned on metric `val_precision_aware` which is not available. Available metrics are: loss,auc,val_loss,val_auc
56/56 - 2s - loss: 0.0794 - auc: 0.9262 - val_loss: 0.1713 - val_auc: 0.7926 - val_auc_custom: 0.7919 - val_f1_custom: 0.6842 - val_recall_custom: 0.7358 - val_composite: 0.7316 - val_precision_aware: 0.6833 - 2s/epoch - 36ms/step
Curriculum: set focal gamma = 1.0000 (epoch 56)
Epoch 56/60
WARNING:tensorflow:Can save best model only with val_precision_aware available, skipping.
WARNING:tensorflow:Early stopping conditioned on metric `val_precision_aware` which is not available. Available metrics are: loss,auc,val_loss,val_auc
56/56 - 2s - loss: 0.0753 - auc: 0.9364 - val_loss: 0.1691 - val_auc: 0.7808 - val_auc_custom: 0.7816 - val_f1_custom: 0.6200 - val_recall_custom: 0.5849 - val_composite: 0.6348 - val_precision_aware: 0.6721 - 2s/epoch - 39ms/step
Curriculum: set focal gamma = 1.0000 (epoch 57)
Epoch 57/60
WARNING:tensorflow:Can save best model only with val_precision_aware available, skipping.
WARNING:tensorflow:Early stopping conditioned on metric `val_precision_aware` which is not available. Available metrics are: loss,auc,val_loss,val_auc
56/56 - 2s - loss: 0.0773 - auc: 0.9329 - val_loss: 0.1685 - val_auc: 0.7790 - val_auc_custom: 0.7786 - val_f1_custom: 0.5833 - val_recall_custom: 0.5283 - val_composite: 0.5949 - val_precision_aware: 0.6563 - 2s/epoch - 41ms/step
Curriculum: set focal gamma = 1.0000 (epoch 58)
Epoch 58/60
WARNING:tensorflow:Can save best model only with val_precision_aware available, skipping.
WARNING:tensorflow:Early stopping conditioned on metric `val_precision_aware` which is not available. Available metrics are: loss,auc,val_loss,val_auc
56/56 - 2s - loss: 0.0711 - auc: 0.9415 - val_loss: 0.1843 - val_auc: 0.7792 - val_auc_custom: 0.7791 - val_f1_custom: 0.6226 - val_recall_custom: 0.6226 - val_composite: 0.6539 - val_precision_aware: 0.6539 - 2s/epoch - 41ms/step
Curriculum: set focal gamma = 1.0000 (epoch 59)
Epoch 59/60
WARNING:tensorflow:Can save best model only with val_precision_aware available, skipping.
WARNING:tensorflow:Early stopping conditioned on metric `val_precision_aware` which is not available. Available metrics are: loss,auc,val_loss,val_auc
56/56 - 2s - loss: 0.0780 - auc: 0.9289 - val_loss: 0.1525 - val_auc: 0.8079 - val_auc_custom: 0.8075 - val_f1_custom: 0.5714 - val_recall_custom: 0.4906 - val_composite: 0.5782 - val_precision_aware: 0.6750 - 2s/epoch - 38ms/step
Curriculum: set focal gamma = 1.0000 (epoch 60)
Epoch 60/60
WARNING:tensorflow:Can save best model only with val_precision_aware available, skipping.
WARNING:tensorflow:Early stopping conditioned on metric `val_precision_aware` which is not available. Available metrics are: loss,auc,val_loss,val_auc
56/56 - 2s - loss: 0.0735 - auc: 0.9336 - val_loss: 0.1795 - val_auc: 0.7879 - val_auc_custom: 0.7882 - val_f1_custom: 0.6486 - val_recall_custom: 0.6792 - val_composite: 0.6919 - val_precision_aware: 0.6626 - 2s/epoch - 38ms/step
Mask config -> mode=soft, threshold=0.6, window_gate=None
Done. Results saved to result_multi_seed_precision_aware/seed11/01
