2025-09-17 08:01:59.323892: I tensorflow/core/util/port.cc:110] oneDNN custom operations are on. You may see slightly different numerical results due to floating-point round-off errors from different computation orders. To turn them off, set the environment variable `TF_ENABLE_ONEDNN_OPTS=0`.
2025-09-17 08:01:59.354954: I tensorflow/core/platform/cpu_feature_guard.cc:182] This TensorFlow binary is optimized to use available CPU instructions in performance-critical operations.
To enable the following instructions: AVX2 AVX_VNNI FMA, in other operations, rebuild TensorFlow with the appropriate compiler flags.
2025-09-17 08:01:59.767849: W tensorflow/compiler/tf2tensorrt/utils/py_utils.cc:38] TF-TRT Warning: Could not find TensorRT
2025-09-17 08:02:00.178262: I tensorflow/compiler/xla/stream_executor/cuda/cuda_gpu_executor.cc:981] could not open file to read NUMA node: /sys/bus/pci/devices/0000:01:00.0/numa_node
Your kernel may have been built without NUMA support.
2025-09-17 08:02:00.198567: I tensorflow/compiler/xla/stream_executor/cuda/cuda_gpu_executor.cc:981] could not open file to read NUMA node: /sys/bus/pci/devices/0000:01:00.0/numa_node
Your kernel may have been built without NUMA support.
2025-09-17 08:02:00.198694: I tensorflow/compiler/xla/stream_executor/cuda/cuda_gpu_executor.cc:981] could not open file to read NUMA node: /sys/bus/pci/devices/0000:01:00.0/numa_node
Your kernel may have been built without NUMA support.
2025-09-17 08:02:00.199787: I tensorflow/compiler/xla/stream_executor/cuda/cuda_gpu_executor.cc:981] could not open file to read NUMA node: /sys/bus/pci/devices/0000:01:00.0/numa_node
Your kernel may have been built without NUMA support.
2025-09-17 08:02:00.199865: I tensorflow/compiler/xla/stream_executor/cuda/cuda_gpu_executor.cc:981] could not open file to read NUMA node: /sys/bus/pci/devices/0000:01:00.0/numa_node
Your kernel may have been built without NUMA support.
2025-09-17 08:02:00.199913: I tensorflow/compiler/xla/stream_executor/cuda/cuda_gpu_executor.cc:981] could not open file to read NUMA node: /sys/bus/pci/devices/0000:01:00.0/numa_node
Your kernel may have been built without NUMA support.
2025-09-17 08:02:00.306676: I tensorflow/compiler/xla/stream_executor/cuda/cuda_gpu_executor.cc:981] could not open file to read NUMA node: /sys/bus/pci/devices/0000:01:00.0/numa_node
Your kernel may have been built without NUMA support.
2025-09-17 08:02:00.306797: I tensorflow/compiler/xla/stream_executor/cuda/cuda_gpu_executor.cc:981] could not open file to read NUMA node: /sys/bus/pci/devices/0000:01:00.0/numa_node
Your kernel may have been built without NUMA support.
2025-09-17 08:02:00.306820: I tensorflow/core/common_runtime/gpu/gpu_device.cc:1726] Could not identify NUMA node of platform GPU id 0, defaulting to 0.  Your kernel may not have been built with NUMA support.
2025-09-17 08:02:00.306850: I tensorflow/compiler/xla/stream_executor/cuda/cuda_gpu_executor.cc:981] could not open file to read NUMA node: /sys/bus/pci/devices/0000:01:00.0/numa_node
Your kernel may have been built without NUMA support.
2025-09-17 08:02:00.306873: I tensorflow/core/common_runtime/gpu/gpu_device.cc:1639] Created device /job:localhost/replica:0/task:0/device:GPU:0 with 9517 MB memory:  -> device: 0, name: NVIDIA GeForce RTX 4070 SUPER, pci bus id: 0000:01:00.0, compute capability: 8.9
GPU detected: 1 physical, 1 logical -> ['/device:GPU:0']
Config: batch=16, accumulate_steps=8 -> effective_batch=128
Loaded (1276, 36, 75) (1276,)
Using mask channel "occlusion_flag" from long_raw (index 7)
Model: "cnn_bilstm_attn_masked"
__________________________________________________________________________________________________
 Layer (type)                Output Shape                 Param #   Connected to                  
==================================================================================================
 input (InputLayer)          [(None, 36, 75)]             0         []                            
                                                                                                  
 permute_time_features (Per  (None, 75, 36)               0         ['input[0][0]']               
 mute)                                                                                            
                                                                                                  
 conv0 (Conv1D)              (None, 75, 64)               6976      ['permute_time_features[0][0]'
                                                                    ]                             
                                                                                                  
 bn0 (BatchNormalization)    (None, 75, 64)               256       ['conv0[0][0]']               
                                                                                                  
 act0 (Activation)           (None, 75, 64)               0         ['bn0[0][0]']                 
                                                                                                  
 conv_dropout0 (Dropout)     (None, 75, 64)               0         ['act0[0][0]']                
                                                                                                  
 conv1 (Conv1D)              (None, 75, 64)               20544     ['conv_dropout0[0][0]']       
                                                                                                  
 bn1 (BatchNormalization)    (None, 75, 64)               256       ['conv1[0][0]']               
                                                                                                  
 act1 (Activation)           (None, 75, 64)               0         ['bn1[0][0]']                 
                                                                                                  
 conv_dropout1 (Dropout)     (None, 75, 64)               0         ['act1[0][0]']                
                                                                                                  
 conv2 (Conv1D)              (None, 75, 64)               12352     ['conv_dropout1[0][0]']       
                                                                                                  
 bn2 (BatchNormalization)    (None, 75, 64)               256       ['conv2[0][0]']               
                                                                                                  
 act2 (Activation)           (None, 75, 64)               0         ['bn2[0][0]']                 
                                                                                                  
 conv_dropout2 (Dropout)     (None, 75, 64)               0         ['act2[0][0]']                
                                                                                                  
 bilstm (Bidirectional)      (None, 75, 128)              66048     ['conv_dropout2[0][0]']       
                                                                                                  
 mlp_attn_u (Dense)          (None, 75, 32)               4128      ['bilstm[0][0]']              
                                                                                                  
 mlp_attn_score (Dense)      (None, 75, 1)                33        ['mlp_attn_u[0][0]']          
                                                                                                  
 mlp_attn_squeeze (Lambda)   (None, 75)                   0         ['mlp_attn_score[0][0]']      
                                                                                                  
 attn_mask (InputLayer)      [(None, 75)]                 0         []                            
                                                                                                  
 mlp_attn_apply_mask (Lambd  (None, 75)                   0         ['mlp_attn_squeeze[0][0]',    
 a)                                                                  'attn_mask[0][0]']           
                                                                                                  
 mlp_attn_softmax (Lambda)   (None, 75)                   0         ['mlp_attn_apply_mask[0][0]'] 
                                                                                                  
 mlp_attn_expand (Lambda)    (None, 75, 1)                0         ['mlp_attn_softmax[0][0]']    
                                                                                                  
 mlp_attn_weighted (Lambda)  (None, 128)                  0         ['bilstm[0][0]',              
                                                                     'mlp_attn_expand[0][0]']     
                                                                                                  
 fc1 (Dense)                 (None, 64)                   8256      ['mlp_attn_weighted[0][0]']   
                                                                                                  
 fc_dropout (Dropout)        (None, 64)                   0         ['fc1[0][0]']                 
                                                                                                  
 out (Dense)                 (None, 1)                    65        ['fc_dropout[0][0]']          
                                                                                                  
==================================================================================================
Total params: 119171 (465.51 KB)
Trainable params: 118786 (464.01 KB)
Non-trainable params: 385 (1.50 KB)
__________________________________________________________________________________________________
None
Writing results to /home/user/projects/train/model/long_window/CNN_BiLSTM/result_focal_refine/cw01_fg06/01
Curriculum: set focal gamma = 0.0000 (epoch 1)
Epoch 1/70
2025-09-17 08:02:04.939117: I tensorflow/compiler/xla/stream_executor/cuda/cuda_dnn.cc:432] Loaded cuDNN version 8600
2025-09-17 08:02:05.027550: I tensorflow/tsl/platform/default/subprocess.cc:304] Start cannot spawn child process: No such file or directory
2025-09-17 08:02:05.172420: I tensorflow/compiler/xla/stream_executor/cuda/cuda_blas.cc:606] TensorFloat-32 will be used for the matrix multiplication. This will only be logged once.
2025-09-17 08:02:05.488028: I tensorflow/compiler/xla/service/service.cc:168] XLA service 0x611e432940e0 initialized for platform CUDA (this does not guarantee that XLA will be used). Devices:
2025-09-17 08:02:05.488094: I tensorflow/compiler/xla/service/service.cc:176]   StreamExecutor device (0): NVIDIA GeForce RTX 4070 SUPER, Compute Capability 8.9
2025-09-17 08:02:05.491280: I tensorflow/compiler/mlir/tensorflow/utils/dump_mlir_util.cc:255] disabling MLIR crash reproducer, set env var `MLIR_CRASH_REPRODUCER_DIRECTORY` to enable.
2025-09-17 08:02:05.541517: I tensorflow/tsl/platform/default/subprocess.cc:304] Start cannot spawn child process: No such file or directory
2025-09-17 08:02:05.578153: I ./tensorflow/compiler/jit/device_compiler.h:186] Compiled cluster using XLA!  This line is logged at most once for the lifetime of the process.
56/56 - 7s - loss: 0.2953 - auc: 0.5139 - val_loss: 0.3204 - val_auc: 0.5791 - val_auc_custom: 0.5776 - val_f1_custom: 0.0000e+00 - val_recall_custom: 0.0000e+00 - 7s/epoch - 125ms/step
Curriculum: set focal gamma = 0.0842 (epoch 2)
Epoch 2/70
56/56 - 1s - loss: 0.2436 - auc: 0.5449 - val_loss: 0.2728 - val_auc: 0.5600 - val_auc_custom: 0.5582 - val_f1_custom: 0.0000e+00 - val_recall_custom: 0.0000e+00 - 1s/epoch - 21ms/step
Curriculum: set focal gamma = 0.1684 (epoch 3)
Epoch 3/70
56/56 - 1s - loss: 0.2231 - auc: 0.5307 - val_loss: 0.2464 - val_auc: 0.5677 - val_auc_custom: 0.5673 - val_f1_custom: 0.0000e+00 - val_recall_custom: 0.0000e+00 - 1s/epoch - 21ms/step
Curriculum: set focal gamma = 0.2526 (epoch 4)
Epoch 4/70
56/56 - 1s - loss: 0.2091 - auc: 0.5806 - val_loss: 0.2324 - val_auc: 0.5769 - val_auc_custom: 0.5758 - val_f1_custom: 0.0000e+00 - val_recall_custom: 0.0000e+00 - 1s/epoch - 21ms/step
Curriculum: set focal gamma = 0.3368 (epoch 5)
Epoch 5/70
56/56 - 1s - loss: 0.1941 - auc: 0.5966 - val_loss: 0.2179 - val_auc: 0.5847 - val_auc_custom: 0.5819 - val_f1_custom: 0.0000e+00 - val_recall_custom: 0.0000e+00 - 1s/epoch - 22ms/step
Curriculum: set focal gamma = 0.4211 (epoch 6)
Epoch 6/70
56/56 - 1s - loss: 0.1826 - auc: 0.6021 - val_loss: 0.2044 - val_auc: 0.5882 - val_auc_custom: 0.5889 - val_f1_custom: 0.0000e+00 - val_recall_custom: 0.0000e+00 - 1s/epoch - 22ms/step
Curriculum: set focal gamma = 0.5053 (epoch 7)
Epoch 7/70
56/56 - 1s - loss: 0.1679 - auc: 0.6529 - val_loss: 0.1933 - val_auc: 0.5897 - val_auc_custom: 0.5902 - val_f1_custom: 0.0000e+00 - val_recall_custom: 0.0000e+00 - 1s/epoch - 22ms/step
Curriculum: set focal gamma = 0.5895 (epoch 8)
Epoch 8/70
56/56 - 1s - loss: 0.1595 - auc: 0.6411 - val_loss: 0.1832 - val_auc: 0.5931 - val_auc_custom: 0.5945 - val_f1_custom: 0.0000e+00 - val_recall_custom: 0.0000e+00 - 1s/epoch - 22ms/step
Curriculum: set focal gamma = 0.6737 (epoch 9)
Epoch 9/70
56/56 - 1s - loss: 0.1502 - auc: 0.6494 - val_loss: 0.1733 - val_auc: 0.5942 - val_auc_custom: 0.5960 - val_f1_custom: 0.0000e+00 - val_recall_custom: 0.0000e+00 - 1s/epoch - 23ms/step
Curriculum: set focal gamma = 0.7579 (epoch 10)
Epoch 10/70
56/56 - 1s - loss: 0.1394 - auc: 0.6755 - val_loss: 0.1633 - val_auc: 0.5952 - val_auc_custom: 0.5962 - val_f1_custom: 0.0000e+00 - val_recall_custom: 0.0000e+00 - 1s/epoch - 22ms/step
Curriculum: set focal gamma = 0.8421 (epoch 11)
Epoch 11/70
56/56 - 1s - loss: 0.1320 - auc: 0.6703 - val_loss: 0.1539 - val_auc: 0.6011 - val_auc_custom: 0.6013 - val_f1_custom: 0.0000e+00 - val_recall_custom: 0.0000e+00 - 1s/epoch - 23ms/step
Curriculum: set focal gamma = 0.9263 (epoch 12)
Epoch 12/70
56/56 - 1s - loss: 0.1224 - auc: 0.6962 - val_loss: 0.1447 - val_auc: 0.6057 - val_auc_custom: 0.6075 - val_f1_custom: 0.0370 - val_recall_custom: 0.0189 - 1s/epoch - 22ms/step
Curriculum: set focal gamma = 1.0105 (epoch 13)
Epoch 13/70
56/56 - 1s - loss: 0.1171 - auc: 0.6783 - val_loss: 0.1365 - val_auc: 0.6169 - val_auc_custom: 0.6148 - val_f1_custom: 0.0727 - val_recall_custom: 0.0377 - 1s/epoch - 22ms/step
Curriculum: set focal gamma = 1.0947 (epoch 14)
Epoch 14/70
56/56 - 1s - loss: 0.1090 - auc: 0.6936 - val_loss: 0.1295 - val_auc: 0.6157 - val_auc_custom: 0.6131 - val_f1_custom: 0.1356 - val_recall_custom: 0.0755 - 1s/epoch - 21ms/step
Curriculum: set focal gamma = 1.1789 (epoch 15)
Epoch 15/70
56/56 - 1s - loss: 0.1012 - auc: 0.7182 - val_loss: 0.1225 - val_auc: 0.6189 - val_auc_custom: 0.6211 - val_f1_custom: 0.1967 - val_recall_custom: 0.1132 - 1s/epoch - 22ms/step
Curriculum: set focal gamma = 1.2632 (epoch 16)
Epoch 16/70
56/56 - 1s - loss: 0.0938 - auc: 0.7416 - val_loss: 0.1162 - val_auc: 0.6309 - val_auc_custom: 0.6312 - val_f1_custom: 0.2154 - val_recall_custom: 0.1321 - 1s/epoch - 23ms/step
Curriculum: set focal gamma = 1.3474 (epoch 17)
Epoch 17/70
56/56 - 1s - loss: 0.0878 - auc: 0.7442 - val_loss: 0.1075 - val_auc: 0.6475 - val_auc_custom: 0.6465 - val_f1_custom: 0.2424 - val_recall_custom: 0.1509 - 1s/epoch - 22ms/step
Curriculum: set focal gamma = 1.4316 (epoch 18)
Epoch 18/70
56/56 - 1s - loss: 0.0832 - auc: 0.7439 - val_loss: 0.1013 - val_auc: 0.6585 - val_auc_custom: 0.6584 - val_f1_custom: 0.2941 - val_recall_custom: 0.1887 - 1s/epoch - 23ms/step
Curriculum: set focal gamma = 1.5158 (epoch 19)
Epoch 19/70
56/56 - 1s - loss: 0.0779 - auc: 0.7510 - val_loss: 0.0961 - val_auc: 0.6635 - val_auc_custom: 0.6634 - val_f1_custom: 0.2899 - val_recall_custom: 0.1887 - 1s/epoch - 22ms/step
Curriculum: set focal gamma = 1.6000 (epoch 20)
Epoch 20/70
56/56 - 1s - loss: 0.0721 - auc: 0.7618 - val_loss: 0.0903 - val_auc: 0.6722 - val_auc_custom: 0.6742 - val_f1_custom: 0.2857 - val_recall_custom: 0.1887 - 1s/epoch - 22ms/step
Curriculum: set focal gamma = 1.6000 (epoch 21)
Epoch 21/70
56/56 - 1s - loss: 0.0712 - auc: 0.7762 - val_loss: 0.0917 - val_auc: 0.6805 - val_auc_custom: 0.6813 - val_f1_custom: 0.3750 - val_recall_custom: 0.2830 - 1s/epoch - 22ms/step
Curriculum: set focal gamma = 1.6000 (epoch 22)
Epoch 22/70
56/56 - 1s - loss: 0.0702 - auc: 0.7823 - val_loss: 0.0908 - val_auc: 0.6829 - val_auc_custom: 0.6855 - val_f1_custom: 0.3467 - val_recall_custom: 0.2453 - 1s/epoch - 22ms/step
Curriculum: set focal gamma = 1.6000 (epoch 23)
Epoch 23/70
56/56 - 1s - loss: 0.0709 - auc: 0.7747 - val_loss: 0.0896 - val_auc: 0.6980 - val_auc_custom: 0.6981 - val_f1_custom: 0.3784 - val_recall_custom: 0.2642 - 1s/epoch - 22ms/step
Curriculum: set focal gamma = 1.6000 (epoch 24)
Epoch 24/70
56/56 - 1s - loss: 0.0691 - auc: 0.7955 - val_loss: 0.0949 - val_auc: 0.6786 - val_auc_custom: 0.6780 - val_f1_custom: 0.4615 - val_recall_custom: 0.3962 - 1s/epoch - 20ms/step
Curriculum: set focal gamma = 1.6000 (epoch 25)
Epoch 25/70
56/56 - 1s - loss: 0.0664 - auc: 0.8177 - val_loss: 0.0949 - val_auc: 0.6912 - val_auc_custom: 0.6906 - val_f1_custom: 0.5000 - val_recall_custom: 0.4340 - 1s/epoch - 20ms/step
Curriculum: set focal gamma = 1.6000 (epoch 26)
Epoch 26/70
56/56 - 1s - loss: 0.0659 - auc: 0.8185 - val_loss: 0.0899 - val_auc: 0.7245 - val_auc_custom: 0.7263 - val_f1_custom: 0.4524 - val_recall_custom: 0.3585 - 1s/epoch - 21ms/step
Curriculum: set focal gamma = 1.6000 (epoch 27)
Epoch 27/70
56/56 - 1s - loss: 0.0669 - auc: 0.8113 - val_loss: 0.0986 - val_auc: 0.7058 - val_auc_custom: 0.7062 - val_f1_custom: 0.5149 - val_recall_custom: 0.4906 - 1s/epoch - 20ms/step
Curriculum: set focal gamma = 1.6000 (epoch 28)
Epoch 28/70
56/56 - 1s - loss: 0.0653 - auc: 0.8220 - val_loss: 0.1032 - val_auc: 0.6912 - val_auc_custom: 0.6916 - val_f1_custom: 0.5524 - val_recall_custom: 0.5472 - 1s/epoch - 20ms/step
Curriculum: set focal gamma = 1.6000 (epoch 29)
Epoch 29/70
56/56 - 1s - loss: 0.0636 - auc: 0.8348 - val_loss: 0.0863 - val_auc: 0.7387 - val_auc_custom: 0.7394 - val_f1_custom: 0.4390 - val_recall_custom: 0.3396 - 1s/epoch - 22ms/step
Curriculum: set focal gamma = 1.6000 (epoch 30)
Epoch 30/70
56/56 - 1s - loss: 0.0635 - auc: 0.8391 - val_loss: 0.1007 - val_auc: 0.7145 - val_auc_custom: 0.7150 - val_f1_custom: 0.5714 - val_recall_custom: 0.5660 - 1s/epoch - 20ms/step
Curriculum: set focal gamma = 1.6000 (epoch 31)
Epoch 31/70
56/56 - 1s - loss: 0.0612 - auc: 0.8494 - val_loss: 0.0943 - val_auc: 0.7307 - val_auc_custom: 0.7301 - val_f1_custom: 0.5306 - val_recall_custom: 0.4906 - 1s/epoch - 20ms/step
Curriculum: set focal gamma = 1.6000 (epoch 32)
Epoch 32/70
56/56 - 1s - loss: 0.0614 - auc: 0.8481 - val_loss: 0.0951 - val_auc: 0.7377 - val_auc_custom: 0.7379 - val_f1_custom: 0.5253 - val_recall_custom: 0.4906 - 1s/epoch - 20ms/step
Curriculum: set focal gamma = 1.6000 (epoch 33)
Epoch 33/70
56/56 - 1s - loss: 0.0581 - auc: 0.8674 - val_loss: 0.1014 - val_auc: 0.7155 - val_auc_custom: 0.7152 - val_f1_custom: 0.5490 - val_recall_custom: 0.5283 - 1s/epoch - 20ms/step
Curriculum: set focal gamma = 1.6000 (epoch 34)
Epoch 34/70
56/56 - 1s - loss: 0.0590 - auc: 0.8631 - val_loss: 0.0959 - val_auc: 0.7413 - val_auc_custom: 0.7394 - val_f1_custom: 0.5769 - val_recall_custom: 0.5660 - 1s/epoch - 22ms/step
Curriculum: set focal gamma = 1.6000 (epoch 35)
Epoch 35/70
56/56 - 1s - loss: 0.0557 - auc: 0.8826 - val_loss: 0.1105 - val_auc: 0.7151 - val_auc_custom: 0.7145 - val_f1_custom: 0.6087 - val_recall_custom: 0.6604 - 1s/epoch - 20ms/step
Curriculum: set focal gamma = 1.6000 (epoch 36)
Epoch 36/70
56/56 - 1s - loss: 0.0541 - auc: 0.8884 - val_loss: 0.0981 - val_auc: 0.7204 - val_auc_custom: 0.7213 - val_f1_custom: 0.4565 - val_recall_custom: 0.3962 - 1s/epoch - 20ms/step
Curriculum: set focal gamma = 1.6000 (epoch 37)
Epoch 37/70
56/56 - 1s - loss: 0.0567 - auc: 0.8748 - val_loss: 0.1070 - val_auc: 0.7274 - val_auc_custom: 0.7273 - val_f1_custom: 0.5965 - val_recall_custom: 0.6415 - 1s/epoch - 20ms/step
Curriculum: set focal gamma = 1.6000 (epoch 38)
Epoch 38/70
56/56 - 1s - loss: 0.0547 - auc: 0.8825 - val_loss: 0.1114 - val_auc: 0.6996 - val_auc_custom: 0.7006 - val_f1_custom: 0.5636 - val_recall_custom: 0.5849 - 1s/epoch - 20ms/step
Curriculum: set focal gamma = 1.6000 (epoch 39)
Epoch 39/70
56/56 - 1s - loss: 0.0547 - auc: 0.8851 - val_loss: 0.0986 - val_auc: 0.7370 - val_auc_custom: 0.7366 - val_f1_custom: 0.5631 - val_recall_custom: 0.5472 - 1s/epoch - 20ms/step
Curriculum: set focal gamma = 1.6000 (epoch 40)
Epoch 40/70
56/56 - 1s - loss: 0.0487 - auc: 0.9133 - val_loss: 0.1095 - val_auc: 0.7291 - val_auc_custom: 0.7293 - val_f1_custom: 0.6034 - val_recall_custom: 0.6604 - 1s/epoch - 20ms/step
Curriculum: set focal gamma = 1.6000 (epoch 41)
Epoch 41/70
56/56 - 1s - loss: 0.0520 - auc: 0.8969 - val_loss: 0.0983 - val_auc: 0.7484 - val_auc_custom: 0.7477 - val_f1_custom: 0.5000 - val_recall_custom: 0.4717 - 1s/epoch - 21ms/step
Curriculum: set focal gamma = 1.6000 (epoch 42)
Epoch 42/70
56/56 - 1s - loss: 0.0515 - auc: 0.8976 - val_loss: 0.1133 - val_auc: 0.7341 - val_auc_custom: 0.7348 - val_f1_custom: 0.5983 - val_recall_custom: 0.6604 - 1s/epoch - 20ms/step
Curriculum: set focal gamma = 1.6000 (epoch 43)
Epoch 43/70
56/56 - 1s - loss: 0.0496 - auc: 0.9115 - val_loss: 0.1135 - val_auc: 0.7109 - val_auc_custom: 0.7112 - val_f1_custom: 0.5370 - val_recall_custom: 0.5472 - 1s/epoch - 20ms/step
Curriculum: set focal gamma = 1.6000 (epoch 44)
Epoch 44/70
56/56 - 1s - loss: 0.0478 - auc: 0.9147 - val_loss: 0.1294 - val_auc: 0.7072 - val_auc_custom: 0.7064 - val_f1_custom: 0.5833 - val_recall_custom: 0.6604 - 1s/epoch - 19ms/step
Curriculum: set focal gamma = 1.6000 (epoch 45)
Epoch 45/70
56/56 - 1s - loss: 0.0465 - auc: 0.9208 - val_loss: 0.1032 - val_auc: 0.7434 - val_auc_custom: 0.7429 - val_f1_custom: 0.5849 - val_recall_custom: 0.5849 - 1s/epoch - 19ms/step
Curriculum: set focal gamma = 1.6000 (epoch 46)
Epoch 46/70
56/56 - 1s - loss: 0.0446 - auc: 0.9302 - val_loss: 0.1326 - val_auc: 0.7196 - val_auc_custom: 0.7200 - val_f1_custom: 0.5882 - val_recall_custom: 0.6604 - 1s/epoch - 20ms/step
Curriculum: set focal gamma = 1.6000 (epoch 47)
Epoch 47/70
56/56 - 1s - loss: 0.0482 - auc: 0.9128 - val_loss: 0.1209 - val_auc: 0.7360 - val_auc_custom: 0.7356 - val_f1_custom: 0.6071 - val_recall_custom: 0.6415 - 1s/epoch - 21ms/step
Curriculum: set focal gamma = 1.6000 (epoch 48)
Epoch 48/70
56/56 - 1s - loss: 0.0458 - auc: 0.9204 - val_loss: 0.1199 - val_auc: 0.7384 - val_auc_custom: 0.7379 - val_f1_custom: 0.6071 - val_recall_custom: 0.6415 - 1s/epoch - 20ms/step
Curriculum: set focal gamma = 1.6000 (epoch 49)
Epoch 49/70
56/56 - 1s - loss: 0.0452 - auc: 0.9278 - val_loss: 0.1365 - val_auc: 0.7226 - val_auc_custom: 0.7225 - val_f1_custom: 0.5882 - val_recall_custom: 0.6604 - 1s/epoch - 20ms/step
Curriculum: set focal gamma = 1.6000 (epoch 50)
Epoch 50/70
56/56 - 1s - loss: 0.0433 - auc: 0.9304 - val_loss: 0.1130 - val_auc: 0.7488 - val_auc_custom: 0.7474 - val_f1_custom: 0.5741 - val_recall_custom: 0.5849 - 1s/epoch - 22ms/step
Curriculum: set focal gamma = 1.6000 (epoch 51)
Epoch 51/70
56/56 - 1s - loss: 0.0453 - auc: 0.9231 - val_loss: 0.1492 - val_auc: 0.7397 - val_auc_custom: 0.7396 - val_f1_custom: 0.5950 - val_recall_custom: 0.6792 - 1s/epoch - 21ms/step
Curriculum: set focal gamma = 1.6000 (epoch 52)
Epoch 52/70
56/56 - 1s - loss: 0.0418 - auc: 0.9324 - val_loss: 0.1258 - val_auc: 0.7426 - val_auc_custom: 0.7431 - val_f1_custom: 0.5841 - val_recall_custom: 0.6226 - 1s/epoch - 21ms/step
Curriculum: set focal gamma = 1.6000 (epoch 53)
Epoch 53/70
56/56 - 1s - loss: 0.0421 - auc: 0.9336 - val_loss: 0.1363 - val_auc: 0.7353 - val_auc_custom: 0.7366 - val_f1_custom: 0.5913 - val_recall_custom: 0.6415 - 1s/epoch - 21ms/step
Curriculum: set focal gamma = 1.6000 (epoch 54)
Epoch 54/70
56/56 - 1s - loss: 0.0409 - auc: 0.9371 - val_loss: 0.1754 - val_auc: 0.7272 - val_auc_custom: 0.7270 - val_f1_custom: 0.5902 - val_recall_custom: 0.6792 - 1s/epoch - 20ms/step
Curriculum: set focal gamma = 1.6000 (epoch 55)
Epoch 55/70
56/56 - 1s - loss: 0.0391 - auc: 0.9433 - val_loss: 0.1511 - val_auc: 0.7436 - val_auc_custom: 0.7434 - val_f1_custom: 0.6000 - val_recall_custom: 0.6792 - 1s/epoch - 20ms/step
Curriculum: set focal gamma = 1.6000 (epoch 56)
Epoch 56/70
56/56 - 1s - loss: 0.0375 - auc: 0.9507 - val_loss: 0.1785 - val_auc: 0.7209 - val_auc_custom: 0.7205 - val_f1_custom: 0.5920 - val_recall_custom: 0.6981 - 1s/epoch - 20ms/step
Curriculum: set focal gamma = 1.6000 (epoch 57)
Epoch 57/70
56/56 - 1s - loss: 0.0398 - auc: 0.9418 - val_loss: 0.1362 - val_auc: 0.7460 - val_auc_custom: 0.7462 - val_f1_custom: 0.5926 - val_recall_custom: 0.6038 - 1s/epoch - 20ms/step
Curriculum: set focal gamma = 1.6000 (epoch 58)
Epoch 58/70
56/56 - 1s - loss: 0.0398 - auc: 0.9418 - val_loss: 0.1493 - val_auc: 0.7606 - val_auc_custom: 0.7610 - val_f1_custom: 0.6207 - val_recall_custom: 0.6792 - 1s/epoch - 22ms/step
Curriculum: set focal gamma = 1.6000 (epoch 59)
Epoch 59/70
56/56 - 1s - loss: 0.0395 - auc: 0.9448 - val_loss: 0.1197 - val_auc: 0.7650 - val_auc_custom: 0.7645 - val_f1_custom: 0.5769 - val_recall_custom: 0.5660 - 1s/epoch - 22ms/step
Curriculum: set focal gamma = 1.6000 (epoch 60)
Epoch 60/70
56/56 - 1s - loss: 0.0365 - auc: 0.9504 - val_loss: 0.1930 - val_auc: 0.7397 - val_auc_custom: 0.7409 - val_f1_custom: 0.5984 - val_recall_custom: 0.7170 - 1s/epoch - 19ms/step
Curriculum: set focal gamma = 1.6000 (epoch 61)
Epoch 61/70
56/56 - 1s - loss: 0.0428 - auc: 0.9338 - val_loss: 0.1047 - val_auc: 0.7809 - val_auc_custom: 0.7811 - val_f1_custom: 0.5870 - val_recall_custom: 0.5094 - 1s/epoch - 22ms/step
Curriculum: set focal gamma = 1.6000 (epoch 62)
Epoch 62/70
56/56 - 1s - loss: 0.0377 - auc: 0.9480 - val_loss: 0.1466 - val_auc: 0.7556 - val_auc_custom: 0.7555 - val_f1_custom: 0.6018 - val_recall_custom: 0.6415 - 1s/epoch - 20ms/step
Curriculum: set focal gamma = 1.6000 (epoch 63)
Epoch 63/70
56/56 - 1s - loss: 0.0405 - auc: 0.9429 - val_loss: 0.1329 - val_auc: 0.7579 - val_auc_custom: 0.7590 - val_f1_custom: 0.6000 - val_recall_custom: 0.6226 - 1s/epoch - 20ms/step
Curriculum: set focal gamma = 1.6000 (epoch 64)
Epoch 64/70
56/56 - 1s - loss: 0.0366 - auc: 0.9496 - val_loss: 0.1197 - val_auc: 0.7556 - val_auc_custom: 0.7557 - val_f1_custom: 0.5825 - val_recall_custom: 0.5660 - 1s/epoch - 21ms/step
Curriculum: set focal gamma = 1.6000 (epoch 65)
Epoch 65/70
56/56 - 1s - loss: 0.0361 - auc: 0.9540 - val_loss: 0.1620 - val_auc: 0.7518 - val_auc_custom: 0.7519 - val_f1_custom: 0.6271 - val_recall_custom: 0.6981 - 1s/epoch - 19ms/step
Curriculum: set focal gamma = 1.6000 (epoch 66)
Epoch 66/70
56/56 - 1s - loss: 0.0360 - auc: 0.9535 - val_loss: 0.1499 - val_auc: 0.7608 - val_auc_custom: 0.7613 - val_f1_custom: 0.6018 - val_recall_custom: 0.6415 - 1s/epoch - 22ms/step
Curriculum: set focal gamma = 1.6000 (epoch 67)
Epoch 67/70
56/56 - 1s - loss: 0.0325 - auc: 0.9632 - val_loss: 0.1287 - val_auc: 0.7639 - val_auc_custom: 0.7633 - val_f1_custom: 0.5545 - val_recall_custom: 0.5283 - 1s/epoch - 21ms/step
Curriculum: set focal gamma = 1.6000 (epoch 68)
Epoch 68/70
56/56 - 1s - loss: 0.0345 - auc: 0.9566 - val_loss: 0.1713 - val_auc: 0.7619 - val_auc_custom: 0.7623 - val_f1_custom: 0.6195 - val_recall_custom: 0.6604 - 1s/epoch - 20ms/step
Curriculum: set focal gamma = 1.6000 (epoch 69)
Epoch 69/70
56/56 - 1s - loss: 0.0337 - auc: 0.9599 - val_loss: 0.1637 - val_auc: 0.7650 - val_auc_custom: 0.7653 - val_f1_custom: 0.6182 - val_recall_custom: 0.6415 - 1s/epoch - 21ms/step
Curriculum: set focal gamma = 1.6000 (epoch 70)
Epoch 70/70
56/56 - 1s - loss: 0.0311 - auc: 0.9650 - val_loss: 0.1868 - val_auc: 0.7481 - val_auc_custom: 0.7477 - val_f1_custom: 0.6207 - val_recall_custom: 0.6792 - 1s/epoch - 20ms/step
Mask config -> mode=soft, threshold=0.6, window_gate=None
Done. Results saved to /home/user/projects/train/model/long_window/CNN_BiLSTM/result_focal_refine/cw01_fg06/01
