2025-09-18 16:10:40.047224: I tensorflow/core/util/port.cc:110] oneDNN custom operations are on. You may see slightly different numerical results due to floating-point round-off errors from different computation orders. To turn them off, set the environment variable `TF_ENABLE_ONEDNN_OPTS=0`.
2025-09-18 16:10:40.111347: I tensorflow/core/platform/cpu_feature_guard.cc:182] This TensorFlow binary is optimized to use available CPU instructions in performance-critical operations.
To enable the following instructions: AVX2 AVX_VNNI FMA, in other operations, rebuild TensorFlow with the appropriate compiler flags.
2025-09-18 16:10:40.961640: W tensorflow/compiler/tf2tensorrt/utils/py_utils.cc:38] TF-TRT Warning: Could not find TensorRT
2025-09-18 16:10:42.270451: I tensorflow/compiler/xla/stream_executor/cuda/cuda_gpu_executor.cc:981] could not open file to read NUMA node: /sys/bus/pci/devices/0000:01:00.0/numa_node
Your kernel may have been built without NUMA support.
2025-09-18 16:10:42.294575: I tensorflow/compiler/xla/stream_executor/cuda/cuda_gpu_executor.cc:981] could not open file to read NUMA node: /sys/bus/pci/devices/0000:01:00.0/numa_node
Your kernel may have been built without NUMA support.
2025-09-18 16:10:42.294692: I tensorflow/compiler/xla/stream_executor/cuda/cuda_gpu_executor.cc:981] could not open file to read NUMA node: /sys/bus/pci/devices/0000:01:00.0/numa_node
Your kernel may have been built without NUMA support.
2025-09-18 16:10:42.296268: I tensorflow/compiler/xla/stream_executor/cuda/cuda_gpu_executor.cc:981] could not open file to read NUMA node: /sys/bus/pci/devices/0000:01:00.0/numa_node
Your kernel may have been built without NUMA support.
2025-09-18 16:10:42.296372: I tensorflow/compiler/xla/stream_executor/cuda/cuda_gpu_executor.cc:981] could not open file to read NUMA node: /sys/bus/pci/devices/0000:01:00.0/numa_node
Your kernel may have been built without NUMA support.
2025-09-18 16:10:42.296398: I tensorflow/compiler/xla/stream_executor/cuda/cuda_gpu_executor.cc:981] could not open file to read NUMA node: /sys/bus/pci/devices/0000:01:00.0/numa_node
Your kernel may have been built without NUMA support.
2025-09-18 16:10:42.510913: I tensorflow/compiler/xla/stream_executor/cuda/cuda_gpu_executor.cc:981] could not open file to read NUMA node: /sys/bus/pci/devices/0000:01:00.0/numa_node
Your kernel may have been built without NUMA support.
2025-09-18 16:10:42.511038: I tensorflow/compiler/xla/stream_executor/cuda/cuda_gpu_executor.cc:981] could not open file to read NUMA node: /sys/bus/pci/devices/0000:01:00.0/numa_node
Your kernel may have been built without NUMA support.
2025-09-18 16:10:42.511048: I tensorflow/core/common_runtime/gpu/gpu_device.cc:1726] Could not identify NUMA node of platform GPU id 0, defaulting to 0.  Your kernel may not have been built with NUMA support.
2025-09-18 16:10:42.511072: I tensorflow/compiler/xla/stream_executor/cuda/cuda_gpu_executor.cc:981] could not open file to read NUMA node: /sys/bus/pci/devices/0000:01:00.0/numa_node
Your kernel may have been built without NUMA support.
2025-09-18 16:10:42.511095: I tensorflow/core/common_runtime/gpu/gpu_device.cc:1639] Created device /job:localhost/replica:0/task:0/device:GPU:0 with 9517 MB memory:  -> device: 0, name: NVIDIA GeForce RTX 4070 SUPER, pci bus id: 0000:01:00.0, compute capability: 8.9
GPU detected: 1 physical, 1 logical -> ['/device:GPU:0']
Config: batch=16, accumulate_steps=8 -> effective_batch=128
Loaded (1276, 36, 75) (1276,)
Using mask channel "occlusion_flag" from long_raw (index 7)
Model: "cnn_bilstm_attn_masked"
__________________________________________________________________________________________________
 Layer (type)                Output Shape                 Param #   Connected to                  
==================================================================================================
 input (InputLayer)          [(None, 36, 75)]             0         []                            
                                                                                                  
 permute_time_features (Per  (None, 75, 36)               0         ['input[0][0]']               
 mute)                                                                                            
                                                                                                  
 conv0 (Conv1D)              (None, 75, 64)               6976      ['permute_time_features[0][0]'
                                                                    ]                             
                                                                                                  
 bn0 (BatchNormalization)    (None, 75, 64)               256       ['conv0[0][0]']               
                                                                                                  
 act0 (Activation)           (None, 75, 64)               0         ['bn0[0][0]']                 
                                                                                                  
 conv_dropout0 (Dropout)     (None, 75, 64)               0         ['act0[0][0]']                
                                                                                                  
 conv1 (Conv1D)              (None, 75, 64)               20544     ['conv_dropout0[0][0]']       
                                                                                                  
 bn1 (BatchNormalization)    (None, 75, 64)               256       ['conv1[0][0]']               
                                                                                                  
 act1 (Activation)           (None, 75, 64)               0         ['bn1[0][0]']                 
                                                                                                  
 conv_dropout1 (Dropout)     (None, 75, 64)               0         ['act1[0][0]']                
                                                                                                  
 conv2 (Conv1D)              (None, 75, 64)               12352     ['conv_dropout1[0][0]']       
                                                                                                  
 bn2 (BatchNormalization)    (None, 75, 64)               256       ['conv2[0][0]']               
                                                                                                  
 act2 (Activation)           (None, 75, 64)               0         ['bn2[0][0]']                 
                                                                                                  
 conv_dropout2 (Dropout)     (None, 75, 64)               0         ['act2[0][0]']                
                                                                                                  
 bilstm (Bidirectional)      (None, 75, 128)              66048     ['conv_dropout2[0][0]']       
                                                                                                  
 mlp_attn_u (Dense)          (None, 75, 32)               4128      ['bilstm[0][0]']              
                                                                                                  
 mlp_attn_score (Dense)      (None, 75, 1)                33        ['mlp_attn_u[0][0]']          
                                                                                                  
 mlp_attn_squeeze (Lambda)   (None, 75)                   0         ['mlp_attn_score[0][0]']      
                                                                                                  
 attn_mask (InputLayer)      [(None, 75)]                 0         []                            
                                                                                                  
 mlp_attn_apply_mask (Lambd  (None, 75)                   0         ['mlp_attn_squeeze[0][0]',    
 a)                                                                  'attn_mask[0][0]']           
                                                                                                  
 mlp_attn_softmax (Lambda)   (None, 75)                   0         ['mlp_attn_apply_mask[0][0]'] 
                                                                                                  
 mlp_attn_expand (Lambda)    (None, 75, 1)                0         ['mlp_attn_softmax[0][0]']    
                                                                                                  
 mlp_attn_weighted (Lambda)  (None, 128)                  0         ['bilstm[0][0]',              
                                                                     'mlp_attn_expand[0][0]']     
                                                                                                  
 fc1 (Dense)                 (None, 64)                   8256      ['mlp_attn_weighted[0][0]']   
                                                                                                  
 fc_dropout (Dropout)        (None, 64)                   0         ['fc1[0][0]']                 
                                                                                                  
 out (Dense)                 (None, 1)                    65        ['fc_dropout[0][0]']          
                                                                                                  
==================================================================================================
Total params: 119171 (465.51 KB)
Trainable params: 118786 (464.01 KB)
Non-trainable params: 385 (1.50 KB)
__________________________________________________________________________________________________
None
Writing results to result_multi_seed_precision_aware/seed16/01
Curriculum: set focal gamma = 0.0000 (epoch 1)
Epoch 1/60
2025-09-18 16:10:47.970384: I tensorflow/compiler/xla/stream_executor/cuda/cuda_dnn.cc:432] Loaded cuDNN version 8600
2025-09-18 16:10:48.043832: I tensorflow/tsl/platform/default/subprocess.cc:304] Start cannot spawn child process: No such file or directory
2025-09-18 16:10:48.167695: I tensorflow/compiler/xla/stream_executor/cuda/cuda_blas.cc:606] TensorFloat-32 will be used for the matrix multiplication. This will only be logged once.
2025-09-18 16:10:48.473205: I tensorflow/compiler/xla/service/service.cc:168] XLA service 0x7e8810006b80 initialized for platform CUDA (this does not guarantee that XLA will be used). Devices:
2025-09-18 16:10:48.473261: I tensorflow/compiler/xla/service/service.cc:176]   StreamExecutor device (0): NVIDIA GeForce RTX 4070 SUPER, Compute Capability 8.9
2025-09-18 16:10:48.476712: I tensorflow/compiler/mlir/tensorflow/utils/dump_mlir_util.cc:255] disabling MLIR crash reproducer, set env var `MLIR_CRASH_REPRODUCER_DIRECTORY` to enable.
2025-09-18 16:10:48.530586: I tensorflow/tsl/platform/default/subprocess.cc:304] Start cannot spawn child process: No such file or directory
2025-09-18 16:10:48.573082: I ./tensorflow/compiler/jit/device_compiler.h:186] Compiled cluster using XLA!  This line is logged at most once for the lifetime of the process.
WARNING:tensorflow:Can save best model only with val_precision_aware available, skipping.
WARNING:tensorflow:Early stopping conditioned on metric `val_precision_aware` which is not available. Available metrics are: loss,auc,val_loss,val_auc
56/56 - 7s - loss: 0.3430 - auc: 0.5085 - val_loss: 0.3465 - val_auc: 0.5784 - val_auc_custom: 0.5862 - val_f1_custom: 0.1000 - val_recall_custom: 0.0566 - val_composite: 0.1755 - val_precision_aware: 0.3615 - 7s/epoch - 129ms/step
Curriculum: set focal gamma = 0.0526 (epoch 2)
Epoch 2/60
WARNING:tensorflow:Can save best model only with val_precision_aware available, skipping.
WARNING:tensorflow:Early stopping conditioned on metric `val_precision_aware` which is not available. Available metrics are: loss,auc,val_loss,val_auc
56/56 - 1s - loss: 0.3000 - auc: 0.5265 - val_loss: 0.3128 - val_auc: 0.5937 - val_auc_custom: 0.6003 - val_f1_custom: 0.0000e+00 - val_recall_custom: 0.0000e+00 - val_composite: 0.1201 - val_precision_aware: 0.1201 - 1s/epoch - 20ms/step
Curriculum: set focal gamma = 0.1053 (epoch 3)
Epoch 3/60
WARNING:tensorflow:Can save best model only with val_precision_aware available, skipping.
WARNING:tensorflow:Early stopping conditioned on metric `val_precision_aware` which is not available. Available metrics are: loss,auc,val_loss,val_auc
56/56 - 1s - loss: 0.2804 - auc: 0.5718 - val_loss: 0.2956 - val_auc: 0.6039 - val_auc_custom: 0.6015 - val_f1_custom: 0.0000e+00 - val_recall_custom: 0.0000e+00 - val_composite: 0.1203 - val_precision_aware: 0.1203 - 1s/epoch - 20ms/step
Curriculum: set focal gamma = 0.1579 (epoch 4)
Epoch 4/60
WARNING:tensorflow:Can save best model only with val_precision_aware available, skipping.
WARNING:tensorflow:Early stopping conditioned on metric `val_precision_aware` which is not available. Available metrics are: loss,auc,val_loss,val_auc
56/56 - 1s - loss: 0.2665 - auc: 0.6086 - val_loss: 0.2826 - val_auc: 0.6083 - val_auc_custom: 0.6060 - val_f1_custom: 0.0370 - val_recall_custom: 0.0189 - val_composite: 0.1418 - val_precision_aware: 0.6323 - 1s/epoch - 23ms/step
Curriculum: set focal gamma = 0.2105 (epoch 5)
Epoch 5/60
WARNING:tensorflow:Can save best model only with val_precision_aware available, skipping.
WARNING:tensorflow:Early stopping conditioned on metric `val_precision_aware` which is not available. Available metrics are: loss,auc,val_loss,val_auc
56/56 - 1s - loss: 0.2569 - auc: 0.5974 - val_loss: 0.2703 - val_auc: 0.6192 - val_auc_custom: 0.6191 - val_f1_custom: 0.1034 - val_recall_custom: 0.0566 - val_composite: 0.1832 - val_precision_aware: 0.4549 - 1s/epoch - 23ms/step
Curriculum: set focal gamma = 0.2632 (epoch 6)
Epoch 6/60
WARNING:tensorflow:Can save best model only with val_precision_aware available, skipping.
WARNING:tensorflow:Early stopping conditioned on metric `val_precision_aware` which is not available. Available metrics are: loss,auc,val_loss,val_auc
56/56 - 1s - loss: 0.2423 - auc: 0.6433 - val_loss: 0.2597 - val_auc: 0.6270 - val_auc_custom: 0.6262 - val_f1_custom: 0.2353 - val_recall_custom: 0.1509 - val_composite: 0.2713 - val_precision_aware: 0.4625 - 1s/epoch - 27ms/step
Curriculum: set focal gamma = 0.3158 (epoch 7)
Epoch 7/60
WARNING:tensorflow:Can save best model only with val_precision_aware available, skipping.
WARNING:tensorflow:Early stopping conditioned on metric `val_precision_aware` which is not available. Available metrics are: loss,auc,val_loss,val_auc
56/56 - 1s - loss: 0.2360 - auc: 0.6290 - val_loss: 0.2507 - val_auc: 0.6221 - val_auc_custom: 0.6219 - val_f1_custom: 0.2388 - val_recall_custom: 0.1509 - val_composite: 0.2715 - val_precision_aware: 0.4817 - 1s/epoch - 21ms/step
Curriculum: set focal gamma = 0.3684 (epoch 8)
Epoch 8/60
WARNING:tensorflow:Can save best model only with val_precision_aware available, skipping.
WARNING:tensorflow:Early stopping conditioned on metric `val_precision_aware` which is not available. Available metrics are: loss,auc,val_loss,val_auc
56/56 - 2s - loss: 0.2225 - auc: 0.6519 - val_loss: 0.2422 - val_auc: 0.6145 - val_auc_custom: 0.6151 - val_f1_custom: 0.2353 - val_recall_custom: 0.1509 - val_composite: 0.2691 - val_precision_aware: 0.4603 - 2s/epoch - 35ms/step
Curriculum: set focal gamma = 0.4211 (epoch 9)
Epoch 9/60
WARNING:tensorflow:Can save best model only with val_precision_aware available, skipping.
WARNING:tensorflow:Early stopping conditioned on metric `val_precision_aware` which is not available. Available metrics are: loss,auc,val_loss,val_auc
56/56 - 1s - loss: 0.2130 - auc: 0.6608 - val_loss: 0.2322 - val_auc: 0.6203 - val_auc_custom: 0.6191 - val_f1_custom: 0.2817 - val_recall_custom: 0.1887 - val_composite: 0.3027 - val_precision_aware: 0.4861 - 1s/epoch - 23ms/step
Curriculum: set focal gamma = 0.4737 (epoch 10)
Epoch 10/60
WARNING:tensorflow:Can save best model only with val_precision_aware available, skipping.
WARNING:tensorflow:Early stopping conditioned on metric `val_precision_aware` which is not available. Available metrics are: loss,auc,val_loss,val_auc
56/56 - 2s - loss: 0.2027 - auc: 0.6785 - val_loss: 0.2231 - val_auc: 0.6254 - val_auc_custom: 0.6229 - val_f1_custom: 0.3014 - val_recall_custom: 0.2075 - val_composite: 0.3188 - val_precision_aware: 0.4900 - 2s/epoch - 32ms/step
Curriculum: set focal gamma = 0.5263 (epoch 11)
Epoch 11/60
WARNING:tensorflow:Can save best model only with val_precision_aware available, skipping.
WARNING:tensorflow:Early stopping conditioned on metric `val_precision_aware` which is not available. Available metrics are: loss,auc,val_loss,val_auc
56/56 - 2s - loss: 0.1952 - auc: 0.6817 - val_loss: 0.2153 - val_auc: 0.6216 - val_auc_custom: 0.6224 - val_f1_custom: 0.3056 - val_recall_custom: 0.2075 - val_composite: 0.3199 - val_precision_aware: 0.5056 - 2s/epoch - 37ms/step
Curriculum: set focal gamma = 0.5789 (epoch 12)
Epoch 12/60
WARNING:tensorflow:Can save best model only with val_precision_aware available, skipping.
WARNING:tensorflow:Early stopping conditioned on metric `val_precision_aware` which is not available. Available metrics are: loss,auc,val_loss,val_auc
56/56 - 2s - loss: 0.1885 - auc: 0.6806 - val_loss: 0.2071 - val_auc: 0.6291 - val_auc_custom: 0.6292 - val_f1_custom: 0.2817 - val_recall_custom: 0.1887 - val_composite: 0.3047 - val_precision_aware: 0.4881 - 2s/epoch - 37ms/step
Curriculum: set focal gamma = 0.6316 (epoch 13)
Epoch 13/60
WARNING:tensorflow:Can save best model only with val_precision_aware available, skipping.
WARNING:tensorflow:Early stopping conditioned on metric `val_precision_aware` which is not available. Available metrics are: loss,auc,val_loss,val_auc
56/56 - 2s - loss: 0.1791 - auc: 0.6989 - val_loss: 0.1987 - val_auc: 0.6357 - val_auc_custom: 0.6360 - val_f1_custom: 0.2609 - val_recall_custom: 0.1698 - val_composite: 0.2904 - val_precision_aware: 0.4867 - 2s/epoch - 35ms/step
Curriculum: set focal gamma = 0.6842 (epoch 14)
Epoch 14/60
WARNING:tensorflow:Can save best model only with val_precision_aware available, skipping.
WARNING:tensorflow:Early stopping conditioned on metric `val_precision_aware` which is not available. Available metrics are: loss,auc,val_loss,val_auc
56/56 - 2s - loss: 0.1678 - auc: 0.7265 - val_loss: 0.1923 - val_auc: 0.6379 - val_auc_custom: 0.6387 - val_f1_custom: 0.2647 - val_recall_custom: 0.1698 - val_composite: 0.2921 - val_precision_aware: 0.5072 - 2s/epoch - 42ms/step
Curriculum: set focal gamma = 0.7368 (epoch 15)
Epoch 15/60
WARNING:tensorflow:Can save best model only with val_precision_aware available, skipping.
WARNING:tensorflow:Early stopping conditioned on metric `val_precision_aware` which is not available. Available metrics are: loss,auc,val_loss,val_auc
56/56 - 2s - loss: 0.1648 - auc: 0.7119 - val_loss: 0.1855 - val_auc: 0.6413 - val_auc_custom: 0.6403 - val_f1_custom: 0.3733 - val_recall_custom: 0.2642 - val_composite: 0.3721 - val_precision_aware: 0.5582 - 2s/epoch - 39ms/step
Curriculum: set focal gamma = 0.7895 (epoch 16)
Epoch 16/60
WARNING:tensorflow:Can save best model only with val_precision_aware available, skipping.
WARNING:tensorflow:Early stopping conditioned on metric `val_precision_aware` which is not available. Available metrics are: loss,auc,val_loss,val_auc
56/56 - 2s - loss: 0.1524 - auc: 0.7497 - val_loss: 0.1788 - val_auc: 0.6597 - val_auc_custom: 0.6594 - val_f1_custom: 0.3514 - val_recall_custom: 0.2453 - val_composite: 0.3599 - val_precision_aware: 0.5468 - 2s/epoch - 37ms/step
Curriculum: set focal gamma = 0.8421 (epoch 17)
Epoch 17/60
WARNING:tensorflow:Can save best model only with val_precision_aware available, skipping.
WARNING:tensorflow:Early stopping conditioned on metric `val_precision_aware` which is not available. Available metrics are: loss,auc,val_loss,val_auc
56/56 - 2s - loss: 0.1471 - auc: 0.7531 - val_loss: 0.1713 - val_auc: 0.6752 - val_auc_custom: 0.6777 - val_f1_custom: 0.3733 - val_recall_custom: 0.2642 - val_composite: 0.3796 - val_precision_aware: 0.5657 - 2s/epoch - 38ms/step
Curriculum: set focal gamma = 0.8947 (epoch 18)
Epoch 18/60
WARNING:tensorflow:Can save best model only with val_precision_aware available, skipping.
WARNING:tensorflow:Early stopping conditioned on metric `val_precision_aware` which is not available. Available metrics are: loss,auc,val_loss,val_auc
56/56 - 2s - loss: 0.1403 - auc: 0.7597 - val_loss: 0.1631 - val_auc: 0.6960 - val_auc_custom: 0.6974 - val_f1_custom: 0.3947 - val_recall_custom: 0.2830 - val_composite: 0.3994 - val_precision_aware: 0.5840 - 2s/epoch - 40ms/step
Curriculum: set focal gamma = 0.9474 (epoch 19)
Epoch 19/60
WARNING:tensorflow:Can save best model only with val_precision_aware available, skipping.
WARNING:tensorflow:Early stopping conditioned on metric `val_precision_aware` which is not available. Available metrics are: loss,auc,val_loss,val_auc
56/56 - 2s - loss: 0.1338 - auc: 0.7686 - val_loss: 0.1570 - val_auc: 0.6985 - val_auc_custom: 0.7004 - val_f1_custom: 0.4211 - val_recall_custom: 0.3019 - val_composite: 0.4173 - val_precision_aware: 0.6142 - 2s/epoch - 41ms/step
Curriculum: set focal gamma = 1.0000 (epoch 20)
Epoch 20/60
WARNING:tensorflow:Can save best model only with val_precision_aware available, skipping.
WARNING:tensorflow:Early stopping conditioned on metric `val_precision_aware` which is not available. Available metrics are: loss,auc,val_loss,val_auc
56/56 - 2s - loss: 0.1284 - auc: 0.7732 - val_loss: 0.1527 - val_auc: 0.7074 - val_auc_custom: 0.7059 - val_f1_custom: 0.4390 - val_recall_custom: 0.3396 - val_composite: 0.4427 - val_precision_aware: 0.5832 - 2s/epoch - 39ms/step
Curriculum: set focal gamma = 1.0000 (epoch 21)
Epoch 21/60
WARNING:tensorflow:Can save best model only with val_precision_aware available, skipping.
WARNING:tensorflow:Early stopping conditioned on metric `val_precision_aware` which is not available. Available metrics are: loss,auc,val_loss,val_auc
56/56 - 2s - loss: 0.1260 - auc: 0.7785 - val_loss: 0.1530 - val_auc: 0.7063 - val_auc_custom: 0.7057 - val_f1_custom: 0.3846 - val_recall_custom: 0.2830 - val_composite: 0.3980 - val_precision_aware: 0.5565 - 2s/epoch - 39ms/step
Curriculum: set focal gamma = 1.0000 (epoch 22)
Epoch 22/60
WARNING:tensorflow:Can save best model only with val_precision_aware available, skipping.
WARNING:tensorflow:Early stopping conditioned on metric `val_precision_aware` which is not available. Available metrics are: loss,auc,val_loss,val_auc
56/56 - 2s - loss: 0.1264 - auc: 0.7833 - val_loss: 0.1512 - val_auc: 0.7185 - val_auc_custom: 0.7167 - val_f1_custom: 0.4578 - val_recall_custom: 0.3585 - val_composite: 0.4599 - val_precision_aware: 0.5974 - 2s/epoch - 39ms/step
Curriculum: set focal gamma = 1.0000 (epoch 23)
Epoch 23/60
WARNING:tensorflow:Can save best model only with val_precision_aware available, skipping.
WARNING:tensorflow:Early stopping conditioned on metric `val_precision_aware` which is not available. Available metrics are: loss,auc,val_loss,val_auc
56/56 - 2s - loss: 0.1209 - auc: 0.8124 - val_loss: 0.1511 - val_auc: 0.7262 - val_auc_custom: 0.7260 - val_f1_custom: 0.4304 - val_recall_custom: 0.3208 - val_composite: 0.4347 - val_precision_aware: 0.6012 - 2s/epoch - 40ms/step
Curriculum: set focal gamma = 1.0000 (epoch 24)
Epoch 24/60
WARNING:tensorflow:Can save best model only with val_precision_aware available, skipping.
WARNING:tensorflow:Early stopping conditioned on metric `val_precision_aware` which is not available. Available metrics are: loss,auc,val_loss,val_auc
56/56 - 2s - loss: 0.1190 - auc: 0.8120 - val_loss: 0.1501 - val_auc: 0.7405 - val_auc_custom: 0.7414 - val_f1_custom: 0.4706 - val_recall_custom: 0.3774 - val_composite: 0.4781 - val_precision_aware: 0.6020 - 2s/epoch - 40ms/step
Curriculum: set focal gamma = 1.0000 (epoch 25)
Epoch 25/60
WARNING:tensorflow:Can save best model only with val_precision_aware available, skipping.
WARNING:tensorflow:Early stopping conditioned on metric `val_precision_aware` which is not available. Available metrics are: loss,auc,val_loss,val_auc
56/56 - 2s - loss: 0.1190 - auc: 0.8083 - val_loss: 0.1625 - val_auc: 0.7145 - val_auc_custom: 0.7142 - val_f1_custom: 0.3846 - val_recall_custom: 0.2830 - val_composite: 0.3997 - val_precision_aware: 0.5582 - 2s/epoch - 41ms/step
Curriculum: set focal gamma = 1.0000 (epoch 26)
Epoch 26/60
WARNING:tensorflow:Can save best model only with val_precision_aware available, skipping.
WARNING:tensorflow:Early stopping conditioned on metric `val_precision_aware` which is not available. Available metrics are: loss,auc,val_loss,val_auc
56/56 - 2s - loss: 0.1164 - auc: 0.8170 - val_loss: 0.1617 - val_auc: 0.7053 - val_auc_custom: 0.7047 - val_f1_custom: 0.4889 - val_recall_custom: 0.4151 - val_composite: 0.4951 - val_precision_aware: 0.5849 - 2s/epoch - 39ms/step
Curriculum: set focal gamma = 1.0000 (epoch 27)
Epoch 27/60
WARNING:tensorflow:Can save best model only with val_precision_aware available, skipping.
WARNING:tensorflow:Early stopping conditioned on metric `val_precision_aware` which is not available. Available metrics are: loss,auc,val_loss,val_auc
56/56 - 2s - loss: 0.1126 - auc: 0.8364 - val_loss: 0.1608 - val_auc: 0.7240 - val_auc_custom: 0.7230 - val_f1_custom: 0.4691 - val_recall_custom: 0.3585 - val_composite: 0.4646 - val_precision_aware: 0.6246 - 2s/epoch - 39ms/step
Curriculum: set focal gamma = 1.0000 (epoch 28)
Epoch 28/60
WARNING:tensorflow:Can save best model only with val_precision_aware available, skipping.
WARNING:tensorflow:Early stopping conditioned on metric `val_precision_aware` which is not available. Available metrics are: loss,auc,val_loss,val_auc
56/56 - 2s - loss: 0.1135 - auc: 0.8312 - val_loss: 0.1543 - val_auc: 0.7376 - val_auc_custom: 0.7386 - val_f1_custom: 0.5333 - val_recall_custom: 0.4528 - val_composite: 0.5341 - val_precision_aware: 0.6320 - 2s/epoch - 41ms/step
Curriculum: set focal gamma = 1.0000 (epoch 29)
Epoch 29/60
WARNING:tensorflow:Can save best model only with val_precision_aware available, skipping.
WARNING:tensorflow:Early stopping conditioned on metric `val_precision_aware` which is not available. Available metrics are: loss,auc,val_loss,val_auc
56/56 - 2s - loss: 0.1109 - auc: 0.8414 - val_loss: 0.1581 - val_auc: 0.7322 - val_auc_custom: 0.7316 - val_f1_custom: 0.5161 - val_recall_custom: 0.4528 - val_composite: 0.5276 - val_precision_aware: 0.6012 - 2s/epoch - 41ms/step
Curriculum: set focal gamma = 1.0000 (epoch 30)
Epoch 30/60
WARNING:tensorflow:Can save best model only with val_precision_aware available, skipping.
WARNING:tensorflow:Early stopping conditioned on metric `val_precision_aware` which is not available. Available metrics are: loss,auc,val_loss,val_auc
56/56 - 2s - loss: 0.1117 - auc: 0.8374 - val_loss: 0.1587 - val_auc: 0.7403 - val_auc_custom: 0.7409 - val_f1_custom: 0.5495 - val_recall_custom: 0.4717 - val_composite: 0.5489 - val_precision_aware: 0.6420 - 2s/epoch - 39ms/step
Curriculum: set focal gamma = 1.0000 (epoch 31)
Epoch 31/60
WARNING:tensorflow:Can save best model only with val_precision_aware available, skipping.
WARNING:tensorflow:Early stopping conditioned on metric `val_precision_aware` which is not available. Available metrics are: loss,auc,val_loss,val_auc
56/56 - 2s - loss: 0.1047 - auc: 0.8637 - val_loss: 0.1580 - val_auc: 0.7411 - val_auc_custom: 0.7414 - val_f1_custom: 0.5714 - val_recall_custom: 0.5283 - val_composite: 0.5839 - val_precision_aware: 0.6308 - 2s/epoch - 39ms/step
Curriculum: set focal gamma = 1.0000 (epoch 32)
Epoch 32/60
WARNING:tensorflow:Can save best model only with val_precision_aware available, skipping.
WARNING:tensorflow:Early stopping conditioned on metric `val_precision_aware` which is not available. Available metrics are: loss,auc,val_loss,val_auc
56/56 - 2s - loss: 0.1050 - auc: 0.8657 - val_loss: 0.1584 - val_auc: 0.7429 - val_auc_custom: 0.7431 - val_f1_custom: 0.5275 - val_recall_custom: 0.4528 - val_composite: 0.5333 - val_precision_aware: 0.6227 - 2s/epoch - 39ms/step
Curriculum: set focal gamma = 1.0000 (epoch 33)
Epoch 33/60
WARNING:tensorflow:Can save best model only with val_precision_aware available, skipping.
WARNING:tensorflow:Early stopping conditioned on metric `val_precision_aware` which is not available. Available metrics are: loss,auc,val_loss,val_auc
56/56 - 2s - loss: 0.1021 - auc: 0.8682 - val_loss: 0.1647 - val_auc: 0.7376 - val_auc_custom: 0.7358 - val_f1_custom: 0.5161 - val_recall_custom: 0.4528 - val_composite: 0.5284 - val_precision_aware: 0.6020 - 2s/epoch - 37ms/step
Curriculum: set focal gamma = 1.0000 (epoch 34)
Epoch 34/60
WARNING:tensorflow:Can save best model only with val_precision_aware available, skipping.
WARNING:tensorflow:Early stopping conditioned on metric `val_precision_aware` which is not available. Available metrics are: loss,auc,val_loss,val_auc
56/56 - 2s - loss: 0.1048 - auc: 0.8605 - val_loss: 0.1542 - val_auc: 0.7615 - val_auc_custom: 0.7618 - val_f1_custom: 0.4941 - val_recall_custom: 0.3962 - val_composite: 0.4987 - val_precision_aware: 0.6287 - 2s/epoch - 38ms/step
Curriculum: set focal gamma = 1.0000 (epoch 35)
Epoch 35/60
WARNING:tensorflow:Can save best model only with val_precision_aware available, skipping.
WARNING:tensorflow:Early stopping conditioned on metric `val_precision_aware` which is not available. Available metrics are: loss,auc,val_loss,val_auc
56/56 - 2s - loss: 0.1026 - auc: 0.8647 - val_loss: 0.1596 - val_auc: 0.7434 - val_auc_custom: 0.7444 - val_f1_custom: 0.5111 - val_recall_custom: 0.4340 - val_composite: 0.5192 - val_precision_aware: 0.6130 - 2s/epoch - 38ms/step
Curriculum: set focal gamma = 1.0000 (epoch 36)
Epoch 36/60
WARNING:tensorflow:Can save best model only with val_precision_aware available, skipping.
WARNING:tensorflow:Early stopping conditioned on metric `val_precision_aware` which is not available. Available metrics are: loss,auc,val_loss,val_auc
56/56 - 2s - loss: 0.0982 - auc: 0.8832 - val_loss: 0.1657 - val_auc: 0.7475 - val_auc_custom: 0.7472 - val_f1_custom: 0.5859 - val_recall_custom: 0.5472 - val_composite: 0.5988 - val_precision_aware: 0.6404 - 2s/epoch - 39ms/step
Curriculum: set focal gamma = 1.0000 (epoch 37)
Epoch 37/60
WARNING:tensorflow:Can save best model only with val_precision_aware available, skipping.
WARNING:tensorflow:Early stopping conditioned on metric `val_precision_aware` which is not available. Available metrics are: loss,auc,val_loss,val_auc
56/56 - 2s - loss: 0.1013 - auc: 0.8679 - val_loss: 0.1582 - val_auc: 0.7594 - val_auc_custom: 0.7592 - val_f1_custom: 0.5495 - val_recall_custom: 0.4717 - val_composite: 0.5525 - val_precision_aware: 0.6456 - 2s/epoch - 37ms/step
Curriculum: set focal gamma = 1.0000 (epoch 38)
Epoch 38/60
WARNING:tensorflow:Can save best model only with val_precision_aware available, skipping.
WARNING:tensorflow:Early stopping conditioned on metric `val_precision_aware` which is not available. Available metrics are: loss,auc,val_loss,val_auc
56/56 - 2s - loss: 0.0965 - auc: 0.8841 - val_loss: 0.1717 - val_auc: 0.7386 - val_auc_custom: 0.7381 - val_f1_custom: 0.5800 - val_recall_custom: 0.5472 - val_composite: 0.5952 - val_precision_aware: 0.6301 - 2s/epoch - 40ms/step
Curriculum: set focal gamma = 1.0000 (epoch 39)
Epoch 39/60
WARNING:tensorflow:Can save best model only with val_precision_aware available, skipping.
WARNING:tensorflow:Early stopping conditioned on metric `val_precision_aware` which is not available. Available metrics are: loss,auc,val_loss,val_auc
56/56 - 2s - loss: 0.1020 - auc: 0.8700 - val_loss: 0.1630 - val_auc: 0.7655 - val_auc_custom: 0.7655 - val_f1_custom: 0.5000 - val_recall_custom: 0.4151 - val_composite: 0.5107 - val_precision_aware: 0.6174 - 2s/epoch - 37ms/step
Curriculum: set focal gamma = 1.0000 (epoch 40)
Epoch 40/60
WARNING:tensorflow:Can save best model only with val_precision_aware available, skipping.
WARNING:tensorflow:Early stopping conditioned on metric `val_precision_aware` which is not available. Available metrics are: loss,auc,val_loss,val_auc
56/56 - 2s - loss: 0.0948 - auc: 0.8867 - val_loss: 0.1682 - val_auc: 0.7501 - val_auc_custom: 0.7504 - val_f1_custom: 0.5825 - val_recall_custom: 0.5660 - val_composite: 0.6079 - val_precision_aware: 0.6248 - 2s/epoch - 38ms/step
Curriculum: set focal gamma = 1.0000 (epoch 41)
Epoch 41/60
WARNING:tensorflow:Can save best model only with val_precision_aware available, skipping.
WARNING:tensorflow:Early stopping conditioned on metric `val_precision_aware` which is not available. Available metrics are: loss,auc,val_loss,val_auc
56/56 - 2s - loss: 0.0987 - auc: 0.8792 - val_loss: 0.1577 - val_auc: 0.7737 - val_auc_custom: 0.7733 - val_f1_custom: 0.4146 - val_recall_custom: 0.3208 - val_composite: 0.4394 - val_precision_aware: 0.5722 - 2s/epoch - 40ms/step
Curriculum: set focal gamma = 1.0000 (epoch 42)
Epoch 42/60
WARNING:tensorflow:Can save best model only with val_precision_aware available, skipping.
WARNING:tensorflow:Early stopping conditioned on metric `val_precision_aware` which is not available. Available metrics are: loss,auc,val_loss,val_auc
56/56 - 2s - loss: 0.0946 - auc: 0.8885 - val_loss: 0.1578 - val_auc: 0.7599 - val_auc_custom: 0.7597 - val_f1_custom: 0.5773 - val_recall_custom: 0.5283 - val_composite: 0.5893 - val_precision_aware: 0.6433 - 2s/epoch - 39ms/step
Curriculum: set focal gamma = 1.0000 (epoch 43)
Epoch 43/60
WARNING:tensorflow:Can save best model only with val_precision_aware available, skipping.
WARNING:tensorflow:Early stopping conditioned on metric `val_precision_aware` which is not available. Available metrics are: loss,auc,val_loss,val_auc
56/56 - 2s - loss: 0.0934 - auc: 0.8929 - val_loss: 0.1670 - val_auc: 0.7623 - val_auc_custom: 0.7628 - val_f1_custom: 0.5435 - val_recall_custom: 0.4717 - val_composite: 0.5514 - val_precision_aware: 0.6361 - 2s/epoch - 38ms/step
Curriculum: set focal gamma = 1.0000 (epoch 44)
Epoch 44/60
WARNING:tensorflow:Can save best model only with val_precision_aware available, skipping.
WARNING:tensorflow:Early stopping conditioned on metric `val_precision_aware` which is not available. Available metrics are: loss,auc,val_loss,val_auc
56/56 - 2s - loss: 0.0915 - auc: 0.8965 - val_loss: 0.1644 - val_auc: 0.7799 - val_auc_custom: 0.7801 - val_f1_custom: 0.4500 - val_recall_custom: 0.3396 - val_composite: 0.4608 - val_precision_aware: 0.6244 - 2s/epoch - 38ms/step
Curriculum: set focal gamma = 1.0000 (epoch 45)
Epoch 45/60
WARNING:tensorflow:Can save best model only with val_precision_aware available, skipping.
WARNING:tensorflow:Early stopping conditioned on metric `val_precision_aware` which is not available. Available metrics are: loss,auc,val_loss,val_auc
56/56 - 2s - loss: 0.0870 - auc: 0.9068 - val_loss: 0.1700 - val_auc: 0.7425 - val_auc_custom: 0.7431 - val_f1_custom: 0.5567 - val_recall_custom: 0.5094 - val_composite: 0.5704 - val_precision_aware: 0.6225 - 2s/epoch - 38ms/step
Curriculum: set focal gamma = 1.0000 (epoch 46)
Epoch 46/60
WARNING:tensorflow:Can save best model only with val_precision_aware available, skipping.
WARNING:tensorflow:Early stopping conditioned on metric `val_precision_aware` which is not available. Available metrics are: loss,auc,val_loss,val_auc
56/56 - 2s - loss: 0.0913 - auc: 0.8971 - val_loss: 0.1673 - val_auc: 0.7708 - val_auc_custom: 0.7708 - val_f1_custom: 0.4884 - val_recall_custom: 0.3962 - val_composite: 0.4988 - val_precision_aware: 0.6189 - 2s/epoch - 40ms/step
Curriculum: set focal gamma = 1.0000 (epoch 47)
Epoch 47/60
WARNING:tensorflow:Can save best model only with val_precision_aware available, skipping.
WARNING:tensorflow:Early stopping conditioned on metric `val_precision_aware` which is not available. Available metrics are: loss,auc,val_loss,val_auc
56/56 - 2s - loss: 0.0799 - auc: 0.9254 - val_loss: 0.1778 - val_auc: 0.7464 - val_auc_custom: 0.7454 - val_f1_custom: 0.4419 - val_recall_custom: 0.3585 - val_composite: 0.4609 - val_precision_aware: 0.5695 - 2s/epoch - 39ms/step
Curriculum: set focal gamma = 1.0000 (epoch 48)
Epoch 48/60
WARNING:tensorflow:Can save best model only with val_precision_aware available, skipping.
WARNING:tensorflow:Early stopping conditioned on metric `val_precision_aware` which is not available. Available metrics are: loss,auc,val_loss,val_auc
56/56 - 2s - loss: 0.0837 - auc: 0.9161 - val_loss: 0.1850 - val_auc: 0.7465 - val_auc_custom: 0.7462 - val_f1_custom: 0.5532 - val_recall_custom: 0.4906 - val_composite: 0.5605 - val_precision_aware: 0.6323 - 2s/epoch - 39ms/step
Curriculum: set focal gamma = 1.0000 (epoch 49)
Epoch 49/60
WARNING:tensorflow:Can save best model only with val_precision_aware available, skipping.
WARNING:tensorflow:Early stopping conditioned on metric `val_precision_aware` which is not available. Available metrics are: loss,auc,val_loss,val_auc
56/56 - 2s - loss: 0.0789 - auc: 0.9212 - val_loss: 0.1931 - val_auc: 0.7330 - val_auc_custom: 0.7328 - val_f1_custom: 0.4198 - val_recall_custom: 0.3208 - val_composite: 0.4329 - val_precision_aware: 0.5761 - 2s/epoch - 39ms/step
Curriculum: set focal gamma = 1.0000 (epoch 50)
Epoch 50/60
WARNING:tensorflow:Can save best model only with val_precision_aware available, skipping.
WARNING:tensorflow:Early stopping conditioned on metric `val_precision_aware` which is not available. Available metrics are: loss,auc,val_loss,val_auc
56/56 - 2s - loss: 0.0795 - auc: 0.9243 - val_loss: 0.2015 - val_auc: 0.7413 - val_auc_custom: 0.7431 - val_f1_custom: 0.4719 - val_recall_custom: 0.3962 - val_composite: 0.4883 - val_precision_aware: 0.5819 - 2s/epoch - 42ms/step
Curriculum: set focal gamma = 1.0000 (epoch 51)
Epoch 51/60
WARNING:tensorflow:Can save best model only with val_precision_aware available, skipping.
WARNING:tensorflow:Early stopping conditioned on metric `val_precision_aware` which is not available. Available metrics are: loss,auc,val_loss,val_auc
56/56 - 2s - loss: 0.0802 - auc: 0.9221 - val_loss: 0.1925 - val_auc: 0.7513 - val_auc_custom: 0.7522 - val_f1_custom: 0.5657 - val_recall_custom: 0.5283 - val_composite: 0.5843 - val_precision_aware: 0.6245 - 2s/epoch - 41ms/step
Curriculum: set focal gamma = 1.0000 (epoch 52)
Epoch 52/60
WARNING:tensorflow:Can save best model only with val_precision_aware available, skipping.
WARNING:tensorflow:Early stopping conditioned on metric `val_precision_aware` which is not available. Available metrics are: loss,auc,val_loss,val_auc
56/56 - 2s - loss: 0.0865 - auc: 0.9076 - val_loss: 0.1728 - val_auc: 0.7682 - val_auc_custom: 0.7686 - val_f1_custom: 0.4762 - val_recall_custom: 0.3774 - val_composite: 0.4852 - val_precision_aware: 0.6191 - 2s/epoch - 36ms/step
Curriculum: set focal gamma = 1.0000 (epoch 53)
Epoch 53/60
WARNING:tensorflow:Can save best model only with val_precision_aware available, skipping.
WARNING:tensorflow:Early stopping conditioned on metric `val_precision_aware` which is not available. Available metrics are: loss,auc,val_loss,val_auc
56/56 - 2s - loss: 0.0763 - auc: 0.9303 - val_loss: 0.1740 - val_auc: 0.7532 - val_auc_custom: 0.7535 - val_f1_custom: 0.5217 - val_recall_custom: 0.4528 - val_composite: 0.5336 - val_precision_aware: 0.6149 - 2s/epoch - 34ms/step
Curriculum: set focal gamma = 1.0000 (epoch 54)
Epoch 54/60
WARNING:tensorflow:Can save best model only with val_precision_aware available, skipping.
WARNING:tensorflow:Early stopping conditioned on metric `val_precision_aware` which is not available. Available metrics are: loss,auc,val_loss,val_auc
56/56 - 2s - loss: 0.0781 - auc: 0.9284 - val_loss: 0.1804 - val_auc: 0.7562 - val_auc_custom: 0.7560 - val_f1_custom: 0.4146 - val_recall_custom: 0.3208 - val_composite: 0.4360 - val_precision_aware: 0.5687 - 2s/epoch - 37ms/step
Curriculum: set focal gamma = 1.0000 (epoch 55)
Epoch 55/60
WARNING:tensorflow:Can save best model only with val_precision_aware available, skipping.
WARNING:tensorflow:Early stopping conditioned on metric `val_precision_aware` which is not available. Available metrics are: loss,auc,val_loss,val_auc
56/56 - 2s - loss: 0.0758 - auc: 0.9308 - val_loss: 0.1840 - val_auc: 0.7587 - val_auc_custom: 0.7580 - val_f1_custom: 0.4828 - val_recall_custom: 0.3962 - val_composite: 0.4945 - val_precision_aware: 0.6052 - 2s/epoch - 40ms/step
Curriculum: set focal gamma = 1.0000 (epoch 56)
Epoch 56/60
WARNING:tensorflow:Can save best model only with val_precision_aware available, skipping.
WARNING:tensorflow:Early stopping conditioned on metric `val_precision_aware` which is not available. Available metrics are: loss,auc,val_loss,val_auc
56/56 - 2s - loss: 0.0723 - auc: 0.9366 - val_loss: 0.1804 - val_auc: 0.7795 - val_auc_custom: 0.7806 - val_f1_custom: 0.5000 - val_recall_custom: 0.4151 - val_composite: 0.5137 - val_precision_aware: 0.6204 - 2s/epoch - 40ms/step
Curriculum: set focal gamma = 1.0000 (epoch 57)
Epoch 57/60
WARNING:tensorflow:Can save best model only with val_precision_aware available, skipping.
WARNING:tensorflow:Early stopping conditioned on metric `val_precision_aware` which is not available. Available metrics are: loss,auc,val_loss,val_auc
56/56 - 2s - loss: 0.0754 - auc: 0.9309 - val_loss: 0.1961 - val_auc: 0.7371 - val_auc_custom: 0.7374 - val_f1_custom: 0.5200 - val_recall_custom: 0.4906 - val_composite: 0.5488 - val_precision_aware: 0.5801 - 2s/epoch - 40ms/step
Curriculum: set focal gamma = 1.0000 (epoch 58)
Epoch 58/60
WARNING:tensorflow:Can save best model only with val_precision_aware available, skipping.
WARNING:tensorflow:Early stopping conditioned on metric `val_precision_aware` which is not available. Available metrics are: loss,auc,val_loss,val_auc
56/56 - 2s - loss: 0.0721 - auc: 0.9375 - val_loss: 0.1887 - val_auc: 0.7600 - val_auc_custom: 0.7600 - val_f1_custom: 0.4706 - val_recall_custom: 0.3774 - val_composite: 0.4819 - val_precision_aware: 0.6057 - 2s/epoch - 39ms/step
Curriculum: set focal gamma = 1.0000 (epoch 59)
Epoch 59/60
WARNING:tensorflow:Can save best model only with val_precision_aware available, skipping.
WARNING:tensorflow:Early stopping conditioned on metric `val_precision_aware` which is not available. Available metrics are: loss,auc,val_loss,val_auc
56/56 - 2s - loss: 0.0751 - auc: 0.9309 - val_loss: 0.1925 - val_auc: 0.7413 - val_auc_custom: 0.7401 - val_f1_custom: 0.5155 - val_recall_custom: 0.4717 - val_composite: 0.5385 - val_precision_aware: 0.5868 - 2s/epoch - 37ms/step
Curriculum: set focal gamma = 1.0000 (epoch 60)
Epoch 60/60
WARNING:tensorflow:Can save best model only with val_precision_aware available, skipping.
WARNING:tensorflow:Early stopping conditioned on metric `val_precision_aware` which is not available. Available metrics are: loss,auc,val_loss,val_auc
56/56 - 2s - loss: 0.0772 - auc: 0.9281 - val_loss: 0.1909 - val_auc: 0.7626 - val_auc_custom: 0.7633 - val_f1_custom: 0.4667 - val_recall_custom: 0.3962 - val_composite: 0.4908 - val_precision_aware: 0.5764 - 2s/epoch - 39ms/step
Mask config -> mode=soft, threshold=0.6, window_gate=None
Done. Results saved to result_multi_seed_precision_aware/seed16/01
