2025-09-16 22:43:08.289320: I tensorflow/core/util/port.cc:110] oneDNN custom operations are on. You may see slightly different numerical results due to floating-point round-off errors from different computation orders. To turn them off, set the environment variable `TF_ENABLE_ONEDNN_OPTS=0`.
2025-09-16 22:43:08.320892: I tensorflow/core/platform/cpu_feature_guard.cc:182] This TensorFlow binary is optimized to use available CPU instructions in performance-critical operations.
To enable the following instructions: AVX2 AVX_VNNI FMA, in other operations, rebuild TensorFlow with the appropriate compiler flags.
2025-09-16 22:43:08.772616: W tensorflow/compiler/tf2tensorrt/utils/py_utils.cc:38] TF-TRT Warning: Could not find TensorRT
2025-09-16 22:43:09.267336: I tensorflow/compiler/xla/stream_executor/cuda/cuda_gpu_executor.cc:981] could not open file to read NUMA node: /sys/bus/pci/devices/0000:01:00.0/numa_node
Your kernel may have been built without NUMA support.
2025-09-16 22:43:09.288516: I tensorflow/compiler/xla/stream_executor/cuda/cuda_gpu_executor.cc:981] could not open file to read NUMA node: /sys/bus/pci/devices/0000:01:00.0/numa_node
Your kernel may have been built without NUMA support.
2025-09-16 22:43:09.288649: I tensorflow/compiler/xla/stream_executor/cuda/cuda_gpu_executor.cc:981] could not open file to read NUMA node: /sys/bus/pci/devices/0000:01:00.0/numa_node
Your kernel may have been built without NUMA support.
2025-09-16 22:43:09.289886: I tensorflow/compiler/xla/stream_executor/cuda/cuda_gpu_executor.cc:981] could not open file to read NUMA node: /sys/bus/pci/devices/0000:01:00.0/numa_node
Your kernel may have been built without NUMA support.
2025-09-16 22:43:09.289971: I tensorflow/compiler/xla/stream_executor/cuda/cuda_gpu_executor.cc:981] could not open file to read NUMA node: /sys/bus/pci/devices/0000:01:00.0/numa_node
Your kernel may have been built without NUMA support.
2025-09-16 22:43:09.290001: I tensorflow/compiler/xla/stream_executor/cuda/cuda_gpu_executor.cc:981] could not open file to read NUMA node: /sys/bus/pci/devices/0000:01:00.0/numa_node
Your kernel may have been built without NUMA support.
2025-09-16 22:43:06.523358: I tensorflow/compiler/xla/stream_executor/cuda/cuda_gpu_executor.cc:981] could not open file to read NUMA node: /sys/bus/pci/devices/0000:01:00.0/numa_node
Your kernel may have been built without NUMA support.
2025-09-16 22:43:06.523499: I tensorflow/compiler/xla/stream_executor/cuda/cuda_gpu_executor.cc:981] could not open file to read NUMA node: /sys/bus/pci/devices/0000:01:00.0/numa_node
Your kernel may have been built without NUMA support.
2025-09-16 22:43:06.523523: I tensorflow/core/common_runtime/gpu/gpu_device.cc:1726] Could not identify NUMA node of platform GPU id 0, defaulting to 0.  Your kernel may not have been built with NUMA support.
2025-09-16 22:43:06.523557: I tensorflow/compiler/xla/stream_executor/cuda/cuda_gpu_executor.cc:981] could not open file to read NUMA node: /sys/bus/pci/devices/0000:01:00.0/numa_node
Your kernel may have been built without NUMA support.
2025-09-16 22:43:06.523583: I tensorflow/core/common_runtime/gpu/gpu_device.cc:1639] Created device /job:localhost/replica:0/task:0/device:GPU:0 with 9517 MB memory:  -> device: 0, name: NVIDIA GeForce RTX 4070 SUPER, pci bus id: 0000:01:00.0, compute capability: 8.9
GPU detected: 1 physical, 1 logical -> ['/device:GPU:0']
Config: batch=16, accumulate_steps=8 -> effective_batch=128
Loaded (1276, 36, 75) (1276,)
Using mask channel "occlusion_flag" from long_raw (index 7)
Model: "cnn_bilstm_attn_masked"
__________________________________________________________________________________________________
 Layer (type)                Output Shape                 Param #   Connected to                  
==================================================================================================
 input (InputLayer)          [(None, 36, 75)]             0         []                            
                                                                                                  
 permute_time_features (Per  (None, 75, 36)               0         ['input[0][0]']               
 mute)                                                                                            
                                                                                                  
 conv0 (Conv1D)              (None, 75, 64)               6976      ['permute_time_features[0][0]'
                                                                    ]                             
                                                                                                  
 bn0 (BatchNormalization)    (None, 75, 64)               256       ['conv0[0][0]']               
                                                                                                  
 act0 (Activation)           (None, 75, 64)               0         ['bn0[0][0]']                 
                                                                                                  
 conv_dropout0 (Dropout)     (None, 75, 64)               0         ['act0[0][0]']                
                                                                                                  
 conv1 (Conv1D)              (None, 75, 64)               20544     ['conv_dropout0[0][0]']       
                                                                                                  
 bn1 (BatchNormalization)    (None, 75, 64)               256       ['conv1[0][0]']               
                                                                                                  
 act1 (Activation)           (None, 75, 64)               0         ['bn1[0][0]']                 
                                                                                                  
 conv_dropout1 (Dropout)     (None, 75, 64)               0         ['act1[0][0]']                
                                                                                                  
 conv2 (Conv1D)              (None, 75, 64)               12352     ['conv_dropout1[0][0]']       
                                                                                                  
 bn2 (BatchNormalization)    (None, 75, 64)               256       ['conv2[0][0]']               
                                                                                                  
 act2 (Activation)           (None, 75, 64)               0         ['bn2[0][0]']                 
                                                                                                  
 conv_dropout2 (Dropout)     (None, 75, 64)               0         ['act2[0][0]']                
                                                                                                  
 bilstm (Bidirectional)      (None, 75, 128)              66048     ['conv_dropout2[0][0]']       
                                                                                                  
 mlp_attn_u (Dense)          (None, 75, 32)               4128      ['bilstm[0][0]']              
                                                                                                  
 mlp_attn_score (Dense)      (None, 75, 1)                33        ['mlp_attn_u[0][0]']          
                                                                                                  
 mlp_attn_squeeze (Lambda)   (None, 75)                   0         ['mlp_attn_score[0][0]']      
                                                                                                  
 attn_mask (InputLayer)      [(None, 75)]                 0         []                            
                                                                                                  
 mlp_attn_apply_mask (Lambd  (None, 75)                   0         ['mlp_attn_squeeze[0][0]',    
 a)                                                                  'attn_mask[0][0]']           
                                                                                                  
 mlp_attn_softmax (Lambda)   (None, 75)                   0         ['mlp_attn_apply_mask[0][0]'] 
                                                                                                  
 mlp_attn_expand (Lambda)    (None, 75, 1)                0         ['mlp_attn_softmax[0][0]']    
                                                                                                  
 mlp_attn_weighted (Lambda)  (None, 128)                  0         ['bilstm[0][0]',              
                                                                     'mlp_attn_expand[0][0]']     
                                                                                                  
 fc1 (Dense)                 (None, 64)                   8256      ['mlp_attn_weighted[0][0]']   
                                                                                                  
 fc_dropout (Dropout)        (None, 64)                   0         ['fc1[0][0]']                 
                                                                                                  
 out (Dense)                 (None, 1)                    65        ['fc_dropout[0][0]']          
                                                                                                  
==================================================================================================
Total params: 119171 (465.51 KB)
Trainable params: 118786 (464.01 KB)
Non-trainable params: 385 (1.50 KB)
__________________________________________________________________________________________________
None
Writing results to /home/user/projects/train/model/long_window/CNN_BiLSTM/result_mask_sweep_60e/run_02/01
Curriculum: set focal gamma = 0.0000 (epoch 1)
Epoch 1/60
2025-09-16 22:43:11.613213: I tensorflow/compiler/xla/stream_executor/cuda/cuda_dnn.cc:432] Loaded cuDNN version 8600
2025-09-16 22:43:11.722007: I tensorflow/tsl/platform/default/subprocess.cc:304] Start cannot spawn child process: No such file or directory
2025-09-16 22:43:11.886248: I tensorflow/compiler/xla/stream_executor/cuda/cuda_blas.cc:606] TensorFloat-32 will be used for the matrix multiplication. This will only be logged once.
2025-09-16 22:43:12.247340: I tensorflow/compiler/xla/service/service.cc:168] XLA service 0x7be150353880 initialized for platform CUDA (this does not guarantee that XLA will be used). Devices:
2025-09-16 22:43:12.247396: I tensorflow/compiler/xla/service/service.cc:176]   StreamExecutor device (0): NVIDIA GeForce RTX 4070 SUPER, Compute Capability 8.9
2025-09-16 22:43:12.250907: I tensorflow/compiler/mlir/tensorflow/utils/dump_mlir_util.cc:255] disabling MLIR crash reproducer, set env var `MLIR_CRASH_REPRODUCER_DIRECTORY` to enable.
2025-09-16 22:43:12.309029: I tensorflow/tsl/platform/default/subprocess.cc:304] Start cannot spawn child process: No such file or directory
2025-09-16 22:43:12.350056: I ./tensorflow/compiler/jit/device_compiler.h:186] Compiled cluster using XLA!  This line is logged at most once for the lifetime of the process.
56/56 - 8s - loss: 0.3169 - auc: 0.5487 - val_loss: 0.3169 - val_auc: 0.5742 - val_auc_custom: 0.5769 - val_f1_custom: 0.0000e+00 - val_recall_custom: 0.0000e+00 - 8s/epoch - 138ms/step
Curriculum: set focal gamma = 0.0789 (epoch 2)
Epoch 2/60
56/56 - 1s - loss: 0.2507 - auc: 0.5931 - val_loss: 0.2621 - val_auc: 0.5648 - val_auc_custom: 0.5640 - val_f1_custom: 0.0000e+00 - val_recall_custom: 0.0000e+00 - 1s/epoch - 21ms/step
Curriculum: set focal gamma = 0.1579 (epoch 3)
Epoch 3/60
56/56 - 1s - loss: 0.2359 - auc: 0.5764 - val_loss: 0.2344 - val_auc: 0.5750 - val_auc_custom: 0.5726 - val_f1_custom: 0.0000e+00 - val_recall_custom: 0.0000e+00 - 1s/epoch - 25ms/step
Curriculum: set focal gamma = 0.2368 (epoch 4)
Epoch 4/60
56/56 - 1s - loss: 0.2232 - auc: 0.5969 - val_loss: 0.2217 - val_auc: 0.5689 - val_auc_custom: 0.5698 - val_f1_custom: 0.0000e+00 - val_recall_custom: 0.0000e+00 - 1s/epoch - 23ms/step
Curriculum: set focal gamma = 0.3158 (epoch 5)
Epoch 5/60
56/56 - 1s - loss: 0.2075 - auc: 0.6044 - val_loss: 0.2116 - val_auc: 0.5648 - val_auc_custom: 0.5681 - val_f1_custom: 0.0000e+00 - val_recall_custom: 0.0000e+00 - 1s/epoch - 21ms/step
Curriculum: set focal gamma = 0.3947 (epoch 6)
Epoch 6/60
56/56 - 1s - loss: 0.1887 - auc: 0.6663 - val_loss: 0.2015 - val_auc: 0.5619 - val_auc_custom: 0.5625 - val_f1_custom: 0.0000e+00 - val_recall_custom: 0.0000e+00 - 1s/epoch - 22ms/step
Curriculum: set focal gamma = 0.4737 (epoch 7)
Epoch 7/60
56/56 - 1s - loss: 0.1798 - auc: 0.6596 - val_loss: 0.1913 - val_auc: 0.5547 - val_auc_custom: 0.5550 - val_f1_custom: 0.0000e+00 - val_recall_custom: 0.0000e+00 - 1s/epoch - 24ms/step
Curriculum: set focal gamma = 0.5526 (epoch 8)
Epoch 8/60
56/56 - 1s - loss: 0.1705 - auc: 0.6602 - val_loss: 0.1818 - val_auc: 0.5653 - val_auc_custom: 0.5638 - val_f1_custom: 0.0000e+00 - val_recall_custom: 0.0000e+00 - 1s/epoch - 21ms/step
Curriculum: set focal gamma = 0.6316 (epoch 9)
Epoch 9/60
56/56 - 1s - loss: 0.1613 - auc: 0.6628 - val_loss: 0.1723 - val_auc: 0.5691 - val_auc_custom: 0.5688 - val_f1_custom: 0.0000e+00 - val_recall_custom: 0.0000e+00 - 1s/epoch - 23ms/step
Curriculum: set focal gamma = 0.7105 (epoch 10)
Epoch 10/60
56/56 - 1s - loss: 0.1517 - auc: 0.6766 - val_loss: 0.1634 - val_auc: 0.5736 - val_auc_custom: 0.5711 - val_f1_custom: 0.0370 - val_recall_custom: 0.0189 - 1s/epoch - 23ms/step
Curriculum: set focal gamma = 0.7895 (epoch 11)
Epoch 11/60
56/56 - 1s - loss: 0.1424 - auc: 0.6830 - val_loss: 0.1544 - val_auc: 0.5810 - val_auc_custom: 0.5796 - val_f1_custom: 0.0727 - val_recall_custom: 0.0377 - 1s/epoch - 25ms/step
Curriculum: set focal gamma = 0.8684 (epoch 12)
Epoch 12/60
56/56 - 1s - loss: 0.1348 - auc: 0.6839 - val_loss: 0.1461 - val_auc: 0.5884 - val_auc_custom: 0.5877 - val_f1_custom: 0.1379 - val_recall_custom: 0.0755 - 1s/epoch - 24ms/step
Curriculum: set focal gamma = 0.9474 (epoch 13)
Epoch 13/60
56/56 - 1s - loss: 0.1278 - auc: 0.6883 - val_loss: 0.1379 - val_auc: 0.6014 - val_auc_custom: 0.6023 - val_f1_custom: 0.1695 - val_recall_custom: 0.0943 - 1s/epoch - 25ms/step
Curriculum: set focal gamma = 1.0263 (epoch 14)
Epoch 14/60
56/56 - 1s - loss: 0.1196 - auc: 0.7038 - val_loss: 0.1305 - val_auc: 0.6073 - val_auc_custom: 0.6078 - val_f1_custom: 0.1667 - val_recall_custom: 0.0943 - 1s/epoch - 24ms/step
Curriculum: set focal gamma = 1.1053 (epoch 15)
Epoch 15/60
56/56 - 1s - loss: 0.1137 - auc: 0.7059 - val_loss: 0.1237 - val_auc: 0.6098 - val_auc_custom: 0.6103 - val_f1_custom: 0.1639 - val_recall_custom: 0.0943 - 1s/epoch - 26ms/step
Curriculum: set focal gamma = 1.1842 (epoch 16)
Epoch 16/60
56/56 - 1s - loss: 0.1071 - auc: 0.7116 - val_loss: 0.1167 - val_auc: 0.6226 - val_auc_custom: 0.6219 - val_f1_custom: 0.1667 - val_recall_custom: 0.0943 - 1s/epoch - 25ms/step
Curriculum: set focal gamma = 1.2632 (epoch 17)
Epoch 17/60
56/56 - 1s - loss: 0.0994 - auc: 0.7282 - val_loss: 0.1112 - val_auc: 0.6352 - val_auc_custom: 0.6345 - val_f1_custom: 0.1818 - val_recall_custom: 0.1132 - 1s/epoch - 24ms/step
Curriculum: set focal gamma = 1.3421 (epoch 18)
Epoch 18/60
56/56 - 1s - loss: 0.0927 - auc: 0.7474 - val_loss: 0.1069 - val_auc: 0.6337 - val_auc_custom: 0.6352 - val_f1_custom: 0.2059 - val_recall_custom: 0.1321 - 1s/epoch - 21ms/step
Curriculum: set focal gamma = 1.4211 (epoch 19)
Epoch 19/60
56/56 - -2s - loss: 0.0874 - auc: 0.7544 - val_loss: 0.1000 - val_auc: 0.6564 - val_auc_custom: 0.6558 - val_f1_custom: 0.1791 - val_recall_custom: 0.1132 - -1566461us/epoch - -27973us/step
Curriculum: set focal gamma = 1.5000 (epoch 20)
Epoch 20/60
56/56 - 1s - loss: 0.0816 - auc: 0.7623 - val_loss: 0.0957 - val_auc: 0.6668 - val_auc_custom: 0.6667 - val_f1_custom: 0.2817 - val_recall_custom: 0.1887 - 1s/epoch - 23ms/step
Curriculum: set focal gamma = 1.5000 (epoch 21)
Epoch 21/60
56/56 - 1s - loss: 0.0803 - auc: 0.7712 - val_loss: 0.0964 - val_auc: 0.6747 - val_auc_custom: 0.6750 - val_f1_custom: 0.3377 - val_recall_custom: 0.2453 - 1s/epoch - 26ms/step
Curriculum: set focal gamma = 1.5000 (epoch 22)
Epoch 22/60
56/56 - 1s - loss: 0.0798 - auc: 0.7774 - val_loss: 0.0935 - val_auc: 0.6938 - val_auc_custom: 0.6948 - val_f1_custom: 0.2059 - val_recall_custom: 0.1321 - 1s/epoch - 25ms/step
Curriculum: set focal gamma = 1.5000 (epoch 23)
Epoch 23/60
56/56 - 1s - loss: 0.0819 - auc: 0.7637 - val_loss: 0.0948 - val_auc: 0.6932 - val_auc_custom: 0.6921 - val_f1_custom: 0.2817 - val_recall_custom: 0.1887 - 1s/epoch - 24ms/step
Curriculum: set focal gamma = 1.5000 (epoch 24)
Epoch 24/60
56/56 - 1s - loss: 0.0785 - auc: 0.7881 - val_loss: 0.0965 - val_auc: 0.6750 - val_auc_custom: 0.6762 - val_f1_custom: 0.3158 - val_recall_custom: 0.2264 - 1s/epoch - 23ms/step
Curriculum: set focal gamma = 1.5000 (epoch 25)
Epoch 25/60
56/56 - 1s - loss: 0.0762 - auc: 0.8101 - val_loss: 0.0958 - val_auc: 0.6946 - val_auc_custom: 0.6938 - val_f1_custom: 0.3467 - val_recall_custom: 0.2453 - 1s/epoch - 26ms/step
Curriculum: set focal gamma = 1.5000 (epoch 26)
Epoch 26/60
56/56 - 1s - loss: 0.0749 - auc: 0.8194 - val_loss: 0.0953 - val_auc: 0.7111 - val_auc_custom: 0.7102 - val_f1_custom: 0.4762 - val_recall_custom: 0.3774 - 1s/epoch - 24ms/step
Curriculum: set focal gamma = 1.5000 (epoch 27)
Epoch 27/60
56/56 - 1s - loss: 0.0742 - auc: 0.8184 - val_loss: 0.0954 - val_auc: 0.7070 - val_auc_custom: 0.7069 - val_f1_custom: 0.3636 - val_recall_custom: 0.2642 - 1s/epoch - 23ms/step
Curriculum: set focal gamma = 1.5000 (epoch 28)
Epoch 28/60
56/56 - 1s - loss: 0.0710 - auc: 0.8358 - val_loss: 0.1013 - val_auc: 0.6894 - val_auc_custom: 0.6893 - val_f1_custom: 0.4706 - val_recall_custom: 0.3774 - 1s/epoch - 23ms/step
Curriculum: set focal gamma = 1.5000 (epoch 29)
Epoch 29/60
56/56 - 1s - loss: 0.0717 - auc: 0.8356 - val_loss: 0.0964 - val_auc: 0.7274 - val_auc_custom: 0.7288 - val_f1_custom: 0.4103 - val_recall_custom: 0.3019 - 1s/epoch - 25ms/step
Curriculum: set focal gamma = 1.5000 (epoch 30)
Epoch 30/60
56/56 - 1s - loss: 0.0746 - auc: 0.8168 - val_loss: 0.0941 - val_auc: 0.7335 - val_auc_custom: 0.7323 - val_f1_custom: 0.4337 - val_recall_custom: 0.3396 - 1s/epoch - 23ms/step
Curriculum: set focal gamma = 1.5000 (epoch 31)
Epoch 31/60
56/56 - 1s - loss: 0.0709 - auc: 0.8346 - val_loss: 0.0969 - val_auc: 0.7089 - val_auc_custom: 0.7087 - val_f1_custom: 0.4156 - val_recall_custom: 0.3019 - 1s/epoch - 22ms/step
Curriculum: set focal gamma = 1.5000 (epoch 32)
Epoch 32/60
56/56 - 1s - loss: 0.0691 - auc: 0.8456 - val_loss: 0.1011 - val_auc: 0.6965 - val_auc_custom: 0.6981 - val_f1_custom: 0.4471 - val_recall_custom: 0.3585 - 1s/epoch - 22ms/step
Curriculum: set focal gamma = 1.5000 (epoch 33)
Epoch 33/60
56/56 - 1s - loss: 0.0690 - auc: 0.8506 - val_loss: 0.0977 - val_auc: 0.7249 - val_auc_custom: 0.7243 - val_f1_custom: 0.4051 - val_recall_custom: 0.3019 - 1s/epoch - 23ms/step
Curriculum: set focal gamma = 1.5000 (epoch 34)
Epoch 34/60
56/56 - 1s - loss: 0.0682 - auc: 0.8541 - val_loss: 0.0995 - val_auc: 0.7177 - val_auc_custom: 0.7180 - val_f1_custom: 0.4578 - val_recall_custom: 0.3585 - 1s/epoch - 23ms/step
Curriculum: set focal gamma = 1.5000 (epoch 35)
Epoch 35/60
56/56 - 1s - loss: 0.0668 - auc: 0.8595 - val_loss: 0.1059 - val_auc: 0.6957 - val_auc_custom: 0.6961 - val_f1_custom: 0.4828 - val_recall_custom: 0.3962 - 1s/epoch - 22ms/step
Curriculum: set focal gamma = 1.5000 (epoch 36)
Epoch 36/60
56/56 - 1s - loss: 0.0682 - auc: 0.8473 - val_loss: 0.0988 - val_auc: 0.7332 - val_auc_custom: 0.7336 - val_f1_custom: 0.4444 - val_recall_custom: 0.3396 - 1s/epoch - 21ms/step
Curriculum: set focal gamma = 1.5000 (epoch 37)
Epoch 37/60
56/56 - 1s - loss: 0.0683 - auc: 0.8506 - val_loss: 0.0986 - val_auc: 0.7442 - val_auc_custom: 0.7449 - val_f1_custom: 0.4103 - val_recall_custom: 0.3019 - 1s/epoch - 24ms/step
Curriculum: set focal gamma = 1.5000 (epoch 38)
Epoch 38/60
56/56 - 1s - loss: 0.0683 - auc: 0.8574 - val_loss: 0.1054 - val_auc: 0.7075 - val_auc_custom: 0.7077 - val_f1_custom: 0.5000 - val_recall_custom: 0.4151 - 1s/epoch - 22ms/step
Curriculum: set focal gamma = 1.5000 (epoch 39)
Epoch 39/60
56/56 - 1s - loss: 0.0671 - auc: 0.8607 - val_loss: 0.1008 - val_auc: 0.7201 - val_auc_custom: 0.7200 - val_f1_custom: 0.4051 - val_recall_custom: 0.3019 - 1s/epoch - 23ms/step
Curriculum: set focal gamma = 1.5000 (epoch 40)
Epoch 40/60
56/56 - 1s - loss: 0.0681 - auc: 0.8541 - val_loss: 0.0991 - val_auc: 0.7360 - val_auc_custom: 0.7361 - val_f1_custom: 0.4304 - val_recall_custom: 0.3208 - 1s/epoch - 23ms/step
Curriculum: set focal gamma = 1.5000 (epoch 41)
Epoch 41/60
56/56 - 1s - loss: 0.0616 - auc: 0.8837 - val_loss: 0.1079 - val_auc: 0.7174 - val_auc_custom: 0.7160 - val_f1_custom: 0.5510 - val_recall_custom: 0.5094 - 1s/epoch - 22ms/step
Curriculum: set focal gamma = 1.5000 (epoch 42)
Epoch 42/60
56/56 - 1s - loss: 0.0646 - auc: 0.8704 - val_loss: 0.1062 - val_auc: 0.7108 - val_auc_custom: 0.7112 - val_f1_custom: 0.4337 - val_recall_custom: 0.3396 - 1s/epoch - 22ms/step
Curriculum: set focal gamma = 1.5000 (epoch 43)
Epoch 43/60
56/56 - 1s - loss: 0.0664 - auc: 0.8609 - val_loss: 0.1004 - val_auc: 0.7419 - val_auc_custom: 0.7442 - val_f1_custom: 0.4578 - val_recall_custom: 0.3585 - 1s/epoch - 24ms/step
Curriculum: set focal gamma = 1.5000 (epoch 44)
Epoch 44/60
56/56 - -2s - loss: 0.0606 - auc: 0.8863 - val_loss: 0.1043 - val_auc: 0.7362 - val_auc_custom: 0.7353 - val_f1_custom: 0.4598 - val_recall_custom: 0.3774 - -1584646us/epoch - -28297us/step
Curriculum: set focal gamma = 1.5000 (epoch 45)
Epoch 45/60
56/56 - 1s - loss: 0.0647 - auc: 0.8725 - val_loss: 0.1053 - val_auc: 0.7306 - val_auc_custom: 0.7303 - val_f1_custom: 0.4651 - val_recall_custom: 0.3774 - 1s/epoch - 22ms/step
Curriculum: set focal gamma = 1.5000 (epoch 46)
Epoch 46/60
56/56 - 1s - loss: 0.0621 - auc: 0.8809 - val_loss: 0.1092 - val_auc: 0.7169 - val_auc_custom: 0.7160 - val_f1_custom: 0.4828 - val_recall_custom: 0.3962 - 1s/epoch - 22ms/step
Curriculum: set focal gamma = 1.5000 (epoch 47)
Epoch 47/60
56/56 - 1s - loss: 0.0596 - auc: 0.8945 - val_loss: 0.1062 - val_auc: 0.7199 - val_auc_custom: 0.7449 - val_f1_custom: 0.4103 - val_recall_custom: 0.3019 - 1s/epoch - 24ms/step
Mask config -> mode=soft, threshold=0.75, window_gate=None
Done. Results saved to /home/user/projects/train/model/long_window/CNN_BiLSTM/result_mask_sweep_60e/run_02/01
