2025-09-17 02:56:14.968465: I tensorflow/core/util/port.cc:110] oneDNN custom operations are on. You may see slightly different numerical results due to floating-point round-off errors from different computation orders. To turn them off, set the environment variable `TF_ENABLE_ONEDNN_OPTS=0`.
2025-09-17 02:56:14.999563: I tensorflow/core/platform/cpu_feature_guard.cc:182] This TensorFlow binary is optimized to use available CPU instructions in performance-critical operations.
To enable the following instructions: AVX2 AVX_VNNI FMA, in other operations, rebuild TensorFlow with the appropriate compiler flags.
2025-09-17 02:56:15.433179: W tensorflow/compiler/tf2tensorrt/utils/py_utils.cc:38] TF-TRT Warning: Could not find TensorRT
2025-09-17 02:56:15.857780: I tensorflow/compiler/xla/stream_executor/cuda/cuda_gpu_executor.cc:981] could not open file to read NUMA node: /sys/bus/pci/devices/0000:01:00.0/numa_node
Your kernel may have been built without NUMA support.
2025-09-17 02:56:15.879134: I tensorflow/compiler/xla/stream_executor/cuda/cuda_gpu_executor.cc:981] could not open file to read NUMA node: /sys/bus/pci/devices/0000:01:00.0/numa_node
Your kernel may have been built without NUMA support.
2025-09-17 02:56:15.879235: I tensorflow/compiler/xla/stream_executor/cuda/cuda_gpu_executor.cc:981] could not open file to read NUMA node: /sys/bus/pci/devices/0000:01:00.0/numa_node
Your kernel may have been built without NUMA support.
2025-09-17 02:56:15.880521: I tensorflow/compiler/xla/stream_executor/cuda/cuda_gpu_executor.cc:981] could not open file to read NUMA node: /sys/bus/pci/devices/0000:01:00.0/numa_node
Your kernel may have been built without NUMA support.
2025-09-17 02:56:15.880617: I tensorflow/compiler/xla/stream_executor/cuda/cuda_gpu_executor.cc:981] could not open file to read NUMA node: /sys/bus/pci/devices/0000:01:00.0/numa_node
Your kernel may have been built without NUMA support.
2025-09-17 02:56:15.880642: I tensorflow/compiler/xla/stream_executor/cuda/cuda_gpu_executor.cc:981] could not open file to read NUMA node: /sys/bus/pci/devices/0000:01:00.0/numa_node
Your kernel may have been built without NUMA support.
2025-09-17 02:56:16.003161: I tensorflow/compiler/xla/stream_executor/cuda/cuda_gpu_executor.cc:981] could not open file to read NUMA node: /sys/bus/pci/devices/0000:01:00.0/numa_node
Your kernel may have been built without NUMA support.
2025-09-17 02:56:16.003281: I tensorflow/compiler/xla/stream_executor/cuda/cuda_gpu_executor.cc:981] could not open file to read NUMA node: /sys/bus/pci/devices/0000:01:00.0/numa_node
Your kernel may have been built without NUMA support.
2025-09-17 02:56:16.003291: I tensorflow/core/common_runtime/gpu/gpu_device.cc:1726] Could not identify NUMA node of platform GPU id 0, defaulting to 0.  Your kernel may not have been built with NUMA support.
2025-09-17 02:56:16.003316: I tensorflow/compiler/xla/stream_executor/cuda/cuda_gpu_executor.cc:981] could not open file to read NUMA node: /sys/bus/pci/devices/0000:01:00.0/numa_node
Your kernel may have been built without NUMA support.
2025-09-17 02:56:16.003341: I tensorflow/core/common_runtime/gpu/gpu_device.cc:1639] Created device /job:localhost/replica:0/task:0/device:GPU:0 with 9517 MB memory:  -> device: 0, name: NVIDIA GeForce RTX 4070 SUPER, pci bus id: 0000:01:00.0, compute capability: 8.9
GPU detected: 1 physical, 1 logical -> ['/device:GPU:0']
Config: batch=16, accumulate_steps=8 -> effective_batch=128
Loaded (1276, 36, 75) (1276,)
Using mask channel "occlusion_flag" from long_raw (index 7)
Model: "cnn_bilstm_attn_masked"
__________________________________________________________________________________________________
 Layer (type)                Output Shape                 Param #   Connected to                  
==================================================================================================
 input (InputLayer)          [(None, 36, 75)]             0         []                            
                                                                                                  
 permute_time_features (Per  (None, 75, 36)               0         ['input[0][0]']               
 mute)                                                                                            
                                                                                                  
 conv0 (Conv1D)              (None, 75, 64)               6976      ['permute_time_features[0][0]'
                                                                    ]                             
                                                                                                  
 bn0 (BatchNormalization)    (None, 75, 64)               256       ['conv0[0][0]']               
                                                                                                  
 act0 (Activation)           (None, 75, 64)               0         ['bn0[0][0]']                 
                                                                                                  
 conv_dropout0 (Dropout)     (None, 75, 64)               0         ['act0[0][0]']                
                                                                                                  
 conv1 (Conv1D)              (None, 75, 64)               20544     ['conv_dropout0[0][0]']       
                                                                                                  
 bn1 (BatchNormalization)    (None, 75, 64)               256       ['conv1[0][0]']               
                                                                                                  
 act1 (Activation)           (None, 75, 64)               0         ['bn1[0][0]']                 
                                                                                                  
 conv_dropout1 (Dropout)     (None, 75, 64)               0         ['act1[0][0]']                
                                                                                                  
 conv2 (Conv1D)              (None, 75, 64)               12352     ['conv_dropout1[0][0]']       
                                                                                                  
 bn2 (BatchNormalization)    (None, 75, 64)               256       ['conv2[0][0]']               
                                                                                                  
 act2 (Activation)           (None, 75, 64)               0         ['bn2[0][0]']                 
                                                                                                  
 conv_dropout2 (Dropout)     (None, 75, 64)               0         ['act2[0][0]']                
                                                                                                  
 bilstm (Bidirectional)      (None, 75, 128)              66048     ['conv_dropout2[0][0]']       
                                                                                                  
 mlp_attn_u (Dense)          (None, 75, 32)               4128      ['bilstm[0][0]']              
                                                                                                  
 mlp_attn_score (Dense)      (None, 75, 1)                33        ['mlp_attn_u[0][0]']          
                                                                                                  
 mlp_attn_squeeze (Lambda)   (None, 75)                   0         ['mlp_attn_score[0][0]']      
                                                                                                  
 attn_mask (InputLayer)      [(None, 75)]                 0         []                            
                                                                                                  
 mlp_attn_apply_mask (Lambd  (None, 75)                   0         ['mlp_attn_squeeze[0][0]',    
 a)                                                                  'attn_mask[0][0]']           
                                                                                                  
 mlp_attn_softmax (Lambda)   (None, 75)                   0         ['mlp_attn_apply_mask[0][0]'] 
                                                                                                  
 mlp_attn_expand (Lambda)    (None, 75, 1)                0         ['mlp_attn_softmax[0][0]']    
                                                                                                  
 mlp_attn_weighted (Lambda)  (None, 128)                  0         ['bilstm[0][0]',              
                                                                     'mlp_attn_expand[0][0]']     
                                                                                                  
 fc1 (Dense)                 (None, 64)                   8256      ['mlp_attn_weighted[0][0]']   
                                                                                                  
 fc_dropout (Dropout)        (None, 64)                   0         ['fc1[0][0]']                 
                                                                                                  
 out (Dense)                 (None, 1)                    65        ['fc_dropout[0][0]']          
                                                                                                  
==================================================================================================
Total params: 119171 (465.51 KB)
Trainable params: 118786 (464.01 KB)
Non-trainable params: 385 (1.50 KB)
__________________________________________________________________________________________________
None
Writing results to /home/user/projects/train/model/long_window/CNN_BiLSTM/result_focal_sweep/cw01_fg08/01
Curriculum: set focal gamma = 0.0000 (epoch 1)
Epoch 1/70
2025-09-17 02:56:20.857802: I tensorflow/compiler/xla/stream_executor/cuda/cuda_dnn.cc:432] Loaded cuDNN version 8600
2025-09-17 02:56:20.946975: I tensorflow/tsl/platform/default/subprocess.cc:304] Start cannot spawn child process: No such file or directory
2025-09-17 02:56:21.101737: I tensorflow/compiler/xla/stream_executor/cuda/cuda_blas.cc:606] TensorFloat-32 will be used for the matrix multiplication. This will only be logged once.
2025-09-17 02:56:21.427831: I tensorflow/compiler/xla/service/service.cc:168] XLA service 0x5ca3fb0e5440 initialized for platform CUDA (this does not guarantee that XLA will be used). Devices:
2025-09-17 02:56:21.427881: I tensorflow/compiler/xla/service/service.cc:176]   StreamExecutor device (0): NVIDIA GeForce RTX 4070 SUPER, Compute Capability 8.9
2025-09-17 02:56:21.432021: I tensorflow/compiler/mlir/tensorflow/utils/dump_mlir_util.cc:255] disabling MLIR crash reproducer, set env var `MLIR_CRASH_REPRODUCER_DIRECTORY` to enable.
2025-09-17 02:56:21.498668: I tensorflow/tsl/platform/default/subprocess.cc:304] Start cannot spawn child process: No such file or directory
2025-09-17 02:56:21.537082: I ./tensorflow/compiler/jit/device_compiler.h:186] Compiled cluster using XLA!  This line is logged at most once for the lifetime of the process.
56/56 - 4s - loss: 0.3494 - auc: 0.5316 - val_loss: 0.3391 - val_auc: 0.5843 - val_auc_custom: 0.5821 - val_f1_custom: 0.0000e+00 - val_recall_custom: 0.0000e+00 - 4s/epoch - 79ms/step
Curriculum: set focal gamma = 0.0789 (epoch 2)
Epoch 2/70
56/56 - 1s - loss: 0.3060 - auc: 0.5607 - val_loss: 0.3053 - val_auc: 0.5789 - val_auc_custom: 0.5796 - val_f1_custom: 0.0000e+00 - val_recall_custom: 0.0000e+00 - 1s/epoch - 23ms/step
Curriculum: set focal gamma = 0.1579 (epoch 3)
Epoch 3/70
56/56 - 1s - loss: 0.2865 - auc: 0.5729 - val_loss: 0.2847 - val_auc: 0.5977 - val_auc_custom: 0.5945 - val_f1_custom: 0.0000e+00 - val_recall_custom: 0.0000e+00 - 1s/epoch - 24ms/step
Curriculum: set focal gamma = 0.2368 (epoch 4)
Epoch 4/70
56/56 - 1s - loss: 0.2683 - auc: 0.6043 - val_loss: 0.2669 - val_auc: 0.6042 - val_auc_custom: 0.6043 - val_f1_custom: 0.0351 - val_recall_custom: 0.0189 - 1s/epoch - 24ms/step
Curriculum: set focal gamma = 0.3158 (epoch 5)
Epoch 5/70
56/56 - 1s - loss: 0.2515 - auc: 0.6259 - val_loss: 0.2525 - val_auc: 0.6113 - val_auc_custom: 0.6128 - val_f1_custom: 0.1905 - val_recall_custom: 0.1132 - 1s/epoch - 24ms/step
Curriculum: set focal gamma = 0.3947 (epoch 6)
Epoch 6/70
56/56 - 1s - loss: 0.2358 - auc: 0.6382 - val_loss: 0.2400 - val_auc: 0.6135 - val_auc_custom: 0.6108 - val_f1_custom: 0.2090 - val_recall_custom: 0.1321 - 1s/epoch - 24ms/step
Curriculum: set focal gamma = 0.4737 (epoch 7)
Epoch 7/70
56/56 - 1s - loss: 0.2195 - auc: 0.6576 - val_loss: 0.2296 - val_auc: 0.6093 - val_auc_custom: 0.6098 - val_f1_custom: 0.2571 - val_recall_custom: 0.1698 - 1s/epoch - 23ms/step
Curriculum: set focal gamma = 0.5526 (epoch 8)
Epoch 8/70
56/56 - 1s - loss: 0.2088 - auc: 0.6566 - val_loss: 0.2178 - val_auc: 0.6067 - val_auc_custom: 0.6086 - val_f1_custom: 0.2535 - val_recall_custom: 0.1698 - 1s/epoch - 23ms/step
Curriculum: set focal gamma = 0.6316 (epoch 9)
Epoch 9/70
56/56 - 1s - loss: 0.1948 - auc: 0.6733 - val_loss: 0.2062 - val_auc: 0.6103 - val_auc_custom: 0.6101 - val_f1_custom: 0.2667 - val_recall_custom: 0.1887 - 1s/epoch - 23ms/step
Curriculum: set focal gamma = 0.7105 (epoch 10)
Epoch 10/70
56/56 - 1s - loss: 0.1825 - auc: 0.6813 - val_loss: 0.1954 - val_auc: 0.6077 - val_auc_custom: 0.6081 - val_f1_custom: 0.2703 - val_recall_custom: 0.1887 - 1s/epoch - 22ms/step
Curriculum: set focal gamma = 0.7895 (epoch 11)
Epoch 11/70
56/56 - 1s - loss: 0.1730 - auc: 0.6794 - val_loss: 0.1843 - val_auc: 0.6079 - val_auc_custom: 0.6081 - val_f1_custom: 0.2571 - val_recall_custom: 0.1698 - 1s/epoch - 24ms/step
Curriculum: set focal gamma = 0.8684 (epoch 12)
Epoch 12/70
56/56 - 1s - loss: 0.1621 - auc: 0.6976 - val_loss: 0.1732 - val_auc: 0.6253 - val_auc_custom: 0.6269 - val_f1_custom: 0.2571 - val_recall_custom: 0.1698 - 1s/epoch - 24ms/step
Curriculum: set focal gamma = 0.9474 (epoch 13)
Epoch 13/70
56/56 - 1s - loss: 0.1533 - auc: 0.6978 - val_loss: 0.1634 - val_auc: 0.6332 - val_auc_custom: 0.6325 - val_f1_custom: 0.3200 - val_recall_custom: 0.2264 - 1s/epoch - 24ms/step
Curriculum: set focal gamma = 1.0263 (epoch 14)
Epoch 14/70
56/56 - 1s - loss: 0.1434 - auc: 0.7139 - val_loss: 0.1549 - val_auc: 0.6397 - val_auc_custom: 0.6385 - val_f1_custom: 0.3158 - val_recall_custom: 0.2264 - 1s/epoch - 25ms/step
Curriculum: set focal gamma = 1.1053 (epoch 15)
Epoch 15/70
56/56 - 1s - loss: 0.1332 - auc: 0.7311 - val_loss: 0.1467 - val_auc: 0.6479 - val_auc_custom: 0.6478 - val_f1_custom: 0.3514 - val_recall_custom: 0.2453 - 1s/epoch - 25ms/step
Curriculum: set focal gamma = 1.1842 (epoch 16)
Epoch 16/70
56/56 - 1s - loss: 0.1271 - auc: 0.7382 - val_loss: 0.1387 - val_auc: 0.6570 - val_auc_custom: 0.6564 - val_f1_custom: 0.4250 - val_recall_custom: 0.3208 - 1s/epoch - 24ms/step
Curriculum: set focal gamma = 1.2632 (epoch 17)
Epoch 17/70
56/56 - 1s - loss: 0.1187 - auc: 0.7421 - val_loss: 0.1298 - val_auc: 0.6704 - val_auc_custom: 0.6712 - val_f1_custom: 0.3514 - val_recall_custom: 0.2453 - 1s/epoch - 25ms/step
Curriculum: set focal gamma = 1.3421 (epoch 18)
Epoch 18/70
56/56 - 1s - loss: 0.1087 - auc: 0.7743 - val_loss: 0.1236 - val_auc: 0.6732 - val_auc_custom: 0.6727 - val_f1_custom: 0.4051 - val_recall_custom: 0.3019 - 1s/epoch - 25ms/step
Curriculum: set focal gamma = 1.4211 (epoch 19)
Epoch 19/70
56/56 - 1s - loss: 0.1038 - auc: 0.7565 - val_loss: 0.1168 - val_auc: 0.6878 - val_auc_custom: 0.6870 - val_f1_custom: 0.4337 - val_recall_custom: 0.3396 - 1s/epoch - 25ms/step
Curriculum: set focal gamma = 1.5000 (epoch 20)
Epoch 20/70
56/56 - 1s - loss: 0.0979 - auc: 0.7692 - val_loss: 0.1109 - val_auc: 0.6844 - val_auc_custom: 0.6840 - val_f1_custom: 0.4889 - val_recall_custom: 0.4151 - 1s/epoch - 23ms/step
Curriculum: set focal gamma = 1.5000 (epoch 21)
Epoch 21/70
56/56 - 1s - loss: 0.0957 - auc: 0.7876 - val_loss: 0.1111 - val_auc: 0.6972 - val_auc_custom: 0.6991 - val_f1_custom: 0.4146 - val_recall_custom: 0.3208 - 1s/epoch - 24ms/step
Curriculum: set focal gamma = 1.5000 (epoch 22)
Epoch 22/70
56/56 - 1s - loss: 0.0937 - auc: 0.7942 - val_loss: 0.1121 - val_auc: 0.6961 - val_auc_custom: 0.6971 - val_f1_custom: 0.5417 - val_recall_custom: 0.4906 - 1s/epoch - 23ms/step
Curriculum: set focal gamma = 1.5000 (epoch 23)
Epoch 23/70
56/56 - 1s - loss: 0.0947 - auc: 0.7906 - val_loss: 0.1104 - val_auc: 0.7106 - val_auc_custom: 0.7112 - val_f1_custom: 0.5217 - val_recall_custom: 0.4528 - 1s/epoch - 24ms/step
Curriculum: set focal gamma = 1.5000 (epoch 24)
Epoch 24/70
56/56 - -2s - loss: 0.0927 - auc: 0.7987 - val_loss: 0.1126 - val_auc: 0.7031 - val_auc_custom: 0.7054 - val_f1_custom: 0.4773 - val_recall_custom: 0.3962 - -1650631us/epoch - -29476us/step
Curriculum: set focal gamma = 1.5000 (epoch 25)
Epoch 25/70
56/56 - 1s - loss: 0.0919 - auc: 0.8060 - val_loss: 0.1115 - val_auc: 0.7096 - val_auc_custom: 0.7079 - val_f1_custom: 0.5474 - val_recall_custom: 0.4906 - 1s/epoch - 22ms/step
Curriculum: set focal gamma = 1.5000 (epoch 26)
Epoch 26/70
56/56 - 1s - loss: 0.0911 - auc: 0.8060 - val_loss: 0.1144 - val_auc: 0.7042 - val_auc_custom: 0.7039 - val_f1_custom: 0.5714 - val_recall_custom: 0.5660 - 1s/epoch - 22ms/step
Curriculum: set focal gamma = 1.5000 (epoch 27)
Epoch 27/70
56/56 - 1s - loss: 0.0891 - auc: 0.8153 - val_loss: 0.1112 - val_auc: 0.7225 - val_auc_custom: 0.7225 - val_f1_custom: 0.4889 - val_recall_custom: 0.4151 - 1s/epoch - 25ms/step
Curriculum: set focal gamma = 1.5000 (epoch 28)
Epoch 28/70
56/56 - 1s - loss: 0.0879 - auc: 0.8221 - val_loss: 0.1214 - val_auc: 0.6996 - val_auc_custom: 0.6999 - val_f1_custom: 0.6207 - val_recall_custom: 0.6792 - 1s/epoch - 23ms/step
Curriculum: set focal gamma = 1.5000 (epoch 29)
Epoch 29/70
56/56 - 1s - loss: 0.0882 - auc: 0.8200 - val_loss: 0.1139 - val_auc: 0.7216 - val_auc_custom: 0.7218 - val_f1_custom: 0.5455 - val_recall_custom: 0.5094 - 1s/epoch - 22ms/step
Curriculum: set focal gamma = 1.5000 (epoch 30)
Epoch 30/70
56/56 - 1s - loss: 0.0879 - auc: 0.8245 - val_loss: 0.1157 - val_auc: 0.7213 - val_auc_custom: 0.7208 - val_f1_custom: 0.6071 - val_recall_custom: 0.6415 - 1s/epoch - 22ms/step
Curriculum: set focal gamma = 1.5000 (epoch 31)
Epoch 31/70
56/56 - 1s - loss: 0.0842 - auc: 0.8450 - val_loss: 0.1120 - val_auc: 0.7389 - val_auc_custom: 0.7399 - val_f1_custom: 0.5057 - val_recall_custom: 0.4151 - 1s/epoch - 25ms/step
Curriculum: set focal gamma = 1.5000 (epoch 32)
Epoch 32/70
56/56 - 1s - loss: 0.0809 - auc: 0.8603 - val_loss: 0.1131 - val_auc: 0.7405 - val_auc_custom: 0.7389 - val_f1_custom: 0.5417 - val_recall_custom: 0.4906 - 1s/epoch - 23ms/step
Curriculum: set focal gamma = 1.5000 (epoch 33)
Epoch 33/70
56/56 - 1s - loss: 0.0838 - auc: 0.8468 - val_loss: 0.1152 - val_auc: 0.7338 - val_auc_custom: 0.7328 - val_f1_custom: 0.5319 - val_recall_custom: 0.4717 - 1s/epoch - 22ms/step
Curriculum: set focal gamma = 1.5000 (epoch 34)
Epoch 34/70
56/56 - 1s - loss: 0.0804 - auc: 0.8597 - val_loss: 0.1165 - val_auc: 0.7236 - val_auc_custom: 0.7235 - val_f1_custom: 0.5417 - val_recall_custom: 0.4906 - 1s/epoch - 22ms/step
Curriculum: set focal gamma = 1.5000 (epoch 35)
Epoch 35/70
56/56 - 1s - loss: 0.0778 - auc: 0.8719 - val_loss: 0.1211 - val_auc: 0.7185 - val_auc_custom: 0.7185 - val_f1_custom: 0.5319 - val_recall_custom: 0.4717 - 1s/epoch - 22ms/step
Curriculum: set focal gamma = 1.5000 (epoch 36)
Epoch 36/70
56/56 - 1s - loss: 0.0784 - auc: 0.8667 - val_loss: 0.1188 - val_auc: 0.7242 - val_auc_custom: 0.7245 - val_f1_custom: 0.5545 - val_recall_custom: 0.5283 - 1s/epoch - 22ms/step
Curriculum: set focal gamma = 1.5000 (epoch 37)
Epoch 37/70
56/56 - 1s - loss: 0.0756 - auc: 0.8774 - val_loss: 0.1196 - val_auc: 0.7283 - val_auc_custom: 0.7291 - val_f1_custom: 0.6364 - val_recall_custom: 0.6604 - 1s/epoch - 21ms/step
Curriculum: set focal gamma = 1.5000 (epoch 38)
Epoch 38/70
56/56 - 1s - loss: 0.0768 - auc: 0.8760 - val_loss: 0.1177 - val_auc: 0.7435 - val_auc_custom: 0.7434 - val_f1_custom: 0.6286 - val_recall_custom: 0.6226 - 1s/epoch - 23ms/step
Curriculum: set focal gamma = 1.5000 (epoch 39)
Epoch 39/70
56/56 - 1s - loss: 0.0771 - auc: 0.8719 - val_loss: 0.1172 - val_auc: 0.7447 - val_auc_custom: 0.7452 - val_f1_custom: 0.6286 - val_recall_custom: 0.6226 - 1s/epoch - 24ms/step
Curriculum: set focal gamma = 1.5000 (epoch 40)
Epoch 40/70
56/56 - 1s - loss: 0.0747 - auc: 0.8827 - val_loss: 0.1190 - val_auc: 0.7356 - val_auc_custom: 0.7371 - val_f1_custom: 0.5319 - val_recall_custom: 0.4717 - 1s/epoch - 23ms/step
Curriculum: set focal gamma = 1.5000 (epoch 41)
Epoch 41/70
56/56 - 1s - loss: 0.0763 - auc: 0.8766 - val_loss: 0.1194 - val_auc: 0.7286 - val_auc_custom: 0.7291 - val_f1_custom: 0.5000 - val_recall_custom: 0.4151 - 1s/epoch - 23ms/step
Curriculum: set focal gamma = 1.5000 (epoch 42)
Epoch 42/70
56/56 - 1s - loss: 0.0731 - auc: 0.8899 - val_loss: 0.1199 - val_auc: 0.7331 - val_auc_custom: 0.7331 - val_f1_custom: 0.6038 - val_recall_custom: 0.6038 - 1s/epoch - 23ms/step
Curriculum: set focal gamma = 1.5000 (epoch 43)
Epoch 43/70
56/56 - 1s - loss: 0.0719 - auc: 0.8899 - val_loss: 0.1264 - val_auc: 0.7205 - val_auc_custom: 0.7203 - val_f1_custom: 0.6316 - val_recall_custom: 0.6792 - 1s/epoch - 23ms/step
Curriculum: set focal gamma = 1.5000 (epoch 44)
Epoch 44/70
56/56 - 1s - loss: 0.0715 - auc: 0.8920 - val_loss: 0.1185 - val_auc: 0.7410 - val_auc_custom: 0.7409 - val_f1_custom: 0.5490 - val_recall_custom: 0.5283 - 1s/epoch - 23ms/step
Curriculum: set focal gamma = 1.5000 (epoch 45)
Epoch 45/70
56/56 - 1s - loss: 0.0652 - auc: 0.9147 - val_loss: 0.1197 - val_auc: 0.7509 - val_auc_custom: 0.7509 - val_f1_custom: 0.6111 - val_recall_custom: 0.6226 - 1s/epoch - 27ms/step
Curriculum: set focal gamma = 1.5000 (epoch 46)
Epoch 46/70
56/56 - 1s - loss: 0.0638 - auc: 0.9183 - val_loss: 0.1216 - val_auc: 0.7609 - val_auc_custom: 0.7610 - val_f1_custom: 0.6061 - val_recall_custom: 0.5660 - 1s/epoch - 25ms/step
Curriculum: set focal gamma = 1.5000 (epoch 47)
Epoch 47/70
56/56 - 1s - loss: 0.0694 - auc: 0.9004 - val_loss: 0.1285 - val_auc: 0.7492 - val_auc_custom: 0.7484 - val_f1_custom: 0.4889 - val_recall_custom: 0.4151 - 1s/epoch - 22ms/step
Curriculum: set focal gamma = 1.5000 (epoch 48)
Epoch 48/70
56/56 - 1s - loss: 0.0667 - auc: 0.9089 - val_loss: 0.1261 - val_auc: 0.7634 - val_auc_custom: 0.7625 - val_f1_custom: 0.5495 - val_recall_custom: 0.4717 - 1s/epoch - 23ms/step
Curriculum: set focal gamma = 1.5000 (epoch 49)
Epoch 49/70
56/56 - -2s - loss: 0.0611 - auc: 0.9240 - val_loss: 0.1362 - val_auc: 0.7434 - val_auc_custom: 0.7426 - val_f1_custom: 0.6325 - val_recall_custom: 0.6981 - -1512742us/epoch - -27013us/step
Curriculum: set focal gamma = 1.5000 (epoch 50)
Epoch 50/70
56/56 - 1s - loss: 0.0657 - auc: 0.9085 - val_loss: 0.1237 - val_auc: 0.7672 - val_auc_custom: 0.7658 - val_f1_custom: 0.6337 - val_recall_custom: 0.6038 - 1s/epoch - 24ms/step
Curriculum: set focal gamma = 1.5000 (epoch 51)
Epoch 51/70
56/56 - 1s - loss: 0.0636 - auc: 0.9156 - val_loss: 0.1361 - val_auc: 0.7370 - val_auc_custom: 0.7358 - val_f1_custom: 0.6316 - val_recall_custom: 0.6792 - 1s/epoch - 23ms/step
Curriculum: set focal gamma = 1.5000 (epoch 52)
Epoch 52/70
56/56 - 1s - loss: 0.0619 - auc: 0.9202 - val_loss: 0.1307 - val_auc: 0.7530 - val_auc_custom: 0.7530 - val_f1_custom: 0.5625 - val_recall_custom: 0.5094 - 1s/epoch - 25ms/step
Curriculum: set focal gamma = 1.5000 (epoch 53)
Epoch 53/70
56/56 - 1s - loss: 0.0653 - auc: 0.9099 - val_loss: 0.1303 - val_auc: 0.7418 - val_auc_custom: 0.7424 - val_f1_custom: 0.6226 - val_recall_custom: 0.6226 - 1s/epoch - 23ms/step
Curriculum: set focal gamma = 1.5000 (epoch 54)
Epoch 54/70
56/56 - 1s - loss: 0.0629 - auc: 0.9192 - val_loss: 0.1391 - val_auc: 0.7419 - val_auc_custom: 0.7411 - val_f1_custom: 0.6667 - val_recall_custom: 0.6981 - 1s/epoch - 23ms/step
Curriculum: set focal gamma = 1.5000 (epoch 55)
Epoch 55/70
56/56 - 1s - loss: 0.0583 - auc: 0.9337 - val_loss: 0.1349 - val_auc: 0.7430 - val_auc_custom: 0.7431 - val_f1_custom: 0.5686 - val_recall_custom: 0.5472 - 1s/epoch - 23ms/step
Curriculum: set focal gamma = 1.5000 (epoch 56)
Epoch 56/70
56/56 - 1s - loss: 0.0595 - auc: 0.9281 - val_loss: 0.1329 - val_auc: 0.7542 - val_auc_custom: 0.7532 - val_f1_custom: 0.6286 - val_recall_custom: 0.6226 - 1s/epoch - 23ms/step
Curriculum: set focal gamma = 1.5000 (epoch 57)
Epoch 57/70
56/56 - 1s - loss: 0.0573 - auc: 0.9316 - val_loss: 0.1347 - val_auc: 0.7484 - val_auc_custom: 0.7487 - val_f1_custom: 0.6667 - val_recall_custom: 0.6604 - 1s/epoch - 22ms/step
Curriculum: set focal gamma = 1.5000 (epoch 58)
Epoch 58/70
56/56 - 1s - loss: 0.0567 - auc: 0.9353 - val_loss: 0.1334 - val_auc: 0.7639 - val_auc_custom: 0.7635 - val_f1_custom: 0.6186 - val_recall_custom: 0.5660 - 1s/epoch - 23ms/step
Curriculum: set focal gamma = 1.5000 (epoch 59)
Epoch 59/70
56/56 - 1s - loss: 0.0569 - auc: 0.9340 - val_loss: 0.1377 - val_auc: 0.7460 - val_auc_custom: 0.7459 - val_f1_custom: 0.6429 - val_recall_custom: 0.6792 - 1s/epoch - 22ms/step
Curriculum: set focal gamma = 1.5000 (epoch 60)
Epoch 60/70
56/56 - 1s - loss: 0.0550 - auc: 0.9395 - val_loss: 0.1256 - val_auc: 0.7678 - val_auc_custom: 0.7683 - val_f1_custom: 0.5918 - val_recall_custom: 0.5472 - 1s/epoch - 24ms/step
Curriculum: set focal gamma = 1.5000 (epoch 61)
Epoch 61/70
56/56 - 1s - loss: 0.0526 - auc: 0.9464 - val_loss: 0.1409 - val_auc: 0.7514 - val_auc_custom: 0.7514 - val_f1_custom: 0.6726 - val_recall_custom: 0.7170 - 1s/epoch - 23ms/step
Curriculum: set focal gamma = 1.5000 (epoch 62)
Epoch 62/70
56/56 - 1s - loss: 0.0544 - auc: 0.9397 - val_loss: 0.1320 - val_auc: 0.7741 - val_auc_custom: 0.7738 - val_f1_custom: 0.6263 - val_recall_custom: 0.5849 - 1s/epoch - 24ms/step
Curriculum: set focal gamma = 1.5000 (epoch 63)
Epoch 63/70
56/56 - 1s - loss: 0.0498 - auc: 0.9495 - val_loss: 0.1433 - val_auc: 0.7628 - val_auc_custom: 0.7623 - val_f1_custom: 0.6481 - val_recall_custom: 0.6604 - 1s/epoch - 21ms/step
Curriculum: set focal gamma = 1.5000 (epoch 64)
Epoch 64/70
56/56 - 1s - loss: 0.0513 - auc: 0.9479 - val_loss: 0.1375 - val_auc: 0.7599 - val_auc_custom: 0.7587 - val_f1_custom: 0.5495 - val_recall_custom: 0.4717 - 1s/epoch - 22ms/step
Curriculum: set focal gamma = 1.5000 (epoch 65)
Epoch 65/70
56/56 - 1s - loss: 0.0541 - auc: 0.9382 - val_loss: 0.1419 - val_auc: 0.7553 - val_auc_custom: 0.7552 - val_f1_custom: 0.5962 - val_recall_custom: 0.5849 - 1s/epoch - 22ms/step
Curriculum: set focal gamma = 1.5000 (epoch 66)
Epoch 66/70
56/56 - 1s - loss: 0.0499 - auc: 0.9522 - val_loss: 0.1302 - val_auc: 0.7732 - val_auc_custom: 0.7746 - val_f1_custom: 0.6042 - val_recall_custom: 0.5472 - 1s/epoch - 23ms/step
Curriculum: set focal gamma = 1.5000 (epoch 67)
Epoch 67/70
56/56 - 1s - loss: 0.0493 - auc: 0.9515 - val_loss: 0.1345 - val_auc: 0.7698 - val_auc_custom: 0.7686 - val_f1_custom: 0.6019 - val_recall_custom: 0.5849 - 1s/epoch - 23ms/step
Curriculum: set focal gamma = 1.5000 (epoch 68)
Epoch 68/70
56/56 - 1s - loss: 0.0519 - auc: 0.9461 - val_loss: 0.1395 - val_auc: 0.7672 - val_auc_custom: 0.7670 - val_f1_custom: 0.6214 - val_recall_custom: 0.6038 - 1s/epoch - 23ms/step
Curriculum: set focal gamma = 1.5000 (epoch 69)
Epoch 69/70
56/56 - 1s - loss: 0.0532 - auc: 0.9434 - val_loss: 0.1394 - val_auc: 0.7626 - val_auc_custom: 0.7633 - val_f1_custom: 0.5532 - val_recall_custom: 0.4906 - 1s/epoch - 22ms/step
Curriculum: set focal gamma = 1.5000 (epoch 70)
Epoch 70/70
56/56 - 1s - loss: 0.0532 - auc: 0.9447 - val_loss: 0.1482 - val_auc: 0.7421 - val_auc_custom: 0.7416 - val_f1_custom: 0.5941 - val_recall_custom: 0.5660 - 1s/epoch - 22ms/step
Mask config -> mode=soft, threshold=0.6, window_gate=None
Done. Results saved to /home/user/projects/train/model/long_window/CNN_BiLSTM/result_focal_sweep/cw01_fg08/01
