2025-09-22 03:02:23.146331: I tensorflow/core/util/port.cc:110] oneDNN custom operations are on. You may see slightly different numerical results due to floating-point round-off errors from different computation orders. To turn them off, set the environment variable `TF_ENABLE_ONEDNN_OPTS=0`.
2025-09-22 03:02:23.175415: I tensorflow/core/platform/cpu_feature_guard.cc:182] This TensorFlow binary is optimized to use available CPU instructions in performance-critical operations.
To enable the following instructions: AVX2 AVX_VNNI FMA, in other operations, rebuild TensorFlow with the appropriate compiler flags.
2025-09-22 03:02:23.602601: W tensorflow/compiler/tf2tensorrt/utils/py_utils.cc:38] TF-TRT Warning: Could not find TensorRT
2025-09-22 03:02:24.001085: I tensorflow/compiler/xla/stream_executor/cuda/cuda_gpu_executor.cc:981] could not open file to read NUMA node: /sys/bus/pci/devices/0000:01:00.0/numa_node
Your kernel may have been built without NUMA support.
2025-09-22 03:02:24.021048: I tensorflow/compiler/xla/stream_executor/cuda/cuda_gpu_executor.cc:981] could not open file to read NUMA node: /sys/bus/pci/devices/0000:01:00.0/numa_node
Your kernel may have been built without NUMA support.
2025-09-22 03:02:24.021160: I tensorflow/compiler/xla/stream_executor/cuda/cuda_gpu_executor.cc:981] could not open file to read NUMA node: /sys/bus/pci/devices/0000:01:00.0/numa_node
Your kernel may have been built without NUMA support.
2025-09-22 03:02:24.022733: I tensorflow/compiler/xla/stream_executor/cuda/cuda_gpu_executor.cc:981] could not open file to read NUMA node: /sys/bus/pci/devices/0000:01:00.0/numa_node
Your kernel may have been built without NUMA support.
2025-09-22 03:02:24.022824: I tensorflow/compiler/xla/stream_executor/cuda/cuda_gpu_executor.cc:981] could not open file to read NUMA node: /sys/bus/pci/devices/0000:01:00.0/numa_node
Your kernel may have been built without NUMA support.
2025-09-22 03:02:24.022848: I tensorflow/compiler/xla/stream_executor/cuda/cuda_gpu_executor.cc:981] could not open file to read NUMA node: /sys/bus/pci/devices/0000:01:00.0/numa_node
Your kernel may have been built without NUMA support.
2025-09-22 03:02:24.120707: I tensorflow/compiler/xla/stream_executor/cuda/cuda_gpu_executor.cc:981] could not open file to read NUMA node: /sys/bus/pci/devices/0000:01:00.0/numa_node
Your kernel may have been built without NUMA support.
2025-09-22 03:02:24.120817: I tensorflow/compiler/xla/stream_executor/cuda/cuda_gpu_executor.cc:981] could not open file to read NUMA node: /sys/bus/pci/devices/0000:01:00.0/numa_node
Your kernel may have been built without NUMA support.
2025-09-22 03:02:24.120825: I tensorflow/core/common_runtime/gpu/gpu_device.cc:1726] Could not identify NUMA node of platform GPU id 0, defaulting to 0.  Your kernel may not have been built with NUMA support.
2025-09-22 03:02:24.120849: I tensorflow/compiler/xla/stream_executor/cuda/cuda_gpu_executor.cc:981] could not open file to read NUMA node: /sys/bus/pci/devices/0000:01:00.0/numa_node
Your kernel may have been built without NUMA support.
2025-09-22 03:02:24.120870: I tensorflow/core/common_runtime/gpu/gpu_device.cc:1639] Created device /job:localhost/replica:0/task:0/device:GPU:0 with 9517 MB memory:  -> device: 0, name: NVIDIA GeForce RTX 4070 SUPER, pci bus id: 0000:01:00.0, compute capability: 8.9
[feature_check] OK: train/test feature_list identical (n=36)
GPU detected: 1 physical, 1 logical -> ['/device:GPU:0']
Config: batch=16, accumulate_steps=8 -> effective_batch=128
Loaded (for internal train/val)  (1276, 36, 75) (1276,)
Loaded EXTERNAL TEST: (354, 36, 75) from /home/user/projects/train/test_data/slipce/windows_npz.npz
[mask] windows_npz.npz using occlusion_flag ch=7
[mask] windows_npz.npz using occlusion_flag ch=7
Model: "cnn_bilstm_attn_masked"
__________________________________________________________________________________________________
 Layer (type)                Output Shape                 Param #   Connected to                  
==================================================================================================
 input (InputLayer)          [(None, 36, 75)]             0         []                            
                                                                                                  
 permute_time_features (Per  (None, 75, 36)               0         ['input[0][0]']               
 mute)                                                                                            
                                                                                                  
 conv0 (Conv1D)              (None, 75, 64)               6976      ['permute_time_features[0][0]'
                                                                    ]                             
                                                                                                  
 bn0 (BatchNormalization)    (None, 75, 64)               256       ['conv0[0][0]']               
                                                                                                  
 act0 (Activation)           (None, 75, 64)               0         ['bn0[0][0]']                 
                                                                                                  
 conv_dropout0 (Dropout)     (None, 75, 64)               0         ['act0[0][0]']                
                                                                                                  
 conv1 (Conv1D)              (None, 75, 64)               20544     ['conv_dropout0[0][0]']       
                                                                                                  
 bn1 (BatchNormalization)    (None, 75, 64)               256       ['conv1[0][0]']               
                                                                                                  
 act1 (Activation)           (None, 75, 64)               0         ['bn1[0][0]']                 
                                                                                                  
 conv_dropout1 (Dropout)     (None, 75, 64)               0         ['act1[0][0]']                
                                                                                                  
 conv2 (Conv1D)              (None, 75, 64)               12352     ['conv_dropout1[0][0]']       
                                                                                                  
 bn2 (BatchNormalization)    (None, 75, 64)               256       ['conv2[0][0]']               
                                                                                                  
 act2 (Activation)           (None, 75, 64)               0         ['bn2[0][0]']                 
                                                                                                  
 conv_dropout2 (Dropout)     (None, 75, 64)               0         ['act2[0][0]']                
                                                                                                  
 bilstm (Bidirectional)      (None, 75, 128)              66048     ['conv_dropout2[0][0]']       
                                                                                                  
 mlp_attn_u (Dense)          (None, 75, 32)               4128      ['bilstm[0][0]']              
                                                                                                  
 mlp_attn_score (Dense)      (None, 75, 1)                33        ['mlp_attn_u[0][0]']          
                                                                                                  
 mlp_attn_squeeze (Lambda)   (None, 75)                   0         ['mlp_attn_score[0][0]']      
                                                                                                  
 attn_mask (InputLayer)      [(None, 75)]                 0         []                            
                                                                                                  
 mlp_attn_apply_mask (Lambd  (None, 75)                   0         ['mlp_attn_squeeze[0][0]',    
 a)                                                                  'attn_mask[0][0]']           
                                                                                                  
 mlp_attn_softmax (Lambda)   (None, 75)                   0         ['mlp_attn_apply_mask[0][0]'] 
                                                                                                  
 mlp_attn_expand (Lambda)    (None, 75, 1)                0         ['mlp_attn_softmax[0][0]']    
                                                                                                  
 mlp_attn_weighted (Lambda)  (None, 128)                  0         ['bilstm[0][0]',              
                                                                     'mlp_attn_expand[0][0]']     
                                                                                                  
 fc1 (Dense)                 (None, 64)                   8256      ['mlp_attn_weighted[0][0]']   
                                                                                                  
 fc_dropout (Dropout)        (None, 64)                   0         ['fc1[0][0]']                 
                                                                                                  
 out (Dense)                 (None, 1)                    65        ['fc_dropout[0][0]']          
                                                                                                  
==================================================================================================
Total params: 119171 (465.51 KB)
Trainable params: 118786 (464.01 KB)
Non-trainable params: 385 (1.50 KB)
__________________________________________________________________________________________________
None
Writing results to result_multi_seed_composite_slipce/seed5/01
Curriculum: set focal gamma = 0.0000 (epoch 1)
Epoch 1/70
2025-09-22 03:02:29.180397: I tensorflow/compiler/xla/stream_executor/cuda/cuda_dnn.cc:432] Loaded cuDNN version 8600
2025-09-22 03:02:29.267946: I tensorflow/tsl/platform/default/subprocess.cc:304] Start cannot spawn child process: No such file or directory
2025-09-22 03:02:29.412614: I tensorflow/compiler/xla/stream_executor/cuda/cuda_blas.cc:606] TensorFloat-32 will be used for the matrix multiplication. This will only be logged once.
2025-09-22 03:02:29.732505: I tensorflow/compiler/xla/service/service.cc:168] XLA service 0x7e5b3e379ba0 initialized for platform CUDA (this does not guarantee that XLA will be used). Devices:
2025-09-22 03:02:29.732551: I tensorflow/compiler/xla/service/service.cc:176]   StreamExecutor device (0): NVIDIA GeForce RTX 4070 SUPER, Compute Capability 8.9
2025-09-22 03:02:29.735618: I tensorflow/compiler/mlir/tensorflow/utils/dump_mlir_util.cc:255] disabling MLIR crash reproducer, set env var `MLIR_CRASH_REPRODUCER_DIRECTORY` to enable.
2025-09-22 03:02:29.791489: I tensorflow/tsl/platform/default/subprocess.cc:304] Start cannot spawn child process: No such file or directory
2025-09-22 03:02:29.827787: I ./tensorflow/compiler/jit/device_compiler.h:186] Compiled cluster using XLA!  This line is logged at most once for the lifetime of the process.
WARNING:tensorflow:Can save best model only with val_composite available, skipping.
WARNING:tensorflow:Early stopping conditioned on metric `val_composite` which is not available. Available metrics are: loss,auc,val_loss,val_auc
56/56 - 7s - loss: 0.3260 - auc: 0.4925 - val_loss: 0.3373 - val_auc: 0.5919 - val_auc_custom: 0.5894 - val_f1_custom: 0.0000e+00 - val_recall_custom: 0.0000e+00 - val_composite: 0.1179 - val_precision_aware: 0.1179 - 7s/epoch - 123ms/step
Curriculum: set focal gamma = 0.0526 (epoch 2)
Epoch 2/70
WARNING:tensorflow:Can save best model only with val_composite available, skipping.
WARNING:tensorflow:Early stopping conditioned on metric `val_composite` which is not available. Available metrics are: loss,auc,val_loss,val_auc
56/56 - 1s - loss: 0.2917 - auc: 0.5721 - val_loss: 0.3084 - val_auc: 0.6133 - val_auc_custom: 0.6088 - val_f1_custom: 0.0000e+00 - val_recall_custom: 0.0000e+00 - val_composite: 0.1218 - val_precision_aware: 0.1218 - 1s/epoch - 21ms/step
Curriculum: set focal gamma = 0.1053 (epoch 3)
Epoch 3/70
WARNING:tensorflow:Can save best model only with val_composite available, skipping.
WARNING:tensorflow:Early stopping conditioned on metric `val_composite` which is not available. Available metrics are: loss,auc,val_loss,val_auc
56/56 - 1s - loss: 0.2766 - auc: 0.6173 - val_loss: 0.2929 - val_auc: 0.6165 - val_auc_custom: 0.6166 - val_f1_custom: 0.0000e+00 - val_recall_custom: 0.0000e+00 - val_composite: 0.1233 - val_precision_aware: 0.1233 - 1s/epoch - 21ms/step
Curriculum: set focal gamma = 0.1579 (epoch 4)
Epoch 4/70
WARNING:tensorflow:Can save best model only with val_composite available, skipping.
WARNING:tensorflow:Early stopping conditioned on metric `val_composite` which is not available. Available metrics are: loss,auc,val_loss,val_auc
56/56 - 1s - loss: 0.2614 - auc: 0.6468 - val_loss: 0.2809 - val_auc: 0.6196 - val_auc_custom: 0.6189 - val_f1_custom: 0.1034 - val_recall_custom: 0.0566 - val_composite: 0.1831 - val_precision_aware: 0.4548 - 1s/epoch - 20ms/step
Curriculum: set focal gamma = 0.2105 (epoch 5)
Epoch 5/70
WARNING:tensorflow:Can save best model only with val_composite available, skipping.
WARNING:tensorflow:Early stopping conditioned on metric `val_composite` which is not available. Available metrics are: loss,auc,val_loss,val_auc
56/56 - 1s - loss: 0.2526 - auc: 0.6382 - val_loss: 0.2706 - val_auc: 0.6125 - val_auc_custom: 0.6121 - val_f1_custom: 0.1905 - val_recall_custom: 0.1132 - val_composite: 0.2362 - val_precision_aware: 0.4796 - 1s/epoch - 20ms/step
Curriculum: set focal gamma = 0.2632 (epoch 6)
Epoch 6/70
WARNING:tensorflow:Can save best model only with val_composite available, skipping.
WARNING:tensorflow:Early stopping conditioned on metric `val_composite` which is not available. Available metrics are: loss,auc,val_loss,val_auc
56/56 - 1s - loss: 0.2403 - auc: 0.6574 - val_loss: 0.2617 - val_auc: 0.6075 - val_auc_custom: 0.6091 - val_f1_custom: 0.2424 - val_recall_custom: 0.1509 - val_composite: 0.2700 - val_precision_aware: 0.5022 - 1s/epoch - 20ms/step
Curriculum: set focal gamma = 0.3158 (epoch 7)
Epoch 7/70
WARNING:tensorflow:Can save best model only with val_composite available, skipping.
WARNING:tensorflow:Early stopping conditioned on metric `val_composite` which is not available. Available metrics are: loss,auc,val_loss,val_auc
56/56 - 1s - loss: 0.2283 - auc: 0.6676 - val_loss: 0.2523 - val_auc: 0.6053 - val_auc_custom: 0.6060 - val_f1_custom: 0.2154 - val_recall_custom: 0.1321 - val_composite: 0.2519 - val_precision_aware: 0.4775 - 1s/epoch - 22ms/step
Curriculum: set focal gamma = 0.3684 (epoch 8)
Epoch 8/70
WARNING:tensorflow:Can save best model only with val_composite available, skipping.
WARNING:tensorflow:Early stopping conditioned on metric `val_composite` which is not available. Available metrics are: loss,auc,val_loss,val_auc
56/56 - 1s - loss: 0.2188 - auc: 0.6796 - val_loss: 0.2411 - val_auc: 0.6119 - val_auc_custom: 0.6103 - val_f1_custom: 0.2817 - val_recall_custom: 0.1887 - val_composite: 0.3009 - val_precision_aware: 0.4843 - 1s/epoch - 21ms/step
Curriculum: set focal gamma = 0.4211 (epoch 9)
Epoch 9/70
WARNING:tensorflow:Can save best model only with val_composite available, skipping.
WARNING:tensorflow:Early stopping conditioned on metric `val_composite` which is not available. Available metrics are: loss,auc,val_loss,val_auc
56/56 - 1s - loss: 0.2075 - auc: 0.6926 - val_loss: 0.2310 - val_auc: 0.6192 - val_auc_custom: 0.6191 - val_f1_custom: 0.2857 - val_recall_custom: 0.1887 - val_composite: 0.3039 - val_precision_aware: 0.5037 - 1s/epoch - 20ms/step
Curriculum: set focal gamma = 0.4737 (epoch 10)
Epoch 10/70
WARNING:tensorflow:Can save best model only with val_composite available, skipping.
WARNING:tensorflow:Early stopping conditioned on metric `val_composite` which is not available. Available metrics are: loss,auc,val_loss,val_auc
56/56 - 1s - loss: 0.1980 - auc: 0.7048 - val_loss: 0.2219 - val_auc: 0.6328 - val_auc_custom: 0.6317 - val_f1_custom: 0.3243 - val_recall_custom: 0.2264 - val_composite: 0.3368 - val_precision_aware: 0.5094 - 1s/epoch - 19ms/step
Curriculum: set focal gamma = 0.5263 (epoch 11)
Epoch 11/70
WARNING:tensorflow:Can save best model only with val_composite available, skipping.
WARNING:tensorflow:Early stopping conditioned on metric `val_composite` which is not available. Available metrics are: loss,auc,val_loss,val_auc
56/56 - 1s - loss: 0.1927 - auc: 0.6936 - val_loss: 0.2140 - val_auc: 0.6361 - val_auc_custom: 0.6357 - val_f1_custom: 0.3200 - val_recall_custom: 0.2264 - val_composite: 0.3364 - val_precision_aware: 0.4959 - 1s/epoch - 21ms/step
Curriculum: set focal gamma = 0.5789 (epoch 12)
Epoch 12/70
WARNING:tensorflow:Can save best model only with val_composite available, skipping.
WARNING:tensorflow:Early stopping conditioned on metric `val_composite` which is not available. Available metrics are: loss,auc,val_loss,val_auc
56/56 - 1s - loss: 0.1818 - auc: 0.7276 - val_loss: 0.2051 - val_auc: 0.6429 - val_auc_custom: 0.6435 - val_f1_custom: 0.3288 - val_recall_custom: 0.2264 - val_composite: 0.3405 - val_precision_aware: 0.5273 - 1s/epoch - 20ms/step
Curriculum: set focal gamma = 0.6316 (epoch 13)
Epoch 13/70
WARNING:tensorflow:Can save best model only with val_composite available, skipping.
WARNING:tensorflow:Early stopping conditioned on metric `val_composite` which is not available. Available metrics are: loss,auc,val_loss,val_auc
56/56 - 1s - loss: 0.1744 - auc: 0.7375 - val_loss: 0.1973 - val_auc: 0.6477 - val_auc_custom: 0.6470 - val_f1_custom: 0.3684 - val_recall_custom: 0.2642 - val_composite: 0.3720 - val_precision_aware: 0.5443 - 1s/epoch - 21ms/step
Curriculum: set focal gamma = 0.6842 (epoch 14)
Epoch 14/70
WARNING:tensorflow:Can save best model only with val_composite available, skipping.
WARNING:tensorflow:Early stopping conditioned on metric `val_composite` which is not available. Available metrics are: loss,auc,val_loss,val_auc
56/56 - 1s - loss: 0.1649 - auc: 0.7465 - val_loss: 0.1909 - val_auc: 0.6600 - val_auc_custom: 0.6621 - val_f1_custom: 0.4000 - val_recall_custom: 0.3019 - val_composite: 0.4034 - val_precision_aware: 0.5487 - 1s/epoch - 20ms/step
Curriculum: set focal gamma = 0.7368 (epoch 15)
Epoch 15/70
WARNING:tensorflow:Can save best model only with val_composite available, skipping.
WARNING:tensorflow:Early stopping conditioned on metric `val_composite` which is not available. Available metrics are: loss,auc,val_loss,val_auc
56/56 - 1s - loss: 0.1582 - auc: 0.7550 - val_loss: 0.1855 - val_auc: 0.6679 - val_auc_custom: 0.6682 - val_f1_custom: 0.4000 - val_recall_custom: 0.3019 - val_composite: 0.4046 - val_precision_aware: 0.5499 - 1s/epoch - 21ms/step
Curriculum: set focal gamma = 0.7895 (epoch 16)
Epoch 16/70
WARNING:tensorflow:Can save best model only with val_composite available, skipping.
WARNING:tensorflow:Early stopping conditioned on metric `val_composite` which is not available. Available metrics are: loss,auc,val_loss,val_auc
56/56 - 1s - loss: 0.1516 - auc: 0.7591 - val_loss: 0.1845 - val_auc: 0.6603 - val_auc_custom: 0.6609 - val_f1_custom: 0.4516 - val_recall_custom: 0.3962 - val_composite: 0.4658 - val_precision_aware: 0.5302 - 1s/epoch - 21ms/step
Curriculum: set focal gamma = 0.8421 (epoch 17)
Epoch 17/70
WARNING:tensorflow:Can save best model only with val_composite available, skipping.
WARNING:tensorflow:Early stopping conditioned on metric `val_composite` which is not available. Available metrics are: loss,auc,val_loss,val_auc
56/56 - 1s - loss: 0.1460 - auc: 0.7542 - val_loss: 0.1757 - val_auc: 0.6682 - val_auc_custom: 0.6667 - val_f1_custom: 0.3291 - val_recall_custom: 0.2453 - val_composite: 0.3547 - val_precision_aware: 0.4821 - 1s/epoch - 21ms/step
Curriculum: set focal gamma = 0.8947 (epoch 18)
Epoch 18/70
WARNING:tensorflow:Can save best model only with val_composite available, skipping.
WARNING:tensorflow:Early stopping conditioned on metric `val_composite` which is not available. Available metrics are: loss,auc,val_loss,val_auc
56/56 - 1s - loss: 0.1368 - auc: 0.7787 - val_loss: 0.1713 - val_auc: 0.6709 - val_auc_custom: 0.6707 - val_f1_custom: 0.4783 - val_recall_custom: 0.4151 - val_composite: 0.4852 - val_precision_aware: 0.5597 - 1s/epoch - 20ms/step
Curriculum: set focal gamma = 0.9474 (epoch 19)
Epoch 19/70
WARNING:tensorflow:Can save best model only with val_composite available, skipping.
WARNING:tensorflow:Early stopping conditioned on metric `val_composite` which is not available. Available metrics are: loss,auc,val_loss,val_auc
56/56 - 1s - loss: 0.1293 - auc: 0.7881 - val_loss: 0.1681 - val_auc: 0.6653 - val_auc_custom: 0.6649 - val_f1_custom: 0.4842 - val_recall_custom: 0.4340 - val_composite: 0.4952 - val_precision_aware: 0.5521 - 1s/epoch - 21ms/step
Curriculum: set focal gamma = 1.0000 (epoch 20)
Epoch 20/70
WARNING:tensorflow:Can save best model only with val_composite available, skipping.
WARNING:tensorflow:Early stopping conditioned on metric `val_composite` which is not available. Available metrics are: loss,auc,val_loss,val_auc
56/56 - 1s - loss: 0.1196 - auc: 0.8102 - val_loss: 0.1603 - val_auc: 0.6805 - val_auc_custom: 0.6820 - val_f1_custom: 0.4235 - val_recall_custom: 0.3396 - val_composite: 0.4333 - val_precision_aware: 0.5447 - 1s/epoch - 21ms/step
Curriculum: set focal gamma = 1.0000 (epoch 21)
Epoch 21/70
WARNING:tensorflow:Can save best model only with val_composite available, skipping.
WARNING:tensorflow:Early stopping conditioned on metric `val_composite` which is not available. Available metrics are: loss,auc,val_loss,val_auc
56/56 - 1s - loss: 0.1218 - auc: 0.7981 - val_loss: 0.1586 - val_auc: 0.6862 - val_auc_custom: 0.6863 - val_f1_custom: 0.4667 - val_recall_custom: 0.3962 - val_composite: 0.4754 - val_precision_aware: 0.5610 - 1s/epoch - 22ms/step
Curriculum: set focal gamma = 1.0000 (epoch 22)
Epoch 22/70
WARNING:tensorflow:Can save best model only with val_composite available, skipping.
WARNING:tensorflow:Early stopping conditioned on metric `val_composite` which is not available. Available metrics are: loss,auc,val_loss,val_auc
56/56 - 1s - loss: 0.1207 - auc: 0.8022 - val_loss: 0.1698 - val_auc: 0.6717 - val_auc_custom: 0.6730 - val_f1_custom: 0.5283 - val_recall_custom: 0.5283 - val_composite: 0.5572 - val_precision_aware: 0.5572 - 1s/epoch - 21ms/step
Curriculum: set focal gamma = 1.0000 (epoch 23)
Epoch 23/70
WARNING:tensorflow:Can save best model only with val_composite available, skipping.
WARNING:tensorflow:Early stopping conditioned on metric `val_composite` which is not available. Available metrics are: loss,auc,val_loss,val_auc
56/56 - 1s - loss: 0.1206 - auc: 0.8053 - val_loss: 0.1580 - val_auc: 0.6990 - val_auc_custom: 0.6999 - val_f1_custom: 0.5361 - val_recall_custom: 0.4906 - val_composite: 0.5461 - val_precision_aware: 0.5963 - 1s/epoch - 21ms/step
Curriculum: set focal gamma = 1.0000 (epoch 24)
Epoch 24/70
WARNING:tensorflow:Can save best model only with val_composite available, skipping.
WARNING:tensorflow:Early stopping conditioned on metric `val_composite` which is not available. Available metrics are: loss,auc,val_loss,val_auc
56/56 - 1s - loss: 0.1169 - auc: 0.8237 - val_loss: 0.1575 - val_auc: 0.7052 - val_auc_custom: 0.7036 - val_f1_custom: 0.5106 - val_recall_custom: 0.4528 - val_composite: 0.5203 - val_precision_aware: 0.5866 - 1s/epoch - 22ms/step
Curriculum: set focal gamma = 1.0000 (epoch 25)
Epoch 25/70
WARNING:tensorflow:Can save best model only with val_composite available, skipping.
WARNING:tensorflow:Early stopping conditioned on metric `val_composite` which is not available. Available metrics are: loss,auc,val_loss,val_auc
56/56 - 1s - loss: 0.1165 - auc: 0.8245 - val_loss: 0.1668 - val_auc: 0.6999 - val_auc_custom: 0.6994 - val_f1_custom: 0.5000 - val_recall_custom: 0.5094 - val_composite: 0.5446 - val_precision_aware: 0.5353 - 1s/epoch - 21ms/step
Curriculum: set focal gamma = 1.0000 (epoch 26)
Epoch 26/70
WARNING:tensorflow:Can save best model only with val_composite available, skipping.
WARNING:tensorflow:Early stopping conditioned on metric `val_composite` which is not available. Available metrics are: loss,auc,val_loss,val_auc
56/56 - 1s - loss: 0.1118 - auc: 0.8371 - val_loss: 0.1618 - val_auc: 0.7065 - val_auc_custom: 0.7072 - val_f1_custom: 0.5000 - val_recall_custom: 0.4340 - val_composite: 0.5084 - val_precision_aware: 0.5863 - 1s/epoch - 21ms/step
Curriculum: set focal gamma = 1.0000 (epoch 27)
Epoch 27/70
WARNING:tensorflow:Can save best model only with val_composite available, skipping.
WARNING:tensorflow:Early stopping conditioned on metric `val_composite` which is not available. Available metrics are: loss,auc,val_loss,val_auc
56/56 - 1s - loss: 0.1134 - auc: 0.8330 - val_loss: 0.1614 - val_auc: 0.7140 - val_auc_custom: 0.7142 - val_f1_custom: 0.4898 - val_recall_custom: 0.4528 - val_composite: 0.5162 - val_precision_aware: 0.5564 - 1s/epoch - 21ms/step
Curriculum: set focal gamma = 1.0000 (epoch 28)
Epoch 28/70
WARNING:tensorflow:Can save best model only with val_composite available, skipping.
WARNING:tensorflow:Early stopping conditioned on metric `val_composite` which is not available. Available metrics are: loss,auc,val_loss,val_auc
56/56 - 1s - loss: 0.1151 - auc: 0.8274 - val_loss: 0.1589 - val_auc: 0.7206 - val_auc_custom: 0.7213 - val_f1_custom: 0.5490 - val_recall_custom: 0.5283 - val_composite: 0.5731 - val_precision_aware: 0.5947 - 1s/epoch - 21ms/step
Curriculum: set focal gamma = 1.0000 (epoch 29)
Epoch 29/70
WARNING:tensorflow:Can save best model only with val_composite available, skipping.
WARNING:tensorflow:Early stopping conditioned on metric `val_composite` which is not available. Available metrics are: loss,auc,val_loss,val_auc
56/56 - 1s - loss: 0.1104 - auc: 0.8436 - val_loss: 0.1602 - val_auc: 0.7011 - val_auc_custom: 0.7009 - val_f1_custom: 0.5306 - val_recall_custom: 0.4906 - val_composite: 0.5446 - val_precision_aware: 0.5882 - 1s/epoch - 21ms/step
Curriculum: set focal gamma = 1.0000 (epoch 30)
Epoch 30/70
WARNING:tensorflow:Can save best model only with val_composite available, skipping.
WARNING:tensorflow:Early stopping conditioned on metric `val_composite` which is not available. Available metrics are: loss,auc,val_loss,val_auc
56/56 - 1s - loss: 0.1151 - auc: 0.8266 - val_loss: 0.1593 - val_auc: 0.7060 - val_auc_custom: 0.7067 - val_f1_custom: 0.5155 - val_recall_custom: 0.4717 - val_composite: 0.5318 - val_precision_aware: 0.5801 - 1s/epoch - 20ms/step
Curriculum: set focal gamma = 1.0000 (epoch 31)
Epoch 31/70
WARNING:tensorflow:Can save best model only with val_composite available, skipping.
WARNING:tensorflow:Early stopping conditioned on metric `val_composite` which is not available. Available metrics are: loss,auc,val_loss,val_auc
56/56 - 1s - loss: 0.1094 - auc: 0.8508 - val_loss: 0.1656 - val_auc: 0.7136 - val_auc_custom: 0.7137 - val_f1_custom: 0.5472 - val_recall_custom: 0.5472 - val_composite: 0.5805 - val_precision_aware: 0.5805 - 1s/epoch - 20ms/step
Curriculum: set focal gamma = 1.0000 (epoch 32)
Epoch 32/70
WARNING:tensorflow:Can save best model only with val_composite available, skipping.
WARNING:tensorflow:Early stopping conditioned on metric `val_composite` which is not available. Available metrics are: loss,auc,val_loss,val_auc
56/56 - 1s - loss: 0.1076 - auc: 0.8551 - val_loss: 0.1610 - val_auc: 0.7117 - val_auc_custom: 0.7107 - val_f1_custom: 0.5155 - val_recall_custom: 0.4717 - val_composite: 0.5326 - val_precision_aware: 0.5809 - 1s/epoch - 20ms/step
Curriculum: set focal gamma = 1.0000 (epoch 33)
Epoch 33/70
WARNING:tensorflow:Can save best model only with val_composite available, skipping.
WARNING:tensorflow:Early stopping conditioned on metric `val_composite` which is not available. Available metrics are: loss,auc,val_loss,val_auc
56/56 - 1s - loss: 0.1064 - auc: 0.8570 - val_loss: 0.1685 - val_auc: 0.7167 - val_auc_custom: 0.7172 - val_f1_custom: 0.5472 - val_recall_custom: 0.5472 - val_composite: 0.5812 - val_precision_aware: 0.5812 - 1s/epoch - 21ms/step
Curriculum: set focal gamma = 1.0000 (epoch 34)
Epoch 34/70
WARNING:tensorflow:Can save best model only with val_composite available, skipping.
WARNING:tensorflow:Early stopping conditioned on metric `val_composite` which is not available. Available metrics are: loss,auc,val_loss,val_auc
56/56 - 1s - loss: 0.1034 - auc: 0.8656 - val_loss: 0.1639 - val_auc: 0.7181 - val_auc_custom: 0.7180 - val_f1_custom: 0.5000 - val_recall_custom: 0.4528 - val_composite: 0.5200 - val_precision_aware: 0.5727 - 1s/epoch - 22ms/step
Curriculum: set focal gamma = 1.0000 (epoch 35)
Epoch 35/70
WARNING:tensorflow:Can save best model only with val_composite available, skipping.
WARNING:tensorflow:Early stopping conditioned on metric `val_composite` which is not available. Available metrics are: loss,auc,val_loss,val_auc
56/56 - 1s - loss: 0.1047 - auc: 0.8632 - val_loss: 0.1684 - val_auc: 0.7175 - val_auc_custom: 0.7177 - val_f1_custom: 0.5000 - val_recall_custom: 0.4906 - val_composite: 0.5388 - val_precision_aware: 0.5484 - 1s/epoch - 22ms/step
Curriculum: set focal gamma = 1.0000 (epoch 36)
Epoch 36/70
WARNING:tensorflow:Can save best model only with val_composite available, skipping.
WARNING:tensorflow:Early stopping conditioned on metric `val_composite` which is not available. Available metrics are: loss,auc,val_loss,val_auc
56/56 - 1s - loss: 0.1058 - auc: 0.8608 - val_loss: 0.1811 - val_auc: 0.7252 - val_auc_custom: 0.7250 - val_f1_custom: 0.6087 - val_recall_custom: 0.6604 - val_composite: 0.6578 - val_precision_aware: 0.6099 - 1s/epoch - 21ms/step
Curriculum: set focal gamma = 1.0000 (epoch 37)
Epoch 37/70
WARNING:tensorflow:Can save best model only with val_composite available, skipping.
WARNING:tensorflow:Early stopping conditioned on metric `val_composite` which is not available. Available metrics are: loss,auc,val_loss,val_auc
56/56 - 1s - loss: 0.0966 - auc: 0.8882 - val_loss: 0.1684 - val_auc: 0.7133 - val_auc_custom: 0.7132 - val_f1_custom: 0.4270 - val_recall_custom: 0.3585 - val_composite: 0.4500 - val_precision_aware: 0.5346 - 1s/epoch - 21ms/step
Curriculum: set focal gamma = 1.0000 (epoch 38)
Epoch 38/70
WARNING:tensorflow:Can save best model only with val_composite available, skipping.
WARNING:tensorflow:Early stopping conditioned on metric `val_composite` which is not available. Available metrics are: loss,auc,val_loss,val_auc
56/56 - 1s - loss: 0.1030 - auc: 0.8677 - val_loss: 0.1772 - val_auc: 0.7296 - val_auc_custom: 0.7293 - val_f1_custom: 0.5913 - val_recall_custom: 0.6415 - val_composite: 0.6440 - val_precision_aware: 0.5974 - 1s/epoch - 20ms/step
Curriculum: set focal gamma = 1.0000 (epoch 39)
Epoch 39/70
WARNING:tensorflow:Can save best model only with val_composite available, skipping.
WARNING:tensorflow:Early stopping conditioned on metric `val_composite` which is not available. Available metrics are: loss,auc,val_loss,val_auc
56/56 - 1s - loss: 0.0980 - auc: 0.8815 - val_loss: 0.1625 - val_auc: 0.7424 - val_auc_custom: 0.7429 - val_f1_custom: 0.5472 - val_recall_custom: 0.5472 - val_composite: 0.5863 - val_precision_aware: 0.5863 - 1s/epoch - 21ms/step
Curriculum: set focal gamma = 1.0000 (epoch 40)
Epoch 40/70
WARNING:tensorflow:Can save best model only with val_composite available, skipping.
WARNING:tensorflow:Early stopping conditioned on metric `val_composite` which is not available. Available metrics are: loss,auc,val_loss,val_auc
56/56 - 1s - loss: 0.0998 - auc: 0.8758 - val_loss: 0.1815 - val_auc: 0.7199 - val_auc_custom: 0.7205 - val_f1_custom: 0.5862 - val_recall_custom: 0.6415 - val_composite: 0.6407 - val_precision_aware: 0.5898 - 1s/epoch - 21ms/step
Curriculum: set focal gamma = 1.0000 (epoch 41)
Epoch 41/70
WARNING:tensorflow:Can save best model only with val_composite available, skipping.
WARNING:tensorflow:Early stopping conditioned on metric `val_composite` which is not available. Available metrics are: loss,auc,val_loss,val_auc
56/56 - 1s - loss: 0.0931 - auc: 0.8951 - val_loss: 0.1751 - val_auc: 0.7249 - val_auc_custom: 0.7245 - val_f1_custom: 0.4632 - val_recall_custom: 0.4151 - val_composite: 0.4914 - val_precision_aware: 0.5458 - 1s/epoch - 21ms/step
Curriculum: set focal gamma = 1.0000 (epoch 42)
Epoch 42/70
WARNING:tensorflow:Can save best model only with val_composite available, skipping.
WARNING:tensorflow:Early stopping conditioned on metric `val_composite` which is not available. Available metrics are: loss,auc,val_loss,val_auc
56/56 - 1s - loss: 0.0927 - auc: 0.8944 - val_loss: 0.1828 - val_auc: 0.7273 - val_auc_custom: 0.7265 - val_f1_custom: 0.5965 - val_recall_custom: 0.6415 - val_composite: 0.6450 - val_precision_aware: 0.6029 - 1s/epoch - 22ms/step
Curriculum: set focal gamma = 1.0000 (epoch 43)
Epoch 43/70
WARNING:tensorflow:Can save best model only with val_composite available, skipping.
WARNING:tensorflow:Early stopping conditioned on metric `val_composite` which is not available. Available metrics are: loss,auc,val_loss,val_auc
56/56 - 1s - loss: 0.0897 - auc: 0.9025 - val_loss: 0.1700 - val_auc: 0.7322 - val_auc_custom: 0.7318 - val_f1_custom: 0.5000 - val_recall_custom: 0.4717 - val_composite: 0.5322 - val_precision_aware: 0.5623 - 1s/epoch - 21ms/step
Curriculum: set focal gamma = 1.0000 (epoch 44)
Epoch 44/70
WARNING:tensorflow:Can save best model only with val_composite available, skipping.
WARNING:tensorflow:Early stopping conditioned on metric `val_composite` which is not available. Available metrics are: loss,auc,val_loss,val_auc
56/56 - 1s - loss: 0.0906 - auc: 0.9009 - val_loss: 0.1907 - val_auc: 0.7362 - val_auc_custom: 0.7364 - val_f1_custom: 0.5862 - val_recall_custom: 0.6415 - val_composite: 0.6439 - val_precision_aware: 0.5930 - 1s/epoch - 22ms/step
Curriculum: set focal gamma = 1.0000 (epoch 45)
Epoch 45/70
WARNING:tensorflow:Can save best model only with val_composite available, skipping.
WARNING:tensorflow:Early stopping conditioned on metric `val_composite` which is not available. Available metrics are: loss,auc,val_loss,val_auc
56/56 - 1s - loss: 0.0979 - auc: 0.8828 - val_loss: 0.1782 - val_auc: 0.7277 - val_auc_custom: 0.7281 - val_f1_custom: 0.5872 - val_recall_custom: 0.6038 - val_composite: 0.6236 - val_precision_aware: 0.6075 - 1s/epoch - 22ms/step
Curriculum: set focal gamma = 1.0000 (epoch 46)
Epoch 46/70
WARNING:tensorflow:Can save best model only with val_composite available, skipping.
WARNING:tensorflow:Early stopping conditioned on metric `val_composite` which is not available. Available metrics are: loss,auc,val_loss,val_auc
56/56 - 1s - loss: 0.0958 - auc: 0.8843 - val_loss: 0.1582 - val_auc: 0.7415 - val_auc_custom: 0.7416 - val_f1_custom: 0.5400 - val_recall_custom: 0.5094 - val_composite: 0.5650 - val_precision_aware: 0.5976 - 1s/epoch - 22ms/step
Curriculum: set focal gamma = 1.0000 (epoch 47)
Epoch 47/70
WARNING:tensorflow:Can save best model only with val_composite available, skipping.
WARNING:tensorflow:Early stopping conditioned on metric `val_composite` which is not available. Available metrics are: loss,auc,val_loss,val_auc
56/56 - 1s - loss: 0.0855 - auc: 0.9165 - val_loss: 0.1776 - val_auc: 0.7330 - val_auc_custom: 0.7331 - val_f1_custom: 0.6140 - val_recall_custom: 0.6604 - val_composite: 0.6610 - val_precision_aware: 0.6177 - 1s/epoch - 20ms/step
Curriculum: set focal gamma = 1.0000 (epoch 48)
Epoch 48/70
WARNING:tensorflow:Can save best model only with val_composite available, skipping.
WARNING:tensorflow:Early stopping conditioned on metric `val_composite` which is not available. Available metrics are: loss,auc,val_loss,val_auc
56/56 - 1s - loss: 0.0848 - auc: 0.9123 - val_loss: 0.1687 - val_auc: 0.7420 - val_auc_custom: 0.7416 - val_f1_custom: 0.5849 - val_recall_custom: 0.5849 - val_composite: 0.6163 - val_precision_aware: 0.6163 - 1s/epoch - 21ms/step
Curriculum: set focal gamma = 1.0000 (epoch 49)
Epoch 49/70
WARNING:tensorflow:Can save best model only with val_composite available, skipping.
WARNING:tensorflow:Early stopping conditioned on metric `val_composite` which is not available. Available metrics are: loss,auc,val_loss,val_auc
56/56 - 1s - loss: 0.0821 - auc: 0.9206 - val_loss: 0.1783 - val_auc: 0.7445 - val_auc_custom: 0.7449 - val_f1_custom: 0.5714 - val_recall_custom: 0.5660 - val_composite: 0.6034 - val_precision_aware: 0.6089 - 1s/epoch - 21ms/step
Curriculum: set focal gamma = 1.0000 (epoch 50)
Epoch 50/70
WARNING:tensorflow:Can save best model only with val_composite available, skipping.
WARNING:tensorflow:Early stopping conditioned on metric `val_composite` which is not available. Available metrics are: loss,auc,val_loss,val_auc
56/56 - 1s - loss: 0.0814 - auc: 0.9199 - val_loss: 0.2122 - val_auc: 0.7209 - val_auc_custom: 0.7195 - val_f1_custom: 0.5812 - val_recall_custom: 0.6415 - val_composite: 0.6390 - val_precision_aware: 0.5839 - 1s/epoch - 21ms/step
Curriculum: set focal gamma = 1.0000 (epoch 51)
Epoch 51/70
WARNING:tensorflow:Can save best model only with val_composite available, skipping.
WARNING:tensorflow:Early stopping conditioned on metric `val_composite` which is not available. Available metrics are: loss,auc,val_loss,val_auc
56/56 - 1s - loss: 0.0843 - auc: 0.9123 - val_loss: 0.1866 - val_auc: 0.7406 - val_auc_custom: 0.7404 - val_f1_custom: 0.4835 - val_recall_custom: 0.4151 - val_composite: 0.5007 - val_precision_aware: 0.5826 - 1s/epoch - 20ms/step
Curriculum: set focal gamma = 1.0000 (epoch 52)
Epoch 52/70
WARNING:tensorflow:Can save best model only with val_composite available, skipping.
WARNING:tensorflow:Early stopping conditioned on metric `val_composite` which is not available. Available metrics are: loss,auc,val_loss,val_auc
56/56 - 1s - loss: 0.0831 - auc: 0.9184 - val_loss: 0.1931 - val_auc: 0.7346 - val_auc_custom: 0.7338 - val_f1_custom: 0.5766 - val_recall_custom: 0.6038 - val_composite: 0.6216 - val_precision_aware: 0.5956 - 1s/epoch - 21ms/step
Curriculum: set focal gamma = 1.0000 (epoch 53)
Epoch 53/70
WARNING:tensorflow:Can save best model only with val_composite available, skipping.
WARNING:tensorflow:Early stopping conditioned on metric `val_composite` which is not available. Available metrics are: loss,auc,val_loss,val_auc
56/56 - 1s - loss: 0.0809 - auc: 0.9193 - val_loss: 0.1768 - val_auc: 0.7496 - val_auc_custom: 0.7489 - val_f1_custom: 0.5577 - val_recall_custom: 0.5472 - val_composite: 0.5907 - val_precision_aware: 0.6014 - 1s/epoch - 21ms/step
Curriculum: set focal gamma = 1.0000 (epoch 54)
Epoch 54/70
WARNING:tensorflow:Can save best model only with val_composite available, skipping.
WARNING:tensorflow:Early stopping conditioned on metric `val_composite` which is not available. Available metrics are: loss,auc,val_loss,val_auc
56/56 - 1s - loss: 0.0815 - auc: 0.9202 - val_loss: 0.1822 - val_auc: 0.7631 - val_auc_custom: 0.7628 - val_f1_custom: 0.6126 - val_recall_custom: 0.6415 - val_composite: 0.6571 - val_precision_aware: 0.6294 - 1s/epoch - 21ms/step
Curriculum: set focal gamma = 1.0000 (epoch 55)
Epoch 55/70
WARNING:tensorflow:Can save best model only with val_composite available, skipping.
WARNING:tensorflow:Early stopping conditioned on metric `val_composite` which is not available. Available metrics are: loss,auc,val_loss,val_auc
56/56 - 1s - loss: 0.0770 - auc: 0.9295 - val_loss: 0.1755 - val_auc: 0.7589 - val_auc_custom: 0.7590 - val_f1_custom: 0.5567 - val_recall_custom: 0.5094 - val_composite: 0.5735 - val_precision_aware: 0.6256 - 1s/epoch - 21ms/step
Curriculum: set focal gamma = 1.0000 (epoch 56)
Epoch 56/70
WARNING:tensorflow:Can save best model only with val_composite available, skipping.
WARNING:tensorflow:Early stopping conditioned on metric `val_composite` which is not available. Available metrics are: loss,auc,val_loss,val_auc
56/56 - 1s - loss: 0.0745 - auc: 0.9344 - val_loss: 0.1983 - val_auc: 0.7605 - val_auc_custom: 0.7610 - val_f1_custom: 0.6667 - val_recall_custom: 0.7358 - val_composite: 0.7201 - val_precision_aware: 0.6569 - 1s/epoch - 21ms/step
Curriculum: set focal gamma = 1.0000 (epoch 57)
Epoch 57/70
WARNING:tensorflow:Can save best model only with val_composite available, skipping.
WARNING:tensorflow:Early stopping conditioned on metric `val_composite` which is not available. Available metrics are: loss,auc,val_loss,val_auc
56/56 - 1s - loss: 0.0771 - auc: 0.9278 - val_loss: 0.1862 - val_auc: 0.7519 - val_auc_custom: 0.7525 - val_f1_custom: 0.5714 - val_recall_custom: 0.5660 - val_composite: 0.6049 - val_precision_aware: 0.6104 - 1s/epoch - 22ms/step
Curriculum: set focal gamma = 1.0000 (epoch 58)
Epoch 58/70
WARNING:tensorflow:Can save best model only with val_composite available, skipping.
WARNING:tensorflow:Early stopping conditioned on metric `val_composite` which is not available. Available metrics are: loss,auc,val_loss,val_auc
56/56 - 1s - loss: 0.0743 - auc: 0.9337 - val_loss: 0.1829 - val_auc: 0.7526 - val_auc_custom: 0.7530 - val_f1_custom: 0.5155 - val_recall_custom: 0.4717 - val_composite: 0.5411 - val_precision_aware: 0.5893 - 1s/epoch - 22ms/step
Curriculum: set focal gamma = 1.0000 (epoch 59)
Epoch 59/70
WARNING:tensorflow:Can save best model only with val_composite available, skipping.
WARNING:tensorflow:Early stopping conditioned on metric `val_composite` which is not available. Available metrics are: loss,auc,val_loss,val_auc
56/56 - 1s - loss: 0.0762 - auc: 0.9304 - val_loss: 0.2008 - val_auc: 0.7415 - val_auc_custom: 0.7414 - val_f1_custom: 0.5714 - val_recall_custom: 0.5660 - val_composite: 0.6027 - val_precision_aware: 0.6082 - 1s/epoch - 21ms/step
Curriculum: set focal gamma = 1.0000 (epoch 60)
Epoch 60/70
WARNING:tensorflow:Can save best model only with val_composite available, skipping.
WARNING:tensorflow:Early stopping conditioned on metric `val_composite` which is not available. Available metrics are: loss,auc,val_loss,val_auc
56/56 - 1s - loss: 0.0716 - auc: 0.9397 - val_loss: 0.2137 - val_auc: 0.7488 - val_auc_custom: 0.7484 - val_f1_custom: 0.6126 - val_recall_custom: 0.6415 - val_composite: 0.6542 - val_precision_aware: 0.6266 - 1s/epoch - 21ms/step
Curriculum: set focal gamma = 1.0000 (epoch 61)
Epoch 61/70
WARNING:tensorflow:Can save best model only with val_composite available, skipping.
WARNING:tensorflow:Early stopping conditioned on metric `val_composite` which is not available. Available metrics are: loss,auc,val_loss,val_auc
56/56 - 1s - loss: 0.0705 - auc: 0.9405 - val_loss: 0.2268 - val_auc: 0.7442 - val_auc_custom: 0.7439 - val_f1_custom: 0.6557 - val_recall_custom: 0.7547 - val_composite: 0.7229 - val_precision_aware: 0.6354 - 1s/epoch - 21ms/step
Curriculum: set focal gamma = 1.0000 (epoch 62)
Epoch 62/70
WARNING:tensorflow:Can save best model only with val_composite available, skipping.
WARNING:tensorflow:Early stopping conditioned on metric `val_composite` which is not available. Available metrics are: loss,auc,val_loss,val_auc
56/56 - 1s - loss: 0.0664 - auc: 0.9487 - val_loss: 0.1993 - val_auc: 0.7532 - val_auc_custom: 0.7535 - val_f1_custom: 0.5794 - val_recall_custom: 0.5849 - val_composite: 0.6170 - val_precision_aware: 0.6116 - 1s/epoch - 22ms/step
Curriculum: set focal gamma = 1.0000 (epoch 63)
Epoch 63/70
WARNING:tensorflow:Can save best model only with val_composite available, skipping.
WARNING:tensorflow:Early stopping conditioned on metric `val_composite` which is not available. Available metrics are: loss,auc,val_loss,val_auc
56/56 - 1s - loss: 0.0701 - auc: 0.9419 - val_loss: 0.2234 - val_auc: 0.7326 - val_auc_custom: 0.7318 - val_f1_custom: 0.5946 - val_recall_custom: 0.6226 - val_composite: 0.6361 - val_precision_aware: 0.6092 - 1s/epoch - 21ms/step
Curriculum: set focal gamma = 1.0000 (epoch 64)
Epoch 64/70
WARNING:tensorflow:Can save best model only with val_composite available, skipping.
WARNING:tensorflow:Early stopping conditioned on metric `val_composite` which is not available. Available metrics are: loss,auc,val_loss,val_auc
56/56 - 1s - loss: 0.0639 - auc: 0.9507 - val_loss: 0.2124 - val_auc: 0.7703 - val_auc_custom: 0.7721 - val_f1_custom: 0.5926 - val_recall_custom: 0.6038 - val_composite: 0.6341 - val_precision_aware: 0.6231 - 1s/epoch - 21ms/step
Curriculum: set focal gamma = 1.0000 (epoch 65)
Epoch 65/70
WARNING:tensorflow:Can save best model only with val_composite available, skipping.
WARNING:tensorflow:Early stopping conditioned on metric `val_composite` which is not available. Available metrics are: loss,auc,val_loss,val_auc
56/56 - 1s - loss: 0.0631 - auc: 0.9529 - val_loss: 0.2456 - val_auc: 0.7613 - val_auc_custom: 0.7618 - val_f1_custom: 0.6613 - val_recall_custom: 0.7736 - val_composite: 0.7375 - val_precision_aware: 0.6395 - 1s/epoch - 21ms/step
Curriculum: set focal gamma = 1.0000 (epoch 66)
Epoch 66/70
WARNING:tensorflow:Can save best model only with val_composite available, skipping.
WARNING:tensorflow:Early stopping conditioned on metric `val_composite` which is not available. Available metrics are: loss,auc,val_loss,val_auc
56/56 - 1s - loss: 0.0624 - auc: 0.9574 - val_loss: 0.2186 - val_auc: 0.7449 - val_auc_custom: 0.7447 - val_f1_custom: 0.5714 - val_recall_custom: 0.5660 - val_composite: 0.6034 - val_precision_aware: 0.6088 - 1s/epoch - 22ms/step
Curriculum: set focal gamma = 1.0000 (epoch 67)
Epoch 67/70
WARNING:tensorflow:Can save best model only with val_composite available, skipping.
WARNING:tensorflow:Early stopping conditioned on metric `val_composite` which is not available. Available metrics are: loss,auc,val_loss,val_auc
56/56 - 1s - loss: 0.0668 - auc: 0.9476 - val_loss: 0.2102 - val_auc: 0.7543 - val_auc_custom: 0.7540 - val_f1_custom: 0.6055 - val_recall_custom: 0.6226 - val_composite: 0.6438 - val_precision_aware: 0.6271 - 1s/epoch - 21ms/step
Curriculum: set focal gamma = 1.0000 (epoch 68)
Epoch 68/70
WARNING:tensorflow:Can save best model only with val_composite available, skipping.
WARNING:tensorflow:Early stopping conditioned on metric `val_composite` which is not available. Available metrics are: loss,auc,val_loss,val_auc
56/56 - 1s - loss: 0.0603 - auc: 0.9554 - val_loss: 0.2212 - val_auc: 0.7610 - val_auc_custom: 0.7613 - val_f1_custom: 0.6435 - val_recall_custom: 0.6981 - val_composite: 0.6944 - val_precision_aware: 0.6437 - 1s/epoch - 21ms/step
Curriculum: set focal gamma = 1.0000 (epoch 69)
Epoch 69/70
WARNING:tensorflow:Can save best model only with val_composite available, skipping.
WARNING:tensorflow:Early stopping conditioned on metric `val_composite` which is not available. Available metrics are: loss,auc,val_loss,val_auc
56/56 - 1s - loss: 0.0645 - auc: 0.9527 - val_loss: 0.2932 - val_auc: 0.7431 - val_auc_custom: 0.7434 - val_f1_custom: 0.6718 - val_recall_custom: 0.8302 - val_composite: 0.7653 - val_precision_aware: 0.6323 - 1s/epoch - 20ms/step
Curriculum: set focal gamma = 1.0000 (epoch 70)
Epoch 70/70
WARNING:tensorflow:Can save best model only with val_composite available, skipping.
WARNING:tensorflow:Early stopping conditioned on metric `val_composite` which is not available. Available metrics are: loss,auc,val_loss,val_auc
56/56 - 1s - loss: 0.0693 - auc: 0.9430 - val_loss: 0.1837 - val_auc: 0.7652 - val_auc_custom: 0.7650 - val_f1_custom: 0.5306 - val_recall_custom: 0.4906 - val_composite: 0.5575 - val_precision_aware: 0.6011 - 1s/epoch - 21ms/step
Saved final weights to result_multi_seed_composite_slipce/seed5/01/final.weights
Mask config -> mode=soft, threshold=0.6, window_gate=None
Done. Results saved to result_multi_seed_composite_slipce/seed5/01
