2025-09-22 02:10:04.381533: I tensorflow/core/util/port.cc:110] oneDNN custom operations are on. You may see slightly different numerical results due to floating-point round-off errors from different computation orders. To turn them off, set the environment variable `TF_ENABLE_ONEDNN_OPTS=0`.
2025-09-22 02:10:04.412796: I tensorflow/core/platform/cpu_feature_guard.cc:182] This TensorFlow binary is optimized to use available CPU instructions in performance-critical operations.
To enable the following instructions: AVX2 AVX_VNNI FMA, in other operations, rebuild TensorFlow with the appropriate compiler flags.
2025-09-22 02:10:04.818733: W tensorflow/compiler/tf2tensorrt/utils/py_utils.cc:38] TF-TRT Warning: Could not find TensorRT
2025-09-22 02:10:05.206490: I tensorflow/compiler/xla/stream_executor/cuda/cuda_gpu_executor.cc:981] could not open file to read NUMA node: /sys/bus/pci/devices/0000:01:00.0/numa_node
Your kernel may have been built without NUMA support.
2025-09-22 02:10:05.226818: I tensorflow/compiler/xla/stream_executor/cuda/cuda_gpu_executor.cc:981] could not open file to read NUMA node: /sys/bus/pci/devices/0000:01:00.0/numa_node
Your kernel may have been built without NUMA support.
2025-09-22 02:10:05.226906: I tensorflow/compiler/xla/stream_executor/cuda/cuda_gpu_executor.cc:981] could not open file to read NUMA node: /sys/bus/pci/devices/0000:01:00.0/numa_node
Your kernel may have been built without NUMA support.
2025-09-22 02:10:05.228096: I tensorflow/compiler/xla/stream_executor/cuda/cuda_gpu_executor.cc:981] could not open file to read NUMA node: /sys/bus/pci/devices/0000:01:00.0/numa_node
Your kernel may have been built without NUMA support.
2025-09-22 02:10:05.228156: I tensorflow/compiler/xla/stream_executor/cuda/cuda_gpu_executor.cc:981] could not open file to read NUMA node: /sys/bus/pci/devices/0000:01:00.0/numa_node
Your kernel may have been built without NUMA support.
2025-09-22 02:10:05.228177: I tensorflow/compiler/xla/stream_executor/cuda/cuda_gpu_executor.cc:981] could not open file to read NUMA node: /sys/bus/pci/devices/0000:01:00.0/numa_node
Your kernel may have been built without NUMA support.
2025-09-22 02:10:05.322780: I tensorflow/compiler/xla/stream_executor/cuda/cuda_gpu_executor.cc:981] could not open file to read NUMA node: /sys/bus/pci/devices/0000:01:00.0/numa_node
Your kernel may have been built without NUMA support.
2025-09-22 02:10:05.322884: I tensorflow/compiler/xla/stream_executor/cuda/cuda_gpu_executor.cc:981] could not open file to read NUMA node: /sys/bus/pci/devices/0000:01:00.0/numa_node
Your kernel may have been built without NUMA support.
2025-09-22 02:10:05.322893: I tensorflow/core/common_runtime/gpu/gpu_device.cc:1726] Could not identify NUMA node of platform GPU id 0, defaulting to 0.  Your kernel may not have been built with NUMA support.
2025-09-22 02:10:05.322914: I tensorflow/compiler/xla/stream_executor/cuda/cuda_gpu_executor.cc:981] could not open file to read NUMA node: /sys/bus/pci/devices/0000:01:00.0/numa_node
Your kernel may have been built without NUMA support.
2025-09-22 02:10:05.322936: I tensorflow/core/common_runtime/gpu/gpu_device.cc:1639] Created device /job:localhost/replica:0/task:0/device:GPU:0 with 9517 MB memory:  -> device: 0, name: NVIDIA GeForce RTX 4070 SUPER, pci bus id: 0000:01:00.0, compute capability: 8.9
[feature_check] OK: train/test feature_list identical (n=36)
GPU detected: 1 physical, 1 logical -> ['/device:GPU:0']
Config: batch=16, accumulate_steps=8 -> effective_batch=128
Loaded (for internal train/val)  (1276, 36, 75) (1276,)
Loaded EXTERNAL TEST: (354, 36, 75) from /home/user/projects/train/test_data/slipce/windows_npz.npz
[mask] windows_npz.npz using occlusion_flag ch=7
[mask] windows_npz.npz using occlusion_flag ch=7
Model: "cnn_bilstm_attn_masked"
__________________________________________________________________________________________________
 Layer (type)                Output Shape                 Param #   Connected to                  
==================================================================================================
 input (InputLayer)          [(None, 36, 75)]             0         []                            
                                                                                                  
 permute_time_features (Per  (None, 75, 36)               0         ['input[0][0]']               
 mute)                                                                                            
                                                                                                  
 conv0 (Conv1D)              (None, 75, 64)               6976      ['permute_time_features[0][0]'
                                                                    ]                             
                                                                                                  
 bn0 (BatchNormalization)    (None, 75, 64)               256       ['conv0[0][0]']               
                                                                                                  
 act0 (Activation)           (None, 75, 64)               0         ['bn0[0][0]']                 
                                                                                                  
 conv_dropout0 (Dropout)     (None, 75, 64)               0         ['act0[0][0]']                
                                                                                                  
 conv1 (Conv1D)              (None, 75, 64)               20544     ['conv_dropout0[0][0]']       
                                                                                                  
 bn1 (BatchNormalization)    (None, 75, 64)               256       ['conv1[0][0]']               
                                                                                                  
 act1 (Activation)           (None, 75, 64)               0         ['bn1[0][0]']                 
                                                                                                  
 conv_dropout1 (Dropout)     (None, 75, 64)               0         ['act1[0][0]']                
                                                                                                  
 conv2 (Conv1D)              (None, 75, 64)               12352     ['conv_dropout1[0][0]']       
                                                                                                  
 bn2 (BatchNormalization)    (None, 75, 64)               256       ['conv2[0][0]']               
                                                                                                  
 act2 (Activation)           (None, 75, 64)               0         ['bn2[0][0]']                 
                                                                                                  
 conv_dropout2 (Dropout)     (None, 75, 64)               0         ['act2[0][0]']                
                                                                                                  
 bilstm (Bidirectional)      (None, 75, 128)              66048     ['conv_dropout2[0][0]']       
                                                                                                  
 mlp_attn_u (Dense)          (None, 75, 32)               4128      ['bilstm[0][0]']              
                                                                                                  
 mlp_attn_score (Dense)      (None, 75, 1)                33        ['mlp_attn_u[0][0]']          
                                                                                                  
 mlp_attn_squeeze (Lambda)   (None, 75)                   0         ['mlp_attn_score[0][0]']      
                                                                                                  
 attn_mask (InputLayer)      [(None, 75)]                 0         []                            
                                                                                                  
 mlp_attn_apply_mask (Lambd  (None, 75)                   0         ['mlp_attn_squeeze[0][0]',    
 a)                                                                  'attn_mask[0][0]']           
                                                                                                  
 mlp_attn_softmax (Lambda)   (None, 75)                   0         ['mlp_attn_apply_mask[0][0]'] 
                                                                                                  
 mlp_attn_expand (Lambda)    (None, 75, 1)                0         ['mlp_attn_softmax[0][0]']    
                                                                                                  
 mlp_attn_weighted (Lambda)  (None, 128)                  0         ['bilstm[0][0]',              
                                                                     'mlp_attn_expand[0][0]']     
                                                                                                  
 fc1 (Dense)                 (None, 64)                   8256      ['mlp_attn_weighted[0][0]']   
                                                                                                  
 fc_dropout (Dropout)        (None, 64)                   0         ['fc1[0][0]']                 
                                                                                                  
 out (Dense)                 (None, 1)                    65        ['fc_dropout[0][0]']          
                                                                                                  
==================================================================================================
Total params: 119171 (465.51 KB)
Trainable params: 118786 (464.01 KB)
Non-trainable params: 385 (1.50 KB)
__________________________________________________________________________________________________
None
Writing results to result_multi_seed_composite/seed7/01
Curriculum: set focal gamma = 0.0000 (epoch 1)
Epoch 1/70
2025-09-22 02:10:10.197483: I tensorflow/compiler/xla/stream_executor/cuda/cuda_dnn.cc:432] Loaded cuDNN version 8600
2025-09-22 02:10:10.288351: I tensorflow/tsl/platform/default/subprocess.cc:304] Start cannot spawn child process: No such file or directory
2025-09-22 02:10:10.429733: I tensorflow/compiler/xla/stream_executor/cuda/cuda_blas.cc:606] TensorFloat-32 will be used for the matrix multiplication. This will only be logged once.
2025-09-22 02:10:10.757047: I tensorflow/compiler/xla/service/service.cc:168] XLA service 0x623d2d94bc60 initialized for platform CUDA (this does not guarantee that XLA will be used). Devices:
2025-09-22 02:10:10.757095: I tensorflow/compiler/xla/service/service.cc:176]   StreamExecutor device (0): NVIDIA GeForce RTX 4070 SUPER, Compute Capability 8.9
2025-09-22 02:10:10.760896: I tensorflow/compiler/mlir/tensorflow/utils/dump_mlir_util.cc:255] disabling MLIR crash reproducer, set env var `MLIR_CRASH_REPRODUCER_DIRECTORY` to enable.
2025-09-22 02:10:10.814472: I tensorflow/tsl/platform/default/subprocess.cc:304] Start cannot spawn child process: No such file or directory
2025-09-22 02:10:10.850550: I ./tensorflow/compiler/jit/device_compiler.h:186] Compiled cluster using XLA!  This line is logged at most once for the lifetime of the process.
WARNING:tensorflow:Can save best model only with val_composite available, skipping.
WARNING:tensorflow:Early stopping conditioned on metric `val_composite` which is not available. Available metrics are: loss,auc,val_loss,val_auc
56/56 - 7s - loss: 0.3175 - auc: 0.5526 - val_loss: 0.3395 - val_auc: 0.6717 - val_auc_custom: 0.6823 - val_f1_custom: 0.2895 - val_recall_custom: 0.1746 - val_composite: 0.3106 - val_precision_aware: 0.6464 - 7s/epoch - 121ms/step
Curriculum: set focal gamma = 0.0526 (epoch 2)
Epoch 2/70
WARNING:tensorflow:Can save best model only with val_composite available, skipping.
WARNING:tensorflow:Early stopping conditioned on metric `val_composite` which is not available. Available metrics are: loss,auc,val_loss,val_auc
56/56 - 1s - loss: 0.2966 - auc: 0.5674 - val_loss: 0.3137 - val_auc: 0.6847 - val_auc_custom: 0.6840 - val_f1_custom: 0.2432 - val_recall_custom: 0.1429 - val_composite: 0.2812 - val_precision_aware: 0.6189 - 1s/epoch - 20ms/step
Curriculum: set focal gamma = 0.1053 (epoch 3)
Epoch 3/70
WARNING:tensorflow:Can save best model only with val_composite available, skipping.
WARNING:tensorflow:Early stopping conditioned on metric `val_composite` which is not available. Available metrics are: loss,auc,val_loss,val_auc
56/56 - 1s - loss: 0.2820 - auc: 0.6104 - val_loss: 0.2935 - val_auc: 0.6910 - val_auc_custom: 0.6882 - val_f1_custom: 0.2667 - val_recall_custom: 0.1587 - val_composite: 0.2970 - val_precision_aware: 0.6343 - 1s/epoch - 20ms/step
Curriculum: set focal gamma = 0.1579 (epoch 4)
Epoch 4/70
WARNING:tensorflow:Can save best model only with val_composite available, skipping.
WARNING:tensorflow:Early stopping conditioned on metric `val_composite` which is not available. Available metrics are: loss,auc,val_loss,val_auc
56/56 - 1s - loss: 0.2679 - auc: 0.6332 - val_loss: 0.2785 - val_auc: 0.6940 - val_auc_custom: 0.6955 - val_f1_custom: 0.3902 - val_recall_custom: 0.2540 - val_composite: 0.3832 - val_precision_aware: 0.6772 - 1s/epoch - 20ms/step
Curriculum: set focal gamma = 0.2105 (epoch 5)
Epoch 5/70
WARNING:tensorflow:Can save best model only with val_composite available, skipping.
WARNING:tensorflow:Early stopping conditioned on metric `val_composite` which is not available. Available metrics are: loss,auc,val_loss,val_auc
56/56 - 1s - loss: 0.2543 - auc: 0.6501 - val_loss: 0.2662 - val_auc: 0.6977 - val_auc_custom: 0.6965 - val_f1_custom: 0.4444 - val_recall_custom: 0.3175 - val_composite: 0.4314 - val_precision_aware: 0.6430 - 1s/epoch - 20ms/step
Curriculum: set focal gamma = 0.2632 (epoch 6)
Epoch 6/70
WARNING:tensorflow:Can save best model only with val_composite available, skipping.
WARNING:tensorflow:Early stopping conditioned on metric `val_composite` which is not available. Available metrics are: loss,auc,val_loss,val_auc
56/56 - 1s - loss: 0.2436 - auc: 0.6569 - val_loss: 0.2561 - val_auc: 0.6979 - val_auc_custom: 0.6969 - val_f1_custom: 0.4800 - val_recall_custom: 0.3810 - val_composite: 0.4739 - val_precision_aware: 0.6077 - 1s/epoch - 20ms/step
Curriculum: set focal gamma = 0.3158 (epoch 7)
Epoch 7/70
WARNING:tensorflow:Can save best model only with val_composite available, skipping.
WARNING:tensorflow:Early stopping conditioned on metric `val_composite` which is not available. Available metrics are: loss,auc,val_loss,val_auc
56/56 - 1s - loss: 0.2348 - auc: 0.6616 - val_loss: 0.2470 - val_auc: 0.7024 - val_auc_custom: 0.7028 - val_f1_custom: 0.5149 - val_recall_custom: 0.4127 - val_composite: 0.5014 - val_precision_aware: 0.6371 - 1s/epoch - 20ms/step
Curriculum: set focal gamma = 0.3684 (epoch 8)
Epoch 8/70
WARNING:tensorflow:Can save best model only with val_composite available, skipping.
WARNING:tensorflow:Early stopping conditioned on metric `val_composite` which is not available. Available metrics are: loss,auc,val_loss,val_auc
56/56 - 1s - loss: 0.2229 - auc: 0.6803 - val_loss: 0.2354 - val_auc: 0.7159 - val_auc_custom: 0.7155 - val_f1_custom: 0.5714 - val_recall_custom: 0.4762 - val_composite: 0.5526 - val_precision_aware: 0.6717 - 1s/epoch - 20ms/step
Curriculum: set focal gamma = 0.4211 (epoch 9)
Epoch 9/70
WARNING:tensorflow:Can save best model only with val_composite available, skipping.
WARNING:tensorflow:Early stopping conditioned on metric `val_composite` which is not available. Available metrics are: loss,auc,val_loss,val_auc
56/56 - 1s - loss: 0.2169 - auc: 0.6619 - val_loss: 0.2248 - val_auc: 0.7259 - val_auc_custom: 0.7253 - val_f1_custom: 0.6140 - val_recall_custom: 0.5556 - val_composite: 0.6070 - val_precision_aware: 0.6724 - 1s/epoch - 21ms/step
Curriculum: set focal gamma = 0.4737 (epoch 10)
Epoch 10/70
WARNING:tensorflow:Can save best model only with val_composite available, skipping.
WARNING:tensorflow:Early stopping conditioned on metric `val_composite` which is not available. Available metrics are: loss,auc,val_loss,val_auc
56/56 - 1s - loss: 0.2076 - auc: 0.6857 - val_loss: 0.2159 - val_auc: 0.7400 - val_auc_custom: 0.7404 - val_f1_custom: 0.5981 - val_recall_custom: 0.5079 - val_composite: 0.5815 - val_precision_aware: 0.6912 - 1s/epoch - 22ms/step
Curriculum: set focal gamma = 0.5263 (epoch 11)
Epoch 11/70
WARNING:tensorflow:Can save best model only with val_composite available, skipping.
WARNING:tensorflow:Early stopping conditioned on metric `val_composite` which is not available. Available metrics are: loss,auc,val_loss,val_auc
56/56 - 1s - loss: 0.1982 - auc: 0.6955 - val_loss: 0.2073 - val_auc: 0.7441 - val_auc_custom: 0.7460 - val_f1_custom: 0.6239 - val_recall_custom: 0.5397 - val_composite: 0.6062 - val_precision_aware: 0.7059 - 1s/epoch - 21ms/step
Curriculum: set focal gamma = 0.5789 (epoch 12)
Epoch 12/70
WARNING:tensorflow:Can save best model only with val_composite available, skipping.
WARNING:tensorflow:Early stopping conditioned on metric `val_composite` which is not available. Available metrics are: loss,auc,val_loss,val_auc
56/56 - 1s - loss: 0.1883 - auc: 0.7105 - val_loss: 0.1988 - val_auc: 0.7430 - val_auc_custom: 0.7431 - val_f1_custom: 0.6552 - val_recall_custom: 0.6032 - val_composite: 0.6468 - val_precision_aware: 0.7037 - 1s/epoch - 20ms/step
Curriculum: set focal gamma = 0.6316 (epoch 13)
Epoch 13/70
WARNING:tensorflow:Can save best model only with val_composite available, skipping.
WARNING:tensorflow:Early stopping conditioned on metric `val_composite` which is not available. Available metrics are: loss,auc,val_loss,val_auc
56/56 - 1s - loss: 0.1794 - auc: 0.7184 - val_loss: 0.1899 - val_auc: 0.7504 - val_auc_custom: 0.7516 - val_f1_custom: 0.6949 - val_recall_custom: 0.6508 - val_composite: 0.6842 - val_precision_aware: 0.7315 - 1s/epoch - 19ms/step
Curriculum: set focal gamma = 0.6842 (epoch 14)
Epoch 14/70
WARNING:tensorflow:Can save best model only with val_composite available, skipping.
WARNING:tensorflow:Early stopping conditioned on metric `val_composite` which is not available. Available metrics are: loss,auc,val_loss,val_auc
56/56 - 1s - loss: 0.1703 - auc: 0.7320 - val_loss: 0.1811 - val_auc: 0.7632 - val_auc_custom: 0.7641 - val_f1_custom: 0.6038 - val_recall_custom: 0.5079 - val_composite: 0.5879 - val_precision_aware: 0.7060 - 1s/epoch - 21ms/step
Curriculum: set focal gamma = 0.7368 (epoch 15)
Epoch 15/70
WARNING:tensorflow:Can save best model only with val_composite available, skipping.
WARNING:tensorflow:Early stopping conditioned on metric `val_composite` which is not available. Available metrics are: loss,auc,val_loss,val_auc
56/56 - 1s - loss: 0.1626 - auc: 0.7387 - val_loss: 0.1733 - val_auc: 0.7691 - val_auc_custom: 0.7683 - val_f1_custom: 0.5825 - val_recall_custom: 0.4762 - val_composite: 0.5665 - val_precision_aware: 0.7034 - 1s/epoch - 20ms/step
Curriculum: set focal gamma = 0.7895 (epoch 16)
Epoch 16/70
WARNING:tensorflow:Can save best model only with val_composite available, skipping.
WARNING:tensorflow:Early stopping conditioned on metric `val_composite` which is not available. Available metrics are: loss,auc,val_loss,val_auc
56/56 - 1s - loss: 0.1537 - auc: 0.7524 - val_loss: 0.1672 - val_auc: 0.7716 - val_auc_custom: 0.7707 - val_f1_custom: 0.7018 - val_recall_custom: 0.6349 - val_composite: 0.6821 - val_precision_aware: 0.7568 - 1s/epoch - 19ms/step
Curriculum: set focal gamma = 0.8421 (epoch 17)
Epoch 17/70
WARNING:tensorflow:Can save best model only with val_composite available, skipping.
WARNING:tensorflow:Early stopping conditioned on metric `val_composite` which is not available. Available metrics are: loss,auc,val_loss,val_auc
56/56 - 1s - loss: 0.1463 - auc: 0.7649 - val_loss: 0.1605 - val_auc: 0.7620 - val_auc_custom: 0.7631 - val_f1_custom: 0.5962 - val_recall_custom: 0.4921 - val_composite: 0.5775 - val_precision_aware: 0.7095 - 1s/epoch - 20ms/step
Curriculum: set focal gamma = 0.8947 (epoch 18)
Epoch 18/70
WARNING:tensorflow:Can save best model only with val_composite available, skipping.
WARNING:tensorflow:Early stopping conditioned on metric `val_composite` which is not available. Available metrics are: loss,auc,val_loss,val_auc
56/56 - 1s - loss: 0.1384 - auc: 0.7773 - val_loss: 0.1541 - val_auc: 0.7632 - val_auc_custom: 0.7643 - val_f1_custom: 0.6783 - val_recall_custom: 0.6190 - val_composite: 0.6659 - val_precision_aware: 0.7313 - 1s/epoch - 20ms/step
Curriculum: set focal gamma = 0.9474 (epoch 19)
Epoch 19/70
WARNING:tensorflow:Can save best model only with val_composite available, skipping.
WARNING:tensorflow:Early stopping conditioned on metric `val_composite` which is not available. Available metrics are: loss,auc,val_loss,val_auc
56/56 - 1s - loss: 0.1318 - auc: 0.7840 - val_loss: 0.1504 - val_auc: 0.7546 - val_auc_custom: 0.7546 - val_f1_custom: 0.6885 - val_recall_custom: 0.6667 - val_composite: 0.6908 - val_precision_aware: 0.7134 - 1s/epoch - 20ms/step
Curriculum: set focal gamma = 1.0000 (epoch 20)
Epoch 20/70
WARNING:tensorflow:Can save best model only with val_composite available, skipping.
WARNING:tensorflow:Early stopping conditioned on metric `val_composite` which is not available. Available metrics are: loss,auc,val_loss,val_auc
56/56 - 1s - loss: 0.1224 - auc: 0.8024 - val_loss: 0.1473 - val_auc: 0.7392 - val_auc_custom: 0.7389 - val_f1_custom: 0.6387 - val_recall_custom: 0.6032 - val_composite: 0.6410 - val_precision_aware: 0.6787 - 1s/epoch - 20ms/step
Curriculum: set focal gamma = 1.0000 (epoch 21)
Epoch 21/70
WARNING:tensorflow:Can save best model only with val_composite available, skipping.
WARNING:tensorflow:Early stopping conditioned on metric `val_composite` which is not available. Available metrics are: loss,auc,val_loss,val_auc
56/56 - 1s - loss: 0.1235 - auc: 0.7986 - val_loss: 0.1482 - val_auc: 0.7452 - val_auc_custom: 0.7446 - val_f1_custom: 0.6491 - val_recall_custom: 0.5873 - val_composite: 0.6373 - val_precision_aware: 0.7064 - 1s/epoch - 21ms/step
Curriculum: set focal gamma = 1.0000 (epoch 22)
Epoch 22/70
WARNING:tensorflow:Can save best model only with val_composite available, skipping.
WARNING:tensorflow:Early stopping conditioned on metric `val_composite` which is not available. Available metrics are: loss,auc,val_loss,val_auc
56/56 - 1s - loss: 0.1237 - auc: 0.8005 - val_loss: 0.1459 - val_auc: 0.7586 - val_auc_custom: 0.7604 - val_f1_custom: 0.6610 - val_recall_custom: 0.6190 - val_composite: 0.6599 - val_precision_aware: 0.7049 - 1s/epoch - 20ms/step
Curriculum: set focal gamma = 1.0000 (epoch 23)
Epoch 23/70
WARNING:tensorflow:Can save best model only with val_composite available, skipping.
WARNING:tensorflow:Early stopping conditioned on metric `val_composite` which is not available. Available metrics are: loss,auc,val_loss,val_auc
56/56 - 1s - loss: 0.1169 - auc: 0.8260 - val_loss: 0.1485 - val_auc: 0.7617 - val_auc_custom: 0.7604 - val_f1_custom: 0.6783 - val_recall_custom: 0.6190 - val_composite: 0.6651 - val_precision_aware: 0.7306 - 1s/epoch - 20ms/step
Curriculum: set focal gamma = 1.0000 (epoch 24)
Epoch 24/70
WARNING:tensorflow:Can save best model only with val_composite available, skipping.
WARNING:tensorflow:Early stopping conditioned on metric `val_composite` which is not available. Available metrics are: loss,auc,val_loss,val_auc
56/56 - 1s - loss: 0.1204 - auc: 0.8107 - val_loss: 0.1473 - val_auc: 0.7634 - val_auc_custom: 0.7639 - val_f1_custom: 0.7154 - val_recall_custom: 0.6984 - val_composite: 0.7166 - val_precision_aware: 0.7341 - 1s/epoch - 22ms/step
Curriculum: set focal gamma = 1.0000 (epoch 25)
Epoch 25/70
WARNING:tensorflow:Can save best model only with val_composite available, skipping.
WARNING:tensorflow:Early stopping conditioned on metric `val_composite` which is not available. Available metrics are: loss,auc,val_loss,val_auc
56/56 - 1s - loss: 0.1163 - auc: 0.8306 - val_loss: 0.1479 - val_auc: 0.7665 - val_auc_custom: 0.7673 - val_f1_custom: 0.7023 - val_recall_custom: 0.7302 - val_composite: 0.7292 - val_precision_aware: 0.7024 - 1s/epoch - 20ms/step
Curriculum: set focal gamma = 1.0000 (epoch 26)
Epoch 26/70
WARNING:tensorflow:Can save best model only with val_composite available, skipping.
WARNING:tensorflow:Early stopping conditioned on metric `val_composite` which is not available. Available metrics are: loss,auc,val_loss,val_auc
56/56 - 1s - loss: 0.1127 - auc: 0.8450 - val_loss: 0.1465 - val_auc: 0.7733 - val_auc_custom: 0.7729 - val_f1_custom: 0.6296 - val_recall_custom: 0.5397 - val_composite: 0.6133 - val_precision_aware: 0.7212 - 1s/epoch - 20ms/step
Curriculum: set focal gamma = 1.0000 (epoch 27)
Epoch 27/70
WARNING:tensorflow:Can save best model only with val_composite available, skipping.
WARNING:tensorflow:Early stopping conditioned on metric `val_composite` which is not available. Available metrics are: loss,auc,val_loss,val_auc
56/56 - 1s - loss: 0.1114 - auc: 0.8436 - val_loss: 0.1481 - val_auc: 0.7614 - val_auc_custom: 0.7617 - val_f1_custom: 0.7143 - val_recall_custom: 0.7143 - val_composite: 0.7238 - val_precision_aware: 0.7238 - 1s/epoch - 20ms/step
Curriculum: set focal gamma = 1.0000 (epoch 28)
Epoch 28/70
WARNING:tensorflow:Can save best model only with val_composite available, skipping.
WARNING:tensorflow:Early stopping conditioned on metric `val_composite` which is not available. Available metrics are: loss,auc,val_loss,val_auc
56/56 - 1s - loss: 0.1139 - auc: 0.8374 - val_loss: 0.1499 - val_auc: 0.7613 - val_auc_custom: 0.7607 - val_f1_custom: 0.6552 - val_recall_custom: 0.6032 - val_composite: 0.6503 - val_precision_aware: 0.7072 - 1s/epoch - 19ms/step
Curriculum: set focal gamma = 1.0000 (epoch 29)
Epoch 29/70
WARNING:tensorflow:Can save best model only with val_composite available, skipping.
WARNING:tensorflow:Early stopping conditioned on metric `val_composite` which is not available. Available metrics are: loss,auc,val_loss,val_auc
56/56 - 1s - loss: 0.1150 - auc: 0.8355 - val_loss: 0.1484 - val_auc: 0.7623 - val_auc_custom: 0.7634 - val_f1_custom: 0.6942 - val_recall_custom: 0.6667 - val_composite: 0.6943 - val_precision_aware: 0.7230 - 1s/epoch - 20ms/step
Curriculum: set focal gamma = 1.0000 (epoch 30)
Epoch 30/70
WARNING:tensorflow:Can save best model only with val_composite available, skipping.
WARNING:tensorflow:Early stopping conditioned on metric `val_composite` which is not available. Available metrics are: loss,auc,val_loss,val_auc
56/56 - 1s - loss: 0.1118 - auc: 0.8468 - val_loss: 0.1531 - val_auc: 0.7653 - val_auc_custom: 0.7658 - val_f1_custom: 0.5962 - val_recall_custom: 0.4921 - val_composite: 0.5780 - val_precision_aware: 0.7101 - 1s/epoch - 20ms/step
Curriculum: set focal gamma = 1.0000 (epoch 31)
Epoch 31/70
WARNING:tensorflow:Can save best model only with val_composite available, skipping.
WARNING:tensorflow:Early stopping conditioned on metric `val_composite` which is not available. Available metrics are: loss,auc,val_loss,val_auc
56/56 - 1s - loss: 0.1031 - auc: 0.8761 - val_loss: 0.1499 - val_auc: 0.7639 - val_auc_custom: 0.7639 - val_f1_custom: 0.7143 - val_recall_custom: 0.7143 - val_composite: 0.7242 - val_precision_aware: 0.7242 - 1s/epoch - 21ms/step
Curriculum: set focal gamma = 1.0000 (epoch 32)
Epoch 32/70
WARNING:tensorflow:Can save best model only with val_composite available, skipping.
WARNING:tensorflow:Early stopping conditioned on metric `val_composite` which is not available. Available metrics are: loss,auc,val_loss,val_auc
56/56 - 1s - loss: 0.1086 - auc: 0.8544 - val_loss: 0.1501 - val_auc: 0.7603 - val_auc_custom: 0.7602 - val_f1_custom: 0.6880 - val_recall_custom: 0.6825 - val_composite: 0.6997 - val_precision_aware: 0.7052 - 1s/epoch - 22ms/step
Curriculum: set focal gamma = 1.0000 (epoch 33)
Epoch 33/70
WARNING:tensorflow:Can save best model only with val_composite available, skipping.
WARNING:tensorflow:Early stopping conditioned on metric `val_composite` which is not available. Available metrics are: loss,auc,val_loss,val_auc
56/56 - 1s - loss: 0.1030 - auc: 0.8703 - val_loss: 0.1547 - val_auc: 0.7501 - val_auc_custom: 0.7497 - val_f1_custom: 0.6615 - val_recall_custom: 0.6825 - val_composite: 0.6897 - val_precision_aware: 0.6693 - 1s/epoch - 20ms/step
Curriculum: set focal gamma = 1.0000 (epoch 34)
Epoch 34/70
WARNING:tensorflow:Can save best model only with val_composite available, skipping.
WARNING:tensorflow:Early stopping conditioned on metric `val_composite` which is not available. Available metrics are: loss,auc,val_loss,val_auc
56/56 - 1s - loss: 0.1006 - auc: 0.8780 - val_loss: 0.1553 - val_auc: 0.7640 - val_auc_custom: 0.7641 - val_f1_custom: 0.6822 - val_recall_custom: 0.6984 - val_composite: 0.7067 - val_precision_aware: 0.6908 - 1s/epoch - 21ms/step
Curriculum: set focal gamma = 1.0000 (epoch 35)
Epoch 35/70
WARNING:tensorflow:Can save best model only with val_composite available, skipping.
WARNING:tensorflow:Early stopping conditioned on metric `val_composite` which is not available. Available metrics are: loss,auc,val_loss,val_auc
56/56 - 1s - loss: 0.1017 - auc: 0.8750 - val_loss: 0.1564 - val_auc: 0.7419 - val_auc_custom: 0.7421 - val_f1_custom: 0.6446 - val_recall_custom: 0.6190 - val_composite: 0.6513 - val_precision_aware: 0.6780 - 1s/epoch - 20ms/step
Curriculum: set focal gamma = 1.0000 (epoch 36)
Epoch 36/70
WARNING:tensorflow:Can save best model only with val_composite available, skipping.
WARNING:tensorflow:Early stopping conditioned on metric `val_composite` which is not available. Available metrics are: loss,auc,val_loss,val_auc
56/56 - 1s - loss: 0.1008 - auc: 0.8785 - val_loss: 0.1603 - val_auc: 0.7601 - val_auc_custom: 0.7602 - val_f1_custom: 0.6306 - val_recall_custom: 0.5556 - val_composite: 0.6190 - val_precision_aware: 0.7058 - 1s/epoch - 20ms/step
Curriculum: set focal gamma = 1.0000 (epoch 37)
Epoch 37/70
WARNING:tensorflow:Can save best model only with val_composite available, skipping.
WARNING:tensorflow:Early stopping conditioned on metric `val_composite` which is not available. Available metrics are: loss,auc,val_loss,val_auc
56/56 - 1s - loss: 0.0968 - auc: 0.8885 - val_loss: 0.1565 - val_auc: 0.7601 - val_auc_custom: 0.7607 - val_f1_custom: 0.6935 - val_recall_custom: 0.6825 - val_composite: 0.7015 - val_precision_aware: 0.7127 - 1s/epoch - 21ms/step
Curriculum: set focal gamma = 1.0000 (epoch 38)
Epoch 38/70
WARNING:tensorflow:Can save best model only with val_composite available, skipping.
WARNING:tensorflow:Early stopping conditioned on metric `val_composite` which is not available. Available metrics are: loss,auc,val_loss,val_auc
56/56 - 1s - loss: 0.1018 - auc: 0.8766 - val_loss: 0.1557 - val_auc: 0.7470 - val_auc_custom: 0.7468 - val_f1_custom: 0.6720 - val_recall_custom: 0.6667 - val_composite: 0.6843 - val_precision_aware: 0.6897 - 1s/epoch - 19ms/step
Curriculum: set focal gamma = 1.0000 (epoch 39)
Epoch 39/70
WARNING:tensorflow:Can save best model only with val_composite available, skipping.
WARNING:tensorflow:Early stopping conditioned on metric `val_composite` which is not available. Available metrics are: loss,auc,val_loss,val_auc
56/56 - 1s - loss: 0.0935 - auc: 0.8994 - val_loss: 0.1506 - val_auc: 0.7756 - val_auc_custom: 0.7744 - val_f1_custom: 0.6609 - val_recall_custom: 0.6032 - val_composite: 0.6547 - val_precision_aware: 0.7185 - 1s/epoch - 21ms/step
Curriculum: set focal gamma = 1.0000 (epoch 40)
Epoch 40/70
WARNING:tensorflow:Can save best model only with val_composite available, skipping.
WARNING:tensorflow:Early stopping conditioned on metric `val_composite` which is not available. Available metrics are: loss,auc,val_loss,val_auc
56/56 - 1s - loss: 0.1021 - auc: 0.8760 - val_loss: 0.1557 - val_auc: 0.7629 - val_auc_custom: 0.7626 - val_f1_custom: 0.7132 - val_recall_custom: 0.7302 - val_composite: 0.7316 - val_precision_aware: 0.7150 - 1s/epoch - 21ms/step
Curriculum: set focal gamma = 1.0000 (epoch 41)
Epoch 41/70
WARNING:tensorflow:Can save best model only with val_composite available, skipping.
WARNING:tensorflow:Early stopping conditioned on metric `val_composite` which is not available. Available metrics are: loss,auc,val_loss,val_auc
56/56 - 1s - loss: 0.0924 - auc: 0.9006 - val_loss: 0.1636 - val_auc: 0.7575 - val_auc_custom: 0.7582 - val_f1_custom: 0.5818 - val_recall_custom: 0.5079 - val_composite: 0.5802 - val_precision_aware: 0.6666 - 1s/epoch - 21ms/step
Curriculum: set focal gamma = 1.0000 (epoch 42)
Epoch 42/70
WARNING:tensorflow:Can save best model only with val_composite available, skipping.
WARNING:tensorflow:Early stopping conditioned on metric `val_composite` which is not available. Available metrics are: loss,auc,val_loss,val_auc
56/56 - 1s - loss: 0.0937 - auc: 0.8964 - val_loss: 0.1632 - val_auc: 0.7567 - val_auc_custom: 0.7570 - val_f1_custom: 0.6984 - val_recall_custom: 0.6984 - val_composite: 0.7101 - val_precision_aware: 0.7101 - 1s/epoch - 20ms/step
Curriculum: set focal gamma = 1.0000 (epoch 43)
Epoch 43/70
WARNING:tensorflow:Can save best model only with val_composite available, skipping.
WARNING:tensorflow:Early stopping conditioned on metric `val_composite` which is not available. Available metrics are: loss,auc,val_loss,val_auc
56/56 - 1s - loss: 0.0922 - auc: 0.8996 - val_loss: 0.1599 - val_auc: 0.7584 - val_auc_custom: 0.7595 - val_f1_custom: 0.6923 - val_recall_custom: 0.7143 - val_composite: 0.7167 - val_precision_aware: 0.6954 - 1s/epoch - 20ms/step
Curriculum: set focal gamma = 1.0000 (epoch 44)
Epoch 44/70
WARNING:tensorflow:Can save best model only with val_composite available, skipping.
WARNING:tensorflow:Early stopping conditioned on metric `val_composite` which is not available. Available metrics are: loss,auc,val_loss,val_auc
56/56 - 1s - loss: 0.0910 - auc: 0.9021 - val_loss: 0.1528 - val_auc: 0.7819 - val_auc_custom: 0.7817 - val_f1_custom: 0.6609 - val_recall_custom: 0.6032 - val_composite: 0.6562 - val_precision_aware: 0.7200 - 1s/epoch - 20ms/step
Curriculum: set focal gamma = 1.0000 (epoch 45)
Epoch 45/70
WARNING:tensorflow:Can save best model only with val_composite available, skipping.
WARNING:tensorflow:Early stopping conditioned on metric `val_composite` which is not available. Available metrics are: loss,auc,val_loss,val_auc
56/56 - 1s - loss: 0.0962 - auc: 0.8887 - val_loss: 0.1476 - val_auc: 0.7753 - val_auc_custom: 0.7761 - val_f1_custom: 0.7107 - val_recall_custom: 0.6825 - val_composite: 0.7097 - val_precision_aware: 0.7391 - 1s/epoch - 20ms/step
Curriculum: set focal gamma = 1.0000 (epoch 46)
Epoch 46/70
WARNING:tensorflow:Can save best model only with val_composite available, skipping.
WARNING:tensorflow:Early stopping conditioned on metric `val_composite` which is not available. Available metrics are: loss,auc,val_loss,val_auc
56/56 - 1s - loss: 0.0878 - auc: 0.9108 - val_loss: 0.1562 - val_auc: 0.7696 - val_auc_custom: 0.7702 - val_f1_custom: 0.7206 - val_recall_custom: 0.7778 - val_composite: 0.7591 - val_precision_aware: 0.7058 - 1s/epoch - 21ms/step
Curriculum: set focal gamma = 1.0000 (epoch 47)
Epoch 47/70
WARNING:tensorflow:Can save best model only with val_composite available, skipping.
WARNING:tensorflow:Early stopping conditioned on metric `val_composite` which is not available. Available metrics are: loss,auc,val_loss,val_auc
56/56 - 1s - loss: 0.0883 - auc: 0.9080 - val_loss: 0.1582 - val_auc: 0.7725 - val_auc_custom: 0.7719 - val_f1_custom: 0.6977 - val_recall_custom: 0.7143 - val_composite: 0.7208 - val_precision_aware: 0.7046 - 1s/epoch - 21ms/step
Curriculum: set focal gamma = 1.0000 (epoch 48)
Epoch 48/70
WARNING:tensorflow:Can save best model only with val_composite available, skipping.
WARNING:tensorflow:Early stopping conditioned on metric `val_composite` which is not available. Available metrics are: loss,auc,val_loss,val_auc
56/56 - 1s - loss: 0.0923 - auc: 0.8999 - val_loss: 0.1644 - val_auc: 0.7630 - val_auc_custom: 0.7629 - val_f1_custom: 0.6825 - val_recall_custom: 0.6825 - val_composite: 0.6986 - val_precision_aware: 0.6986 - 1s/epoch - 21ms/step
Curriculum: set focal gamma = 1.0000 (epoch 49)
Epoch 49/70
WARNING:tensorflow:Can save best model only with val_composite available, skipping.
WARNING:tensorflow:Early stopping conditioned on metric `val_composite` which is not available. Available metrics are: loss,auc,val_loss,val_auc
56/56 - 1s - loss: 0.0878 - auc: 0.9124 - val_loss: 0.1620 - val_auc: 0.7580 - val_auc_custom: 0.7585 - val_f1_custom: 0.6306 - val_recall_custom: 0.5556 - val_composite: 0.6187 - val_precision_aware: 0.7055 - 1s/epoch - 21ms/step
Curriculum: set focal gamma = 1.0000 (epoch 50)
Epoch 50/70
WARNING:tensorflow:Can save best model only with val_composite available, skipping.
WARNING:tensorflow:Early stopping conditioned on metric `val_composite` which is not available. Available metrics are: loss,auc,val_loss,val_auc
56/56 - 1s - loss: 0.0891 - auc: 0.9102 - val_loss: 0.1643 - val_auc: 0.7598 - val_auc_custom: 0.7590 - val_f1_custom: 0.6609 - val_recall_custom: 0.6032 - val_composite: 0.6516 - val_precision_aware: 0.7154 - 1s/epoch - 20ms/step
Curriculum: set focal gamma = 1.0000 (epoch 51)
Epoch 51/70
WARNING:tensorflow:Can save best model only with val_composite available, skipping.
WARNING:tensorflow:Early stopping conditioned on metric `val_composite` which is not available. Available metrics are: loss,auc,val_loss,val_auc
56/56 - 1s - loss: 0.0841 - auc: 0.9171 - val_loss: 0.1692 - val_auc: 0.7609 - val_auc_custom: 0.7609 - val_f1_custom: 0.7023 - val_recall_custom: 0.7302 - val_composite: 0.7280 - val_precision_aware: 0.7011 - 1s/epoch - 21ms/step
Curriculum: set focal gamma = 1.0000 (epoch 52)
Epoch 52/70
WARNING:tensorflow:Can save best model only with val_composite available, skipping.
WARNING:tensorflow:Early stopping conditioned on metric `val_composite` which is not available. Available metrics are: loss,auc,val_loss,val_auc
56/56 - 1s - loss: 0.0812 - auc: 0.9252 - val_loss: 0.1690 - val_auc: 0.7696 - val_auc_custom: 0.7687 - val_f1_custom: 0.6667 - val_recall_custom: 0.6508 - val_composite: 0.6791 - val_precision_aware: 0.6954 - 1s/epoch - 21ms/step
Curriculum: set focal gamma = 1.0000 (epoch 53)
Epoch 53/70
WARNING:tensorflow:Can save best model only with val_composite available, skipping.
WARNING:tensorflow:Early stopping conditioned on metric `val_composite` which is not available. Available metrics are: loss,auc,val_loss,val_auc
56/56 - 1s - loss: 0.0814 - auc: 0.9233 - val_loss: 0.1718 - val_auc: 0.7626 - val_auc_custom: 0.7617 - val_f1_custom: 0.6555 - val_recall_custom: 0.6190 - val_composite: 0.6585 - val_precision_aware: 0.6972 - 1s/epoch - 21ms/step
Curriculum: set focal gamma = 1.0000 (epoch 54)
Epoch 54/70
WARNING:tensorflow:Can save best model only with val_composite available, skipping.
WARNING:tensorflow:Early stopping conditioned on metric `val_composite` which is not available. Available metrics are: loss,auc,val_loss,val_auc
56/56 - 1s - loss: 0.0839 - auc: 0.9181 - val_loss: 0.1637 - val_auc: 0.7845 - val_auc_custom: 0.7846 - val_f1_custom: 0.7087 - val_recall_custom: 0.7143 - val_composite: 0.7267 - val_precision_aware: 0.7211 - 1s/epoch - 20ms/step
Curriculum: set focal gamma = 1.0000 (epoch 55)
Epoch 55/70
WARNING:tensorflow:Can save best model only with val_composite available, skipping.
WARNING:tensorflow:Early stopping conditioned on metric `val_composite` which is not available. Available metrics are: loss,auc,val_loss,val_auc
56/56 - 1s - loss: 0.0793 - auc: 0.9280 - val_loss: 0.1646 - val_auc: 0.7816 - val_auc_custom: 0.7814 - val_f1_custom: 0.6842 - val_recall_custom: 0.6190 - val_composite: 0.6711 - val_precision_aware: 0.7439 - 1s/epoch - 20ms/step
Curriculum: set focal gamma = 1.0000 (epoch 56)
Epoch 56/70
WARNING:tensorflow:Can save best model only with val_composite available, skipping.
WARNING:tensorflow:Early stopping conditioned on metric `val_composite` which is not available. Available metrics are: loss,auc,val_loss,val_auc
56/56 - 1s - loss: 0.0829 - auc: 0.9230 - val_loss: 0.1690 - val_auc: 0.7812 - val_auc_custom: 0.7802 - val_f1_custom: 0.6078 - val_recall_custom: 0.4921 - val_composite: 0.5844 - val_precision_aware: 0.7358 - 1s/epoch - 21ms/step
Curriculum: set focal gamma = 1.0000 (epoch 57)
Epoch 57/70
WARNING:tensorflow:Can save best model only with val_composite available, skipping.
WARNING:tensorflow:Early stopping conditioned on metric `val_composite` which is not available. Available metrics are: loss,auc,val_loss,val_auc
56/56 - 1s - loss: 0.0815 - auc: 0.9256 - val_loss: 0.1671 - val_auc: 0.7658 - val_auc_custom: 0.7661 - val_f1_custom: 0.6880 - val_recall_custom: 0.6825 - val_composite: 0.7009 - val_precision_aware: 0.7064 - 1s/epoch - 20ms/step
Curriculum: set focal gamma = 1.0000 (epoch 58)
Epoch 58/70
WARNING:tensorflow:Can save best model only with val_composite available, skipping.
WARNING:tensorflow:Early stopping conditioned on metric `val_composite` which is not available. Available metrics are: loss,auc,val_loss,val_auc
56/56 - 1s - loss: 0.0774 - auc: 0.9321 - val_loss: 0.1662 - val_auc: 0.7801 - val_auc_custom: 0.7800 - val_f1_custom: 0.7244 - val_recall_custom: 0.7302 - val_composite: 0.7384 - val_precision_aware: 0.7327 - 1s/epoch - 20ms/step
Curriculum: set focal gamma = 1.0000 (epoch 59)
Epoch 59/70
WARNING:tensorflow:Can save best model only with val_composite available, skipping.
WARNING:tensorflow:Early stopping conditioned on metric `val_composite` which is not available. Available metrics are: loss,auc,val_loss,val_auc
56/56 - 1s - loss: 0.0756 - auc: 0.9345 - val_loss: 0.1603 - val_auc: 0.7886 - val_auc_custom: 0.7888 - val_f1_custom: 0.6296 - val_recall_custom: 0.5397 - val_composite: 0.6165 - val_precision_aware: 0.7244 - 1s/epoch - 20ms/step
Curriculum: set focal gamma = 1.0000 (epoch 60)
Epoch 60/70
WARNING:tensorflow:Can save best model only with val_composite available, skipping.
WARNING:tensorflow:Early stopping conditioned on metric `val_composite` which is not available. Available metrics are: loss,auc,val_loss,val_auc
56/56 - 1s - loss: 0.0736 - auc: 0.9383 - val_loss: 0.1608 - val_auc: 0.7871 - val_auc_custom: 0.7868 - val_f1_custom: 0.7419 - val_recall_custom: 0.7302 - val_composite: 0.7450 - val_precision_aware: 0.7570 - 1s/epoch - 21ms/step
Curriculum: set focal gamma = 1.0000 (epoch 61)
Epoch 61/70
WARNING:tensorflow:Can save best model only with val_composite available, skipping.
WARNING:tensorflow:Early stopping conditioned on metric `val_composite` which is not available. Available metrics are: loss,auc,val_loss,val_auc
56/56 - 1s - loss: 0.0775 - auc: 0.9311 - val_loss: 0.1610 - val_auc: 0.7783 - val_auc_custom: 0.7785 - val_f1_custom: 0.7213 - val_recall_custom: 0.6984 - val_composite: 0.7213 - val_precision_aware: 0.7450 - 1s/epoch - 20ms/step
Curriculum: set focal gamma = 1.0000 (epoch 62)
Epoch 62/70
WARNING:tensorflow:Can save best model only with val_composite available, skipping.
WARNING:tensorflow:Early stopping conditioned on metric `val_composite` which is not available. Available metrics are: loss,auc,val_loss,val_auc
56/56 - 1s - loss: 0.0745 - auc: 0.9374 - val_loss: 0.1653 - val_auc: 0.7783 - val_auc_custom: 0.7780 - val_f1_custom: 0.6429 - val_recall_custom: 0.5714 - val_composite: 0.6342 - val_precision_aware: 0.7158 - 1s/epoch - 21ms/step
Curriculum: set focal gamma = 1.0000 (epoch 63)
Epoch 63/70
WARNING:tensorflow:Can save best model only with val_composite available, skipping.
WARNING:tensorflow:Early stopping conditioned on metric `val_composite` which is not available. Available metrics are: loss,auc,val_loss,val_auc
56/56 - 1s - loss: 0.0760 - auc: 0.9334 - val_loss: 0.1683 - val_auc: 0.7857 - val_auc_custom: 0.7861 - val_f1_custom: 0.7218 - val_recall_custom: 0.7619 - val_composite: 0.7547 - val_precision_aware: 0.7166 - 1s/epoch - 21ms/step
Curriculum: set focal gamma = 1.0000 (epoch 64)
Epoch 64/70
WARNING:tensorflow:Can save best model only with val_composite available, skipping.
WARNING:tensorflow:Early stopping conditioned on metric `val_composite` which is not available. Available metrics are: loss,auc,val_loss,val_auc
56/56 - 1s - loss: 0.0755 - auc: 0.9341 - val_loss: 0.1592 - val_auc: 0.7908 - val_auc_custom: 0.7912 - val_f1_custom: 0.6891 - val_recall_custom: 0.6508 - val_composite: 0.6904 - val_precision_aware: 0.7310 - 1s/epoch - 20ms/step
Curriculum: set focal gamma = 1.0000 (epoch 65)
Epoch 65/70
WARNING:tensorflow:Can save best model only with val_composite available, skipping.
WARNING:tensorflow:Early stopping conditioned on metric `val_composite` which is not available. Available metrics are: loss,auc,val_loss,val_auc
56/56 - 1s - loss: 0.0750 - auc: 0.9357 - val_loss: 0.1750 - val_auc: 0.7802 - val_auc_custom: 0.7810 - val_f1_custom: 0.7424 - val_recall_custom: 0.7778 - val_composite: 0.7678 - val_precision_aware: 0.7340 - 1s/epoch - 21ms/step
Curriculum: set focal gamma = 1.0000 (epoch 66)
Epoch 66/70
WARNING:tensorflow:Can save best model only with val_composite available, skipping.
WARNING:tensorflow:Early stopping conditioned on metric `val_composite` which is not available. Available metrics are: loss,auc,val_loss,val_auc
56/56 - 1s - loss: 0.0765 - auc: 0.9327 - val_loss: 0.1763 - val_auc: 0.7822 - val_auc_custom: 0.7819 - val_f1_custom: 0.7313 - val_recall_custom: 0.7778 - val_composite: 0.7647 - val_precision_aware: 0.7209 - 1s/epoch - 21ms/step
Curriculum: set focal gamma = 1.0000 (epoch 67)
Epoch 67/70
WARNING:tensorflow:Can save best model only with val_composite available, skipping.
WARNING:tensorflow:Early stopping conditioned on metric `val_composite` which is not available. Available metrics are: loss,auc,val_loss,val_auc
56/56 - 1s - loss: 0.0719 - auc: 0.9418 - val_loss: 0.1584 - val_auc: 0.7906 - val_auc_custom: 0.7905 - val_f1_custom: 0.6372 - val_recall_custom: 0.5714 - val_composite: 0.6350 - val_precision_aware: 0.7092 - 1s/epoch - 20ms/step
Curriculum: set focal gamma = 1.0000 (epoch 68)
Epoch 68/70
WARNING:tensorflow:Can save best model only with val_composite available, skipping.
WARNING:tensorflow:Early stopping conditioned on metric `val_composite` which is not available. Available metrics are: loss,auc,val_loss,val_auc
56/56 - 1s - loss: 0.0682 - auc: 0.9467 - val_loss: 0.1975 - val_auc: 0.7741 - val_auc_custom: 0.7748 - val_f1_custom: 0.7500 - val_recall_custom: 0.8571 - val_composite: 0.8085 - val_precision_aware: 0.7133 - 1s/epoch - 21ms/step
Curriculum: set focal gamma = 1.0000 (epoch 69)
Epoch 69/70
WARNING:tensorflow:Can save best model only with val_composite available, skipping.
WARNING:tensorflow:Early stopping conditioned on metric `val_composite` which is not available. Available metrics are: loss,auc,val_loss,val_auc
56/56 - 1s - loss: 0.0653 - auc: 0.9515 - val_loss: 0.1790 - val_auc: 0.7624 - val_auc_custom: 0.7626 - val_f1_custom: 0.6885 - val_recall_custom: 0.6667 - val_composite: 0.6924 - val_precision_aware: 0.7150 - 1s/epoch - 20ms/step
Curriculum: set focal gamma = 1.0000 (epoch 70)
Epoch 70/70
WARNING:tensorflow:Can save best model only with val_composite available, skipping.
WARNING:tensorflow:Early stopping conditioned on metric `val_composite` which is not available. Available metrics are: loss,auc,val_loss,val_auc
56/56 - 1s - loss: 0.0666 - auc: 0.9510 - val_loss: 0.1879 - val_auc: 0.7656 - val_auc_custom: 0.7656 - val_f1_custom: 0.7218 - val_recall_custom: 0.7619 - val_composite: 0.7506 - val_precision_aware: 0.7125 - 1s/epoch - 21ms/step
Saved final weights to result_multi_seed_composite/seed7/01/final.weights
Mask config -> mode=soft, threshold=0.6, window_gate=None
Done. Results saved to result_multi_seed_composite/seed7/01
