2025-09-17 08:16:47.758323: I tensorflow/core/util/port.cc:110] oneDNN custom operations are on. You may see slightly different numerical results due to floating-point round-off errors from different computation orders. To turn them off, set the environment variable `TF_ENABLE_ONEDNN_OPTS=0`.
2025-09-17 08:16:47.787650: I tensorflow/core/platform/cpu_feature_guard.cc:182] This TensorFlow binary is optimized to use available CPU instructions in performance-critical operations.
To enable the following instructions: AVX2 AVX_VNNI FMA, in other operations, rebuild TensorFlow with the appropriate compiler flags.
2025-09-17 08:16:48.205998: W tensorflow/compiler/tf2tensorrt/utils/py_utils.cc:38] TF-TRT Warning: Could not find TensorRT
2025-09-17 08:16:48.640778: I tensorflow/compiler/xla/stream_executor/cuda/cuda_gpu_executor.cc:981] could not open file to read NUMA node: /sys/bus/pci/devices/0000:01:00.0/numa_node
Your kernel may have been built without NUMA support.
2025-09-17 08:16:48.658955: I tensorflow/compiler/xla/stream_executor/cuda/cuda_gpu_executor.cc:981] could not open file to read NUMA node: /sys/bus/pci/devices/0000:01:00.0/numa_node
Your kernel may have been built without NUMA support.
2025-09-17 08:16:48.659072: I tensorflow/compiler/xla/stream_executor/cuda/cuda_gpu_executor.cc:981] could not open file to read NUMA node: /sys/bus/pci/devices/0000:01:00.0/numa_node
Your kernel may have been built without NUMA support.
2025-09-17 08:16:48.660803: I tensorflow/compiler/xla/stream_executor/cuda/cuda_gpu_executor.cc:981] could not open file to read NUMA node: /sys/bus/pci/devices/0000:01:00.0/numa_node
Your kernel may have been built without NUMA support.
2025-09-17 08:16:48.660868: I tensorflow/compiler/xla/stream_executor/cuda/cuda_gpu_executor.cc:981] could not open file to read NUMA node: /sys/bus/pci/devices/0000:01:00.0/numa_node
Your kernel may have been built without NUMA support.
2025-09-17 08:16:48.660886: I tensorflow/compiler/xla/stream_executor/cuda/cuda_gpu_executor.cc:981] could not open file to read NUMA node: /sys/bus/pci/devices/0000:01:00.0/numa_node
Your kernel may have been built without NUMA support.
2025-09-17 08:16:48.759025: I tensorflow/compiler/xla/stream_executor/cuda/cuda_gpu_executor.cc:981] could not open file to read NUMA node: /sys/bus/pci/devices/0000:01:00.0/numa_node
Your kernel may have been built without NUMA support.
2025-09-17 08:16:48.759137: I tensorflow/compiler/xla/stream_executor/cuda/cuda_gpu_executor.cc:981] could not open file to read NUMA node: /sys/bus/pci/devices/0000:01:00.0/numa_node
Your kernel may have been built without NUMA support.
2025-09-17 08:16:48.759157: I tensorflow/core/common_runtime/gpu/gpu_device.cc:1726] Could not identify NUMA node of platform GPU id 0, defaulting to 0.  Your kernel may not have been built with NUMA support.
2025-09-17 08:16:48.759185: I tensorflow/compiler/xla/stream_executor/cuda/cuda_gpu_executor.cc:981] could not open file to read NUMA node: /sys/bus/pci/devices/0000:01:00.0/numa_node
Your kernel may have been built without NUMA support.
2025-09-17 08:16:48.759208: I tensorflow/core/common_runtime/gpu/gpu_device.cc:1639] Created device /job:localhost/replica:0/task:0/device:GPU:0 with 9517 MB memory:  -> device: 0, name: NVIDIA GeForce RTX 4070 SUPER, pci bus id: 0000:01:00.0, compute capability: 8.9
GPU detected: 1 physical, 1 logical -> ['/device:GPU:0']
Config: batch=16, accumulate_steps=8 -> effective_batch=128
Loaded (1276, 36, 75) (1276,)
Using mask channel "occlusion_flag" from long_raw (index 7)
Model: "cnn_bilstm_attn_masked"
__________________________________________________________________________________________________
 Layer (type)                Output Shape                 Param #   Connected to                  
==================================================================================================
 input (InputLayer)          [(None, 36, 75)]             0         []                            
                                                                                                  
 permute_time_features (Per  (None, 75, 36)               0         ['input[0][0]']               
 mute)                                                                                            
                                                                                                  
 conv0 (Conv1D)              (None, 75, 64)               6976      ['permute_time_features[0][0]'
                                                                    ]                             
                                                                                                  
 bn0 (BatchNormalization)    (None, 75, 64)               256       ['conv0[0][0]']               
                                                                                                  
 act0 (Activation)           (None, 75, 64)               0         ['bn0[0][0]']                 
                                                                                                  
 conv_dropout0 (Dropout)     (None, 75, 64)               0         ['act0[0][0]']                
                                                                                                  
 conv1 (Conv1D)              (None, 75, 64)               20544     ['conv_dropout0[0][0]']       
                                                                                                  
 bn1 (BatchNormalization)    (None, 75, 64)               256       ['conv1[0][0]']               
                                                                                                  
 act1 (Activation)           (None, 75, 64)               0         ['bn1[0][0]']                 
                                                                                                  
 conv_dropout1 (Dropout)     (None, 75, 64)               0         ['act1[0][0]']                
                                                                                                  
 conv2 (Conv1D)              (None, 75, 64)               12352     ['conv_dropout1[0][0]']       
                                                                                                  
 bn2 (BatchNormalization)    (None, 75, 64)               256       ['conv2[0][0]']               
                                                                                                  
 act2 (Activation)           (None, 75, 64)               0         ['bn2[0][0]']                 
                                                                                                  
 conv_dropout2 (Dropout)     (None, 75, 64)               0         ['act2[0][0]']                
                                                                                                  
 bilstm (Bidirectional)      (None, 75, 128)              66048     ['conv_dropout2[0][0]']       
                                                                                                  
 mlp_attn_u (Dense)          (None, 75, 32)               4128      ['bilstm[0][0]']              
                                                                                                  
 mlp_attn_score (Dense)      (None, 75, 1)                33        ['mlp_attn_u[0][0]']          
                                                                                                  
 mlp_attn_squeeze (Lambda)   (None, 75)                   0         ['mlp_attn_score[0][0]']      
                                                                                                  
 attn_mask (InputLayer)      [(None, 75)]                 0         []                            
                                                                                                  
 mlp_attn_apply_mask (Lambd  (None, 75)                   0         ['mlp_attn_squeeze[0][0]',    
 a)                                                                  'attn_mask[0][0]']           
                                                                                                  
 mlp_attn_softmax (Lambda)   (None, 75)                   0         ['mlp_attn_apply_mask[0][0]'] 
                                                                                                  
 mlp_attn_expand (Lambda)    (None, 75, 1)                0         ['mlp_attn_softmax[0][0]']    
                                                                                                  
 mlp_attn_weighted (Lambda)  (None, 128)                  0         ['bilstm[0][0]',              
                                                                     'mlp_attn_expand[0][0]']     
                                                                                                  
 fc1 (Dense)                 (None, 64)                   8256      ['mlp_attn_weighted[0][0]']   
                                                                                                  
 fc_dropout (Dropout)        (None, 64)                   0         ['fc1[0][0]']                 
                                                                                                  
 out (Dense)                 (None, 1)                    65        ['fc_dropout[0][0]']          
                                                                                                  
==================================================================================================
Total params: 119171 (465.51 KB)
Trainable params: 118786 (464.01 KB)
Non-trainable params: 385 (1.50 KB)
__________________________________________________________________________________________________
None
Writing results to /home/user/projects/train/model/long_window/CNN_BiLSTM/result_focal_refine/cw02_fg09/01
Curriculum: set focal gamma = 0.0000 (epoch 1)
Epoch 1/70
2025-09-17 08:16:53.402453: I tensorflow/compiler/xla/stream_executor/cuda/cuda_dnn.cc:432] Loaded cuDNN version 8600
2025-09-17 08:16:53.492707: I tensorflow/tsl/platform/default/subprocess.cc:304] Start cannot spawn child process: No such file or directory
2025-09-17 08:16:53.625416: I tensorflow/compiler/xla/stream_executor/cuda/cuda_blas.cc:606] TensorFloat-32 will be used for the matrix multiplication. This will only be logged once.
2025-09-17 08:16:53.939726: I tensorflow/compiler/xla/service/service.cc:168] XLA service 0x55d6c5f55050 initialized for platform CUDA (this does not guarantee that XLA will be used). Devices:
2025-09-17 08:16:53.939775: I tensorflow/compiler/xla/service/service.cc:176]   StreamExecutor device (0): NVIDIA GeForce RTX 4070 SUPER, Compute Capability 8.9
2025-09-17 08:16:53.943006: I tensorflow/compiler/mlir/tensorflow/utils/dump_mlir_util.cc:255] disabling MLIR crash reproducer, set env var `MLIR_CRASH_REPRODUCER_DIRECTORY` to enable.
2025-09-17 08:16:53.997322: I tensorflow/tsl/platform/default/subprocess.cc:304] Start cannot spawn child process: No such file or directory
2025-09-17 08:16:54.033550: I ./tensorflow/compiler/jit/device_compiler.h:186] Compiled cluster using XLA!  This line is logged at most once for the lifetime of the process.
56/56 - 7s - loss: 0.3265 - auc: 0.4929 - val_loss: 0.3474 - val_auc: 0.5755 - val_auc_custom: 0.5784 - val_f1_custom: 0.0000e+00 - val_recall_custom: 0.0000e+00 - 7s/epoch - 125ms/step
Curriculum: set focal gamma = 0.0526 (epoch 2)
Epoch 2/70
56/56 - 1s - loss: 0.2880 - auc: 0.5666 - val_loss: 0.3172 - val_auc: 0.5842 - val_auc_custom: 0.5776 - val_f1_custom: 0.0000e+00 - val_recall_custom: 0.0000e+00 - 1s/epoch - 22ms/step
Curriculum: set focal gamma = 0.1053 (epoch 3)
Epoch 3/70
56/56 - 1s - loss: 0.2739 - auc: 0.5516 - val_loss: 0.2970 - val_auc: 0.5836 - val_auc_custom: 0.5857 - val_f1_custom: 0.0000e+00 - val_recall_custom: 0.0000e+00 - 1s/epoch - 21ms/step
Curriculum: set focal gamma = 0.1579 (epoch 4)
Epoch 4/70
56/56 - 1s - loss: 0.2636 - auc: 0.5536 - val_loss: 0.2842 - val_auc: 0.5794 - val_auc_custom: 0.5776 - val_f1_custom: 0.0000e+00 - val_recall_custom: 0.0000e+00 - 1s/epoch - 21ms/step
Curriculum: set focal gamma = 0.2105 (epoch 5)
Epoch 5/70
56/56 - 1s - loss: 0.2501 - auc: 0.5951 - val_loss: 0.2730 - val_auc: 0.5751 - val_auc_custom: 0.5748 - val_f1_custom: 0.0714 - val_recall_custom: 0.0377 - 1s/epoch - 20ms/step
Curriculum: set focal gamma = 0.2632 (epoch 6)
Epoch 6/70
56/56 - 1s - loss: 0.2343 - auc: 0.6460 - val_loss: 0.2641 - val_auc: 0.5712 - val_auc_custom: 0.5726 - val_f1_custom: 0.1639 - val_recall_custom: 0.0943 - 1s/epoch - 20ms/step
Curriculum: set focal gamma = 0.3158 (epoch 7)
Epoch 7/70
56/56 - 1s - loss: 0.2246 - auc: 0.6549 - val_loss: 0.2566 - val_auc: 0.5727 - val_auc_custom: 0.5731 - val_f1_custom: 0.2462 - val_recall_custom: 0.1509 - 1s/epoch - 20ms/step
Curriculum: set focal gamma = 0.3684 (epoch 8)
Epoch 8/70
56/56 - 1s - loss: 0.2152 - auc: 0.6609 - val_loss: 0.2490 - val_auc: 0.5790 - val_auc_custom: 0.5794 - val_f1_custom: 0.3056 - val_recall_custom: 0.2075 - 1s/epoch - 20ms/step
Curriculum: set focal gamma = 0.4211 (epoch 9)
Epoch 9/70
56/56 - 1s - loss: 0.2061 - auc: 0.6756 - val_loss: 0.2390 - val_auc: 0.5797 - val_auc_custom: 0.5791 - val_f1_custom: 0.3243 - val_recall_custom: 0.2264 - 1s/epoch - 21ms/step
Curriculum: set focal gamma = 0.4737 (epoch 10)
Epoch 10/70
56/56 - 1s - loss: 0.1967 - auc: 0.6801 - val_loss: 0.2296 - val_auc: 0.5864 - val_auc_custom: 0.5857 - val_f1_custom: 0.3333 - val_recall_custom: 0.2264 - 1s/epoch - 22ms/step
Curriculum: set focal gamma = 0.5263 (epoch 11)
Epoch 11/70
56/56 - 1s - loss: 0.1873 - auc: 0.6908 - val_loss: 0.2196 - val_auc: 0.5956 - val_auc_custom: 0.5945 - val_f1_custom: 0.2857 - val_recall_custom: 0.1887 - 1s/epoch - 22ms/step
Curriculum: set focal gamma = 0.5789 (epoch 12)
Epoch 12/70
56/56 - 1s - loss: 0.1818 - auc: 0.6846 - val_loss: 0.2122 - val_auc: 0.5995 - val_auc_custom: 0.6005 - val_f1_custom: 0.3200 - val_recall_custom: 0.2264 - 1s/epoch - 22ms/step
Curriculum: set focal gamma = 0.6316 (epoch 13)
Epoch 13/70
56/56 - 1s - loss: 0.1748 - auc: 0.6980 - val_loss: 0.2047 - val_auc: 0.6089 - val_auc_custom: 0.6113 - val_f1_custom: 0.3500 - val_recall_custom: 0.2642 - 1s/epoch - 23ms/step
Curriculum: set focal gamma = 0.6842 (epoch 14)
Epoch 14/70
56/56 - 1s - loss: 0.1639 - auc: 0.7172 - val_loss: 0.1963 - val_auc: 0.6152 - val_auc_custom: 0.6138 - val_f1_custom: 0.3158 - val_recall_custom: 0.2264 - 1s/epoch - 24ms/step
Curriculum: set focal gamma = 0.7368 (epoch 15)
Epoch 15/70
56/56 - 1s - loss: 0.1584 - auc: 0.7123 - val_loss: 0.1894 - val_auc: 0.6179 - val_auc_custom: 0.6179 - val_f1_custom: 0.2973 - val_recall_custom: 0.2075 - 1s/epoch - 22ms/step
Curriculum: set focal gamma = 0.7895 (epoch 16)
Epoch 16/70
56/56 - 1s - loss: 0.1529 - auc: 0.7183 - val_loss: 0.1856 - val_auc: 0.6348 - val_auc_custom: 0.6345 - val_f1_custom: 0.3750 - val_recall_custom: 0.2830 - 1s/epoch - 22ms/step
Curriculum: set focal gamma = 0.8421 (epoch 17)
Epoch 17/70
56/56 - 1s - loss: 0.1425 - auc: 0.7543 - val_loss: 0.1820 - val_auc: 0.6404 - val_auc_custom: 0.6423 - val_f1_custom: 0.3704 - val_recall_custom: 0.2830 - 1s/epoch - 23ms/step
Curriculum: set focal gamma = 0.8947 (epoch 18)
Epoch 18/70
56/56 - 1s - loss: 0.1352 - auc: 0.7671 - val_loss: 0.1727 - val_auc: 0.6408 - val_auc_custom: 0.6420 - val_f1_custom: 0.4000 - val_recall_custom: 0.3019 - 1s/epoch - 22ms/step
Curriculum: set focal gamma = 0.9474 (epoch 19)
Epoch 19/70
56/56 - 1s - loss: 0.1332 - auc: 0.7525 - val_loss: 0.1668 - val_auc: 0.6610 - val_auc_custom: 0.6619 - val_f1_custom: 0.4091 - val_recall_custom: 0.3396 - 1s/epoch - 23ms/step
Curriculum: set focal gamma = 1.0000 (epoch 20)
Epoch 20/70
56/56 - 1s - loss: 0.1220 - auc: 0.7854 - val_loss: 0.1666 - val_auc: 0.6638 - val_auc_custom: 0.6642 - val_f1_custom: 0.5000 - val_recall_custom: 0.4717 - 1s/epoch - 21ms/step
Curriculum: set focal gamma = 1.0000 (epoch 21)
Epoch 21/70
56/56 - 1s - loss: 0.1236 - auc: 0.7749 - val_loss: 0.1606 - val_auc: 0.6753 - val_auc_custom: 0.6767 - val_f1_custom: 0.4337 - val_recall_custom: 0.3396 - 1s/epoch - 22ms/step
Curriculum: set focal gamma = 1.0000 (epoch 22)
Epoch 22/70
56/56 - 1s - loss: 0.1169 - auc: 0.8064 - val_loss: 0.1630 - val_auc: 0.6738 - val_auc_custom: 0.6750 - val_f1_custom: 0.4894 - val_recall_custom: 0.4340 - 1s/epoch - 21ms/step
Curriculum: set focal gamma = 1.0000 (epoch 23)
Epoch 23/70
56/56 - 1s - loss: 0.1197 - auc: 0.7833 - val_loss: 0.1676 - val_auc: 0.6719 - val_auc_custom: 0.6709 - val_f1_custom: 0.5098 - val_recall_custom: 0.4906 - 1s/epoch - 20ms/step
Curriculum: set focal gamma = 1.0000 (epoch 24)
Epoch 24/70
56/56 - 1s - loss: 0.1217 - auc: 0.7818 - val_loss: 0.1672 - val_auc: 0.6731 - val_auc_custom: 0.6727 - val_f1_custom: 0.4948 - val_recall_custom: 0.4528 - 1s/epoch - 22ms/step
Curriculum: set focal gamma = 1.0000 (epoch 25)
Epoch 25/70
56/56 - 1s - loss: 0.1165 - auc: 0.8079 - val_loss: 0.1681 - val_auc: 0.6605 - val_auc_custom: 0.6606 - val_f1_custom: 0.3457 - val_recall_custom: 0.2642 - 1s/epoch - 22ms/step
Curriculum: set focal gamma = 1.0000 (epoch 26)
Epoch 26/70
56/56 - 1s - loss: 0.1137 - auc: 0.8140 - val_loss: 0.1700 - val_auc: 0.6658 - val_auc_custom: 0.6669 - val_f1_custom: 0.4731 - val_recall_custom: 0.4151 - 1s/epoch - 21ms/step
Curriculum: set focal gamma = 1.0000 (epoch 27)
Epoch 27/70
56/56 - 1s - loss: 0.1120 - auc: 0.8247 - val_loss: 0.1733 - val_auc: 0.6569 - val_auc_custom: 0.6571 - val_f1_custom: 0.4742 - val_recall_custom: 0.4340 - 1s/epoch - 20ms/step
Curriculum: set focal gamma = 1.0000 (epoch 28)
Epoch 28/70
56/56 - 1s - loss: 0.1082 - auc: 0.8355 - val_loss: 0.1754 - val_auc: 0.6625 - val_auc_custom: 0.6626 - val_f1_custom: 0.4468 - val_recall_custom: 0.3962 - 1s/epoch - 20ms/step
Curriculum: set focal gamma = 1.0000 (epoch 29)
Epoch 29/70
56/56 - 1s - loss: 0.1114 - auc: 0.8222 - val_loss: 0.1734 - val_auc: 0.6722 - val_auc_custom: 0.6717 - val_f1_custom: 0.5102 - val_recall_custom: 0.4717 - 1s/epoch - 21ms/step
Curriculum: set focal gamma = 1.0000 (epoch 30)
Epoch 30/70
56/56 - 1s - loss: 0.1120 - auc: 0.8198 - val_loss: 0.1880 - val_auc: 0.6542 - val_auc_custom: 0.6533 - val_f1_custom: 0.5357 - val_recall_custom: 0.5660 - 1s/epoch - 21ms/step
Curriculum: set focal gamma = 1.0000 (epoch 31)
Epoch 31/70
56/56 - 1s - loss: 0.1065 - auc: 0.8419 - val_loss: 0.1754 - val_auc: 0.6585 - val_auc_custom: 0.6767 - val_f1_custom: 0.4337 - val_recall_custom: 0.3396 - 1s/epoch - 21ms/step
Mask config -> mode=soft, threshold=0.6, window_gate=None
Done. Results saved to /home/user/projects/train/model/long_window/CNN_BiLSTM/result_focal_refine/cw02_fg09/01
