2025-09-17 09:24:27.939066: I tensorflow/core/util/port.cc:110] oneDNN custom operations are on. You may see slightly different numerical results due to floating-point round-off errors from different computation orders. To turn them off, set the environment variable `TF_ENABLE_ONEDNN_OPTS=0`.
2025-09-17 09:24:27.968761: I tensorflow/core/platform/cpu_feature_guard.cc:182] This TensorFlow binary is optimized to use available CPU instructions in performance-critical operations.
To enable the following instructions: AVX2 AVX_VNNI FMA, in other operations, rebuild TensorFlow with the appropriate compiler flags.
2025-09-17 09:24:28.377037: W tensorflow/compiler/tf2tensorrt/utils/py_utils.cc:38] TF-TRT Warning: Could not find TensorRT
2025-09-17 09:24:28.765947: I tensorflow/compiler/xla/stream_executor/cuda/cuda_gpu_executor.cc:981] could not open file to read NUMA node: /sys/bus/pci/devices/0000:01:00.0/numa_node
Your kernel may have been built without NUMA support.
2025-09-17 09:24:28.784416: I tensorflow/compiler/xla/stream_executor/cuda/cuda_gpu_executor.cc:981] could not open file to read NUMA node: /sys/bus/pci/devices/0000:01:00.0/numa_node
Your kernel may have been built without NUMA support.
2025-09-17 09:24:28.784506: I tensorflow/compiler/xla/stream_executor/cuda/cuda_gpu_executor.cc:981] could not open file to read NUMA node: /sys/bus/pci/devices/0000:01:00.0/numa_node
Your kernel may have been built without NUMA support.
2025-09-17 09:24:28.785408: I tensorflow/compiler/xla/stream_executor/cuda/cuda_gpu_executor.cc:981] could not open file to read NUMA node: /sys/bus/pci/devices/0000:01:00.0/numa_node
Your kernel may have been built without NUMA support.
2025-09-17 09:24:28.785483: I tensorflow/compiler/xla/stream_executor/cuda/cuda_gpu_executor.cc:981] could not open file to read NUMA node: /sys/bus/pci/devices/0000:01:00.0/numa_node
Your kernel may have been built without NUMA support.
2025-09-17 09:24:28.785506: I tensorflow/compiler/xla/stream_executor/cuda/cuda_gpu_executor.cc:981] could not open file to read NUMA node: /sys/bus/pci/devices/0000:01:00.0/numa_node
Your kernel may have been built without NUMA support.
2025-09-17 09:24:28.879529: I tensorflow/compiler/xla/stream_executor/cuda/cuda_gpu_executor.cc:981] could not open file to read NUMA node: /sys/bus/pci/devices/0000:01:00.0/numa_node
Your kernel may have been built without NUMA support.
2025-09-17 09:24:28.879632: I tensorflow/compiler/xla/stream_executor/cuda/cuda_gpu_executor.cc:981] could not open file to read NUMA node: /sys/bus/pci/devices/0000:01:00.0/numa_node
Your kernel may have been built without NUMA support.
2025-09-17 09:24:28.879641: I tensorflow/core/common_runtime/gpu/gpu_device.cc:1726] Could not identify NUMA node of platform GPU id 0, defaulting to 0.  Your kernel may not have been built with NUMA support.
2025-09-17 09:24:28.879664: I tensorflow/compiler/xla/stream_executor/cuda/cuda_gpu_executor.cc:981] could not open file to read NUMA node: /sys/bus/pci/devices/0000:01:00.0/numa_node
Your kernel may have been built without NUMA support.
2025-09-17 09:24:28.879686: I tensorflow/core/common_runtime/gpu/gpu_device.cc:1639] Created device /job:localhost/replica:0/task:0/device:GPU:0 with 9517 MB memory:  -> device: 0, name: NVIDIA GeForce RTX 4070 SUPER, pci bus id: 0000:01:00.0, compute capability: 8.9
GPU detected: 1 physical, 1 logical -> ['/device:GPU:0']
Config: batch=16, accumulate_steps=8 -> effective_batch=128
Loaded (1276, 36, 75) (1276,)
Using mask channel "occlusion_flag" from long_raw (index 7)
Model: "cnn_bilstm_attn_masked"
__________________________________________________________________________________________________
 Layer (type)                Output Shape                 Param #   Connected to                  
==================================================================================================
 input (InputLayer)          [(None, 36, 75)]             0         []                            
                                                                                                  
 permute_time_features (Per  (None, 75, 36)               0         ['input[0][0]']               
 mute)                                                                                            
                                                                                                  
 conv0 (Conv1D)              (None, 75, 64)               6976      ['permute_time_features[0][0]'
                                                                    ]                             
                                                                                                  
 bn0 (BatchNormalization)    (None, 75, 64)               256       ['conv0[0][0]']               
                                                                                                  
 act0 (Activation)           (None, 75, 64)               0         ['bn0[0][0]']                 
                                                                                                  
 conv_dropout0 (Dropout)     (None, 75, 64)               0         ['act0[0][0]']                
                                                                                                  
 conv1 (Conv1D)              (None, 75, 64)               20544     ['conv_dropout0[0][0]']       
                                                                                                  
 bn1 (BatchNormalization)    (None, 75, 64)               256       ['conv1[0][0]']               
                                                                                                  
 act1 (Activation)           (None, 75, 64)               0         ['bn1[0][0]']                 
                                                                                                  
 conv_dropout1 (Dropout)     (None, 75, 64)               0         ['act1[0][0]']                
                                                                                                  
 conv2 (Conv1D)              (None, 75, 64)               12352     ['conv_dropout1[0][0]']       
                                                                                                  
 bn2 (BatchNormalization)    (None, 75, 64)               256       ['conv2[0][0]']               
                                                                                                  
 act2 (Activation)           (None, 75, 64)               0         ['bn2[0][0]']                 
                                                                                                  
 conv_dropout2 (Dropout)     (None, 75, 64)               0         ['act2[0][0]']                
                                                                                                  
 bilstm (Bidirectional)      (None, 75, 128)              66048     ['conv_dropout2[0][0]']       
                                                                                                  
 mlp_attn_u (Dense)          (None, 75, 32)               4128      ['bilstm[0][0]']              
                                                                                                  
 mlp_attn_score (Dense)      (None, 75, 1)                33        ['mlp_attn_u[0][0]']          
                                                                                                  
 mlp_attn_squeeze (Lambda)   (None, 75)                   0         ['mlp_attn_score[0][0]']      
                                                                                                  
 attn_mask (InputLayer)      [(None, 75)]                 0         []                            
                                                                                                  
 mlp_attn_apply_mask (Lambd  (None, 75)                   0         ['mlp_attn_squeeze[0][0]',    
 a)                                                                  'attn_mask[0][0]']           
                                                                                                  
 mlp_attn_softmax (Lambda)   (None, 75)                   0         ['mlp_attn_apply_mask[0][0]'] 
                                                                                                  
 mlp_attn_expand (Lambda)    (None, 75, 1)                0         ['mlp_attn_softmax[0][0]']    
                                                                                                  
 mlp_attn_weighted (Lambda)  (None, 128)                  0         ['bilstm[0][0]',              
                                                                     'mlp_attn_expand[0][0]']     
                                                                                                  
 fc1 (Dense)                 (None, 64)                   8256      ['mlp_attn_weighted[0][0]']   
                                                                                                  
 fc_dropout (Dropout)        (None, 64)                   0         ['fc1[0][0]']                 
                                                                                                  
 out (Dense)                 (None, 1)                    65        ['fc_dropout[0][0]']          
                                                                                                  
==================================================================================================
Total params: 119171 (465.51 KB)
Trainable params: 118786 (464.01 KB)
Non-trainable params: 385 (1.50 KB)
__________________________________________________________________________________________________
None
Writing results to /home/user/projects/train/model/long_window/CNN_BiLSTM/result_focal_refine/cw08_fg07/01
Curriculum: set focal gamma = 0.0000 (epoch 1)
Epoch 1/70
2025-09-17 09:24:33.350193: I tensorflow/compiler/xla/stream_executor/cuda/cuda_dnn.cc:432] Loaded cuDNN version 8600
2025-09-17 09:24:33.437093: I tensorflow/tsl/platform/default/subprocess.cc:304] Start cannot spawn child process: No such file or directory
2025-09-17 09:24:33.564776: I tensorflow/compiler/xla/stream_executor/cuda/cuda_blas.cc:606] TensorFloat-32 will be used for the matrix multiplication. This will only be logged once.
2025-09-17 09:24:33.885627: I tensorflow/compiler/xla/service/service.cc:168] XLA service 0x5a47f3a14230 initialized for platform CUDA (this does not guarantee that XLA will be used). Devices:
2025-09-17 09:24:33.885678: I tensorflow/compiler/xla/service/service.cc:176]   StreamExecutor device (0): NVIDIA GeForce RTX 4070 SUPER, Compute Capability 8.9
2025-09-17 09:24:33.889890: I tensorflow/compiler/mlir/tensorflow/utils/dump_mlir_util.cc:255] disabling MLIR crash reproducer, set env var `MLIR_CRASH_REPRODUCER_DIRECTORY` to enable.
2025-09-17 09:24:33.951649: I tensorflow/tsl/platform/default/subprocess.cc:304] Start cannot spawn child process: No such file or directory
2025-09-17 09:24:33.988942: I ./tensorflow/compiler/jit/device_compiler.h:186] Compiled cluster using XLA!  This line is logged at most once for the lifetime of the process.
56/56 - 7s - loss: 0.3495 - auc: 0.5118 - val_loss: 0.3407 - val_auc: 0.5470 - val_auc_custom: 0.5502 - val_f1_custom: 0.0000e+00 - val_recall_custom: 0.0000e+00 - 7s/epoch - 119ms/step
Curriculum: set focal gamma = 0.0737 (epoch 2)
Epoch 2/70
56/56 - 1s - loss: 0.2909 - auc: 0.5219 - val_loss: 0.2930 - val_auc: 0.5670 - val_auc_custom: 0.5655 - val_f1_custom: 0.0000e+00 - val_recall_custom: 0.0000e+00 - 1s/epoch - 22ms/step
Curriculum: set focal gamma = 0.1474 (epoch 3)
Epoch 3/70
56/56 - 1s - loss: 0.2661 - auc: 0.5691 - val_loss: 0.2656 - val_auc: 0.5881 - val_auc_custom: 0.5927 - val_f1_custom: 0.0000e+00 - val_recall_custom: 0.0000e+00 - 1s/epoch - 22ms/step
Curriculum: set focal gamma = 0.2211 (epoch 4)
Epoch 4/70
56/56 - 1s - loss: 0.2511 - auc: 0.6093 - val_loss: 0.2492 - val_auc: 0.6255 - val_auc_custom: 0.6231 - val_f1_custom: 0.0000e+00 - val_recall_custom: 0.0000e+00 - 1s/epoch - 22ms/step
Curriculum: set focal gamma = 0.2947 (epoch 5)
Epoch 5/70
56/56 - 1s - loss: 0.2359 - auc: 0.6086 - val_loss: 0.2372 - val_auc: 0.6197 - val_auc_custom: 0.6214 - val_f1_custom: 0.0000e+00 - val_recall_custom: 0.0000e+00 - 1s/epoch - 20ms/step
Curriculum: set focal gamma = 0.3684 (epoch 6)
Epoch 6/70
56/56 - 1s - loss: 0.2195 - auc: 0.6480 - val_loss: 0.2244 - val_auc: 0.6201 - val_auc_custom: 0.6201 - val_f1_custom: 0.1667 - val_recall_custom: 0.0943 - 1s/epoch - 21ms/step
Curriculum: set focal gamma = 0.4421 (epoch 7)
Epoch 7/70
56/56 - 1s - loss: 0.2071 - auc: 0.6589 - val_loss: 0.2128 - val_auc: 0.6226 - val_auc_custom: 0.6226 - val_f1_custom: 0.1667 - val_recall_custom: 0.0943 - 1s/epoch - 20ms/step
Curriculum: set focal gamma = 0.5158 (epoch 8)
Epoch 8/70
56/56 - 1s - loss: 0.1942 - auc: 0.6768 - val_loss: 0.2025 - val_auc: 0.6275 - val_auc_custom: 0.6267 - val_f1_custom: 0.1724 - val_recall_custom: 0.0943 - 1s/epoch - 22ms/step
Curriculum: set focal gamma = 0.5895 (epoch 9)
Epoch 9/70
56/56 - 1s - loss: 0.1854 - auc: 0.6700 - val_loss: 0.1912 - val_auc: 0.6345 - val_auc_custom: 0.6362 - val_f1_custom: 0.1967 - val_recall_custom: 0.1132 - 1s/epoch - 21ms/step
Curriculum: set focal gamma = 0.6632 (epoch 10)
Epoch 10/70
56/56 - 1s - loss: 0.1747 - auc: 0.6803 - val_loss: 0.1808 - val_auc: 0.6458 - val_auc_custom: 0.6455 - val_f1_custom: 0.2424 - val_recall_custom: 0.1509 - 1s/epoch - 21ms/step
Curriculum: set focal gamma = 0.7368 (epoch 11)
Epoch 11/70
56/56 - 1s - loss: 0.1654 - auc: 0.6810 - val_loss: 0.1729 - val_auc: 0.6463 - val_auc_custom: 0.6473 - val_f1_custom: 0.2941 - val_recall_custom: 0.1887 - 1s/epoch - 21ms/step
Curriculum: set focal gamma = 0.8105 (epoch 12)
Epoch 12/70
56/56 - 1s - loss: 0.1552 - auc: 0.6994 - val_loss: 0.1626 - val_auc: 0.6567 - val_auc_custom: 0.6574 - val_f1_custom: 0.3188 - val_recall_custom: 0.2075 - 1s/epoch - 21ms/step
Curriculum: set focal gamma = 0.8842 (epoch 13)
Epoch 13/70
56/56 - 1s - loss: 0.1487 - auc: 0.6933 - val_loss: 0.1523 - val_auc: 0.6693 - val_auc_custom: 0.6702 - val_f1_custom: 0.2941 - val_recall_custom: 0.1887 - 1s/epoch - 21ms/step
Curriculum: set focal gamma = 0.9579 (epoch 14)
Epoch 14/70
56/56 - 1s - loss: 0.1380 - auc: 0.7187 - val_loss: 0.1455 - val_auc: 0.6803 - val_auc_custom: 0.6797 - val_f1_custom: 0.3056 - val_recall_custom: 0.2075 - 1s/epoch - 21ms/step
Curriculum: set focal gamma = 1.0316 (epoch 15)
Epoch 15/70
56/56 - 1s - loss: 0.1297 - auc: 0.7299 - val_loss: 0.1400 - val_auc: 0.6870 - val_auc_custom: 0.6881 - val_f1_custom: 0.3750 - val_recall_custom: 0.2830 - 1s/epoch - 22ms/step
Curriculum: set focal gamma = 1.1053 (epoch 16)
Epoch 16/70
56/56 - 1s - loss: 0.1224 - auc: 0.7460 - val_loss: 0.1309 - val_auc: 0.6980 - val_auc_custom: 0.6986 - val_f1_custom: 0.3158 - val_recall_custom: 0.2264 - 1s/epoch - 22ms/step
Curriculum: set focal gamma = 1.1789 (epoch 17)
Epoch 17/70
56/56 - 1s - loss: 0.1147 - auc: 0.7577 - val_loss: 0.1231 - val_auc: 0.7158 - val_auc_custom: 0.7160 - val_f1_custom: 0.3636 - val_recall_custom: 0.2642 - 1s/epoch - 22ms/step
Curriculum: set focal gamma = 1.2526 (epoch 18)
Epoch 18/70
56/56 - 1s - loss: 0.1065 - auc: 0.7729 - val_loss: 0.1201 - val_auc: 0.7050 - val_auc_custom: 0.7069 - val_f1_custom: 0.4941 - val_recall_custom: 0.3962 - 1s/epoch - 21ms/step
Curriculum: set focal gamma = 1.3263 (epoch 19)
Epoch 19/70
56/56 - 1s - loss: 0.1025 - auc: 0.7632 - val_loss: 0.1164 - val_auc: 0.7109 - val_auc_custom: 0.7104 - val_f1_custom: 0.5111 - val_recall_custom: 0.4340 - 1s/epoch - 20ms/step
Curriculum: set focal gamma = 1.4000 (epoch 20)
Epoch 20/70
56/56 - 1s - loss: 0.0939 - auc: 0.7867 - val_loss: 0.1092 - val_auc: 0.7117 - val_auc_custom: 0.7107 - val_f1_custom: 0.5000 - val_recall_custom: 0.4151 - 1s/epoch - 20ms/step
Curriculum: set focal gamma = 1.4000 (epoch 21)
Epoch 21/70
56/56 - 1s - loss: 0.0931 - auc: 0.7886 - val_loss: 0.1114 - val_auc: 0.7182 - val_auc_custom: 0.7177 - val_f1_custom: 0.5591 - val_recall_custom: 0.4906 - 1s/epoch - 21ms/step
Curriculum: set focal gamma = 1.4000 (epoch 22)
Epoch 22/70
56/56 - 1s - loss: 0.0932 - auc: 0.7921 - val_loss: 0.1068 - val_auc: 0.7332 - val_auc_custom: 0.7323 - val_f1_custom: 0.5778 - val_recall_custom: 0.4906 - 1s/epoch - 22ms/step
Curriculum: set focal gamma = 1.4000 (epoch 23)
Epoch 23/70
56/56 - 1s - loss: 0.0893 - auc: 0.8169 - val_loss: 0.1153 - val_auc: 0.7213 - val_auc_custom: 0.7218 - val_f1_custom: 0.6019 - val_recall_custom: 0.5849 - 1s/epoch - 20ms/step
Curriculum: set focal gamma = 1.4000 (epoch 24)
Epoch 24/70
56/56 - 1s - loss: 0.0897 - auc: 0.8161 - val_loss: 0.1169 - val_auc: 0.7210 - val_auc_custom: 0.7197 - val_f1_custom: 0.5882 - val_recall_custom: 0.5660 - 1s/epoch - 21ms/step
Curriculum: set focal gamma = 1.4000 (epoch 25)
Epoch 25/70
56/56 - 1s - loss: 0.0875 - auc: 0.8227 - val_loss: 0.1179 - val_auc: 0.7128 - val_auc_custom: 0.7122 - val_f1_custom: 0.5981 - val_recall_custom: 0.6038 - 1s/epoch - 21ms/step
Curriculum: set focal gamma = 1.4000 (epoch 26)
Epoch 26/70
56/56 - 1s - loss: 0.0865 - auc: 0.8319 - val_loss: 0.1152 - val_auc: 0.7323 - val_auc_custom: 0.7313 - val_f1_custom: 0.6154 - val_recall_custom: 0.6038 - 1s/epoch - 21ms/step
Curriculum: set focal gamma = 1.4000 (epoch 27)
Epoch 27/70
56/56 - 1s - loss: 0.0848 - auc: 0.8381 - val_loss: 0.1276 - val_auc: 0.7301 - val_auc_custom: 0.7313 - val_f1_custom: 0.6441 - val_recall_custom: 0.7170 - 1s/epoch - 20ms/step
Curriculum: set focal gamma = 1.4000 (epoch 28)
Epoch 28/70
56/56 - 1s - loss: 0.0815 - auc: 0.8521 - val_loss: 0.1240 - val_auc: 0.7303 - val_auc_custom: 0.7288 - val_f1_custom: 0.6355 - val_recall_custom: 0.6415 - 1s/epoch - 21ms/step
Curriculum: set focal gamma = 1.4000 (epoch 29)
Epoch 29/70
56/56 - 1s - loss: 0.0805 - auc: 0.8589 - val_loss: 0.1361 - val_auc: 0.7035 - val_auc_custom: 0.7036 - val_f1_custom: 0.6167 - val_recall_custom: 0.6981 - 1s/epoch - 22ms/step
Curriculum: set focal gamma = 1.4000 (epoch 30)
Epoch 30/70
56/56 - 1s - loss: 0.0805 - auc: 0.8524 - val_loss: 0.1164 - val_auc: 0.7492 - val_auc_custom: 0.7497 - val_f1_custom: 0.6476 - val_recall_custom: 0.6415 - 1s/epoch - 22ms/step
Curriculum: set focal gamma = 1.4000 (epoch 31)
Epoch 31/70
56/56 - 1s - loss: 0.0812 - auc: 0.8498 - val_loss: 0.1411 - val_auc: 0.7231 - val_auc_custom: 0.7235 - val_f1_custom: 0.6281 - val_recall_custom: 0.7170 - 1s/epoch - 20ms/step
Curriculum: set focal gamma = 1.4000 (epoch 32)
Epoch 32/70
56/56 - 1s - loss: 0.0819 - auc: 0.8484 - val_loss: 0.1218 - val_auc: 0.7275 - val_auc_custom: 0.7283 - val_f1_custom: 0.6296 - val_recall_custom: 0.6415 - 1s/epoch - 21ms/step
Curriculum: set focal gamma = 1.4000 (epoch 33)
Epoch 33/70
56/56 - 1s - loss: 0.0787 - auc: 0.8651 - val_loss: 0.1390 - val_auc: 0.7094 - val_auc_custom: 0.7089 - val_f1_custom: 0.6441 - val_recall_custom: 0.7170 - 1s/epoch - 21ms/step
Curriculum: set focal gamma = 1.4000 (epoch 34)
Epoch 34/70
56/56 - 1s - loss: 0.0770 - auc: 0.8675 - val_loss: 0.1253 - val_auc: 0.7182 - val_auc_custom: 0.7187 - val_f1_custom: 0.5849 - val_recall_custom: 0.5849 - 1s/epoch - 21ms/step
Curriculum: set focal gamma = 1.4000 (epoch 35)
Epoch 35/70
56/56 - 1s - loss: 0.0749 - auc: 0.8774 - val_loss: 0.1441 - val_auc: 0.7189 - val_auc_custom: 0.7192 - val_f1_custom: 0.6066 - val_recall_custom: 0.6981 - 1s/epoch - 20ms/step
Curriculum: set focal gamma = 1.4000 (epoch 36)
Epoch 36/70
56/56 - 1s - loss: 0.0735 - auc: 0.8794 - val_loss: 0.1326 - val_auc: 0.7333 - val_auc_custom: 0.7336 - val_f1_custom: 0.6296 - val_recall_custom: 0.6415 - 1s/epoch - 20ms/step
Curriculum: set focal gamma = 1.4000 (epoch 37)
Epoch 37/70
56/56 - 1s - loss: 0.0727 - auc: 0.8832 - val_loss: 0.1360 - val_auc: 0.7213 - val_auc_custom: 0.7213 - val_f1_custom: 0.5849 - val_recall_custom: 0.5849 - 1s/epoch - 19ms/step
Curriculum: set focal gamma = 1.4000 (epoch 38)
Epoch 38/70
56/56 - 1s - loss: 0.0691 - auc: 0.8968 - val_loss: 0.1516 - val_auc: 0.7096 - val_auc_custom: 0.7104 - val_f1_custom: 0.5789 - val_recall_custom: 0.6226 - 1s/epoch - 20ms/step
Curriculum: set focal gamma = 1.4000 (epoch 39)
Epoch 39/70
56/56 - 1s - loss: 0.0709 - auc: 0.8859 - val_loss: 0.1386 - val_auc: 0.7431 - val_auc_custom: 0.7434 - val_f1_custom: 0.6018 - val_recall_custom: 0.6415 - 1s/epoch - 20ms/step
Curriculum: set focal gamma = 1.4000 (epoch 40)
Epoch 40/70
56/56 - 1s - loss: 0.0694 - auc: 0.9008 - val_loss: 0.1463 - val_auc: 0.7387 - val_auc_custom: 0.7497 - val_f1_custom: 0.6476 - val_recall_custom: 0.6415 - 1s/epoch - 20ms/step
Mask config -> mode=soft, threshold=0.6, window_gate=None
Done. Results saved to /home/user/projects/train/model/long_window/CNN_BiLSTM/result_focal_refine/cw08_fg07/01
