2025-09-16 19:58:38.427525: I tensorflow/core/util/port.cc:110] oneDNN custom operations are on. You may see slightly different numerical results due to floating-point round-off errors from different computation orders. To turn them off, set the environment variable `TF_ENABLE_ONEDNN_OPTS=0`.
2025-09-16 19:58:38.700962: I tensorflow/core/platform/cpu_feature_guard.cc:182] This TensorFlow binary is optimized to use available CPU instructions in performance-critical operations.
To enable the following instructions: AVX2 AVX_VNNI FMA, in other operations, rebuild TensorFlow with the appropriate compiler flags.
2025-09-16 19:58:39.545765: W tensorflow/compiler/tf2tensorrt/utils/py_utils.cc:38] TF-TRT Warning: Could not find TensorRT
2025-09-16 19:58:40.463036: I tensorflow/compiler/xla/stream_executor/cuda/cuda_gpu_executor.cc:981] could not open file to read NUMA node: /sys/bus/pci/devices/0000:01:00.0/numa_node
Your kernel may have been built without NUMA support.
2025-09-16 19:58:40.609949: I tensorflow/compiler/xla/stream_executor/cuda/cuda_gpu_executor.cc:981] could not open file to read NUMA node: /sys/bus/pci/devices/0000:01:00.0/numa_node
Your kernel may have been built without NUMA support.
2025-09-16 19:58:40.610060: I tensorflow/compiler/xla/stream_executor/cuda/cuda_gpu_executor.cc:981] could not open file to read NUMA node: /sys/bus/pci/devices/0000:01:00.0/numa_node
Your kernel may have been built without NUMA support.
2025-09-16 19:58:40.612913: I tensorflow/compiler/xla/stream_executor/cuda/cuda_gpu_executor.cc:981] could not open file to read NUMA node: /sys/bus/pci/devices/0000:01:00.0/numa_node
Your kernel may have been built without NUMA support.
2025-09-16 19:58:40.613002: I tensorflow/compiler/xla/stream_executor/cuda/cuda_gpu_executor.cc:981] could not open file to read NUMA node: /sys/bus/pci/devices/0000:01:00.0/numa_node
Your kernel may have been built without NUMA support.
2025-09-16 19:58:40.613026: I tensorflow/compiler/xla/stream_executor/cuda/cuda_gpu_executor.cc:981] could not open file to read NUMA node: /sys/bus/pci/devices/0000:01:00.0/numa_node
Your kernel may have been built without NUMA support.
2025-09-16 19:58:40.765443: I tensorflow/compiler/xla/stream_executor/cuda/cuda_gpu_executor.cc:981] could not open file to read NUMA node: /sys/bus/pci/devices/0000:01:00.0/numa_node
Your kernel may have been built without NUMA support.
2025-09-16 19:58:40.765573: I tensorflow/compiler/xla/stream_executor/cuda/cuda_gpu_executor.cc:981] could not open file to read NUMA node: /sys/bus/pci/devices/0000:01:00.0/numa_node
Your kernel may have been built without NUMA support.
2025-09-16 19:58:40.765597: I tensorflow/core/common_runtime/gpu/gpu_device.cc:1726] Could not identify NUMA node of platform GPU id 0, defaulting to 0.  Your kernel may not have been built with NUMA support.
2025-09-16 19:58:40.765633: I tensorflow/compiler/xla/stream_executor/cuda/cuda_gpu_executor.cc:981] could not open file to read NUMA node: /sys/bus/pci/devices/0000:01:00.0/numa_node
Your kernel may have been built without NUMA support.
2025-09-16 19:58:40.765681: I tensorflow/core/common_runtime/gpu/gpu_device.cc:1639] Created device /job:localhost/replica:0/task:0/device:GPU:0 with 9517 MB memory:  -> device: 0, name: NVIDIA GeForce RTX 4070 SUPER, pci bus id: 0000:01:00.0, compute capability: 8.9
GPU detected: 1 physical, 1 logical -> ['/device:GPU:0']
Config: batch=16, accumulate_steps=8 -> effective_batch=128
Loaded (1276, 36, 75) (1276,)
Using mask channel "occlusion_flag" from long_raw (index 7)
Model: "cnn_bilstm_attn_masked"
__________________________________________________________________________________________________
 Layer (type)                Output Shape                 Param #   Connected to                  
==================================================================================================
 input (InputLayer)          [(None, 36, 75)]             0         []                            
                                                                                                  
 permute_time_features (Per  (None, 75, 36)               0         ['input[0][0]']               
 mute)                                                                                            
                                                                                                  
 conv0 (Conv1D)              (None, 75, 64)               6976      ['permute_time_features[0][0]'
                                                                    ]                             
                                                                                                  
 bn0 (BatchNormalization)    (None, 75, 64)               256       ['conv0[0][0]']               
                                                                                                  
 act0 (Activation)           (None, 75, 64)               0         ['bn0[0][0]']                 
                                                                                                  
 conv_dropout0 (Dropout)     (None, 75, 64)               0         ['act0[0][0]']                
                                                                                                  
 conv1 (Conv1D)              (None, 75, 64)               20544     ['conv_dropout0[0][0]']       
                                                                                                  
 bn1 (BatchNormalization)    (None, 75, 64)               256       ['conv1[0][0]']               
                                                                                                  
 act1 (Activation)           (None, 75, 64)               0         ['bn1[0][0]']                 
                                                                                                  
 conv_dropout1 (Dropout)     (None, 75, 64)               0         ['act1[0][0]']                
                                                                                                  
 conv2 (Conv1D)              (None, 75, 64)               12352     ['conv_dropout1[0][0]']       
                                                                                                  
 bn2 (BatchNormalization)    (None, 75, 64)               256       ['conv2[0][0]']               
                                                                                                  
 act2 (Activation)           (None, 75, 64)               0         ['bn2[0][0]']                 
                                                                                                  
 conv_dropout2 (Dropout)     (None, 75, 64)               0         ['act2[0][0]']                
                                                                                                  
 bilstm (Bidirectional)      (None, 75, 128)              66048     ['conv_dropout2[0][0]']       
                                                                                                  
 mlp_attn_u (Dense)          (None, 75, 32)               4128      ['bilstm[0][0]']              
                                                                                                  
 mlp_attn_score (Dense)      (None, 75, 1)                33        ['mlp_attn_u[0][0]']          
                                                                                                  
 mlp_attn_squeeze (Lambda)   (None, 75)                   0         ['mlp_attn_score[0][0]']      
                                                                                                  
 attn_mask (InputLayer)      [(None, 75)]                 0         []                            
                                                                                                  
 mlp_attn_apply_mask (Lambd  (None, 75)                   0         ['mlp_attn_squeeze[0][0]',    
 a)                                                                  'attn_mask[0][0]']           
                                                                                                  
 mlp_attn_softmax (Lambda)   (None, 75)                   0         ['mlp_attn_apply_mask[0][0]'] 
                                                                                                  
 mlp_attn_expand (Lambda)    (None, 75, 1)                0         ['mlp_attn_softmax[0][0]']    
                                                                                                  
 mlp_attn_weighted (Lambda)  (None, 128)                  0         ['bilstm[0][0]',              
                                                                     'mlp_attn_expand[0][0]']     
                                                                                                  
 fc1 (Dense)                 (None, 64)                   8256      ['mlp_attn_weighted[0][0]']   
                                                                                                  
 fc_dropout (Dropout)        (None, 64)                   0         ['fc1[0][0]']                 
                                                                                                  
 out (Dense)                 (None, 1)                    65        ['fc_dropout[0][0]']          
                                                                                                  
==================================================================================================
Total params: 119171 (465.51 KB)
Trainable params: 118786 (464.01 KB)
Non-trainable params: 385 (1.50 KB)
__________________________________________________________________________________________________
None
Writing results to /home/user/projects/train/model/long_window/CNN_BiLSTM/result_mask_sweep/run_01/02
Curriculum: set focal gamma = 0.0000 (epoch 1)
Epoch 1/50
2025-09-16 19:58:46.120117: I tensorflow/compiler/xla/stream_executor/cuda/cuda_dnn.cc:432] Loaded cuDNN version 8600
2025-09-16 19:58:46.394116: I tensorflow/tsl/platform/default/subprocess.cc:304] Start cannot spawn child process: No such file or directory
2025-09-16 19:58:46.668970: I tensorflow/compiler/xla/stream_executor/cuda/cuda_blas.cc:606] TensorFloat-32 will be used for the matrix multiplication. This will only be logged once.
2025-09-16 19:58:47.197741: I tensorflow/compiler/xla/service/service.cc:168] XLA service 0x580621a1dc40 initialized for platform CUDA (this does not guarantee that XLA will be used). Devices:
2025-09-16 19:58:47.197797: I tensorflow/compiler/xla/service/service.cc:176]   StreamExecutor device (0): NVIDIA GeForce RTX 4070 SUPER, Compute Capability 8.9
2025-09-16 19:58:47.238699: I tensorflow/compiler/mlir/tensorflow/utils/dump_mlir_util.cc:255] disabling MLIR crash reproducer, set env var `MLIR_CRASH_REPRODUCER_DIRECTORY` to enable.
2025-09-16 19:58:47.417074: I tensorflow/tsl/platform/default/subprocess.cc:304] Start cannot spawn child process: No such file or directory
2025-09-16 19:58:47.475608: I ./tensorflow/compiler/jit/device_compiler.h:186] Compiled cluster using XLA!  This line is logged at most once for the lifetime of the process.
56/56 - 8s - loss: 0.3275 - auc: 0.5255 - val_loss: 0.3250 - val_auc: 0.5223 - val_auc_custom: 0.5000 - val_f1_custom: 0.0000e+00 - val_recall_custom: 0.0000e+00 - 8s/epoch - 151ms/step
Curriculum: set focal gamma = 0.0789 (epoch 2)
Epoch 2/50
56/56 - 1s - loss: 0.2571 - auc: 0.5334 - val_loss: 0.2574 - val_auc: 0.5474 - val_auc_custom: 0.5000 - val_f1_custom: 0.0000e+00 - val_recall_custom: 0.0000e+00 - 1s/epoch - 22ms/step
Curriculum: set focal gamma = 0.1579 (epoch 3)
Epoch 3/50
56/56 - 1s - loss: 0.2352 - auc: 0.5717 - val_loss: 0.2340 - val_auc: 0.5784 - val_auc_custom: 0.5000 - val_f1_custom: 0.0000e+00 - val_recall_custom: 0.0000e+00 - 1s/epoch - 23ms/step
Curriculum: set focal gamma = 0.2368 (epoch 4)
Epoch 4/50
56/56 - 1s - loss: 0.2230 - auc: 0.5949 - val_loss: 0.2205 - val_auc: 0.5913 - val_auc_custom: 0.5000 - val_f1_custom: 0.0000e+00 - val_recall_custom: 0.0000e+00 - 1s/epoch - 23ms/step
Curriculum: set focal gamma = 0.3158 (epoch 5)
Epoch 5/50
56/56 - 1s - loss: 0.2051 - auc: 0.6188 - val_loss: 0.2082 - val_auc: 0.5938 - val_auc_custom: 0.5000 - val_f1_custom: 0.0000e+00 - val_recall_custom: 0.0000e+00 - 1s/epoch - 23ms/step
Curriculum: set focal gamma = 0.3947 (epoch 6)
Epoch 6/50
56/56 - 1s - loss: 0.1897 - auc: 0.6650 - val_loss: 0.1981 - val_auc: 0.5972 - val_auc_custom: 0.5000 - val_f1_custom: 0.0000e+00 - val_recall_custom: 0.0000e+00 - 1s/epoch - 24ms/step
Curriculum: set focal gamma = 0.4737 (epoch 7)
Epoch 7/50
56/56 - 1s - loss: 0.1771 - auc: 0.6767 - val_loss: 0.1882 - val_auc: 0.5971 - val_auc_custom: 0.5000 - val_f1_custom: 0.0000e+00 - val_recall_custom: 0.0000e+00 - 1s/epoch - 21ms/step
Curriculum: set focal gamma = 0.5526 (epoch 8)
Epoch 8/50
56/56 - 1s - loss: 0.1694 - auc: 0.6646 - val_loss: 0.1790 - val_auc: 0.5979 - val_auc_custom: 0.5000 - val_f1_custom: 0.0000e+00 - val_recall_custom: 0.0000e+00 - 1s/epoch - 23ms/step
Curriculum: set focal gamma = 0.6316 (epoch 9)
Epoch 9/50
56/56 - 1s - loss: 0.1602 - auc: 0.6695 - val_loss: 0.1696 - val_auc: 0.6010 - val_auc_custom: 0.5000 - val_f1_custom: 0.0000e+00 - val_recall_custom: 0.0000e+00 - 1s/epoch - 22ms/step
Curriculum: set focal gamma = 0.7105 (epoch 10)
Epoch 10/50
56/56 - 1s - loss: 0.1532 - auc: 0.6617 - val_loss: 0.1595 - val_auc: 0.6145 - val_auc_custom: 0.5000 - val_f1_custom: 0.0000e+00 - val_recall_custom: 0.0000e+00 - 1s/epoch - 22ms/step
Curriculum: set focal gamma = 0.7895 (epoch 11)
Epoch 11/50
56/56 - 1s - loss: 0.1429 - auc: 0.6766 - val_loss: 0.1503 - val_auc: 0.6238 - val_auc_custom: 0.5000 - val_f1_custom: 0.0000e+00 - val_recall_custom: 0.0000e+00 - 1s/epoch - 24ms/step
Curriculum: set focal gamma = 0.8684 (epoch 12)
Epoch 12/50
56/56 - 1s - loss: 0.1338 - auc: 0.6929 - val_loss: 0.1419 - val_auc: 0.6333 - val_auc_custom: 0.5000 - val_f1_custom: 0.0000e+00 - val_recall_custom: 0.0000e+00 - 1s/epoch - 24ms/step
Curriculum: set focal gamma = 0.9474 (epoch 13)
Epoch 13/50
56/56 - 1s - loss: 0.1267 - auc: 0.6920 - val_loss: 0.1344 - val_auc: 0.6384 - val_auc_custom: 0.5000 - val_f1_custom: 0.0000e+00 - val_recall_custom: 0.0000e+00 - 1s/epoch - 25ms/step
Curriculum: set focal gamma = 1.0263 (epoch 14)
Epoch 14/50
56/56 - 1s - loss: 0.1211 - auc: 0.6919 - val_loss: 0.1274 - val_auc: 0.6463 - val_auc_custom: 0.5000 - val_f1_custom: 0.0000e+00 - val_recall_custom: 0.0000e+00 - 1s/epoch - 24ms/step
Curriculum: set focal gamma = 1.1053 (epoch 15)
Epoch 15/50
56/56 - 1s - loss: 0.1140 - auc: 0.7017 - val_loss: 0.1203 - val_auc: 0.6540 - val_auc_custom: 0.5000 - val_f1_custom: 0.0000e+00 - val_recall_custom: 0.0000e+00 - 1s/epoch - 26ms/step
Curriculum: set focal gamma = 1.1842 (epoch 16)
Epoch 16/50
56/56 - -1s - loss: 0.1059 - auc: 0.7262 - val_loss: 0.1140 - val_auc: 0.6575 - val_auc_custom: 0.5000 - val_f1_custom: 0.0000e+00 - val_recall_custom: 0.0000e+00 - -1442883us/epoch - -25766us/step
Curriculum: set focal gamma = 1.2632 (epoch 17)
Epoch 17/50
56/56 - 1s - loss: 0.0970 - auc: 0.7584 - val_loss: 0.1083 - val_auc: 0.6650 - val_auc_custom: 0.5000 - val_f1_custom: 0.0000e+00 - val_recall_custom: 0.0000e+00 - 1s/epoch - 24ms/step
Curriculum: set focal gamma = 1.3421 (epoch 18)
Epoch 18/50
56/56 - 1s - loss: 0.0927 - auc: 0.7464 - val_loss: 0.1029 - val_auc: 0.6721 - val_auc_custom: 0.5000 - val_f1_custom: 0.0000e+00 - val_recall_custom: 0.0000e+00 - 1s/epoch - 24ms/step
Curriculum: set focal gamma = 1.4211 (epoch 19)
Epoch 19/50
56/56 - 1s - loss: 0.0877 - auc: 0.7507 - val_loss: 0.0966 - val_auc: 0.6860 - val_auc_custom: 0.5000 - val_f1_custom: 0.0000e+00 - val_recall_custom: 0.0000e+00 - 1s/epoch - 23ms/step
Curriculum: set focal gamma = 1.5000 (epoch 20)
Epoch 20/50
56/56 - 1s - loss: 0.0816 - auc: 0.7692 - val_loss: 0.0909 - val_auc: 0.6901 - val_auc_custom: 0.5000 - val_f1_custom: 0.0000e+00 - val_recall_custom: 0.0000e+00 - 1s/epoch - 24ms/step
Curriculum: set focal gamma = 1.5000 (epoch 21)
Epoch 21/50
56/56 - 1s - loss: 0.0819 - auc: 0.7645 - val_loss: 0.0897 - val_auc: 0.6965 - val_auc_custom: 0.5000 - val_f1_custom: 0.0000e+00 - val_recall_custom: 0.0000e+00 - 1s/epoch - 25ms/step
Curriculum: set focal gamma = 1.5000 (epoch 22)
Epoch 22/50
56/56 - 1s - loss: 0.0808 - auc: 0.7775 - val_loss: 0.0896 - val_auc: 0.7014 - val_auc_custom: 0.5000 - val_f1_custom: 0.0000e+00 - val_recall_custom: 0.0000e+00 - 1s/epoch - 24ms/step
Curriculum: set focal gamma = 1.5000 (epoch 23)
Epoch 23/50
56/56 - 1s - loss: 0.0784 - auc: 0.7917 - val_loss: 0.0918 - val_auc: 0.7036 - val_auc_custom: 0.5000 - val_f1_custom: 0.0000e+00 - val_recall_custom: 0.0000e+00 - 1s/epoch - 23ms/step
Curriculum: set focal gamma = 1.5000 (epoch 24)
Epoch 24/50
56/56 - 1s - loss: 0.0776 - auc: 0.7975 - val_loss: 0.0940 - val_auc: 0.7009 - val_auc_custom: 0.5000 - val_f1_custom: 0.0000e+00 - val_recall_custom: 0.0000e+00 - 1s/epoch - 22ms/step
Curriculum: set focal gamma = 1.5000 (epoch 25)
Epoch 25/50
56/56 - 1s - loss: 0.0762 - auc: 0.8090 - val_loss: 0.0905 - val_auc: 0.7087 - val_auc_custom: 0.5000 - val_f1_custom: 0.0000e+00 - val_recall_custom: 0.0000e+00 - 1s/epoch - 24ms/step
Curriculum: set focal gamma = 1.5000 (epoch 26)
Epoch 26/50
56/56 - 1s - loss: 0.0754 - auc: 0.8121 - val_loss: 0.0907 - val_auc: 0.7175 - val_auc_custom: 0.5000 - val_f1_custom: 0.0000e+00 - val_recall_custom: 0.0000e+00 - 1s/epoch - 23ms/step
Curriculum: set focal gamma = 1.5000 (epoch 27)
Epoch 27/50
56/56 - 1s - loss: 0.0754 - auc: 0.8136 - val_loss: 0.0952 - val_auc: 0.6992 - val_auc_custom: 0.5000 - val_f1_custom: 0.0000e+00 - val_recall_custom: 0.0000e+00 - 1s/epoch - 22ms/step
Curriculum: set focal gamma = 1.5000 (epoch 28)
Epoch 28/50
56/56 - 1s - loss: 0.0749 - auc: 0.8169 - val_loss: 0.0950 - val_auc: 0.6956 - val_auc_custom: 0.5000 - val_f1_custom: 0.0000e+00 - val_recall_custom: 0.0000e+00 - 1s/epoch - 22ms/step
Curriculum: set focal gamma = 1.5000 (epoch 29)
Epoch 29/50
56/56 - 1s - loss: 0.0739 - auc: 0.8232 - val_loss: 0.0905 - val_auc: 0.7264 - val_auc_custom: 0.5000 - val_f1_custom: 0.0000e+00 - val_recall_custom: 0.0000e+00 - 1s/epoch - 24ms/step
Curriculum: set focal gamma = 1.5000 (epoch 30)
Epoch 30/50
56/56 - 1s - loss: 0.0735 - auc: 0.8265 - val_loss: 0.0964 - val_auc: 0.6979 - val_auc_custom: 0.5000 - val_f1_custom: 0.0000e+00 - val_recall_custom: 0.0000e+00 - 1s/epoch - 22ms/step
Curriculum: set focal gamma = 1.5000 (epoch 31)
Epoch 31/50
56/56 - 1s - loss: 0.0726 - auc: 0.8289 - val_loss: 0.0915 - val_auc: 0.7158 - val_auc_custom: 0.5000 - val_f1_custom: 0.0000e+00 - val_recall_custom: 0.0000e+00 - 1s/epoch - 23ms/step
Curriculum: set focal gamma = 1.5000 (epoch 32)
Epoch 32/50
56/56 - 1s - loss: 0.0708 - auc: 0.8421 - val_loss: 0.0898 - val_auc: 0.7372 - val_auc_custom: 0.5000 - val_f1_custom: 0.0000e+00 - val_recall_custom: 0.0000e+00 - 1s/epoch - 23ms/step
Curriculum: set focal gamma = 1.5000 (epoch 33)
Epoch 33/50
56/56 - 1s - loss: 0.0729 - auc: 0.8278 - val_loss: 0.0965 - val_auc: 0.7177 - val_auc_custom: 0.5000 - val_f1_custom: 0.0000e+00 - val_recall_custom: 0.0000e+00 - 1s/epoch - 21ms/step
Curriculum: set focal gamma = 1.5000 (epoch 34)
Epoch 34/50
56/56 - 1s - loss: 0.0708 - auc: 0.8384 - val_loss: 0.0903 - val_auc: 0.7405 - val_auc_custom: 0.5000 - val_f1_custom: 0.0000e+00 - val_recall_custom: 0.0000e+00 - 1s/epoch - 23ms/step
Curriculum: set focal gamma = 1.5000 (epoch 35)
Epoch 35/50
56/56 - 1s - loss: 0.0659 - auc: 0.8701 - val_loss: 0.0914 - val_auc: 0.7488 - val_auc_custom: 0.5000 - val_f1_custom: 0.0000e+00 - val_recall_custom: 0.0000e+00 - 1s/epoch - 24ms/step
Curriculum: set focal gamma = 1.5000 (epoch 36)
Epoch 36/50
56/56 - 1s - loss: 0.0659 - auc: 0.8688 - val_loss: 0.0965 - val_auc: 0.7380 - val_auc_custom: 0.5000 - val_f1_custom: 0.0000e+00 - val_recall_custom: 0.0000e+00 - 1s/epoch - 23ms/step
Curriculum: set focal gamma = 1.5000 (epoch 37)
Epoch 37/50
56/56 - 1s - loss: 0.0643 - auc: 0.8736 - val_loss: 0.0955 - val_auc: 0.7426 - val_auc_custom: 0.5000 - val_f1_custom: 0.0000e+00 - val_recall_custom: 0.0000e+00 - 1s/epoch - 22ms/step
Curriculum: set focal gamma = 1.5000 (epoch 38)
Epoch 38/50
56/56 - 1s - loss: 0.0640 - auc: 0.8777 - val_loss: 0.0957 - val_auc: 0.7469 - val_auc_custom: 0.5000 - val_f1_custom: 0.0000e+00 - val_recall_custom: 0.0000e+00 - 1s/epoch - 22ms/step
Curriculum: set focal gamma = 1.5000 (epoch 39)
Epoch 39/50
56/56 - 1s - loss: 0.0653 - auc: 0.8700 - val_loss: 0.1066 - val_auc: 0.7242 - val_auc_custom: 0.5000 - val_f1_custom: 0.0000e+00 - val_recall_custom: 0.0000e+00 - 1s/epoch - 23ms/step
Curriculum: set focal gamma = 1.5000 (epoch 40)
Epoch 40/50
56/56 - 1s - loss: 0.0649 - auc: 0.8718 - val_loss: 0.0981 - val_auc: 0.7472 - val_auc_custom: 0.5000 - val_f1_custom: 0.0000e+00 - val_recall_custom: 0.0000e+00 - 1s/epoch - 21ms/step
Curriculum: set focal gamma = 1.5000 (epoch 41)
Epoch 41/50
56/56 - -2s - loss: 0.0624 - auc: 0.8835 - val_loss: 0.0992 - val_auc: 0.7279 - val_auc_custom: 0.5000 - val_f1_custom: 0.0000e+00 - val_recall_custom: 0.0000e+00 - -1606411us/epoch - -28686us/step
Curriculum: set focal gamma = 1.5000 (epoch 42)
Epoch 42/50
56/56 - 1s - loss: 0.0600 - auc: 0.8919 - val_loss: 0.0949 - val_auc: 0.7551 - val_auc_custom: 0.5000 - val_f1_custom: 0.0000e+00 - val_recall_custom: 0.0000e+00 - 1s/epoch - 23ms/step
Curriculum: set focal gamma = 1.5000 (epoch 43)
Epoch 43/50
56/56 - 1s - loss: 0.0599 - auc: 0.8963 - val_loss: 0.1035 - val_auc: 0.7408 - val_auc_custom: 0.5000 - val_f1_custom: 0.0000e+00 - val_recall_custom: 0.0000e+00 - 1s/epoch - 21ms/step
Curriculum: set focal gamma = 1.5000 (epoch 44)
Epoch 44/50
56/56 - 1s - loss: 0.0649 - auc: 0.8702 - val_loss: 0.1058 - val_auc: 0.7389 - val_auc_custom: 0.5000 - val_f1_custom: 0.0000e+00 - val_recall_custom: 0.0000e+00 - 1s/epoch - 21ms/step
Curriculum: set focal gamma = 1.5000 (epoch 45)
Epoch 45/50
56/56 - 1s - loss: 0.0597 - auc: 0.9012 - val_loss: 0.0916 - val_auc: 0.7796 - val_auc_custom: 0.5000 - val_f1_custom: 0.0000e+00 - val_recall_custom: 0.0000e+00 - 1s/epoch - 23ms/step
Curriculum: set focal gamma = 1.5000 (epoch 46)
Epoch 46/50
56/56 - 1s - loss: 0.0627 - auc: 0.8820 - val_loss: 0.1015 - val_auc: 0.7636 - val_auc_custom: 0.5000 - val_f1_custom: 0.0000e+00 - val_recall_custom: 0.0000e+00 - 1s/epoch - 22ms/step
Curriculum: set focal gamma = 1.5000 (epoch 47)
Epoch 47/50
56/56 - 1s - loss: 0.0566 - auc: 0.9062 - val_loss: 0.1022 - val_auc: 0.7536 - val_auc_custom: 0.5000 - val_f1_custom: 0.0000e+00 - val_recall_custom: 0.0000e+00 - 1s/epoch - 22ms/step
Curriculum: set focal gamma = 1.5000 (epoch 48)
Epoch 48/50
56/56 - 1s - loss: 0.0578 - auc: 0.8999 - val_loss: 0.1045 - val_auc: 0.7532 - val_auc_custom: 0.5000 - val_f1_custom: 0.0000e+00 - val_recall_custom: 0.0000e+00 - 1s/epoch - 24ms/step
Curriculum: set focal gamma = 1.5000 (epoch 49)
Epoch 49/50
56/56 - 1s - loss: 0.0577 - auc: 0.9007 - val_loss: 0.1126 - val_auc: 0.7659 - val_auc_custom: 0.5000 - val_f1_custom: 0.0000e+00 - val_recall_custom: 0.0000e+00 - 1s/epoch - 22ms/step
Curriculum: set focal gamma = 1.5000 (epoch 50)
Epoch 50/50
56/56 - 1s - loss: 0.0580 - auc: 0.9011 - val_loss: 0.1020 - val_auc: 0.7579 - val_auc_custom: 0.5000 - val_f1_custom: 0.0000e+00 - val_recall_custom: 0.0000e+00 - 1s/epoch - 21ms/step
Mask config -> mode=soft, threshold=0.6, window_gate=0.65
Done. Results saved to /home/user/projects/train/model/long_window/CNN_BiLSTM/result_mask_sweep/run_01/02
