2025-09-17 03:01:27.407557: I tensorflow/core/util/port.cc:110] oneDNN custom operations are on. You may see slightly different numerical results due to floating-point round-off errors from different computation orders. To turn them off, set the environment variable `TF_ENABLE_ONEDNN_OPTS=0`.
2025-09-17 03:01:27.439475: I tensorflow/core/platform/cpu_feature_guard.cc:182] This TensorFlow binary is optimized to use available CPU instructions in performance-critical operations.
To enable the following instructions: AVX2 AVX_VNNI FMA, in other operations, rebuild TensorFlow with the appropriate compiler flags.
2025-09-17 03:01:27.882629: W tensorflow/compiler/tf2tensorrt/utils/py_utils.cc:38] TF-TRT Warning: Could not find TensorRT
2025-09-17 03:01:28.307775: I tensorflow/compiler/xla/stream_executor/cuda/cuda_gpu_executor.cc:981] could not open file to read NUMA node: /sys/bus/pci/devices/0000:01:00.0/numa_node
Your kernel may have been built without NUMA support.
2025-09-17 03:01:28.329829: I tensorflow/compiler/xla/stream_executor/cuda/cuda_gpu_executor.cc:981] could not open file to read NUMA node: /sys/bus/pci/devices/0000:01:00.0/numa_node
Your kernel may have been built without NUMA support.
2025-09-17 03:01:28.329946: I tensorflow/compiler/xla/stream_executor/cuda/cuda_gpu_executor.cc:981] could not open file to read NUMA node: /sys/bus/pci/devices/0000:01:00.0/numa_node
Your kernel may have been built without NUMA support.
2025-09-17 03:01:28.331508: I tensorflow/compiler/xla/stream_executor/cuda/cuda_gpu_executor.cc:981] could not open file to read NUMA node: /sys/bus/pci/devices/0000:01:00.0/numa_node
Your kernel may have been built without NUMA support.
2025-09-17 03:01:28.331574: I tensorflow/compiler/xla/stream_executor/cuda/cuda_gpu_executor.cc:981] could not open file to read NUMA node: /sys/bus/pci/devices/0000:01:00.0/numa_node
Your kernel may have been built without NUMA support.
2025-09-17 03:01:28.331599: I tensorflow/compiler/xla/stream_executor/cuda/cuda_gpu_executor.cc:981] could not open file to read NUMA node: /sys/bus/pci/devices/0000:01:00.0/numa_node
Your kernel may have been built without NUMA support.
2025-09-17 03:01:28.464588: I tensorflow/compiler/xla/stream_executor/cuda/cuda_gpu_executor.cc:981] could not open file to read NUMA node: /sys/bus/pci/devices/0000:01:00.0/numa_node
Your kernel may have been built without NUMA support.
2025-09-17 03:01:28.464718: I tensorflow/compiler/xla/stream_executor/cuda/cuda_gpu_executor.cc:981] could not open file to read NUMA node: /sys/bus/pci/devices/0000:01:00.0/numa_node
Your kernel may have been built without NUMA support.
2025-09-17 03:01:28.464742: I tensorflow/core/common_runtime/gpu/gpu_device.cc:1726] Could not identify NUMA node of platform GPU id 0, defaulting to 0.  Your kernel may not have been built with NUMA support.
2025-09-17 03:01:28.464781: I tensorflow/compiler/xla/stream_executor/cuda/cuda_gpu_executor.cc:981] could not open file to read NUMA node: /sys/bus/pci/devices/0000:01:00.0/numa_node
Your kernel may have been built without NUMA support.
2025-09-17 03:01:28.464807: I tensorflow/core/common_runtime/gpu/gpu_device.cc:1639] Created device /job:localhost/replica:0/task:0/device:GPU:0 with 9517 MB memory:  -> device: 0, name: NVIDIA GeForce RTX 4070 SUPER, pci bus id: 0000:01:00.0, compute capability: 8.9
GPU detected: 1 physical, 1 logical -> ['/device:GPU:0']
Config: batch=16, accumulate_steps=8 -> effective_batch=128
Loaded (1276, 36, 75) (1276,)
Using mask channel "occlusion_flag" from long_raw (index 7)
Model: "cnn_bilstm_attn_masked"
__________________________________________________________________________________________________
 Layer (type)                Output Shape                 Param #   Connected to                  
==================================================================================================
 input (InputLayer)          [(None, 36, 75)]             0         []                            
                                                                                                  
 permute_time_features (Per  (None, 75, 36)               0         ['input[0][0]']               
 mute)                                                                                            
                                                                                                  
 conv0 (Conv1D)              (None, 75, 64)               6976      ['permute_time_features[0][0]'
                                                                    ]                             
                                                                                                  
 bn0 (BatchNormalization)    (None, 75, 64)               256       ['conv0[0][0]']               
                                                                                                  
 act0 (Activation)           (None, 75, 64)               0         ['bn0[0][0]']                 
                                                                                                  
 conv_dropout0 (Dropout)     (None, 75, 64)               0         ['act0[0][0]']                
                                                                                                  
 conv1 (Conv1D)              (None, 75, 64)               20544     ['conv_dropout0[0][0]']       
                                                                                                  
 bn1 (BatchNormalization)    (None, 75, 64)               256       ['conv1[0][0]']               
                                                                                                  
 act1 (Activation)           (None, 75, 64)               0         ['bn1[0][0]']                 
                                                                                                  
 conv_dropout1 (Dropout)     (None, 75, 64)               0         ['act1[0][0]']                
                                                                                                  
 conv2 (Conv1D)              (None, 75, 64)               12352     ['conv_dropout1[0][0]']       
                                                                                                  
 bn2 (BatchNormalization)    (None, 75, 64)               256       ['conv2[0][0]']               
                                                                                                  
 act2 (Activation)           (None, 75, 64)               0         ['bn2[0][0]']                 
                                                                                                  
 conv_dropout2 (Dropout)     (None, 75, 64)               0         ['act2[0][0]']                
                                                                                                  
 bilstm (Bidirectional)      (None, 75, 128)              66048     ['conv_dropout2[0][0]']       
                                                                                                  
 mlp_attn_u (Dense)          (None, 75, 32)               4128      ['bilstm[0][0]']              
                                                                                                  
 mlp_attn_score (Dense)      (None, 75, 1)                33        ['mlp_attn_u[0][0]']          
                                                                                                  
 mlp_attn_squeeze (Lambda)   (None, 75)                   0         ['mlp_attn_score[0][0]']      
                                                                                                  
 attn_mask (InputLayer)      [(None, 75)]                 0         []                            
                                                                                                  
 mlp_attn_apply_mask (Lambd  (None, 75)                   0         ['mlp_attn_squeeze[0][0]',    
 a)                                                                  'attn_mask[0][0]']           
                                                                                                  
 mlp_attn_softmax (Lambda)   (None, 75)                   0         ['mlp_attn_apply_mask[0][0]'] 
                                                                                                  
 mlp_attn_expand (Lambda)    (None, 75, 1)                0         ['mlp_attn_softmax[0][0]']    
                                                                                                  
 mlp_attn_weighted (Lambda)  (None, 128)                  0         ['bilstm[0][0]',              
                                                                     'mlp_attn_expand[0][0]']     
                                                                                                  
 fc1 (Dense)                 (None, 64)                   8256      ['mlp_attn_weighted[0][0]']   
                                                                                                  
 fc_dropout (Dropout)        (None, 64)                   0         ['fc1[0][0]']                 
                                                                                                  
 out (Dense)                 (None, 1)                    65        ['fc_dropout[0][0]']          
                                                                                                  
==================================================================================================
Total params: 119171 (465.51 KB)
Trainable params: 118786 (464.01 KB)
Non-trainable params: 385 (1.50 KB)
__________________________________________________________________________________________________
None
Writing results to /home/user/projects/train/model/long_window/CNN_BiLSTM/result_focal_sweep/cw02_fg04/01
Curriculum: set focal gamma = 0.0000 (epoch 1)
Epoch 1/70
2025-09-17 03:01:33.303604: I tensorflow/compiler/xla/stream_executor/cuda/cuda_dnn.cc:432] Loaded cuDNN version 8600
2025-09-17 03:01:33.387241: I tensorflow/tsl/platform/default/subprocess.cc:304] Start cannot spawn child process: No such file or directory
2025-09-17 03:01:33.541053: I tensorflow/compiler/xla/stream_executor/cuda/cuda_blas.cc:606] TensorFloat-32 will be used for the matrix multiplication. This will only be logged once.
2025-09-17 03:01:33.869905: I tensorflow/compiler/xla/service/service.cc:168] XLA service 0x5fc832da44c0 initialized for platform CUDA (this does not guarantee that XLA will be used). Devices:
2025-09-17 03:01:33.869965: I tensorflow/compiler/xla/service/service.cc:176]   StreamExecutor device (0): NVIDIA GeForce RTX 4070 SUPER, Compute Capability 8.9
2025-09-17 03:01:33.873679: I tensorflow/compiler/mlir/tensorflow/utils/dump_mlir_util.cc:255] disabling MLIR crash reproducer, set env var `MLIR_CRASH_REPRODUCER_DIRECTORY` to enable.
2025-09-17 03:01:33.931685: I tensorflow/tsl/platform/default/subprocess.cc:304] Start cannot spawn child process: No such file or directory
2025-09-17 03:01:33.970770: I ./tensorflow/compiler/jit/device_compiler.h:186] Compiled cluster using XLA!  This line is logged at most once for the lifetime of the process.
56/56 - 7s - loss: 0.3055 - auc: 0.5085 - val_loss: 0.3098 - val_auc: 0.5979 - val_auc_custom: 0.5972 - val_f1_custom: 0.0000e+00 - val_recall_custom: 0.0000e+00 - 7s/epoch - 129ms/step
Curriculum: set focal gamma = 0.1053 (epoch 2)
Epoch 2/70
56/56 - 1s - loss: 0.2065 - auc: 0.5636 - val_loss: 0.2307 - val_auc: 0.6087 - val_auc_custom: 0.6088 - val_f1_custom: 0.0000e+00 - val_recall_custom: 0.0000e+00 - 1s/epoch - 23ms/step
Curriculum: set focal gamma = 0.2105 (epoch 3)
Epoch 3/70
56/56 - 1s - loss: 0.1827 - auc: 0.5840 - val_loss: 0.1974 - val_auc: 0.6283 - val_auc_custom: 0.6259 - val_f1_custom: 0.0000e+00 - val_recall_custom: 0.0000e+00 - 1s/epoch - 24ms/step
Curriculum: set focal gamma = 0.3158 (epoch 4)
Epoch 4/70
56/56 - 1s - loss: 0.1741 - auc: 0.5909 - val_loss: 0.1861 - val_auc: 0.6374 - val_auc_custom: 0.6347 - val_f1_custom: 0.0000e+00 - val_recall_custom: 0.0000e+00 - 1s/epoch - 26ms/step
Curriculum: set focal gamma = 0.4211 (epoch 5)
Epoch 5/70
56/56 - 1s - loss: 0.1565 - auc: 0.6302 - val_loss: 0.1717 - val_auc: 0.6443 - val_auc_custom: 0.6408 - val_f1_custom: 0.0000e+00 - val_recall_custom: 0.0000e+00 - 1s/epoch - 23ms/step
Curriculum: set focal gamma = 0.5263 (epoch 6)
Epoch 6/70
56/56 - 1s - loss: 0.1450 - auc: 0.6116 - val_loss: 0.1586 - val_auc: 0.6399 - val_auc_custom: 0.6408 - val_f1_custom: 0.0000e+00 - val_recall_custom: 0.0000e+00 - 1s/epoch - 25ms/step
Curriculum: set focal gamma = 0.6316 (epoch 7)
Epoch 7/70
56/56 - 1s - loss: 0.1335 - auc: 0.6395 - val_loss: 0.1478 - val_auc: 0.6322 - val_auc_custom: 0.6332 - val_f1_custom: 0.0000e+00 - val_recall_custom: 0.0000e+00 - 1s/epoch - 22ms/step
Curriculum: set focal gamma = 0.7368 (epoch 8)
Epoch 8/70
56/56 - 1s - loss: 0.1230 - auc: 0.6501 - val_loss: 0.1377 - val_auc: 0.6272 - val_auc_custom: 0.6277 - val_f1_custom: 0.0000e+00 - val_recall_custom: 0.0000e+00 - 1s/epoch - 21ms/step
Curriculum: set focal gamma = 0.8421 (epoch 9)
Epoch 9/70
56/56 - 1s - loss: 0.1157 - auc: 0.6350 - val_loss: 0.1286 - val_auc: 0.6223 - val_auc_custom: 0.6231 - val_f1_custom: 0.0000e+00 - val_recall_custom: 0.0000e+00 - 1s/epoch - 22ms/step
Curriculum: set focal gamma = 0.9474 (epoch 10)
Epoch 10/70
56/56 - -1s - loss: 0.1076 - auc: 0.6503 - val_loss: 0.1202 - val_auc: 0.6180 - val_auc_custom: 0.6179 - val_f1_custom: 0.0000e+00 - val_recall_custom: 0.0000e+00 - -1456531us/epoch - -26009us/step
Curriculum: set focal gamma = 1.0526 (epoch 11)
Epoch 11/70
56/56 - 1s - loss: 0.0987 - auc: 0.6653 - val_loss: 0.1124 - val_auc: 0.6111 - val_auc_custom: 0.6121 - val_f1_custom: 0.0000e+00 - val_recall_custom: 0.0000e+00 - 1s/epoch - 24ms/step
Curriculum: set focal gamma = 1.1579 (epoch 12)
Epoch 12/70
56/56 - 1s - loss: 0.0924 - auc: 0.6658 - val_loss: 0.1050 - val_auc: 0.6132 - val_auc_custom: 0.6113 - val_f1_custom: 0.0370 - val_recall_custom: 0.0189 - 1s/epoch - 24ms/step
Curriculum: set focal gamma = 1.2632 (epoch 13)
Epoch 13/70
56/56 - 1s - loss: 0.0853 - auc: 0.6765 - val_loss: 0.0982 - val_auc: 0.6065 - val_auc_custom: 0.6063 - val_f1_custom: 0.0370 - val_recall_custom: 0.0189 - 1s/epoch - 22ms/step
Curriculum: set focal gamma = 1.3684 (epoch 14)
Epoch 14/70
56/56 - 1s - loss: 0.0795 - auc: 0.6791 - val_loss: 0.0916 - val_auc: 0.6088 - val_auc_custom: 0.6103 - val_f1_custom: 0.0370 - val_recall_custom: 0.0189 - 1s/epoch - 22ms/step
Curriculum: set focal gamma = 1.4737 (epoch 15)
Epoch 15/70
56/56 - 1s - loss: 0.0734 - auc: 0.6929 - val_loss: 0.0855 - val_auc: 0.6098 - val_auc_custom: 0.6408 - val_f1_custom: 0.0000e+00 - val_recall_custom: 0.0000e+00 - 1s/epoch - 24ms/step
Mask config -> mode=soft, threshold=0.6, window_gate=None
Done. Results saved to /home/user/projects/train/model/long_window/CNN_BiLSTM/result_focal_sweep/cw02_fg04/01
