2025-09-22 02:36:44.365467: I tensorflow/core/util/port.cc:110] oneDNN custom operations are on. You may see slightly different numerical results due to floating-point round-off errors from different computation orders. To turn them off, set the environment variable `TF_ENABLE_ONEDNN_OPTS=0`.
2025-09-22 02:36:44.393287: I tensorflow/core/platform/cpu_feature_guard.cc:182] This TensorFlow binary is optimized to use available CPU instructions in performance-critical operations.
To enable the following instructions: AVX2 AVX_VNNI FMA, in other operations, rebuild TensorFlow with the appropriate compiler flags.
2025-09-22 02:36:44.790576: W tensorflow/compiler/tf2tensorrt/utils/py_utils.cc:38] TF-TRT Warning: Could not find TensorRT
2025-09-22 02:36:45.195746: I tensorflow/compiler/xla/stream_executor/cuda/cuda_gpu_executor.cc:981] could not open file to read NUMA node: /sys/bus/pci/devices/0000:01:00.0/numa_node
Your kernel may have been built without NUMA support.
2025-09-22 02:36:45.218377: I tensorflow/compiler/xla/stream_executor/cuda/cuda_gpu_executor.cc:981] could not open file to read NUMA node: /sys/bus/pci/devices/0000:01:00.0/numa_node
Your kernel may have been built without NUMA support.
2025-09-22 02:36:45.218473: I tensorflow/compiler/xla/stream_executor/cuda/cuda_gpu_executor.cc:981] could not open file to read NUMA node: /sys/bus/pci/devices/0000:01:00.0/numa_node
Your kernel may have been built without NUMA support.
2025-09-22 02:36:45.219707: I tensorflow/compiler/xla/stream_executor/cuda/cuda_gpu_executor.cc:981] could not open file to read NUMA node: /sys/bus/pci/devices/0000:01:00.0/numa_node
Your kernel may have been built without NUMA support.
2025-09-22 02:36:45.219768: I tensorflow/compiler/xla/stream_executor/cuda/cuda_gpu_executor.cc:981] could not open file to read NUMA node: /sys/bus/pci/devices/0000:01:00.0/numa_node
Your kernel may have been built without NUMA support.
2025-09-22 02:36:45.219787: I tensorflow/compiler/xla/stream_executor/cuda/cuda_gpu_executor.cc:981] could not open file to read NUMA node: /sys/bus/pci/devices/0000:01:00.0/numa_node
Your kernel may have been built without NUMA support.
2025-09-22 02:36:45.311828: I tensorflow/compiler/xla/stream_executor/cuda/cuda_gpu_executor.cc:981] could not open file to read NUMA node: /sys/bus/pci/devices/0000:01:00.0/numa_node
Your kernel may have been built without NUMA support.
2025-09-22 02:36:45.311942: I tensorflow/compiler/xla/stream_executor/cuda/cuda_gpu_executor.cc:981] could not open file to read NUMA node: /sys/bus/pci/devices/0000:01:00.0/numa_node
Your kernel may have been built without NUMA support.
2025-09-22 02:36:45.311963: I tensorflow/core/common_runtime/gpu/gpu_device.cc:1726] Could not identify NUMA node of platform GPU id 0, defaulting to 0.  Your kernel may not have been built with NUMA support.
2025-09-22 02:36:45.311991: I tensorflow/compiler/xla/stream_executor/cuda/cuda_gpu_executor.cc:981] could not open file to read NUMA node: /sys/bus/pci/devices/0000:01:00.0/numa_node
Your kernel may have been built without NUMA support.
2025-09-22 02:36:45.312014: I tensorflow/core/common_runtime/gpu/gpu_device.cc:1639] Created device /job:localhost/replica:0/task:0/device:GPU:0 with 9517 MB memory:  -> device: 0, name: NVIDIA GeForce RTX 4070 SUPER, pci bus id: 0000:01:00.0, compute capability: 8.9
[feature_check] OK: train/test feature_list identical (n=36)
GPU detected: 1 physical, 1 logical -> ['/device:GPU:0']
Config: batch=16, accumulate_steps=8 -> effective_batch=128
Loaded (for internal train/val)  (1276, 36, 75) (1276,)
Loaded EXTERNAL TEST: (354, 36, 75) from /home/user/projects/train/test_data/slipce/windows_npz.npz
[mask] windows_npz.npz using occlusion_flag ch=7
[mask] windows_npz.npz using occlusion_flag ch=7
Model: "cnn_bilstm_attn_masked"
__________________________________________________________________________________________________
 Layer (type)                Output Shape                 Param #   Connected to                  
==================================================================================================
 input (InputLayer)          [(None, 36, 75)]             0         []                            
                                                                                                  
 permute_time_features (Per  (None, 75, 36)               0         ['input[0][0]']               
 mute)                                                                                            
                                                                                                  
 conv0 (Conv1D)              (None, 75, 64)               6976      ['permute_time_features[0][0]'
                                                                    ]                             
                                                                                                  
 bn0 (BatchNormalization)    (None, 75, 64)               256       ['conv0[0][0]']               
                                                                                                  
 act0 (Activation)           (None, 75, 64)               0         ['bn0[0][0]']                 
                                                                                                  
 conv_dropout0 (Dropout)     (None, 75, 64)               0         ['act0[0][0]']                
                                                                                                  
 conv1 (Conv1D)              (None, 75, 64)               20544     ['conv_dropout0[0][0]']       
                                                                                                  
 bn1 (BatchNormalization)    (None, 75, 64)               256       ['conv1[0][0]']               
                                                                                                  
 act1 (Activation)           (None, 75, 64)               0         ['bn1[0][0]']                 
                                                                                                  
 conv_dropout1 (Dropout)     (None, 75, 64)               0         ['act1[0][0]']                
                                                                                                  
 conv2 (Conv1D)              (None, 75, 64)               12352     ['conv_dropout1[0][0]']       
                                                                                                  
 bn2 (BatchNormalization)    (None, 75, 64)               256       ['conv2[0][0]']               
                                                                                                  
 act2 (Activation)           (None, 75, 64)               0         ['bn2[0][0]']                 
                                                                                                  
 conv_dropout2 (Dropout)     (None, 75, 64)               0         ['act2[0][0]']                
                                                                                                  
 bilstm (Bidirectional)      (None, 75, 128)              66048     ['conv_dropout2[0][0]']       
                                                                                                  
 mlp_attn_u (Dense)          (None, 75, 32)               4128      ['bilstm[0][0]']              
                                                                                                  
 mlp_attn_score (Dense)      (None, 75, 1)                33        ['mlp_attn_u[0][0]']          
                                                                                                  
 mlp_attn_squeeze (Lambda)   (None, 75)                   0         ['mlp_attn_score[0][0]']      
                                                                                                  
 attn_mask (InputLayer)      [(None, 75)]                 0         []                            
                                                                                                  
 mlp_attn_apply_mask (Lambd  (None, 75)                   0         ['mlp_attn_squeeze[0][0]',    
 a)                                                                  'attn_mask[0][0]']           
                                                                                                  
 mlp_attn_softmax (Lambda)   (None, 75)                   0         ['mlp_attn_apply_mask[0][0]'] 
                                                                                                  
 mlp_attn_expand (Lambda)    (None, 75, 1)                0         ['mlp_attn_softmax[0][0]']    
                                                                                                  
 mlp_attn_weighted (Lambda)  (None, 128)                  0         ['bilstm[0][0]',              
                                                                     'mlp_attn_expand[0][0]']     
                                                                                                  
 fc1 (Dense)                 (None, 64)                   8256      ['mlp_attn_weighted[0][0]']   
                                                                                                  
 fc_dropout (Dropout)        (None, 64)                   0         ['fc1[0][0]']                 
                                                                                                  
 out (Dense)                 (None, 1)                    65        ['fc_dropout[0][0]']          
                                                                                                  
==================================================================================================
Total params: 119171 (465.51 KB)
Trainable params: 118786 (464.01 KB)
Non-trainable params: 385 (1.50 KB)
__________________________________________________________________________________________________
None
Writing results to result_multi_seed_composite_center/seed9/01
Curriculum: set focal gamma = 0.0000 (epoch 1)
Epoch 1/70
2025-09-22 02:36:50.258927: I tensorflow/compiler/xla/stream_executor/cuda/cuda_dnn.cc:432] Loaded cuDNN version 8600
2025-09-22 02:36:50.348946: I tensorflow/tsl/platform/default/subprocess.cc:304] Start cannot spawn child process: No such file or directory
2025-09-22 02:36:50.489474: I tensorflow/compiler/xla/stream_executor/cuda/cuda_blas.cc:606] TensorFloat-32 will be used for the matrix multiplication. This will only be logged once.
2025-09-22 02:36:50.797907: I tensorflow/compiler/xla/service/service.cc:168] XLA service 0x57a0739306f0 initialized for platform CUDA (this does not guarantee that XLA will be used). Devices:
2025-09-22 02:36:50.797956: I tensorflow/compiler/xla/service/service.cc:176]   StreamExecutor device (0): NVIDIA GeForce RTX 4070 SUPER, Compute Capability 8.9
2025-09-22 02:36:50.800958: I tensorflow/compiler/mlir/tensorflow/utils/dump_mlir_util.cc:255] disabling MLIR crash reproducer, set env var `MLIR_CRASH_REPRODUCER_DIRECTORY` to enable.
2025-09-22 02:36:50.854888: I tensorflow/tsl/platform/default/subprocess.cc:304] Start cannot spawn child process: No such file or directory
2025-09-22 02:36:50.889657: I ./tensorflow/compiler/jit/device_compiler.h:186] Compiled cluster using XLA!  This line is logged at most once for the lifetime of the process.
WARNING:tensorflow:Can save best model only with val_composite available, skipping.
WARNING:tensorflow:Early stopping conditioned on metric `val_composite` which is not available. Available metrics are: loss,auc,val_loss,val_auc
56/56 - 7s - loss: 0.3379 - auc: 0.4954 - val_loss: 0.3421 - val_auc: 0.6724 - val_auc_custom: 0.6767 - val_f1_custom: 0.0000e+00 - val_recall_custom: 0.0000e+00 - val_composite: 0.1353 - val_precision_aware: 0.1353 - 7s/epoch - 121ms/step
Curriculum: set focal gamma = 0.0526 (epoch 2)
Epoch 2/70
WARNING:tensorflow:Can save best model only with val_composite available, skipping.
WARNING:tensorflow:Early stopping conditioned on metric `val_composite` which is not available. Available metrics are: loss,auc,val_loss,val_auc
56/56 - 1s - loss: 0.2969 - auc: 0.5323 - val_loss: 0.3068 - val_auc: 0.6730 - val_auc_custom: 0.6717 - val_f1_custom: 0.0000e+00 - val_recall_custom: 0.0000e+00 - val_composite: 0.1343 - val_precision_aware: 0.1343 - 1s/epoch - 20ms/step
Curriculum: set focal gamma = 0.1053 (epoch 3)
Epoch 3/70
WARNING:tensorflow:Can save best model only with val_composite available, skipping.
WARNING:tensorflow:Early stopping conditioned on metric `val_composite` which is not available. Available metrics are: loss,auc,val_loss,val_auc
56/56 - 1s - loss: 0.2796 - auc: 0.6176 - val_loss: 0.2869 - val_auc: 0.6728 - val_auc_custom: 0.6719 - val_f1_custom: 0.0000e+00 - val_recall_custom: 0.0000e+00 - val_composite: 0.1344 - val_precision_aware: 0.1344 - 1s/epoch - 21ms/step
Curriculum: set focal gamma = 0.1579 (epoch 4)
Epoch 4/70
WARNING:tensorflow:Can save best model only with val_composite available, skipping.
WARNING:tensorflow:Early stopping conditioned on metric `val_composite` which is not available. Available metrics are: loss,auc,val_loss,val_auc
56/56 - 1s - loss: 0.2654 - auc: 0.6299 - val_loss: 0.2724 - val_auc: 0.6728 - val_auc_custom: 0.6734 - val_f1_custom: 0.1379 - val_recall_custom: 0.0741 - val_composite: 0.2131 - val_precision_aware: 0.6761 - 1s/epoch - 20ms/step
Curriculum: set focal gamma = 0.2105 (epoch 5)
Epoch 5/70
WARNING:tensorflow:Can save best model only with val_composite available, skipping.
WARNING:tensorflow:Early stopping conditioned on metric `val_composite` which is not available. Available metrics are: loss,auc,val_loss,val_auc
56/56 - 1s - loss: 0.2527 - auc: 0.6494 - val_loss: 0.2609 - val_auc: 0.6789 - val_auc_custom: 0.6782 - val_f1_custom: 0.2941 - val_recall_custom: 0.1852 - val_composite: 0.3165 - val_precision_aware: 0.5810 - 1s/epoch - 20ms/step
Curriculum: set focal gamma = 0.2632 (epoch 6)
Epoch 6/70
WARNING:tensorflow:Can save best model only with val_composite available, skipping.
WARNING:tensorflow:Early stopping conditioned on metric `val_composite` which is not available. Available metrics are: loss,auc,val_loss,val_auc
56/56 - 1s - loss: 0.2425 - auc: 0.6535 - val_loss: 0.2499 - val_auc: 0.6816 - val_auc_custom: 0.6814 - val_f1_custom: 0.3099 - val_recall_custom: 0.2037 - val_composite: 0.3311 - val_precision_aware: 0.5528 - 1s/epoch - 20ms/step
Curriculum: set focal gamma = 0.3158 (epoch 7)
Epoch 7/70
WARNING:tensorflow:Can save best model only with val_composite available, skipping.
WARNING:tensorflow:Early stopping conditioned on metric `val_composite` which is not available. Available metrics are: loss,auc,val_loss,val_auc
56/56 - 1s - loss: 0.2320 - auc: 0.6555 - val_loss: 0.2406 - val_auc: 0.6832 - val_auc_custom: 0.6827 - val_f1_custom: 0.3099 - val_recall_custom: 0.2037 - val_composite: 0.3313 - val_precision_aware: 0.5530 - 1s/epoch - 20ms/step
Curriculum: set focal gamma = 0.3684 (epoch 8)
Epoch 8/70
WARNING:tensorflow:Can save best model only with val_composite available, skipping.
WARNING:tensorflow:Early stopping conditioned on metric `val_composite` which is not available. Available metrics are: loss,auc,val_loss,val_auc
56/56 - 1s - loss: 0.2249 - auc: 0.6535 - val_loss: 0.2321 - val_auc: 0.6881 - val_auc_custom: 0.6877 - val_f1_custom: 0.3099 - val_recall_custom: 0.2037 - val_composite: 0.3323 - val_precision_aware: 0.5540 - 1s/epoch - 21ms/step
Curriculum: set focal gamma = 0.4211 (epoch 9)
Epoch 9/70
WARNING:tensorflow:Can save best model only with val_composite available, skipping.
WARNING:tensorflow:Early stopping conditioned on metric `val_composite` which is not available. Available metrics are: loss,auc,val_loss,val_auc
56/56 - 1s - loss: 0.2131 - auc: 0.6761 - val_loss: 0.2241 - val_auc: 0.6913 - val_auc_custom: 0.6914 - val_f1_custom: 0.3243 - val_recall_custom: 0.2222 - val_composite: 0.3467 - val_precision_aware: 0.5356 - 1s/epoch - 20ms/step
Curriculum: set focal gamma = 0.4737 (epoch 10)
Epoch 10/70
WARNING:tensorflow:Can save best model only with val_composite available, skipping.
WARNING:tensorflow:Early stopping conditioned on metric `val_composite` which is not available. Available metrics are: loss,auc,val_loss,val_auc
56/56 - 1s - loss: 0.2051 - auc: 0.6767 - val_loss: 0.2153 - val_auc: 0.6994 - val_auc_custom: 0.6982 - val_f1_custom: 0.3380 - val_recall_custom: 0.2222 - val_composite: 0.3522 - val_precision_aware: 0.5940 - 1s/epoch - 21ms/step
Curriculum: set focal gamma = 0.5263 (epoch 11)
Epoch 11/70
WARNING:tensorflow:Can save best model only with val_composite available, skipping.
WARNING:tensorflow:Early stopping conditioned on metric `val_composite` which is not available. Available metrics are: loss,auc,val_loss,val_auc
56/56 - 1s - loss: 0.1931 - auc: 0.7018 - val_loss: 0.2070 - val_auc: 0.7051 - val_auc_custom: 0.7057 - val_f1_custom: 0.3143 - val_recall_custom: 0.2037 - val_composite: 0.3373 - val_precision_aware: 0.5792 - 1s/epoch - 21ms/step
Curriculum: set focal gamma = 0.5789 (epoch 12)
Epoch 12/70
WARNING:tensorflow:Can save best model only with val_composite available, skipping.
WARNING:tensorflow:Early stopping conditioned on metric `val_composite` which is not available. Available metrics are: loss,auc,val_loss,val_auc
56/56 - 1s - loss: 0.1888 - auc: 0.6909 - val_loss: 0.1983 - val_auc: 0.7120 - val_auc_custom: 0.7122 - val_f1_custom: 0.3099 - val_recall_custom: 0.2037 - val_composite: 0.3373 - val_precision_aware: 0.5589 - 1s/epoch - 21ms/step
Curriculum: set focal gamma = 0.6316 (epoch 13)
Epoch 13/70
WARNING:tensorflow:Can save best model only with val_composite available, skipping.
WARNING:tensorflow:Early stopping conditioned on metric `val_composite` which is not available. Available metrics are: loss,auc,val_loss,val_auc
56/56 - 1s - loss: 0.1789 - auc: 0.7062 - val_loss: 0.1896 - val_auc: 0.7242 - val_auc_custom: 0.7245 - val_f1_custom: 0.3099 - val_recall_custom: 0.2037 - val_composite: 0.3397 - val_precision_aware: 0.5614 - 1s/epoch - 20ms/step
Curriculum: set focal gamma = 0.6842 (epoch 14)
Epoch 14/70
WARNING:tensorflow:Can save best model only with val_composite available, skipping.
WARNING:tensorflow:Early stopping conditioned on metric `val_composite` which is not available. Available metrics are: loss,auc,val_loss,val_auc
56/56 - 1s - loss: 0.1717 - auc: 0.7131 - val_loss: 0.1810 - val_auc: 0.7372 - val_auc_custom: 0.7387 - val_f1_custom: 0.3333 - val_recall_custom: 0.2222 - val_composite: 0.3589 - val_precision_aware: 0.5811 - 1s/epoch - 20ms/step
Curriculum: set focal gamma = 0.7368 (epoch 15)
Epoch 15/70
WARNING:tensorflow:Can save best model only with val_composite available, skipping.
WARNING:tensorflow:Early stopping conditioned on metric `val_composite` which is not available. Available metrics are: loss,auc,val_loss,val_auc
56/56 - 1s - loss: 0.1634 - auc: 0.7348 - val_loss: 0.1738 - val_auc: 0.7445 - val_auc_custom: 0.7442 - val_f1_custom: 0.3562 - val_recall_custom: 0.2407 - val_composite: 0.3761 - val_precision_aware: 0.5978 - 1s/epoch - 19ms/step
Curriculum: set focal gamma = 0.7895 (epoch 16)
Epoch 16/70
WARNING:tensorflow:Can save best model only with val_composite available, skipping.
WARNING:tensorflow:Early stopping conditioned on metric `val_composite` which is not available. Available metrics are: loss,auc,val_loss,val_auc
56/56 - 1s - loss: 0.1557 - auc: 0.7417 - val_loss: 0.1659 - val_auc: 0.7482 - val_auc_custom: 0.7480 - val_f1_custom: 0.4500 - val_recall_custom: 0.3333 - val_composite: 0.4513 - val_precision_aware: 0.6308 - 1s/epoch - 20ms/step
Curriculum: set focal gamma = 0.8421 (epoch 17)
Epoch 17/70
WARNING:tensorflow:Can save best model only with val_composite available, skipping.
WARNING:tensorflow:Early stopping conditioned on metric `val_composite` which is not available. Available metrics are: loss,auc,val_loss,val_auc
56/56 - 1s - loss: 0.1471 - auc: 0.7522 - val_loss: 0.1579 - val_auc: 0.7623 - val_auc_custom: 0.7630 - val_f1_custom: 0.4416 - val_recall_custom: 0.3148 - val_composite: 0.4425 - val_precision_aware: 0.6546 - 1s/epoch - 20ms/step
Curriculum: set focal gamma = 0.8947 (epoch 18)
Epoch 18/70
WARNING:tensorflow:Can save best model only with val_composite available, skipping.
WARNING:tensorflow:Early stopping conditioned on metric `val_composite` which is not available. Available metrics are: loss,auc,val_loss,val_auc
56/56 - 1s - loss: 0.1396 - auc: 0.7656 - val_loss: 0.1504 - val_auc: 0.7757 - val_auc_custom: 0.7748 - val_f1_custom: 0.4359 - val_recall_custom: 0.3148 - val_composite: 0.4431 - val_precision_aware: 0.6399 - 1s/epoch - 20ms/step
Curriculum: set focal gamma = 0.9474 (epoch 19)
Epoch 19/70
WARNING:tensorflow:Can save best model only with val_composite available, skipping.
WARNING:tensorflow:Early stopping conditioned on metric `val_composite` which is not available. Available metrics are: loss,auc,val_loss,val_auc
56/56 - 1s - loss: 0.1343 - auc: 0.7665 - val_loss: 0.1442 - val_auc: 0.7726 - val_auc_custom: 0.7723 - val_f1_custom: 0.5517 - val_recall_custom: 0.4444 - val_composite: 0.5422 - val_precision_aware: 0.6836 - 1s/epoch - 20ms/step
Curriculum: set focal gamma = 1.0000 (epoch 20)
Epoch 20/70
WARNING:tensorflow:Can save best model only with val_composite available, skipping.
WARNING:tensorflow:Early stopping conditioned on metric `val_composite` which is not available. Available metrics are: loss,auc,val_loss,val_auc
56/56 - 1s - loss: 0.1239 - auc: 0.7946 - val_loss: 0.1355 - val_auc: 0.7823 - val_auc_custom: 0.7820 - val_f1_custom: 0.5185 - val_recall_custom: 0.3889 - val_composite: 0.5064 - val_precision_aware: 0.7009 - 1s/epoch - 20ms/step
Curriculum: set focal gamma = 1.0000 (epoch 21)
Epoch 21/70
WARNING:tensorflow:Can save best model only with val_composite available, skipping.
WARNING:tensorflow:Early stopping conditioned on metric `val_composite` which is not available. Available metrics are: loss,auc,val_loss,val_auc
56/56 - 1s - loss: 0.1262 - auc: 0.7878 - val_loss: 0.1376 - val_auc: 0.7790 - val_auc_custom: 0.7788 - val_f1_custom: 0.6458 - val_recall_custom: 0.5741 - val_composite: 0.6365 - val_precision_aware: 0.7186 - 1s/epoch - 20ms/step
Curriculum: set focal gamma = 1.0000 (epoch 22)
Epoch 22/70
WARNING:tensorflow:Can save best model only with val_composite available, skipping.
WARNING:tensorflow:Early stopping conditioned on metric `val_composite` which is not available. Available metrics are: loss,auc,val_loss,val_auc
56/56 - 1s - loss: 0.1234 - auc: 0.7959 - val_loss: 0.1365 - val_auc: 0.7755 - val_auc_custom: 0.7778 - val_f1_custom: 0.6067 - val_recall_custom: 0.5000 - val_composite: 0.5876 - val_precision_aware: 0.7233 - 1s/epoch - 20ms/step
Curriculum: set focal gamma = 1.0000 (epoch 23)
Epoch 23/70
WARNING:tensorflow:Can save best model only with val_composite available, skipping.
WARNING:tensorflow:Early stopping conditioned on metric `val_composite` which is not available. Available metrics are: loss,auc,val_loss,val_auc
56/56 - 1s - loss: 0.1216 - auc: 0.8038 - val_loss: 0.1331 - val_auc: 0.7925 - val_auc_custom: 0.7930 - val_f1_custom: 0.6383 - val_recall_custom: 0.5556 - val_composite: 0.6279 - val_precision_aware: 0.7251 - 1s/epoch - 19ms/step
Curriculum: set focal gamma = 1.0000 (epoch 24)
Epoch 24/70
WARNING:tensorflow:Can save best model only with val_composite available, skipping.
WARNING:tensorflow:Early stopping conditioned on metric `val_composite` which is not available. Available metrics are: loss,auc,val_loss,val_auc
56/56 - 1s - loss: 0.1184 - auc: 0.8194 - val_loss: 0.1328 - val_auc: 0.7922 - val_auc_custom: 0.7918 - val_f1_custom: 0.6383 - val_recall_custom: 0.5556 - val_composite: 0.6276 - val_precision_aware: 0.7248 - 1s/epoch - 20ms/step
Curriculum: set focal gamma = 1.0000 (epoch 25)
Epoch 25/70
WARNING:tensorflow:Can save best model only with val_composite available, skipping.
WARNING:tensorflow:Early stopping conditioned on metric `val_composite` which is not available. Available metrics are: loss,auc,val_loss,val_auc
56/56 - 1s - loss: 0.1162 - auc: 0.8242 - val_loss: 0.1473 - val_auc: 0.7581 - val_auc_custom: 0.7583 - val_f1_custom: 0.6667 - val_recall_custom: 0.6667 - val_composite: 0.6850 - val_precision_aware: 0.6850 - 1s/epoch - 20ms/step
Curriculum: set focal gamma = 1.0000 (epoch 26)
Epoch 26/70
WARNING:tensorflow:Can save best model only with val_composite available, skipping.
WARNING:tensorflow:Early stopping conditioned on metric `val_composite` which is not available. Available metrics are: loss,auc,val_loss,val_auc
56/56 - 1s - loss: 0.1162 - auc: 0.8267 - val_loss: 0.1363 - val_auc: 0.7752 - val_auc_custom: 0.7753 - val_f1_custom: 0.5432 - val_recall_custom: 0.4074 - val_composite: 0.5217 - val_precision_aware: 0.7254 - 1s/epoch - 20ms/step
Curriculum: set focal gamma = 1.0000 (epoch 27)
Epoch 27/70
WARNING:tensorflow:Can save best model only with val_composite available, skipping.
WARNING:tensorflow:Early stopping conditioned on metric `val_composite` which is not available. Available metrics are: loss,auc,val_loss,val_auc
56/56 - 1s - loss: 0.1160 - auc: 0.8252 - val_loss: 0.1434 - val_auc: 0.7553 - val_auc_custom: 0.7548 - val_f1_custom: 0.6531 - val_recall_custom: 0.5926 - val_composite: 0.6432 - val_precision_aware: 0.7105 - 1s/epoch - 20ms/step
Curriculum: set focal gamma = 1.0000 (epoch 28)
Epoch 28/70
WARNING:tensorflow:Can save best model only with val_composite available, skipping.
WARNING:tensorflow:Early stopping conditioned on metric `val_composite` which is not available. Available metrics are: loss,auc,val_loss,val_auc
56/56 - 1s - loss: 0.1137 - auc: 0.8332 - val_loss: 0.1386 - val_auc: 0.7665 - val_auc_custom: 0.7660 - val_f1_custom: 0.6531 - val_recall_custom: 0.5926 - val_composite: 0.6454 - val_precision_aware: 0.7128 - 1s/epoch - 19ms/step
Curriculum: set focal gamma = 1.0000 (epoch 29)
Epoch 29/70
WARNING:tensorflow:Can save best model only with val_composite available, skipping.
WARNING:tensorflow:Early stopping conditioned on metric `val_composite` which is not available. Available metrics are: loss,auc,val_loss,val_auc
56/56 - 1s - loss: 0.1131 - auc: 0.8363 - val_loss: 0.1429 - val_auc: 0.7695 - val_auc_custom: 0.7705 - val_f1_custom: 0.6408 - val_recall_custom: 0.6111 - val_composite: 0.6519 - val_precision_aware: 0.6831 - 1s/epoch - 20ms/step
Curriculum: set focal gamma = 1.0000 (epoch 30)
Epoch 30/70
WARNING:tensorflow:Can save best model only with val_composite available, skipping.
WARNING:tensorflow:Early stopping conditioned on metric `val_composite` which is not available. Available metrics are: loss,auc,val_loss,val_auc
56/56 - 1s - loss: 0.1115 - auc: 0.8452 - val_loss: 0.1444 - val_auc: 0.7496 - val_auc_custom: 0.7497 - val_f1_custom: 0.6796 - val_recall_custom: 0.6481 - val_composite: 0.6779 - val_precision_aware: 0.7110 - 1s/epoch - 20ms/step
Curriculum: set focal gamma = 1.0000 (epoch 31)
Epoch 31/70
WARNING:tensorflow:Can save best model only with val_composite available, skipping.
WARNING:tensorflow:Early stopping conditioned on metric `val_composite` which is not available. Available metrics are: loss,auc,val_loss,val_auc
56/56 - 1s - loss: 0.1095 - auc: 0.8486 - val_loss: 0.1352 - val_auc: 0.7740 - val_auc_custom: 0.7743 - val_f1_custom: 0.6667 - val_recall_custom: 0.5926 - val_composite: 0.6512 - val_precision_aware: 0.7358 - 1s/epoch - 20ms/step
Curriculum: set focal gamma = 1.0000 (epoch 32)
Epoch 32/70
WARNING:tensorflow:Can save best model only with val_composite available, skipping.
WARNING:tensorflow:Early stopping conditioned on metric `val_composite` which is not available. Available metrics are: loss,auc,val_loss,val_auc
56/56 - 1s - loss: 0.1036 - auc: 0.8689 - val_loss: 0.1442 - val_auc: 0.7661 - val_auc_custom: 0.7670 - val_f1_custom: 0.6471 - val_recall_custom: 0.6111 - val_composite: 0.6531 - val_precision_aware: 0.6913 - 1s/epoch - 20ms/step
Curriculum: set focal gamma = 1.0000 (epoch 33)
Epoch 33/70
WARNING:tensorflow:Can save best model only with val_composite available, skipping.
WARNING:tensorflow:Early stopping conditioned on metric `val_composite` which is not available. Available metrics are: loss,auc,val_loss,val_auc
56/56 - 1s - loss: 0.1058 - auc: 0.8588 - val_loss: 0.1609 - val_auc: 0.7487 - val_auc_custom: 0.7492 - val_f1_custom: 0.6379 - val_recall_custom: 0.6852 - val_composite: 0.6838 - val_precision_aware: 0.6396 - 1s/epoch - 20ms/step
Curriculum: set focal gamma = 1.0000 (epoch 34)
Epoch 34/70
WARNING:tensorflow:Can save best model only with val_composite available, skipping.
WARNING:tensorflow:Early stopping conditioned on metric `val_composite` which is not available. Available metrics are: loss,auc,val_loss,val_auc
56/56 - 1s - loss: 0.1018 - auc: 0.8730 - val_loss: 0.1522 - val_auc: 0.7482 - val_auc_custom: 0.7487 - val_f1_custom: 0.6408 - val_recall_custom: 0.6111 - val_composite: 0.6475 - val_precision_aware: 0.6787 - 1s/epoch - 21ms/step
Curriculum: set focal gamma = 1.0000 (epoch 35)
Epoch 35/70
WARNING:tensorflow:Can save best model only with val_composite available, skipping.
WARNING:tensorflow:Early stopping conditioned on metric `val_composite` which is not available. Available metrics are: loss,auc,val_loss,val_auc
56/56 - 1s - loss: 0.1038 - auc: 0.8654 - val_loss: 0.1524 - val_auc: 0.7616 - val_auc_custom: 0.7613 - val_f1_custom: 0.6286 - val_recall_custom: 0.6111 - val_composite: 0.6464 - val_precision_aware: 0.6644 - 1s/epoch - 20ms/step
Curriculum: set focal gamma = 1.0000 (epoch 36)
Epoch 36/70
WARNING:tensorflow:Can save best model only with val_composite available, skipping.
WARNING:tensorflow:Early stopping conditioned on metric `val_composite` which is not available. Available metrics are: loss,auc,val_loss,val_auc
56/56 - 1s - loss: 0.1056 - auc: 0.8602 - val_loss: 0.1414 - val_auc: 0.7805 - val_auc_custom: 0.7810 - val_f1_custom: 0.6400 - val_recall_custom: 0.5926 - val_composite: 0.6445 - val_precision_aware: 0.6960 - 1s/epoch - 20ms/step
Curriculum: set focal gamma = 1.0000 (epoch 37)
Epoch 37/70
WARNING:tensorflow:Can save best model only with val_composite available, skipping.
WARNING:tensorflow:Early stopping conditioned on metric `val_composite` which is not available. Available metrics are: loss,auc,val_loss,val_auc
56/56 - 1s - loss: 0.1011 - auc: 0.8755 - val_loss: 0.1345 - val_auc: 0.7892 - val_auc_custom: 0.7895 - val_f1_custom: 0.6327 - val_recall_custom: 0.5741 - val_composite: 0.6347 - val_precision_aware: 0.7000 - 1s/epoch - 21ms/step
Curriculum: set focal gamma = 1.0000 (epoch 38)
Epoch 38/70
WARNING:tensorflow:Can save best model only with val_composite available, skipping.
WARNING:tensorflow:Early stopping conditioned on metric `val_composite` which is not available. Available metrics are: loss,auc,val_loss,val_auc
56/56 - 1s - loss: 0.1002 - auc: 0.8754 - val_loss: 0.1438 - val_auc: 0.7897 - val_auc_custom: 0.7898 - val_f1_custom: 0.6789 - val_recall_custom: 0.6852 - val_composite: 0.7042 - val_precision_aware: 0.6980 - 1s/epoch - 20ms/step
Curriculum: set focal gamma = 1.0000 (epoch 39)
Epoch 39/70
WARNING:tensorflow:Can save best model only with val_composite available, skipping.
WARNING:tensorflow:Early stopping conditioned on metric `val_composite` which is not available. Available metrics are: loss,auc,val_loss,val_auc
56/56 - 1s - loss: 0.0941 - auc: 0.8927 - val_loss: 0.1389 - val_auc: 0.7912 - val_auc_custom: 0.7920 - val_f1_custom: 0.6471 - val_recall_custom: 0.6111 - val_composite: 0.6581 - val_precision_aware: 0.6963 - 1s/epoch - 21ms/step
Curriculum: set focal gamma = 1.0000 (epoch 40)
Epoch 40/70
WARNING:tensorflow:Can save best model only with val_composite available, skipping.
WARNING:tensorflow:Early stopping conditioned on metric `val_composite` which is not available. Available metrics are: loss,auc,val_loss,val_auc
56/56 - 1s - loss: 0.0945 - auc: 0.8904 - val_loss: 0.1346 - val_auc: 0.8073 - val_auc_custom: 0.8073 - val_f1_custom: 0.6465 - val_recall_custom: 0.5926 - val_composite: 0.6517 - val_precision_aware: 0.7110 - 1s/epoch - 20ms/step
Curriculum: set focal gamma = 1.0000 (epoch 41)
Epoch 41/70
WARNING:tensorflow:Can save best model only with val_composite available, skipping.
WARNING:tensorflow:Early stopping conditioned on metric `val_composite` which is not available. Available metrics are: loss,auc,val_loss,val_auc
56/56 - 1s - loss: 0.0976 - auc: 0.8794 - val_loss: 0.1337 - val_auc: 0.8038 - val_auc_custom: 0.8033 - val_f1_custom: 0.6458 - val_recall_custom: 0.5741 - val_composite: 0.6414 - val_precision_aware: 0.7235 - 1s/epoch - 20ms/step
Curriculum: set focal gamma = 1.0000 (epoch 42)
Epoch 42/70
WARNING:tensorflow:Can save best model only with val_composite available, skipping.
WARNING:tensorflow:Early stopping conditioned on metric `val_composite` which is not available. Available metrics are: loss,auc,val_loss,val_auc
56/56 - 1s - loss: 0.1001 - auc: 0.8789 - val_loss: 0.1541 - val_auc: 0.7591 - val_auc_custom: 0.7595 - val_f1_custom: 0.6486 - val_recall_custom: 0.6667 - val_composite: 0.6798 - val_precision_aware: 0.6623 - 1s/epoch - 20ms/step
Curriculum: set focal gamma = 1.0000 (epoch 43)
Epoch 43/70
WARNING:tensorflow:Can save best model only with val_composite available, skipping.
WARNING:tensorflow:Early stopping conditioned on metric `val_composite` which is not available. Available metrics are: loss,auc,val_loss,val_auc
56/56 - 1s - loss: 0.1037 - auc: 0.8689 - val_loss: 0.1445 - val_auc: 0.7834 - val_auc_custom: 0.7840 - val_f1_custom: 0.5455 - val_recall_custom: 0.3889 - val_composite: 0.5149 - val_precision_aware: 0.7770 - 1s/epoch - 20ms/step
Curriculum: set focal gamma = 1.0000 (epoch 44)
Epoch 44/70
WARNING:tensorflow:Can save best model only with val_composite available, skipping.
WARNING:tensorflow:Early stopping conditioned on metric `val_composite` which is not available. Available metrics are: loss,auc,val_loss,val_auc
56/56 - 1s - loss: 0.0911 - auc: 0.9010 - val_loss: 0.1620 - val_auc: 0.7729 - val_auc_custom: 0.7738 - val_f1_custom: 0.6379 - val_recall_custom: 0.6852 - val_composite: 0.6887 - val_precision_aware: 0.6445 - 1s/epoch - 20ms/step
Curriculum: set focal gamma = 1.0000 (epoch 45)
Epoch 45/70
WARNING:tensorflow:Can save best model only with val_composite available, skipping.
WARNING:tensorflow:Early stopping conditioned on metric `val_composite` which is not available. Available metrics are: loss,auc,val_loss,val_auc
56/56 - 1s - loss: 0.0965 - auc: 0.8907 - val_loss: 0.1516 - val_auc: 0.7760 - val_auc_custom: 0.7755 - val_f1_custom: 0.6667 - val_recall_custom: 0.6852 - val_composite: 0.6977 - val_precision_aware: 0.6797 - 1s/epoch - 21ms/step
Curriculum: set focal gamma = 1.0000 (epoch 46)
Epoch 46/70
WARNING:tensorflow:Can save best model only with val_composite available, skipping.
WARNING:tensorflow:Early stopping conditioned on metric `val_composite` which is not available. Available metrics are: loss,auc,val_loss,val_auc
56/56 - 1s - loss: 0.0878 - auc: 0.9095 - val_loss: 0.1378 - val_auc: 0.7888 - val_auc_custom: 0.7883 - val_f1_custom: 0.6452 - val_recall_custom: 0.5556 - val_composite: 0.6290 - val_precision_aware: 0.7358 - 1s/epoch - 20ms/step
Curriculum: set focal gamma = 1.0000 (epoch 47)
Epoch 47/70
WARNING:tensorflow:Can save best model only with val_composite available, skipping.
WARNING:tensorflow:Early stopping conditioned on metric `val_composite` which is not available. Available metrics are: loss,auc,val_loss,val_auc
56/56 - 1s - loss: 0.0971 - auc: 0.8911 - val_loss: 0.1769 - val_auc: 0.7550 - val_auc_custom: 0.7543 - val_f1_custom: 0.6333 - val_recall_custom: 0.7037 - val_composite: 0.6927 - val_precision_aware: 0.6287 - 1s/epoch - 20ms/step
Curriculum: set focal gamma = 1.0000 (epoch 48)
Epoch 48/70
WARNING:tensorflow:Can save best model only with val_composite available, skipping.
WARNING:tensorflow:Early stopping conditioned on metric `val_composite` which is not available. Available metrics are: loss,auc,val_loss,val_auc
56/56 - 1s - loss: 0.0931 - auc: 0.9010 - val_loss: 0.1420 - val_auc: 0.7932 - val_auc_custom: 0.7923 - val_f1_custom: 0.5581 - val_recall_custom: 0.4444 - val_composite: 0.5481 - val_precision_aware: 0.7009 - 1s/epoch - 21ms/step
Curriculum: set focal gamma = 1.0000 (epoch 49)
Epoch 49/70
WARNING:tensorflow:Can save best model only with val_composite available, skipping.
WARNING:tensorflow:Early stopping conditioned on metric `val_composite` which is not available. Available metrics are: loss,auc,val_loss,val_auc
56/56 - 1s - loss: 0.0884 - auc: 0.9094 - val_loss: 0.1327 - val_auc: 0.8052 - val_auc_custom: 0.8043 - val_f1_custom: 0.6263 - val_recall_custom: 0.5741 - val_composite: 0.6358 - val_precision_aware: 0.6932 - 1s/epoch - 20ms/step
Curriculum: set focal gamma = 1.0000 (epoch 50)
Epoch 50/70
WARNING:tensorflow:Can save best model only with val_composite available, skipping.
WARNING:tensorflow:Early stopping conditioned on metric `val_composite` which is not available. Available metrics are: loss,auc,val_loss,val_auc
56/56 - 1s - loss: 0.0901 - auc: 0.9047 - val_loss: 0.1454 - val_auc: 0.7809 - val_auc_custom: 0.7805 - val_f1_custom: 0.6538 - val_recall_custom: 0.6296 - val_composite: 0.6671 - val_precision_aware: 0.6923 - 1s/epoch - 20ms/step
Curriculum: set focal gamma = 1.0000 (epoch 51)
Epoch 51/70
WARNING:tensorflow:Can save best model only with val_composite available, skipping.
WARNING:tensorflow:Early stopping conditioned on metric `val_composite` which is not available. Available metrics are: loss,auc,val_loss,val_auc
56/56 - 1s - loss: 0.0858 - auc: 0.9140 - val_loss: 0.1377 - val_auc: 0.8016 - val_auc_custom: 0.8016 - val_f1_custom: 0.6667 - val_recall_custom: 0.6111 - val_composite: 0.6659 - val_precision_aware: 0.7270 - 1s/epoch - 20ms/step
Curriculum: set focal gamma = 1.0000 (epoch 52)
Epoch 52/70
WARNING:tensorflow:Can save best model only with val_composite available, skipping.
WARNING:tensorflow:Early stopping conditioned on metric `val_composite` which is not available. Available metrics are: loss,auc,val_loss,val_auc
56/56 - 1s - loss: 0.0805 - auc: 0.9241 - val_loss: 0.1579 - val_auc: 0.7794 - val_auc_custom: 0.7790 - val_f1_custom: 0.6852 - val_recall_custom: 0.6852 - val_composite: 0.7040 - val_precision_aware: 0.7040 - 1s/epoch - 21ms/step
Curriculum: set focal gamma = 1.0000 (epoch 53)
Epoch 53/70
WARNING:tensorflow:Can save best model only with val_composite available, skipping.
WARNING:tensorflow:Early stopping conditioned on metric `val_composite` which is not available. Available metrics are: loss,auc,val_loss,val_auc
56/56 - 1s - loss: 0.0839 - auc: 0.9196 - val_loss: 0.1649 - val_auc: 0.7658 - val_auc_custom: 0.7655 - val_f1_custom: 0.6667 - val_recall_custom: 0.6852 - val_composite: 0.6957 - val_precision_aware: 0.6777 - 1s/epoch - 22ms/step
Curriculum: set focal gamma = 1.0000 (epoch 54)
Epoch 54/70
WARNING:tensorflow:Can save best model only with val_composite available, skipping.
WARNING:tensorflow:Early stopping conditioned on metric `val_composite` which is not available. Available metrics are: loss,auc,val_loss,val_auc
56/56 - 1s - loss: 0.0817 - auc: 0.9232 - val_loss: 0.1416 - val_auc: 0.7885 - val_auc_custom: 0.7880 - val_f1_custom: 0.6804 - val_recall_custom: 0.6111 - val_composite: 0.6673 - val_precision_aware: 0.7455 - 1s/epoch - 21ms/step
Curriculum: set focal gamma = 1.0000 (epoch 55)
Epoch 55/70
WARNING:tensorflow:Can save best model only with val_composite available, skipping.
WARNING:tensorflow:Early stopping conditioned on metric `val_composite` which is not available. Available metrics are: loss,auc,val_loss,val_auc
56/56 - 1s - loss: 0.0765 - auc: 0.9335 - val_loss: 0.1875 - val_auc: 0.7949 - val_auc_custom: 0.7953 - val_f1_custom: 0.6777 - val_recall_custom: 0.7593 - val_composite: 0.7420 - val_precision_aware: 0.6683 - 1s/epoch - 20ms/step
Curriculum: set focal gamma = 1.0000 (epoch 56)
Epoch 56/70
WARNING:tensorflow:Can save best model only with val_composite available, skipping.
WARNING:tensorflow:Early stopping conditioned on metric `val_composite` which is not available. Available metrics are: loss,auc,val_loss,val_auc
56/56 - 1s - loss: 0.0789 - auc: 0.9268 - val_loss: 0.1423 - val_auc: 0.7940 - val_auc_custom: 0.7945 - val_f1_custom: 0.5778 - val_recall_custom: 0.4815 - val_composite: 0.5730 - val_precision_aware: 0.6934 - 1s/epoch - 21ms/step
Curriculum: set focal gamma = 1.0000 (epoch 57)
Epoch 57/70
WARNING:tensorflow:Can save best model only with val_composite available, skipping.
WARNING:tensorflow:Early stopping conditioned on metric `val_composite` which is not available. Available metrics are: loss,auc,val_loss,val_auc
56/56 - 1s - loss: 0.0816 - auc: 0.9206 - val_loss: 0.1657 - val_auc: 0.7794 - val_auc_custom: 0.7793 - val_f1_custom: 0.6486 - val_recall_custom: 0.6667 - val_composite: 0.6838 - val_precision_aware: 0.6662 - 1s/epoch - 20ms/step
Curriculum: set focal gamma = 1.0000 (epoch 58)
Epoch 58/70
WARNING:tensorflow:Can save best model only with val_composite available, skipping.
WARNING:tensorflow:Early stopping conditioned on metric `val_composite` which is not available. Available metrics are: loss,auc,val_loss,val_auc
56/56 - 1s - loss: 0.0756 - auc: 0.9306 - val_loss: 0.1614 - val_auc: 0.7975 - val_auc_custom: 0.7978 - val_f1_custom: 0.6481 - val_recall_custom: 0.6481 - val_composite: 0.6781 - val_precision_aware: 0.6781 - 1s/epoch - 21ms/step
Curriculum: set focal gamma = 1.0000 (epoch 59)
Epoch 59/70
WARNING:tensorflow:Can save best model only with val_composite available, skipping.
WARNING:tensorflow:Early stopping conditioned on metric `val_composite` which is not available. Available metrics are: loss,auc,val_loss,val_auc
56/56 - 1s - loss: 0.0777 - auc: 0.9303 - val_loss: 0.1562 - val_auc: 0.7884 - val_auc_custom: 0.7878 - val_f1_custom: 0.6792 - val_recall_custom: 0.6667 - val_composite: 0.6947 - val_precision_aware: 0.7075 - 1s/epoch - 21ms/step
Curriculum: set focal gamma = 1.0000 (epoch 60)
Epoch 60/70
WARNING:tensorflow:Can save best model only with val_composite available, skipping.
WARNING:tensorflow:Early stopping conditioned on metric `val_composite` which is not available. Available metrics are: loss,auc,val_loss,val_auc
56/56 - 1s - loss: 0.0744 - auc: 0.9357 - val_loss: 0.1409 - val_auc: 0.7850 - val_auc_custom: 0.7853 - val_f1_custom: 0.6383 - val_recall_custom: 0.5556 - val_composite: 0.6263 - val_precision_aware: 0.7235 - 1s/epoch - 21ms/step
Curriculum: set focal gamma = 1.0000 (epoch 61)
Epoch 61/70
WARNING:tensorflow:Can save best model only with val_composite available, skipping.
WARNING:tensorflow:Early stopping conditioned on metric `val_composite` which is not available. Available metrics are: loss,auc,val_loss,val_auc
56/56 - 1s - loss: 0.0767 - auc: 0.9304 - val_loss: 0.1603 - val_auc: 0.7674 - val_auc_custom: 0.7665 - val_f1_custom: 0.6355 - val_recall_custom: 0.6296 - val_composite: 0.6588 - val_precision_aware: 0.6647 - 1s/epoch - 21ms/step
Curriculum: set focal gamma = 1.0000 (epoch 62)
Epoch 62/70
WARNING:tensorflow:Can save best model only with val_composite available, skipping.
WARNING:tensorflow:Early stopping conditioned on metric `val_composite` which is not available. Available metrics are: loss,auc,val_loss,val_auc
56/56 - 1s - loss: 0.0779 - auc: 0.9262 - val_loss: 0.1469 - val_auc: 0.7839 - val_auc_custom: 0.7845 - val_f1_custom: 0.6400 - val_recall_custom: 0.5926 - val_composite: 0.6452 - val_precision_aware: 0.6967 - 1s/epoch - 21ms/step
Curriculum: set focal gamma = 1.0000 (epoch 63)
Epoch 63/70
WARNING:tensorflow:Can save best model only with val_composite available, skipping.
WARNING:tensorflow:Early stopping conditioned on metric `val_composite` which is not available. Available metrics are: loss,auc,val_loss,val_auc
56/56 - 1s - loss: 0.0755 - auc: 0.9314 - val_loss: 0.1725 - val_auc: 0.7898 - val_auc_custom: 0.7905 - val_f1_custom: 0.6609 - val_recall_custom: 0.7037 - val_composite: 0.7082 - val_precision_aware: 0.6678 - 1s/epoch - 20ms/step
Curriculum: set focal gamma = 1.0000 (epoch 64)
Epoch 64/70
WARNING:tensorflow:Can save best model only with val_composite available, skipping.
WARNING:tensorflow:Early stopping conditioned on metric `val_composite` which is not available. Available metrics are: loss,auc,val_loss,val_auc
56/56 - 1s - loss: 0.0699 - auc: 0.9409 - val_loss: 0.1450 - val_auc: 0.7942 - val_auc_custom: 0.7935 - val_f1_custom: 0.6531 - val_recall_custom: 0.5926 - val_composite: 0.6509 - val_precision_aware: 0.7183 - 1s/epoch - 20ms/step
Curriculum: set focal gamma = 1.0000 (epoch 65)
Epoch 65/70
WARNING:tensorflow:Can save best model only with val_composite available, skipping.
WARNING:tensorflow:Early stopping conditioned on metric `val_composite` which is not available. Available metrics are: loss,auc,val_loss,val_auc
56/56 - 1s - loss: 0.0652 - auc: 0.9511 - val_loss: 0.2071 - val_auc: 0.7628 - val_auc_custom: 0.7628 - val_f1_custom: 0.5968 - val_recall_custom: 0.6852 - val_composite: 0.6742 - val_precision_aware: 0.5959 - 1s/epoch - 20ms/step
Curriculum: set focal gamma = 1.0000 (epoch 66)
Epoch 66/70
WARNING:tensorflow:Can save best model only with val_composite available, skipping.
WARNING:tensorflow:Early stopping conditioned on metric `val_composite` which is not available. Available metrics are: loss,auc,val_loss,val_auc
56/56 - 1s - loss: 0.0748 - auc: 0.9345 - val_loss: 0.1843 - val_auc: 0.7968 - val_auc_custom: 0.7975 - val_f1_custom: 0.6549 - val_recall_custom: 0.6852 - val_composite: 0.6986 - val_precision_aware: 0.6695 - 1s/epoch - 21ms/step
Curriculum: set focal gamma = 1.0000 (epoch 67)
Epoch 67/70
WARNING:tensorflow:Can save best model only with val_composite available, skipping.
WARNING:tensorflow:Early stopping conditioned on metric `val_composite` which is not available. Available metrics are: loss,auc,val_loss,val_auc
56/56 - 1s - loss: 0.0734 - auc: 0.9420 - val_loss: 0.1989 - val_auc: 0.7633 - val_auc_custom: 0.7640 - val_f1_custom: 0.6387 - val_recall_custom: 0.7037 - val_composite: 0.6963 - val_precision_aware: 0.6367 - 1s/epoch - 20ms/step
Curriculum: set focal gamma = 1.0000 (epoch 68)
Epoch 68/70
WARNING:tensorflow:Can save best model only with val_composite available, skipping.
WARNING:tensorflow:Early stopping conditioned on metric `val_composite` which is not available. Available metrics are: loss,auc,val_loss,val_auc
56/56 - 1s - loss: 0.0786 - auc: 0.9315 - val_loss: 0.1473 - val_auc: 0.7835 - val_auc_custom: 0.7835 - val_f1_custom: 0.6186 - val_recall_custom: 0.5556 - val_composite: 0.6201 - val_precision_aware: 0.6911 - 1s/epoch - 21ms/step
Curriculum: set focal gamma = 1.0000 (epoch 69)
Epoch 69/70
WARNING:tensorflow:Can save best model only with val_composite available, skipping.
WARNING:tensorflow:Early stopping conditioned on metric `val_composite` which is not available. Available metrics are: loss,auc,val_loss,val_auc
56/56 - 1s - loss: 0.0743 - auc: 0.9404 - val_loss: 0.2098 - val_auc: 0.7675 - val_auc_custom: 0.7680 - val_f1_custom: 0.6560 - val_recall_custom: 0.7593 - val_composite: 0.7300 - val_precision_aware: 0.6391 - 1s/epoch - 20ms/step
Curriculum: set focal gamma = 1.0000 (epoch 70)
Epoch 70/70
WARNING:tensorflow:Can save best model only with val_composite available, skipping.
WARNING:tensorflow:Early stopping conditioned on metric `val_composite` which is not available. Available metrics are: loss,auc,val_loss,val_auc
56/56 - 1s - loss: 0.0643 - auc: 0.9553 - val_loss: 0.1751 - val_auc: 0.7659 - val_auc_custom: 0.7665 - val_f1_custom: 0.6481 - val_recall_custom: 0.6481 - val_composite: 0.6718 - val_precision_aware: 0.6718 - 1s/epoch - 21ms/step
Saved final weights to result_multi_seed_composite_center/seed9/01/final.weights
Mask config -> mode=soft, threshold=0.6, window_gate=None
Done. Results saved to result_multi_seed_composite_center/seed9/01
