2025-09-17 02:52:06.944732: I tensorflow/core/util/port.cc:110] oneDNN custom operations are on. You may see slightly different numerical results due to floating-point round-off errors from different computation orders. To turn them off, set the environment variable `TF_ENABLE_ONEDNN_OPTS=0`.
2025-09-17 02:52:06.977884: I tensorflow/core/platform/cpu_feature_guard.cc:182] This TensorFlow binary is optimized to use available CPU instructions in performance-critical operations.
To enable the following instructions: AVX2 AVX_VNNI FMA, in other operations, rebuild TensorFlow with the appropriate compiler flags.
2025-09-17 02:52:07.428588: W tensorflow/compiler/tf2tensorrt/utils/py_utils.cc:38] TF-TRT Warning: Could not find TensorRT
2025-09-17 02:52:07.872766: I tensorflow/compiler/xla/stream_executor/cuda/cuda_gpu_executor.cc:981] could not open file to read NUMA node: /sys/bus/pci/devices/0000:01:00.0/numa_node
Your kernel may have been built without NUMA support.
2025-09-17 02:52:07.891549: I tensorflow/compiler/xla/stream_executor/cuda/cuda_gpu_executor.cc:981] could not open file to read NUMA node: /sys/bus/pci/devices/0000:01:00.0/numa_node
Your kernel may have been built without NUMA support.
2025-09-17 02:52:07.891655: I tensorflow/compiler/xla/stream_executor/cuda/cuda_gpu_executor.cc:981] could not open file to read NUMA node: /sys/bus/pci/devices/0000:01:00.0/numa_node
Your kernel may have been built without NUMA support.
2025-09-17 02:52:07.892808: I tensorflow/compiler/xla/stream_executor/cuda/cuda_gpu_executor.cc:981] could not open file to read NUMA node: /sys/bus/pci/devices/0000:01:00.0/numa_node
Your kernel may have been built without NUMA support.
2025-09-17 02:52:07.892882: I tensorflow/compiler/xla/stream_executor/cuda/cuda_gpu_executor.cc:981] could not open file to read NUMA node: /sys/bus/pci/devices/0000:01:00.0/numa_node
Your kernel may have been built without NUMA support.
2025-09-17 02:52:07.892904: I tensorflow/compiler/xla/stream_executor/cuda/cuda_gpu_executor.cc:981] could not open file to read NUMA node: /sys/bus/pci/devices/0000:01:00.0/numa_node
Your kernel may have been built without NUMA support.
2025-09-17 02:52:07.995062: I tensorflow/compiler/xla/stream_executor/cuda/cuda_gpu_executor.cc:981] could not open file to read NUMA node: /sys/bus/pci/devices/0000:01:00.0/numa_node
Your kernel may have been built without NUMA support.
2025-09-17 02:52:07.995177: I tensorflow/compiler/xla/stream_executor/cuda/cuda_gpu_executor.cc:981] could not open file to read NUMA node: /sys/bus/pci/devices/0000:01:00.0/numa_node
Your kernel may have been built without NUMA support.
2025-09-17 02:52:07.995186: I tensorflow/core/common_runtime/gpu/gpu_device.cc:1726] Could not identify NUMA node of platform GPU id 0, defaulting to 0.  Your kernel may not have been built with NUMA support.
2025-09-17 02:52:07.995210: I tensorflow/compiler/xla/stream_executor/cuda/cuda_gpu_executor.cc:981] could not open file to read NUMA node: /sys/bus/pci/devices/0000:01:00.0/numa_node
Your kernel may have been built without NUMA support.
2025-09-17 02:52:07.995234: I tensorflow/core/common_runtime/gpu/gpu_device.cc:1639] Created device /job:localhost/replica:0/task:0/device:GPU:0 with 9517 MB memory:  -> device: 0, name: NVIDIA GeForce RTX 4070 SUPER, pci bus id: 0000:01:00.0, compute capability: 8.9
GPU detected: 1 physical, 1 logical -> ['/device:GPU:0']
Config: batch=16, accumulate_steps=8 -> effective_batch=128
Loaded (1276, 36, 75) (1276,)
Using mask channel "occlusion_flag" from long_raw (index 7)
Model: "cnn_bilstm_attn_masked"
__________________________________________________________________________________________________
 Layer (type)                Output Shape                 Param #   Connected to                  
==================================================================================================
 input (InputLayer)          [(None, 36, 75)]             0         []                            
                                                                                                  
 permute_time_features (Per  (None, 75, 36)               0         ['input[0][0]']               
 mute)                                                                                            
                                                                                                  
 conv0 (Conv1D)              (None, 75, 64)               6976      ['permute_time_features[0][0]'
                                                                    ]                             
                                                                                                  
 bn0 (BatchNormalization)    (None, 75, 64)               256       ['conv0[0][0]']               
                                                                                                  
 act0 (Activation)           (None, 75, 64)               0         ['bn0[0][0]']                 
                                                                                                  
 conv_dropout0 (Dropout)     (None, 75, 64)               0         ['act0[0][0]']                
                                                                                                  
 conv1 (Conv1D)              (None, 75, 64)               20544     ['conv_dropout0[0][0]']       
                                                                                                  
 bn1 (BatchNormalization)    (None, 75, 64)               256       ['conv1[0][0]']               
                                                                                                  
 act1 (Activation)           (None, 75, 64)               0         ['bn1[0][0]']                 
                                                                                                  
 conv_dropout1 (Dropout)     (None, 75, 64)               0         ['act1[0][0]']                
                                                                                                  
 conv2 (Conv1D)              (None, 75, 64)               12352     ['conv_dropout1[0][0]']       
                                                                                                  
 bn2 (BatchNormalization)    (None, 75, 64)               256       ['conv2[0][0]']               
                                                                                                  
 act2 (Activation)           (None, 75, 64)               0         ['bn2[0][0]']                 
                                                                                                  
 conv_dropout2 (Dropout)     (None, 75, 64)               0         ['act2[0][0]']                
                                                                                                  
 bilstm (Bidirectional)      (None, 75, 128)              66048     ['conv_dropout2[0][0]']       
                                                                                                  
 mlp_attn_u (Dense)          (None, 75, 32)               4128      ['bilstm[0][0]']              
                                                                                                  
 mlp_attn_score (Dense)      (None, 75, 1)                33        ['mlp_attn_u[0][0]']          
                                                                                                  
 mlp_attn_squeeze (Lambda)   (None, 75)                   0         ['mlp_attn_score[0][0]']      
                                                                                                  
 attn_mask (InputLayer)      [(None, 75)]                 0         []                            
                                                                                                  
 mlp_attn_apply_mask (Lambd  (None, 75)                   0         ['mlp_attn_squeeze[0][0]',    
 a)                                                                  'attn_mask[0][0]']           
                                                                                                  
 mlp_attn_softmax (Lambda)   (None, 75)                   0         ['mlp_attn_apply_mask[0][0]'] 
                                                                                                  
 mlp_attn_expand (Lambda)    (None, 75, 1)                0         ['mlp_attn_softmax[0][0]']    
                                                                                                  
 mlp_attn_weighted (Lambda)  (None, 128)                  0         ['bilstm[0][0]',              
                                                                     'mlp_attn_expand[0][0]']     
                                                                                                  
 fc1 (Dense)                 (None, 64)                   8256      ['mlp_attn_weighted[0][0]']   
                                                                                                  
 fc_dropout (Dropout)        (None, 64)                   0         ['fc1[0][0]']                 
                                                                                                  
 out (Dense)                 (None, 1)                    65        ['fc_dropout[0][0]']          
                                                                                                  
==================================================================================================
Total params: 119171 (465.51 KB)
Trainable params: 118786 (464.01 KB)
Non-trainable params: 385 (1.50 KB)
__________________________________________________________________________________________________
None
Writing results to /home/user/projects/train/model/long_window/CNN_BiLSTM/result_focal_sweep/cw01_fg05/01
Curriculum: set focal gamma = 0.0000 (epoch 1)
Epoch 1/70
2025-09-17 02:52:13.025295: I tensorflow/compiler/xla/stream_executor/cuda/cuda_dnn.cc:432] Loaded cuDNN version 8600
2025-09-17 02:52:13.121409: I tensorflow/tsl/platform/default/subprocess.cc:304] Start cannot spawn child process: No such file or directory
2025-09-17 02:52:13.278786: I tensorflow/compiler/xla/stream_executor/cuda/cuda_blas.cc:606] TensorFloat-32 will be used for the matrix multiplication. This will only be logged once.
2025-09-17 02:52:13.631051: I tensorflow/compiler/xla/service/service.cc:168] XLA service 0x581c3f7afb90 initialized for platform CUDA (this does not guarantee that XLA will be used). Devices:
2025-09-17 02:52:13.631102: I tensorflow/compiler/xla/service/service.cc:176]   StreamExecutor device (0): NVIDIA GeForce RTX 4070 SUPER, Compute Capability 8.9
2025-09-17 02:52:13.635715: I tensorflow/compiler/mlir/tensorflow/utils/dump_mlir_util.cc:255] disabling MLIR crash reproducer, set env var `MLIR_CRASH_REPRODUCER_DIRECTORY` to enable.
2025-09-17 02:52:13.697181: I tensorflow/tsl/platform/default/subprocess.cc:304] Start cannot spawn child process: No such file or directory
2025-09-17 02:52:13.735897: I ./tensorflow/compiler/jit/device_compiler.h:186] Compiled cluster using XLA!  This line is logged at most once for the lifetime of the process.
56/56 - 8s - loss: 0.3397 - auc: 0.5105 - val_loss: 0.3416 - val_auc: 0.5497 - val_auc_custom: 0.5479 - val_f1_custom: 0.0000e+00 - val_recall_custom: 0.0000e+00 - 8s/epoch - 135ms/step
Curriculum: set focal gamma = 0.0526 (epoch 2)
Epoch 2/70
56/56 - 1s - loss: 0.2150 - auc: 0.5150 - val_loss: 0.2423 - val_auc: 0.5170 - val_auc_custom: 0.5200 - val_f1_custom: 0.0000e+00 - val_recall_custom: 0.0000e+00 - 1s/epoch - 22ms/step
Curriculum: set focal gamma = 0.1053 (epoch 3)
Epoch 3/70
56/56 - 1s - loss: 0.1529 - auc: 0.5116 - val_loss: 0.1600 - val_auc: 0.5293 - val_auc_custom: 0.5298 - val_f1_custom: 0.0000e+00 - val_recall_custom: 0.0000e+00 - 1s/epoch - 23ms/step
Curriculum: set focal gamma = 0.1579 (epoch 4)
Epoch 4/70
56/56 - 1s - loss: 0.1326 - auc: 0.5636 - val_loss: 0.1320 - val_auc: 0.5513 - val_auc_custom: 0.5479 - val_f1_custom: 0.0000e+00 - val_recall_custom: 0.0000e+00 - 1s/epoch - 24ms/step
Curriculum: set focal gamma = 0.2105 (epoch 5)
Epoch 5/70
56/56 - 1s - loss: 0.1300 - auc: 0.5797 - val_loss: 0.1276 - val_auc: 0.5670 - val_auc_custom: 0.5713 - val_f1_custom: 0.0000e+00 - val_recall_custom: 0.0000e+00 - 1s/epoch - 24ms/step
Curriculum: set focal gamma = 0.2632 (epoch 6)
Epoch 6/70
56/56 - 1s - loss: 0.1253 - auc: 0.5768 - val_loss: 0.1228 - val_auc: 0.5781 - val_auc_custom: 0.5784 - val_f1_custom: 0.0000e+00 - val_recall_custom: 0.0000e+00 - 1s/epoch - 24ms/step
Curriculum: set focal gamma = 0.3158 (epoch 7)
Epoch 7/70
56/56 - -2s - loss: 0.1175 - auc: 0.6116 - val_loss: 0.1170 - val_auc: 0.5855 - val_auc_custom: 0.5879 - val_f1_custom: 0.0000e+00 - val_recall_custom: 0.0000e+00 - -1537750us/epoch - -27460us/step
Curriculum: set focal gamma = 0.3684 (epoch 8)
Epoch 8/70
56/56 - 1s - loss: 0.1112 - auc: 0.6310 - val_loss: 0.1123 - val_auc: 0.5912 - val_auc_custom: 0.5897 - val_f1_custom: 0.0000e+00 - val_recall_custom: 0.0000e+00 - 1s/epoch - 25ms/step
Curriculum: set focal gamma = 0.4211 (epoch 9)
Epoch 9/70
56/56 - 1s - loss: 0.1072 - auc: 0.6383 - val_loss: 0.1084 - val_auc: 0.5883 - val_auc_custom: 0.5877 - val_f1_custom: 0.0000e+00 - val_recall_custom: 0.0000e+00 - 1s/epoch - 22ms/step
Curriculum: set focal gamma = 0.4737 (epoch 10)
Epoch 10/70
56/56 - 1s - loss: 0.1052 - auc: 0.6020 - val_loss: 0.1050 - val_auc: 0.5833 - val_auc_custom: 0.5867 - val_f1_custom: 0.0000e+00 - val_recall_custom: 0.0000e+00 - 1s/epoch - 23ms/step
Curriculum: set focal gamma = 0.5263 (epoch 11)
Epoch 11/70
56/56 - 1s - loss: 0.1002 - auc: 0.6365 - val_loss: 0.1017 - val_auc: 0.5757 - val_auc_custom: 0.5799 - val_f1_custom: 0.0000e+00 - val_recall_custom: 0.0000e+00 - 1s/epoch - 23ms/step
Curriculum: set focal gamma = 0.5789 (epoch 12)
Epoch 12/70
56/56 - 1s - loss: 0.0982 - auc: 0.6146 - val_loss: 0.0983 - val_auc: 0.5779 - val_auc_custom: 0.5784 - val_f1_custom: 0.0000e+00 - val_recall_custom: 0.0000e+00 - 1s/epoch - 22ms/step
Curriculum: set focal gamma = 0.6316 (epoch 13)
Epoch 13/70
56/56 - 1s - loss: 0.0916 - auc: 0.6661 - val_loss: 0.0950 - val_auc: 0.5764 - val_auc_custom: 0.5786 - val_f1_custom: 0.0000e+00 - val_recall_custom: 0.0000e+00 - 1s/epoch - 23ms/step
Curriculum: set focal gamma = 0.6842 (epoch 14)
Epoch 14/70
56/56 - 1s - loss: 0.0897 - auc: 0.6516 - val_loss: 0.0916 - val_auc: 0.5816 - val_auc_custom: 0.5799 - val_f1_custom: 0.0000e+00 - val_recall_custom: 0.0000e+00 - 1s/epoch - 22ms/step
Curriculum: set focal gamma = 0.7368 (epoch 15)
Epoch 15/70
56/56 - 1s - loss: 0.0862 - auc: 0.6557 - val_loss: 0.0884 - val_auc: 0.5811 - val_auc_custom: 0.5819 - val_f1_custom: 0.0000e+00 - val_recall_custom: 0.0000e+00 - 1s/epoch - 23ms/step
Curriculum: set focal gamma = 0.7895 (epoch 16)
Epoch 16/70
56/56 - 1s - loss: 0.0829 - auc: 0.6608 - val_loss: 0.0855 - val_auc: 0.5889 - val_auc_custom: 0.5864 - val_f1_custom: 0.0000e+00 - val_recall_custom: 0.0000e+00 - 1s/epoch - 22ms/step
Curriculum: set focal gamma = 0.8421 (epoch 17)
Epoch 17/70
56/56 - 1s - loss: 0.0801 - auc: 0.6648 - val_loss: 0.0825 - val_auc: 0.5888 - val_auc_custom: 0.5904 - val_f1_custom: 0.0000e+00 - val_recall_custom: 0.0000e+00 - 1s/epoch - 23ms/step
Curriculum: set focal gamma = 0.8947 (epoch 18)
Epoch 18/70
56/56 - 1s - loss: 0.0768 - auc: 0.6772 - val_loss: 0.0798 - val_auc: 0.5953 - val_auc_custom: 0.5930 - val_f1_custom: 0.0000e+00 - val_recall_custom: 0.0000e+00 - 1s/epoch - 24ms/step
Curriculum: set focal gamma = 0.9474 (epoch 19)
Epoch 19/70
56/56 - 1s - loss: 0.0740 - auc: 0.6848 - val_loss: 0.0771 - val_auc: 0.6034 - val_auc_custom: 0.6005 - val_f1_custom: 0.0000e+00 - val_recall_custom: 0.0000e+00 - 1s/epoch - 25ms/step
Curriculum: set focal gamma = 1.0000 (epoch 20)
Epoch 20/70
56/56 - 1s - loss: 0.0720 - auc: 0.6775 - val_loss: 0.0745 - val_auc: 0.6113 - val_auc_custom: 0.6073 - val_f1_custom: 0.0000e+00 - val_recall_custom: 0.0000e+00 - 1s/epoch - 24ms/step
Curriculum: set focal gamma = 1.0000 (epoch 21)
Epoch 21/70
56/56 - 1s - loss: 0.0706 - auc: 0.6988 - val_loss: 0.0744 - val_auc: 0.6150 - val_auc_custom: 0.6128 - val_f1_custom: 0.0000e+00 - val_recall_custom: 0.0000e+00 - 1s/epoch - 26ms/step
Curriculum: set focal gamma = 1.0000 (epoch 22)
Epoch 22/70
56/56 - 1s - loss: 0.0706 - auc: 0.6977 - val_loss: 0.0743 - val_auc: 0.6211 - val_auc_custom: 0.6214 - val_f1_custom: 0.0000e+00 - val_recall_custom: 0.0000e+00 - 1s/epoch - 25ms/step
Curriculum: set focal gamma = 1.0000 (epoch 23)
Epoch 23/70
56/56 - 1s - loss: 0.0715 - auc: 0.6887 - val_loss: 0.0739 - val_auc: 0.6260 - val_auc_custom: 0.6272 - val_f1_custom: 0.0000e+00 - val_recall_custom: 0.0000e+00 - 1s/epoch - 25ms/step
Curriculum: set focal gamma = 1.0000 (epoch 24)
Epoch 24/70
56/56 - 1s - loss: 0.0689 - auc: 0.7135 - val_loss: 0.0741 - val_auc: 0.6299 - val_auc_custom: 0.6325 - val_f1_custom: 0.0000e+00 - val_recall_custom: 0.0000e+00 - 1s/epoch - 26ms/step
Curriculum: set focal gamma = 1.0000 (epoch 25)
Epoch 25/70
56/56 - 1s - loss: 0.0675 - auc: 0.7382 - val_loss: 0.0744 - val_auc: 0.6391 - val_auc_custom: 0.6403 - val_f1_custom: 0.0370 - val_recall_custom: 0.0189 - 1s/epoch - 25ms/step
Curriculum: set focal gamma = 1.0000 (epoch 26)
Epoch 26/70
56/56 - 1s - loss: 0.0682 - auc: 0.7300 - val_loss: 0.0746 - val_auc: 0.6475 - val_auc_custom: 0.6475 - val_f1_custom: 0.0370 - val_recall_custom: 0.0189 - 1s/epoch - 25ms/step
Curriculum: set focal gamma = 1.0000 (epoch 27)
Epoch 27/70
56/56 - 1s - loss: 0.0671 - auc: 0.7541 - val_loss: 0.0748 - val_auc: 0.6547 - val_auc_custom: 0.6523 - val_f1_custom: 0.0727 - val_recall_custom: 0.0377 - 1s/epoch - 24ms/step
Curriculum: set focal gamma = 1.0000 (epoch 28)
Epoch 28/70
56/56 - 1s - loss: 0.0678 - auc: 0.7434 - val_loss: 0.0756 - val_auc: 0.6521 - val_auc_custom: 0.6523 - val_f1_custom: 0.0370 - val_recall_custom: 0.0189 - 1s/epoch - 22ms/step
Curriculum: set focal gamma = 1.0000 (epoch 29)
Epoch 29/70
56/56 - 1s - loss: 0.0665 - auc: 0.7595 - val_loss: 0.0764 - val_auc: 0.6555 - val_auc_custom: 0.6558 - val_f1_custom: 0.1071 - val_recall_custom: 0.0566 - 1s/epoch - 25ms/step
Curriculum: set focal gamma = 1.0000 (epoch 30)
Epoch 30/70
56/56 - 1s - loss: 0.0658 - auc: 0.7675 - val_loss: 0.0764 - val_auc: 0.6610 - val_auc_custom: 0.6624 - val_f1_custom: 0.1071 - val_recall_custom: 0.0566 - 1s/epoch - 25ms/step
Curriculum: set focal gamma = 1.0000 (epoch 31)
Epoch 31/70
56/56 - 1s - loss: 0.0637 - auc: 0.7881 - val_loss: 0.0755 - val_auc: 0.6762 - val_auc_custom: 0.6760 - val_f1_custom: 0.1071 - val_recall_custom: 0.0566 - 1s/epoch - 25ms/step
Curriculum: set focal gamma = 1.0000 (epoch 32)
Epoch 32/70
56/56 - -2s - loss: 0.0645 - auc: 0.7826 - val_loss: 0.0775 - val_auc: 0.6692 - val_auc_custom: 0.6694 - val_f1_custom: 0.1071 - val_recall_custom: 0.0566 - -1543029us/epoch - -27554us/step
Curriculum: set focal gamma = 1.0000 (epoch 33)
Epoch 33/70
56/56 - 1s - loss: 0.0634 - auc: 0.7932 - val_loss: 0.0793 - val_auc: 0.6785 - val_auc_custom: 0.6777 - val_f1_custom: 0.1356 - val_recall_custom: 0.0755 - 1s/epoch - 25ms/step
Curriculum: set focal gamma = 1.0000 (epoch 34)
Epoch 34/70
56/56 - 1s - loss: 0.0625 - auc: 0.7977 - val_loss: 0.0776 - val_auc: 0.6946 - val_auc_custom: 0.6948 - val_f1_custom: 0.1053 - val_recall_custom: 0.0566 - 1s/epoch - 25ms/step
Curriculum: set focal gamma = 1.0000 (epoch 35)
Epoch 35/70
56/56 - 1s - loss: 0.0632 - auc: 0.7846 - val_loss: 0.0827 - val_auc: 0.6796 - val_auc_custom: 0.6800 - val_f1_custom: 0.1333 - val_recall_custom: 0.0755 - 1s/epoch - 25ms/step
Curriculum: set focal gamma = 1.0000 (epoch 36)
Epoch 36/70
56/56 - 1s - loss: 0.0628 - auc: 0.7914 - val_loss: 0.0833 - val_auc: 0.6727 - val_auc_custom: 0.6725 - val_f1_custom: 0.1639 - val_recall_custom: 0.0943 - 1s/epoch - 23ms/step
Curriculum: set focal gamma = 1.0000 (epoch 37)
Epoch 37/70
56/56 - 1s - loss: 0.0600 - auc: 0.8194 - val_loss: 0.0845 - val_auc: 0.6850 - val_auc_custom: 0.6850 - val_f1_custom: 0.2121 - val_recall_custom: 0.1321 - 1s/epoch - 23ms/step
Curriculum: set focal gamma = 1.0000 (epoch 38)
Epoch 38/70
56/56 - 1s - loss: 0.0586 - auc: 0.8265 - val_loss: 0.0839 - val_auc: 0.7097 - val_auc_custom: 0.7107 - val_f1_custom: 0.1818 - val_recall_custom: 0.1132 - 1s/epoch - 24ms/step
Curriculum: set focal gamma = 1.0000 (epoch 39)
Epoch 39/70
56/56 - 1s - loss: 0.0595 - auc: 0.8225 - val_loss: 0.0926 - val_auc: 0.6855 - val_auc_custom: 0.6850 - val_f1_custom: 0.2817 - val_recall_custom: 0.1887 - 1s/epoch - 22ms/step
Curriculum: set focal gamma = 1.0000 (epoch 40)
Epoch 40/70
56/56 - 1s - loss: 0.0616 - auc: 0.8063 - val_loss: 0.0892 - val_auc: 0.6951 - val_auc_custom: 0.6943 - val_f1_custom: 0.1791 - val_recall_custom: 0.1132 - 1s/epoch - 23ms/step
Curriculum: set focal gamma = 1.0000 (epoch 41)
Epoch 41/70
56/56 - 1s - loss: 0.0567 - auc: 0.8465 - val_loss: 0.0883 - val_auc: 0.6982 - val_auc_custom: 0.6994 - val_f1_custom: 0.2090 - val_recall_custom: 0.1321 - 1s/epoch - 23ms/step
Curriculum: set focal gamma = 1.0000 (epoch 42)
Epoch 42/70
56/56 - 1s - loss: 0.0553 - auc: 0.8477 - val_loss: 0.0988 - val_auc: 0.7001 - val_auc_custom: 0.7004 - val_f1_custom: 0.4304 - val_recall_custom: 0.3208 - 1s/epoch - 23ms/step
Curriculum: set focal gamma = 1.0000 (epoch 43)
Epoch 43/70
56/56 - 1s - loss: 0.0566 - auc: 0.8367 - val_loss: 0.0955 - val_auc: 0.6969 - val_auc_custom: 0.6946 - val_f1_custom: 0.2535 - val_recall_custom: 0.1698 - 1s/epoch - 23ms/step
Curriculum: set focal gamma = 1.0000 (epoch 44)
Epoch 44/70
56/56 - 1s - loss: 0.0556 - auc: 0.8577 - val_loss: 0.1032 - val_auc: 0.6964 - val_auc_custom: 0.6969 - val_f1_custom: 0.3684 - val_recall_custom: 0.2642 - 1s/epoch - 23ms/step
Curriculum: set focal gamma = 1.0000 (epoch 45)
Epoch 45/70
56/56 - 1s - loss: 0.0562 - auc: 0.8400 - val_loss: 0.0954 - val_auc: 0.6860 - val_auc_custom: 0.6848 - val_f1_custom: 0.2059 - val_recall_custom: 0.1321 - 1s/epoch - 22ms/step
Curriculum: set focal gamma = 1.0000 (epoch 46)
Epoch 46/70
56/56 - 1s - loss: 0.0561 - auc: 0.8385 - val_loss: 0.0946 - val_auc: 0.7016 - val_auc_custom: 0.7011 - val_f1_custom: 0.3333 - val_recall_custom: 0.2264 - 1s/epoch - 22ms/step
Curriculum: set focal gamma = 1.0000 (epoch 47)
Epoch 47/70
56/56 - 1s - loss: 0.0553 - auc: 0.8503 - val_loss: 0.1047 - val_auc: 0.6948 - val_auc_custom: 0.6943 - val_f1_custom: 0.4156 - val_recall_custom: 0.3019 - 1s/epoch - 24ms/step
Curriculum: set focal gamma = 1.0000 (epoch 48)
Epoch 48/70
56/56 - 1s - loss: 0.0536 - auc: 0.8592 - val_loss: 0.0946 - val_auc: 0.7111 - val_auc_custom: 0.7122 - val_f1_custom: 0.1515 - val_recall_custom: 0.0943 - 1s/epoch - 24ms/step
Curriculum: set focal gamma = 1.0000 (epoch 49)
Epoch 49/70
56/56 - 1s - loss: 0.0550 - auc: 0.8437 - val_loss: 0.1033 - val_auc: 0.7296 - val_auc_custom: 0.7291 - val_f1_custom: 0.4500 - val_recall_custom: 0.3396 - 1s/epoch - 24ms/step
Curriculum: set focal gamma = 1.0000 (epoch 50)
Epoch 50/70
56/56 - 1s - loss: 0.0501 - auc: 0.8741 - val_loss: 0.0993 - val_auc: 0.7312 - val_auc_custom: 0.7313 - val_f1_custom: 0.3784 - val_recall_custom: 0.2642 - 1s/epoch - 24ms/step
Curriculum: set focal gamma = 1.0000 (epoch 51)
Epoch 51/70
56/56 - 1s - loss: 0.0540 - auc: 0.8502 - val_loss: 0.0951 - val_auc: 0.7165 - val_auc_custom: 0.7180 - val_f1_custom: 0.2121 - val_recall_custom: 0.1321 - 1s/epoch - 23ms/step
Curriculum: set focal gamma = 1.0000 (epoch 52)
Epoch 52/70
56/56 - 1s - loss: 0.0518 - auc: 0.8664 - val_loss: 0.1276 - val_auc: 0.6980 - val_auc_custom: 0.6984 - val_f1_custom: 0.4634 - val_recall_custom: 0.3585 - 1s/epoch - 22ms/step
Curriculum: set focal gamma = 1.0000 (epoch 53)
Epoch 53/70
56/56 - 1s - loss: 0.0513 - auc: 0.8631 - val_loss: 0.1085 - val_auc: 0.6797 - val_auc_custom: 0.6820 - val_f1_custom: 0.1562 - val_recall_custom: 0.0943 - 1s/epoch - 22ms/step
Curriculum: set focal gamma = 1.0000 (epoch 54)
Epoch 54/70
56/56 - 1s - loss: 0.0539 - auc: 0.8485 - val_loss: 0.1202 - val_auc: 0.7083 - val_auc_custom: 0.7089 - val_f1_custom: 0.4250 - val_recall_custom: 0.3208 - 1s/epoch - 23ms/step
Curriculum: set focal gamma = 1.0000 (epoch 55)
Epoch 55/70
56/56 - 1s - loss: 0.0484 - auc: 0.8740 - val_loss: 0.1419 - val_auc: 0.7058 - val_auc_custom: 0.7067 - val_f1_custom: 0.4773 - val_recall_custom: 0.3962 - 1s/epoch - 22ms/step
Curriculum: set focal gamma = 1.0000 (epoch 56)
Epoch 56/70
56/56 - 1s - loss: 0.0470 - auc: 0.8813 - val_loss: 0.1107 - val_auc: 0.7108 - val_auc_custom: 0.7122 - val_f1_custom: 0.1818 - val_recall_custom: 0.1132 - 1s/epoch - 22ms/step
Curriculum: set focal gamma = 1.0000 (epoch 57)
Epoch 57/70
56/56 - -2s - loss: 0.0506 - auc: 0.8677 - val_loss: 0.1462 - val_auc: 0.7132 - val_auc_custom: 0.7135 - val_f1_custom: 0.5652 - val_recall_custom: 0.4906 - -1539632us/epoch - -27493us/step
Curriculum: set focal gamma = 1.0000 (epoch 58)
Epoch 58/70
56/56 - 1s - loss: 0.0459 - auc: 0.8825 - val_loss: 0.1193 - val_auc: 0.7127 - val_auc_custom: 0.7130 - val_f1_custom: 0.4051 - val_recall_custom: 0.3019 - 1s/epoch - 24ms/step
Curriculum: set focal gamma = 1.0000 (epoch 59)
Epoch 59/70
56/56 - 1s - loss: 0.0483 - auc: 0.8835 - val_loss: 0.1306 - val_auc: 0.7196 - val_auc_custom: 0.7187 - val_f1_custom: 0.4941 - val_recall_custom: 0.3962 - 1s/epoch - 23ms/step
Curriculum: set focal gamma = 1.0000 (epoch 60)
Epoch 60/70
56/56 - 1s - loss: 0.0442 - auc: 0.8940 - val_loss: 0.1254 - val_auc: 0.7374 - val_auc_custom: 0.7376 - val_f1_custom: 0.3684 - val_recall_custom: 0.2642 - 1s/epoch - 25ms/step
Curriculum: set focal gamma = 1.0000 (epoch 61)
Epoch 61/70
56/56 - 1s - loss: 0.0462 - auc: 0.8863 - val_loss: 0.1490 - val_auc: 0.7114 - val_auc_custom: 0.7127 - val_f1_custom: 0.4941 - val_recall_custom: 0.3962 - 1s/epoch - 23ms/step
Curriculum: set focal gamma = 1.0000 (epoch 62)
Epoch 62/70
56/56 - 1s - loss: 0.0450 - auc: 0.8878 - val_loss: 0.1310 - val_auc: 0.7218 - val_auc_custom: 0.7225 - val_f1_custom: 0.3947 - val_recall_custom: 0.2830 - 1s/epoch - 22ms/step
Curriculum: set focal gamma = 1.0000 (epoch 63)
Epoch 63/70
56/56 - 1s - loss: 0.0437 - auc: 0.9011 - val_loss: 0.1346 - val_auc: 0.7224 - val_auc_custom: 0.7220 - val_f1_custom: 0.4691 - val_recall_custom: 0.3585 - 1s/epoch - 22ms/step
Curriculum: set focal gamma = 1.0000 (epoch 64)
Epoch 64/70
56/56 - 1s - loss: 0.0413 - auc: 0.9012 - val_loss: 0.1360 - val_auc: 0.7475 - val_auc_custom: 0.7472 - val_f1_custom: 0.4878 - val_recall_custom: 0.3774 - 1s/epoch - 25ms/step
Curriculum: set focal gamma = 1.0000 (epoch 65)
Epoch 65/70
56/56 - 1s - loss: 0.0435 - auc: 0.8948 - val_loss: 0.1455 - val_auc: 0.7328 - val_auc_custom: 0.7326 - val_f1_custom: 0.5412 - val_recall_custom: 0.4340 - 1s/epoch - 23ms/step
Curriculum: set focal gamma = 1.0000 (epoch 66)
Epoch 66/70
56/56 - 1s - loss: 0.0442 - auc: 0.8993 - val_loss: 0.1454 - val_auc: 0.6946 - val_auc_custom: 0.6951 - val_f1_custom: 0.4691 - val_recall_custom: 0.3585 - 1s/epoch - 22ms/step
Curriculum: set focal gamma = 1.0000 (epoch 67)
Epoch 67/70
56/56 - 1s - loss: 0.0448 - auc: 0.8935 - val_loss: 0.1345 - val_auc: 0.7408 - val_auc_custom: 0.7404 - val_f1_custom: 0.4691 - val_recall_custom: 0.3585 - 1s/epoch - 22ms/step
Curriculum: set focal gamma = 1.0000 (epoch 68)
Epoch 68/70
56/56 - 1s - loss: 0.0444 - auc: 0.9024 - val_loss: 0.1327 - val_auc: 0.7147 - val_auc_custom: 0.7152 - val_f1_custom: 0.3514 - val_recall_custom: 0.2453 - 1s/epoch - 23ms/step
Curriculum: set focal gamma = 1.0000 (epoch 69)
Epoch 69/70
56/56 - 1s - loss: 0.0409 - auc: 0.9178 - val_loss: 0.1696 - val_auc: 0.6911 - val_auc_custom: 0.6906 - val_f1_custom: 0.4598 - val_recall_custom: 0.3774 - 1s/epoch - 23ms/step
Curriculum: set focal gamma = 1.0000 (epoch 70)
Epoch 70/70
56/56 - 1s - loss: 0.0415 - auc: 0.9080 - val_loss: 0.1404 - val_auc: 0.7128 - val_auc_custom: 0.7125 - val_f1_custom: 0.4359 - val_recall_custom: 0.3208 - 1s/epoch - 23ms/step
Mask config -> mode=soft, threshold=0.6, window_gate=None
Done. Results saved to /home/user/projects/train/model/long_window/CNN_BiLSTM/result_focal_sweep/cw01_fg05/01
