2025-09-17 08:54:23.263940: I tensorflow/core/util/port.cc:110] oneDNN custom operations are on. You may see slightly different numerical results due to floating-point round-off errors from different computation orders. To turn them off, set the environment variable `TF_ENABLE_ONEDNN_OPTS=0`.
2025-09-17 08:54:23.289720: I tensorflow/core/platform/cpu_feature_guard.cc:182] This TensorFlow binary is optimized to use available CPU instructions in performance-critical operations.
To enable the following instructions: AVX2 AVX_VNNI FMA, in other operations, rebuild TensorFlow with the appropriate compiler flags.
2025-09-17 08:54:23.691936: W tensorflow/compiler/tf2tensorrt/utils/py_utils.cc:38] TF-TRT Warning: Could not find TensorRT
2025-09-17 08:54:24.065569: I tensorflow/compiler/xla/stream_executor/cuda/cuda_gpu_executor.cc:981] could not open file to read NUMA node: /sys/bus/pci/devices/0000:01:00.0/numa_node
Your kernel may have been built without NUMA support.
2025-09-17 08:54:24.082007: I tensorflow/compiler/xla/stream_executor/cuda/cuda_gpu_executor.cc:981] could not open file to read NUMA node: /sys/bus/pci/devices/0000:01:00.0/numa_node
Your kernel may have been built without NUMA support.
2025-09-17 08:54:24.082126: I tensorflow/compiler/xla/stream_executor/cuda/cuda_gpu_executor.cc:981] could not open file to read NUMA node: /sys/bus/pci/devices/0000:01:00.0/numa_node
Your kernel may have been built without NUMA support.
2025-09-17 08:54:24.083747: I tensorflow/compiler/xla/stream_executor/cuda/cuda_gpu_executor.cc:981] could not open file to read NUMA node: /sys/bus/pci/devices/0000:01:00.0/numa_node
Your kernel may have been built without NUMA support.
2025-09-17 08:54:24.083818: I tensorflow/compiler/xla/stream_executor/cuda/cuda_gpu_executor.cc:981] could not open file to read NUMA node: /sys/bus/pci/devices/0000:01:00.0/numa_node
Your kernel may have been built without NUMA support.
2025-09-17 08:54:24.083837: I tensorflow/compiler/xla/stream_executor/cuda/cuda_gpu_executor.cc:981] could not open file to read NUMA node: /sys/bus/pci/devices/0000:01:00.0/numa_node
Your kernel may have been built without NUMA support.
2025-09-17 08:54:24.182415: I tensorflow/compiler/xla/stream_executor/cuda/cuda_gpu_executor.cc:981] could not open file to read NUMA node: /sys/bus/pci/devices/0000:01:00.0/numa_node
Your kernel may have been built without NUMA support.
2025-09-17 08:54:24.182528: I tensorflow/compiler/xla/stream_executor/cuda/cuda_gpu_executor.cc:981] could not open file to read NUMA node: /sys/bus/pci/devices/0000:01:00.0/numa_node
Your kernel may have been built without NUMA support.
2025-09-17 08:54:24.182549: I tensorflow/core/common_runtime/gpu/gpu_device.cc:1726] Could not identify NUMA node of platform GPU id 0, defaulting to 0.  Your kernel may not have been built with NUMA support.
2025-09-17 08:54:24.182578: I tensorflow/compiler/xla/stream_executor/cuda/cuda_gpu_executor.cc:981] could not open file to read NUMA node: /sys/bus/pci/devices/0000:01:00.0/numa_node
Your kernel may have been built without NUMA support.
2025-09-17 08:54:24.182599: I tensorflow/core/common_runtime/gpu/gpu_device.cc:1639] Created device /job:localhost/replica:0/task:0/device:GPU:0 with 9517 MB memory:  -> device: 0, name: NVIDIA GeForce RTX 4070 SUPER, pci bus id: 0000:01:00.0, compute capability: 8.9
GPU detected: 1 physical, 1 logical -> ['/device:GPU:0']
Config: batch=16, accumulate_steps=8 -> effective_batch=128
Loaded (1276, 36, 75) (1276,)
Using mask channel "occlusion_flag" from long_raw (index 7)
Model: "cnn_bilstm_attn_masked"
__________________________________________________________________________________________________
 Layer (type)                Output Shape                 Param #   Connected to                  
==================================================================================================
 input (InputLayer)          [(None, 36, 75)]             0         []                            
                                                                                                  
 permute_time_features (Per  (None, 75, 36)               0         ['input[0][0]']               
 mute)                                                                                            
                                                                                                  
 conv0 (Conv1D)              (None, 75, 64)               6976      ['permute_time_features[0][0]'
                                                                    ]                             
                                                                                                  
 bn0 (BatchNormalization)    (None, 75, 64)               256       ['conv0[0][0]']               
                                                                                                  
 act0 (Activation)           (None, 75, 64)               0         ['bn0[0][0]']                 
                                                                                                  
 conv_dropout0 (Dropout)     (None, 75, 64)               0         ['act0[0][0]']                
                                                                                                  
 conv1 (Conv1D)              (None, 75, 64)               20544     ['conv_dropout0[0][0]']       
                                                                                                  
 bn1 (BatchNormalization)    (None, 75, 64)               256       ['conv1[0][0]']               
                                                                                                  
 act1 (Activation)           (None, 75, 64)               0         ['bn1[0][0]']                 
                                                                                                  
 conv_dropout1 (Dropout)     (None, 75, 64)               0         ['act1[0][0]']                
                                                                                                  
 conv2 (Conv1D)              (None, 75, 64)               12352     ['conv_dropout1[0][0]']       
                                                                                                  
 bn2 (BatchNormalization)    (None, 75, 64)               256       ['conv2[0][0]']               
                                                                                                  
 act2 (Activation)           (None, 75, 64)               0         ['bn2[0][0]']                 
                                                                                                  
 conv_dropout2 (Dropout)     (None, 75, 64)               0         ['act2[0][0]']                
                                                                                                  
 bilstm (Bidirectional)      (None, 75, 128)              66048     ['conv_dropout2[0][0]']       
                                                                                                  
 mlp_attn_u (Dense)          (None, 75, 32)               4128      ['bilstm[0][0]']              
                                                                                                  
 mlp_attn_score (Dense)      (None, 75, 1)                33        ['mlp_attn_u[0][0]']          
                                                                                                  
 mlp_attn_squeeze (Lambda)   (None, 75)                   0         ['mlp_attn_score[0][0]']      
                                                                                                  
 attn_mask (InputLayer)      [(None, 75)]                 0         []                            
                                                                                                  
 mlp_attn_apply_mask (Lambd  (None, 75)                   0         ['mlp_attn_squeeze[0][0]',    
 a)                                                                  'attn_mask[0][0]']           
                                                                                                  
 mlp_attn_softmax (Lambda)   (None, 75)                   0         ['mlp_attn_apply_mask[0][0]'] 
                                                                                                  
 mlp_attn_expand (Lambda)    (None, 75, 1)                0         ['mlp_attn_softmax[0][0]']    
                                                                                                  
 mlp_attn_weighted (Lambda)  (None, 128)                  0         ['bilstm[0][0]',              
                                                                     'mlp_attn_expand[0][0]']     
                                                                                                  
 fc1 (Dense)                 (None, 64)                   8256      ['mlp_attn_weighted[0][0]']   
                                                                                                  
 fc_dropout (Dropout)        (None, 64)                   0         ['fc1[0][0]']                 
                                                                                                  
 out (Dense)                 (None, 1)                    65        ['fc_dropout[0][0]']          
                                                                                                  
==================================================================================================
Total params: 119171 (465.51 KB)
Trainable params: 118786 (464.01 KB)
Non-trainable params: 385 (1.50 KB)
__________________________________________________________________________________________________
None
Writing results to /home/user/projects/train/model/long_window/CNN_BiLSTM/result_focal_refine/cw06_fg03/01
Curriculum: set focal gamma = 0.0000 (epoch 1)
Epoch 1/70
2025-09-17 08:54:28.560093: I tensorflow/compiler/xla/stream_executor/cuda/cuda_dnn.cc:432] Loaded cuDNN version 8600
2025-09-17 08:54:28.628723: I tensorflow/tsl/platform/default/subprocess.cc:304] Start cannot spawn child process: No such file or directory
2025-09-17 08:54:28.749233: I tensorflow/compiler/xla/stream_executor/cuda/cuda_blas.cc:606] TensorFloat-32 will be used for the matrix multiplication. This will only be logged once.
2025-09-17 08:54:29.052773: I tensorflow/compiler/xla/service/service.cc:168] XLA service 0x7d9e7be506b0 initialized for platform CUDA (this does not guarantee that XLA will be used). Devices:
2025-09-17 08:54:29.052822: I tensorflow/compiler/xla/service/service.cc:176]   StreamExecutor device (0): NVIDIA GeForce RTX 4070 SUPER, Compute Capability 8.9
2025-09-17 08:54:29.055718: I tensorflow/compiler/mlir/tensorflow/utils/dump_mlir_util.cc:255] disabling MLIR crash reproducer, set env var `MLIR_CRASH_REPRODUCER_DIRECTORY` to enable.
2025-09-17 08:54:29.101948: I tensorflow/tsl/platform/default/subprocess.cc:304] Start cannot spawn child process: No such file or directory
2025-09-17 08:54:29.136540: I ./tensorflow/compiler/jit/device_compiler.h:186] Compiled cluster using XLA!  This line is logged at most once for the lifetime of the process.
56/56 - 6s - loss: 0.3296 - auc: 0.5218 - val_loss: 0.3301 - val_auc: 0.5569 - val_auc_custom: 0.5620 - val_f1_custom: 0.0000e+00 - val_recall_custom: 0.0000e+00 - 6s/epoch - 115ms/step
Curriculum: set focal gamma = 0.0737 (epoch 2)
Epoch 2/70
56/56 - 1s - loss: 0.2609 - auc: 0.5330 - val_loss: 0.2760 - val_auc: 0.5428 - val_auc_custom: 0.5502 - val_f1_custom: 0.0000e+00 - val_recall_custom: 0.0000e+00 - 1s/epoch - 19ms/step
Curriculum: set focal gamma = 0.1474 (epoch 3)
Epoch 3/70
56/56 - 1s - loss: 0.2330 - auc: 0.5320 - val_loss: 0.2396 - val_auc: 0.5428 - val_auc_custom: 0.5474 - val_f1_custom: 0.0000e+00 - val_recall_custom: 0.0000e+00 - 1s/epoch - 19ms/step
Curriculum: set focal gamma = 0.2211 (epoch 4)
Epoch 4/70
56/56 - 1s - loss: 0.2207 - auc: 0.5634 - val_loss: 0.2236 - val_auc: 0.5667 - val_auc_custom: 0.5645 - val_f1_custom: 0.0000e+00 - val_recall_custom: 0.0000e+00 - 1s/epoch - 21ms/step
Curriculum: set focal gamma = 0.2947 (epoch 5)
Epoch 5/70
56/56 - 1s - loss: 0.2042 - auc: 0.6237 - val_loss: 0.2113 - val_auc: 0.5777 - val_auc_custom: 0.5769 - val_f1_custom: 0.0000e+00 - val_recall_custom: 0.0000e+00 - 1s/epoch - 22ms/step
Curriculum: set focal gamma = 0.3684 (epoch 6)
Epoch 6/70
56/56 - 1s - loss: 0.1933 - auc: 0.6137 - val_loss: 0.2004 - val_auc: 0.5867 - val_auc_custom: 0.5864 - val_f1_custom: 0.0000e+00 - val_recall_custom: 0.0000e+00 - 1s/epoch - 22ms/step
Curriculum: set focal gamma = 0.4421 (epoch 7)
Epoch 7/70
56/56 - 1s - loss: 0.1819 - auc: 0.6320 - val_loss: 0.1898 - val_auc: 0.5990 - val_auc_custom: 0.5977 - val_f1_custom: 0.0000e+00 - val_recall_custom: 0.0000e+00 - 1s/epoch - 22ms/step
Curriculum: set focal gamma = 0.5158 (epoch 8)
Epoch 8/70
56/56 - 1s - loss: 0.1714 - auc: 0.6540 - val_loss: 0.1806 - val_auc: 0.6043 - val_auc_custom: 0.6018 - val_f1_custom: 0.0000e+00 - val_recall_custom: 0.0000e+00 - 1s/epoch - 21ms/step
Curriculum: set focal gamma = 0.5895 (epoch 9)
Epoch 9/70
56/56 - 1s - loss: 0.1609 - auc: 0.6692 - val_loss: 0.1718 - val_auc: 0.6015 - val_auc_custom: 0.6025 - val_f1_custom: 0.0000e+00 - val_recall_custom: 0.0000e+00 - 1s/epoch - 20ms/step
Curriculum: set focal gamma = 0.6632 (epoch 10)
Epoch 10/70
56/56 - 1s - loss: 0.1552 - auc: 0.6504 - val_loss: 0.1634 - val_auc: 0.6024 - val_auc_custom: 0.6038 - val_f1_custom: 0.0370 - val_recall_custom: 0.0189 - 1s/epoch - 19ms/step
Curriculum: set focal gamma = 0.7368 (epoch 11)
Epoch 11/70
56/56 - 1s - loss: 0.1439 - auc: 0.6795 - val_loss: 0.1550 - val_auc: 0.5981 - val_auc_custom: 0.5982 - val_f1_custom: 0.0370 - val_recall_custom: 0.0189 - 1s/epoch - 19ms/step
Curriculum: set focal gamma = 0.8105 (epoch 12)
Epoch 12/70
56/56 - 1s - loss: 0.1370 - auc: 0.6788 - val_loss: 0.1474 - val_auc: 0.6108 - val_auc_custom: 0.6121 - val_f1_custom: 0.1724 - val_recall_custom: 0.0943 - 1s/epoch - 21ms/step
Curriculum: set focal gamma = 0.8842 (epoch 13)
Epoch 13/70
56/56 - 1s - loss: 0.1285 - auc: 0.6905 - val_loss: 0.1406 - val_auc: 0.6230 - val_auc_custom: 0.6236 - val_f1_custom: 0.1724 - val_recall_custom: 0.0943 - 1s/epoch - 21ms/step
Curriculum: set focal gamma = 0.9579 (epoch 14)
Epoch 14/70
56/56 - 1s - loss: 0.1210 - auc: 0.7069 - val_loss: 0.1328 - val_auc: 0.6375 - val_auc_custom: 0.6375 - val_f1_custom: 0.1695 - val_recall_custom: 0.0943 - 1s/epoch - 22ms/step
Curriculum: set focal gamma = 1.0316 (epoch 15)
Epoch 15/70
56/56 - 1s - loss: 0.1159 - auc: 0.6972 - val_loss: 0.1262 - val_auc: 0.6513 - val_auc_custom: 0.6521 - val_f1_custom: 0.1905 - val_recall_custom: 0.1132 - 1s/epoch - 24ms/step
Curriculum: set focal gamma = 1.1053 (epoch 16)
Epoch 16/70
56/56 - 1s - loss: 0.1088 - auc: 0.7186 - val_loss: 0.1207 - val_auc: 0.6597 - val_auc_custom: 0.6584 - val_f1_custom: 0.1905 - val_recall_custom: 0.1132 - 1s/epoch - 22ms/step
Curriculum: set focal gamma = 1.1789 (epoch 17)
Epoch 17/70
56/56 - 1s - loss: 0.1004 - auc: 0.7549 - val_loss: 0.1136 - val_auc: 0.6669 - val_auc_custom: 0.6649 - val_f1_custom: 0.1613 - val_recall_custom: 0.0943 - 1s/epoch - 22ms/step
Curriculum: set focal gamma = 1.2526 (epoch 18)
Epoch 18/70
56/56 - 1s - loss: 0.0960 - auc: 0.7444 - val_loss: 0.1084 - val_auc: 0.6747 - val_auc_custom: 0.6730 - val_f1_custom: 0.1587 - val_recall_custom: 0.0943 - 1s/epoch - 22ms/step
Curriculum: set focal gamma = 1.3263 (epoch 19)
Epoch 19/70
56/56 - 1s - loss: 0.0902 - auc: 0.7569 - val_loss: 0.1036 - val_auc: 0.6805 - val_auc_custom: 0.6792 - val_f1_custom: 0.2059 - val_recall_custom: 0.1321 - 1s/epoch - 22ms/step
Curriculum: set focal gamma = 1.4000 (epoch 20)
Epoch 20/70
56/56 - 1s - loss: 0.0866 - auc: 0.7493 - val_loss: 0.1005 - val_auc: 0.6821 - val_auc_custom: 0.6828 - val_f1_custom: 0.2740 - val_recall_custom: 0.1887 - 1s/epoch - 23ms/step
Curriculum: set focal gamma = 1.4000 (epoch 21)
Epoch 21/70
56/56 - 1s - loss: 0.0844 - auc: 0.7704 - val_loss: 0.1000 - val_auc: 0.6767 - val_auc_custom: 0.6775 - val_f1_custom: 0.2319 - val_recall_custom: 0.1509 - 1s/epoch - 20ms/step
Curriculum: set focal gamma = 1.4000 (epoch 22)
Epoch 22/70
56/56 - 1s - loss: 0.0846 - auc: 0.7679 - val_loss: 0.0988 - val_auc: 0.6913 - val_auc_custom: 0.6901 - val_f1_custom: 0.2353 - val_recall_custom: 0.1509 - 1s/epoch - 22ms/step
Curriculum: set focal gamma = 1.4000 (epoch 23)
Epoch 23/70
56/56 - 1s - loss: 0.0807 - auc: 0.7947 - val_loss: 0.1029 - val_auc: 0.6923 - val_auc_custom: 0.6931 - val_f1_custom: 0.3590 - val_recall_custom: 0.2642 - 1s/epoch - 24ms/step
Curriculum: set focal gamma = 1.4000 (epoch 24)
Epoch 24/70
56/56 - 1s - loss: 0.0835 - auc: 0.7704 - val_loss: 0.1002 - val_auc: 0.6971 - val_auc_custom: 0.6981 - val_f1_custom: 0.2817 - val_recall_custom: 0.1887 - 1s/epoch - 22ms/step
Curriculum: set focal gamma = 1.4000 (epoch 25)
Epoch 25/70
56/56 - 1s - loss: 0.0804 - auc: 0.7990 - val_loss: 0.1093 - val_auc: 0.6775 - val_auc_custom: 0.6780 - val_f1_custom: 0.4494 - val_recall_custom: 0.3774 - 1s/epoch - 21ms/step
Curriculum: set focal gamma = 1.4000 (epoch 26)
Epoch 26/70
56/56 - 1s - loss: 0.0792 - auc: 0.8057 - val_loss: 0.1031 - val_auc: 0.7020 - val_auc_custom: 0.7031 - val_f1_custom: 0.2778 - val_recall_custom: 0.1887 - 1s/epoch - 21ms/step
Curriculum: set focal gamma = 1.4000 (epoch 27)
Epoch 27/70
56/56 - 1s - loss: 0.0810 - auc: 0.7895 - val_loss: 0.1043 - val_auc: 0.7083 - val_auc_custom: 0.7087 - val_f1_custom: 0.4578 - val_recall_custom: 0.3585 - 1s/epoch - 21ms/step
Curriculum: set focal gamma = 1.4000 (epoch 28)
Epoch 28/70
56/56 - 1s - loss: 0.0767 - auc: 0.8179 - val_loss: 0.1080 - val_auc: 0.7073 - val_auc_custom: 0.7077 - val_f1_custom: 0.5000 - val_recall_custom: 0.4151 - 1s/epoch - 20ms/step
Curriculum: set focal gamma = 1.4000 (epoch 29)
Epoch 29/70
56/56 - 1s - loss: 0.0775 - auc: 0.8167 - val_loss: 0.1021 - val_auc: 0.7243 - val_auc_custom: 0.7238 - val_f1_custom: 0.2973 - val_recall_custom: 0.2075 - 1s/epoch - 22ms/step
Curriculum: set focal gamma = 1.4000 (epoch 30)
Epoch 30/70
56/56 - 1s - loss: 0.0787 - auc: 0.8090 - val_loss: 0.1126 - val_auc: 0.7130 - val_auc_custom: 0.7135 - val_f1_custom: 0.5217 - val_recall_custom: 0.4528 - 1s/epoch - 21ms/step
Curriculum: set focal gamma = 1.4000 (epoch 31)
Epoch 31/70
56/56 - 1s - loss: 0.0749 - auc: 0.8327 - val_loss: 0.1056 - val_auc: 0.7196 - val_auc_custom: 0.7195 - val_f1_custom: 0.3421 - val_recall_custom: 0.2453 - 1s/epoch - 21ms/step
Curriculum: set focal gamma = 1.4000 (epoch 32)
Epoch 32/70
56/56 - 1s - loss: 0.0719 - auc: 0.8431 - val_loss: 0.1178 - val_auc: 0.7000 - val_auc_custom: 0.7006 - val_f1_custom: 0.4783 - val_recall_custom: 0.4151 - 1s/epoch - 21ms/step
Curriculum: set focal gamma = 1.4000 (epoch 33)
Epoch 33/70
56/56 - 1s - loss: 0.0740 - auc: 0.8343 - val_loss: 0.1114 - val_auc: 0.7220 - val_auc_custom: 0.7233 - val_f1_custom: 0.3377 - val_recall_custom: 0.2453 - 1s/epoch - 20ms/step
Curriculum: set focal gamma = 1.4000 (epoch 34)
Epoch 34/70
56/56 - 1s - loss: 0.0711 - auc: 0.8514 - val_loss: 0.1303 - val_auc: 0.6884 - val_auc_custom: 0.6891 - val_f1_custom: 0.5051 - val_recall_custom: 0.4717 - 1s/epoch - 21ms/step
Curriculum: set focal gamma = 1.4000 (epoch 35)
Epoch 35/70
56/56 - 1s - loss: 0.0709 - auc: 0.8471 - val_loss: 0.1201 - val_auc: 0.7073 - val_auc_custom: 0.7059 - val_f1_custom: 0.5111 - val_recall_custom: 0.4340 - 1s/epoch - 21ms/step
Curriculum: set focal gamma = 1.4000 (epoch 36)
Epoch 36/70
56/56 - 1s - loss: 0.0691 - auc: 0.8640 - val_loss: 0.1163 - val_auc: 0.7234 - val_auc_custom: 0.7238 - val_f1_custom: 0.4578 - val_recall_custom: 0.3585 - 1s/epoch - 22ms/step
Curriculum: set focal gamma = 1.4000 (epoch 37)
Epoch 37/70
56/56 - 1s - loss: 0.0706 - auc: 0.8585 - val_loss: 0.1377 - val_auc: 0.6878 - val_auc_custom: 0.6883 - val_f1_custom: 0.5577 - val_recall_custom: 0.5472 - 1s/epoch - 20ms/step
Curriculum: set focal gamma = 1.4000 (epoch 38)
Epoch 38/70
56/56 - 1s - loss: 0.0709 - auc: 0.8488 - val_loss: 0.1163 - val_auc: 0.7245 - val_auc_custom: 0.7238 - val_f1_custom: 0.3377 - val_recall_custom: 0.2453 - 1s/epoch - 22ms/step
Curriculum: set focal gamma = 1.4000 (epoch 39)
Epoch 39/70
56/56 - 1s - loss: 0.0680 - auc: 0.8669 - val_loss: 0.1322 - val_auc: 0.7107 - val_auc_custom: 0.7117 - val_f1_custom: 0.5243 - val_recall_custom: 0.5094 - 1s/epoch - 20ms/step
Curriculum: set focal gamma = 1.4000 (epoch 40)
Epoch 40/70
56/56 - 1s - loss: 0.0675 - auc: 0.8664 - val_loss: 0.1138 - val_auc: 0.7213 - val_auc_custom: 0.7210 - val_f1_custom: 0.4000 - val_recall_custom: 0.3019 - 1s/epoch - 21ms/step
Curriculum: set focal gamma = 1.4000 (epoch 41)
Epoch 41/70
56/56 - 1s - loss: 0.0649 - auc: 0.8734 - val_loss: 0.1296 - val_auc: 0.7019 - val_auc_custom: 0.7019 - val_f1_custom: 0.4444 - val_recall_custom: 0.3774 - 1s/epoch - 20ms/step
Curriculum: set focal gamma = 1.4000 (epoch 42)
Epoch 42/70
56/56 - 1s - loss: 0.0601 - auc: 0.8948 - val_loss: 0.1279 - val_auc: 0.7208 - val_auc_custom: 0.7213 - val_f1_custom: 0.4889 - val_recall_custom: 0.4151 - 1s/epoch - 21ms/step
Curriculum: set focal gamma = 1.4000 (epoch 43)
Epoch 43/70
56/56 - 1s - loss: 0.0621 - auc: 0.8863 - val_loss: 0.1350 - val_auc: 0.7108 - val_auc_custom: 0.7109 - val_f1_custom: 0.4444 - val_recall_custom: 0.3774 - 1s/epoch - 22ms/step
Curriculum: set focal gamma = 1.4000 (epoch 44)
Epoch 44/70
56/56 - 1s - loss: 0.0613 - auc: 0.8947 - val_loss: 0.1262 - val_auc: 0.7352 - val_auc_custom: 0.7364 - val_f1_custom: 0.4471 - val_recall_custom: 0.3585 - 1s/epoch - 22ms/step
Curriculum: set focal gamma = 1.4000 (epoch 45)
Epoch 45/70
56/56 - 1s - loss: 0.0611 - auc: 0.8962 - val_loss: 0.1336 - val_auc: 0.7197 - val_auc_custom: 0.7197 - val_f1_custom: 0.4565 - val_recall_custom: 0.3962 - 1s/epoch - 21ms/step
Curriculum: set focal gamma = 1.4000 (epoch 46)
Epoch 46/70
56/56 - 1s - loss: 0.0607 - auc: 0.8937 - val_loss: 0.1319 - val_auc: 0.7009 - val_auc_custom: 0.7021 - val_f1_custom: 0.4494 - val_recall_custom: 0.3774 - 1s/epoch - 21ms/step
Curriculum: set focal gamma = 1.4000 (epoch 47)
Epoch 47/70
56/56 - 1s - loss: 0.0624 - auc: 0.8883 - val_loss: 0.1259 - val_auc: 0.7049 - val_auc_custom: 0.7044 - val_f1_custom: 0.4286 - val_recall_custom: 0.3396 - 1s/epoch - 20ms/step
Curriculum: set focal gamma = 1.4000 (epoch 48)
Epoch 48/70
56/56 - 1s - loss: 0.0599 - auc: 0.8898 - val_loss: 0.1680 - val_auc: 0.6758 - val_auc_custom: 0.6747 - val_f1_custom: 0.4860 - val_recall_custom: 0.4906 - 1s/epoch - 20ms/step
Curriculum: set focal gamma = 1.4000 (epoch 49)
Epoch 49/70
56/56 - 1s - loss: 0.0604 - auc: 0.8923 - val_loss: 0.1217 - val_auc: 0.7225 - val_auc_custom: 0.7228 - val_f1_custom: 0.3896 - val_recall_custom: 0.2830 - 1s/epoch - 21ms/step
Curriculum: set focal gamma = 1.4000 (epoch 50)
Epoch 50/70
56/56 - 1s - loss: 0.0565 - auc: 0.9103 - val_loss: 0.1619 - val_auc: 0.6969 - val_auc_custom: 0.6979 - val_f1_custom: 0.4854 - val_recall_custom: 0.4717 - 1s/epoch - 20ms/step
Curriculum: set focal gamma = 1.4000 (epoch 51)
Epoch 51/70
56/56 - 1s - loss: 0.0539 - auc: 0.9200 - val_loss: 0.1584 - val_auc: 0.7029 - val_auc_custom: 0.7036 - val_f1_custom: 0.4800 - val_recall_custom: 0.4528 - 1s/epoch - 20ms/step
Curriculum: set focal gamma = 1.4000 (epoch 52)
Epoch 52/70
56/56 - 1s - loss: 0.0555 - auc: 0.9127 - val_loss: 0.1447 - val_auc: 0.7224 - val_auc_custom: 0.7225 - val_f1_custom: 0.4681 - val_recall_custom: 0.4151 - 1s/epoch - 21ms/step
Curriculum: set focal gamma = 1.4000 (epoch 53)
Epoch 53/70
56/56 - 1s - loss: 0.0552 - auc: 0.9154 - val_loss: 0.1690 - val_auc: 0.6914 - val_auc_custom: 0.6918 - val_f1_custom: 0.5143 - val_recall_custom: 0.5094 - 1s/epoch - 20ms/step
Curriculum: set focal gamma = 1.4000 (epoch 54)
Epoch 54/70
56/56 - 1s - loss: 0.0517 - auc: 0.9309 - val_loss: 0.1348 - val_auc: 0.7177 - val_auc_custom: 0.7364 - val_f1_custom: 0.4471 - val_recall_custom: 0.3585 - 1s/epoch - 22ms/step
Mask config -> mode=soft, threshold=0.6, window_gate=None
Done. Results saved to /home/user/projects/train/model/long_window/CNN_BiLSTM/result_focal_refine/cw06_fg03/01
