2025-09-18 21:49:03.635671: I tensorflow/core/util/port.cc:110] oneDNN custom operations are on. You may see slightly different numerical results due to floating-point round-off errors from different computation orders. To turn them off, set the environment variable `TF_ENABLE_ONEDNN_OPTS=0`.
2025-09-18 21:49:03.669583: I tensorflow/core/platform/cpu_feature_guard.cc:182] This TensorFlow binary is optimized to use available CPU instructions in performance-critical operations.
To enable the following instructions: AVX2 AVX_VNNI FMA, in other operations, rebuild TensorFlow with the appropriate compiler flags.
2025-09-18 21:49:04.294893: W tensorflow/compiler/tf2tensorrt/utils/py_utils.cc:38] TF-TRT Warning: Could not find TensorRT
2025-09-18 21:49:04.871867: I tensorflow/compiler/xla/stream_executor/cuda/cuda_gpu_executor.cc:981] could not open file to read NUMA node: /sys/bus/pci/devices/0000:01:00.0/numa_node
Your kernel may have been built without NUMA support.
2025-09-18 21:49:04.892776: I tensorflow/compiler/xla/stream_executor/cuda/cuda_gpu_executor.cc:981] could not open file to read NUMA node: /sys/bus/pci/devices/0000:01:00.0/numa_node
Your kernel may have been built without NUMA support.
2025-09-18 21:49:04.892899: I tensorflow/compiler/xla/stream_executor/cuda/cuda_gpu_executor.cc:981] could not open file to read NUMA node: /sys/bus/pci/devices/0000:01:00.0/numa_node
Your kernel may have been built without NUMA support.
2025-09-18 21:49:04.893999: I tensorflow/compiler/xla/stream_executor/cuda/cuda_gpu_executor.cc:981] could not open file to read NUMA node: /sys/bus/pci/devices/0000:01:00.0/numa_node
Your kernel may have been built without NUMA support.
2025-09-18 21:49:04.894098: I tensorflow/compiler/xla/stream_executor/cuda/cuda_gpu_executor.cc:981] could not open file to read NUMA node: /sys/bus/pci/devices/0000:01:00.0/numa_node
Your kernel may have been built without NUMA support.
2025-09-18 21:49:04.894129: I tensorflow/compiler/xla/stream_executor/cuda/cuda_gpu_executor.cc:981] could not open file to read NUMA node: /sys/bus/pci/devices/0000:01:00.0/numa_node
Your kernel may have been built without NUMA support.
2025-09-18 21:49:05.064967: I tensorflow/compiler/xla/stream_executor/cuda/cuda_gpu_executor.cc:981] could not open file to read NUMA node: /sys/bus/pci/devices/0000:01:00.0/numa_node
Your kernel may have been built without NUMA support.
2025-09-18 21:49:05.065083: I tensorflow/compiler/xla/stream_executor/cuda/cuda_gpu_executor.cc:981] could not open file to read NUMA node: /sys/bus/pci/devices/0000:01:00.0/numa_node
Your kernel may have been built without NUMA support.
2025-09-18 21:49:05.065093: I tensorflow/core/common_runtime/gpu/gpu_device.cc:1726] Could not identify NUMA node of platform GPU id 0, defaulting to 0.  Your kernel may not have been built with NUMA support.
2025-09-18 21:49:05.065118: I tensorflow/compiler/xla/stream_executor/cuda/cuda_gpu_executor.cc:981] could not open file to read NUMA node: /sys/bus/pci/devices/0000:01:00.0/numa_node
Your kernel may have been built without NUMA support.
2025-09-18 21:49:05.065140: I tensorflow/core/common_runtime/gpu/gpu_device.cc:1639] Created device /job:localhost/replica:0/task:0/device:GPU:0 with 9517 MB memory:  -> device: 0, name: NVIDIA GeForce RTX 4070 SUPER, pci bus id: 0000:01:00.0, compute capability: 8.9
[feature_check] OK: train/test feature_list identical (n=36)
GPU detected: 1 physical, 1 logical -> ['/device:GPU:0']
Config: batch=16, accumulate_steps=8 -> effective_batch=128
Loaded (for internal train/val)  (1276, 36, 75) (1276,)
Loaded EXTERNAL TEST: (354, 36, 75) from /home/user/projects/train/test_data/slipce/windows_npz.npz
[mask] windows_npz.npz using occlusion_flag ch=7
[mask] windows_npz.npz using occlusion_flag ch=7
Model: "cnn_bilstm_attn_masked"
__________________________________________________________________________________________________
 Layer (type)                Output Shape                 Param #   Connected to                  
==================================================================================================
 input (InputLayer)          [(None, 36, 75)]             0         []                            
                                                                                                  
 permute_time_features (Per  (None, 75, 36)               0         ['input[0][0]']               
 mute)                                                                                            
                                                                                                  
 conv0 (Conv1D)              (None, 75, 64)               6976      ['permute_time_features[0][0]'
                                                                    ]                             
                                                                                                  
 bn0 (BatchNormalization)    (None, 75, 64)               256       ['conv0[0][0]']               
                                                                                                  
 act0 (Activation)           (None, 75, 64)               0         ['bn0[0][0]']                 
                                                                                                  
 conv_dropout0 (Dropout)     (None, 75, 64)               0         ['act0[0][0]']                
                                                                                                  
 conv1 (Conv1D)              (None, 75, 64)               20544     ['conv_dropout0[0][0]']       
                                                                                                  
 bn1 (BatchNormalization)    (None, 75, 64)               256       ['conv1[0][0]']               
                                                                                                  
 act1 (Activation)           (None, 75, 64)               0         ['bn1[0][0]']                 
                                                                                                  
 conv_dropout1 (Dropout)     (None, 75, 64)               0         ['act1[0][0]']                
                                                                                                  
 conv2 (Conv1D)              (None, 75, 64)               12352     ['conv_dropout1[0][0]']       
                                                                                                  
 bn2 (BatchNormalization)    (None, 75, 64)               256       ['conv2[0][0]']               
                                                                                                  
 act2 (Activation)           (None, 75, 64)               0         ['bn2[0][0]']                 
                                                                                                  
 conv_dropout2 (Dropout)     (None, 75, 64)               0         ['act2[0][0]']                
                                                                                                  
 bilstm (Bidirectional)      (None, 75, 128)              66048     ['conv_dropout2[0][0]']       
                                                                                                  
 mlp_attn_u (Dense)          (None, 75, 32)               4128      ['bilstm[0][0]']              
                                                                                                  
 mlp_attn_score (Dense)      (None, 75, 1)                33        ['mlp_attn_u[0][0]']          
                                                                                                  
 mlp_attn_squeeze (Lambda)   (None, 75)                   0         ['mlp_attn_score[0][0]']      
                                                                                                  
 attn_mask (InputLayer)      [(None, 75)]                 0         []                            
                                                                                                  
 mlp_attn_apply_mask (Lambd  (None, 75)                   0         ['mlp_attn_squeeze[0][0]',    
 a)                                                                  'attn_mask[0][0]']           
                                                                                                  
 mlp_attn_softmax (Lambda)   (None, 75)                   0         ['mlp_attn_apply_mask[0][0]'] 
                                                                                                  
 mlp_attn_expand (Lambda)    (None, 75, 1)                0         ['mlp_attn_softmax[0][0]']    
                                                                                                  
 mlp_attn_weighted (Lambda)  (None, 128)                  0         ['bilstm[0][0]',              
                                                                     'mlp_attn_expand[0][0]']     
                                                                                                  
 fc1 (Dense)                 (None, 64)                   8256      ['mlp_attn_weighted[0][0]']   
                                                                                                  
 fc_dropout (Dropout)        (None, 64)                   0         ['fc1[0][0]']                 
                                                                                                  
 out (Dense)                 (None, 1)                    65        ['fc_dropout[0][0]']          
                                                                                                  
==================================================================================================
Total params: 119171 (465.51 KB)
Trainable params: 118786 (464.01 KB)
Non-trainable params: 385 (1.50 KB)
__________________________________________________________________________________________________
None
Writing results to result_multi_seed_precision_aware/seed19/03
Curriculum: set focal gamma = 0.0000 (epoch 1)
Epoch 1/60
2025-09-18 21:49:12.579163: I tensorflow/compiler/xla/stream_executor/cuda/cuda_dnn.cc:432] Loaded cuDNN version 8600
2025-09-18 21:49:12.672988: I tensorflow/tsl/platform/default/subprocess.cc:304] Start cannot spawn child process: No such file or directory
2025-09-18 21:49:12.935713: I tensorflow/compiler/xla/stream_executor/cuda/cuda_blas.cc:606] TensorFloat-32 will be used for the matrix multiplication. This will only be logged once.
2025-09-18 21:49:13.616319: I tensorflow/compiler/xla/service/service.cc:168] XLA service 0x59c567dc6090 initialized for platform CUDA (this does not guarantee that XLA will be used). Devices:
2025-09-18 21:49:13.616385: I tensorflow/compiler/xla/service/service.cc:176]   StreamExecutor device (0): NVIDIA GeForce RTX 4070 SUPER, Compute Capability 8.9
2025-09-18 21:49:13.620611: I tensorflow/compiler/mlir/tensorflow/utils/dump_mlir_util.cc:255] disabling MLIR crash reproducer, set env var `MLIR_CRASH_REPRODUCER_DIRECTORY` to enable.
2025-09-18 21:49:13.703223: I tensorflow/tsl/platform/default/subprocess.cc:304] Start cannot spawn child process: No such file or directory
2025-09-18 21:49:13.809145: I ./tensorflow/compiler/jit/device_compiler.h:186] Compiled cluster using XLA!  This line is logged at most once for the lifetime of the process.
WARNING:tensorflow:Can save best model only with val_precision_aware available, skipping.
WARNING:tensorflow:Early stopping conditioned on metric `val_precision_aware` which is not available. Available metrics are: loss,auc,val_loss,val_auc
56/56 - 11s - loss: 0.3146 - auc: 0.5277 - val_loss: 0.3265 - val_auc: 0.5909 - val_auc_custom: 0.5942 - val_f1_custom: 0.0000e+00 - val_recall_custom: 0.0000e+00 - val_composite: 0.1188 - val_precision_aware: 0.1188 - 11s/epoch - 191ms/step
Curriculum: set focal gamma = 0.0526 (epoch 2)
Epoch 2/60
WARNING:tensorflow:Can save best model only with val_precision_aware available, skipping.
WARNING:tensorflow:Early stopping conditioned on metric `val_precision_aware` which is not available. Available metrics are: loss,auc,val_loss,val_auc
56/56 - 2s - loss: 0.2857 - auc: 0.6200 - val_loss: 0.3053 - val_auc: 0.5897 - val_auc_custom: 0.5917 - val_f1_custom: 0.0000e+00 - val_recall_custom: 0.0000e+00 - val_composite: 0.1183 - val_precision_aware: 0.1183 - 2s/epoch - 30ms/step
Curriculum: set focal gamma = 0.1053 (epoch 3)
Epoch 3/60
WARNING:tensorflow:Can save best model only with val_precision_aware available, skipping.
WARNING:tensorflow:Early stopping conditioned on metric `val_precision_aware` which is not available. Available metrics are: loss,auc,val_loss,val_auc
56/56 - 3s - loss: 0.2741 - auc: 0.6222 - val_loss: 0.2935 - val_auc: 0.5896 - val_auc_custom: 0.5902 - val_f1_custom: 0.1017 - val_recall_custom: 0.0566 - val_composite: 0.1768 - val_precision_aware: 0.3985 - 3s/epoch - 45ms/step
Curriculum: set focal gamma = 0.1579 (epoch 4)
Epoch 4/60
WARNING:tensorflow:Can save best model only with val_precision_aware available, skipping.
WARNING:tensorflow:Early stopping conditioned on metric `val_precision_aware` which is not available. Available metrics are: loss,auc,val_loss,val_auc
56/56 - 3s - loss: 0.2602 - auc: 0.6440 - val_loss: 0.2839 - val_auc: 0.5961 - val_auc_custom: 0.5960 - val_f1_custom: 0.2609 - val_recall_custom: 0.1698 - val_composite: 0.2824 - val_precision_aware: 0.4787 - 3s/epoch - 46ms/step
Curriculum: set focal gamma = 0.2105 (epoch 5)
Epoch 5/60
WARNING:tensorflow:Can save best model only with val_precision_aware available, skipping.
WARNING:tensorflow:Early stopping conditioned on metric `val_precision_aware` which is not available. Available metrics are: loss,auc,val_loss,val_auc
56/56 - 3s - loss: 0.2478 - auc: 0.6640 - val_loss: 0.2745 - val_auc: 0.5977 - val_auc_custom: 0.5985 - val_f1_custom: 0.3099 - val_recall_custom: 0.2075 - val_composite: 0.3164 - val_precision_aware: 0.5182 - 3s/epoch - 49ms/step
Curriculum: set focal gamma = 0.2632 (epoch 6)
Epoch 6/60
WARNING:tensorflow:Can save best model only with val_precision_aware available, skipping.
WARNING:tensorflow:Early stopping conditioned on metric `val_precision_aware` which is not available. Available metrics are: loss,auc,val_loss,val_auc
56/56 - 3s - loss: 0.2361 - auc: 0.6778 - val_loss: 0.2649 - val_auc: 0.5958 - val_auc_custom: 0.5950 - val_f1_custom: 0.2973 - val_recall_custom: 0.2075 - val_composite: 0.3120 - val_precision_aware: 0.4701 - 3s/epoch - 45ms/step
Curriculum: set focal gamma = 0.3158 (epoch 7)
Epoch 7/60
WARNING:tensorflow:Can save best model only with val_precision_aware available, skipping.
WARNING:tensorflow:Early stopping conditioned on metric `val_precision_aware` which is not available. Available metrics are: loss,auc,val_loss,val_auc
56/56 - 3s - loss: 0.2265 - auc: 0.6801 - val_loss: 0.2551 - val_auc: 0.6058 - val_auc_custom: 0.6048 - val_f1_custom: 0.3544 - val_recall_custom: 0.2642 - val_composite: 0.3594 - val_precision_aware: 0.4965 - 3s/epoch - 51ms/step
Curriculum: set focal gamma = 0.3684 (epoch 8)
Epoch 8/60
WARNING:tensorflow:Can save best model only with val_precision_aware available, skipping.
WARNING:tensorflow:Early stopping conditioned on metric `val_precision_aware` which is not available. Available metrics are: loss,auc,val_loss,val_auc
56/56 - 3s - loss: 0.2131 - auc: 0.7124 - val_loss: 0.2431 - val_auc: 0.6196 - val_auc_custom: 0.6224 - val_f1_custom: 0.3421 - val_recall_custom: 0.2453 - val_composite: 0.3498 - val_precision_aware: 0.5097 - 3s/epoch - 49ms/step
Curriculum: set focal gamma = 0.4211 (epoch 9)
Epoch 9/60
WARNING:tensorflow:Can save best model only with val_precision_aware available, skipping.
WARNING:tensorflow:Early stopping conditioned on metric `val_precision_aware` which is not available. Available metrics are: loss,auc,val_loss,val_auc
56/56 - 3s - loss: 0.2066 - auc: 0.7065 - val_loss: 0.2312 - val_auc: 0.6416 - val_auc_custom: 0.6418 - val_f1_custom: 0.3243 - val_recall_custom: 0.2264 - val_composite: 0.3389 - val_precision_aware: 0.5114 - 3s/epoch - 49ms/step
Curriculum: set focal gamma = 0.4737 (epoch 10)
Epoch 10/60
WARNING:tensorflow:Can save best model only with val_precision_aware available, skipping.
WARNING:tensorflow:Early stopping conditioned on metric `val_precision_aware` which is not available. Available metrics are: loss,auc,val_loss,val_auc
56/56 - 3s - loss: 0.1944 - auc: 0.7307 - val_loss: 0.2215 - val_auc: 0.6580 - val_auc_custom: 0.6589 - val_f1_custom: 0.3377 - val_recall_custom: 0.2453 - val_composite: 0.3557 - val_precision_aware: 0.5039 - 3s/epoch - 48ms/step
Curriculum: set focal gamma = 0.5263 (epoch 11)
Epoch 11/60
WARNING:tensorflow:Can save best model only with val_precision_aware available, skipping.
WARNING:tensorflow:Early stopping conditioned on metric `val_precision_aware` which is not available. Available metrics are: loss,auc,val_loss,val_auc
56/56 - 3s - loss: 0.1848 - auc: 0.7408 - val_loss: 0.2175 - val_auc: 0.6693 - val_auc_custom: 0.6679 - val_f1_custom: 0.4545 - val_recall_custom: 0.3774 - val_composite: 0.4586 - val_precision_aware: 0.5557 - 3s/epoch - 45ms/step
Curriculum: set focal gamma = 0.5789 (epoch 12)
Epoch 12/60
WARNING:tensorflow:Can save best model only with val_precision_aware available, skipping.
WARNING:tensorflow:Early stopping conditioned on metric `val_precision_aware` which is not available. Available metrics are: loss,auc,val_loss,val_auc
56/56 - 3s - loss: 0.1782 - auc: 0.7373 - val_loss: 0.2039 - val_auc: 0.6921 - val_auc_custom: 0.6928 - val_f1_custom: 0.4471 - val_recall_custom: 0.3585 - val_composite: 0.4519 - val_precision_aware: 0.5696 - 3s/epoch - 56ms/step
Curriculum: set focal gamma = 0.6316 (epoch 13)
Epoch 13/60
WARNING:tensorflow:Can save best model only with val_precision_aware available, skipping.
WARNING:tensorflow:Early stopping conditioned on metric `val_precision_aware` which is not available. Available metrics are: loss,auc,val_loss,val_auc
56/56 - 3s - loss: 0.1672 - auc: 0.7619 - val_loss: 0.1963 - val_auc: 0.7001 - val_auc_custom: 0.7004 - val_f1_custom: 0.3333 - val_recall_custom: 0.2453 - val_composite: 0.3627 - val_precision_aware: 0.5001 - 3s/epoch - 46ms/step
Curriculum: set focal gamma = 0.6842 (epoch 14)
Epoch 14/60
WARNING:tensorflow:Can save best model only with val_precision_aware available, skipping.
WARNING:tensorflow:Early stopping conditioned on metric `val_precision_aware` which is not available. Available metrics are: loss,auc,val_loss,val_auc
56/56 - 2s - loss: 0.1615 - auc: 0.7613 - val_loss: 0.1878 - val_auc: 0.7107 - val_auc_custom: 0.7097 - val_f1_custom: 0.5217 - val_recall_custom: 0.4528 - val_composite: 0.5249 - val_precision_aware: 0.6062 - 2s/epoch - 39ms/step
Curriculum: set focal gamma = 0.7368 (epoch 15)
Epoch 15/60
WARNING:tensorflow:Can save best model only with val_precision_aware available, skipping.
WARNING:tensorflow:Early stopping conditioned on metric `val_precision_aware` which is not available. Available metrics are: loss,auc,val_loss,val_auc
56/56 - 3s - loss: 0.1529 - auc: 0.7744 - val_loss: 0.1786 - val_auc: 0.7258 - val_auc_custom: 0.7258 - val_f1_custom: 0.5169 - val_recall_custom: 0.4340 - val_composite: 0.5172 - val_precision_aware: 0.6197 - 3s/epoch - 48ms/step
Curriculum: set focal gamma = 0.7895 (epoch 16)
Epoch 16/60
WARNING:tensorflow:Can save best model only with val_precision_aware available, skipping.
WARNING:tensorflow:Early stopping conditioned on metric `val_precision_aware` which is not available. Available metrics are: loss,auc,val_loss,val_auc
56/56 - 2s - loss: 0.1462 - auc: 0.7785 - val_loss: 0.1708 - val_auc: 0.7308 - val_auc_custom: 0.7308 - val_f1_custom: 0.5333 - val_recall_custom: 0.4528 - val_composite: 0.5326 - val_precision_aware: 0.6305 - 2s/epoch - 44ms/step
Curriculum: set focal gamma = 0.8421 (epoch 17)
Epoch 17/60
WARNING:tensorflow:Can save best model only with val_precision_aware available, skipping.
WARNING:tensorflow:Early stopping conditioned on metric `val_precision_aware` which is not available. Available metrics are: loss,auc,val_loss,val_auc
56/56 - 3s - loss: 0.1421 - auc: 0.7774 - val_loss: 0.1646 - val_auc: 0.7321 - val_auc_custom: 0.7298 - val_f1_custom: 0.5275 - val_recall_custom: 0.4528 - val_composite: 0.5306 - val_precision_aware: 0.6200 - 3s/epoch - 49ms/step
Curriculum: set focal gamma = 0.8947 (epoch 18)
Epoch 18/60
WARNING:tensorflow:Can save best model only with val_precision_aware available, skipping.
WARNING:tensorflow:Early stopping conditioned on metric `val_precision_aware` which is not available. Available metrics are: loss,auc,val_loss,val_auc
56/56 - 3s - loss: 0.1309 - auc: 0.8042 - val_loss: 0.1644 - val_auc: 0.7213 - val_auc_custom: 0.7203 - val_f1_custom: 0.5600 - val_recall_custom: 0.5283 - val_composite: 0.5762 - val_precision_aware: 0.6099 - 3s/epoch - 46ms/step
Curriculum: set focal gamma = 0.9474 (epoch 19)
Epoch 19/60
WARNING:tensorflow:Can save best model only with val_precision_aware available, skipping.
WARNING:tensorflow:Early stopping conditioned on metric `val_precision_aware` which is not available. Available metrics are: loss,auc,val_loss,val_auc
56/56 - 3s - loss: 0.1292 - auc: 0.7865 - val_loss: 0.1516 - val_auc: 0.7478 - val_auc_custom: 0.7464 - val_f1_custom: 0.5319 - val_recall_custom: 0.4717 - val_composite: 0.5447 - val_precision_aware: 0.6137 - 3s/epoch - 50ms/step
Curriculum: set focal gamma = 1.0000 (epoch 20)
Epoch 20/60
WARNING:tensorflow:Can save best model only with val_precision_aware available, skipping.
WARNING:tensorflow:Early stopping conditioned on metric `val_precision_aware` which is not available. Available metrics are: loss,auc,val_loss,val_auc
56/56 - 3s - loss: 0.1188 - auc: 0.8162 - val_loss: 0.1448 - val_auc: 0.7553 - val_auc_custom: 0.7545 - val_f1_custom: 0.5376 - val_recall_custom: 0.4717 - val_composite: 0.5480 - val_precision_aware: 0.6247 - 3s/epoch - 50ms/step
Curriculum: set focal gamma = 1.0000 (epoch 21)
Epoch 21/60
WARNING:tensorflow:Can save best model only with val_precision_aware available, skipping.
WARNING:tensorflow:Early stopping conditioned on metric `val_precision_aware` which is not available. Available metrics are: loss,auc,val_loss,val_auc
56/56 - 3s - loss: 0.1170 - auc: 0.8215 - val_loss: 0.1468 - val_auc: 0.7473 - val_auc_custom: 0.7469 - val_f1_custom: 0.5376 - val_recall_custom: 0.4717 - val_composite: 0.5465 - val_precision_aware: 0.6232 - 3s/epoch - 48ms/step
Curriculum: set focal gamma = 1.0000 (epoch 22)
Epoch 22/60
WARNING:tensorflow:Can save best model only with val_precision_aware available, skipping.
WARNING:tensorflow:Early stopping conditioned on metric `val_precision_aware` which is not available. Available metrics are: loss,auc,val_loss,val_auc
56/56 - 3s - loss: 0.1168 - auc: 0.8175 - val_loss: 0.1500 - val_auc: 0.7445 - val_auc_custom: 0.7452 - val_f1_custom: 0.5918 - val_recall_custom: 0.5472 - val_composite: 0.6002 - val_precision_aware: 0.6488 - 3s/epoch - 50ms/step
Curriculum: set focal gamma = 1.0000 (epoch 23)
Epoch 23/60
WARNING:tensorflow:Can save best model only with val_precision_aware available, skipping.
WARNING:tensorflow:Early stopping conditioned on metric `val_precision_aware` which is not available. Available metrics are: loss,auc,val_loss,val_auc
56/56 - 2s - loss: 0.1162 - auc: 0.8244 - val_loss: 0.1455 - val_auc: 0.7572 - val_auc_custom: 0.7565 - val_f1_custom: 0.5591 - val_recall_custom: 0.4906 - val_composite: 0.5643 - val_precision_aware: 0.6440 - 2s/epoch - 44ms/step
Curriculum: set focal gamma = 1.0000 (epoch 24)
Epoch 24/60
WARNING:tensorflow:Can save best model only with val_precision_aware available, skipping.
WARNING:tensorflow:Early stopping conditioned on metric `val_precision_aware` which is not available. Available metrics are: loss,auc,val_loss,val_auc
56/56 - 3s - loss: 0.1145 - auc: 0.8300 - val_loss: 0.1464 - val_auc: 0.7571 - val_auc_custom: 0.7580 - val_f1_custom: 0.6263 - val_recall_custom: 0.5849 - val_composite: 0.6319 - val_precision_aware: 0.6764 - 3s/epoch - 48ms/step
Curriculum: set focal gamma = 1.0000 (epoch 25)
Epoch 25/60
WARNING:tensorflow:Can save best model only with val_precision_aware available, skipping.
WARNING:tensorflow:Early stopping conditioned on metric `val_precision_aware` which is not available. Available metrics are: loss,auc,val_loss,val_auc
56/56 - 3s - loss: 0.1134 - auc: 0.8329 - val_loss: 0.1450 - val_auc: 0.7619 - val_auc_custom: 0.7608 - val_f1_custom: 0.5833 - val_recall_custom: 0.5283 - val_composite: 0.5913 - val_precision_aware: 0.6527 - 3s/epoch - 50ms/step
Curriculum: set focal gamma = 1.0000 (epoch 26)
Epoch 26/60
WARNING:tensorflow:Can save best model only with val_precision_aware available, skipping.
WARNING:tensorflow:Early stopping conditioned on metric `val_precision_aware` which is not available. Available metrics are: loss,auc,val_loss,val_auc
56/56 - 2s - loss: 0.1100 - auc: 0.8528 - val_loss: 0.1497 - val_auc: 0.7532 - val_auc_custom: 0.7542 - val_f1_custom: 0.6061 - val_recall_custom: 0.5660 - val_composite: 0.6157 - val_precision_aware: 0.6587 - 2s/epoch - 35ms/step
Curriculum: set focal gamma = 1.0000 (epoch 27)
Epoch 27/60
WARNING:tensorflow:Can save best model only with val_precision_aware available, skipping.
WARNING:tensorflow:Early stopping conditioned on metric `val_precision_aware` which is not available. Available metrics are: loss,auc,val_loss,val_auc
56/56 - 2s - loss: 0.1091 - auc: 0.8477 - val_loss: 0.1475 - val_auc: 0.7674 - val_auc_custom: 0.7675 - val_f1_custom: 0.6250 - val_recall_custom: 0.5660 - val_composite: 0.6240 - val_precision_aware: 0.6898 - 2s/epoch - 43ms/step
Curriculum: set focal gamma = 1.0000 (epoch 28)
Epoch 28/60
WARNING:tensorflow:Can save best model only with val_precision_aware available, skipping.
WARNING:tensorflow:Early stopping conditioned on metric `val_precision_aware` which is not available. Available metrics are: loss,auc,val_loss,val_auc
56/56 - 3s - loss: 0.1092 - auc: 0.8503 - val_loss: 0.1555 - val_auc: 0.7497 - val_auc_custom: 0.7499 - val_f1_custom: 0.6726 - val_recall_custom: 0.7170 - val_composite: 0.7102 - val_precision_aware: 0.6684 - 3s/epoch - 51ms/step
Curriculum: set focal gamma = 1.0000 (epoch 29)
Epoch 29/60
WARNING:tensorflow:Can save best model only with val_precision_aware available, skipping.
WARNING:tensorflow:Early stopping conditioned on metric `val_precision_aware` which is not available. Available metrics are: loss,auc,val_loss,val_auc
56/56 - 3s - loss: 0.1051 - auc: 0.8603 - val_loss: 0.1454 - val_auc: 0.7771 - val_auc_custom: 0.7769 - val_f1_custom: 0.6535 - val_recall_custom: 0.6226 - val_composite: 0.6627 - val_precision_aware: 0.6952 - 3s/epoch - 56ms/step
Curriculum: set focal gamma = 1.0000 (epoch 30)
Epoch 30/60
WARNING:tensorflow:Can save best model only with val_precision_aware available, skipping.
WARNING:tensorflow:Early stopping conditioned on metric `val_precision_aware` which is not available. Available metrics are: loss,auc,val_loss,val_auc
56/56 - 3s - loss: 0.1069 - auc: 0.8585 - val_loss: 0.1694 - val_auc: 0.7127 - val_auc_custom: 0.7127 - val_f1_custom: 0.6250 - val_recall_custom: 0.6604 - val_composite: 0.6602 - val_precision_aware: 0.6267 - 3s/epoch - 54ms/step
Curriculum: set focal gamma = 1.0000 (epoch 31)
Epoch 31/60
WARNING:tensorflow:Can save best model only with val_precision_aware available, skipping.
WARNING:tensorflow:Early stopping conditioned on metric `val_precision_aware` which is not available. Available metrics are: loss,auc,val_loss,val_auc
56/56 - 3s - loss: 0.1087 - auc: 0.8555 - val_loss: 0.1616 - val_auc: 0.7469 - val_auc_custom: 0.7472 - val_f1_custom: 0.6949 - val_recall_custom: 0.7736 - val_composite: 0.7447 - val_precision_aware: 0.6733 - 3s/epoch - 56ms/step
Curriculum: set focal gamma = 1.0000 (epoch 32)
Epoch 32/60
WARNING:tensorflow:Can save best model only with val_precision_aware available, skipping.
WARNING:tensorflow:Early stopping conditioned on metric `val_precision_aware` which is not available. Available metrics are: loss,auc,val_loss,val_auc
56/56 - 3s - loss: 0.1065 - auc: 0.8596 - val_loss: 0.1625 - val_auc: 0.7440 - val_auc_custom: 0.7449 - val_f1_custom: 0.6842 - val_recall_custom: 0.7358 - val_composite: 0.7222 - val_precision_aware: 0.6739 - 3s/epoch - 52ms/step
Curriculum: set focal gamma = 1.0000 (epoch 33)
Epoch 33/60
WARNING:tensorflow:Can save best model only with val_precision_aware available, skipping.
WARNING:tensorflow:Early stopping conditioned on metric `val_precision_aware` which is not available. Available metrics are: loss,auc,val_loss,val_auc
56/56 - 3s - loss: 0.0993 - auc: 0.8840 - val_loss: 0.1519 - val_auc: 0.7658 - val_auc_custom: 0.7658 - val_f1_custom: 0.5169 - val_recall_custom: 0.4340 - val_composite: 0.5252 - val_precision_aware: 0.6277 - 3s/epoch - 53ms/step
Curriculum: set focal gamma = 1.0000 (epoch 34)
Epoch 34/60
WARNING:tensorflow:Can save best model only with val_precision_aware available, skipping.
WARNING:tensorflow:Early stopping conditioned on metric `val_precision_aware` which is not available. Available metrics are: loss,auc,val_loss,val_auc
56/56 - 3s - loss: 0.1048 - auc: 0.8656 - val_loss: 0.1733 - val_auc: 0.7338 - val_auc_custom: 0.7338 - val_f1_custom: 0.6612 - val_recall_custom: 0.7547 - val_composite: 0.7225 - val_precision_aware: 0.6392 - 3s/epoch - 50ms/step
Curriculum: set focal gamma = 1.0000 (epoch 35)
Epoch 35/60
WARNING:tensorflow:Can save best model only with val_precision_aware available, skipping.
WARNING:tensorflow:Early stopping conditioned on metric `val_precision_aware` which is not available. Available metrics are: loss,auc,val_loss,val_auc
56/56 - 3s - loss: 0.0982 - auc: 0.8848 - val_loss: 0.1674 - val_auc: 0.7591 - val_auc_custom: 0.7585 - val_f1_custom: 0.6885 - val_recall_custom: 0.7925 - val_composite: 0.7545 - val_precision_aware: 0.6626 - 3s/epoch - 56ms/step
Curriculum: set focal gamma = 1.0000 (epoch 36)
Epoch 36/60
WARNING:tensorflow:Can save best model only with val_precision_aware available, skipping.
WARNING:tensorflow:Early stopping conditioned on metric `val_precision_aware` which is not available. Available metrics are: loss,auc,val_loss,val_auc
56/56 - 3s - loss: 0.0993 - auc: 0.8768 - val_loss: 0.1587 - val_auc: 0.7532 - val_auc_custom: 0.7530 - val_f1_custom: 0.6606 - val_recall_custom: 0.6792 - val_composite: 0.6884 - val_precision_aware: 0.6702 - 3s/epoch - 47ms/step
Curriculum: set focal gamma = 1.0000 (epoch 37)
Epoch 37/60
WARNING:tensorflow:Can save best model only with val_precision_aware available, skipping.
WARNING:tensorflow:Early stopping conditioned on metric `val_precision_aware` which is not available. Available metrics are: loss,auc,val_loss,val_auc
56/56 - 2s - loss: 0.0986 - auc: 0.8808 - val_loss: 0.1634 - val_auc: 0.7541 - val_auc_custom: 0.7540 - val_f1_custom: 0.6667 - val_recall_custom: 0.7170 - val_composite: 0.7093 - val_precision_aware: 0.6623 - 2s/epoch - 45ms/step
Curriculum: set focal gamma = 1.0000 (epoch 38)
Epoch 38/60
WARNING:tensorflow:Can save best model only with val_precision_aware available, skipping.
WARNING:tensorflow:Early stopping conditioned on metric `val_precision_aware` which is not available. Available metrics are: loss,auc,val_loss,val_auc
56/56 - 3s - loss: 0.0882 - auc: 0.9078 - val_loss: 0.1491 - val_auc: 0.7855 - val_auc_custom: 0.7852 - val_f1_custom: 0.5714 - val_recall_custom: 0.4906 - val_composite: 0.5737 - val_precision_aware: 0.6706 - 3s/epoch - 54ms/step
Curriculum: set focal gamma = 1.0000 (epoch 39)
Epoch 39/60
WARNING:tensorflow:Can save best model only with val_precision_aware available, skipping.
WARNING:tensorflow:Early stopping conditioned on metric `val_precision_aware` which is not available. Available metrics are: loss,auc,val_loss,val_auc
56/56 - 3s - loss: 0.0944 - auc: 0.8901 - val_loss: 0.1925 - val_auc: 0.7404 - val_auc_custom: 0.7406 - val_f1_custom: 0.6667 - val_recall_custom: 0.8113 - val_composite: 0.7538 - val_precision_aware: 0.6310 - 3s/epoch - 45ms/step
Curriculum: set focal gamma = 1.0000 (epoch 40)
Epoch 40/60
WARNING:tensorflow:Can save best model only with val_precision_aware available, skipping.
WARNING:tensorflow:Early stopping conditioned on metric `val_precision_aware` which is not available. Available metrics are: loss,auc,val_loss,val_auc
56/56 - 3s - loss: 0.0938 - auc: 0.8932 - val_loss: 0.1491 - val_auc: 0.7898 - val_auc_custom: 0.7897 - val_f1_custom: 0.5618 - val_recall_custom: 0.4717 - val_composite: 0.5623 - val_precision_aware: 0.6737 - 3s/epoch - 49ms/step
Curriculum: set focal gamma = 1.0000 (epoch 41)
Epoch 41/60
WARNING:tensorflow:Can save best model only with val_precision_aware available, skipping.
WARNING:tensorflow:Early stopping conditioned on metric `val_precision_aware` which is not available. Available metrics are: loss,auc,val_loss,val_auc
56/56 - 3s - loss: 0.0909 - auc: 0.8986 - val_loss: 0.1846 - val_auc: 0.7367 - val_auc_custom: 0.7376 - val_f1_custom: 0.6609 - val_recall_custom: 0.7170 - val_composite: 0.7043 - val_precision_aware: 0.6522 - 3s/epoch - 54ms/step
Curriculum: set focal gamma = 1.0000 (epoch 42)
Epoch 42/60
WARNING:tensorflow:Can save best model only with val_precision_aware available, skipping.
WARNING:tensorflow:Early stopping conditioned on metric `val_precision_aware` which is not available. Available metrics are: loss,auc,val_loss,val_auc
56/56 - 3s - loss: 0.0899 - auc: 0.9009 - val_loss: 0.1550 - val_auc: 0.7882 - val_auc_custom: 0.7874 - val_f1_custom: 0.5333 - val_recall_custom: 0.4528 - val_composite: 0.5439 - val_precision_aware: 0.6418 - 3s/epoch - 47ms/step
Curriculum: set focal gamma = 1.0000 (epoch 43)
Epoch 43/60
WARNING:tensorflow:Can save best model only with val_precision_aware available, skipping.
WARNING:tensorflow:Early stopping conditioned on metric `val_precision_aware` which is not available. Available metrics are: loss,auc,val_loss,val_auc
56/56 - 3s - loss: 0.0891 - auc: 0.9056 - val_loss: 0.1782 - val_auc: 0.7481 - val_auc_custom: 0.7484 - val_f1_custom: 0.6783 - val_recall_custom: 0.7358 - val_composite: 0.7211 - val_precision_aware: 0.6677 - 3s/epoch - 49ms/step
Curriculum: set focal gamma = 1.0000 (epoch 44)
Epoch 44/60
WARNING:tensorflow:Can save best model only with val_precision_aware available, skipping.
WARNING:tensorflow:Early stopping conditioned on metric `val_precision_aware` which is not available. Available metrics are: loss,auc,val_loss,val_auc
56/56 - 3s - loss: 0.0864 - auc: 0.9102 - val_loss: 0.1463 - val_auc: 0.8141 - val_auc_custom: 0.8136 - val_f1_custom: 0.5778 - val_recall_custom: 0.4906 - val_composite: 0.5813 - val_precision_aware: 0.6874 - 3s/epoch - 48ms/step
Curriculum: set focal gamma = 1.0000 (epoch 45)
Epoch 45/60
WARNING:tensorflow:Can save best model only with val_precision_aware available, skipping.
WARNING:tensorflow:Early stopping conditioned on metric `val_precision_aware` which is not available. Available metrics are: loss,auc,val_loss,val_auc
56/56 - 3s - loss: 0.0801 - auc: 0.9245 - val_loss: 0.1653 - val_auc: 0.7937 - val_auc_custom: 0.7940 - val_f1_custom: 0.6842 - val_recall_custom: 0.7358 - val_composite: 0.7320 - val_precision_aware: 0.6837 - 3s/epoch - 52ms/step
Curriculum: set focal gamma = 1.0000 (epoch 46)
Epoch 46/60
WARNING:tensorflow:Can save best model only with val_precision_aware available, skipping.
WARNING:tensorflow:Early stopping conditioned on metric `val_precision_aware` which is not available. Available metrics are: loss,auc,val_loss,val_auc
56/56 - 3s - loss: 0.0828 - auc: 0.9187 - val_loss: 0.1593 - val_auc: 0.7906 - val_auc_custom: 0.7909 - val_f1_custom: 0.4819 - val_recall_custom: 0.3774 - val_composite: 0.4914 - val_precision_aware: 0.6361 - 3s/epoch - 54ms/step
Curriculum: set focal gamma = 1.0000 (epoch 47)
Epoch 47/60
WARNING:tensorflow:Can save best model only with val_precision_aware available, skipping.
WARNING:tensorflow:Early stopping conditioned on metric `val_precision_aware` which is not available. Available metrics are: loss,auc,val_loss,val_auc
56/56 - 3s - loss: 0.0823 - auc: 0.9195 - val_loss: 0.1591 - val_auc: 0.7965 - val_auc_custom: 0.7967 - val_f1_custom: 0.5934 - val_recall_custom: 0.5094 - val_composite: 0.5921 - val_precision_aware: 0.6926 - 3s/epoch - 45ms/step
Curriculum: set focal gamma = 1.0000 (epoch 48)
Epoch 48/60
WARNING:tensorflow:Can save best model only with val_precision_aware available, skipping.
WARNING:tensorflow:Early stopping conditioned on metric `val_precision_aware` which is not available. Available metrics are: loss,auc,val_loss,val_auc
56/56 - 3s - loss: 0.0810 - auc: 0.9239 - val_loss: 0.1647 - val_auc: 0.7879 - val_auc_custom: 0.7884 - val_f1_custom: 0.6731 - val_recall_custom: 0.6604 - val_composite: 0.6898 - val_precision_aware: 0.7027 - 3s/epoch - 53ms/step
Curriculum: set focal gamma = 1.0000 (epoch 49)
Epoch 49/60
WARNING:tensorflow:Can save best model only with val_precision_aware available, skipping.
WARNING:tensorflow:Early stopping conditioned on metric `val_precision_aware` which is not available. Available metrics are: loss,auc,val_loss,val_auc
56/56 - 2s - loss: 0.0878 - auc: 0.9078 - val_loss: 0.1517 - val_auc: 0.8004 - val_auc_custom: 0.8010 - val_f1_custom: 0.6458 - val_recall_custom: 0.5849 - val_composite: 0.6464 - val_precision_aware: 0.7144 - 2s/epoch - 37ms/step
Curriculum: set focal gamma = 1.0000 (epoch 50)
Epoch 50/60
WARNING:tensorflow:Can save best model only with val_precision_aware available, skipping.
WARNING:tensorflow:Early stopping conditioned on metric `val_precision_aware` which is not available. Available metrics are: loss,auc,val_loss,val_auc
56/56 - 2s - loss: 0.0810 - auc: 0.9238 - val_loss: 0.1633 - val_auc: 0.7769 - val_auc_custom: 0.7769 - val_f1_custom: 0.6263 - val_recall_custom: 0.5849 - val_composite: 0.6357 - val_precision_aware: 0.6802 - 2s/epoch - 38ms/step
Curriculum: set focal gamma = 1.0000 (epoch 51)
Epoch 51/60
WARNING:tensorflow:Can save best model only with val_precision_aware available, skipping.
WARNING:tensorflow:Early stopping conditioned on metric `val_precision_aware` which is not available. Available metrics are: loss,auc,val_loss,val_auc
56/56 - 2s - loss: 0.0825 - auc: 0.9224 - val_loss: 0.1610 - val_auc: 0.7776 - val_auc_custom: 0.7781 - val_f1_custom: 0.6346 - val_recall_custom: 0.6226 - val_composite: 0.6573 - val_precision_aware: 0.6695 - 2s/epoch - 40ms/step
Curriculum: set focal gamma = 1.0000 (epoch 52)
Epoch 52/60
WARNING:tensorflow:Can save best model only with val_precision_aware available, skipping.
WARNING:tensorflow:Early stopping conditioned on metric `val_precision_aware` which is not available. Available metrics are: loss,auc,val_loss,val_auc
56/56 - 2s - loss: 0.0763 - auc: 0.9324 - val_loss: 0.1538 - val_auc: 0.7922 - val_auc_custom: 0.7914 - val_f1_custom: 0.5435 - val_recall_custom: 0.4717 - val_composite: 0.5572 - val_precision_aware: 0.6418 - 2s/epoch - 40ms/step
Curriculum: set focal gamma = 1.0000 (epoch 53)
Epoch 53/60
WARNING:tensorflow:Can save best model only with val_precision_aware available, skipping.
WARNING:tensorflow:Early stopping conditioned on metric `val_precision_aware` which is not available. Available metrics are: loss,auc,val_loss,val_auc
56/56 - 2s - loss: 0.0764 - auc: 0.9326 - val_loss: 0.1757 - val_auc: 0.7657 - val_auc_custom: 0.7658 - val_f1_custom: 0.6667 - val_recall_custom: 0.7170 - val_composite: 0.7116 - val_precision_aware: 0.6646 - 2s/epoch - 41ms/step
Curriculum: set focal gamma = 1.0000 (epoch 54)
Epoch 54/60
WARNING:tensorflow:Can save best model only with val_precision_aware available, skipping.
WARNING:tensorflow:Early stopping conditioned on metric `val_precision_aware` which is not available. Available metrics are: loss,auc,val_loss,val_auc
56/56 - 2s - loss: 0.0710 - auc: 0.9419 - val_loss: 0.1779 - val_auc: 0.7722 - val_auc_custom: 0.7726 - val_f1_custom: 0.6545 - val_recall_custom: 0.6792 - val_composite: 0.6905 - val_precision_aware: 0.6667 - 2s/epoch - 36ms/step
Curriculum: set focal gamma = 1.0000 (epoch 55)
Epoch 55/60
WARNING:tensorflow:Can save best model only with val_precision_aware available, skipping.
WARNING:tensorflow:Early stopping conditioned on metric `val_precision_aware` which is not available. Available metrics are: loss,auc,val_loss,val_auc
56/56 - 2s - loss: 0.0748 - auc: 0.9349 - val_loss: 0.1712 - val_auc: 0.7853 - val_auc_custom: 0.7854 - val_f1_custom: 0.6275 - val_recall_custom: 0.6038 - val_composite: 0.6472 - val_precision_aware: 0.6718 - 2s/epoch - 39ms/step
Curriculum: set focal gamma = 1.0000 (epoch 56)
Epoch 56/60
WARNING:tensorflow:Can save best model only with val_precision_aware available, skipping.
WARNING:tensorflow:Early stopping conditioned on metric `val_precision_aware` which is not available. Available metrics are: loss,auc,val_loss,val_auc
56/56 - 2s - loss: 0.0785 - auc: 0.9273 - val_loss: 0.1811 - val_auc: 0.7746 - val_auc_custom: 0.7731 - val_f1_custom: 0.6847 - val_recall_custom: 0.7170 - val_composite: 0.7185 - val_precision_aware: 0.6876 - 2s/epoch - 40ms/step
Curriculum: set focal gamma = 1.0000 (epoch 57)
Epoch 57/60
WARNING:tensorflow:Can save best model only with val_precision_aware available, skipping.
WARNING:tensorflow:Early stopping conditioned on metric `val_precision_aware` which is not available. Available metrics are: loss,auc,val_loss,val_auc
56/56 - 2s - loss: 0.0703 - auc: 0.9420 - val_loss: 0.1607 - val_auc: 0.7991 - val_auc_custom: 0.7997 - val_f1_custom: 0.5957 - val_recall_custom: 0.5283 - val_composite: 0.6028 - val_precision_aware: 0.6801 - 2s/epoch - 36ms/step
Curriculum: set focal gamma = 1.0000 (epoch 58)
Epoch 58/60
WARNING:tensorflow:Can save best model only with val_precision_aware available, skipping.
WARNING:tensorflow:Early stopping conditioned on metric `val_precision_aware` which is not available. Available metrics are: loss,auc,val_loss,val_auc
56/56 - 2s - loss: 0.0692 - auc: 0.9431 - val_loss: 0.1801 - val_auc: 0.7660 - val_auc_custom: 0.7670 - val_f1_custom: 0.6422 - val_recall_custom: 0.6604 - val_composite: 0.6763 - val_precision_aware: 0.6586 - 2s/epoch - 37ms/step
Curriculum: set focal gamma = 1.0000 (epoch 59)
Epoch 59/60
WARNING:tensorflow:Can save best model only with val_precision_aware available, skipping.
WARNING:tensorflow:Early stopping conditioned on metric `val_precision_aware` which is not available. Available metrics are: loss,auc,val_loss,val_auc
56/56 - 2s - loss: 0.0688 - auc: 0.9449 - val_loss: 0.1847 - val_auc: 0.7626 - val_auc_custom: 0.7618 - val_f1_custom: 0.6168 - val_recall_custom: 0.6226 - val_composite: 0.6487 - val_precision_aware: 0.6430 - 2s/epoch - 38ms/step
Curriculum: set focal gamma = 1.0000 (epoch 60)
Epoch 60/60
WARNING:tensorflow:Can save best model only with val_precision_aware available, skipping.
WARNING:tensorflow:Early stopping conditioned on metric `val_precision_aware` which is not available. Available metrics are: loss,auc,val_loss,val_auc
56/56 - 2s - loss: 0.0654 - auc: 0.9497 - val_loss: 0.1850 - val_auc: 0.7706 - val_auc_custom: 0.7713 - val_f1_custom: 0.5474 - val_recall_custom: 0.4906 - val_composite: 0.5638 - val_precision_aware: 0.6280 - 2s/epoch - 39ms/step
Mask config -> mode=soft, threshold=0.6, window_gate=None
Done. Results saved to result_multi_seed_precision_aware/seed19/03
