2025-09-22 02:14:49.605391: I tensorflow/core/util/port.cc:110] oneDNN custom operations are on. You may see slightly different numerical results due to floating-point round-off errors from different computation orders. To turn them off, set the environment variable `TF_ENABLE_ONEDNN_OPTS=0`.
2025-09-22 02:14:49.633796: I tensorflow/core/platform/cpu_feature_guard.cc:182] This TensorFlow binary is optimized to use available CPU instructions in performance-critical operations.
To enable the following instructions: AVX2 AVX_VNNI FMA, in other operations, rebuild TensorFlow with the appropriate compiler flags.
2025-09-22 02:14:50.035401: W tensorflow/compiler/tf2tensorrt/utils/py_utils.cc:38] TF-TRT Warning: Could not find TensorRT
2025-09-22 02:14:50.418744: I tensorflow/compiler/xla/stream_executor/cuda/cuda_gpu_executor.cc:981] could not open file to read NUMA node: /sys/bus/pci/devices/0000:01:00.0/numa_node
Your kernel may have been built without NUMA support.
2025-09-22 02:14:50.442371: I tensorflow/compiler/xla/stream_executor/cuda/cuda_gpu_executor.cc:981] could not open file to read NUMA node: /sys/bus/pci/devices/0000:01:00.0/numa_node
Your kernel may have been built without NUMA support.
2025-09-22 02:14:50.442473: I tensorflow/compiler/xla/stream_executor/cuda/cuda_gpu_executor.cc:981] could not open file to read NUMA node: /sys/bus/pci/devices/0000:01:00.0/numa_node
Your kernel may have been built without NUMA support.
2025-09-22 02:14:50.443689: I tensorflow/compiler/xla/stream_executor/cuda/cuda_gpu_executor.cc:981] could not open file to read NUMA node: /sys/bus/pci/devices/0000:01:00.0/numa_node
Your kernel may have been built without NUMA support.
2025-09-22 02:14:50.443753: I tensorflow/compiler/xla/stream_executor/cuda/cuda_gpu_executor.cc:981] could not open file to read NUMA node: /sys/bus/pci/devices/0000:01:00.0/numa_node
Your kernel may have been built without NUMA support.
2025-09-22 02:14:50.443773: I tensorflow/compiler/xla/stream_executor/cuda/cuda_gpu_executor.cc:981] could not open file to read NUMA node: /sys/bus/pci/devices/0000:01:00.0/numa_node
Your kernel may have been built without NUMA support.
2025-09-22 02:14:50.546316: I tensorflow/compiler/xla/stream_executor/cuda/cuda_gpu_executor.cc:981] could not open file to read NUMA node: /sys/bus/pci/devices/0000:01:00.0/numa_node
Your kernel may have been built without NUMA support.
2025-09-22 02:14:50.546433: I tensorflow/compiler/xla/stream_executor/cuda/cuda_gpu_executor.cc:981] could not open file to read NUMA node: /sys/bus/pci/devices/0000:01:00.0/numa_node
Your kernel may have been built without NUMA support.
2025-09-22 02:14:50.546454: I tensorflow/core/common_runtime/gpu/gpu_device.cc:1726] Could not identify NUMA node of platform GPU id 0, defaulting to 0.  Your kernel may not have been built with NUMA support.
2025-09-22 02:14:50.546483: I tensorflow/compiler/xla/stream_executor/cuda/cuda_gpu_executor.cc:981] could not open file to read NUMA node: /sys/bus/pci/devices/0000:01:00.0/numa_node
Your kernel may have been built without NUMA support.
2025-09-22 02:14:50.546505: I tensorflow/core/common_runtime/gpu/gpu_device.cc:1639] Created device /job:localhost/replica:0/task:0/device:GPU:0 with 9517 MB memory:  -> device: 0, name: NVIDIA GeForce RTX 4070 SUPER, pci bus id: 0000:01:00.0, compute capability: 8.9
[feature_check] OK: train/test feature_list identical (n=36)
GPU detected: 1 physical, 1 logical -> ['/device:GPU:0']
Config: batch=16, accumulate_steps=8 -> effective_batch=128
Loaded (for internal train/val)  (1276, 36, 75) (1276,)
Loaded EXTERNAL TEST: (354, 36, 75) from /home/user/projects/train/test_data/slipce/windows_npz.npz
[mask] windows_npz.npz using occlusion_flag ch=7
[mask] windows_npz.npz using occlusion_flag ch=7
Model: "cnn_bilstm_attn_masked"
__________________________________________________________________________________________________
 Layer (type)                Output Shape                 Param #   Connected to                  
==================================================================================================
 input (InputLayer)          [(None, 36, 75)]             0         []                            
                                                                                                  
 permute_time_features (Per  (None, 75, 36)               0         ['input[0][0]']               
 mute)                                                                                            
                                                                                                  
 conv0 (Conv1D)              (None, 75, 64)               6976      ['permute_time_features[0][0]'
                                                                    ]                             
                                                                                                  
 bn0 (BatchNormalization)    (None, 75, 64)               256       ['conv0[0][0]']               
                                                                                                  
 act0 (Activation)           (None, 75, 64)               0         ['bn0[0][0]']                 
                                                                                                  
 conv_dropout0 (Dropout)     (None, 75, 64)               0         ['act0[0][0]']                
                                                                                                  
 conv1 (Conv1D)              (None, 75, 64)               20544     ['conv_dropout0[0][0]']       
                                                                                                  
 bn1 (BatchNormalization)    (None, 75, 64)               256       ['conv1[0][0]']               
                                                                                                  
 act1 (Activation)           (None, 75, 64)               0         ['bn1[0][0]']                 
                                                                                                  
 conv_dropout1 (Dropout)     (None, 75, 64)               0         ['act1[0][0]']                
                                                                                                  
 conv2 (Conv1D)              (None, 75, 64)               12352     ['conv_dropout1[0][0]']       
                                                                                                  
 bn2 (BatchNormalization)    (None, 75, 64)               256       ['conv2[0][0]']               
                                                                                                  
 act2 (Activation)           (None, 75, 64)               0         ['bn2[0][0]']                 
                                                                                                  
 conv_dropout2 (Dropout)     (None, 75, 64)               0         ['act2[0][0]']                
                                                                                                  
 bilstm (Bidirectional)      (None, 75, 128)              66048     ['conv_dropout2[0][0]']       
                                                                                                  
 mlp_attn_u (Dense)          (None, 75, 32)               4128      ['bilstm[0][0]']              
                                                                                                  
 mlp_attn_score (Dense)      (None, 75, 1)                33        ['mlp_attn_u[0][0]']          
                                                                                                  
 mlp_attn_squeeze (Lambda)   (None, 75)                   0         ['mlp_attn_score[0][0]']      
                                                                                                  
 attn_mask (InputLayer)      [(None, 75)]                 0         []                            
                                                                                                  
 mlp_attn_apply_mask (Lambd  (None, 75)                   0         ['mlp_attn_squeeze[0][0]',    
 a)                                                                  'attn_mask[0][0]']           
                                                                                                  
 mlp_attn_softmax (Lambda)   (None, 75)                   0         ['mlp_attn_apply_mask[0][0]'] 
                                                                                                  
 mlp_attn_expand (Lambda)    (None, 75, 1)                0         ['mlp_attn_softmax[0][0]']    
                                                                                                  
 mlp_attn_weighted (Lambda)  (None, 128)                  0         ['bilstm[0][0]',              
                                                                     'mlp_attn_expand[0][0]']     
                                                                                                  
 fc1 (Dense)                 (None, 64)                   8256      ['mlp_attn_weighted[0][0]']   
                                                                                                  
 fc_dropout (Dropout)        (None, 64)                   0         ['fc1[0][0]']                 
                                                                                                  
 out (Dense)                 (None, 1)                    65        ['fc_dropout[0][0]']          
                                                                                                  
==================================================================================================
Total params: 119171 (465.51 KB)
Trainable params: 118786 (464.01 KB)
Non-trainable params: 385 (1.50 KB)
__________________________________________________________________________________________________
None
Writing results to result_multi_seed_composite/seed10/01
Curriculum: set focal gamma = 0.0000 (epoch 1)
Epoch 1/70
2025-09-22 02:14:55.772201: I tensorflow/compiler/xla/stream_executor/cuda/cuda_dnn.cc:432] Loaded cuDNN version 8600
2025-09-22 02:14:55.867065: I tensorflow/tsl/platform/default/subprocess.cc:304] Start cannot spawn child process: No such file or directory
2025-09-22 02:14:56.011766: I tensorflow/compiler/xla/stream_executor/cuda/cuda_blas.cc:606] TensorFloat-32 will be used for the matrix multiplication. This will only be logged once.
2025-09-22 02:14:56.345807: I tensorflow/compiler/xla/service/service.cc:168] XLA service 0x602b99ae13b0 initialized for platform CUDA (this does not guarantee that XLA will be used). Devices:
2025-09-22 02:14:56.345876: I tensorflow/compiler/xla/service/service.cc:176]   StreamExecutor device (0): NVIDIA GeForce RTX 4070 SUPER, Compute Capability 8.9
2025-09-22 02:14:56.349062: I tensorflow/compiler/mlir/tensorflow/utils/dump_mlir_util.cc:255] disabling MLIR crash reproducer, set env var `MLIR_CRASH_REPRODUCER_DIRECTORY` to enable.
2025-09-22 02:14:56.399494: I tensorflow/tsl/platform/default/subprocess.cc:304] Start cannot spawn child process: No such file or directory
2025-09-22 02:14:56.435136: I ./tensorflow/compiler/jit/device_compiler.h:186] Compiled cluster using XLA!  This line is logged at most once for the lifetime of the process.
WARNING:tensorflow:Can save best model only with val_composite available, skipping.
WARNING:tensorflow:Early stopping conditioned on metric `val_composite` which is not available. Available metrics are: loss,auc,val_loss,val_auc
56/56 - 7s - loss: 0.3144 - auc: 0.4911 - val_loss: 0.3355 - val_auc: 0.6389 - val_auc_custom: 0.6347 - val_f1_custom: 0.0000e+00 - val_recall_custom: 0.0000e+00 - val_composite: 0.1269 - val_precision_aware: 0.1269 - 7s/epoch - 127ms/step
Curriculum: set focal gamma = 0.0526 (epoch 2)
Epoch 2/70
WARNING:tensorflow:Can save best model only with val_composite available, skipping.
WARNING:tensorflow:Early stopping conditioned on metric `val_composite` which is not available. Available metrics are: loss,auc,val_loss,val_auc
56/56 - 1s - loss: 0.2969 - auc: 0.5643 - val_loss: 0.3147 - val_auc: 0.6846 - val_auc_custom: 0.6835 - val_f1_custom: 0.0909 - val_recall_custom: 0.0476 - val_composite: 0.1878 - val_precision_aware: 0.6640 - 1s/epoch - 20ms/step
Curriculum: set focal gamma = 0.1053 (epoch 3)
Epoch 3/70
WARNING:tensorflow:Can save best model only with val_composite available, skipping.
WARNING:tensorflow:Early stopping conditioned on metric `val_composite` which is not available. Available metrics are: loss,auc,val_loss,val_auc
56/56 - 1s - loss: 0.2807 - auc: 0.6193 - val_loss: 0.2946 - val_auc: 0.6827 - val_auc_custom: 0.6857 - val_f1_custom: 0.3210 - val_recall_custom: 0.2063 - val_composite: 0.3366 - val_precision_aware: 0.5946 - 1s/epoch - 21ms/step
Curriculum: set focal gamma = 0.1579 (epoch 4)
Epoch 4/70
WARNING:tensorflow:Can save best model only with val_composite available, skipping.
WARNING:tensorflow:Early stopping conditioned on metric `val_composite` which is not available. Available metrics are: loss,auc,val_loss,val_auc
56/56 - 1s - loss: 0.2644 - auc: 0.6530 - val_loss: 0.2800 - val_auc: 0.6845 - val_auc_custom: 0.6842 - val_f1_custom: 0.5000 - val_recall_custom: 0.3810 - val_composite: 0.4773 - val_precision_aware: 0.6505 - 1s/epoch - 21ms/step
Curriculum: set focal gamma = 0.2105 (epoch 5)
Epoch 5/70
WARNING:tensorflow:Can save best model only with val_composite available, skipping.
WARNING:tensorflow:Early stopping conditioned on metric `val_composite` which is not available. Available metrics are: loss,auc,val_loss,val_auc
56/56 - 1s - loss: 0.2552 - auc: 0.6460 - val_loss: 0.2698 - val_auc: 0.6889 - val_auc_custom: 0.6894 - val_f1_custom: 0.5385 - val_recall_custom: 0.4444 - val_composite: 0.5216 - val_precision_aware: 0.6409 - 1s/epoch - 20ms/step
Curriculum: set focal gamma = 0.2632 (epoch 6)
Epoch 6/70
WARNING:tensorflow:Can save best model only with val_composite available, skipping.
WARNING:tensorflow:Early stopping conditioned on metric `val_composite` which is not available. Available metrics are: loss,auc,val_loss,val_auc
56/56 - 1s - loss: 0.2473 - auc: 0.6417 - val_loss: 0.2596 - val_auc: 0.6910 - val_auc_custom: 0.6904 - val_f1_custom: 0.5872 - val_recall_custom: 0.5079 - val_composite: 0.5682 - val_precision_aware: 0.6620 - 1s/epoch - 21ms/step
Curriculum: set focal gamma = 0.3158 (epoch 7)
Epoch 7/70
WARNING:tensorflow:Can save best model only with val_composite available, skipping.
WARNING:tensorflow:Early stopping conditioned on metric `val_composite` which is not available. Available metrics are: loss,auc,val_loss,val_auc
56/56 - 1s - loss: 0.2324 - auc: 0.6737 - val_loss: 0.2486 - val_auc: 0.6985 - val_auc_custom: 0.6972 - val_f1_custom: 0.5794 - val_recall_custom: 0.4921 - val_composite: 0.5593 - val_precision_aware: 0.6655 - 1s/epoch - 21ms/step
Curriculum: set focal gamma = 0.3684 (epoch 8)
Epoch 8/70
WARNING:tensorflow:Can save best model only with val_composite available, skipping.
WARNING:tensorflow:Early stopping conditioned on metric `val_composite` which is not available. Available metrics are: loss,auc,val_loss,val_auc
56/56 - 1s - loss: 0.2209 - auc: 0.6905 - val_loss: 0.2381 - val_auc: 0.7084 - val_auc_custom: 0.7089 - val_f1_custom: 0.5741 - val_recall_custom: 0.4921 - val_composite: 0.5600 - val_precision_aware: 0.6584 - 1s/epoch - 21ms/step
Curriculum: set focal gamma = 0.4211 (epoch 9)
Epoch 9/70
WARNING:tensorflow:Can save best model only with val_composite available, skipping.
WARNING:tensorflow:Early stopping conditioned on metric `val_composite` which is not available. Available metrics are: loss,auc,val_loss,val_auc
56/56 - 1s - loss: 0.2108 - auc: 0.7033 - val_loss: 0.2287 - val_auc: 0.7122 - val_auc_custom: 0.7111 - val_f1_custom: 0.5686 - val_recall_custom: 0.4603 - val_composite: 0.5430 - val_precision_aware: 0.6846 - 1s/epoch - 22ms/step
Curriculum: set focal gamma = 0.4737 (epoch 10)
Epoch 10/70
WARNING:tensorflow:Can save best model only with val_composite available, skipping.
WARNING:tensorflow:Early stopping conditioned on metric `val_composite` which is not available. Available metrics are: loss,auc,val_loss,val_auc
56/56 - 1s - loss: 0.2039 - auc: 0.6952 - val_loss: 0.2195 - val_auc: 0.7231 - val_auc_custom: 0.7223 - val_f1_custom: 0.6111 - val_recall_custom: 0.5238 - val_composite: 0.5897 - val_precision_aware: 0.6945 - 1s/epoch - 21ms/step
Curriculum: set focal gamma = 0.5263 (epoch 11)
Epoch 11/70
WARNING:tensorflow:Can save best model only with val_composite available, skipping.
WARNING:tensorflow:Early stopping conditioned on metric `val_composite` which is not available. Available metrics are: loss,auc,val_loss,val_auc
56/56 - 1s - loss: 0.1977 - auc: 0.6875 - val_loss: 0.2093 - val_auc: 0.7304 - val_auc_custom: 0.7302 - val_f1_custom: 0.6250 - val_recall_custom: 0.5556 - val_composite: 0.6113 - val_precision_aware: 0.6907 - 1s/epoch - 22ms/step
Curriculum: set focal gamma = 0.5789 (epoch 12)
Epoch 12/70
WARNING:tensorflow:Can save best model only with val_composite available, skipping.
WARNING:tensorflow:Early stopping conditioned on metric `val_composite` which is not available. Available metrics are: loss,auc,val_loss,val_auc
56/56 - 1s - loss: 0.1838 - auc: 0.7348 - val_loss: 0.2019 - val_auc: 0.7274 - val_auc_custom: 0.7265 - val_f1_custom: 0.4842 - val_recall_custom: 0.3651 - val_composite: 0.4731 - val_precision_aware: 0.6499 - 1s/epoch - 21ms/step
Curriculum: set focal gamma = 0.6316 (epoch 13)
Epoch 13/70
WARNING:tensorflow:Can save best model only with val_composite available, skipping.
WARNING:tensorflow:Early stopping conditioned on metric `val_composite` which is not available. Available metrics are: loss,auc,val_loss,val_auc
56/56 - 1s - loss: 0.1754 - auc: 0.7457 - val_loss: 0.1929 - val_auc: 0.7272 - val_auc_custom: 0.7280 - val_f1_custom: 0.6154 - val_recall_custom: 0.5079 - val_composite: 0.5842 - val_precision_aware: 0.7205 - 1s/epoch - 21ms/step
Curriculum: set focal gamma = 0.6842 (epoch 14)
Epoch 14/70
WARNING:tensorflow:Can save best model only with val_composite available, skipping.
WARNING:tensorflow:Early stopping conditioned on metric `val_composite` which is not available. Available metrics are: loss,auc,val_loss,val_auc
56/56 - 1s - loss: 0.1657 - auc: 0.7549 - val_loss: 0.1873 - val_auc: 0.7354 - val_auc_custom: 0.7343 - val_f1_custom: 0.6772 - val_recall_custom: 0.6825 - val_composite: 0.6913 - val_precision_aware: 0.6859 - 1s/epoch - 21ms/step
Curriculum: set focal gamma = 0.7368 (epoch 15)
Epoch 15/70
WARNING:tensorflow:Can save best model only with val_composite available, skipping.
WARNING:tensorflow:Early stopping conditioned on metric `val_composite` which is not available. Available metrics are: loss,auc,val_loss,val_auc
56/56 - 1s - loss: 0.1571 - auc: 0.7655 - val_loss: 0.1836 - val_auc: 0.7258 - val_auc_custom: 0.7267 - val_f1_custom: 0.5053 - val_recall_custom: 0.3810 - val_composite: 0.4874 - val_precision_aware: 0.6719 - 1s/epoch - 20ms/step
Curriculum: set focal gamma = 0.7895 (epoch 16)
Epoch 16/70
WARNING:tensorflow:Can save best model only with val_composite available, skipping.
WARNING:tensorflow:Early stopping conditioned on metric `val_composite` which is not available. Available metrics are: loss,auc,val_loss,val_auc
56/56 - 1s - loss: 0.1513 - auc: 0.7691 - val_loss: 0.1736 - val_auc: 0.7204 - val_auc_custom: 0.7201 - val_f1_custom: 0.5769 - val_recall_custom: 0.4762 - val_composite: 0.5552 - val_precision_aware: 0.6830 - 1s/epoch - 22ms/step
Curriculum: set focal gamma = 0.8421 (epoch 17)
Epoch 17/70
WARNING:tensorflow:Can save best model only with val_composite available, skipping.
WARNING:tensorflow:Early stopping conditioned on metric `val_composite` which is not available. Available metrics are: loss,auc,val_loss,val_auc
56/56 - 1s - loss: 0.1423 - auc: 0.7783 - val_loss: 0.1671 - val_auc: 0.7188 - val_auc_custom: 0.7187 - val_f1_custom: 0.5849 - val_recall_custom: 0.4921 - val_composite: 0.5652 - val_precision_aware: 0.6797 - 1s/epoch - 21ms/step
Curriculum: set focal gamma = 0.8947 (epoch 18)
Epoch 18/70
WARNING:tensorflow:Can save best model only with val_composite available, skipping.
WARNING:tensorflow:Early stopping conditioned on metric `val_composite` which is not available. Available metrics are: loss,auc,val_loss,val_auc
56/56 - 1s - loss: 0.1374 - auc: 0.7836 - val_loss: 0.1625 - val_auc: 0.7120 - val_auc_custom: 0.7123 - val_f1_custom: 0.5049 - val_recall_custom: 0.4127 - val_composite: 0.5003 - val_precision_aware: 0.6189 - 1s/epoch - 21ms/step
Curriculum: set focal gamma = 0.9474 (epoch 19)
Epoch 19/70
WARNING:tensorflow:Can save best model only with val_composite available, skipping.
WARNING:tensorflow:Early stopping conditioned on metric `val_composite` which is not available. Available metrics are: loss,auc,val_loss,val_auc
56/56 - 1s - loss: 0.1327 - auc: 0.7820 - val_loss: 0.1580 - val_auc: 0.7276 - val_auc_custom: 0.7270 - val_f1_custom: 0.5051 - val_recall_custom: 0.3968 - val_composite: 0.4953 - val_precision_aware: 0.6441 - 1s/epoch - 20ms/step
Curriculum: set focal gamma = 1.0000 (epoch 20)
Epoch 20/70
WARNING:tensorflow:Can save best model only with val_composite available, skipping.
WARNING:tensorflow:Early stopping conditioned on metric `val_composite` which is not available. Available metrics are: loss,auc,val_loss,val_auc
56/56 - 1s - loss: 0.1252 - auc: 0.7907 - val_loss: 0.1475 - val_auc: 0.7365 - val_auc_custom: 0.7372 - val_f1_custom: 0.5818 - val_recall_custom: 0.5079 - val_composite: 0.5760 - val_precision_aware: 0.6624 - 1s/epoch - 19ms/step
Curriculum: set focal gamma = 1.0000 (epoch 21)
Epoch 21/70
WARNING:tensorflow:Can save best model only with val_composite available, skipping.
WARNING:tensorflow:Early stopping conditioned on metric `val_composite` which is not available. Available metrics are: loss,auc,val_loss,val_auc
56/56 - 1s - loss: 0.1173 - auc: 0.8255 - val_loss: 0.1722 - val_auc: 0.7151 - val_auc_custom: 0.7160 - val_f1_custom: 0.4000 - val_recall_custom: 0.2698 - val_composite: 0.3981 - val_precision_aware: 0.6496 - 1s/epoch - 21ms/step
Curriculum: set focal gamma = 1.0000 (epoch 22)
Epoch 22/70
WARNING:tensorflow:Can save best model only with val_composite available, skipping.
WARNING:tensorflow:Early stopping conditioned on metric `val_composite` which is not available. Available metrics are: loss,auc,val_loss,val_auc
56/56 - 1s - loss: 0.1170 - auc: 0.8304 - val_loss: 0.1540 - val_auc: 0.7254 - val_auc_custom: 0.7258 - val_f1_custom: 0.5192 - val_recall_custom: 0.4286 - val_composite: 0.5152 - val_precision_aware: 0.6302 - 1s/epoch - 22ms/step
Curriculum: set focal gamma = 1.0000 (epoch 23)
Epoch 23/70
WARNING:tensorflow:Can save best model only with val_composite available, skipping.
WARNING:tensorflow:Early stopping conditioned on metric `val_composite` which is not available. Available metrics are: loss,auc,val_loss,val_auc
56/56 - 1s - loss: 0.1141 - auc: 0.8443 - val_loss: 0.1579 - val_auc: 0.7245 - val_auc_custom: 0.7255 - val_f1_custom: 0.5333 - val_recall_custom: 0.4444 - val_composite: 0.5273 - val_precision_aware: 0.6384 - 1s/epoch - 21ms/step
Curriculum: set focal gamma = 1.0000 (epoch 24)
Epoch 24/70
WARNING:tensorflow:Can save best model only with val_composite available, skipping.
WARNING:tensorflow:Early stopping conditioned on metric `val_composite` which is not available. Available metrics are: loss,auc,val_loss,val_auc
56/56 - 1s - loss: 0.1135 - auc: 0.8415 - val_loss: 0.1596 - val_auc: 0.7195 - val_auc_custom: 0.7199 - val_f1_custom: 0.5660 - val_recall_custom: 0.4762 - val_composite: 0.5519 - val_precision_aware: 0.6626 - 1s/epoch - 22ms/step
Curriculum: set focal gamma = 1.0000 (epoch 25)
Epoch 25/70
WARNING:tensorflow:Can save best model only with val_composite available, skipping.
WARNING:tensorflow:Early stopping conditioned on metric `val_composite` which is not available. Available metrics are: loss,auc,val_loss,val_auc
56/56 - 1s - loss: 0.1202 - auc: 0.8199 - val_loss: 0.1551 - val_auc: 0.7320 - val_auc_custom: 0.7336 - val_f1_custom: 0.5149 - val_recall_custom: 0.4127 - val_composite: 0.5075 - val_precision_aware: 0.6433 - 1s/epoch - 21ms/step
Curriculum: set focal gamma = 1.0000 (epoch 26)
Epoch 26/70
WARNING:tensorflow:Can save best model only with val_composite available, skipping.
WARNING:tensorflow:Early stopping conditioned on metric `val_composite` which is not available. Available metrics are: loss,auc,val_loss,val_auc
56/56 - 1s - loss: 0.1105 - auc: 0.8515 - val_loss: 0.1734 - val_auc: 0.7195 - val_auc_custom: 0.7192 - val_f1_custom: 0.4348 - val_recall_custom: 0.3175 - val_composite: 0.4330 - val_precision_aware: 0.6191 - 1s/epoch - 22ms/step
Curriculum: set focal gamma = 1.0000 (epoch 27)
Epoch 27/70
WARNING:tensorflow:Can save best model only with val_composite available, skipping.
WARNING:tensorflow:Early stopping conditioned on metric `val_composite` which is not available. Available metrics are: loss,auc,val_loss,val_auc
56/56 - 1s - loss: 0.1127 - auc: 0.8416 - val_loss: 0.1534 - val_auc: 0.7303 - val_auc_custom: 0.7302 - val_f1_custom: 0.6617 - val_recall_custom: 0.6984 - val_composite: 0.6937 - val_precision_aware: 0.6588 - 1s/epoch - 22ms/step
Curriculum: set focal gamma = 1.0000 (epoch 28)
Epoch 28/70
WARNING:tensorflow:Can save best model only with val_composite available, skipping.
WARNING:tensorflow:Early stopping conditioned on metric `val_composite` which is not available. Available metrics are: loss,auc,val_loss,val_auc
56/56 - 1s - loss: 0.1129 - auc: 0.8400 - val_loss: 0.1563 - val_auc: 0.7414 - val_auc_custom: 0.7402 - val_f1_custom: 0.5000 - val_recall_custom: 0.3810 - val_composite: 0.4885 - val_precision_aware: 0.6617 - 1s/epoch - 21ms/step
Curriculum: set focal gamma = 1.0000 (epoch 29)
Epoch 29/70
WARNING:tensorflow:Can save best model only with val_composite available, skipping.
WARNING:tensorflow:Early stopping conditioned on metric `val_composite` which is not available. Available metrics are: loss,auc,val_loss,val_auc
56/56 - 1s - loss: 0.1094 - auc: 0.8532 - val_loss: 0.1738 - val_auc: 0.7322 - val_auc_custom: 0.7319 - val_f1_custom: 0.4731 - val_recall_custom: 0.3492 - val_composite: 0.4629 - val_precision_aware: 0.6550 - 1s/epoch - 22ms/step
Curriculum: set focal gamma = 1.0000 (epoch 30)
Epoch 30/70
WARNING:tensorflow:Can save best model only with val_composite available, skipping.
WARNING:tensorflow:Early stopping conditioned on metric `val_composite` which is not available. Available metrics are: loss,auc,val_loss,val_auc
56/56 - 1s - loss: 0.1097 - auc: 0.8523 - val_loss: 0.1476 - val_auc: 0.7488 - val_auc_custom: 0.7477 - val_f1_custom: 0.5841 - val_recall_custom: 0.5238 - val_composite: 0.5867 - val_precision_aware: 0.6548 - 1s/epoch - 21ms/step
Curriculum: set focal gamma = 1.0000 (epoch 31)
Epoch 31/70
WARNING:tensorflow:Can save best model only with val_composite available, skipping.
WARNING:tensorflow:Early stopping conditioned on metric `val_composite` which is not available. Available metrics are: loss,auc,val_loss,val_auc
56/56 - 1s - loss: 0.1054 - auc: 0.8656 - val_loss: 0.1528 - val_auc: 0.7363 - val_auc_custom: 0.7353 - val_f1_custom: 0.5556 - val_recall_custom: 0.4762 - val_composite: 0.5518 - val_precision_aware: 0.6471 - 1s/epoch - 20ms/step
Curriculum: set focal gamma = 1.0000 (epoch 32)
Epoch 32/70
WARNING:tensorflow:Can save best model only with val_composite available, skipping.
WARNING:tensorflow:Early stopping conditioned on metric `val_composite` which is not available. Available metrics are: loss,auc,val_loss,val_auc
56/56 - 1s - loss: 0.1034 - auc: 0.8726 - val_loss: 0.1510 - val_auc: 0.7348 - val_auc_custom: 0.7350 - val_f1_custom: 0.5455 - val_recall_custom: 0.4762 - val_composite: 0.5487 - val_precision_aware: 0.6298 - 1s/epoch - 20ms/step
Curriculum: set focal gamma = 1.0000 (epoch 33)
Epoch 33/70
WARNING:tensorflow:Can save best model only with val_composite available, skipping.
WARNING:tensorflow:Early stopping conditioned on metric `val_composite` which is not available. Available metrics are: loss,auc,val_loss,val_auc
56/56 - 1s - loss: 0.0986 - auc: 0.8849 - val_loss: 0.1638 - val_auc: 0.7311 - val_auc_custom: 0.7309 - val_f1_custom: 0.4742 - val_recall_custom: 0.3651 - val_composite: 0.4710 - val_precision_aware: 0.6267 - 1s/epoch - 20ms/step
Curriculum: set focal gamma = 1.0000 (epoch 34)
Epoch 34/70
WARNING:tensorflow:Can save best model only with val_composite available, skipping.
WARNING:tensorflow:Early stopping conditioned on metric `val_composite` which is not available. Available metrics are: loss,auc,val_loss,val_auc
56/56 - 1s - loss: 0.1017 - auc: 0.8763 - val_loss: 0.1595 - val_auc: 0.7184 - val_auc_custom: 0.7184 - val_f1_custom: 0.5766 - val_recall_custom: 0.5079 - val_composite: 0.5706 - val_precision_aware: 0.6500 - 1s/epoch - 21ms/step
Curriculum: set focal gamma = 1.0000 (epoch 35)
Epoch 35/70
WARNING:tensorflow:Can save best model only with val_composite available, skipping.
WARNING:tensorflow:Early stopping conditioned on metric `val_composite` which is not available. Available metrics are: loss,auc,val_loss,val_auc
56/56 - 1s - loss: 0.1030 - auc: 0.8738 - val_loss: 0.1639 - val_auc: 0.7431 - val_auc_custom: 0.7446 - val_f1_custom: 0.4842 - val_recall_custom: 0.3651 - val_composite: 0.4767 - val_precision_aware: 0.6536 - 1s/epoch - 21ms/step
Curriculum: set focal gamma = 1.0000 (epoch 36)
Epoch 36/70
WARNING:tensorflow:Can save best model only with val_composite available, skipping.
WARNING:tensorflow:Early stopping conditioned on metric `val_composite` which is not available. Available metrics are: loss,auc,val_loss,val_auc
56/56 - 1s - loss: 0.0971 - auc: 0.8927 - val_loss: 0.1736 - val_auc: 0.7446 - val_auc_custom: 0.7448 - val_f1_custom: 0.5208 - val_recall_custom: 0.3968 - val_composite: 0.5036 - val_precision_aware: 0.6840 - 1s/epoch - 21ms/step
Curriculum: set focal gamma = 1.0000 (epoch 37)
Epoch 37/70
WARNING:tensorflow:Can save best model only with val_composite available, skipping.
WARNING:tensorflow:Early stopping conditioned on metric `val_composite` which is not available. Available metrics are: loss,auc,val_loss,val_auc
56/56 - 1s - loss: 0.1003 - auc: 0.8798 - val_loss: 0.1497 - val_auc: 0.7554 - val_auc_custom: 0.7546 - val_f1_custom: 0.6667 - val_recall_custom: 0.6825 - val_composite: 0.6922 - val_precision_aware: 0.6767 - 1s/epoch - 21ms/step
Curriculum: set focal gamma = 1.0000 (epoch 38)
Epoch 38/70
WARNING:tensorflow:Can save best model only with val_composite available, skipping.
WARNING:tensorflow:Early stopping conditioned on metric `val_composite` which is not available. Available metrics are: loss,auc,val_loss,val_auc
56/56 - 1s - loss: 0.1004 - auc: 0.8782 - val_loss: 0.1498 - val_auc: 0.7611 - val_auc_custom: 0.7609 - val_f1_custom: 0.6239 - val_recall_custom: 0.5397 - val_composite: 0.6092 - val_precision_aware: 0.7089 - 1s/epoch - 20ms/step
Curriculum: set focal gamma = 1.0000 (epoch 39)
Epoch 39/70
WARNING:tensorflow:Can save best model only with val_composite available, skipping.
WARNING:tensorflow:Early stopping conditioned on metric `val_composite` which is not available. Available metrics are: loss,auc,val_loss,val_auc
56/56 - 1s - loss: 0.0896 - auc: 0.9083 - val_loss: 0.1631 - val_auc: 0.7281 - val_auc_custom: 0.7284 - val_f1_custom: 0.6126 - val_recall_custom: 0.5397 - val_composite: 0.5993 - val_precision_aware: 0.6836 - 1s/epoch - 20ms/step
Curriculum: set focal gamma = 1.0000 (epoch 40)
Epoch 40/70
WARNING:tensorflow:Can save best model only with val_composite available, skipping.
WARNING:tensorflow:Early stopping conditioned on metric `val_composite` which is not available. Available metrics are: loss,auc,val_loss,val_auc
56/56 - 1s - loss: 0.0957 - auc: 0.8927 - val_loss: 0.1746 - val_auc: 0.7256 - val_auc_custom: 0.7255 - val_f1_custom: 0.5686 - val_recall_custom: 0.4603 - val_composite: 0.5459 - val_precision_aware: 0.6875 - 1s/epoch - 22ms/step
Curriculum: set focal gamma = 1.0000 (epoch 41)
Epoch 41/70
WARNING:tensorflow:Can save best model only with val_composite available, skipping.
WARNING:tensorflow:Early stopping conditioned on metric `val_composite` which is not available. Available metrics are: loss,auc,val_loss,val_auc
56/56 - 1s - loss: 0.0923 - auc: 0.9019 - val_loss: 0.1874 - val_auc: 0.7411 - val_auc_custom: 0.7414 - val_f1_custom: 0.4731 - val_recall_custom: 0.3492 - val_composite: 0.4648 - val_precision_aware: 0.6569 - 1s/epoch - 22ms/step
Curriculum: set focal gamma = 1.0000 (epoch 42)
Epoch 42/70
WARNING:tensorflow:Can save best model only with val_composite available, skipping.
WARNING:tensorflow:Early stopping conditioned on metric `val_composite` which is not available. Available metrics are: loss,auc,val_loss,val_auc
56/56 - 1s - loss: 0.0928 - auc: 0.9012 - val_loss: 0.1610 - val_auc: 0.7512 - val_auc_custom: 0.7516 - val_f1_custom: 0.6610 - val_recall_custom: 0.6190 - val_composite: 0.6582 - val_precision_aware: 0.7032 - 1s/epoch - 22ms/step
Curriculum: set focal gamma = 1.0000 (epoch 43)
Epoch 43/70
WARNING:tensorflow:Can save best model only with val_composite available, skipping.
WARNING:tensorflow:Early stopping conditioned on metric `val_composite` which is not available. Available metrics are: loss,auc,val_loss,val_auc
56/56 - 1s - loss: 0.0891 - auc: 0.9059 - val_loss: 0.1656 - val_auc: 0.7614 - val_auc_custom: 0.7617 - val_f1_custom: 0.6239 - val_recall_custom: 0.5397 - val_composite: 0.6093 - val_precision_aware: 0.7091 - 1s/epoch - 20ms/step
Curriculum: set focal gamma = 1.0000 (epoch 44)
Epoch 44/70
WARNING:tensorflow:Can save best model only with val_composite available, skipping.
WARNING:tensorflow:Early stopping conditioned on metric `val_composite` which is not available. Available metrics are: loss,auc,val_loss,val_auc
56/56 - 1s - loss: 0.0918 - auc: 0.8988 - val_loss: 0.1503 - val_auc: 0.7730 - val_auc_custom: 0.7729 - val_f1_custom: 0.7077 - val_recall_custom: 0.7302 - val_composite: 0.7320 - val_precision_aware: 0.7102 - 1s/epoch - 20ms/step
Curriculum: set focal gamma = 1.0000 (epoch 45)
Epoch 45/70
WARNING:tensorflow:Can save best model only with val_composite available, skipping.
WARNING:tensorflow:Early stopping conditioned on metric `val_composite` which is not available. Available metrics are: loss,auc,val_loss,val_auc
56/56 - 1s - loss: 0.0916 - auc: 0.9018 - val_loss: 0.1652 - val_auc: 0.7557 - val_auc_custom: 0.7553 - val_f1_custom: 0.5743 - val_recall_custom: 0.4603 - val_composite: 0.5535 - val_precision_aware: 0.7049 - 1s/epoch - 20ms/step
Curriculum: set focal gamma = 1.0000 (epoch 46)
Epoch 46/70
WARNING:tensorflow:Can save best model only with val_composite available, skipping.
WARNING:tensorflow:Early stopping conditioned on metric `val_composite` which is not available. Available metrics are: loss,auc,val_loss,val_auc
56/56 - 1s - loss: 0.0937 - auc: 0.8980 - val_loss: 0.1616 - val_auc: 0.7656 - val_auc_custom: 0.7663 - val_f1_custom: 0.5347 - val_recall_custom: 0.4286 - val_composite: 0.5279 - val_precision_aware: 0.6689 - 1s/epoch - 21ms/step
Curriculum: set focal gamma = 1.0000 (epoch 47)
Epoch 47/70
WARNING:tensorflow:Can save best model only with val_composite available, skipping.
WARNING:tensorflow:Early stopping conditioned on metric `val_composite` which is not available. Available metrics are: loss,auc,val_loss,val_auc
56/56 - 1s - loss: 0.0878 - auc: 0.9115 - val_loss: 0.1543 - val_auc: 0.7612 - val_auc_custom: 0.7609 - val_f1_custom: 0.6555 - val_recall_custom: 0.6190 - val_composite: 0.6583 - val_precision_aware: 0.6970 - 1s/epoch - 20ms/step
Curriculum: set focal gamma = 1.0000 (epoch 48)
Epoch 48/70
WARNING:tensorflow:Can save best model only with val_composite available, skipping.
WARNING:tensorflow:Early stopping conditioned on metric `val_composite` which is not available. Available metrics are: loss,auc,val_loss,val_auc
56/56 - 1s - loss: 0.0853 - auc: 0.9168 - val_loss: 0.1746 - val_auc: 0.7571 - val_auc_custom: 0.7573 - val_f1_custom: 0.5253 - val_recall_custom: 0.4127 - val_composite: 0.5154 - val_precision_aware: 0.6701 - 1s/epoch - 20ms/step
Curriculum: set focal gamma = 1.0000 (epoch 49)
Epoch 49/70
WARNING:tensorflow:Can save best model only with val_composite available, skipping.
WARNING:tensorflow:Early stopping conditioned on metric `val_composite` which is not available. Available metrics are: loss,auc,val_loss,val_auc
56/56 - 1s - loss: 0.0785 - auc: 0.9301 - val_loss: 0.1669 - val_auc: 0.7556 - val_auc_custom: 0.7558 - val_f1_custom: 0.6496 - val_recall_custom: 0.6032 - val_composite: 0.6476 - val_precision_aware: 0.6979 - 1s/epoch - 20ms/step
Curriculum: set focal gamma = 1.0000 (epoch 50)
Epoch 50/70
WARNING:tensorflow:Can save best model only with val_composite available, skipping.
WARNING:tensorflow:Early stopping conditioned on metric `val_composite` which is not available. Available metrics are: loss,auc,val_loss,val_auc
56/56 - 1s - loss: 0.0898 - auc: 0.9048 - val_loss: 0.1708 - val_auc: 0.7465 - val_auc_custom: 0.7463 - val_f1_custom: 0.6610 - val_recall_custom: 0.6190 - val_composite: 0.6571 - val_precision_aware: 0.7021 - 1s/epoch - 20ms/step
Curriculum: set focal gamma = 1.0000 (epoch 51)
Epoch 51/70
WARNING:tensorflow:Can save best model only with val_composite available, skipping.
WARNING:tensorflow:Early stopping conditioned on metric `val_composite` which is not available. Available metrics are: loss,auc,val_loss,val_auc
56/56 - 1s - loss: 0.0889 - auc: 0.9068 - val_loss: 0.1796 - val_auc: 0.7459 - val_auc_custom: 0.7463 - val_f1_custom: 0.5347 - val_recall_custom: 0.4286 - val_composite: 0.5239 - val_precision_aware: 0.6649 - 1s/epoch - 20ms/step
Curriculum: set focal gamma = 1.0000 (epoch 52)
Epoch 52/70
WARNING:tensorflow:Can save best model only with val_composite available, skipping.
WARNING:tensorflow:Early stopping conditioned on metric `val_composite` which is not available. Available metrics are: loss,auc,val_loss,val_auc
56/56 - 1s - loss: 0.0792 - auc: 0.9290 - val_loss: 0.1656 - val_auc: 0.7629 - val_auc_custom: 0.7631 - val_f1_custom: 0.6429 - val_recall_custom: 0.5714 - val_composite: 0.6312 - val_precision_aware: 0.7128 - 1s/epoch - 20ms/step
Curriculum: set focal gamma = 1.0000 (epoch 53)
Epoch 53/70
WARNING:tensorflow:Can save best model only with val_composite available, skipping.
WARNING:tensorflow:Early stopping conditioned on metric `val_composite` which is not available. Available metrics are: loss,auc,val_loss,val_auc
56/56 - 1s - loss: 0.0804 - auc: 0.9243 - val_loss: 0.1761 - val_auc: 0.7473 - val_auc_custom: 0.7473 - val_f1_custom: 0.6239 - val_recall_custom: 0.5397 - val_composite: 0.6064 - val_precision_aware: 0.7062 - 1s/epoch - 21ms/step
Curriculum: set focal gamma = 1.0000 (epoch 54)
Epoch 54/70
WARNING:tensorflow:Can save best model only with val_composite available, skipping.
WARNING:tensorflow:Early stopping conditioned on metric `val_composite` which is not available. Available metrics are: loss,auc,val_loss,val_auc
56/56 - 1s - loss: 0.0855 - auc: 0.9138 - val_loss: 0.1751 - val_auc: 0.7379 - val_auc_custom: 0.7377 - val_f1_custom: 0.7077 - val_recall_custom: 0.7302 - val_composite: 0.7249 - val_precision_aware: 0.7031 - 1s/epoch - 21ms/step
Curriculum: set focal gamma = 1.0000 (epoch 55)
Epoch 55/70
WARNING:tensorflow:Can save best model only with val_composite available, skipping.
WARNING:tensorflow:Early stopping conditioned on metric `val_composite` which is not available. Available metrics are: loss,auc,val_loss,val_auc
56/56 - 1s - loss: 0.0798 - auc: 0.9278 - val_loss: 0.1957 - val_auc: 0.7662 - val_auc_custom: 0.7668 - val_f1_custom: 0.4783 - val_recall_custom: 0.3492 - val_composite: 0.4714 - val_precision_aware: 0.6761 - 1s/epoch - 22ms/step
Curriculum: set focal gamma = 1.0000 (epoch 56)
Epoch 56/70
WARNING:tensorflow:Can save best model only with val_composite available, skipping.
WARNING:tensorflow:Early stopping conditioned on metric `val_composite` which is not available. Available metrics are: loss,auc,val_loss,val_auc
56/56 - 1s - loss: 0.0776 - auc: 0.9304 - val_loss: 0.1773 - val_auc: 0.7300 - val_auc_custom: 0.7309 - val_f1_custom: 0.6719 - val_recall_custom: 0.6825 - val_composite: 0.6890 - val_precision_aware: 0.6785 - 1s/epoch - 20ms/step
Curriculum: set focal gamma = 1.0000 (epoch 57)
Epoch 57/70
WARNING:tensorflow:Can save best model only with val_composite available, skipping.
WARNING:tensorflow:Early stopping conditioned on metric `val_composite` which is not available. Available metrics are: loss,auc,val_loss,val_auc
56/56 - 1s - loss: 0.0777 - auc: 0.9303 - val_loss: 0.1857 - val_auc: 0.7419 - val_auc_custom: 0.7424 - val_f1_custom: 0.6095 - val_recall_custom: 0.5079 - val_composite: 0.5853 - val_precision_aware: 0.7123 - 1s/epoch - 20ms/step
Curriculum: set focal gamma = 1.0000 (epoch 58)
Epoch 58/70
WARNING:tensorflow:Can save best model only with val_composite available, skipping.
WARNING:tensorflow:Early stopping conditioned on metric `val_composite` which is not available. Available metrics are: loss,auc,val_loss,val_auc
56/56 - 1s - loss: 0.0819 - auc: 0.9233 - val_loss: 0.1664 - val_auc: 0.7619 - val_auc_custom: 0.7619 - val_f1_custom: 0.6825 - val_recall_custom: 0.6825 - val_composite: 0.6984 - val_precision_aware: 0.6984 - 1s/epoch - 20ms/step
Curriculum: set focal gamma = 1.0000 (epoch 59)
Epoch 59/70
WARNING:tensorflow:Can save best model only with val_composite available, skipping.
WARNING:tensorflow:Early stopping conditioned on metric `val_composite` which is not available. Available metrics are: loss,auc,val_loss,val_auc
56/56 - 1s - loss: 0.0807 - auc: 0.9240 - val_loss: 0.1665 - val_auc: 0.7597 - val_auc_custom: 0.7595 - val_f1_custom: 0.6825 - val_recall_custom: 0.6825 - val_composite: 0.6979 - val_precision_aware: 0.6979 - 1s/epoch - 21ms/step
Curriculum: set focal gamma = 1.0000 (epoch 60)
Epoch 60/70
WARNING:tensorflow:Can save best model only with val_composite available, skipping.
WARNING:tensorflow:Early stopping conditioned on metric `val_composite` which is not available. Available metrics are: loss,auc,val_loss,val_auc
56/56 - 1s - loss: 0.0751 - auc: 0.9369 - val_loss: 0.1826 - val_auc: 0.7451 - val_auc_custom: 0.7453 - val_f1_custom: 0.6000 - val_recall_custom: 0.5238 - val_composite: 0.5910 - val_precision_aware: 0.6801 - 1s/epoch - 21ms/step
Curriculum: set focal gamma = 1.0000 (epoch 61)
Epoch 61/70
WARNING:tensorflow:Can save best model only with val_composite available, skipping.
WARNING:tensorflow:Early stopping conditioned on metric `val_composite` which is not available. Available metrics are: loss,auc,val_loss,val_auc
56/56 - 1s - loss: 0.0752 - auc: 0.9364 - val_loss: 0.1793 - val_auc: 0.7495 - val_auc_custom: 0.7490 - val_f1_custom: 0.6612 - val_recall_custom: 0.6349 - val_composite: 0.6656 - val_precision_aware: 0.6930 - 1s/epoch - 20ms/step
Curriculum: set focal gamma = 1.0000 (epoch 62)
Epoch 62/70
WARNING:tensorflow:Can save best model only with val_composite available, skipping.
WARNING:tensorflow:Early stopping conditioned on metric `val_composite` which is not available. Available metrics are: loss,auc,val_loss,val_auc
56/56 - 1s - loss: 0.0775 - auc: 0.9306 - val_loss: 0.1961 - val_auc: 0.7118 - val_auc_custom: 0.7118 - val_f1_custom: 0.5926 - val_recall_custom: 0.5079 - val_composite: 0.5741 - val_precision_aware: 0.6757 - 1s/epoch - 21ms/step
Curriculum: set focal gamma = 1.0000 (epoch 63)
Epoch 63/70
WARNING:tensorflow:Can save best model only with val_composite available, skipping.
WARNING:tensorflow:Early stopping conditioned on metric `val_composite` which is not available. Available metrics are: loss,auc,val_loss,val_auc
56/56 - 1s - loss: 0.0759 - auc: 0.9342 - val_loss: 0.2182 - val_auc: 0.7325 - val_auc_custom: 0.7321 - val_f1_custom: 0.4565 - val_recall_custom: 0.3333 - val_composite: 0.4500 - val_precision_aware: 0.6454 - 1s/epoch - 20ms/step
Curriculum: set focal gamma = 1.0000 (epoch 64)
Epoch 64/70
WARNING:tensorflow:Can save best model only with val_composite available, skipping.
WARNING:tensorflow:Early stopping conditioned on metric `val_composite` which is not available. Available metrics are: loss,auc,val_loss,val_auc
56/56 - 1s - loss: 0.0756 - auc: 0.9339 - val_loss: 0.1832 - val_auc: 0.7335 - val_auc_custom: 0.7338 - val_f1_custom: 0.6720 - val_recall_custom: 0.6667 - val_composite: 0.6817 - val_precision_aware: 0.6871 - 1s/epoch - 21ms/step
Curriculum: set focal gamma = 1.0000 (epoch 65)
Epoch 65/70
WARNING:tensorflow:Can save best model only with val_composite available, skipping.
WARNING:tensorflow:Early stopping conditioned on metric `val_composite` which is not available. Available metrics are: loss,auc,val_loss,val_auc
56/56 - 1s - loss: 0.0703 - auc: 0.9437 - val_loss: 0.1957 - val_auc: 0.7449 - val_auc_custom: 0.7448 - val_f1_custom: 0.6140 - val_recall_custom: 0.5556 - val_composite: 0.6110 - val_precision_aware: 0.6763 - 1s/epoch - 20ms/step
Curriculum: set focal gamma = 1.0000 (epoch 66)
Epoch 66/70
WARNING:tensorflow:Can save best model only with val_composite available, skipping.
WARNING:tensorflow:Early stopping conditioned on metric `val_composite` which is not available. Available metrics are: loss,auc,val_loss,val_auc
56/56 - 1s - loss: 0.0747 - auc: 0.9349 - val_loss: 0.2224 - val_auc: 0.7303 - val_auc_custom: 0.7289 - val_f1_custom: 0.4842 - val_recall_custom: 0.3651 - val_composite: 0.4736 - val_precision_aware: 0.6504 - 1s/epoch - 20ms/step
Curriculum: set focal gamma = 1.0000 (epoch 67)
Epoch 67/70
WARNING:tensorflow:Can save best model only with val_composite available, skipping.
WARNING:tensorflow:Early stopping conditioned on metric `val_composite` which is not available. Available metrics are: loss,auc,val_loss,val_auc
56/56 - 1s - loss: 0.0708 - auc: 0.9421 - val_loss: 0.1902 - val_auc: 0.7294 - val_auc_custom: 0.7282 - val_f1_custom: 0.6723 - val_recall_custom: 0.6349 - val_composite: 0.6648 - val_precision_aware: 0.7045 - 1s/epoch - 21ms/step
Curriculum: set focal gamma = 1.0000 (epoch 68)
Epoch 68/70
WARNING:tensorflow:Can save best model only with val_composite available, skipping.
WARNING:tensorflow:Early stopping conditioned on metric `val_composite` which is not available. Available metrics are: loss,auc,val_loss,val_auc
56/56 - 1s - loss: 0.0641 - auc: 0.9549 - val_loss: 0.1888 - val_auc: 0.7336 - val_auc_custom: 0.7348 - val_f1_custom: 0.6825 - val_recall_custom: 0.6825 - val_composite: 0.6930 - val_precision_aware: 0.6930 - 1s/epoch - 19ms/step
Curriculum: set focal gamma = 1.0000 (epoch 69)
Epoch 69/70
WARNING:tensorflow:Can save best model only with val_composite available, skipping.
WARNING:tensorflow:Early stopping conditioned on metric `val_composite` which is not available. Available metrics are: loss,auc,val_loss,val_auc
56/56 - 1s - loss: 0.0683 - auc: 0.9462 - val_loss: 0.2114 - val_auc: 0.7247 - val_auc_custom: 0.7253 - val_f1_custom: 0.5490 - val_recall_custom: 0.4444 - val_composite: 0.5320 - val_precision_aware: 0.6687 - 1s/epoch - 20ms/step
Curriculum: set focal gamma = 1.0000 (epoch 70)
Epoch 70/70
WARNING:tensorflow:Can save best model only with val_composite available, skipping.
WARNING:tensorflow:Early stopping conditioned on metric `val_composite` which is not available. Available metrics are: loss,auc,val_loss,val_auc
56/56 - 1s - loss: 0.0617 - auc: 0.9570 - val_loss: 0.1925 - val_auc: 0.7491 - val_auc_custom: 0.7492 - val_f1_custom: 0.6610 - val_recall_custom: 0.6190 - val_composite: 0.6577 - val_precision_aware: 0.7027 - 1s/epoch - 20ms/step
Saved final weights to result_multi_seed_composite/seed10/01/final.weights
Mask config -> mode=soft, threshold=0.6, window_gate=None
Done. Results saved to result_multi_seed_composite/seed10/01
