2025-09-17 08:36:10.740318: I tensorflow/core/util/port.cc:110] oneDNN custom operations are on. You may see slightly different numerical results due to floating-point round-off errors from different computation orders. To turn them off, set the environment variable `TF_ENABLE_ONEDNN_OPTS=0`.
2025-09-17 08:36:10.769611: I tensorflow/core/platform/cpu_feature_guard.cc:182] This TensorFlow binary is optimized to use available CPU instructions in performance-critical operations.
To enable the following instructions: AVX2 AVX_VNNI FMA, in other operations, rebuild TensorFlow with the appropriate compiler flags.
2025-09-17 08:36:11.193170: W tensorflow/compiler/tf2tensorrt/utils/py_utils.cc:38] TF-TRT Warning: Could not find TensorRT
2025-09-17 08:36:11.599544: I tensorflow/compiler/xla/stream_executor/cuda/cuda_gpu_executor.cc:981] could not open file to read NUMA node: /sys/bus/pci/devices/0000:01:00.0/numa_node
Your kernel may have been built without NUMA support.
2025-09-17 08:36:11.618032: I tensorflow/compiler/xla/stream_executor/cuda/cuda_gpu_executor.cc:981] could not open file to read NUMA node: /sys/bus/pci/devices/0000:01:00.0/numa_node
Your kernel may have been built without NUMA support.
2025-09-17 08:36:11.618121: I tensorflow/compiler/xla/stream_executor/cuda/cuda_gpu_executor.cc:981] could not open file to read NUMA node: /sys/bus/pci/devices/0000:01:00.0/numa_node
Your kernel may have been built without NUMA support.
2025-09-17 08:36:11.619298: I tensorflow/compiler/xla/stream_executor/cuda/cuda_gpu_executor.cc:981] could not open file to read NUMA node: /sys/bus/pci/devices/0000:01:00.0/numa_node
Your kernel may have been built without NUMA support.
2025-09-17 08:36:11.619361: I tensorflow/compiler/xla/stream_executor/cuda/cuda_gpu_executor.cc:981] could not open file to read NUMA node: /sys/bus/pci/devices/0000:01:00.0/numa_node
Your kernel may have been built without NUMA support.
2025-09-17 08:36:11.619380: I tensorflow/compiler/xla/stream_executor/cuda/cuda_gpu_executor.cc:981] could not open file to read NUMA node: /sys/bus/pci/devices/0000:01:00.0/numa_node
Your kernel may have been built without NUMA support.
2025-09-17 08:36:11.725379: I tensorflow/compiler/xla/stream_executor/cuda/cuda_gpu_executor.cc:981] could not open file to read NUMA node: /sys/bus/pci/devices/0000:01:00.0/numa_node
Your kernel may have been built without NUMA support.
2025-09-17 08:36:11.725492: I tensorflow/compiler/xla/stream_executor/cuda/cuda_gpu_executor.cc:981] could not open file to read NUMA node: /sys/bus/pci/devices/0000:01:00.0/numa_node
Your kernel may have been built without NUMA support.
2025-09-17 08:36:11.725512: I tensorflow/core/common_runtime/gpu/gpu_device.cc:1726] Could not identify NUMA node of platform GPU id 0, defaulting to 0.  Your kernel may not have been built with NUMA support.
2025-09-17 08:36:11.725542: I tensorflow/compiler/xla/stream_executor/cuda/cuda_gpu_executor.cc:981] could not open file to read NUMA node: /sys/bus/pci/devices/0000:01:00.0/numa_node
Your kernel may have been built without NUMA support.
2025-09-17 08:36:11.725564: I tensorflow/core/common_runtime/gpu/gpu_device.cc:1639] Created device /job:localhost/replica:0/task:0/device:GPU:0 with 9517 MB memory:  -> device: 0, name: NVIDIA GeForce RTX 4070 SUPER, pci bus id: 0000:01:00.0, compute capability: 8.9
GPU detected: 1 physical, 1 logical -> ['/device:GPU:0']
Config: batch=16, accumulate_steps=8 -> effective_batch=128
Loaded (1276, 36, 75) (1276,)
Using mask channel "occlusion_flag" from long_raw (index 7)
Model: "cnn_bilstm_attn_masked"
__________________________________________________________________________________________________
 Layer (type)                Output Shape                 Param #   Connected to                  
==================================================================================================
 input (InputLayer)          [(None, 36, 75)]             0         []                            
                                                                                                  
 permute_time_features (Per  (None, 75, 36)               0         ['input[0][0]']               
 mute)                                                                                            
                                                                                                  
 conv0 (Conv1D)              (None, 75, 64)               6976      ['permute_time_features[0][0]'
                                                                    ]                             
                                                                                                  
 bn0 (BatchNormalization)    (None, 75, 64)               256       ['conv0[0][0]']               
                                                                                                  
 act0 (Activation)           (None, 75, 64)               0         ['bn0[0][0]']                 
                                                                                                  
 conv_dropout0 (Dropout)     (None, 75, 64)               0         ['act0[0][0]']                
                                                                                                  
 conv1 (Conv1D)              (None, 75, 64)               20544     ['conv_dropout0[0][0]']       
                                                                                                  
 bn1 (BatchNormalization)    (None, 75, 64)               256       ['conv1[0][0]']               
                                                                                                  
 act1 (Activation)           (None, 75, 64)               0         ['bn1[0][0]']                 
                                                                                                  
 conv_dropout1 (Dropout)     (None, 75, 64)               0         ['act1[0][0]']                
                                                                                                  
 conv2 (Conv1D)              (None, 75, 64)               12352     ['conv_dropout1[0][0]']       
                                                                                                  
 bn2 (BatchNormalization)    (None, 75, 64)               256       ['conv2[0][0]']               
                                                                                                  
 act2 (Activation)           (None, 75, 64)               0         ['bn2[0][0]']                 
                                                                                                  
 conv_dropout2 (Dropout)     (None, 75, 64)               0         ['act2[0][0]']                
                                                                                                  
 bilstm (Bidirectional)      (None, 75, 128)              66048     ['conv_dropout2[0][0]']       
                                                                                                  
 mlp_attn_u (Dense)          (None, 75, 32)               4128      ['bilstm[0][0]']              
                                                                                                  
 mlp_attn_score (Dense)      (None, 75, 1)                33        ['mlp_attn_u[0][0]']          
                                                                                                  
 mlp_attn_squeeze (Lambda)   (None, 75)                   0         ['mlp_attn_score[0][0]']      
                                                                                                  
 attn_mask (InputLayer)      [(None, 75)]                 0         []                            
                                                                                                  
 mlp_attn_apply_mask (Lambd  (None, 75)                   0         ['mlp_attn_squeeze[0][0]',    
 a)                                                                  'attn_mask[0][0]']           
                                                                                                  
 mlp_attn_softmax (Lambda)   (None, 75)                   0         ['mlp_attn_apply_mask[0][0]'] 
                                                                                                  
 mlp_attn_expand (Lambda)    (None, 75, 1)                0         ['mlp_attn_softmax[0][0]']    
                                                                                                  
 mlp_attn_weighted (Lambda)  (None, 128)                  0         ['bilstm[0][0]',              
                                                                     'mlp_attn_expand[0][0]']     
                                                                                                  
 fc1 (Dense)                 (None, 64)                   8256      ['mlp_attn_weighted[0][0]']   
                                                                                                  
 fc_dropout (Dropout)        (None, 64)                   0         ['fc1[0][0]']                 
                                                                                                  
 out (Dense)                 (None, 1)                    65        ['fc_dropout[0][0]']          
                                                                                                  
==================================================================================================
Total params: 119171 (465.51 KB)
Trainable params: 118786 (464.01 KB)
Non-trainable params: 385 (1.50 KB)
__________________________________________________________________________________________________
None
Writing results to /home/user/projects/train/model/long_window/CNN_BiLSTM/result_focal_refine/cw04_fg06/01
Curriculum: set focal gamma = 0.0000 (epoch 1)
Epoch 1/70
2025-09-17 08:36:16.417398: I tensorflow/compiler/xla/stream_executor/cuda/cuda_dnn.cc:432] Loaded cuDNN version 8600
2025-09-17 08:36:16.501065: I tensorflow/tsl/platform/default/subprocess.cc:304] Start cannot spawn child process: No such file or directory
2025-09-17 08:36:16.641017: I tensorflow/compiler/xla/stream_executor/cuda/cuda_blas.cc:606] TensorFloat-32 will be used for the matrix multiplication. This will only be logged once.
2025-09-17 08:36:16.948488: I tensorflow/compiler/xla/service/service.cc:168] XLA service 0x71c994006e80 initialized for platform CUDA (this does not guarantee that XLA will be used). Devices:
2025-09-17 08:36:16.948538: I tensorflow/compiler/xla/service/service.cc:176]   StreamExecutor device (0): NVIDIA GeForce RTX 4070 SUPER, Compute Capability 8.9
2025-09-17 08:36:16.952405: I tensorflow/compiler/mlir/tensorflow/utils/dump_mlir_util.cc:255] disabling MLIR crash reproducer, set env var `MLIR_CRASH_REPRODUCER_DIRECTORY` to enable.
2025-09-17 08:36:17.005336: I tensorflow/tsl/platform/default/subprocess.cc:304] Start cannot spawn child process: No such file or directory
2025-09-17 08:36:17.041165: I ./tensorflow/compiler/jit/device_compiler.h:186] Compiled cluster using XLA!  This line is logged at most once for the lifetime of the process.
56/56 - 7s - loss: 0.3227 - auc: 0.5113 - val_loss: 0.3457 - val_auc: 0.5525 - val_auc_custom: 0.5613 - val_f1_custom: 0.0000e+00 - val_recall_custom: 0.0000e+00 - 7s/epoch - 126ms/step
Curriculum: set focal gamma = 0.0842 (epoch 2)
Epoch 2/70
56/56 - 1s - loss: 0.2526 - auc: 0.5396 - val_loss: 0.2853 - val_auc: 0.5960 - val_auc_custom: 0.5932 - val_f1_custom: 0.0000e+00 - val_recall_custom: 0.0000e+00 - 1s/epoch - 23ms/step
Curriculum: set focal gamma = 0.1684 (epoch 3)
Epoch 3/70
56/56 - 1s - loss: 0.2177 - auc: 0.5784 - val_loss: 0.2457 - val_auc: 0.5997 - val_auc_custom: 0.5942 - val_f1_custom: 0.0000e+00 - val_recall_custom: 0.0000e+00 - 1s/epoch - 22ms/step
Curriculum: set focal gamma = 0.2526 (epoch 4)
Epoch 4/70
56/56 - 1s - loss: 0.2062 - auc: 0.5984 - val_loss: 0.2304 - val_auc: 0.6087 - val_auc_custom: 0.6086 - val_f1_custom: 0.0000e+00 - val_recall_custom: 0.0000e+00 - 1s/epoch - 22ms/step
Curriculum: set focal gamma = 0.3368 (epoch 5)
Epoch 5/70
56/56 - 1s - loss: 0.1924 - auc: 0.6090 - val_loss: 0.2159 - val_auc: 0.6059 - val_auc_custom: 0.6078 - val_f1_custom: 0.0000e+00 - val_recall_custom: 0.0000e+00 - 1s/epoch - 21ms/step
Curriculum: set focal gamma = 0.4211 (epoch 6)
Epoch 6/70
56/56 - 1s - loss: 0.1791 - auc: 0.6272 - val_loss: 0.2025 - val_auc: 0.6119 - val_auc_custom: 0.6123 - val_f1_custom: 0.0000e+00 - val_recall_custom: 0.0000e+00 - 1s/epoch - 22ms/step
Curriculum: set focal gamma = 0.5053 (epoch 7)
Epoch 7/70
56/56 - 1s - loss: 0.1675 - auc: 0.6429 - val_loss: 0.1910 - val_auc: 0.6162 - val_auc_custom: 0.6153 - val_f1_custom: 0.0727 - val_recall_custom: 0.0377 - 1s/epoch - 22ms/step
Curriculum: set focal gamma = 0.5895 (epoch 8)
Epoch 8/70
56/56 - 1s - loss: 0.1544 - auc: 0.6758 - val_loss: 0.1801 - val_auc: 0.6094 - val_auc_custom: 0.6078 - val_f1_custom: 0.0727 - val_recall_custom: 0.0377 - 1s/epoch - 22ms/step
Curriculum: set focal gamma = 0.6737 (epoch 9)
Epoch 9/70
56/56 - 1s - loss: 0.1456 - auc: 0.6758 - val_loss: 0.1699 - val_auc: 0.6121 - val_auc_custom: 0.6128 - val_f1_custom: 0.0727 - val_recall_custom: 0.0377 - 1s/epoch - 20ms/step
Curriculum: set focal gamma = 0.7579 (epoch 10)
Epoch 10/70
56/56 - 1s - loss: 0.1361 - auc: 0.6852 - val_loss: 0.1598 - val_auc: 0.6151 - val_auc_custom: 0.6153 - val_f1_custom: 0.1071 - val_recall_custom: 0.0566 - 1s/epoch - 20ms/step
Curriculum: set focal gamma = 0.8421 (epoch 11)
Epoch 11/70
56/56 - 1s - loss: 0.1299 - auc: 0.6724 - val_loss: 0.1498 - val_auc: 0.6262 - val_auc_custom: 0.6292 - val_f1_custom: 0.1071 - val_recall_custom: 0.0566 - 1s/epoch - 22ms/step
Curriculum: set focal gamma = 0.9263 (epoch 12)
Epoch 12/70
56/56 - 1s - loss: 0.1231 - auc: 0.6644 - val_loss: 0.1407 - val_auc: 0.6377 - val_auc_custom: 0.6350 - val_f1_custom: 0.1053 - val_recall_custom: 0.0566 - 1s/epoch - 22ms/step
Curriculum: set focal gamma = 1.0105 (epoch 13)
Epoch 13/70
56/56 - 1s - loss: 0.1139 - auc: 0.6923 - val_loss: 0.1324 - val_auc: 0.6449 - val_auc_custom: 0.6428 - val_f1_custom: 0.1379 - val_recall_custom: 0.0755 - 1s/epoch - 22ms/step
Curriculum: set focal gamma = 1.0947 (epoch 14)
Epoch 14/70
56/56 - 1s - loss: 0.1075 - auc: 0.7006 - val_loss: 0.1250 - val_auc: 0.6462 - val_auc_custom: 0.6468 - val_f1_custom: 0.1695 - val_recall_custom: 0.0943 - 1s/epoch - 22ms/step
Curriculum: set focal gamma = 1.1789 (epoch 15)
Epoch 15/70
56/56 - 1s - loss: 0.1018 - auc: 0.6935 - val_loss: 0.1186 - val_auc: 0.6516 - val_auc_custom: 0.6511 - val_f1_custom: 0.2581 - val_recall_custom: 0.1509 - 1s/epoch - 21ms/step
Curriculum: set focal gamma = 1.2632 (epoch 16)
Epoch 16/70
56/56 - 1s - loss: 0.0951 - auc: 0.7115 - val_loss: 0.1117 - val_auc: 0.6590 - val_auc_custom: 0.6566 - val_f1_custom: 0.2540 - val_recall_custom: 0.1509 - 1s/epoch - 23ms/step
Curriculum: set focal gamma = 1.3474 (epoch 17)
Epoch 17/70
56/56 - 1s - loss: 0.0882 - auc: 0.7259 - val_loss: 0.1046 - val_auc: 0.6665 - val_auc_custom: 0.6659 - val_f1_custom: 0.1695 - val_recall_custom: 0.0943 - 1s/epoch - 22ms/step
Curriculum: set focal gamma = 1.4316 (epoch 18)
Epoch 18/70
56/56 - 1s - loss: 0.0822 - auc: 0.7449 - val_loss: 0.0988 - val_auc: 0.6698 - val_auc_custom: 0.6679 - val_f1_custom: 0.2500 - val_recall_custom: 0.1509 - 1s/epoch - 22ms/step
Curriculum: set focal gamma = 1.5158 (epoch 19)
Epoch 19/70
56/56 - 1s - loss: 0.0774 - auc: 0.7368 - val_loss: 0.0932 - val_auc: 0.6731 - val_auc_custom: 0.6732 - val_f1_custom: 0.2424 - val_recall_custom: 0.1509 - 1s/epoch - 23ms/step
Curriculum: set focal gamma = 1.6000 (epoch 20)
Epoch 20/70
56/56 - 1s - loss: 0.0728 - auc: 0.7502 - val_loss: 0.0882 - val_auc: 0.6801 - val_auc_custom: 0.6787 - val_f1_custom: 0.2687 - val_recall_custom: 0.1698 - 1s/epoch - 22ms/step
Curriculum: set focal gamma = 1.6000 (epoch 21)
Epoch 21/70
56/56 - 1s - loss: 0.0728 - auc: 0.7498 - val_loss: 0.0881 - val_auc: 0.6814 - val_auc_custom: 0.6790 - val_f1_custom: 0.2424 - val_recall_custom: 0.1509 - 1s/epoch - 23ms/step
Curriculum: set focal gamma = 1.6000 (epoch 22)
Epoch 22/70
56/56 - 1s - loss: 0.0706 - auc: 0.7770 - val_loss: 0.0881 - val_auc: 0.6777 - val_auc_custom: 0.6810 - val_f1_custom: 0.1905 - val_recall_custom: 0.1132 - 1s/epoch - 20ms/step
Curriculum: set focal gamma = 1.6000 (epoch 23)
Epoch 23/70
56/56 - 1s - loss: 0.0715 - auc: 0.7655 - val_loss: 0.0876 - val_auc: 0.6862 - val_auc_custom: 0.6865 - val_f1_custom: 0.2462 - val_recall_custom: 0.1509 - 1s/epoch - 22ms/step
Curriculum: set focal gamma = 1.6000 (epoch 24)
Epoch 24/70
56/56 - 1s - loss: 0.0709 - auc: 0.7729 - val_loss: 0.0884 - val_auc: 0.6976 - val_auc_custom: 0.6969 - val_f1_custom: 0.3380 - val_recall_custom: 0.2264 - 1s/epoch - 23ms/step
Curriculum: set focal gamma = 1.6000 (epoch 25)
Epoch 25/70
56/56 - 1s - loss: 0.0694 - auc: 0.7930 - val_loss: 0.0884 - val_auc: 0.6981 - val_auc_custom: 0.6974 - val_f1_custom: 0.3143 - val_recall_custom: 0.2075 - 1s/epoch - 21ms/step
Curriculum: set focal gamma = 1.6000 (epoch 26)
Epoch 26/70
56/56 - 1s - loss: 0.0691 - auc: 0.7907 - val_loss: 0.0871 - val_auc: 0.7103 - val_auc_custom: 0.7127 - val_f1_custom: 0.3099 - val_recall_custom: 0.2075 - 1s/epoch - 21ms/step
Curriculum: set focal gamma = 1.6000 (epoch 27)
Epoch 27/70
56/56 - 1s - loss: 0.0693 - auc: 0.7840 - val_loss: 0.0863 - val_auc: 0.7230 - val_auc_custom: 0.7238 - val_f1_custom: 0.3056 - val_recall_custom: 0.2075 - 1s/epoch - 22ms/step
Curriculum: set focal gamma = 1.6000 (epoch 28)
Epoch 28/70
56/56 - 1s - loss: 0.0668 - auc: 0.8109 - val_loss: 0.0906 - val_auc: 0.7099 - val_auc_custom: 0.7104 - val_f1_custom: 0.4390 - val_recall_custom: 0.3396 - 1s/epoch - 20ms/step
Curriculum: set focal gamma = 1.6000 (epoch 29)
Epoch 29/70
56/56 - 1s - loss: 0.0667 - auc: 0.8066 - val_loss: 0.0887 - val_auc: 0.7123 - val_auc_custom: 0.7132 - val_f1_custom: 0.3846 - val_recall_custom: 0.2830 - 1s/epoch - 20ms/step
Curriculum: set focal gamma = 1.6000 (epoch 30)
Epoch 30/70
56/56 - 1s - loss: 0.0661 - auc: 0.8137 - val_loss: 0.0890 - val_auc: 0.7270 - val_auc_custom: 0.7268 - val_f1_custom: 0.4706 - val_recall_custom: 0.3774 - 1s/epoch - 22ms/step
Curriculum: set focal gamma = 1.6000 (epoch 31)
Epoch 31/70
56/56 - 1s - loss: 0.0659 - auc: 0.8125 - val_loss: 0.0878 - val_auc: 0.7262 - val_auc_custom: 0.7253 - val_f1_custom: 0.4337 - val_recall_custom: 0.3396 - 1s/epoch - 20ms/step
Curriculum: set focal gamma = 1.6000 (epoch 32)
Epoch 32/70
56/56 - 1s - loss: 0.0645 - auc: 0.8272 - val_loss: 0.0908 - val_auc: 0.7258 - val_auc_custom: 0.7258 - val_f1_custom: 0.5111 - val_recall_custom: 0.4340 - 1s/epoch - 20ms/step
Curriculum: set focal gamma = 1.6000 (epoch 33)
Epoch 33/70
56/56 - 1s - loss: 0.0637 - auc: 0.8281 - val_loss: 0.0902 - val_auc: 0.7169 - val_auc_custom: 0.7145 - val_f1_custom: 0.4828 - val_recall_custom: 0.3962 - 1s/epoch - 20ms/step
Curriculum: set focal gamma = 1.6000 (epoch 34)
Epoch 34/70
56/56 - 1s - loss: 0.0638 - auc: 0.8291 - val_loss: 0.0922 - val_auc: 0.7372 - val_auc_custom: 0.7374 - val_f1_custom: 0.6061 - val_recall_custom: 0.5660 - 1s/epoch - 21ms/step
Curriculum: set focal gamma = 1.6000 (epoch 35)
Epoch 35/70
56/56 - 1s - loss: 0.0627 - auc: 0.8375 - val_loss: 0.0967 - val_auc: 0.7160 - val_auc_custom: 0.7162 - val_f1_custom: 0.6078 - val_recall_custom: 0.5849 - 1s/epoch - 20ms/step
Curriculum: set focal gamma = 1.6000 (epoch 36)
Epoch 36/70
56/56 - 1s - loss: 0.0612 - auc: 0.8461 - val_loss: 0.0915 - val_auc: 0.7262 - val_auc_custom: 0.7265 - val_f1_custom: 0.5684 - val_recall_custom: 0.5094 - 1s/epoch - 19ms/step
Curriculum: set focal gamma = 1.6000 (epoch 37)
Epoch 37/70
56/56 - 1s - loss: 0.0604 - auc: 0.8482 - val_loss: 0.0918 - val_auc: 0.7350 - val_auc_custom: 0.7361 - val_f1_custom: 0.6000 - val_recall_custom: 0.5660 - 1s/epoch - 20ms/step
Curriculum: set focal gamma = 1.6000 (epoch 38)
Epoch 38/70
56/56 - 1s - loss: 0.0597 - auc: 0.8553 - val_loss: 0.0921 - val_auc: 0.7376 - val_auc_custom: 0.7374 - val_f1_custom: 0.6263 - val_recall_custom: 0.5849 - 1s/epoch - 22ms/step
Curriculum: set focal gamma = 1.6000 (epoch 39)
Epoch 39/70
56/56 - 1s - loss: 0.0596 - auc: 0.8550 - val_loss: 0.0960 - val_auc: 0.7436 - val_auc_custom: 0.7442 - val_f1_custom: 0.6422 - val_recall_custom: 0.6604 - 1s/epoch - 21ms/step
Curriculum: set focal gamma = 1.6000 (epoch 40)
Epoch 40/70
56/56 - 1s - loss: 0.0560 - auc: 0.8745 - val_loss: 0.1052 - val_auc: 0.7331 - val_auc_custom: 0.7346 - val_f1_custom: 0.6838 - val_recall_custom: 0.7547 - 1s/epoch - 19ms/step
Curriculum: set focal gamma = 1.6000 (epoch 41)
Epoch 41/70
56/56 - 1s - loss: 0.0552 - auc: 0.8802 - val_loss: 0.0941 - val_auc: 0.7463 - val_auc_custom: 0.7469 - val_f1_custom: 0.6275 - val_recall_custom: 0.6038 - 1s/epoch - 21ms/step
Curriculum: set focal gamma = 1.6000 (epoch 42)
Epoch 42/70
56/56 - 1s - loss: 0.0547 - auc: 0.8832 - val_loss: 0.1169 - val_auc: 0.7141 - val_auc_custom: 0.7137 - val_f1_custom: 0.6240 - val_recall_custom: 0.7358 - 1s/epoch - 20ms/step
Curriculum: set focal gamma = 1.6000 (epoch 43)
Epoch 43/70
56/56 - 1s - loss: 0.0559 - auc: 0.8740 - val_loss: 0.1024 - val_auc: 0.7333 - val_auc_custom: 0.7333 - val_f1_custom: 0.6726 - val_recall_custom: 0.7170 - 1s/epoch - 20ms/step
Curriculum: set focal gamma = 1.6000 (epoch 44)
Epoch 44/70
56/56 - 1s - loss: 0.0542 - auc: 0.8862 - val_loss: 0.1069 - val_auc: 0.7214 - val_auc_custom: 0.7215 - val_f1_custom: 0.6429 - val_recall_custom: 0.6792 - 1s/epoch - 20ms/step
Curriculum: set focal gamma = 1.6000 (epoch 45)
Epoch 45/70
56/56 - 1s - loss: 0.0557 - auc: 0.8767 - val_loss: 0.1006 - val_auc: 0.7336 - val_auc_custom: 0.7343 - val_f1_custom: 0.6286 - val_recall_custom: 0.6226 - 1s/epoch - 20ms/step
Curriculum: set focal gamma = 1.6000 (epoch 46)
Epoch 46/70
56/56 - 1s - loss: 0.0527 - auc: 0.8926 - val_loss: 0.1080 - val_auc: 0.7260 - val_auc_custom: 0.7270 - val_f1_custom: 0.6549 - val_recall_custom: 0.6981 - 1s/epoch - 19ms/step
Curriculum: set focal gamma = 1.6000 (epoch 47)
Epoch 47/70
56/56 - 1s - loss: 0.0517 - auc: 0.8968 - val_loss: 0.1148 - val_auc: 0.7170 - val_auc_custom: 0.7180 - val_f1_custom: 0.6496 - val_recall_custom: 0.7170 - 1s/epoch - 20ms/step
Curriculum: set focal gamma = 1.6000 (epoch 48)
Epoch 48/70
56/56 - 1s - loss: 0.0487 - auc: 0.9126 - val_loss: 0.1159 - val_auc: 0.7205 - val_auc_custom: 0.7192 - val_f1_custom: 0.6379 - val_recall_custom: 0.6981 - 1s/epoch - 20ms/step
Curriculum: set focal gamma = 1.6000 (epoch 49)
Epoch 49/70
56/56 - 1s - loss: 0.0503 - auc: 0.9055 - val_loss: 0.1280 - val_auc: 0.7275 - val_auc_custom: 0.7281 - val_f1_custom: 0.6613 - val_recall_custom: 0.7736 - 1s/epoch - 20ms/step
Curriculum: set focal gamma = 1.6000 (epoch 50)
Epoch 50/70
56/56 - 1s - loss: 0.0499 - auc: 0.9058 - val_loss: 0.1315 - val_auc: 0.7200 - val_auc_custom: 0.7197 - val_f1_custom: 0.6290 - val_recall_custom: 0.7358 - 1s/epoch - 21ms/step
Curriculum: set focal gamma = 1.6000 (epoch 51)
Epoch 51/70
56/56 - 1s - loss: 0.0485 - auc: 0.9102 - val_loss: 0.1223 - val_auc: 0.7282 - val_auc_custom: 0.7469 - val_f1_custom: 0.6275 - val_recall_custom: 0.6038 - 1s/epoch - 21ms/step
Mask config -> mode=soft, threshold=0.6, window_gate=None
Done. Results saved to /home/user/projects/train/model/long_window/CNN_BiLSTM/result_focal_refine/cw04_fg06/01
