2025-09-17 08:09:49.692623: I tensorflow/core/util/port.cc:110] oneDNN custom operations are on. You may see slightly different numerical results due to floating-point round-off errors from different computation orders. To turn them off, set the environment variable `TF_ENABLE_ONEDNN_OPTS=0`.
2025-09-17 08:09:49.726772: I tensorflow/core/platform/cpu_feature_guard.cc:182] This TensorFlow binary is optimized to use available CPU instructions in performance-critical operations.
To enable the following instructions: AVX2 AVX_VNNI FMA, in other operations, rebuild TensorFlow with the appropriate compiler flags.
2025-09-17 08:09:50.187215: W tensorflow/compiler/tf2tensorrt/utils/py_utils.cc:38] TF-TRT Warning: Could not find TensorRT
2025-09-17 08:09:50.597862: I tensorflow/compiler/xla/stream_executor/cuda/cuda_gpu_executor.cc:981] could not open file to read NUMA node: /sys/bus/pci/devices/0000:01:00.0/numa_node
Your kernel may have been built without NUMA support.
2025-09-17 08:09:50.617142: I tensorflow/compiler/xla/stream_executor/cuda/cuda_gpu_executor.cc:981] could not open file to read NUMA node: /sys/bus/pci/devices/0000:01:00.0/numa_node
Your kernel may have been built without NUMA support.
2025-09-17 08:09:50.617252: I tensorflow/compiler/xla/stream_executor/cuda/cuda_gpu_executor.cc:981] could not open file to read NUMA node: /sys/bus/pci/devices/0000:01:00.0/numa_node
Your kernel may have been built without NUMA support.
2025-09-17 08:09:50.618312: I tensorflow/compiler/xla/stream_executor/cuda/cuda_gpu_executor.cc:981] could not open file to read NUMA node: /sys/bus/pci/devices/0000:01:00.0/numa_node
Your kernel may have been built without NUMA support.
2025-09-17 08:09:50.618376: I tensorflow/compiler/xla/stream_executor/cuda/cuda_gpu_executor.cc:981] could not open file to read NUMA node: /sys/bus/pci/devices/0000:01:00.0/numa_node
Your kernel may have been built without NUMA support.
2025-09-17 08:09:50.618397: I tensorflow/compiler/xla/stream_executor/cuda/cuda_gpu_executor.cc:981] could not open file to read NUMA node: /sys/bus/pci/devices/0000:01:00.0/numa_node
Your kernel may have been built without NUMA support.
2025-09-17 08:09:50.720508: I tensorflow/compiler/xla/stream_executor/cuda/cuda_gpu_executor.cc:981] could not open file to read NUMA node: /sys/bus/pci/devices/0000:01:00.0/numa_node
Your kernel may have been built without NUMA support.
2025-09-17 08:09:50.720616: I tensorflow/compiler/xla/stream_executor/cuda/cuda_gpu_executor.cc:981] could not open file to read NUMA node: /sys/bus/pci/devices/0000:01:00.0/numa_node
Your kernel may have been built without NUMA support.
2025-09-17 08:09:50.720624: I tensorflow/core/common_runtime/gpu/gpu_device.cc:1726] Could not identify NUMA node of platform GPU id 0, defaulting to 0.  Your kernel may not have been built with NUMA support.
2025-09-17 08:09:50.720646: I tensorflow/compiler/xla/stream_executor/cuda/cuda_gpu_executor.cc:981] could not open file to read NUMA node: /sys/bus/pci/devices/0000:01:00.0/numa_node
Your kernel may have been built without NUMA support.
2025-09-17 08:09:50.720685: I tensorflow/core/common_runtime/gpu/gpu_device.cc:1639] Created device /job:localhost/replica:0/task:0/device:GPU:0 with 9517 MB memory:  -> device: 0, name: NVIDIA GeForce RTX 4070 SUPER, pci bus id: 0000:01:00.0, compute capability: 8.9
GPU detected: 1 physical, 1 logical -> ['/device:GPU:0']
Config: batch=16, accumulate_steps=8 -> effective_batch=128
Loaded (1276, 36, 75) (1276,)
Using mask channel "occlusion_flag" from long_raw (index 7)
Model: "cnn_bilstm_attn_masked"
__________________________________________________________________________________________________
 Layer (type)                Output Shape                 Param #   Connected to                  
==================================================================================================
 input (InputLayer)          [(None, 36, 75)]             0         []                            
                                                                                                  
 permute_time_features (Per  (None, 75, 36)               0         ['input[0][0]']               
 mute)                                                                                            
                                                                                                  
 conv0 (Conv1D)              (None, 75, 64)               6976      ['permute_time_features[0][0]'
                                                                    ]                             
                                                                                                  
 bn0 (BatchNormalization)    (None, 75, 64)               256       ['conv0[0][0]']               
                                                                                                  
 act0 (Activation)           (None, 75, 64)               0         ['bn0[0][0]']                 
                                                                                                  
 conv_dropout0 (Dropout)     (None, 75, 64)               0         ['act0[0][0]']                
                                                                                                  
 conv1 (Conv1D)              (None, 75, 64)               20544     ['conv_dropout0[0][0]']       
                                                                                                  
 bn1 (BatchNormalization)    (None, 75, 64)               256       ['conv1[0][0]']               
                                                                                                  
 act1 (Activation)           (None, 75, 64)               0         ['bn1[0][0]']                 
                                                                                                  
 conv_dropout1 (Dropout)     (None, 75, 64)               0         ['act1[0][0]']                
                                                                                                  
 conv2 (Conv1D)              (None, 75, 64)               12352     ['conv_dropout1[0][0]']       
                                                                                                  
 bn2 (BatchNormalization)    (None, 75, 64)               256       ['conv2[0][0]']               
                                                                                                  
 act2 (Activation)           (None, 75, 64)               0         ['bn2[0][0]']                 
                                                                                                  
 conv_dropout2 (Dropout)     (None, 75, 64)               0         ['act2[0][0]']                
                                                                                                  
 bilstm (Bidirectional)      (None, 75, 128)              66048     ['conv_dropout2[0][0]']       
                                                                                                  
 mlp_attn_u (Dense)          (None, 75, 32)               4128      ['bilstm[0][0]']              
                                                                                                  
 mlp_attn_score (Dense)      (None, 75, 1)                33        ['mlp_attn_u[0][0]']          
                                                                                                  
 mlp_attn_squeeze (Lambda)   (None, 75)                   0         ['mlp_attn_score[0][0]']      
                                                                                                  
 attn_mask (InputLayer)      [(None, 75)]                 0         []                            
                                                                                                  
 mlp_attn_apply_mask (Lambd  (None, 75)                   0         ['mlp_attn_squeeze[0][0]',    
 a)                                                                  'attn_mask[0][0]']           
                                                                                                  
 mlp_attn_softmax (Lambda)   (None, 75)                   0         ['mlp_attn_apply_mask[0][0]'] 
                                                                                                  
 mlp_attn_expand (Lambda)    (None, 75, 1)                0         ['mlp_attn_softmax[0][0]']    
                                                                                                  
 mlp_attn_weighted (Lambda)  (None, 128)                  0         ['bilstm[0][0]',              
                                                                     'mlp_attn_expand[0][0]']     
                                                                                                  
 fc1 (Dense)                 (None, 64)                   8256      ['mlp_attn_weighted[0][0]']   
                                                                                                  
 fc_dropout (Dropout)        (None, 64)                   0         ['fc1[0][0]']                 
                                                                                                  
 out (Dense)                 (None, 1)                    65        ['fc_dropout[0][0]']          
                                                                                                  
==================================================================================================
Total params: 119171 (465.51 KB)
Trainable params: 118786 (464.01 KB)
Non-trainable params: 385 (1.50 KB)
__________________________________________________________________________________________________
None
Writing results to /home/user/projects/train/model/long_window/CNN_BiLSTM/result_focal_refine/cw02_fg02/01
Curriculum: set focal gamma = 0.0000 (epoch 1)
Epoch 1/70
2025-09-17 08:09:55.375418: I tensorflow/compiler/xla/stream_executor/cuda/cuda_dnn.cc:432] Loaded cuDNN version 8600
2025-09-17 08:09:55.469169: I tensorflow/tsl/platform/default/subprocess.cc:304] Start cannot spawn child process: No such file or directory
2025-09-17 08:09:55.611114: I tensorflow/compiler/xla/stream_executor/cuda/cuda_blas.cc:606] TensorFloat-32 will be used for the matrix multiplication. This will only be logged once.
2025-09-17 08:09:55.949056: I tensorflow/compiler/xla/service/service.cc:168] XLA service 0x5d071132eb10 initialized for platform CUDA (this does not guarantee that XLA will be used). Devices:
2025-09-17 08:09:55.949106: I tensorflow/compiler/xla/service/service.cc:176]   StreamExecutor device (0): NVIDIA GeForce RTX 4070 SUPER, Compute Capability 8.9
2025-09-17 08:09:55.952735: I tensorflow/compiler/mlir/tensorflow/utils/dump_mlir_util.cc:255] disabling MLIR crash reproducer, set env var `MLIR_CRASH_REPRODUCER_DIRECTORY` to enable.
2025-09-17 08:09:56.007438: I tensorflow/tsl/platform/default/subprocess.cc:304] Start cannot spawn child process: No such file or directory
2025-09-17 08:09:56.044047: I ./tensorflow/compiler/jit/device_compiler.h:186] Compiled cluster using XLA!  This line is logged at most once for the lifetime of the process.
56/56 - 7s - loss: 0.2977 - auc: 0.5123 - val_loss: 0.3145 - val_auc: 0.6039 - val_auc_custom: 0.6058 - val_f1_custom: 0.0000e+00 - val_recall_custom: 0.0000e+00 - 7s/epoch - 124ms/step
Curriculum: set focal gamma = 0.0842 (epoch 2)
Epoch 2/70
56/56 - 1s - loss: 0.2252 - auc: 0.5243 - val_loss: 0.2436 - val_auc: 0.5896 - val_auc_custom: 0.5922 - val_f1_custom: 0.0000e+00 - val_recall_custom: 0.0000e+00 - 1s/epoch - 20ms/step
Curriculum: set focal gamma = 0.1684 (epoch 3)
Epoch 3/70
56/56 - 1s - loss: 0.1992 - auc: 0.5603 - val_loss: 0.2135 - val_auc: 0.6001 - val_auc_custom: 0.6000 - val_f1_custom: 0.0000e+00 - val_recall_custom: 0.0000e+00 - 1s/epoch - 19ms/step
Curriculum: set focal gamma = 0.2526 (epoch 4)
Epoch 4/70
56/56 - 1s - loss: 0.1914 - auc: 0.5694 - val_loss: 0.2019 - val_auc: 0.6049 - val_auc_custom: 0.6078 - val_f1_custom: 0.0000e+00 - val_recall_custom: 0.0000e+00 - 1s/epoch - 22ms/step
Curriculum: set focal gamma = 0.3368 (epoch 5)
Epoch 5/70
56/56 - 1s - loss: 0.1750 - auc: 0.6155 - val_loss: 0.1900 - val_auc: 0.6040 - val_auc_custom: 0.6025 - val_f1_custom: 0.0000e+00 - val_recall_custom: 0.0000e+00 - 1s/epoch - 20ms/step
Curriculum: set focal gamma = 0.4211 (epoch 6)
Epoch 6/70
56/56 - 1s - loss: 0.1616 - auc: 0.6399 - val_loss: 0.1795 - val_auc: 0.6019 - val_auc_custom: 0.6035 - val_f1_custom: 0.0000e+00 - val_recall_custom: 0.0000e+00 - 1s/epoch - 20ms/step
Curriculum: set focal gamma = 0.5053 (epoch 7)
Epoch 7/70
56/56 - 1s - loss: 0.1507 - auc: 0.6591 - val_loss: 0.1701 - val_auc: 0.5986 - val_auc_custom: 0.5975 - val_f1_custom: 0.0000e+00 - val_recall_custom: 0.0000e+00 - 1s/epoch - 20ms/step
Curriculum: set focal gamma = 0.5895 (epoch 8)
Epoch 8/70
56/56 - 1s - loss: 0.1426 - auc: 0.6523 - val_loss: 0.1618 - val_auc: 0.5870 - val_auc_custom: 0.5894 - val_f1_custom: 0.0000e+00 - val_recall_custom: 0.0000e+00 - 1s/epoch - 20ms/step
Curriculum: set focal gamma = 0.6737 (epoch 9)
Epoch 9/70
56/56 - 1s - loss: 0.1351 - auc: 0.6527 - val_loss: 0.1536 - val_auc: 0.5843 - val_auc_custom: 0.5854 - val_f1_custom: 0.0000e+00 - val_recall_custom: 0.0000e+00 - 1s/epoch - 20ms/step
Curriculum: set focal gamma = 0.7579 (epoch 10)
Epoch 10/70
56/56 - 1s - loss: 0.1273 - auc: 0.6567 - val_loss: 0.1449 - val_auc: 0.5879 - val_auc_custom: 0.5892 - val_f1_custom: 0.0370 - val_recall_custom: 0.0189 - 1s/epoch - 20ms/step
Curriculum: set focal gamma = 0.8421 (epoch 11)
Epoch 11/70
56/56 - 1s - loss: 0.1193 - auc: 0.6709 - val_loss: 0.1367 - val_auc: 0.5925 - val_auc_custom: 0.5942 - val_f1_custom: 0.0370 - val_recall_custom: 0.0189 - 1s/epoch - 20ms/step
Curriculum: set focal gamma = 0.9263 (epoch 12)
Epoch 12/70
56/56 - 1s - loss: 0.1120 - auc: 0.6841 - val_loss: 0.1286 - val_auc: 0.5970 - val_auc_custom: 0.5980 - val_f1_custom: 0.0370 - val_recall_custom: 0.0189 - 1s/epoch - 21ms/step
Curriculum: set focal gamma = 1.0105 (epoch 13)
Epoch 13/70
56/56 - 1s - loss: 0.1043 - auc: 0.6988 - val_loss: 0.1216 - val_auc: 0.6030 - val_auc_custom: 0.6013 - val_f1_custom: 0.0370 - val_recall_custom: 0.0189 - 1s/epoch - 20ms/step
Curriculum: set focal gamma = 1.0947 (epoch 14)
Epoch 14/70
56/56 - 1s - loss: 0.0989 - auc: 0.6917 - val_loss: 0.1150 - val_auc: 0.6140 - val_auc_custom: 0.6156 - val_f1_custom: 0.1053 - val_recall_custom: 0.0566 - 1s/epoch - 22ms/step
Curriculum: set focal gamma = 1.1789 (epoch 15)
Epoch 15/70
56/56 - 1s - loss: 0.0939 - auc: 0.6916 - val_loss: 0.1094 - val_auc: 0.6195 - val_auc_custom: 0.6201 - val_f1_custom: 0.1034 - val_recall_custom: 0.0566 - 1s/epoch - 21ms/step
Curriculum: set focal gamma = 1.2632 (epoch 16)
Epoch 16/70
56/56 - 1s - loss: 0.0860 - auc: 0.7204 - val_loss: 0.1041 - val_auc: 0.6319 - val_auc_custom: 0.6309 - val_f1_custom: 0.1967 - val_recall_custom: 0.1132 - 1s/epoch - 21ms/step
Curriculum: set focal gamma = 1.3474 (epoch 17)
Epoch 17/70
56/56 - 1s - loss: 0.0818 - auc: 0.7203 - val_loss: 0.0981 - val_auc: 0.6396 - val_auc_custom: 0.6397 - val_f1_custom: 0.1667 - val_recall_custom: 0.0943 - 1s/epoch - 22ms/step
Curriculum: set focal gamma = 1.4316 (epoch 18)
Epoch 18/70
56/56 - 1s - loss: 0.0760 - auc: 0.7379 - val_loss: 0.0929 - val_auc: 0.6582 - val_auc_custom: 0.6589 - val_f1_custom: 0.1639 - val_recall_custom: 0.0943 - 1s/epoch - 22ms/step
Curriculum: set focal gamma = 1.5158 (epoch 19)
Epoch 19/70
56/56 - 1s - loss: 0.0708 - auc: 0.7536 - val_loss: 0.0855 - val_auc: 0.6796 - val_auc_custom: 0.6782 - val_f1_custom: 0.1639 - val_recall_custom: 0.0943 - 1s/epoch - 21ms/step
Curriculum: set focal gamma = 1.6000 (epoch 20)
Epoch 20/70
56/56 - 1s - loss: 0.0663 - auc: 0.7563 - val_loss: 0.0811 - val_auc: 0.6894 - val_auc_custom: 0.6908 - val_f1_custom: 0.1875 - val_recall_custom: 0.1132 - 1s/epoch - 21ms/step
Curriculum: set focal gamma = 1.6000 (epoch 21)
Epoch 21/70
56/56 - 1s - loss: 0.0650 - auc: 0.7698 - val_loss: 0.0820 - val_auc: 0.6870 - val_auc_custom: 0.6873 - val_f1_custom: 0.1818 - val_recall_custom: 0.1132 - 1s/epoch - 20ms/step
Curriculum: set focal gamma = 1.6000 (epoch 22)
Epoch 22/70
56/56 - 1s - loss: 0.0651 - auc: 0.7705 - val_loss: 0.0808 - val_auc: 0.6990 - val_auc_custom: 0.6994 - val_f1_custom: 0.1538 - val_recall_custom: 0.0943 - 1s/epoch - 21ms/step
Curriculum: set focal gamma = 1.6000 (epoch 23)
Epoch 23/70
56/56 - 1s - loss: 0.0645 - auc: 0.7725 - val_loss: 0.0835 - val_auc: 0.6950 - val_auc_custom: 0.6956 - val_f1_custom: 0.3014 - val_recall_custom: 0.2075 - 1s/epoch - 21ms/step
Curriculum: set focal gamma = 1.6000 (epoch 24)
Epoch 24/70
56/56 - 1s - loss: 0.0645 - auc: 0.7782 - val_loss: 0.0827 - val_auc: 0.7025 - val_auc_custom: 0.7014 - val_f1_custom: 0.3056 - val_recall_custom: 0.2075 - 1s/epoch - 24ms/step
Curriculum: set focal gamma = 1.6000 (epoch 25)
Epoch 25/70
56/56 - 1s - loss: 0.0633 - auc: 0.7914 - val_loss: 0.0853 - val_auc: 0.6933 - val_auc_custom: 0.6946 - val_f1_custom: 0.4198 - val_recall_custom: 0.3208 - 1s/epoch - 22ms/step
Curriculum: set focal gamma = 1.6000 (epoch 26)
Epoch 26/70
56/56 - 1s - loss: 0.0618 - auc: 0.8021 - val_loss: 0.0859 - val_auc: 0.7003 - val_auc_custom: 0.7006 - val_f1_custom: 0.4198 - val_recall_custom: 0.3208 - 1s/epoch - 20ms/step
Curriculum: set focal gamma = 1.6000 (epoch 27)
Epoch 27/70
56/56 - 1s - loss: 0.0605 - auc: 0.8194 - val_loss: 0.0838 - val_auc: 0.7113 - val_auc_custom: 0.7112 - val_f1_custom: 0.3797 - val_recall_custom: 0.2830 - 1s/epoch - 22ms/step
Curriculum: set focal gamma = 1.6000 (epoch 28)
Epoch 28/70
56/56 - 1s - loss: 0.0597 - auc: 0.8206 - val_loss: 0.0837 - val_auc: 0.7158 - val_auc_custom: 0.7167 - val_f1_custom: 0.3377 - val_recall_custom: 0.2453 - 1s/epoch - 22ms/step
Curriculum: set focal gamma = 1.6000 (epoch 29)
Epoch 29/70
56/56 - 1s - loss: 0.0609 - auc: 0.8115 - val_loss: 0.0854 - val_auc: 0.7029 - val_auc_custom: 0.7044 - val_f1_custom: 0.4286 - val_recall_custom: 0.3396 - 1s/epoch - 21ms/step
Curriculum: set focal gamma = 1.6000 (epoch 30)
Epoch 30/70
56/56 - 1s - loss: 0.0595 - auc: 0.8197 - val_loss: 0.0843 - val_auc: 0.7162 - val_auc_custom: 0.7172 - val_f1_custom: 0.3421 - val_recall_custom: 0.2453 - 1s/epoch - 23ms/step
Curriculum: set focal gamma = 1.6000 (epoch 31)
Epoch 31/70
56/56 - 1s - loss: 0.0608 - auc: 0.8129 - val_loss: 0.0948 - val_auc: 0.6784 - val_auc_custom: 0.6780 - val_f1_custom: 0.4946 - val_recall_custom: 0.4340 - 1s/epoch - 21ms/step
Curriculum: set focal gamma = 1.6000 (epoch 32)
Epoch 32/70
56/56 - 1s - loss: 0.0569 - auc: 0.8442 - val_loss: 0.0906 - val_auc: 0.6803 - val_auc_custom: 0.6787 - val_f1_custom: 0.3855 - val_recall_custom: 0.3019 - 1s/epoch - 20ms/step
Curriculum: set focal gamma = 1.6000 (epoch 33)
Epoch 33/70
56/56 - 1s - loss: 0.0588 - auc: 0.8262 - val_loss: 0.0929 - val_auc: 0.6992 - val_auc_custom: 0.6991 - val_f1_custom: 0.5106 - val_recall_custom: 0.4528 - 1s/epoch - 21ms/step
Curriculum: set focal gamma = 1.6000 (epoch 34)
Epoch 34/70
56/56 - 1s - loss: 0.0573 - auc: 0.8377 - val_loss: 0.0871 - val_auc: 0.7077 - val_auc_custom: 0.7077 - val_f1_custom: 0.4146 - val_recall_custom: 0.3208 - 1s/epoch - 20ms/step
Curriculum: set focal gamma = 1.6000 (epoch 35)
Epoch 35/70
56/56 - 1s - loss: 0.0590 - auc: 0.8243 - val_loss: 0.0924 - val_auc: 0.6945 - val_auc_custom: 0.6948 - val_f1_custom: 0.5055 - val_recall_custom: 0.4340 - 1s/epoch - 22ms/step
Curriculum: set focal gamma = 1.6000 (epoch 36)
Epoch 36/70
56/56 - 1s - loss: 0.0547 - auc: 0.8593 - val_loss: 0.0921 - val_auc: 0.6996 - val_auc_custom: 0.7009 - val_f1_custom: 0.4835 - val_recall_custom: 0.4151 - 1s/epoch - 20ms/step
Curriculum: set focal gamma = 1.6000 (epoch 37)
Epoch 37/70
56/56 - 1s - loss: 0.0556 - auc: 0.8517 - val_loss: 0.0953 - val_auc: 0.7018 - val_auc_custom: 0.7014 - val_f1_custom: 0.5657 - val_recall_custom: 0.5283 - 1s/epoch - 20ms/step
Curriculum: set focal gamma = 1.6000 (epoch 38)
Epoch 38/70
56/56 - 1s - loss: 0.0549 - auc: 0.8536 - val_loss: 0.0882 - val_auc: 0.7121 - val_auc_custom: 0.7122 - val_f1_custom: 0.3590 - val_recall_custom: 0.2642 - 1s/epoch - 20ms/step
Curriculum: set focal gamma = 1.6000 (epoch 39)
Epoch 39/70
56/56 - 1s - loss: 0.0551 - auc: 0.8489 - val_loss: 0.0910 - val_auc: 0.7048 - val_auc_custom: 0.7044 - val_f1_custom: 0.3614 - val_recall_custom: 0.2830 - 1s/epoch - 21ms/step
Curriculum: set focal gamma = 1.6000 (epoch 40)
Epoch 40/70
56/56 - 1s - loss: 0.0522 - auc: 0.8705 - val_loss: 0.0988 - val_auc: 0.7028 - val_auc_custom: 0.7172 - val_f1_custom: 0.3421 - val_recall_custom: 0.2453 - 1s/epoch - 21ms/step
Mask config -> mode=soft, threshold=0.6, window_gate=None
Done. Results saved to /home/user/projects/train/model/long_window/CNN_BiLSTM/result_focal_refine/cw02_fg02/01
