2025-09-22 03:08:38.383381: I tensorflow/core/util/port.cc:110] oneDNN custom operations are on. You may see slightly different numerical results due to floating-point round-off errors from different computation orders. To turn them off, set the environment variable `TF_ENABLE_ONEDNN_OPTS=0`.
2025-09-22 03:08:38.412251: I tensorflow/core/platform/cpu_feature_guard.cc:182] This TensorFlow binary is optimized to use available CPU instructions in performance-critical operations.
To enable the following instructions: AVX2 AVX_VNNI FMA, in other operations, rebuild TensorFlow with the appropriate compiler flags.
2025-09-22 03:08:38.838661: W tensorflow/compiler/tf2tensorrt/utils/py_utils.cc:38] TF-TRT Warning: Could not find TensorRT
2025-09-22 03:08:39.238787: I tensorflow/compiler/xla/stream_executor/cuda/cuda_gpu_executor.cc:981] could not open file to read NUMA node: /sys/bus/pci/devices/0000:01:00.0/numa_node
Your kernel may have been built without NUMA support.
2025-09-22 03:08:39.258513: I tensorflow/compiler/xla/stream_executor/cuda/cuda_gpu_executor.cc:981] could not open file to read NUMA node: /sys/bus/pci/devices/0000:01:00.0/numa_node
Your kernel may have been built without NUMA support.
2025-09-22 03:08:39.258613: I tensorflow/compiler/xla/stream_executor/cuda/cuda_gpu_executor.cc:981] could not open file to read NUMA node: /sys/bus/pci/devices/0000:01:00.0/numa_node
Your kernel may have been built without NUMA support.
2025-09-22 03:08:39.259593: I tensorflow/compiler/xla/stream_executor/cuda/cuda_gpu_executor.cc:981] could not open file to read NUMA node: /sys/bus/pci/devices/0000:01:00.0/numa_node
Your kernel may have been built without NUMA support.
2025-09-22 03:08:39.259650: I tensorflow/compiler/xla/stream_executor/cuda/cuda_gpu_executor.cc:981] could not open file to read NUMA node: /sys/bus/pci/devices/0000:01:00.0/numa_node
Your kernel may have been built without NUMA support.
2025-09-22 03:08:39.259670: I tensorflow/compiler/xla/stream_executor/cuda/cuda_gpu_executor.cc:981] could not open file to read NUMA node: /sys/bus/pci/devices/0000:01:00.0/numa_node
Your kernel may have been built without NUMA support.
2025-09-22 03:08:39.358520: I tensorflow/compiler/xla/stream_executor/cuda/cuda_gpu_executor.cc:981] could not open file to read NUMA node: /sys/bus/pci/devices/0000:01:00.0/numa_node
Your kernel may have been built without NUMA support.
2025-09-22 03:08:39.358643: I tensorflow/compiler/xla/stream_executor/cuda/cuda_gpu_executor.cc:981] could not open file to read NUMA node: /sys/bus/pci/devices/0000:01:00.0/numa_node
Your kernel may have been built without NUMA support.
2025-09-22 03:08:39.358665: I tensorflow/core/common_runtime/gpu/gpu_device.cc:1726] Could not identify NUMA node of platform GPU id 0, defaulting to 0.  Your kernel may not have been built with NUMA support.
2025-09-22 03:08:39.358695: I tensorflow/compiler/xla/stream_executor/cuda/cuda_gpu_executor.cc:981] could not open file to read NUMA node: /sys/bus/pci/devices/0000:01:00.0/numa_node
Your kernel may have been built without NUMA support.
2025-09-22 03:08:39.358717: I tensorflow/core/common_runtime/gpu/gpu_device.cc:1639] Created device /job:localhost/replica:0/task:0/device:GPU:0 with 9517 MB memory:  -> device: 0, name: NVIDIA GeForce RTX 4070 SUPER, pci bus id: 0000:01:00.0, compute capability: 8.9
[feature_check] OK: train/test feature_list identical (n=36)
GPU detected: 1 physical, 1 logical -> ['/device:GPU:0']
Config: batch=16, accumulate_steps=8 -> effective_batch=128
Loaded (for internal train/val)  (1276, 36, 75) (1276,)
Loaded EXTERNAL TEST: (354, 36, 75) from /home/user/projects/train/test_data/slipce/windows_npz.npz
[mask] windows_npz.npz using occlusion_flag ch=7
[mask] windows_npz.npz using occlusion_flag ch=7
Model: "cnn_bilstm_attn_masked"
__________________________________________________________________________________________________
 Layer (type)                Output Shape                 Param #   Connected to                  
==================================================================================================
 input (InputLayer)          [(None, 36, 75)]             0         []                            
                                                                                                  
 permute_time_features (Per  (None, 75, 36)               0         ['input[0][0]']               
 mute)                                                                                            
                                                                                                  
 conv0 (Conv1D)              (None, 75, 64)               6976      ['permute_time_features[0][0]'
                                                                    ]                             
                                                                                                  
 bn0 (BatchNormalization)    (None, 75, 64)               256       ['conv0[0][0]']               
                                                                                                  
 act0 (Activation)           (None, 75, 64)               0         ['bn0[0][0]']                 
                                                                                                  
 conv_dropout0 (Dropout)     (None, 75, 64)               0         ['act0[0][0]']                
                                                                                                  
 conv1 (Conv1D)              (None, 75, 64)               20544     ['conv_dropout0[0][0]']       
                                                                                                  
 bn1 (BatchNormalization)    (None, 75, 64)               256       ['conv1[0][0]']               
                                                                                                  
 act1 (Activation)           (None, 75, 64)               0         ['bn1[0][0]']                 
                                                                                                  
 conv_dropout1 (Dropout)     (None, 75, 64)               0         ['act1[0][0]']                
                                                                                                  
 conv2 (Conv1D)              (None, 75, 64)               12352     ['conv_dropout1[0][0]']       
                                                                                                  
 bn2 (BatchNormalization)    (None, 75, 64)               256       ['conv2[0][0]']               
                                                                                                  
 act2 (Activation)           (None, 75, 64)               0         ['bn2[0][0]']                 
                                                                                                  
 conv_dropout2 (Dropout)     (None, 75, 64)               0         ['act2[0][0]']                
                                                                                                  
 bilstm (Bidirectional)      (None, 75, 128)              66048     ['conv_dropout2[0][0]']       
                                                                                                  
 mlp_attn_u (Dense)          (None, 75, 32)               4128      ['bilstm[0][0]']              
                                                                                                  
 mlp_attn_score (Dense)      (None, 75, 1)                33        ['mlp_attn_u[0][0]']          
                                                                                                  
 mlp_attn_squeeze (Lambda)   (None, 75)                   0         ['mlp_attn_score[0][0]']      
                                                                                                  
 attn_mask (InputLayer)      [(None, 75)]                 0         []                            
                                                                                                  
 mlp_attn_apply_mask (Lambd  (None, 75)                   0         ['mlp_attn_squeeze[0][0]',    
 a)                                                                  'attn_mask[0][0]']           
                                                                                                  
 mlp_attn_softmax (Lambda)   (None, 75)                   0         ['mlp_attn_apply_mask[0][0]'] 
                                                                                                  
 mlp_attn_expand (Lambda)    (None, 75, 1)                0         ['mlp_attn_softmax[0][0]']    
                                                                                                  
 mlp_attn_weighted (Lambda)  (None, 128)                  0         ['bilstm[0][0]',              
                                                                     'mlp_attn_expand[0][0]']     
                                                                                                  
 fc1 (Dense)                 (None, 64)                   8256      ['mlp_attn_weighted[0][0]']   
                                                                                                  
 fc_dropout (Dropout)        (None, 64)                   0         ['fc1[0][0]']                 
                                                                                                  
 out (Dense)                 (None, 1)                    65        ['fc_dropout[0][0]']          
                                                                                                  
==================================================================================================
Total params: 119171 (465.51 KB)
Trainable params: 118786 (464.01 KB)
Non-trainable params: 385 (1.50 KB)
__________________________________________________________________________________________________
None
Writing results to result_multi_seed_composite_slipce/seed9/01
Curriculum: set focal gamma = 0.0000 (epoch 1)
Epoch 1/70
2025-09-22 03:08:44.335714: I tensorflow/compiler/xla/stream_executor/cuda/cuda_dnn.cc:432] Loaded cuDNN version 8600
2025-09-22 03:08:44.405816: I tensorflow/tsl/platform/default/subprocess.cc:304] Start cannot spawn child process: No such file or directory
2025-09-22 03:08:44.534735: I tensorflow/compiler/xla/stream_executor/cuda/cuda_blas.cc:606] TensorFloat-32 will be used for the matrix multiplication. This will only be logged once.
2025-09-22 03:08:44.844563: I tensorflow/compiler/xla/service/service.cc:168] XLA service 0x58f04c9ad860 initialized for platform CUDA (this does not guarantee that XLA will be used). Devices:
2025-09-22 03:08:44.844611: I tensorflow/compiler/xla/service/service.cc:176]   StreamExecutor device (0): NVIDIA GeForce RTX 4070 SUPER, Compute Capability 8.9
2025-09-22 03:08:44.848390: I tensorflow/compiler/mlir/tensorflow/utils/dump_mlir_util.cc:255] disabling MLIR crash reproducer, set env var `MLIR_CRASH_REPRODUCER_DIRECTORY` to enable.
2025-09-22 03:08:44.906965: I tensorflow/tsl/platform/default/subprocess.cc:304] Start cannot spawn child process: No such file or directory
2025-09-22 03:08:44.943192: I ./tensorflow/compiler/jit/device_compiler.h:186] Compiled cluster using XLA!  This line is logged at most once for the lifetime of the process.
WARNING:tensorflow:Can save best model only with val_composite available, skipping.
WARNING:tensorflow:Early stopping conditioned on metric `val_composite` which is not available. Available metrics are: loss,auc,val_loss,val_auc
56/56 - 7s - loss: 0.3217 - auc: 0.5200 - val_loss: 0.3328 - val_auc: 0.5931 - val_auc_custom: 0.5952 - val_f1_custom: 0.0000e+00 - val_recall_custom: 0.0000e+00 - val_composite: 0.1190 - val_precision_aware: 0.1190 - 7s/epoch - 123ms/step
Curriculum: set focal gamma = 0.0526 (epoch 2)
Epoch 2/70
WARNING:tensorflow:Can save best model only with val_composite available, skipping.
WARNING:tensorflow:Early stopping conditioned on metric `val_composite` which is not available. Available metrics are: loss,auc,val_loss,val_auc
56/56 - 1s - loss: 0.2929 - auc: 0.5573 - val_loss: 0.3077 - val_auc: 0.6045 - val_auc_custom: 0.6028 - val_f1_custom: 0.0000e+00 - val_recall_custom: 0.0000e+00 - val_composite: 0.1206 - val_precision_aware: 0.1206 - 1s/epoch - 21ms/step
Curriculum: set focal gamma = 0.1053 (epoch 3)
Epoch 3/70
WARNING:tensorflow:Can save best model only with val_composite available, skipping.
WARNING:tensorflow:Early stopping conditioned on metric `val_composite` which is not available. Available metrics are: loss,auc,val_loss,val_auc
56/56 - 1s - loss: 0.2801 - auc: 0.5806 - val_loss: 0.2941 - val_auc: 0.5989 - val_auc_custom: 0.6010 - val_f1_custom: 0.0000e+00 - val_recall_custom: 0.0000e+00 - val_composite: 0.1202 - val_precision_aware: 0.1202 - 1s/epoch - 21ms/step
Curriculum: set focal gamma = 0.1579 (epoch 4)
Epoch 4/70
WARNING:tensorflow:Can save best model only with val_composite available, skipping.
WARNING:tensorflow:Early stopping conditioned on metric `val_composite` which is not available. Available metrics are: loss,auc,val_loss,val_auc
56/56 - 1s - loss: 0.2683 - auc: 0.5998 - val_loss: 0.2836 - val_auc: 0.5932 - val_auc_custom: 0.5937 - val_f1_custom: 0.0714 - val_recall_custom: 0.0377 - val_composite: 0.1590 - val_precision_aware: 0.4735 - 1s/epoch - 20ms/step
Curriculum: set focal gamma = 0.2105 (epoch 5)
Epoch 5/70
WARNING:tensorflow:Can save best model only with val_composite available, skipping.
WARNING:tensorflow:Early stopping conditioned on metric `val_composite` which is not available. Available metrics are: loss,auc,val_loss,val_auc
56/56 - 1s - loss: 0.2511 - auc: 0.6438 - val_loss: 0.2741 - val_auc: 0.5873 - val_auc_custom: 0.5902 - val_f1_custom: 0.1356 - val_recall_custom: 0.0755 - val_composite: 0.1965 - val_precision_aware: 0.4920 - 1s/epoch - 22ms/step
Curriculum: set focal gamma = 0.2632 (epoch 6)
Epoch 6/70
WARNING:tensorflow:Can save best model only with val_composite available, skipping.
WARNING:tensorflow:Early stopping conditioned on metric `val_composite` which is not available. Available metrics are: loss,auc,val_loss,val_auc
56/56 - 1s - loss: 0.2415 - auc: 0.6471 - val_loss: 0.2665 - val_auc: 0.5810 - val_auc_custom: 0.5819 - val_f1_custom: 0.2388 - val_recall_custom: 0.1509 - val_composite: 0.2635 - val_precision_aware: 0.4737 - 1s/epoch - 21ms/step
Curriculum: set focal gamma = 0.3158 (epoch 7)
Epoch 7/70
WARNING:tensorflow:Can save best model only with val_composite available, skipping.
WARNING:tensorflow:Early stopping conditioned on metric `val_composite` which is not available. Available metrics are: loss,auc,val_loss,val_auc
56/56 - 1s - loss: 0.2302 - auc: 0.6638 - val_loss: 0.2597 - val_auc: 0.5742 - val_auc_custom: 0.5741 - val_f1_custom: 0.2778 - val_recall_custom: 0.1887 - val_composite: 0.2925 - val_precision_aware: 0.4613 - 1s/epoch - 21ms/step
Curriculum: set focal gamma = 0.3684 (epoch 8)
Epoch 8/70
WARNING:tensorflow:Can save best model only with val_composite available, skipping.
WARNING:tensorflow:Early stopping conditioned on metric `val_composite` which is not available. Available metrics are: loss,auc,val_loss,val_auc
56/56 - 1s - loss: 0.2204 - auc: 0.6656 - val_loss: 0.2515 - val_auc: 0.5692 - val_auc_custom: 0.5713 - val_f1_custom: 0.2778 - val_recall_custom: 0.1887 - val_composite: 0.2919 - val_precision_aware: 0.4608 - 1s/epoch - 21ms/step
Curriculum: set focal gamma = 0.4211 (epoch 9)
Epoch 9/70
WARNING:tensorflow:Can save best model only with val_composite available, skipping.
WARNING:tensorflow:Early stopping conditioned on metric `val_composite` which is not available. Available metrics are: loss,auc,val_loss,val_auc
56/56 - 1s - loss: 0.2101 - auc: 0.6833 - val_loss: 0.2419 - val_auc: 0.5709 - val_auc_custom: 0.5708 - val_f1_custom: 0.2817 - val_recall_custom: 0.1887 - val_composite: 0.2930 - val_precision_aware: 0.4764 - 1s/epoch - 22ms/step
Curriculum: set focal gamma = 0.4737 (epoch 10)
Epoch 10/70
WARNING:tensorflow:Can save best model only with val_composite available, skipping.
WARNING:tensorflow:Early stopping conditioned on metric `val_composite` which is not available. Available metrics are: loss,auc,val_loss,val_auc
56/56 - 1s - loss: 0.2025 - auc: 0.6826 - val_loss: 0.2330 - val_auc: 0.5672 - val_auc_custom: 0.5665 - val_f1_custom: 0.3099 - val_recall_custom: 0.2075 - val_composite: 0.3100 - val_precision_aware: 0.5118 - 1s/epoch - 20ms/step
Curriculum: set focal gamma = 0.5263 (epoch 11)
Epoch 11/70
WARNING:tensorflow:Can save best model only with val_composite available, skipping.
WARNING:tensorflow:Early stopping conditioned on metric `val_composite` which is not available. Available metrics are: loss,auc,val_loss,val_auc
56/56 - 1s - loss: 0.1911 - auc: 0.7066 - val_loss: 0.2252 - val_auc: 0.5732 - val_auc_custom: 0.5726 - val_f1_custom: 0.3562 - val_recall_custom: 0.2453 - val_composite: 0.3440 - val_precision_aware: 0.5464 - 1s/epoch - 21ms/step
Curriculum: set focal gamma = 0.5789 (epoch 12)
Epoch 12/70
WARNING:tensorflow:Can save best model only with val_composite available, skipping.
WARNING:tensorflow:Early stopping conditioned on metric `val_composite` which is not available. Available metrics are: loss,auc,val_loss,val_auc
56/56 - 1s - loss: 0.1847 - auc: 0.7083 - val_loss: 0.2172 - val_auc: 0.5818 - val_auc_custom: 0.5836 - val_f1_custom: 0.2899 - val_recall_custom: 0.1887 - val_composite: 0.2980 - val_precision_aware: 0.5162 - 1s/epoch - 20ms/step
Curriculum: set focal gamma = 0.6316 (epoch 13)
Epoch 13/70
WARNING:tensorflow:Can save best model only with val_composite available, skipping.
WARNING:tensorflow:Early stopping conditioned on metric `val_composite` which is not available. Available metrics are: loss,auc,val_loss,val_auc
56/56 - 1s - loss: 0.1765 - auc: 0.7132 - val_loss: 0.2112 - val_auc: 0.5805 - val_auc_custom: 0.5809 - val_f1_custom: 0.3544 - val_recall_custom: 0.2642 - val_composite: 0.3546 - val_precision_aware: 0.4917 - 1s/epoch - 21ms/step
Curriculum: set focal gamma = 0.6842 (epoch 14)
Epoch 14/70
WARNING:tensorflow:Can save best model only with val_composite available, skipping.
WARNING:tensorflow:Early stopping conditioned on metric `val_composite` which is not available. Available metrics are: loss,auc,val_loss,val_auc
56/56 - 1s - loss: 0.1719 - auc: 0.7059 - val_loss: 0.2025 - val_auc: 0.5898 - val_auc_custom: 0.5907 - val_f1_custom: 0.3377 - val_recall_custom: 0.2453 - val_composite: 0.3421 - val_precision_aware: 0.4903 - 1s/epoch - 20ms/step
Curriculum: set focal gamma = 0.7368 (epoch 15)
Epoch 15/70
WARNING:tensorflow:Can save best model only with val_composite available, skipping.
WARNING:tensorflow:Early stopping conditioned on metric `val_composite` which is not available. Available metrics are: loss,auc,val_loss,val_auc
56/56 - 1s - loss: 0.1579 - auc: 0.7535 - val_loss: 0.1944 - val_auc: 0.6034 - val_auc_custom: 0.6043 - val_f1_custom: 0.2973 - val_recall_custom: 0.2075 - val_composite: 0.3138 - val_precision_aware: 0.4719 - 1s/epoch - 21ms/step
Curriculum: set focal gamma = 0.7895 (epoch 16)
Epoch 16/70
WARNING:tensorflow:Can save best model only with val_composite available, skipping.
WARNING:tensorflow:Early stopping conditioned on metric `val_composite` which is not available. Available metrics are: loss,auc,val_loss,val_auc
56/56 - 1s - loss: 0.1519 - auc: 0.7555 - val_loss: 0.1893 - val_auc: 0.6177 - val_auc_custom: 0.6174 - val_f1_custom: 0.4146 - val_recall_custom: 0.3208 - val_composite: 0.4082 - val_precision_aware: 0.5410 - 1s/epoch - 21ms/step
Curriculum: set focal gamma = 0.8421 (epoch 17)
Epoch 17/70
WARNING:tensorflow:Can save best model only with val_composite available, skipping.
WARNING:tensorflow:Early stopping conditioned on metric `val_composite` which is not available. Available metrics are: loss,auc,val_loss,val_auc
56/56 - 1s - loss: 0.1451 - auc: 0.7617 - val_loss: 0.1836 - val_auc: 0.6299 - val_auc_custom: 0.6297 - val_f1_custom: 0.4235 - val_recall_custom: 0.3396 - val_composite: 0.4228 - val_precision_aware: 0.5342 - 1s/epoch - 21ms/step
Curriculum: set focal gamma = 0.8947 (epoch 18)
Epoch 18/70
WARNING:tensorflow:Can save best model only with val_composite available, skipping.
WARNING:tensorflow:Early stopping conditioned on metric `val_composite` which is not available. Available metrics are: loss,auc,val_loss,val_auc
56/56 - 1s - loss: 0.1380 - auc: 0.7709 - val_loss: 0.1767 - val_auc: 0.6419 - val_auc_custom: 0.6408 - val_f1_custom: 0.4494 - val_recall_custom: 0.3774 - val_composite: 0.4517 - val_precision_aware: 0.5408 - 1s/epoch - 20ms/step
Curriculum: set focal gamma = 0.9474 (epoch 19)
Epoch 19/70
WARNING:tensorflow:Can save best model only with val_composite available, skipping.
WARNING:tensorflow:Early stopping conditioned on metric `val_composite` which is not available. Available metrics are: loss,auc,val_loss,val_auc
56/56 - 1s - loss: 0.1309 - auc: 0.7819 - val_loss: 0.1760 - val_auc: 0.6434 - val_auc_custom: 0.6435 - val_f1_custom: 0.5234 - val_recall_custom: 0.5283 - val_composite: 0.5499 - val_precision_aware: 0.5450 - 1s/epoch - 21ms/step
Curriculum: set focal gamma = 1.0000 (epoch 20)
Epoch 20/70
WARNING:tensorflow:Can save best model only with val_composite available, skipping.
WARNING:tensorflow:Early stopping conditioned on metric `val_composite` which is not available. Available metrics are: loss,auc,val_loss,val_auc
56/56 - 1s - loss: 0.1226 - auc: 0.7992 - val_loss: 0.1634 - val_auc: 0.6604 - val_auc_custom: 0.6616 - val_f1_custom: 0.4842 - val_recall_custom: 0.4340 - val_composite: 0.4946 - val_precision_aware: 0.5514 - 1s/epoch - 21ms/step
Curriculum: set focal gamma = 1.0000 (epoch 21)
Epoch 21/70
WARNING:tensorflow:Can save best model only with val_composite available, skipping.
WARNING:tensorflow:Early stopping conditioned on metric `val_composite` which is not available. Available metrics are: loss,auc,val_loss,val_auc
56/56 - 1s - loss: 0.1214 - auc: 0.7990 - val_loss: 0.1678 - val_auc: 0.6609 - val_auc_custom: 0.6611 - val_f1_custom: 0.5051 - val_recall_custom: 0.4717 - val_composite: 0.5196 - val_precision_aware: 0.5555 - 1s/epoch - 20ms/step
Curriculum: set focal gamma = 1.0000 (epoch 22)
Epoch 22/70
WARNING:tensorflow:Can save best model only with val_composite available, skipping.
WARNING:tensorflow:Early stopping conditioned on metric `val_composite` which is not available. Available metrics are: loss,auc,val_loss,val_auc
56/56 - 1s - loss: 0.1174 - auc: 0.8183 - val_loss: 0.1741 - val_auc: 0.6406 - val_auc_custom: 0.6395 - val_f1_custom: 0.4681 - val_recall_custom: 0.4151 - val_composite: 0.4759 - val_precision_aware: 0.5366 - 1s/epoch - 20ms/step
Curriculum: set focal gamma = 1.0000 (epoch 23)
Epoch 23/70
WARNING:tensorflow:Can save best model only with val_composite available, skipping.
WARNING:tensorflow:Early stopping conditioned on metric `val_composite` which is not available. Available metrics are: loss,auc,val_loss,val_auc
56/56 - 1s - loss: 0.1223 - auc: 0.8028 - val_loss: 0.1726 - val_auc: 0.6394 - val_auc_custom: 0.6392 - val_f1_custom: 0.4681 - val_recall_custom: 0.4151 - val_composite: 0.4758 - val_precision_aware: 0.5366 - 1s/epoch - 20ms/step
Curriculum: set focal gamma = 1.0000 (epoch 24)
Epoch 24/70
WARNING:tensorflow:Can save best model only with val_composite available, skipping.
WARNING:tensorflow:Early stopping conditioned on metric `val_composite` which is not available. Available metrics are: loss,auc,val_loss,val_auc
56/56 - 1s - loss: 0.1176 - auc: 0.8180 - val_loss: 0.1687 - val_auc: 0.6605 - val_auc_custom: 0.6601 - val_f1_custom: 0.5000 - val_recall_custom: 0.4340 - val_composite: 0.4990 - val_precision_aware: 0.5769 - 1s/epoch - 20ms/step
Curriculum: set focal gamma = 1.0000 (epoch 25)
Epoch 25/70
WARNING:tensorflow:Can save best model only with val_composite available, skipping.
WARNING:tensorflow:Early stopping conditioned on metric `val_composite` which is not available. Available metrics are: loss,auc,val_loss,val_auc
56/56 - 1s - loss: 0.1139 - auc: 0.8285 - val_loss: 0.1742 - val_auc: 0.6611 - val_auc_custom: 0.6611 - val_f1_custom: 0.5490 - val_recall_custom: 0.5283 - val_composite: 0.5611 - val_precision_aware: 0.5826 - 1s/epoch - 20ms/step
Curriculum: set focal gamma = 1.0000 (epoch 26)
Epoch 26/70
WARNING:tensorflow:Can save best model only with val_composite available, skipping.
WARNING:tensorflow:Early stopping conditioned on metric `val_composite` which is not available. Available metrics are: loss,auc,val_loss,val_auc
56/56 - 1s - loss: 0.1168 - auc: 0.8215 - val_loss: 0.1733 - val_auc: 0.6468 - val_auc_custom: 0.6468 - val_f1_custom: 0.4946 - val_recall_custom: 0.4340 - val_composite: 0.4947 - val_precision_aware: 0.5652 - 1s/epoch - 21ms/step
Curriculum: set focal gamma = 1.0000 (epoch 27)
Epoch 27/70
WARNING:tensorflow:Can save best model only with val_composite available, skipping.
WARNING:tensorflow:Early stopping conditioned on metric `val_composite` which is not available. Available metrics are: loss,auc,val_loss,val_auc
56/56 - 1s - loss: 0.1115 - auc: 0.8438 - val_loss: 0.1787 - val_auc: 0.6553 - val_auc_custom: 0.6541 - val_f1_custom: 0.5510 - val_recall_custom: 0.5094 - val_composite: 0.5508 - val_precision_aware: 0.5961 - 1s/epoch - 21ms/step
Curriculum: set focal gamma = 1.0000 (epoch 28)
Epoch 28/70
WARNING:tensorflow:Can save best model only with val_composite available, skipping.
WARNING:tensorflow:Early stopping conditioned on metric `val_composite` which is not available. Available metrics are: loss,auc,val_loss,val_auc
56/56 - 1s - loss: 0.1135 - auc: 0.8339 - val_loss: 0.1866 - val_auc: 0.6442 - val_auc_custom: 0.6460 - val_f1_custom: 0.5347 - val_recall_custom: 0.5094 - val_composite: 0.5443 - val_precision_aware: 0.5709 - 1s/epoch - 22ms/step
Curriculum: set focal gamma = 1.0000 (epoch 29)
Epoch 29/70
WARNING:tensorflow:Can save best model only with val_composite available, skipping.
WARNING:tensorflow:Early stopping conditioned on metric `val_composite` which is not available. Available metrics are: loss,auc,val_loss,val_auc
56/56 - 1s - loss: 0.1141 - auc: 0.8287 - val_loss: 0.1790 - val_auc: 0.6668 - val_auc_custom: 0.6669 - val_f1_custom: 0.4783 - val_recall_custom: 0.4151 - val_composite: 0.4844 - val_precision_aware: 0.5589 - 1s/epoch - 21ms/step
Curriculum: set focal gamma = 1.0000 (epoch 30)
Epoch 30/70
WARNING:tensorflow:Can save best model only with val_composite available, skipping.
WARNING:tensorflow:Early stopping conditioned on metric `val_composite` which is not available. Available metrics are: loss,auc,val_loss,val_auc
56/56 - 1s - loss: 0.1084 - auc: 0.8552 - val_loss: 0.1936 - val_auc: 0.6488 - val_auc_custom: 0.6491 - val_f1_custom: 0.5593 - val_recall_custom: 0.6226 - val_composite: 0.6089 - val_precision_aware: 0.5515 - 1s/epoch - 21ms/step
Curriculum: set focal gamma = 1.0000 (epoch 31)
Epoch 31/70
WARNING:tensorflow:Can save best model only with val_composite available, skipping.
WARNING:tensorflow:Early stopping conditioned on metric `val_composite` which is not available. Available metrics are: loss,auc,val_loss,val_auc
56/56 - 1s - loss: 0.1104 - auc: 0.8455 - val_loss: 0.1845 - val_auc: 0.6421 - val_auc_custom: 0.6430 - val_f1_custom: 0.4719 - val_recall_custom: 0.3962 - val_composite: 0.4683 - val_precision_aware: 0.5618 - 1s/epoch - 21ms/step
Curriculum: set focal gamma = 1.0000 (epoch 32)
Epoch 32/70
WARNING:tensorflow:Can save best model only with val_composite available, skipping.
WARNING:tensorflow:Early stopping conditioned on metric `val_composite` which is not available. Available metrics are: loss,auc,val_loss,val_auc
56/56 - 1s - loss: 0.1075 - auc: 0.8536 - val_loss: 0.1868 - val_auc: 0.6639 - val_auc_custom: 0.6644 - val_f1_custom: 0.4494 - val_recall_custom: 0.3774 - val_composite: 0.4564 - val_precision_aware: 0.5455 - 1s/epoch - 21ms/step
Curriculum: set focal gamma = 1.0000 (epoch 33)
Epoch 33/70
WARNING:tensorflow:Can save best model only with val_composite available, skipping.
WARNING:tensorflow:Early stopping conditioned on metric `val_composite` which is not available. Available metrics are: loss,auc,val_loss,val_auc
56/56 - 1s - loss: 0.1028 - auc: 0.8630 - val_loss: 0.2096 - val_auc: 0.6497 - val_auc_custom: 0.6481 - val_f1_custom: 0.5556 - val_recall_custom: 0.6604 - val_composite: 0.6265 - val_precision_aware: 0.5360 - 1s/epoch - 21ms/step
Curriculum: set focal gamma = 1.0000 (epoch 34)
Epoch 34/70
WARNING:tensorflow:Can save best model only with val_composite available, skipping.
WARNING:tensorflow:Early stopping conditioned on metric `val_composite` which is not available. Available metrics are: loss,auc,val_loss,val_auc
56/56 - 1s - loss: 0.1039 - auc: 0.8666 - val_loss: 0.1894 - val_auc: 0.6619 - val_auc_custom: 0.6626 - val_f1_custom: 0.4783 - val_recall_custom: 0.4151 - val_composite: 0.4836 - val_precision_aware: 0.5581 - 1s/epoch - 21ms/step
Curriculum: set focal gamma = 1.0000 (epoch 35)
Epoch 35/70
WARNING:tensorflow:Can save best model only with val_composite available, skipping.
WARNING:tensorflow:Early stopping conditioned on metric `val_composite` which is not available. Available metrics are: loss,auc,val_loss,val_auc
56/56 - 1s - loss: 0.1068 - auc: 0.8544 - val_loss: 0.1906 - val_auc: 0.6465 - val_auc_custom: 0.6458 - val_f1_custom: 0.4848 - val_recall_custom: 0.4528 - val_composite: 0.5010 - val_precision_aware: 0.5355 - 1s/epoch - 20ms/step
Curriculum: set focal gamma = 1.0000 (epoch 36)
Epoch 36/70
WARNING:tensorflow:Can save best model only with val_composite available, skipping.
WARNING:tensorflow:Early stopping conditioned on metric `val_composite` which is not available. Available metrics are: loss,auc,val_loss,val_auc
56/56 - 1s - loss: 0.0967 - auc: 0.8847 - val_loss: 0.1940 - val_auc: 0.6691 - val_auc_custom: 0.6694 - val_f1_custom: 0.5660 - val_recall_custom: 0.5660 - val_composite: 0.5867 - val_precision_aware: 0.5867 - 1s/epoch - 20ms/step
Curriculum: set focal gamma = 1.0000 (epoch 37)
Epoch 37/70
WARNING:tensorflow:Can save best model only with val_composite available, skipping.
WARNING:tensorflow:Early stopping conditioned on metric `val_composite` which is not available. Available metrics are: loss,auc,val_loss,val_auc
56/56 - 1s - loss: 0.0990 - auc: 0.8771 - val_loss: 0.2006 - val_auc: 0.6644 - val_auc_custom: 0.6647 - val_f1_custom: 0.5536 - val_recall_custom: 0.5849 - val_composite: 0.5915 - val_precision_aware: 0.5617 - 1s/epoch - 21ms/step
Curriculum: set focal gamma = 1.0000 (epoch 38)
Epoch 38/70
WARNING:tensorflow:Can save best model only with val_composite available, skipping.
WARNING:tensorflow:Early stopping conditioned on metric `val_composite` which is not available. Available metrics are: loss,auc,val_loss,val_auc
56/56 - 1s - loss: 0.0946 - auc: 0.8895 - val_loss: 0.1921 - val_auc: 0.6790 - val_auc_custom: 0.6785 - val_f1_custom: 0.5253 - val_recall_custom: 0.4906 - val_composite: 0.5386 - val_precision_aware: 0.5759 - 1s/epoch - 20ms/step
Curriculum: set focal gamma = 1.0000 (epoch 39)
Epoch 39/70
WARNING:tensorflow:Can save best model only with val_composite available, skipping.
WARNING:tensorflow:Early stopping conditioned on metric `val_composite` which is not available. Available metrics are: loss,auc,val_loss,val_auc
56/56 - 1s - loss: 0.0914 - auc: 0.8983 - val_loss: 0.1952 - val_auc: 0.6803 - val_auc_custom: 0.6800 - val_f1_custom: 0.5185 - val_recall_custom: 0.5283 - val_composite: 0.5557 - val_precision_aware: 0.5461 - 1s/epoch - 20ms/step
Curriculum: set focal gamma = 1.0000 (epoch 40)
Epoch 40/70
WARNING:tensorflow:Can save best model only with val_composite available, skipping.
WARNING:tensorflow:Early stopping conditioned on metric `val_composite` which is not available. Available metrics are: loss,auc,val_loss,val_auc
56/56 - 1s - loss: 0.0976 - auc: 0.8839 - val_loss: 0.1877 - val_auc: 0.6975 - val_auc_custom: 0.6966 - val_f1_custom: 0.5510 - val_recall_custom: 0.5094 - val_composite: 0.5593 - val_precision_aware: 0.6046 - 1s/epoch - 20ms/step
Curriculum: set focal gamma = 1.0000 (epoch 41)
Epoch 41/70
WARNING:tensorflow:Can save best model only with val_composite available, skipping.
WARNING:tensorflow:Early stopping conditioned on metric `val_composite` which is not available. Available metrics are: loss,auc,val_loss,val_auc
56/56 - 1s - loss: 0.0950 - auc: 0.8877 - val_loss: 0.2058 - val_auc: 0.6692 - val_auc_custom: 0.6694 - val_f1_custom: 0.5357 - val_recall_custom: 0.5660 - val_composite: 0.5776 - val_precision_aware: 0.5488 - 1s/epoch - 21ms/step
Curriculum: set focal gamma = 1.0000 (epoch 42)
Epoch 42/70
WARNING:tensorflow:Can save best model only with val_composite available, skipping.
WARNING:tensorflow:Early stopping conditioned on metric `val_composite` which is not available. Available metrics are: loss,auc,val_loss,val_auc
56/56 - 1s - loss: 0.0954 - auc: 0.8875 - val_loss: 0.1965 - val_auc: 0.6792 - val_auc_custom: 0.6785 - val_f1_custom: 0.5283 - val_recall_custom: 0.5283 - val_composite: 0.5583 - val_precision_aware: 0.5583 - 1s/epoch - 20ms/step
Curriculum: set focal gamma = 1.0000 (epoch 43)
Epoch 43/70
WARNING:tensorflow:Can save best model only with val_composite available, skipping.
WARNING:tensorflow:Early stopping conditioned on metric `val_composite` which is not available. Available metrics are: loss,auc,val_loss,val_auc
56/56 - 1s - loss: 0.0928 - auc: 0.8963 - val_loss: 0.1903 - val_auc: 0.6922 - val_auc_custom: 0.6923 - val_f1_custom: 0.5347 - val_recall_custom: 0.5094 - val_composite: 0.5536 - val_precision_aware: 0.5801 - 1s/epoch - 20ms/step
Curriculum: set focal gamma = 1.0000 (epoch 44)
Epoch 44/70
WARNING:tensorflow:Can save best model only with val_composite available, skipping.
WARNING:tensorflow:Early stopping conditioned on metric `val_composite` which is not available. Available metrics are: loss,auc,val_loss,val_auc
56/56 - 1s - loss: 0.0885 - auc: 0.9049 - val_loss: 0.2028 - val_auc: 0.6916 - val_auc_custom: 0.6911 - val_f1_custom: 0.5660 - val_recall_custom: 0.5660 - val_composite: 0.5910 - val_precision_aware: 0.5910 - 1s/epoch - 20ms/step
Curriculum: set focal gamma = 1.0000 (epoch 45)
Epoch 45/70
WARNING:tensorflow:Can save best model only with val_composite available, skipping.
WARNING:tensorflow:Early stopping conditioned on metric `val_composite` which is not available. Available metrics are: loss,auc,val_loss,val_auc
56/56 - 1s - loss: 0.0835 - auc: 0.9174 - val_loss: 0.2147 - val_auc: 0.6840 - val_auc_custom: 0.6840 - val_f1_custom: 0.5253 - val_recall_custom: 0.4906 - val_composite: 0.5397 - val_precision_aware: 0.5770 - 1s/epoch - 20ms/step
Curriculum: set focal gamma = 1.0000 (epoch 46)
Epoch 46/70
WARNING:tensorflow:Can save best model only with val_composite available, skipping.
WARNING:tensorflow:Early stopping conditioned on metric `val_composite` which is not available. Available metrics are: loss,auc,val_loss,val_auc
56/56 - 1s - loss: 0.0879 - auc: 0.9060 - val_loss: 0.2180 - val_auc: 0.6688 - val_auc_custom: 0.6679 - val_f1_custom: 0.5664 - val_recall_custom: 0.6038 - val_composite: 0.6054 - val_precision_aware: 0.5702 - 1s/epoch - 21ms/step
Curriculum: set focal gamma = 1.0000 (epoch 47)
Epoch 47/70
WARNING:tensorflow:Can save best model only with val_composite available, skipping.
WARNING:tensorflow:Early stopping conditioned on metric `val_composite` which is not available. Available metrics are: loss,auc,val_loss,val_auc
56/56 - 1s - loss: 0.0870 - auc: 0.9075 - val_loss: 0.2101 - val_auc: 0.6928 - val_auc_custom: 0.6923 - val_f1_custom: 0.5766 - val_recall_custom: 0.6038 - val_composite: 0.6133 - val_precision_aware: 0.5873 - 1s/epoch - 21ms/step
Curriculum: set focal gamma = 1.0000 (epoch 48)
Epoch 48/70
WARNING:tensorflow:Can save best model only with val_composite available, skipping.
WARNING:tensorflow:Early stopping conditioned on metric `val_composite` which is not available. Available metrics are: loss,auc,val_loss,val_auc
56/56 - 1s - loss: 0.0850 - auc: 0.9135 - val_loss: 0.1973 - val_auc: 0.6955 - val_auc_custom: 0.6958 - val_f1_custom: 0.5524 - val_recall_custom: 0.5472 - val_composite: 0.5785 - val_precision_aware: 0.5837 - 1s/epoch - 21ms/step
Curriculum: set focal gamma = 1.0000 (epoch 49)
Epoch 49/70
WARNING:tensorflow:Can save best model only with val_composite available, skipping.
WARNING:tensorflow:Early stopping conditioned on metric `val_composite` which is not available. Available metrics are: loss,auc,val_loss,val_auc
56/56 - 1s - loss: 0.0817 - auc: 0.9204 - val_loss: 0.2100 - val_auc: 0.6718 - val_auc_custom: 0.6719 - val_f1_custom: 0.4719 - val_recall_custom: 0.3962 - val_composite: 0.4741 - val_precision_aware: 0.5676 - 1s/epoch - 21ms/step
Curriculum: set focal gamma = 1.0000 (epoch 50)
Epoch 50/70
WARNING:tensorflow:Can save best model only with val_composite available, skipping.
WARNING:tensorflow:Early stopping conditioned on metric `val_composite` which is not available. Available metrics are: loss,auc,val_loss,val_auc
56/56 - 1s - loss: 0.0841 - auc: 0.9130 - val_loss: 0.2321 - val_auc: 0.6702 - val_auc_custom: 0.6709 - val_f1_custom: 0.5565 - val_recall_custom: 0.6038 - val_composite: 0.6030 - val_precision_aware: 0.5592 - 1s/epoch - 21ms/step
Curriculum: set focal gamma = 1.0000 (epoch 51)
Epoch 51/70
WARNING:tensorflow:Can save best model only with val_composite available, skipping.
WARNING:tensorflow:Early stopping conditioned on metric `val_composite` which is not available. Available metrics are: loss,auc,val_loss,val_auc
56/56 - 1s - loss: 0.0750 - auc: 0.9318 - val_loss: 0.2111 - val_auc: 0.7148 - val_auc_custom: 0.7160 - val_f1_custom: 0.5347 - val_recall_custom: 0.5094 - val_composite: 0.5583 - val_precision_aware: 0.5848 - 1s/epoch - 21ms/step
Curriculum: set focal gamma = 1.0000 (epoch 52)
Epoch 52/70
WARNING:tensorflow:Can save best model only with val_composite available, skipping.
WARNING:tensorflow:Early stopping conditioned on metric `val_composite` which is not available. Available metrics are: loss,auc,val_loss,val_auc
56/56 - 1s - loss: 0.0845 - auc: 0.9124 - val_loss: 0.2201 - val_auc: 0.6696 - val_auc_custom: 0.6679 - val_f1_custom: 0.4646 - val_recall_custom: 0.4340 - val_composite: 0.4900 - val_precision_aware: 0.5230 - 1s/epoch - 21ms/step
Curriculum: set focal gamma = 1.0000 (epoch 53)
Epoch 53/70
WARNING:tensorflow:Can save best model only with val_composite available, skipping.
WARNING:tensorflow:Early stopping conditioned on metric `val_composite` which is not available. Available metrics are: loss,auc,val_loss,val_auc
56/56 - 1s - loss: 0.0812 - auc: 0.9203 - val_loss: 0.2145 - val_auc: 0.6796 - val_auc_custom: 0.6797 - val_f1_custom: 0.5306 - val_recall_custom: 0.4906 - val_composite: 0.5404 - val_precision_aware: 0.5840 - 1s/epoch - 21ms/step
Curriculum: set focal gamma = 1.0000 (epoch 54)
Epoch 54/70
WARNING:tensorflow:Can save best model only with val_composite available, skipping.
WARNING:tensorflow:Early stopping conditioned on metric `val_composite` which is not available. Available metrics are: loss,auc,val_loss,val_auc
56/56 - 1s - loss: 0.0803 - auc: 0.9249 - val_loss: 0.2122 - val_auc: 0.6930 - val_auc_custom: 0.6926 - val_f1_custom: 0.5192 - val_recall_custom: 0.5094 - val_composite: 0.5490 - val_precision_aware: 0.5590 - 1s/epoch - 20ms/step
Curriculum: set focal gamma = 1.0000 (epoch 55)
Epoch 55/70
WARNING:tensorflow:Can save best model only with val_composite available, skipping.
WARNING:tensorflow:Early stopping conditioned on metric `val_composite` which is not available. Available metrics are: loss,auc,val_loss,val_auc
56/56 - 1s - loss: 0.0746 - auc: 0.9358 - val_loss: 0.2308 - val_auc: 0.6819 - val_auc_custom: 0.6828 - val_f1_custom: 0.5714 - val_recall_custom: 0.6038 - val_composite: 0.6099 - val_precision_aware: 0.5792 - 1s/epoch - 21ms/step
Curriculum: set focal gamma = 1.0000 (epoch 56)
Epoch 56/70
WARNING:tensorflow:Can save best model only with val_composite available, skipping.
WARNING:tensorflow:Early stopping conditioned on metric `val_composite` which is not available. Available metrics are: loss,auc,val_loss,val_auc
56/56 - 1s - loss: 0.0650 - auc: 0.9540 - val_loss: 0.2342 - val_auc: 0.6911 - val_auc_custom: 0.6911 - val_f1_custom: 0.5455 - val_recall_custom: 0.5660 - val_composite: 0.5849 - val_precision_aware: 0.5650 - 1s/epoch - 20ms/step
Curriculum: set focal gamma = 1.0000 (epoch 57)
Epoch 57/70
WARNING:tensorflow:Can save best model only with val_composite available, skipping.
WARNING:tensorflow:Early stopping conditioned on metric `val_composite` which is not available. Available metrics are: loss,auc,val_loss,val_auc
56/56 - 1s - loss: 0.0729 - auc: 0.9346 - val_loss: 0.2268 - val_auc: 0.7050 - val_auc_custom: 0.7054 - val_f1_custom: 0.5472 - val_recall_custom: 0.5472 - val_composite: 0.5788 - val_precision_aware: 0.5788 - 1s/epoch - 22ms/step
Curriculum: set focal gamma = 1.0000 (epoch 58)
Epoch 58/70
WARNING:tensorflow:Can save best model only with val_composite available, skipping.
WARNING:tensorflow:Early stopping conditioned on metric `val_composite` which is not available. Available metrics are: loss,auc,val_loss,val_auc
56/56 - 1s - loss: 0.0754 - auc: 0.9316 - val_loss: 0.2277 - val_auc: 0.7091 - val_auc_custom: 0.7084 - val_f1_custom: 0.5660 - val_recall_custom: 0.5660 - val_composite: 0.5945 - val_precision_aware: 0.5945 - 1s/epoch - 20ms/step
Curriculum: set focal gamma = 1.0000 (epoch 59)
Epoch 59/70
WARNING:tensorflow:Can save best model only with val_composite available, skipping.
WARNING:tensorflow:Early stopping conditioned on metric `val_composite` which is not available. Available metrics are: loss,auc,val_loss,val_auc
56/56 - 1s - loss: 0.0662 - auc: 0.9497 - val_loss: 0.2229 - val_auc: 0.7064 - val_auc_custom: 0.7074 - val_f1_custom: 0.5545 - val_recall_custom: 0.5283 - val_composite: 0.5720 - val_precision_aware: 0.5995 - 1s/epoch - 21ms/step
Curriculum: set focal gamma = 1.0000 (epoch 60)
Epoch 60/70
WARNING:tensorflow:Can save best model only with val_composite available, skipping.
WARNING:tensorflow:Early stopping conditioned on metric `val_composite` which is not available. Available metrics are: loss,auc,val_loss,val_auc
56/56 - 1s - loss: 0.0669 - auc: 0.9479 - val_loss: 0.2317 - val_auc: 0.7086 - val_auc_custom: 0.7082 - val_f1_custom: 0.5437 - val_recall_custom: 0.5283 - val_composite: 0.5689 - val_precision_aware: 0.5847 - 1s/epoch - 20ms/step
Curriculum: set focal gamma = 1.0000 (epoch 61)
Epoch 61/70
WARNING:tensorflow:Can save best model only with val_composite available, skipping.
WARNING:tensorflow:Early stopping conditioned on metric `val_composite` which is not available. Available metrics are: loss,auc,val_loss,val_auc
56/56 - 1s - loss: 0.0718 - auc: 0.9373 - val_loss: 0.2294 - val_auc: 0.7078 - val_auc_custom: 0.7084 - val_f1_custom: 0.5200 - val_recall_custom: 0.4906 - val_composite: 0.5430 - val_precision_aware: 0.5743 - 1s/epoch - 20ms/step
Curriculum: set focal gamma = 1.0000 (epoch 62)
Epoch 62/70
WARNING:tensorflow:Can save best model only with val_composite available, skipping.
WARNING:tensorflow:Early stopping conditioned on metric `val_composite` which is not available. Available metrics are: loss,auc,val_loss,val_auc
56/56 - 1s - loss: 0.0810 - auc: 0.9230 - val_loss: 0.2277 - val_auc: 0.6979 - val_auc_custom: 0.6976 - val_f1_custom: 0.5524 - val_recall_custom: 0.5472 - val_composite: 0.5788 - val_precision_aware: 0.5841 - 1s/epoch - 20ms/step
Curriculum: set focal gamma = 1.0000 (epoch 63)
Epoch 63/70
WARNING:tensorflow:Can save best model only with val_composite available, skipping.
WARNING:tensorflow:Early stopping conditioned on metric `val_composite` which is not available. Available metrics are: loss,auc,val_loss,val_auc
56/56 - 1s - loss: 0.0729 - auc: 0.9389 - val_loss: 0.2405 - val_auc: 0.7038 - val_auc_custom: 0.7047 - val_f1_custom: 0.5812 - val_recall_custom: 0.6415 - val_composite: 0.6360 - val_precision_aware: 0.5809 - 1s/epoch - 20ms/step
Curriculum: set focal gamma = 1.0000 (epoch 64)
Epoch 64/70
WARNING:tensorflow:Can save best model only with val_composite available, skipping.
WARNING:tensorflow:Early stopping conditioned on metric `val_composite` which is not available. Available metrics are: loss,auc,val_loss,val_auc
56/56 - 1s - loss: 0.0699 - auc: 0.9429 - val_loss: 0.2189 - val_auc: 0.6922 - val_auc_custom: 0.6926 - val_f1_custom: 0.4948 - val_recall_custom: 0.4528 - val_composite: 0.5134 - val_precision_aware: 0.5597 - 1s/epoch - 22ms/step
Curriculum: set focal gamma = 1.0000 (epoch 65)
Epoch 65/70
WARNING:tensorflow:Can save best model only with val_composite available, skipping.
WARNING:tensorflow:Early stopping conditioned on metric `val_composite` which is not available. Available metrics are: loss,auc,val_loss,val_auc
56/56 - 1s - loss: 0.0653 - auc: 0.9498 - val_loss: 0.2512 - val_auc: 0.6848 - val_auc_custom: 0.6848 - val_f1_custom: 0.5690 - val_recall_custom: 0.6226 - val_composite: 0.6190 - val_precision_aware: 0.5696 - 1s/epoch - 20ms/step
Curriculum: set focal gamma = 1.0000 (epoch 66)
Epoch 66/70
WARNING:tensorflow:Can save best model only with val_composite available, skipping.
WARNING:tensorflow:Early stopping conditioned on metric `val_composite` which is not available. Available metrics are: loss,auc,val_loss,val_auc
56/56 - 1s - loss: 0.0696 - auc: 0.9423 - val_loss: 0.2124 - val_auc: 0.7179 - val_auc_custom: 0.7182 - val_f1_custom: 0.5306 - val_recall_custom: 0.4906 - val_composite: 0.5481 - val_precision_aware: 0.5917 - 1s/epoch - 20ms/step
Curriculum: set focal gamma = 1.0000 (epoch 67)
Epoch 67/70
WARNING:tensorflow:Can save best model only with val_composite available, skipping.
WARNING:tensorflow:Early stopping conditioned on metric `val_composite` which is not available. Available metrics are: loss,auc,val_loss,val_auc
56/56 - 1s - loss: 0.0677 - auc: 0.9459 - val_loss: 0.2247 - val_auc: 0.7182 - val_auc_custom: 0.7190 - val_f1_custom: 0.4494 - val_recall_custom: 0.3774 - val_composite: 0.4673 - val_precision_aware: 0.5564 - 1s/epoch - 20ms/step
Curriculum: set focal gamma = 1.0000 (epoch 68)
Epoch 68/70
WARNING:tensorflow:Can save best model only with val_composite available, skipping.
WARNING:tensorflow:Early stopping conditioned on metric `val_composite` which is not available. Available metrics are: loss,auc,val_loss,val_auc
56/56 - 1s - loss: 0.0648 - auc: 0.9507 - val_loss: 0.2417 - val_auc: 0.7084 - val_auc_custom: 0.7089 - val_f1_custom: 0.5385 - val_recall_custom: 0.5283 - val_composite: 0.5675 - val_precision_aware: 0.5778 - 1s/epoch - 19ms/step
Curriculum: set focal gamma = 1.0000 (epoch 69)
Epoch 69/70
WARNING:tensorflow:Can save best model only with val_composite available, skipping.
WARNING:tensorflow:Early stopping conditioned on metric `val_composite` which is not available. Available metrics are: loss,auc,val_loss,val_auc
56/56 - 1s - loss: 0.0616 - auc: 0.9557 - val_loss: 0.2259 - val_auc: 0.7293 - val_auc_custom: 0.7286 - val_f1_custom: 0.4835 - val_recall_custom: 0.4151 - val_composite: 0.4983 - val_precision_aware: 0.5802 - 1s/epoch - 20ms/step
Curriculum: set focal gamma = 1.0000 (epoch 70)
Epoch 70/70
WARNING:tensorflow:Can save best model only with val_composite available, skipping.
WARNING:tensorflow:Early stopping conditioned on metric `val_composite` which is not available. Available metrics are: loss,auc,val_loss,val_auc
56/56 - 1s - loss: 0.0573 - auc: 0.9614 - val_loss: 0.2595 - val_auc: 0.6948 - val_auc_custom: 0.6946 - val_f1_custom: 0.5714 - val_recall_custom: 0.6415 - val_composite: 0.6311 - val_precision_aware: 0.5679 - 1s/epoch - 21ms/step
Saved final weights to result_multi_seed_composite_slipce/seed9/01/final.weights
Mask config -> mode=soft, threshold=0.6, window_gate=None
Done. Results saved to result_multi_seed_composite_slipce/seed9/01
