2025-09-17 03:30:01.926242: I tensorflow/core/util/port.cc:110] oneDNN custom operations are on. You may see slightly different numerical results due to floating-point round-off errors from different computation orders. To turn them off, set the environment variable `TF_ENABLE_ONEDNN_OPTS=0`.
2025-09-17 03:30:01.957006: I tensorflow/core/platform/cpu_feature_guard.cc:182] This TensorFlow binary is optimized to use available CPU instructions in performance-critical operations.
To enable the following instructions: AVX2 AVX_VNNI FMA, in other operations, rebuild TensorFlow with the appropriate compiler flags.
2025-09-17 03:30:02.396226: W tensorflow/compiler/tf2tensorrt/utils/py_utils.cc:38] TF-TRT Warning: Could not find TensorRT
2025-09-17 03:30:02.821599: I tensorflow/compiler/xla/stream_executor/cuda/cuda_gpu_executor.cc:981] could not open file to read NUMA node: /sys/bus/pci/devices/0000:01:00.0/numa_node
Your kernel may have been built without NUMA support.
2025-09-17 03:30:02.841422: I tensorflow/compiler/xla/stream_executor/cuda/cuda_gpu_executor.cc:981] could not open file to read NUMA node: /sys/bus/pci/devices/0000:01:00.0/numa_node
Your kernel may have been built without NUMA support.
2025-09-17 03:30:02.841525: I tensorflow/compiler/xla/stream_executor/cuda/cuda_gpu_executor.cc:981] could not open file to read NUMA node: /sys/bus/pci/devices/0000:01:00.0/numa_node
Your kernel may have been built without NUMA support.
2025-09-17 03:30:02.842618: I tensorflow/compiler/xla/stream_executor/cuda/cuda_gpu_executor.cc:981] could not open file to read NUMA node: /sys/bus/pci/devices/0000:01:00.0/numa_node
Your kernel may have been built without NUMA support.
2025-09-17 03:30:02.842718: I tensorflow/compiler/xla/stream_executor/cuda/cuda_gpu_executor.cc:981] could not open file to read NUMA node: /sys/bus/pci/devices/0000:01:00.0/numa_node
Your kernel may have been built without NUMA support.
2025-09-17 03:30:02.842772: I tensorflow/compiler/xla/stream_executor/cuda/cuda_gpu_executor.cc:981] could not open file to read NUMA node: /sys/bus/pci/devices/0000:01:00.0/numa_node
Your kernel may have been built without NUMA support.
2025-09-17 03:30:02.953017: I tensorflow/compiler/xla/stream_executor/cuda/cuda_gpu_executor.cc:981] could not open file to read NUMA node: /sys/bus/pci/devices/0000:01:00.0/numa_node
Your kernel may have been built without NUMA support.
2025-09-17 03:30:02.953144: I tensorflow/compiler/xla/stream_executor/cuda/cuda_gpu_executor.cc:981] could not open file to read NUMA node: /sys/bus/pci/devices/0000:01:00.0/numa_node
Your kernel may have been built without NUMA support.
2025-09-17 03:30:02.953153: I tensorflow/core/common_runtime/gpu/gpu_device.cc:1726] Could not identify NUMA node of platform GPU id 0, defaulting to 0.  Your kernel may not have been built with NUMA support.
2025-09-17 03:30:02.953180: I tensorflow/compiler/xla/stream_executor/cuda/cuda_gpu_executor.cc:981] could not open file to read NUMA node: /sys/bus/pci/devices/0000:01:00.0/numa_node
Your kernel may have been built without NUMA support.
2025-09-17 03:30:02.953203: I tensorflow/core/common_runtime/gpu/gpu_device.cc:1639] Created device /job:localhost/replica:0/task:0/device:GPU:0 with 9517 MB memory:  -> device: 0, name: NVIDIA GeForce RTX 4070 SUPER, pci bus id: 0000:01:00.0, compute capability: 8.9
GPU detected: 1 physical, 1 logical -> ['/device:GPU:0']
Config: batch=16, accumulate_steps=8 -> effective_batch=128
Loaded (1276, 36, 75) (1276,)
Using mask channel "occlusion_flag" from long_raw (index 7)
Model: "cnn_bilstm_attn_masked"
__________________________________________________________________________________________________
 Layer (type)                Output Shape                 Param #   Connected to                  
==================================================================================================
 input (InputLayer)          [(None, 36, 75)]             0         []                            
                                                                                                  
 permute_time_features (Per  (None, 75, 36)               0         ['input[0][0]']               
 mute)                                                                                            
                                                                                                  
 conv0 (Conv1D)              (None, 75, 64)               6976      ['permute_time_features[0][0]'
                                                                    ]                             
                                                                                                  
 bn0 (BatchNormalization)    (None, 75, 64)               256       ['conv0[0][0]']               
                                                                                                  
 act0 (Activation)           (None, 75, 64)               0         ['bn0[0][0]']                 
                                                                                                  
 conv_dropout0 (Dropout)     (None, 75, 64)               0         ['act0[0][0]']                
                                                                                                  
 conv1 (Conv1D)              (None, 75, 64)               20544     ['conv_dropout0[0][0]']       
                                                                                                  
 bn1 (BatchNormalization)    (None, 75, 64)               256       ['conv1[0][0]']               
                                                                                                  
 act1 (Activation)           (None, 75, 64)               0         ['bn1[0][0]']                 
                                                                                                  
 conv_dropout1 (Dropout)     (None, 75, 64)               0         ['act1[0][0]']                
                                                                                                  
 conv2 (Conv1D)              (None, 75, 64)               12352     ['conv_dropout1[0][0]']       
                                                                                                  
 bn2 (BatchNormalization)    (None, 75, 64)               256       ['conv2[0][0]']               
                                                                                                  
 act2 (Activation)           (None, 75, 64)               0         ['bn2[0][0]']                 
                                                                                                  
 conv_dropout2 (Dropout)     (None, 75, 64)               0         ['act2[0][0]']                
                                                                                                  
 bilstm (Bidirectional)      (None, 75, 128)              66048     ['conv_dropout2[0][0]']       
                                                                                                  
 mlp_attn_u (Dense)          (None, 75, 32)               4128      ['bilstm[0][0]']              
                                                                                                  
 mlp_attn_score (Dense)      (None, 75, 1)                33        ['mlp_attn_u[0][0]']          
                                                                                                  
 mlp_attn_squeeze (Lambda)   (None, 75)                   0         ['mlp_attn_score[0][0]']      
                                                                                                  
 attn_mask (InputLayer)      [(None, 75)]                 0         []                            
                                                                                                  
 mlp_attn_apply_mask (Lambd  (None, 75)                   0         ['mlp_attn_squeeze[0][0]',    
 a)                                                                  'attn_mask[0][0]']           
                                                                                                  
 mlp_attn_softmax (Lambda)   (None, 75)                   0         ['mlp_attn_apply_mask[0][0]'] 
                                                                                                  
 mlp_attn_expand (Lambda)    (None, 75, 1)                0         ['mlp_attn_softmax[0][0]']    
                                                                                                  
 mlp_attn_weighted (Lambda)  (None, 128)                  0         ['bilstm[0][0]',              
                                                                     'mlp_attn_expand[0][0]']     
                                                                                                  
 fc1 (Dense)                 (None, 64)                   8256      ['mlp_attn_weighted[0][0]']   
                                                                                                  
 fc_dropout (Dropout)        (None, 64)                   0         ['fc1[0][0]']                 
                                                                                                  
 out (Dense)                 (None, 1)                    65        ['fc_dropout[0][0]']          
                                                                                                  
==================================================================================================
Total params: 119171 (465.51 KB)
Trainable params: 118786 (464.01 KB)
Non-trainable params: 385 (1.50 KB)
__________________________________________________________________________________________________
None
Writing results to /home/user/projects/train/model/long_window/CNN_BiLSTM/result_focal_sweep/cw05_fg07/01
Curriculum: set focal gamma = 0.0000 (epoch 1)
Epoch 1/70
2025-09-17 03:30:07.733811: I tensorflow/compiler/xla/stream_executor/cuda/cuda_dnn.cc:432] Loaded cuDNN version 8600
2025-09-17 03:30:07.814290: I tensorflow/tsl/platform/default/subprocess.cc:304] Start cannot spawn child process: No such file or directory
2025-09-17 03:30:07.954401: I tensorflow/compiler/xla/stream_executor/cuda/cuda_blas.cc:606] TensorFloat-32 will be used for the matrix multiplication. This will only be logged once.
2025-09-17 03:30:08.308241: I tensorflow/compiler/xla/service/service.cc:168] XLA service 0x75cfa000f220 initialized for platform CUDA (this does not guarantee that XLA will be used). Devices:
2025-09-17 03:30:08.308296: I tensorflow/compiler/xla/service/service.cc:176]   StreamExecutor device (0): NVIDIA GeForce RTX 4070 SUPER, Compute Capability 8.9
2025-09-17 03:30:08.312890: I tensorflow/compiler/mlir/tensorflow/utils/dump_mlir_util.cc:255] disabling MLIR crash reproducer, set env var `MLIR_CRASH_REPRODUCER_DIRECTORY` to enable.
2025-09-17 03:30:08.370962: I tensorflow/tsl/platform/default/subprocess.cc:304] Start cannot spawn child process: No such file or directory
2025-09-17 03:30:08.407846: I ./tensorflow/compiler/jit/device_compiler.h:186] Compiled cluster using XLA!  This line is logged at most once for the lifetime of the process.
56/56 - 7s - loss: 0.3330 - auc: 0.5574 - val_loss: 0.3383 - val_auc: 0.5835 - val_auc_custom: 0.5804 - val_f1_custom: 0.0000e+00 - val_recall_custom: 0.0000e+00 - 7s/epoch - 130ms/step
Curriculum: set focal gamma = 0.0526 (epoch 2)
Epoch 2/70
56/56 - 1s - loss: 0.3005 - auc: 0.5762 - val_loss: 0.3123 - val_auc: 0.5834 - val_auc_custom: 0.5857 - val_f1_custom: 0.0000e+00 - val_recall_custom: 0.0000e+00 - 1s/epoch - 22ms/step
Curriculum: set focal gamma = 0.1053 (epoch 3)
Epoch 3/70
56/56 - 1s - loss: 0.2858 - auc: 0.5932 - val_loss: 0.2950 - val_auc: 0.5854 - val_auc_custom: 0.5889 - val_f1_custom: 0.0000e+00 - val_recall_custom: 0.0000e+00 - 1s/epoch - 23ms/step
Curriculum: set focal gamma = 0.1579 (epoch 4)
Epoch 4/70
56/56 - 1s - loss: 0.2728 - auc: 0.6141 - val_loss: 0.2824 - val_auc: 0.5987 - val_auc_custom: 0.5997 - val_f1_custom: 0.0000e+00 - val_recall_custom: 0.0000e+00 - 1s/epoch - 25ms/step
Curriculum: set focal gamma = 0.2105 (epoch 5)
Epoch 5/70
56/56 - 1s - loss: 0.2604 - auc: 0.6293 - val_loss: 0.2714 - val_auc: 0.5955 - val_auc_custom: 0.5970 - val_f1_custom: 0.1356 - val_recall_custom: 0.0755 - 1s/epoch - 23ms/step
Curriculum: set focal gamma = 0.2632 (epoch 6)
Epoch 6/70
56/56 - 1s - loss: 0.2482 - auc: 0.6484 - val_loss: 0.2626 - val_auc: 0.5953 - val_auc_custom: 0.5952 - val_f1_custom: 0.2899 - val_recall_custom: 0.1887 - 1s/epoch - 22ms/step
Curriculum: set focal gamma = 0.3158 (epoch 7)
Epoch 7/70
56/56 - 1s - loss: 0.2378 - auc: 0.6513 - val_loss: 0.2543 - val_auc: 0.5976 - val_auc_custom: 0.5977 - val_f1_custom: 0.3288 - val_recall_custom: 0.2264 - 1s/epoch - 22ms/step
Curriculum: set focal gamma = 0.3684 (epoch 8)
Epoch 8/70
56/56 - 1s - loss: 0.2269 - auc: 0.6648 - val_loss: 0.2456 - val_auc: 0.6014 - val_auc_custom: 0.6010 - val_f1_custom: 0.3158 - val_recall_custom: 0.2264 - 1s/epoch - 25ms/step
Curriculum: set focal gamma = 0.4211 (epoch 9)
Epoch 9/70
56/56 - 1s - loss: 0.2176 - auc: 0.6642 - val_loss: 0.2364 - val_auc: 0.6047 - val_auc_custom: 0.6053 - val_f1_custom: 0.3077 - val_recall_custom: 0.2264 - 1s/epoch - 25ms/step
Curriculum: set focal gamma = 0.4737 (epoch 10)
Epoch 10/70
56/56 - 1s - loss: 0.2064 - auc: 0.6945 - val_loss: 0.2266 - val_auc: 0.6145 - val_auc_custom: 0.6151 - val_f1_custom: 0.3243 - val_recall_custom: 0.2264 - 1s/epoch - 24ms/step
Curriculum: set focal gamma = 0.5263 (epoch 11)
Epoch 11/70
56/56 - 1s - loss: 0.1993 - auc: 0.6895 - val_loss: 0.2187 - val_auc: 0.6190 - val_auc_custom: 0.6189 - val_f1_custom: 0.3704 - val_recall_custom: 0.2830 - 1s/epoch - 24ms/step
Curriculum: set focal gamma = 0.5789 (epoch 12)
Epoch 12/70
56/56 - 1s - loss: 0.1893 - auc: 0.7067 - val_loss: 0.2085 - val_auc: 0.6255 - val_auc_custom: 0.6264 - val_f1_custom: 0.3704 - val_recall_custom: 0.2830 - 1s/epoch - 24ms/step
Curriculum: set focal gamma = 0.6316 (epoch 13)
Epoch 13/70
56/56 - 1s - loss: 0.1789 - auc: 0.7205 - val_loss: 0.2016 - val_auc: 0.6291 - val_auc_custom: 0.6282 - val_f1_custom: 0.3291 - val_recall_custom: 0.2453 - 1s/epoch - 23ms/step
Curriculum: set focal gamma = 0.6842 (epoch 14)
Epoch 14/70
56/56 - 1s - loss: 0.1717 - auc: 0.7264 - val_loss: 0.1944 - val_auc: 0.6301 - val_auc_custom: 0.6314 - val_f1_custom: 0.3500 - val_recall_custom: 0.2642 - 1s/epoch - 26ms/step
Curriculum: set focal gamma = 0.7368 (epoch 15)
Epoch 15/70
56/56 - 1s - loss: 0.1639 - auc: 0.7443 - val_loss: 0.1893 - val_auc: 0.6406 - val_auc_custom: 0.6405 - val_f1_custom: 0.3659 - val_recall_custom: 0.2830 - 1s/epoch - 24ms/step
Curriculum: set focal gamma = 0.7895 (epoch 16)
Epoch 16/70
56/56 - -2s - loss: 0.1572 - auc: 0.7448 - val_loss: 0.1860 - val_auc: 0.6517 - val_auc_custom: 0.6508 - val_f1_custom: 0.4731 - val_recall_custom: 0.4151 - -1529985us/epoch - -27321us/step
Curriculum: set focal gamma = 0.8421 (epoch 17)
Epoch 17/70
56/56 - 1s - loss: 0.1522 - auc: 0.7440 - val_loss: 0.1724 - val_auc: 0.6670 - val_auc_custom: 0.6674 - val_f1_custom: 0.3951 - val_recall_custom: 0.3019 - 1s/epoch - 24ms/step
Curriculum: set focal gamma = 0.8947 (epoch 18)
Epoch 18/70
56/56 - 1s - loss: 0.1431 - auc: 0.7609 - val_loss: 0.1657 - val_auc: 0.6835 - val_auc_custom: 0.6825 - val_f1_custom: 0.4368 - val_recall_custom: 0.3585 - 1s/epoch - 24ms/step
Curriculum: set focal gamma = 0.9474 (epoch 19)
Epoch 19/70
56/56 - 1s - loss: 0.1363 - auc: 0.7790 - val_loss: 0.1689 - val_auc: 0.6660 - val_auc_custom: 0.6662 - val_f1_custom: 0.5333 - val_recall_custom: 0.5283 - 1s/epoch - 22ms/step
Curriculum: set focal gamma = 1.0000 (epoch 20)
Epoch 20/70
56/56 - 1s - loss: 0.1278 - auc: 0.7918 - val_loss: 0.1618 - val_auc: 0.6855 - val_auc_custom: 0.6848 - val_f1_custom: 0.5660 - val_recall_custom: 0.5660 - 1s/epoch - 24ms/step
Curriculum: set focal gamma = 1.0000 (epoch 21)
Epoch 21/70
56/56 - 1s - loss: 0.1263 - auc: 0.7989 - val_loss: 0.1554 - val_auc: 0.6982 - val_auc_custom: 0.6991 - val_f1_custom: 0.5800 - val_recall_custom: 0.5472 - 1s/epoch - 24ms/step
Curriculum: set focal gamma = 1.0000 (epoch 22)
Epoch 22/70
56/56 - 1s - loss: 0.1257 - auc: 0.7975 - val_loss: 0.1684 - val_auc: 0.6902 - val_auc_custom: 0.6903 - val_f1_custom: 0.5882 - val_recall_custom: 0.6604 - 1s/epoch - 22ms/step
Curriculum: set focal gamma = 1.0000 (epoch 23)
Epoch 23/70
56/56 - 1s - loss: 0.1268 - auc: 0.7944 - val_loss: 0.1521 - val_auc: 0.7121 - val_auc_custom: 0.7099 - val_f1_custom: 0.5306 - val_recall_custom: 0.4906 - 1s/epoch - 24ms/step
Curriculum: set focal gamma = 1.0000 (epoch 24)
Epoch 24/70
56/56 - 1s - loss: 0.1222 - auc: 0.8142 - val_loss: 0.1627 - val_auc: 0.6875 - val_auc_custom: 0.6875 - val_f1_custom: 0.5946 - val_recall_custom: 0.6226 - 1s/epoch - 22ms/step
Curriculum: set focal gamma = 1.0000 (epoch 25)
Epoch 25/70
56/56 - 1s - loss: 0.1193 - auc: 0.8224 - val_loss: 0.1649 - val_auc: 0.6982 - val_auc_custom: 0.6989 - val_f1_custom: 0.5614 - val_recall_custom: 0.6038 - 1s/epoch - 22ms/step
Curriculum: set focal gamma = 1.0000 (epoch 26)
Epoch 26/70
56/56 - 1s - loss: 0.1161 - auc: 0.8366 - val_loss: 0.1610 - val_auc: 0.7130 - val_auc_custom: 0.7137 - val_f1_custom: 0.6000 - val_recall_custom: 0.6226 - 1s/epoch - 24ms/step
Curriculum: set focal gamma = 1.0000 (epoch 27)
Epoch 27/70
56/56 - 1s - loss: 0.1175 - auc: 0.8280 - val_loss: 0.1781 - val_auc: 0.6969 - val_auc_custom: 0.6961 - val_f1_custom: 0.6000 - val_recall_custom: 0.6792 - 1s/epoch - 22ms/step
Curriculum: set focal gamma = 1.0000 (epoch 28)
Epoch 28/70
56/56 - 1s - loss: 0.1181 - auc: 0.8299 - val_loss: 0.1605 - val_auc: 0.7065 - val_auc_custom: 0.7057 - val_f1_custom: 0.5859 - val_recall_custom: 0.5472 - 1s/epoch - 22ms/step
Curriculum: set focal gamma = 1.0000 (epoch 29)
Epoch 29/70
56/56 - 1s - loss: 0.1095 - auc: 0.8552 - val_loss: 0.1585 - val_auc: 0.7267 - val_auc_custom: 0.7278 - val_f1_custom: 0.5981 - val_recall_custom: 0.6038 - 1s/epoch - 24ms/step
Curriculum: set focal gamma = 1.0000 (epoch 30)
Epoch 30/70
56/56 - 1s - loss: 0.1100 - auc: 0.8537 - val_loss: 0.1950 - val_auc: 0.6805 - val_auc_custom: 0.6810 - val_f1_custom: 0.5938 - val_recall_custom: 0.7170 - 1s/epoch - 22ms/step
Curriculum: set focal gamma = 1.0000 (epoch 31)
Epoch 31/70
56/56 - 1s - loss: 0.1107 - auc: 0.8509 - val_loss: 0.1650 - val_auc: 0.7252 - val_auc_custom: 0.7245 - val_f1_custom: 0.6000 - val_recall_custom: 0.6226 - 1s/epoch - 23ms/step
Curriculum: set focal gamma = 1.0000 (epoch 32)
Epoch 32/70
56/56 - 1s - loss: 0.1090 - auc: 0.8572 - val_loss: 0.1763 - val_auc: 0.7113 - val_auc_custom: 0.7112 - val_f1_custom: 0.5789 - val_recall_custom: 0.6226 - 1s/epoch - 22ms/step
Curriculum: set focal gamma = 1.0000 (epoch 33)
Epoch 33/70
56/56 - 1s - loss: 0.1059 - auc: 0.8653 - val_loss: 0.1657 - val_auc: 0.7196 - val_auc_custom: 0.7187 - val_f1_custom: 0.5849 - val_recall_custom: 0.5849 - 1s/epoch - 22ms/step
Curriculum: set focal gamma = 1.0000 (epoch 34)
Epoch 34/70
56/56 - 1s - loss: 0.1020 - auc: 0.8788 - val_loss: 0.2185 - val_auc: 0.7011 - val_auc_custom: 0.6999 - val_f1_custom: 0.6212 - val_recall_custom: 0.7736 - 1s/epoch - 22ms/step
Curriculum: set focal gamma = 1.0000 (epoch 35)
Epoch 35/70
56/56 - 1s - loss: 0.0988 - auc: 0.8875 - val_loss: 0.1637 - val_auc: 0.7362 - val_auc_custom: 0.7351 - val_f1_custom: 0.5859 - val_recall_custom: 0.5472 - 1s/epoch - 24ms/step
Curriculum: set focal gamma = 1.0000 (epoch 36)
Epoch 36/70
56/56 - 1s - loss: 0.1016 - auc: 0.8791 - val_loss: 0.2004 - val_auc: 0.6976 - val_auc_custom: 0.6966 - val_f1_custom: 0.5812 - val_recall_custom: 0.6415 - 1s/epoch - 22ms/step
Curriculum: set focal gamma = 1.0000 (epoch 37)
Epoch 37/70
56/56 - 1s - loss: 0.0983 - auc: 0.8872 - val_loss: 0.2141 - val_auc: 0.7047 - val_auc_custom: 0.7057 - val_f1_custom: 0.6299 - val_recall_custom: 0.7547 - 1s/epoch - 22ms/step
Curriculum: set focal gamma = 1.0000 (epoch 38)
Epoch 38/70
56/56 - 1s - loss: 0.0997 - auc: 0.8829 - val_loss: 0.1904 - val_auc: 0.7092 - val_auc_custom: 0.7104 - val_f1_custom: 0.5812 - val_recall_custom: 0.6415 - 1s/epoch - 23ms/step
Curriculum: set focal gamma = 1.0000 (epoch 39)
Epoch 39/70
56/56 - 1s - loss: 0.0965 - auc: 0.8898 - val_loss: 0.1942 - val_auc: 0.7118 - val_auc_custom: 0.7119 - val_f1_custom: 0.5763 - val_recall_custom: 0.6415 - 1s/epoch - 23ms/step
Curriculum: set focal gamma = 1.0000 (epoch 40)
Epoch 40/70
56/56 - 1s - loss: 0.0939 - auc: 0.8968 - val_loss: 0.1948 - val_auc: 0.7142 - val_auc_custom: 0.7142 - val_f1_custom: 0.5841 - val_recall_custom: 0.6226 - 1s/epoch - 22ms/step
Curriculum: set focal gamma = 1.0000 (epoch 41)
Epoch 41/70
56/56 - -2s - loss: 0.0931 - auc: 0.9004 - val_loss: 0.2275 - val_auc: 0.7145 - val_auc_custom: 0.7132 - val_f1_custom: 0.6308 - val_recall_custom: 0.7736 - -1530155us/epoch - -27324us/step
Curriculum: set focal gamma = 1.0000 (epoch 42)
Epoch 42/70
56/56 - 1s - loss: 0.0947 - auc: 0.8949 - val_loss: 0.1706 - val_auc: 0.7499 - val_auc_custom: 0.7504 - val_f1_custom: 0.6239 - val_recall_custom: 0.6415 - 1s/epoch - 23ms/step
Curriculum: set focal gamma = 1.0000 (epoch 43)
Epoch 43/70
56/56 - 1s - loss: 0.0940 - auc: 0.8987 - val_loss: 0.2017 - val_auc: 0.7081 - val_auc_custom: 0.7072 - val_f1_custom: 0.5667 - val_recall_custom: 0.6415 - 1s/epoch - 22ms/step
Curriculum: set focal gamma = 1.0000 (epoch 44)
Epoch 44/70
56/56 - 1s - loss: 0.0890 - auc: 0.9083 - val_loss: 0.2110 - val_auc: 0.7219 - val_auc_custom: 0.7228 - val_f1_custom: 0.5833 - val_recall_custom: 0.6604 - 1s/epoch - 23ms/step
Curriculum: set focal gamma = 1.0000 (epoch 45)
Epoch 45/70
56/56 - 1s - loss: 0.0817 - auc: 0.9238 - val_loss: 0.1818 - val_auc: 0.7506 - val_auc_custom: 0.7514 - val_f1_custom: 0.6126 - val_recall_custom: 0.6415 - 1s/epoch - 24ms/step
Curriculum: set focal gamma = 1.0000 (epoch 46)
Epoch 46/70
56/56 - 1s - loss: 0.0841 - auc: 0.9183 - val_loss: 0.2326 - val_auc: 0.7131 - val_auc_custom: 0.7137 - val_f1_custom: 0.6142 - val_recall_custom: 0.7358 - 1s/epoch - 22ms/step
Curriculum: set focal gamma = 1.0000 (epoch 47)
Epoch 47/70
56/56 - 1s - loss: 0.0835 - auc: 0.9223 - val_loss: 0.1864 - val_auc: 0.7498 - val_auc_custom: 0.7504 - val_f1_custom: 0.5981 - val_recall_custom: 0.6038 - 1s/epoch - 23ms/step
Curriculum: set focal gamma = 1.0000 (epoch 48)
Epoch 48/70
56/56 - 1s - loss: 0.0830 - auc: 0.9232 - val_loss: 0.2035 - val_auc: 0.7478 - val_auc_custom: 0.7484 - val_f1_custom: 0.6441 - val_recall_custom: 0.7170 - 1s/epoch - 23ms/step
Curriculum: set focal gamma = 1.0000 (epoch 49)
Epoch 49/70
56/56 - 1s - loss: 0.0815 - auc: 0.9228 - val_loss: 0.1811 - val_auc: 0.7514 - val_auc_custom: 0.7514 - val_f1_custom: 0.6415 - val_recall_custom: 0.6415 - 1s/epoch - 26ms/step
Curriculum: set focal gamma = 1.0000 (epoch 50)
Epoch 50/70
56/56 - 1s - loss: 0.0841 - auc: 0.9179 - val_loss: 0.2056 - val_auc: 0.7413 - val_auc_custom: 0.7401 - val_f1_custom: 0.6207 - val_recall_custom: 0.6792 - 1s/epoch - 23ms/step
Curriculum: set focal gamma = 1.0000 (epoch 51)
Epoch 51/70
56/56 - 1s - loss: 0.0756 - auc: 0.9360 - val_loss: 0.2321 - val_auc: 0.7234 - val_auc_custom: 0.7238 - val_f1_custom: 0.6167 - val_recall_custom: 0.6981 - 1s/epoch - 24ms/step
Curriculum: set focal gamma = 1.0000 (epoch 52)
Epoch 52/70
56/56 - 1s - loss: 0.0880 - auc: 0.9092 - val_loss: 0.1856 - val_auc: 0.7519 - val_auc_custom: 0.7507 - val_f1_custom: 0.6415 - val_recall_custom: 0.6415 - 1s/epoch - 25ms/step
Curriculum: set focal gamma = 1.0000 (epoch 53)
Epoch 53/70
56/56 - 1s - loss: 0.0799 - auc: 0.9267 - val_loss: 0.2145 - val_auc: 0.7438 - val_auc_custom: 0.7436 - val_f1_custom: 0.6341 - val_recall_custom: 0.7358 - 1s/epoch - 22ms/step
Curriculum: set focal gamma = 1.0000 (epoch 54)
Epoch 54/70
56/56 - 1s - loss: 0.0838 - auc: 0.9201 - val_loss: 0.1848 - val_auc: 0.7401 - val_auc_custom: 0.7404 - val_f1_custom: 0.5800 - val_recall_custom: 0.5472 - 1s/epoch - 23ms/step
Curriculum: set focal gamma = 1.0000 (epoch 55)
Epoch 55/70
56/56 - 1s - loss: 0.0790 - auc: 0.9324 - val_loss: 0.1730 - val_auc: 0.7712 - val_auc_custom: 0.7711 - val_f1_custom: 0.5773 - val_recall_custom: 0.5283 - 1s/epoch - 24ms/step
Curriculum: set focal gamma = 1.0000 (epoch 56)
Epoch 56/70
56/56 - 1s - loss: 0.0790 - auc: 0.9309 - val_loss: 0.2451 - val_auc: 0.7236 - val_auc_custom: 0.7225 - val_f1_custom: 0.6129 - val_recall_custom: 0.7170 - 1s/epoch - 23ms/step
Curriculum: set focal gamma = 1.0000 (epoch 57)
Epoch 57/70
56/56 - 1s - loss: 0.0791 - auc: 0.9288 - val_loss: 0.2000 - val_auc: 0.7619 - val_auc_custom: 0.7625 - val_f1_custom: 0.6250 - val_recall_custom: 0.6604 - 1s/epoch - 23ms/step
Curriculum: set focal gamma = 1.0000 (epoch 58)
Epoch 58/70
56/56 - 1s - loss: 0.0709 - auc: 0.9428 - val_loss: 0.3046 - val_auc: 0.7072 - val_auc_custom: 0.7079 - val_f1_custom: 0.6176 - val_recall_custom: 0.7925 - 1s/epoch - 23ms/step
Curriculum: set focal gamma = 1.0000 (epoch 59)
Epoch 59/70
56/56 - 1s - loss: 0.0758 - auc: 0.9360 - val_loss: 0.2109 - val_auc: 0.7591 - val_auc_custom: 0.7597 - val_f1_custom: 0.6429 - val_recall_custom: 0.6792 - 1s/epoch - 24ms/step
Curriculum: set focal gamma = 1.0000 (epoch 60)
Epoch 60/70
56/56 - 1s - loss: 0.0760 - auc: 0.9346 - val_loss: 0.2762 - val_auc: 0.7242 - val_auc_custom: 0.7245 - val_f1_custom: 0.6406 - val_recall_custom: 0.7736 - 1s/epoch - 23ms/step
Curriculum: set focal gamma = 1.0000 (epoch 61)
Epoch 61/70
56/56 - 1s - loss: 0.0668 - auc: 0.9522 - val_loss: 0.2054 - val_auc: 0.7429 - val_auc_custom: 0.7436 - val_f1_custom: 0.5962 - val_recall_custom: 0.5849 - 1s/epoch - 23ms/step
Curriculum: set focal gamma = 1.0000 (epoch 62)
Epoch 62/70
56/56 - 1s - loss: 0.0615 - auc: 0.9576 - val_loss: 0.2172 - val_auc: 0.7494 - val_auc_custom: 0.7497 - val_f1_custom: 0.6239 - val_recall_custom: 0.6415 - 1s/epoch - 24ms/step
Curriculum: set focal gamma = 1.0000 (epoch 63)
Epoch 63/70
56/56 - 1s - loss: 0.0664 - auc: 0.9506 - val_loss: 0.2146 - val_auc: 0.7597 - val_auc_custom: 0.7590 - val_f1_custom: 0.6306 - val_recall_custom: 0.6604 - 1s/epoch - 23ms/step
Curriculum: set focal gamma = 1.0000 (epoch 64)
Epoch 64/70
56/56 - 1s - loss: 0.0624 - auc: 0.9580 - val_loss: 0.2124 - val_auc: 0.7488 - val_auc_custom: 0.7497 - val_f1_custom: 0.6111 - val_recall_custom: 0.6226 - 1s/epoch - 24ms/step
Curriculum: set focal gamma = 1.0000 (epoch 65)
Epoch 65/70
56/56 - 1s - loss: 0.0709 - auc: 0.9464 - val_loss: 0.2310 - val_auc: 0.7458 - val_auc_custom: 0.7711 - val_f1_custom: 0.5773 - val_recall_custom: 0.5283 - 1s/epoch - 23ms/step
Mask config -> mode=soft, threshold=0.6, window_gate=None
Done. Results saved to /home/user/projects/train/model/long_window/CNN_BiLSTM/result_focal_sweep/cw05_fg07/01
