2025-09-17 08:14:38.974357: I tensorflow/core/util/port.cc:110] oneDNN custom operations are on. You may see slightly different numerical results due to floating-point round-off errors from different computation orders. To turn them off, set the environment variable `TF_ENABLE_ONEDNN_OPTS=0`.
2025-09-17 08:14:39.003052: I tensorflow/core/platform/cpu_feature_guard.cc:182] This TensorFlow binary is optimized to use available CPU instructions in performance-critical operations.
To enable the following instructions: AVX2 AVX_VNNI FMA, in other operations, rebuild TensorFlow with the appropriate compiler flags.
2025-09-17 08:14:39.419708: W tensorflow/compiler/tf2tensorrt/utils/py_utils.cc:38] TF-TRT Warning: Could not find TensorRT
2025-09-17 08:14:39.815898: I tensorflow/compiler/xla/stream_executor/cuda/cuda_gpu_executor.cc:981] could not open file to read NUMA node: /sys/bus/pci/devices/0000:01:00.0/numa_node
Your kernel may have been built without NUMA support.
2025-09-17 08:14:39.832953: I tensorflow/compiler/xla/stream_executor/cuda/cuda_gpu_executor.cc:981] could not open file to read NUMA node: /sys/bus/pci/devices/0000:01:00.0/numa_node
Your kernel may have been built without NUMA support.
2025-09-17 08:14:39.833051: I tensorflow/compiler/xla/stream_executor/cuda/cuda_gpu_executor.cc:981] could not open file to read NUMA node: /sys/bus/pci/devices/0000:01:00.0/numa_node
Your kernel may have been built without NUMA support.
2025-09-17 08:14:39.834360: I tensorflow/compiler/xla/stream_executor/cuda/cuda_gpu_executor.cc:981] could not open file to read NUMA node: /sys/bus/pci/devices/0000:01:00.0/numa_node
Your kernel may have been built without NUMA support.
2025-09-17 08:14:39.834428: I tensorflow/compiler/xla/stream_executor/cuda/cuda_gpu_executor.cc:981] could not open file to read NUMA node: /sys/bus/pci/devices/0000:01:00.0/numa_node
Your kernel may have been built without NUMA support.
2025-09-17 08:14:39.834448: I tensorflow/compiler/xla/stream_executor/cuda/cuda_gpu_executor.cc:981] could not open file to read NUMA node: /sys/bus/pci/devices/0000:01:00.0/numa_node
Your kernel may have been built without NUMA support.
2025-09-17 08:14:39.932083: I tensorflow/compiler/xla/stream_executor/cuda/cuda_gpu_executor.cc:981] could not open file to read NUMA node: /sys/bus/pci/devices/0000:01:00.0/numa_node
Your kernel may have been built without NUMA support.
2025-09-17 08:14:39.932218: I tensorflow/compiler/xla/stream_executor/cuda/cuda_gpu_executor.cc:981] could not open file to read NUMA node: /sys/bus/pci/devices/0000:01:00.0/numa_node
Your kernel may have been built without NUMA support.
2025-09-17 08:14:39.932241: I tensorflow/core/common_runtime/gpu/gpu_device.cc:1726] Could not identify NUMA node of platform GPU id 0, defaulting to 0.  Your kernel may not have been built with NUMA support.
2025-09-17 08:14:39.932271: I tensorflow/compiler/xla/stream_executor/cuda/cuda_gpu_executor.cc:981] could not open file to read NUMA node: /sys/bus/pci/devices/0000:01:00.0/numa_node
Your kernel may have been built without NUMA support.
2025-09-17 08:14:39.932293: I tensorflow/core/common_runtime/gpu/gpu_device.cc:1639] Created device /job:localhost/replica:0/task:0/device:GPU:0 with 9517 MB memory:  -> device: 0, name: NVIDIA GeForce RTX 4070 SUPER, pci bus id: 0000:01:00.0, compute capability: 8.9
GPU detected: 1 physical, 1 logical -> ['/device:GPU:0']
Config: batch=16, accumulate_steps=8 -> effective_batch=128
Loaded (1276, 36, 75) (1276,)
Using mask channel "occlusion_flag" from long_raw (index 7)
Model: "cnn_bilstm_attn_masked"
__________________________________________________________________________________________________
 Layer (type)                Output Shape                 Param #   Connected to                  
==================================================================================================
 input (InputLayer)          [(None, 36, 75)]             0         []                            
                                                                                                  
 permute_time_features (Per  (None, 75, 36)               0         ['input[0][0]']               
 mute)                                                                                            
                                                                                                  
 conv0 (Conv1D)              (None, 75, 64)               6976      ['permute_time_features[0][0]'
                                                                    ]                             
                                                                                                  
 bn0 (BatchNormalization)    (None, 75, 64)               256       ['conv0[0][0]']               
                                                                                                  
 act0 (Activation)           (None, 75, 64)               0         ['bn0[0][0]']                 
                                                                                                  
 conv_dropout0 (Dropout)     (None, 75, 64)               0         ['act0[0][0]']                
                                                                                                  
 conv1 (Conv1D)              (None, 75, 64)               20544     ['conv_dropout0[0][0]']       
                                                                                                  
 bn1 (BatchNormalization)    (None, 75, 64)               256       ['conv1[0][0]']               
                                                                                                  
 act1 (Activation)           (None, 75, 64)               0         ['bn1[0][0]']                 
                                                                                                  
 conv_dropout1 (Dropout)     (None, 75, 64)               0         ['act1[0][0]']                
                                                                                                  
 conv2 (Conv1D)              (None, 75, 64)               12352     ['conv_dropout1[0][0]']       
                                                                                                  
 bn2 (BatchNormalization)    (None, 75, 64)               256       ['conv2[0][0]']               
                                                                                                  
 act2 (Activation)           (None, 75, 64)               0         ['bn2[0][0]']                 
                                                                                                  
 conv_dropout2 (Dropout)     (None, 75, 64)               0         ['act2[0][0]']                
                                                                                                  
 bilstm (Bidirectional)      (None, 75, 128)              66048     ['conv_dropout2[0][0]']       
                                                                                                  
 mlp_attn_u (Dense)          (None, 75, 32)               4128      ['bilstm[0][0]']              
                                                                                                  
 mlp_attn_score (Dense)      (None, 75, 1)                33        ['mlp_attn_u[0][0]']          
                                                                                                  
 mlp_attn_squeeze (Lambda)   (None, 75)                   0         ['mlp_attn_score[0][0]']      
                                                                                                  
 attn_mask (InputLayer)      [(None, 75)]                 0         []                            
                                                                                                  
 mlp_attn_apply_mask (Lambd  (None, 75)                   0         ['mlp_attn_squeeze[0][0]',    
 a)                                                                  'attn_mask[0][0]']           
                                                                                                  
 mlp_attn_softmax (Lambda)   (None, 75)                   0         ['mlp_attn_apply_mask[0][0]'] 
                                                                                                  
 mlp_attn_expand (Lambda)    (None, 75, 1)                0         ['mlp_attn_softmax[0][0]']    
                                                                                                  
 mlp_attn_weighted (Lambda)  (None, 128)                  0         ['bilstm[0][0]',              
                                                                     'mlp_attn_expand[0][0]']     
                                                                                                  
 fc1 (Dense)                 (None, 64)                   8256      ['mlp_attn_weighted[0][0]']   
                                                                                                  
 fc_dropout (Dropout)        (None, 64)                   0         ['fc1[0][0]']                 
                                                                                                  
 out (Dense)                 (None, 1)                    65        ['fc_dropout[0][0]']          
                                                                                                  
==================================================================================================
Total params: 119171 (465.51 KB)
Trainable params: 118786 (464.01 KB)
Non-trainable params: 385 (1.50 KB)
__________________________________________________________________________________________________
None
Writing results to /home/user/projects/train/model/long_window/CNN_BiLSTM/result_focal_refine/cw02_fg07/01
Curriculum: set focal gamma = 0.0000 (epoch 1)
Epoch 1/70
2025-09-17 08:14:44.518745: I tensorflow/compiler/xla/stream_executor/cuda/cuda_dnn.cc:432] Loaded cuDNN version 8600
2025-09-17 08:14:44.603009: I tensorflow/tsl/platform/default/subprocess.cc:304] Start cannot spawn child process: No such file or directory
2025-09-17 08:14:44.732714: I tensorflow/compiler/xla/stream_executor/cuda/cuda_blas.cc:606] TensorFloat-32 will be used for the matrix multiplication. This will only be logged once.
2025-09-17 08:14:45.059832: I tensorflow/compiler/xla/service/service.cc:168] XLA service 0x5d764630d450 initialized for platform CUDA (this does not guarantee that XLA will be used). Devices:
2025-09-17 08:14:45.059895: I tensorflow/compiler/xla/service/service.cc:176]   StreamExecutor device (0): NVIDIA GeForce RTX 4070 SUPER, Compute Capability 8.9
2025-09-17 08:14:45.063732: I tensorflow/compiler/mlir/tensorflow/utils/dump_mlir_util.cc:255] disabling MLIR crash reproducer, set env var `MLIR_CRASH_REPRODUCER_DIRECTORY` to enable.
2025-09-17 08:14:45.123538: I tensorflow/tsl/platform/default/subprocess.cc:304] Start cannot spawn child process: No such file or directory
2025-09-17 08:14:45.164330: I ./tensorflow/compiler/jit/device_compiler.h:186] Compiled cluster using XLA!  This line is logged at most once for the lifetime of the process.
56/56 - 7s - loss: 0.3232 - auc: 0.5022 - val_loss: 0.3413 - val_auc: 0.5747 - val_auc_custom: 0.5779 - val_f1_custom: 0.0000e+00 - val_recall_custom: 0.0000e+00 - 7s/epoch - 125ms/step
Curriculum: set focal gamma = 0.0737 (epoch 2)
Epoch 2/70
56/56 - 1s - loss: 0.2683 - auc: 0.5100 - val_loss: 0.2940 - val_auc: 0.5719 - val_auc_custom: 0.5645 - val_f1_custom: 0.0000e+00 - val_recall_custom: 0.0000e+00 - 1s/epoch - 19ms/step
Curriculum: set focal gamma = 0.1474 (epoch 3)
Epoch 3/70
56/56 - 1s - loss: 0.2425 - auc: 0.5726 - val_loss: 0.2656 - val_auc: 0.5687 - val_auc_custom: 0.5701 - val_f1_custom: 0.0000e+00 - val_recall_custom: 0.0000e+00 - 1s/epoch - 20ms/step
Curriculum: set focal gamma = 0.2211 (epoch 4)
Epoch 4/70
56/56 - 1s - loss: 0.2314 - auc: 0.5902 - val_loss: 0.2495 - val_auc: 0.5884 - val_auc_custom: 0.5889 - val_f1_custom: 0.0000e+00 - val_recall_custom: 0.0000e+00 - 1s/epoch - 22ms/step
Curriculum: set focal gamma = 0.2947 (epoch 5)
Epoch 5/70
56/56 - 1s - loss: 0.2175 - auc: 0.5990 - val_loss: 0.2352 - val_auc: 0.6063 - val_auc_custom: 0.6078 - val_f1_custom: 0.0000e+00 - val_recall_custom: 0.0000e+00 - 1s/epoch - 21ms/step
Curriculum: set focal gamma = 0.3684 (epoch 6)
Epoch 6/70
56/56 - 1s - loss: 0.2014 - auc: 0.6486 - val_loss: 0.2235 - val_auc: 0.6108 - val_auc_custom: 0.6086 - val_f1_custom: 0.1053 - val_recall_custom: 0.0566 - 1s/epoch - 21ms/step
Curriculum: set focal gamma = 0.4421 (epoch 7)
Epoch 7/70
56/56 - 1s - loss: 0.1911 - auc: 0.6468 - val_loss: 0.2129 - val_auc: 0.6064 - val_auc_custom: 0.6063 - val_f1_custom: 0.1034 - val_recall_custom: 0.0566 - 1s/epoch - 20ms/step
Curriculum: set focal gamma = 0.5158 (epoch 8)
Epoch 8/70
56/56 - 1s - loss: 0.1827 - auc: 0.6426 - val_loss: 0.2024 - val_auc: 0.6025 - val_auc_custom: 0.6013 - val_f1_custom: 0.1356 - val_recall_custom: 0.0755 - 1s/epoch - 20ms/step
Curriculum: set focal gamma = 0.5895 (epoch 9)
Epoch 9/70
56/56 - 1s - loss: 0.1683 - auc: 0.6779 - val_loss: 0.1919 - val_auc: 0.5935 - val_auc_custom: 0.5940 - val_f1_custom: 0.1967 - val_recall_custom: 0.1132 - 1s/epoch - 19ms/step
Curriculum: set focal gamma = 0.6632 (epoch 10)
Epoch 10/70
56/56 - 1s - loss: 0.1601 - auc: 0.6810 - val_loss: 0.1809 - val_auc: 0.6125 - val_auc_custom: 0.6101 - val_f1_custom: 0.2258 - val_recall_custom: 0.1321 - 1s/epoch - 21ms/step
Curriculum: set focal gamma = 0.7368 (epoch 11)
Epoch 11/70
56/56 - 1s - loss: 0.1514 - auc: 0.6830 - val_loss: 0.1708 - val_auc: 0.6316 - val_auc_custom: 0.6307 - val_f1_custom: 0.2222 - val_recall_custom: 0.1321 - 1s/epoch - 22ms/step
Curriculum: set focal gamma = 0.8105 (epoch 12)
Epoch 12/70
56/56 - 1s - loss: 0.1434 - auc: 0.6800 - val_loss: 0.1609 - val_auc: 0.6389 - val_auc_custom: 0.6387 - val_f1_custom: 0.2258 - val_recall_custom: 0.1321 - 1s/epoch - 22ms/step
Curriculum: set focal gamma = 0.8842 (epoch 13)
Epoch 13/70
56/56 - 1s - loss: 0.1344 - auc: 0.7026 - val_loss: 0.1523 - val_auc: 0.6493 - val_auc_custom: 0.6481 - val_f1_custom: 0.2258 - val_recall_custom: 0.1321 - 1s/epoch - 22ms/step
Curriculum: set focal gamma = 0.9579 (epoch 14)
Epoch 14/70
56/56 - 1s - loss: 0.1264 - auc: 0.7186 - val_loss: 0.1444 - val_auc: 0.6645 - val_auc_custom: 0.6624 - val_f1_custom: 0.2769 - val_recall_custom: 0.1698 - 1s/epoch - 21ms/step
Curriculum: set focal gamma = 1.0316 (epoch 15)
Epoch 15/70
56/56 - 1s - loss: 0.1189 - auc: 0.7352 - val_loss: 0.1367 - val_auc: 0.6769 - val_auc_custom: 0.6770 - val_f1_custom: 0.2941 - val_recall_custom: 0.1887 - 1s/epoch - 23ms/step
Curriculum: set focal gamma = 1.1053 (epoch 16)
Epoch 16/70
56/56 - 1s - loss: 0.1118 - auc: 0.7445 - val_loss: 0.1291 - val_auc: 0.6870 - val_auc_custom: 0.6881 - val_f1_custom: 0.2222 - val_recall_custom: 0.1321 - 1s/epoch - 22ms/step
Curriculum: set focal gamma = 1.1789 (epoch 17)
Epoch 17/70
56/56 - 1s - loss: 0.1043 - auc: 0.7577 - val_loss: 0.1227 - val_auc: 0.6956 - val_auc_custom: 0.6979 - val_f1_custom: 0.2727 - val_recall_custom: 0.1698 - 1s/epoch - 22ms/step
Curriculum: set focal gamma = 1.2526 (epoch 18)
Epoch 18/70
56/56 - 1s - loss: 0.0992 - auc: 0.7558 - val_loss: 0.1178 - val_auc: 0.7033 - val_auc_custom: 0.7031 - val_f1_custom: 0.4198 - val_recall_custom: 0.3208 - 1s/epoch - 22ms/step
Curriculum: set focal gamma = 1.3263 (epoch 19)
Epoch 19/70
56/56 - 1s - loss: 0.0914 - auc: 0.7770 - val_loss: 0.1111 - val_auc: 0.7147 - val_auc_custom: 0.7157 - val_f1_custom: 0.4578 - val_recall_custom: 0.3585 - 1s/epoch - 22ms/step
Curriculum: set focal gamma = 1.4000 (epoch 20)
Epoch 20/70
56/56 - 1s - loss: 0.0870 - auc: 0.7789 - val_loss: 0.1061 - val_auc: 0.7157 - val_auc_custom: 0.7167 - val_f1_custom: 0.4578 - val_recall_custom: 0.3585 - 1s/epoch - 23ms/step
Curriculum: set focal gamma = 1.4000 (epoch 21)
Epoch 21/70
56/56 - 1s - loss: 0.0849 - auc: 0.7939 - val_loss: 0.1086 - val_auc: 0.7081 - val_auc_custom: 0.7082 - val_f1_custom: 0.4762 - val_recall_custom: 0.3774 - 1s/epoch - 21ms/step
Curriculum: set focal gamma = 1.4000 (epoch 22)
Epoch 22/70
56/56 - 1s - loss: 0.0849 - auc: 0.7898 - val_loss: 0.1121 - val_auc: 0.7158 - val_auc_custom: 0.7167 - val_f1_custom: 0.5591 - val_recall_custom: 0.4906 - 1s/epoch - 22ms/step
Curriculum: set focal gamma = 1.4000 (epoch 23)
Epoch 23/70
56/56 - 1s - loss: 0.0808 - auc: 0.8227 - val_loss: 0.1146 - val_auc: 0.7116 - val_auc_custom: 0.7109 - val_f1_custom: 0.5773 - val_recall_custom: 0.5283 - 1s/epoch - 20ms/step
Curriculum: set focal gamma = 1.4000 (epoch 24)
Epoch 24/70
56/56 - 1s - loss: 0.0817 - auc: 0.8115 - val_loss: 0.1092 - val_auc: 0.7209 - val_auc_custom: 0.7195 - val_f1_custom: 0.4337 - val_recall_custom: 0.3396 - 1s/epoch - 21ms/step
Curriculum: set focal gamma = 1.4000 (epoch 25)
Epoch 25/70
56/56 - 1s - loss: 0.0783 - auc: 0.8339 - val_loss: 0.1145 - val_auc: 0.7181 - val_auc_custom: 0.7182 - val_f1_custom: 0.6000 - val_recall_custom: 0.5660 - 1s/epoch - 21ms/step
Curriculum: set focal gamma = 1.4000 (epoch 26)
Epoch 26/70
56/56 - 1s - loss: 0.0797 - auc: 0.8252 - val_loss: 0.1307 - val_auc: 0.6980 - val_auc_custom: 0.6981 - val_f1_custom: 0.6050 - val_recall_custom: 0.6792 - 1s/epoch - 20ms/step
Curriculum: set focal gamma = 1.4000 (epoch 27)
Epoch 27/70
56/56 - 1s - loss: 0.0792 - auc: 0.8224 - val_loss: 0.1199 - val_auc: 0.7062 - val_auc_custom: 0.7064 - val_f1_custom: 0.5882 - val_recall_custom: 0.5660 - 1s/epoch - 21ms/step
Curriculum: set focal gamma = 1.4000 (epoch 28)
Epoch 28/70
56/56 - 1s - loss: 0.0785 - auc: 0.8292 - val_loss: 0.1207 - val_auc: 0.7114 - val_auc_custom: 0.7102 - val_f1_custom: 0.6078 - val_recall_custom: 0.5849 - 1s/epoch - 20ms/step
Curriculum: set focal gamma = 1.4000 (epoch 29)
Epoch 29/70
56/56 - 1s - loss: 0.0751 - auc: 0.8495 - val_loss: 0.1269 - val_auc: 0.7156 - val_auc_custom: 0.7147 - val_f1_custom: 0.6422 - val_recall_custom: 0.6604 - 1s/epoch - 20ms/step
Curriculum: set focal gamma = 1.4000 (epoch 30)
Epoch 30/70
56/56 - 1s - loss: 0.0761 - auc: 0.8481 - val_loss: 0.1188 - val_auc: 0.7224 - val_auc_custom: 0.7215 - val_f1_custom: 0.5800 - val_recall_custom: 0.5472 - 1s/epoch - 22ms/step
Curriculum: set focal gamma = 1.4000 (epoch 31)
Epoch 31/70
56/56 - 1s - loss: 0.0758 - auc: 0.8514 - val_loss: 0.1191 - val_auc: 0.7255 - val_auc_custom: 0.7253 - val_f1_custom: 0.6139 - val_recall_custom: 0.5849 - 1s/epoch - 22ms/step
Curriculum: set focal gamma = 1.4000 (epoch 32)
Epoch 32/70
56/56 - 1s - loss: 0.0747 - auc: 0.8605 - val_loss: 0.1117 - val_auc: 0.7481 - val_auc_custom: 0.7482 - val_f1_custom: 0.5652 - val_recall_custom: 0.4906 - 1s/epoch - 23ms/step
Curriculum: set focal gamma = 1.4000 (epoch 33)
Epoch 33/70
56/56 - 1s - loss: 0.0728 - auc: 0.8666 - val_loss: 0.1246 - val_auc: 0.7311 - val_auc_custom: 0.7311 - val_f1_custom: 0.6226 - val_recall_custom: 0.6226 - 1s/epoch - 20ms/step
Curriculum: set focal gamma = 1.4000 (epoch 34)
Epoch 34/70
56/56 - 1s - loss: 0.0747 - auc: 0.8500 - val_loss: 0.1176 - val_auc: 0.7382 - val_auc_custom: 0.7391 - val_f1_custom: 0.5591 - val_recall_custom: 0.4906 - 1s/epoch - 21ms/step
Curriculum: set focal gamma = 1.4000 (epoch 35)
Epoch 35/70
56/56 - 1s - loss: 0.0721 - auc: 0.8606 - val_loss: 0.1230 - val_auc: 0.7416 - val_auc_custom: 0.7409 - val_f1_custom: 0.6538 - val_recall_custom: 0.6415 - 1s/epoch - 20ms/step
Curriculum: set focal gamma = 1.4000 (epoch 36)
Epoch 36/70
56/56 - 1s - loss: 0.0692 - auc: 0.8758 - val_loss: 0.1471 - val_auc: 0.7028 - val_auc_custom: 0.7036 - val_f1_custom: 0.6325 - val_recall_custom: 0.6981 - 1s/epoch - 20ms/step
Curriculum: set focal gamma = 1.4000 (epoch 37)
Epoch 37/70
56/56 - 1s - loss: 0.0693 - auc: 0.8735 - val_loss: 0.1414 - val_auc: 0.7063 - val_auc_custom: 0.7072 - val_f1_custom: 0.6182 - val_recall_custom: 0.6415 - 1s/epoch - 20ms/step
Curriculum: set focal gamma = 1.4000 (epoch 38)
Epoch 38/70
56/56 - 1s - loss: 0.0655 - auc: 0.8927 - val_loss: 0.1486 - val_auc: 0.6972 - val_auc_custom: 0.6966 - val_f1_custom: 0.6316 - val_recall_custom: 0.6792 - 1s/epoch - 20ms/step
Curriculum: set focal gamma = 1.4000 (epoch 39)
Epoch 39/70
56/56 - 1s - loss: 0.0674 - auc: 0.8811 - val_loss: 0.1282 - val_auc: 0.7321 - val_auc_custom: 0.7331 - val_f1_custom: 0.5567 - val_recall_custom: 0.5094 - 1s/epoch - 21ms/step
Curriculum: set focal gamma = 1.4000 (epoch 40)
Epoch 40/70
56/56 - 1s - loss: 0.0643 - auc: 0.8913 - val_loss: 0.1534 - val_auc: 0.7158 - val_auc_custom: 0.7155 - val_f1_custom: 0.6261 - val_recall_custom: 0.6792 - 1s/epoch - 20ms/step
Curriculum: set focal gamma = 1.4000 (epoch 41)
Epoch 41/70
56/56 - 1s - loss: 0.0644 - auc: 0.8945 - val_loss: 0.1328 - val_auc: 0.7333 - val_auc_custom: 0.7338 - val_f1_custom: 0.6346 - val_recall_custom: 0.6226 - 1s/epoch - 22ms/step
Curriculum: set focal gamma = 1.4000 (epoch 42)
Epoch 42/70
56/56 - 1s - loss: 0.0673 - auc: 0.8868 - val_loss: 0.1625 - val_auc: 0.7247 - val_auc_custom: 0.7482 - val_f1_custom: 0.5652 - val_recall_custom: 0.4906 - 1s/epoch - 22ms/step
Mask config -> mode=soft, threshold=0.6, window_gate=None
Done. Results saved to /home/user/projects/train/model/long_window/CNN_BiLSTM/result_focal_refine/cw02_fg07/01
