2025-09-22 02:03:44.125824: I tensorflow/core/util/port.cc:110] oneDNN custom operations are on. You may see slightly different numerical results due to floating-point round-off errors from different computation orders. To turn them off, set the environment variable `TF_ENABLE_ONEDNN_OPTS=0`.
2025-09-22 02:03:44.156402: I tensorflow/core/platform/cpu_feature_guard.cc:182] This TensorFlow binary is optimized to use available CPU instructions in performance-critical operations.
To enable the following instructions: AVX2 AVX_VNNI FMA, in other operations, rebuild TensorFlow with the appropriate compiler flags.
2025-09-22 02:03:44.573160: W tensorflow/compiler/tf2tensorrt/utils/py_utils.cc:38] TF-TRT Warning: Could not find TensorRT
2025-09-22 02:03:44.978458: I tensorflow/compiler/xla/stream_executor/cuda/cuda_gpu_executor.cc:981] could not open file to read NUMA node: /sys/bus/pci/devices/0000:01:00.0/numa_node
Your kernel may have been built without NUMA support.
2025-09-22 02:03:45.002405: I tensorflow/compiler/xla/stream_executor/cuda/cuda_gpu_executor.cc:981] could not open file to read NUMA node: /sys/bus/pci/devices/0000:01:00.0/numa_node
Your kernel may have been built without NUMA support.
2025-09-22 02:03:45.002510: I tensorflow/compiler/xla/stream_executor/cuda/cuda_gpu_executor.cc:981] could not open file to read NUMA node: /sys/bus/pci/devices/0000:01:00.0/numa_node
Your kernel may have been built without NUMA support.
2025-09-22 02:03:45.003673: I tensorflow/compiler/xla/stream_executor/cuda/cuda_gpu_executor.cc:981] could not open file to read NUMA node: /sys/bus/pci/devices/0000:01:00.0/numa_node
Your kernel may have been built without NUMA support.
2025-09-22 02:03:45.003728: I tensorflow/compiler/xla/stream_executor/cuda/cuda_gpu_executor.cc:981] could not open file to read NUMA node: /sys/bus/pci/devices/0000:01:00.0/numa_node
Your kernel may have been built without NUMA support.
2025-09-22 02:03:45.003746: I tensorflow/compiler/xla/stream_executor/cuda/cuda_gpu_executor.cc:981] could not open file to read NUMA node: /sys/bus/pci/devices/0000:01:00.0/numa_node
Your kernel may have been built without NUMA support.
2025-09-22 02:03:45.100409: I tensorflow/compiler/xla/stream_executor/cuda/cuda_gpu_executor.cc:981] could not open file to read NUMA node: /sys/bus/pci/devices/0000:01:00.0/numa_node
Your kernel may have been built without NUMA support.
2025-09-22 02:03:45.100540: I tensorflow/compiler/xla/stream_executor/cuda/cuda_gpu_executor.cc:981] could not open file to read NUMA node: /sys/bus/pci/devices/0000:01:00.0/numa_node
Your kernel may have been built without NUMA support.
2025-09-22 02:03:45.100562: I tensorflow/core/common_runtime/gpu/gpu_device.cc:1726] Could not identify NUMA node of platform GPU id 0, defaulting to 0.  Your kernel may not have been built with NUMA support.
2025-09-22 02:03:45.100597: I tensorflow/compiler/xla/stream_executor/cuda/cuda_gpu_executor.cc:981] could not open file to read NUMA node: /sys/bus/pci/devices/0000:01:00.0/numa_node
Your kernel may have been built without NUMA support.
2025-09-22 02:03:45.100619: I tensorflow/core/common_runtime/gpu/gpu_device.cc:1639] Created device /job:localhost/replica:0/task:0/device:GPU:0 with 9517 MB memory:  -> device: 0, name: NVIDIA GeForce RTX 4070 SUPER, pci bus id: 0000:01:00.0, compute capability: 8.9
[feature_check] OK: train/test feature_list identical (n=36)
GPU detected: 1 physical, 1 logical -> ['/device:GPU:0']
Config: batch=16, accumulate_steps=8 -> effective_batch=128
Loaded (for internal train/val)  (1276, 36, 75) (1276,)
Loaded EXTERNAL TEST: (354, 36, 75) from /home/user/projects/train/test_data/slipce/windows_npz.npz
[mask] windows_npz.npz using occlusion_flag ch=7
[mask] windows_npz.npz using occlusion_flag ch=7
Model: "cnn_bilstm_attn_masked"
__________________________________________________________________________________________________
 Layer (type)                Output Shape                 Param #   Connected to                  
==================================================================================================
 input (InputLayer)          [(None, 36, 75)]             0         []                            
                                                                                                  
 permute_time_features (Per  (None, 75, 36)               0         ['input[0][0]']               
 mute)                                                                                            
                                                                                                  
 conv0 (Conv1D)              (None, 75, 64)               6976      ['permute_time_features[0][0]'
                                                                    ]                             
                                                                                                  
 bn0 (BatchNormalization)    (None, 75, 64)               256       ['conv0[0][0]']               
                                                                                                  
 act0 (Activation)           (None, 75, 64)               0         ['bn0[0][0]']                 
                                                                                                  
 conv_dropout0 (Dropout)     (None, 75, 64)               0         ['act0[0][0]']                
                                                                                                  
 conv1 (Conv1D)              (None, 75, 64)               20544     ['conv_dropout0[0][0]']       
                                                                                                  
 bn1 (BatchNormalization)    (None, 75, 64)               256       ['conv1[0][0]']               
                                                                                                  
 act1 (Activation)           (None, 75, 64)               0         ['bn1[0][0]']                 
                                                                                                  
 conv_dropout1 (Dropout)     (None, 75, 64)               0         ['act1[0][0]']                
                                                                                                  
 conv2 (Conv1D)              (None, 75, 64)               12352     ['conv_dropout1[0][0]']       
                                                                                                  
 bn2 (BatchNormalization)    (None, 75, 64)               256       ['conv2[0][0]']               
                                                                                                  
 act2 (Activation)           (None, 75, 64)               0         ['bn2[0][0]']                 
                                                                                                  
 conv_dropout2 (Dropout)     (None, 75, 64)               0         ['act2[0][0]']                
                                                                                                  
 bilstm (Bidirectional)      (None, 75, 128)              66048     ['conv_dropout2[0][0]']       
                                                                                                  
 mlp_attn_u (Dense)          (None, 75, 32)               4128      ['bilstm[0][0]']              
                                                                                                  
 mlp_attn_score (Dense)      (None, 75, 1)                33        ['mlp_attn_u[0][0]']          
                                                                                                  
 mlp_attn_squeeze (Lambda)   (None, 75)                   0         ['mlp_attn_score[0][0]']      
                                                                                                  
 attn_mask (InputLayer)      [(None, 75)]                 0         []                            
                                                                                                  
 mlp_attn_apply_mask (Lambd  (None, 75)                   0         ['mlp_attn_squeeze[0][0]',    
 a)                                                                  'attn_mask[0][0]']           
                                                                                                  
 mlp_attn_softmax (Lambda)   (None, 75)                   0         ['mlp_attn_apply_mask[0][0]'] 
                                                                                                  
 mlp_attn_expand (Lambda)    (None, 75, 1)                0         ['mlp_attn_softmax[0][0]']    
                                                                                                  
 mlp_attn_weighted (Lambda)  (None, 128)                  0         ['bilstm[0][0]',              
                                                                     'mlp_attn_expand[0][0]']     
                                                                                                  
 fc1 (Dense)                 (None, 64)                   8256      ['mlp_attn_weighted[0][0]']   
                                                                                                  
 fc_dropout (Dropout)        (None, 64)                   0         ['fc1[0][0]']                 
                                                                                                  
 out (Dense)                 (None, 1)                    65        ['fc_dropout[0][0]']          
                                                                                                  
==================================================================================================
Total params: 119171 (465.51 KB)
Trainable params: 118786 (464.01 KB)
Non-trainable params: 385 (1.50 KB)
__________________________________________________________________________________________________
None
Writing results to result_multi_seed_composite/seed3/01
Curriculum: set focal gamma = 0.0000 (epoch 1)
Epoch 1/70
2025-09-22 02:03:50.221352: I tensorflow/compiler/xla/stream_executor/cuda/cuda_dnn.cc:432] Loaded cuDNN version 8600
2025-09-22 02:03:50.318136: I tensorflow/tsl/platform/default/subprocess.cc:304] Start cannot spawn child process: No such file or directory
2025-09-22 02:03:50.458574: I tensorflow/compiler/xla/stream_executor/cuda/cuda_blas.cc:606] TensorFloat-32 will be used for the matrix multiplication. This will only be logged once.
2025-09-22 02:03:50.781576: I tensorflow/compiler/xla/service/service.cc:168] XLA service 0x79ca88054190 initialized for platform CUDA (this does not guarantee that XLA will be used). Devices:
2025-09-22 02:03:50.781629: I tensorflow/compiler/xla/service/service.cc:176]   StreamExecutor device (0): NVIDIA GeForce RTX 4070 SUPER, Compute Capability 8.9
2025-09-22 02:03:50.785351: I tensorflow/compiler/mlir/tensorflow/utils/dump_mlir_util.cc:255] disabling MLIR crash reproducer, set env var `MLIR_CRASH_REPRODUCER_DIRECTORY` to enable.
2025-09-22 02:03:50.837807: I tensorflow/tsl/platform/default/subprocess.cc:304] Start cannot spawn child process: No such file or directory
2025-09-22 02:03:50.874354: I ./tensorflow/compiler/jit/device_compiler.h:186] Compiled cluster using XLA!  This line is logged at most once for the lifetime of the process.
WARNING:tensorflow:Can save best model only with val_composite available, skipping.
WARNING:tensorflow:Early stopping conditioned on metric `val_composite` which is not available. Available metrics are: loss,auc,val_loss,val_auc
56/56 - 7s - loss: 0.3167 - auc: 0.5380 - val_loss: 0.3363 - val_auc: 0.6419 - val_auc_custom: 0.6466 - val_f1_custom: 0.1644 - val_recall_custom: 0.0952 - val_composite: 0.2263 - val_precision_aware: 0.4786 - 7s/epoch - 124ms/step
Curriculum: set focal gamma = 0.0526 (epoch 2)
Epoch 2/70
WARNING:tensorflow:Can save best model only with val_composite available, skipping.
WARNING:tensorflow:Early stopping conditioned on metric `val_composite` which is not available. Available metrics are: loss,auc,val_loss,val_auc
56/56 - 1s - loss: 0.2941 - auc: 0.6032 - val_loss: 0.3115 - val_auc: 0.6575 - val_auc_custom: 0.6606 - val_f1_custom: 0.2400 - val_recall_custom: 0.1429 - val_composite: 0.2755 - val_precision_aware: 0.5791 - 1s/epoch - 20ms/step
Curriculum: set focal gamma = 0.1053 (epoch 3)
Epoch 3/70
WARNING:tensorflow:Can save best model only with val_composite available, skipping.
WARNING:tensorflow:Early stopping conditioned on metric `val_composite` which is not available. Available metrics are: loss,auc,val_loss,val_auc
56/56 - 1s - loss: 0.2787 - auc: 0.6354 - val_loss: 0.2931 - val_auc: 0.6758 - val_auc_custom: 0.6762 - val_f1_custom: 0.4444 - val_recall_custom: 0.3175 - val_composite: 0.4273 - val_precision_aware: 0.6389 - 1s/epoch - 20ms/step
Curriculum: set focal gamma = 0.1579 (epoch 4)
Epoch 4/70
WARNING:tensorflow:Can save best model only with val_composite available, skipping.
WARNING:tensorflow:Early stopping conditioned on metric `val_composite` which is not available. Available metrics are: loss,auc,val_loss,val_auc
56/56 - 1s - loss: 0.2652 - auc: 0.6480 - val_loss: 0.2786 - val_auc: 0.6917 - val_auc_custom: 0.6928 - val_f1_custom: 0.5294 - val_recall_custom: 0.4286 - val_composite: 0.5117 - val_precision_aware: 0.6435 - 1s/epoch - 21ms/step
Curriculum: set focal gamma = 0.2105 (epoch 5)
Epoch 5/70
WARNING:tensorflow:Can save best model only with val_composite available, skipping.
WARNING:tensorflow:Early stopping conditioned on metric `val_composite` which is not available. Available metrics are: loss,auc,val_loss,val_auc
56/56 - 1s - loss: 0.2529 - auc: 0.6578 - val_loss: 0.2667 - val_auc: 0.6993 - val_auc_custom: 0.6991 - val_f1_custom: 0.5283 - val_recall_custom: 0.4444 - val_composite: 0.5205 - val_precision_aware: 0.6239 - 1s/epoch - 21ms/step
Curriculum: set focal gamma = 0.2632 (epoch 6)
Epoch 6/70
WARNING:tensorflow:Can save best model only with val_composite available, skipping.
WARNING:tensorflow:Early stopping conditioned on metric `val_composite` which is not available. Available metrics are: loss,auc,val_loss,val_auc
56/56 - 1s - loss: 0.2425 - auc: 0.6614 - val_loss: 0.2561 - val_auc: 0.7061 - val_auc_custom: 0.7048 - val_f1_custom: 0.5385 - val_recall_custom: 0.4444 - val_composite: 0.5247 - val_precision_aware: 0.6440 - 1s/epoch - 21ms/step
Curriculum: set focal gamma = 0.3158 (epoch 7)
Epoch 7/70
WARNING:tensorflow:Can save best model only with val_composite available, skipping.
WARNING:tensorflow:Early stopping conditioned on metric `val_composite` which is not available. Available metrics are: loss,auc,val_loss,val_auc
56/56 - 1s - loss: 0.2334 - auc: 0.6683 - val_loss: 0.2449 - val_auc: 0.7167 - val_auc_custom: 0.7158 - val_f1_custom: 0.6055 - val_recall_custom: 0.5238 - val_composite: 0.5867 - val_precision_aware: 0.6835 - 1s/epoch - 22ms/step
Curriculum: set focal gamma = 0.3684 (epoch 8)
Epoch 8/70
WARNING:tensorflow:Can save best model only with val_composite available, skipping.
WARNING:tensorflow:Early stopping conditioned on metric `val_composite` which is not available. Available metrics are: loss,auc,val_loss,val_auc
56/56 - 1s - loss: 0.2219 - auc: 0.6804 - val_loss: 0.2351 - val_auc: 0.7244 - val_auc_custom: 0.7253 - val_f1_custom: 0.5800 - val_recall_custom: 0.4603 - val_composite: 0.5492 - val_precision_aware: 0.7109 - 1s/epoch - 20ms/step
Curriculum: set focal gamma = 0.4211 (epoch 9)
Epoch 9/70
WARNING:tensorflow:Can save best model only with val_composite available, skipping.
WARNING:tensorflow:Early stopping conditioned on metric `val_composite` which is not available. Available metrics are: loss,auc,val_loss,val_auc
56/56 - 1s - loss: 0.2099 - auc: 0.7044 - val_loss: 0.2247 - val_auc: 0.7310 - val_auc_custom: 0.7314 - val_f1_custom: 0.5686 - val_recall_custom: 0.4603 - val_composite: 0.5470 - val_precision_aware: 0.6887 - 1s/epoch - 21ms/step
Curriculum: set focal gamma = 0.4737 (epoch 10)
Epoch 10/70
WARNING:tensorflow:Can save best model only with val_composite available, skipping.
WARNING:tensorflow:Early stopping conditioned on metric `val_composite` which is not available. Available metrics are: loss,auc,val_loss,val_auc
56/56 - 1s - loss: 0.2015 - auc: 0.7118 - val_loss: 0.2150 - val_auc: 0.7319 - val_auc_custom: 0.7336 - val_f1_custom: 0.5962 - val_recall_custom: 0.4921 - val_composite: 0.5716 - val_precision_aware: 0.7036 - 1s/epoch - 21ms/step
Curriculum: set focal gamma = 0.5263 (epoch 11)
Epoch 11/70
WARNING:tensorflow:Can save best model only with val_composite available, skipping.
WARNING:tensorflow:Early stopping conditioned on metric `val_composite` which is not available. Available metrics are: loss,auc,val_loss,val_auc
56/56 - 1s - loss: 0.1941 - auc: 0.7120 - val_loss: 0.2063 - val_auc: 0.7368 - val_auc_custom: 0.7370 - val_f1_custom: 0.5882 - val_recall_custom: 0.4762 - val_composite: 0.5620 - val_precision_aware: 0.7085 - 1s/epoch - 20ms/step
Curriculum: set focal gamma = 0.5789 (epoch 12)
Epoch 12/70
WARNING:tensorflow:Can save best model only with val_composite available, skipping.
WARNING:tensorflow:Early stopping conditioned on metric `val_composite` which is not available. Available metrics are: loss,auc,val_loss,val_auc
56/56 - 1s - loss: 0.1837 - auc: 0.7319 - val_loss: 0.1987 - val_auc: 0.7348 - val_auc_custom: 0.7348 - val_f1_custom: 0.5800 - val_recall_custom: 0.4603 - val_composite: 0.5511 - val_precision_aware: 0.7129 - 1s/epoch - 20ms/step
Curriculum: set focal gamma = 0.6316 (epoch 13)
Epoch 13/70
WARNING:tensorflow:Can save best model only with val_composite available, skipping.
WARNING:tensorflow:Early stopping conditioned on metric `val_composite` which is not available. Available metrics are: loss,auc,val_loss,val_auc
56/56 - 1s - loss: 0.1764 - auc: 0.7315 - val_loss: 0.1927 - val_auc: 0.7332 - val_auc_custom: 0.7346 - val_f1_custom: 0.5773 - val_recall_custom: 0.4444 - val_composite: 0.5423 - val_precision_aware: 0.7319 - 1s/epoch - 20ms/step
Curriculum: set focal gamma = 0.6842 (epoch 14)
Epoch 14/70
WARNING:tensorflow:Can save best model only with val_composite available, skipping.
WARNING:tensorflow:Early stopping conditioned on metric `val_composite` which is not available. Available metrics are: loss,auc,val_loss,val_auc
56/56 - 1s - loss: 0.1662 - auc: 0.7479 - val_loss: 0.1848 - val_auc: 0.7330 - val_auc_custom: 0.7336 - val_f1_custom: 0.6154 - val_recall_custom: 0.5079 - val_composite: 0.5853 - val_precision_aware: 0.7216 - 1s/epoch - 20ms/step
Curriculum: set focal gamma = 0.7368 (epoch 15)
Epoch 15/70
WARNING:tensorflow:Can save best model only with val_composite available, skipping.
WARNING:tensorflow:Early stopping conditioned on metric `val_composite` which is not available. Available metrics are: loss,auc,val_loss,val_auc
56/56 - 1s - loss: 0.1583 - auc: 0.7602 - val_loss: 0.1794 - val_auc: 0.7236 - val_auc_custom: 0.7245 - val_f1_custom: 0.5600 - val_recall_custom: 0.4444 - val_composite: 0.5351 - val_precision_aware: 0.6913 - 1s/epoch - 20ms/step
Curriculum: set focal gamma = 0.7895 (epoch 16)
Epoch 16/70
WARNING:tensorflow:Can save best model only with val_composite available, skipping.
WARNING:tensorflow:Early stopping conditioned on metric `val_composite` which is not available. Available metrics are: loss,auc,val_loss,val_auc
56/56 - 1s - loss: 0.1527 - auc: 0.7649 - val_loss: 0.1718 - val_auc: 0.7297 - val_auc_custom: 0.7292 - val_f1_custom: 0.5962 - val_recall_custom: 0.4921 - val_composite: 0.5707 - val_precision_aware: 0.7027 - 1s/epoch - 21ms/step
Curriculum: set focal gamma = 0.8421 (epoch 17)
Epoch 17/70
WARNING:tensorflow:Can save best model only with val_composite available, skipping.
WARNING:tensorflow:Early stopping conditioned on metric `val_composite` which is not available. Available metrics are: loss,auc,val_loss,val_auc
56/56 - 1s - loss: 0.1427 - auc: 0.7783 - val_loss: 0.1648 - val_auc: 0.7374 - val_auc_custom: 0.7375 - val_f1_custom: 0.5981 - val_recall_custom: 0.5079 - val_composite: 0.5809 - val_precision_aware: 0.6906 - 1s/epoch - 21ms/step
Curriculum: set focal gamma = 0.8947 (epoch 18)
Epoch 18/70
WARNING:tensorflow:Can save best model only with val_composite available, skipping.
WARNING:tensorflow:Early stopping conditioned on metric `val_composite` which is not available. Available metrics are: loss,auc,val_loss,val_auc
56/56 - 1s - loss: 0.1390 - auc: 0.7767 - val_loss: 0.1647 - val_auc: 0.7244 - val_auc_custom: 0.7245 - val_f1_custom: 0.4946 - val_recall_custom: 0.3651 - val_composite: 0.4758 - val_precision_aware: 0.6766 - 1s/epoch - 21ms/step
Curriculum: set focal gamma = 0.9474 (epoch 19)
Epoch 19/70
WARNING:tensorflow:Can save best model only with val_composite available, skipping.
WARNING:tensorflow:Early stopping conditioned on metric `val_composite` which is not available. Available metrics are: loss,auc,val_loss,val_auc
56/56 - 1s - loss: 0.1284 - auc: 0.8011 - val_loss: 0.1546 - val_auc: 0.7399 - val_auc_custom: 0.7399 - val_f1_custom: 0.5306 - val_recall_custom: 0.4127 - val_composite: 0.5135 - val_precision_aware: 0.6786 - 1s/epoch - 20ms/step
Curriculum: set focal gamma = 1.0000 (epoch 20)
Epoch 20/70
WARNING:tensorflow:Can save best model only with val_composite available, skipping.
WARNING:tensorflow:Early stopping conditioned on metric `val_composite` which is not available. Available metrics are: loss,auc,val_loss,val_auc
56/56 - 1s - loss: 0.1184 - auc: 0.8207 - val_loss: 0.1530 - val_auc: 0.7200 - val_auc_custom: 0.7184 - val_f1_custom: 0.5102 - val_recall_custom: 0.3968 - val_composite: 0.4952 - val_precision_aware: 0.6539 - 1s/epoch - 21ms/step
Curriculum: set focal gamma = 1.0000 (epoch 21)
Epoch 21/70
WARNING:tensorflow:Can save best model only with val_composite available, skipping.
WARNING:tensorflow:Early stopping conditioned on metric `val_composite` which is not available. Available metrics are: loss,auc,val_loss,val_auc
56/56 - 1s - loss: 0.1234 - auc: 0.8003 - val_loss: 0.1565 - val_auc: 0.6930 - val_auc_custom: 0.6926 - val_f1_custom: 0.5714 - val_recall_custom: 0.5079 - val_composite: 0.5639 - val_precision_aware: 0.6365 - 1s/epoch - 21ms/step
Curriculum: set focal gamma = 1.0000 (epoch 22)
Epoch 22/70
WARNING:tensorflow:Can save best model only with val_composite available, skipping.
WARNING:tensorflow:Early stopping conditioned on metric `val_composite` which is not available. Available metrics are: loss,auc,val_loss,val_auc
56/56 - 1s - loss: 0.1188 - auc: 0.8193 - val_loss: 0.1479 - val_auc: 0.7409 - val_auc_custom: 0.7409 - val_f1_custom: 0.5437 - val_recall_custom: 0.4444 - val_composite: 0.5335 - val_precision_aware: 0.6613 - 1s/epoch - 20ms/step
Curriculum: set focal gamma = 1.0000 (epoch 23)
Epoch 23/70
WARNING:tensorflow:Can save best model only with val_composite available, skipping.
WARNING:tensorflow:Early stopping conditioned on metric `val_composite` which is not available. Available metrics are: loss,auc,val_loss,val_auc
56/56 - 1s - loss: 0.1196 - auc: 0.8165 - val_loss: 0.1462 - val_auc: 0.7399 - val_auc_custom: 0.7399 - val_f1_custom: 0.6250 - val_recall_custom: 0.5556 - val_composite: 0.6133 - val_precision_aware: 0.6926 - 1s/epoch - 21ms/step
Curriculum: set focal gamma = 1.0000 (epoch 24)
Epoch 24/70
WARNING:tensorflow:Can save best model only with val_composite available, skipping.
WARNING:tensorflow:Early stopping conditioned on metric `val_composite` which is not available. Available metrics are: loss,auc,val_loss,val_auc
56/56 - 1s - loss: 0.1178 - auc: 0.8251 - val_loss: 0.1456 - val_auc: 0.7410 - val_auc_custom: 0.7407 - val_f1_custom: 0.5882 - val_recall_custom: 0.4762 - val_composite: 0.5627 - val_precision_aware: 0.7092 - 1s/epoch - 20ms/step
Curriculum: set focal gamma = 1.0000 (epoch 25)
Epoch 25/70
WARNING:tensorflow:Can save best model only with val_composite available, skipping.
WARNING:tensorflow:Early stopping conditioned on metric `val_composite` which is not available. Available metrics are: loss,auc,val_loss,val_auc
56/56 - 1s - loss: 0.1133 - auc: 0.8406 - val_loss: 0.1511 - val_auc: 0.7308 - val_auc_custom: 0.7306 - val_f1_custom: 0.4889 - val_recall_custom: 0.3492 - val_composite: 0.4674 - val_precision_aware: 0.7002 - 1s/epoch - 20ms/step
Curriculum: set focal gamma = 1.0000 (epoch 26)
Epoch 26/70
WARNING:tensorflow:Can save best model only with val_composite available, skipping.
WARNING:tensorflow:Early stopping conditioned on metric `val_composite` which is not available. Available metrics are: loss,auc,val_loss,val_auc
56/56 - 1s - loss: 0.1119 - auc: 0.8503 - val_loss: 0.1478 - val_auc: 0.7402 - val_auc_custom: 0.7419 - val_f1_custom: 0.6341 - val_recall_custom: 0.6190 - val_composite: 0.6481 - val_precision_aware: 0.6636 - 1s/epoch - 20ms/step
Curriculum: set focal gamma = 1.0000 (epoch 27)
Epoch 27/70
WARNING:tensorflow:Can save best model only with val_composite available, skipping.
WARNING:tensorflow:Early stopping conditioned on metric `val_composite` which is not available. Available metrics are: loss,auc,val_loss,val_auc
56/56 - 1s - loss: 0.1161 - auc: 0.8294 - val_loss: 0.1496 - val_auc: 0.7305 - val_auc_custom: 0.7321 - val_f1_custom: 0.5739 - val_recall_custom: 0.5238 - val_composite: 0.5805 - val_precision_aware: 0.6359 - 1s/epoch - 21ms/step
Curriculum: set focal gamma = 1.0000 (epoch 28)
Epoch 28/70
WARNING:tensorflow:Can save best model only with val_composite available, skipping.
WARNING:tensorflow:Early stopping conditioned on metric `val_composite` which is not available. Available metrics are: loss,auc,val_loss,val_auc
56/56 - 1s - loss: 0.1123 - auc: 0.8422 - val_loss: 0.1486 - val_auc: 0.7512 - val_auc_custom: 0.7516 - val_f1_custom: 0.5102 - val_recall_custom: 0.3968 - val_composite: 0.5018 - val_precision_aware: 0.6605 - 1s/epoch - 21ms/step
Curriculum: set focal gamma = 1.0000 (epoch 29)
Epoch 29/70
WARNING:tensorflow:Can save best model only with val_composite available, skipping.
WARNING:tensorflow:Early stopping conditioned on metric `val_composite` which is not available. Available metrics are: loss,auc,val_loss,val_auc
56/56 - 1s - loss: 0.1065 - auc: 0.8605 - val_loss: 0.1519 - val_auc: 0.7315 - val_auc_custom: 0.7302 - val_f1_custom: 0.5370 - val_recall_custom: 0.4603 - val_composite: 0.5373 - val_precision_aware: 0.6294 - 1s/epoch - 21ms/step
Curriculum: set focal gamma = 1.0000 (epoch 30)
Epoch 30/70
WARNING:tensorflow:Can save best model only with val_composite available, skipping.
WARNING:tensorflow:Early stopping conditioned on metric `val_composite` which is not available. Available metrics are: loss,auc,val_loss,val_auc
56/56 - 1s - loss: 0.1055 - auc: 0.8657 - val_loss: 0.1516 - val_auc: 0.7476 - val_auc_custom: 0.7468 - val_f1_custom: 0.6179 - val_recall_custom: 0.6032 - val_composite: 0.6363 - val_precision_aware: 0.6514 - 1s/epoch - 20ms/step
Curriculum: set focal gamma = 1.0000 (epoch 31)
Epoch 31/70
WARNING:tensorflow:Can save best model only with val_composite available, skipping.
WARNING:tensorflow:Early stopping conditioned on metric `val_composite` which is not available. Available metrics are: loss,auc,val_loss,val_auc
56/56 - 1s - loss: 0.1083 - auc: 0.8566 - val_loss: 0.1540 - val_auc: 0.7498 - val_auc_custom: 0.7482 - val_f1_custom: 0.4516 - val_recall_custom: 0.3333 - val_composite: 0.4518 - val_precision_aware: 0.6351 - 1s/epoch - 21ms/step
Curriculum: set focal gamma = 1.0000 (epoch 32)
Epoch 32/70
WARNING:tensorflow:Can save best model only with val_composite available, skipping.
WARNING:tensorflow:Early stopping conditioned on metric `val_composite` which is not available. Available metrics are: loss,auc,val_loss,val_auc
56/56 - 1s - loss: 0.1076 - auc: 0.8593 - val_loss: 0.1534 - val_auc: 0.7331 - val_auc_custom: 0.7324 - val_f1_custom: 0.5347 - val_recall_custom: 0.4286 - val_composite: 0.5212 - val_precision_aware: 0.6621 - 1s/epoch - 20ms/step
Curriculum: set focal gamma = 1.0000 (epoch 33)
Epoch 33/70
WARNING:tensorflow:Can save best model only with val_composite available, skipping.
WARNING:tensorflow:Early stopping conditioned on metric `val_composite` which is not available. Available metrics are: loss,auc,val_loss,val_auc
56/56 - 1s - loss: 0.1063 - auc: 0.8609 - val_loss: 0.1531 - val_auc: 0.7503 - val_auc_custom: 0.7514 - val_f1_custom: 0.4667 - val_recall_custom: 0.3333 - val_composite: 0.4569 - val_precision_aware: 0.6792 - 1s/epoch - 20ms/step
Curriculum: set focal gamma = 1.0000 (epoch 34)
Epoch 34/70
WARNING:tensorflow:Can save best model only with val_composite available, skipping.
WARNING:tensorflow:Early stopping conditioned on metric `val_composite` which is not available. Available metrics are: loss,auc,val_loss,val_auc
56/56 - 1s - loss: 0.1037 - auc: 0.8690 - val_loss: 0.1557 - val_auc: 0.7265 - val_auc_custom: 0.7255 - val_f1_custom: 0.5965 - val_recall_custom: 0.5397 - val_composite: 0.5939 - val_precision_aware: 0.6574 - 1s/epoch - 20ms/step
Curriculum: set focal gamma = 1.0000 (epoch 35)
Epoch 35/70
WARNING:tensorflow:Can save best model only with val_composite available, skipping.
WARNING:tensorflow:Early stopping conditioned on metric `val_composite` which is not available. Available metrics are: loss,auc,val_loss,val_auc
56/56 - 1s - loss: 0.1005 - auc: 0.8760 - val_loss: 0.1472 - val_auc: 0.7598 - val_auc_custom: 0.7597 - val_f1_custom: 0.5664 - val_recall_custom: 0.5079 - val_composite: 0.5758 - val_precision_aware: 0.6419 - 1s/epoch - 20ms/step
Curriculum: set focal gamma = 1.0000 (epoch 36)
Epoch 36/70
WARNING:tensorflow:Can save best model only with val_composite available, skipping.
WARNING:tensorflow:Early stopping conditioned on metric `val_composite` which is not available. Available metrics are: loss,auc,val_loss,val_auc
56/56 - 1s - loss: 0.1029 - auc: 0.8721 - val_loss: 0.1586 - val_auc: 0.7332 - val_auc_custom: 0.7331 - val_f1_custom: 0.6207 - val_recall_custom: 0.5714 - val_composite: 0.6185 - val_precision_aware: 0.6724 - 1s/epoch - 21ms/step
Curriculum: set focal gamma = 1.0000 (epoch 37)
Epoch 37/70
WARNING:tensorflow:Can save best model only with val_composite available, skipping.
WARNING:tensorflow:Early stopping conditioned on metric `val_composite` which is not available. Available metrics are: loss,auc,val_loss,val_auc
56/56 - 1s - loss: 0.0990 - auc: 0.8834 - val_loss: 0.1637 - val_auc: 0.7581 - val_auc_custom: 0.7585 - val_f1_custom: 0.4421 - val_recall_custom: 0.3333 - val_composite: 0.4510 - val_precision_aware: 0.6125 - 1s/epoch - 20ms/step
Curriculum: set focal gamma = 1.0000 (epoch 38)
Epoch 38/70
WARNING:tensorflow:Can save best model only with val_composite available, skipping.
WARNING:tensorflow:Early stopping conditioned on metric `val_composite` which is not available. Available metrics are: loss,auc,val_loss,val_auc
56/56 - 1s - loss: 0.0950 - auc: 0.8924 - val_loss: 0.1647 - val_auc: 0.7358 - val_auc_custom: 0.7360 - val_f1_custom: 0.6512 - val_recall_custom: 0.6667 - val_composite: 0.6759 - val_precision_aware: 0.6607 - 1s/epoch - 20ms/step
Curriculum: set focal gamma = 1.0000 (epoch 39)
Epoch 39/70
WARNING:tensorflow:Can save best model only with val_composite available, skipping.
WARNING:tensorflow:Early stopping conditioned on metric `val_composite` which is not available. Available metrics are: loss,auc,val_loss,val_auc
56/56 - 1s - loss: 0.0934 - auc: 0.8977 - val_loss: 0.1469 - val_auc: 0.7676 - val_auc_custom: 0.7687 - val_f1_custom: 0.6250 - val_recall_custom: 0.5556 - val_composite: 0.6190 - val_precision_aware: 0.6984 - 1s/epoch - 21ms/step
Curriculum: set focal gamma = 1.0000 (epoch 40)
Epoch 40/70
WARNING:tensorflow:Can save best model only with val_composite available, skipping.
WARNING:tensorflow:Early stopping conditioned on metric `val_composite` which is not available. Available metrics are: loss,auc,val_loss,val_auc
56/56 - 1s - loss: 0.0976 - auc: 0.8857 - val_loss: 0.1577 - val_auc: 0.7419 - val_auc_custom: 0.7424 - val_f1_custom: 0.5192 - val_recall_custom: 0.4286 - val_composite: 0.5185 - val_precision_aware: 0.6335 - 1s/epoch - 19ms/step
Curriculum: set focal gamma = 1.0000 (epoch 41)
Epoch 41/70
WARNING:tensorflow:Can save best model only with val_composite available, skipping.
WARNING:tensorflow:Early stopping conditioned on metric `val_composite` which is not available. Available metrics are: loss,auc,val_loss,val_auc
56/56 - 1s - loss: 0.0925 - auc: 0.9006 - val_loss: 0.1548 - val_auc: 0.7498 - val_auc_custom: 0.7487 - val_f1_custom: 0.5946 - val_recall_custom: 0.5238 - val_composite: 0.5900 - val_precision_aware: 0.6719 - 1s/epoch - 20ms/step
Curriculum: set focal gamma = 1.0000 (epoch 42)
Epoch 42/70
WARNING:tensorflow:Can save best model only with val_composite available, skipping.
WARNING:tensorflow:Early stopping conditioned on metric `val_composite` which is not available. Available metrics are: loss,auc,val_loss,val_auc
56/56 - 1s - loss: 0.0911 - auc: 0.9054 - val_loss: 0.1556 - val_auc: 0.7590 - val_auc_custom: 0.7590 - val_f1_custom: 0.5400 - val_recall_custom: 0.4286 - val_composite: 0.5281 - val_precision_aware: 0.6787 - 1s/epoch - 20ms/step
Curriculum: set focal gamma = 1.0000 (epoch 43)
Epoch 43/70
WARNING:tensorflow:Can save best model only with val_composite available, skipping.
WARNING:tensorflow:Early stopping conditioned on metric `val_composite` which is not available. Available metrics are: loss,auc,val_loss,val_auc
56/56 - 1s - loss: 0.0872 - auc: 0.9128 - val_loss: 0.1638 - val_auc: 0.7346 - val_auc_custom: 0.7346 - val_f1_custom: 0.5660 - val_recall_custom: 0.4762 - val_composite: 0.5548 - val_precision_aware: 0.6656 - 1s/epoch - 20ms/step
Curriculum: set focal gamma = 1.0000 (epoch 44)
Epoch 44/70
WARNING:tensorflow:Can save best model only with val_composite available, skipping.
WARNING:tensorflow:Early stopping conditioned on metric `val_composite` which is not available. Available metrics are: loss,auc,val_loss,val_auc
56/56 - 1s - loss: 0.0878 - auc: 0.9092 - val_loss: 0.1468 - val_auc: 0.7733 - val_auc_custom: 0.7731 - val_f1_custom: 0.6446 - val_recall_custom: 0.6190 - val_composite: 0.6575 - val_precision_aware: 0.6842 - 1s/epoch - 21ms/step
Curriculum: set focal gamma = 1.0000 (epoch 45)
Epoch 45/70
WARNING:tensorflow:Can save best model only with val_composite available, skipping.
WARNING:tensorflow:Early stopping conditioned on metric `val_composite` which is not available. Available metrics are: loss,auc,val_loss,val_auc
56/56 - 1s - loss: 0.0855 - auc: 0.9174 - val_loss: 0.1514 - val_auc: 0.7703 - val_auc_custom: 0.7700 - val_f1_custom: 0.6723 - val_recall_custom: 0.6349 - val_composite: 0.6731 - val_precision_aware: 0.7128 - 1s/epoch - 21ms/step
Curriculum: set focal gamma = 1.0000 (epoch 46)
Epoch 46/70
WARNING:tensorflow:Can save best model only with val_composite available, skipping.
WARNING:tensorflow:Early stopping conditioned on metric `val_composite` which is not available. Available metrics are: loss,auc,val_loss,val_auc
56/56 - 1s - loss: 0.0903 - auc: 0.9023 - val_loss: 0.1686 - val_auc: 0.7359 - val_auc_custom: 0.7368 - val_f1_custom: 0.4742 - val_recall_custom: 0.3651 - val_composite: 0.4722 - val_precision_aware: 0.6279 - 1s/epoch - 20ms/step
Curriculum: set focal gamma = 1.0000 (epoch 47)
Epoch 47/70
WARNING:tensorflow:Can save best model only with val_composite available, skipping.
WARNING:tensorflow:Early stopping conditioned on metric `val_composite` which is not available. Available metrics are: loss,auc,val_loss,val_auc
56/56 - 1s - loss: 0.0884 - auc: 0.9085 - val_loss: 0.1505 - val_auc: 0.7734 - val_auc_custom: 0.7739 - val_f1_custom: 0.7031 - val_recall_custom: 0.7143 - val_composite: 0.7229 - val_precision_aware: 0.7119 - 1s/epoch - 20ms/step
Curriculum: set focal gamma = 1.0000 (epoch 48)
Epoch 48/70
WARNING:tensorflow:Can save best model only with val_composite available, skipping.
WARNING:tensorflow:Early stopping conditioned on metric `val_composite` which is not available. Available metrics are: loss,auc,val_loss,val_auc
56/56 - 1s - loss: 0.0825 - auc: 0.9202 - val_loss: 0.1606 - val_auc: 0.7568 - val_auc_custom: 0.7565 - val_f1_custom: 0.6880 - val_recall_custom: 0.6825 - val_composite: 0.6990 - val_precision_aware: 0.7045 - 1s/epoch - 20ms/step
Curriculum: set focal gamma = 1.0000 (epoch 49)
Epoch 49/70
WARNING:tensorflow:Can save best model only with val_composite available, skipping.
WARNING:tensorflow:Early stopping conditioned on metric `val_composite` which is not available. Available metrics are: loss,auc,val_loss,val_auc
56/56 - 1s - loss: 0.0797 - auc: 0.9276 - val_loss: 0.1720 - val_auc: 0.7366 - val_auc_custom: 0.7365 - val_f1_custom: 0.6667 - val_recall_custom: 0.6508 - val_composite: 0.6727 - val_precision_aware: 0.6890 - 1s/epoch - 20ms/step
Curriculum: set focal gamma = 1.0000 (epoch 50)
Epoch 50/70
WARNING:tensorflow:Can save best model only with val_composite available, skipping.
WARNING:tensorflow:Early stopping conditioned on metric `val_composite` which is not available. Available metrics are: loss,auc,val_loss,val_auc
56/56 - 1s - loss: 0.0797 - auc: 0.9261 - val_loss: 0.1592 - val_auc: 0.7706 - val_auc_custom: 0.7714 - val_f1_custom: 0.6949 - val_recall_custom: 0.6508 - val_composite: 0.6882 - val_precision_aware: 0.7355 - 1s/epoch - 21ms/step
Curriculum: set focal gamma = 1.0000 (epoch 51)
Epoch 51/70
WARNING:tensorflow:Can save best model only with val_composite available, skipping.
WARNING:tensorflow:Early stopping conditioned on metric `val_composite` which is not available. Available metrics are: loss,auc,val_loss,val_auc
56/56 - 1s - loss: 0.0834 - auc: 0.9179 - val_loss: 0.1700 - val_auc: 0.7337 - val_auc_custom: 0.7338 - val_f1_custom: 0.6822 - val_recall_custom: 0.6984 - val_composite: 0.7006 - val_precision_aware: 0.6847 - 1s/epoch - 19ms/step
Curriculum: set focal gamma = 1.0000 (epoch 52)
Epoch 52/70
WARNING:tensorflow:Can save best model only with val_composite available, skipping.
WARNING:tensorflow:Early stopping conditioned on metric `val_composite` which is not available. Available metrics are: loss,auc,val_loss,val_auc
56/56 - 1s - loss: 0.0807 - auc: 0.9245 - val_loss: 0.1608 - val_auc: 0.7520 - val_auc_custom: 0.7519 - val_f1_custom: 0.6087 - val_recall_custom: 0.5556 - val_composite: 0.6108 - val_precision_aware: 0.6695 - 1s/epoch - 20ms/step
Curriculum: set focal gamma = 1.0000 (epoch 53)
Epoch 53/70
WARNING:tensorflow:Can save best model only with val_composite available, skipping.
WARNING:tensorflow:Early stopping conditioned on metric `val_composite` which is not available. Available metrics are: loss,auc,val_loss,val_auc
56/56 - 1s - loss: 0.0737 - auc: 0.9391 - val_loss: 0.1579 - val_auc: 0.7761 - val_auc_custom: 0.7763 - val_f1_custom: 0.6364 - val_recall_custom: 0.5556 - val_composite: 0.6239 - val_precision_aware: 0.7185 - 1s/epoch - 21ms/step
Curriculum: set focal gamma = 1.0000 (epoch 54)
Epoch 54/70
WARNING:tensorflow:Can save best model only with val_composite available, skipping.
WARNING:tensorflow:Early stopping conditioned on metric `val_composite` which is not available. Available metrics are: loss,auc,val_loss,val_auc
56/56 - 1s - loss: 0.0747 - auc: 0.9347 - val_loss: 0.1777 - val_auc: 0.7618 - val_auc_custom: 0.7609 - val_f1_custom: 0.7111 - val_recall_custom: 0.7619 - val_composite: 0.7465 - val_precision_aware: 0.6989 - 1s/epoch - 21ms/step
Curriculum: set focal gamma = 1.0000 (epoch 55)
Epoch 55/70
WARNING:tensorflow:Can save best model only with val_composite available, skipping.
WARNING:tensorflow:Early stopping conditioned on metric `val_composite` which is not available. Available metrics are: loss,auc,val_loss,val_auc
56/56 - 1s - loss: 0.0691 - auc: 0.9456 - val_loss: 0.1896 - val_auc: 0.7194 - val_auc_custom: 0.7197 - val_f1_custom: 0.5200 - val_recall_custom: 0.4127 - val_composite: 0.5063 - val_precision_aware: 0.6513 - 1s/epoch - 20ms/step
Curriculum: set focal gamma = 1.0000 (epoch 56)
Epoch 56/70
WARNING:tensorflow:Can save best model only with val_composite available, skipping.
WARNING:tensorflow:Early stopping conditioned on metric `val_composite` which is not available. Available metrics are: loss,auc,val_loss,val_auc
56/56 - 1s - loss: 0.0728 - auc: 0.9386 - val_loss: 0.1862 - val_auc: 0.7557 - val_auc_custom: 0.7556 - val_f1_custom: 0.7132 - val_recall_custom: 0.7302 - val_composite: 0.7301 - val_precision_aware: 0.7135 - 1s/epoch - 20ms/step
Curriculum: set focal gamma = 1.0000 (epoch 57)
Epoch 57/70
WARNING:tensorflow:Can save best model only with val_composite available, skipping.
WARNING:tensorflow:Early stopping conditioned on metric `val_composite` which is not available. Available metrics are: loss,auc,val_loss,val_auc
56/56 - 1s - loss: 0.0769 - auc: 0.9296 - val_loss: 0.1833 - val_auc: 0.7485 - val_auc_custom: 0.7482 - val_f1_custom: 0.5769 - val_recall_custom: 0.4762 - val_composite: 0.5608 - val_precision_aware: 0.6886 - 1s/epoch - 21ms/step
Curriculum: set focal gamma = 1.0000 (epoch 58)
Epoch 58/70
WARNING:tensorflow:Can save best model only with val_composite available, skipping.
WARNING:tensorflow:Early stopping conditioned on metric `val_composite` which is not available. Available metrics are: loss,auc,val_loss,val_auc
56/56 - 1s - loss: 0.0801 - auc: 0.9262 - val_loss: 0.1857 - val_auc: 0.7592 - val_auc_custom: 0.7597 - val_f1_custom: 0.7194 - val_recall_custom: 0.7937 - val_composite: 0.7646 - val_precision_aware: 0.6967 - 1s/epoch - 20ms/step
Curriculum: set focal gamma = 1.0000 (epoch 59)
Epoch 59/70
WARNING:tensorflow:Can save best model only with val_composite available, skipping.
WARNING:tensorflow:Early stopping conditioned on metric `val_composite` which is not available. Available metrics are: loss,auc,val_loss,val_auc
56/56 - 1s - loss: 0.0800 - auc: 0.9276 - val_loss: 0.1632 - val_auc: 0.7552 - val_auc_custom: 0.7546 - val_f1_custom: 0.5872 - val_recall_custom: 0.5079 - val_composite: 0.5810 - val_precision_aware: 0.6749 - 1s/epoch - 20ms/step
Curriculum: set focal gamma = 1.0000 (epoch 60)
Epoch 60/70
WARNING:tensorflow:Can save best model only with val_composite available, skipping.
WARNING:tensorflow:Early stopping conditioned on metric `val_composite` which is not available. Available metrics are: loss,auc,val_loss,val_auc
56/56 - 1s - loss: 0.0690 - auc: 0.9468 - val_loss: 0.1769 - val_auc: 0.7366 - val_auc_custom: 0.7372 - val_f1_custom: 0.6393 - val_recall_custom: 0.6190 - val_composite: 0.6488 - val_precision_aware: 0.6698 - 1s/epoch - 21ms/step
Curriculum: set focal gamma = 1.0000 (epoch 61)
Epoch 61/70
WARNING:tensorflow:Can save best model only with val_composite available, skipping.
WARNING:tensorflow:Early stopping conditioned on metric `val_composite` which is not available. Available metrics are: loss,auc,val_loss,val_auc
56/56 - 1s - loss: 0.0646 - auc: 0.9546 - val_loss: 0.1859 - val_auc: 0.7526 - val_auc_custom: 0.7524 - val_f1_custom: 0.6769 - val_recall_custom: 0.6984 - val_composite: 0.7028 - val_precision_aware: 0.6819 - 1s/epoch - 20ms/step
Curriculum: set focal gamma = 1.0000 (epoch 62)
Epoch 62/70
WARNING:tensorflow:Can save best model only with val_composite available, skipping.
WARNING:tensorflow:Early stopping conditioned on metric `val_composite` which is not available. Available metrics are: loss,auc,val_loss,val_auc
56/56 - 1s - loss: 0.0646 - auc: 0.9521 - val_loss: 0.1784 - val_auc: 0.7620 - val_auc_custom: 0.7619 - val_f1_custom: 0.6720 - val_recall_custom: 0.6667 - val_composite: 0.6873 - val_precision_aware: 0.6927 - 1s/epoch - 20ms/step
Curriculum: set focal gamma = 1.0000 (epoch 63)
Epoch 63/70
WARNING:tensorflow:Can save best model only with val_composite available, skipping.
WARNING:tensorflow:Early stopping conditioned on metric `val_composite` which is not available. Available metrics are: loss,auc,val_loss,val_auc
56/56 - 1s - loss: 0.0753 - auc: 0.9368 - val_loss: 0.1843 - val_auc: 0.7433 - val_auc_custom: 0.7433 - val_f1_custom: 0.6271 - val_recall_custom: 0.5873 - val_composite: 0.6305 - val_precision_aware: 0.6732 - 1s/epoch - 21ms/step
Curriculum: set focal gamma = 1.0000 (epoch 64)
Epoch 64/70
WARNING:tensorflow:Can save best model only with val_composite available, skipping.
WARNING:tensorflow:Early stopping conditioned on metric `val_composite` which is not available. Available metrics are: loss,auc,val_loss,val_auc
56/56 - 1s - loss: 0.0631 - auc: 0.9575 - val_loss: 0.1714 - val_auc: 0.7608 - val_auc_custom: 0.7609 - val_f1_custom: 0.6723 - val_recall_custom: 0.6349 - val_composite: 0.6713 - val_precision_aware: 0.7110 - 1s/epoch - 20ms/step
Curriculum: set focal gamma = 1.0000 (epoch 65)
Epoch 65/70
WARNING:tensorflow:Can save best model only with val_composite available, skipping.
WARNING:tensorflow:Early stopping conditioned on metric `val_composite` which is not available. Available metrics are: loss,auc,val_loss,val_auc
56/56 - 1s - loss: 0.0672 - auc: 0.9485 - val_loss: 0.1857 - val_auc: 0.7607 - val_auc_custom: 0.7621 - val_f1_custom: 0.6923 - val_recall_custom: 0.7143 - val_composite: 0.7173 - val_precision_aware: 0.6959 - 1s/epoch - 21ms/step
Curriculum: set focal gamma = 1.0000 (epoch 66)
Epoch 66/70
WARNING:tensorflow:Can save best model only with val_composite available, skipping.
WARNING:tensorflow:Early stopping conditioned on metric `val_composite` which is not available. Available metrics are: loss,auc,val_loss,val_auc
56/56 - 1s - loss: 0.0646 - auc: 0.9527 - val_loss: 0.1960 - val_auc: 0.7177 - val_auc_custom: 0.7175 - val_f1_custom: 0.5664 - val_recall_custom: 0.5079 - val_composite: 0.5674 - val_precision_aware: 0.6334 - 1s/epoch - 20ms/step
Curriculum: set focal gamma = 1.0000 (epoch 67)
Epoch 67/70
WARNING:tensorflow:Can save best model only with val_composite available, skipping.
WARNING:tensorflow:Early stopping conditioned on metric `val_composite` which is not available. Available metrics are: loss,auc,val_loss,val_auc
56/56 - 1s - loss: 0.0631 - auc: 0.9547 - val_loss: 0.1880 - val_auc: 0.7978 - val_auc_custom: 0.7971 - val_f1_custom: 0.7568 - val_recall_custom: 0.8889 - val_composite: 0.8309 - val_precision_aware: 0.7159 - 1s/epoch - 21ms/step
Curriculum: set focal gamma = 1.0000 (epoch 68)
Epoch 68/70
WARNING:tensorflow:Can save best model only with val_composite available, skipping.
WARNING:tensorflow:Early stopping conditioned on metric `val_composite` which is not available. Available metrics are: loss,auc,val_loss,val_auc
56/56 - 1s - loss: 0.0738 - auc: 0.9386 - val_loss: 0.1685 - val_auc: 0.7692 - val_auc_custom: 0.7692 - val_f1_custom: 0.6496 - val_recall_custom: 0.6032 - val_composite: 0.6503 - val_precision_aware: 0.7006 - 1s/epoch - 20ms/step
Curriculum: set focal gamma = 1.0000 (epoch 69)
Epoch 69/70
WARNING:tensorflow:Can save best model only with val_composite available, skipping.
WARNING:tensorflow:Early stopping conditioned on metric `val_composite` which is not available. Available metrics are: loss,auc,val_loss,val_auc
56/56 - 1s - loss: 0.0640 - auc: 0.9540 - val_loss: 0.1657 - val_auc: 0.7667 - val_auc_custom: 0.7658 - val_f1_custom: 0.6387 - val_recall_custom: 0.6032 - val_composite: 0.6463 - val_precision_aware: 0.6840 - 1s/epoch - 20ms/step
Curriculum: set focal gamma = 1.0000 (epoch 70)
Epoch 70/70
WARNING:tensorflow:Can save best model only with val_composite available, skipping.
WARNING:tensorflow:Early stopping conditioned on metric `val_composite` which is not available. Available metrics are: loss,auc,val_loss,val_auc
56/56 - 1s - loss: 0.0668 - auc: 0.9493 - val_loss: 0.1865 - val_auc: 0.7836 - val_auc_custom: 0.7834 - val_f1_custom: 0.7571 - val_recall_custom: 0.8413 - val_composite: 0.8045 - val_precision_aware: 0.7280 - 1s/epoch - 22ms/step
Saved final weights to result_multi_seed_composite/seed3/01/final.weights
Mask config -> mode=soft, threshold=0.6, window_gate=None
Done. Results saved to result_multi_seed_composite/seed3/01
