2025-09-16 22:41:44.306772: I tensorflow/core/util/port.cc:110] oneDNN custom operations are on. You may see slightly different numerical results due to floating-point round-off errors from different computation orders. To turn them off, set the environment variable `TF_ENABLE_ONEDNN_OPTS=0`.
2025-09-16 22:41:44.614118: I tensorflow/core/platform/cpu_feature_guard.cc:182] This TensorFlow binary is optimized to use available CPU instructions in performance-critical operations.
To enable the following instructions: AVX2 AVX_VNNI FMA, in other operations, rebuild TensorFlow with the appropriate compiler flags.
2025-09-16 22:41:45.550092: W tensorflow/compiler/tf2tensorrt/utils/py_utils.cc:38] TF-TRT Warning: Could not find TensorRT
2025-09-16 22:41:46.564915: I tensorflow/compiler/xla/stream_executor/cuda/cuda_gpu_executor.cc:981] could not open file to read NUMA node: /sys/bus/pci/devices/0000:01:00.0/numa_node
Your kernel may have been built without NUMA support.
2025-09-16 22:41:46.715079: I tensorflow/compiler/xla/stream_executor/cuda/cuda_gpu_executor.cc:981] could not open file to read NUMA node: /sys/bus/pci/devices/0000:01:00.0/numa_node
Your kernel may have been built without NUMA support.
2025-09-16 22:41:46.715224: I tensorflow/compiler/xla/stream_executor/cuda/cuda_gpu_executor.cc:981] could not open file to read NUMA node: /sys/bus/pci/devices/0000:01:00.0/numa_node
Your kernel may have been built without NUMA support.
2025-09-16 22:41:46.718688: I tensorflow/compiler/xla/stream_executor/cuda/cuda_gpu_executor.cc:981] could not open file to read NUMA node: /sys/bus/pci/devices/0000:01:00.0/numa_node
Your kernel may have been built without NUMA support.
2025-09-16 22:41:46.718800: I tensorflow/compiler/xla/stream_executor/cuda/cuda_gpu_executor.cc:981] could not open file to read NUMA node: /sys/bus/pci/devices/0000:01:00.0/numa_node
Your kernel may have been built without NUMA support.
2025-09-16 22:41:46.718824: I tensorflow/compiler/xla/stream_executor/cuda/cuda_gpu_executor.cc:981] could not open file to read NUMA node: /sys/bus/pci/devices/0000:01:00.0/numa_node
Your kernel may have been built without NUMA support.
2025-09-16 22:41:46.993502: I tensorflow/compiler/xla/stream_executor/cuda/cuda_gpu_executor.cc:981] could not open file to read NUMA node: /sys/bus/pci/devices/0000:01:00.0/numa_node
Your kernel may have been built without NUMA support.
2025-09-16 22:41:46.993642: I tensorflow/compiler/xla/stream_executor/cuda/cuda_gpu_executor.cc:981] could not open file to read NUMA node: /sys/bus/pci/devices/0000:01:00.0/numa_node
Your kernel may have been built without NUMA support.
2025-09-16 22:41:46.993666: I tensorflow/core/common_runtime/gpu/gpu_device.cc:1726] Could not identify NUMA node of platform GPU id 0, defaulting to 0.  Your kernel may not have been built with NUMA support.
2025-09-16 22:41:46.993698: I tensorflow/compiler/xla/stream_executor/cuda/cuda_gpu_executor.cc:981] could not open file to read NUMA node: /sys/bus/pci/devices/0000:01:00.0/numa_node
Your kernel may have been built without NUMA support.
2025-09-16 22:41:46.993752: I tensorflow/core/common_runtime/gpu/gpu_device.cc:1639] Created device /job:localhost/replica:0/task:0/device:GPU:0 with 9517 MB memory:  -> device: 0, name: NVIDIA GeForce RTX 4070 SUPER, pci bus id: 0000:01:00.0, compute capability: 8.9
GPU detected: 1 physical, 1 logical -> ['/device:GPU:0']
Config: batch=16, accumulate_steps=8 -> effective_batch=128
Loaded (1276, 36, 75) (1276,)
Using mask channel "occlusion_flag" from long_raw (index 7)
Model: "cnn_bilstm_attn_masked"
__________________________________________________________________________________________________
 Layer (type)                Output Shape                 Param #   Connected to                  
==================================================================================================
 input (InputLayer)          [(None, 36, 75)]             0         []                            
                                                                                                  
 permute_time_features (Per  (None, 75, 36)               0         ['input[0][0]']               
 mute)                                                                                            
                                                                                                  
 conv0 (Conv1D)              (None, 75, 64)               6976      ['permute_time_features[0][0]'
                                                                    ]                             
                                                                                                  
 bn0 (BatchNormalization)    (None, 75, 64)               256       ['conv0[0][0]']               
                                                                                                  
 act0 (Activation)           (None, 75, 64)               0         ['bn0[0][0]']                 
                                                                                                  
 conv_dropout0 (Dropout)     (None, 75, 64)               0         ['act0[0][0]']                
                                                                                                  
 conv1 (Conv1D)              (None, 75, 64)               20544     ['conv_dropout0[0][0]']       
                                                                                                  
 bn1 (BatchNormalization)    (None, 75, 64)               256       ['conv1[0][0]']               
                                                                                                  
 act1 (Activation)           (None, 75, 64)               0         ['bn1[0][0]']                 
                                                                                                  
 conv_dropout1 (Dropout)     (None, 75, 64)               0         ['act1[0][0]']                
                                                                                                  
 conv2 (Conv1D)              (None, 75, 64)               12352     ['conv_dropout1[0][0]']       
                                                                                                  
 bn2 (BatchNormalization)    (None, 75, 64)               256       ['conv2[0][0]']               
                                                                                                  
 act2 (Activation)           (None, 75, 64)               0         ['bn2[0][0]']                 
                                                                                                  
 conv_dropout2 (Dropout)     (None, 75, 64)               0         ['act2[0][0]']                
                                                                                                  
 bilstm (Bidirectional)      (None, 75, 128)              66048     ['conv_dropout2[0][0]']       
                                                                                                  
 mlp_attn_u (Dense)          (None, 75, 32)               4128      ['bilstm[0][0]']              
                                                                                                  
 mlp_attn_score (Dense)      (None, 75, 1)                33        ['mlp_attn_u[0][0]']          
                                                                                                  
 mlp_attn_squeeze (Lambda)   (None, 75)                   0         ['mlp_attn_score[0][0]']      
                                                                                                  
 attn_mask (InputLayer)      [(None, 75)]                 0         []                            
                                                                                                  
 mlp_attn_apply_mask (Lambd  (None, 75)                   0         ['mlp_attn_squeeze[0][0]',    
 a)                                                                  'attn_mask[0][0]']           
                                                                                                  
 mlp_attn_softmax (Lambda)   (None, 75)                   0         ['mlp_attn_apply_mask[0][0]'] 
                                                                                                  
 mlp_attn_expand (Lambda)    (None, 75, 1)                0         ['mlp_attn_softmax[0][0]']    
                                                                                                  
 mlp_attn_weighted (Lambda)  (None, 128)                  0         ['bilstm[0][0]',              
                                                                     'mlp_attn_expand[0][0]']     
                                                                                                  
 fc1 (Dense)                 (None, 64)                   8256      ['mlp_attn_weighted[0][0]']   
                                                                                                  
 fc_dropout (Dropout)        (None, 64)                   0         ['fc1[0][0]']                 
                                                                                                  
 out (Dense)                 (None, 1)                    65        ['fc_dropout[0][0]']          
                                                                                                  
==================================================================================================
Total params: 119171 (465.51 KB)
Trainable params: 118786 (464.01 KB)
Non-trainable params: 385 (1.50 KB)
__________________________________________________________________________________________________
None
Writing results to /home/user/projects/train/model/long_window/CNN_BiLSTM/result_mask_sweep_60e/run_01/01
Curriculum: set focal gamma = 0.0000 (epoch 1)
Epoch 1/60
2025-09-16 22:41:52.453755: I tensorflow/compiler/xla/stream_executor/cuda/cuda_dnn.cc:432] Loaded cuDNN version 8600
2025-09-16 22:41:52.720756: I tensorflow/tsl/platform/default/subprocess.cc:304] Start cannot spawn child process: No such file or directory
2025-09-16 22:41:52.985781: I tensorflow/compiler/xla/stream_executor/cuda/cuda_blas.cc:606] TensorFloat-32 will be used for the matrix multiplication. This will only be logged once.
2025-09-16 22:41:53.545483: I tensorflow/compiler/xla/service/service.cc:168] XLA service 0x5efc8ac1ef60 initialized for platform CUDA (this does not guarantee that XLA will be used). Devices:
2025-09-16 22:41:53.545540: I tensorflow/compiler/xla/service/service.cc:176]   StreamExecutor device (0): NVIDIA GeForce RTX 4070 SUPER, Compute Capability 8.9
2025-09-16 22:41:53.583499: I tensorflow/compiler/mlir/tensorflow/utils/dump_mlir_util.cc:255] disabling MLIR crash reproducer, set env var `MLIR_CRASH_REPRODUCER_DIRECTORY` to enable.
2025-09-16 22:41:53.758133: I tensorflow/tsl/platform/default/subprocess.cc:304] Start cannot spawn child process: No such file or directory
2025-09-16 22:41:53.814867: I ./tensorflow/compiler/jit/device_compiler.h:186] Compiled cluster using XLA!  This line is logged at most once for the lifetime of the process.
56/56 - 9s - loss: 0.3359 - auc: 0.4805 - val_loss: 0.3383 - val_auc: 0.5338 - val_auc_custom: 0.5268 - val_f1_custom: 0.0000e+00 - val_recall_custom: 0.0000e+00 - 9s/epoch - 153ms/step
Curriculum: set focal gamma = 0.0789 (epoch 2)
Epoch 2/60
56/56 - 1s - loss: 0.2589 - auc: 0.5774 - val_loss: 0.2732 - val_auc: 0.5297 - val_auc_custom: 0.5263 - val_f1_custom: 0.0000e+00 - val_recall_custom: 0.0000e+00 - 1s/epoch - 21ms/step
Curriculum: set focal gamma = 0.1579 (epoch 3)
Epoch 3/60
56/56 - 1s - loss: 0.2345 - auc: 0.5777 - val_loss: 0.2355 - val_auc: 0.5435 - val_auc_custom: 0.5457 - val_f1_custom: 0.0000e+00 - val_recall_custom: 0.0000e+00 - 1s/epoch - 24ms/step
Curriculum: set focal gamma = 0.2368 (epoch 4)
Epoch 4/60
56/56 - 1s - loss: 0.2217 - auc: 0.6113 - val_loss: 0.2211 - val_auc: 0.5675 - val_auc_custom: 0.5683 - val_f1_custom: 0.0000e+00 - val_recall_custom: 0.0000e+00 - 1s/epoch - 25ms/step
Curriculum: set focal gamma = 0.3158 (epoch 5)
Epoch 5/60
56/56 - 1s - loss: 0.2047 - auc: 0.6341 - val_loss: 0.2087 - val_auc: 0.5782 - val_auc_custom: 0.5801 - val_f1_custom: 0.0000e+00 - val_recall_custom: 0.0000e+00 - 1s/epoch - 24ms/step
Curriculum: set focal gamma = 0.3947 (epoch 6)
Epoch 6/60
56/56 - 1s - loss: 0.1943 - auc: 0.6252 - val_loss: 0.1984 - val_auc: 0.5824 - val_auc_custom: 0.5829 - val_f1_custom: 0.0370 - val_recall_custom: 0.0189 - 1s/epoch - 23ms/step
Curriculum: set focal gamma = 0.4737 (epoch 7)
Epoch 7/60
56/56 - 1s - loss: 0.1821 - auc: 0.6463 - val_loss: 0.1881 - val_auc: 0.5872 - val_auc_custom: 0.5867 - val_f1_custom: 0.0727 - val_recall_custom: 0.0377 - 1s/epoch - 24ms/step
Curriculum: set focal gamma = 0.5526 (epoch 8)
Epoch 8/60
56/56 - 1s - loss: 0.1711 - auc: 0.6545 - val_loss: 0.1789 - val_auc: 0.5877 - val_auc_custom: 0.5872 - val_f1_custom: 0.1071 - val_recall_custom: 0.0566 - 1s/epoch - 25ms/step
Curriculum: set focal gamma = 0.6316 (epoch 9)
Epoch 9/60
56/56 - 1s - loss: 0.1621 - auc: 0.6508 - val_loss: 0.1689 - val_auc: 0.5897 - val_auc_custom: 0.5889 - val_f1_custom: 0.1404 - val_recall_custom: 0.0755 - 1s/epoch - 24ms/step
Curriculum: set focal gamma = 0.7105 (epoch 10)
Epoch 10/60
56/56 - 1s - loss: 0.1534 - auc: 0.6553 - val_loss: 0.1597 - val_auc: 0.5896 - val_auc_custom: 0.5927 - val_f1_custom: 0.1724 - val_recall_custom: 0.0943 - 1s/epoch - 22ms/step
Curriculum: set focal gamma = 0.7895 (epoch 11)
Epoch 11/60
56/56 - -1s - loss: 0.1431 - auc: 0.6764 - val_loss: 0.1506 - val_auc: 0.5956 - val_auc_custom: 0.5982 - val_f1_custom: 0.1404 - val_recall_custom: 0.0755 - -1468587us/epoch - -26225us/step
Curriculum: set focal gamma = 0.8684 (epoch 12)
Epoch 12/60
56/56 - 1s - loss: 0.1355 - auc: 0.6775 - val_loss: 0.1421 - val_auc: 0.6015 - val_auc_custom: 0.6020 - val_f1_custom: 0.1404 - val_recall_custom: 0.0755 - 1s/epoch - 23ms/step
Curriculum: set focal gamma = 0.9474 (epoch 13)
Epoch 13/60
56/56 - 1s - loss: 0.1261 - auc: 0.6944 - val_loss: 0.1347 - val_auc: 0.6116 - val_auc_custom: 0.6118 - val_f1_custom: 0.2034 - val_recall_custom: 0.1132 - 1s/epoch - 22ms/step
Curriculum: set focal gamma = 1.0263 (epoch 14)
Epoch 14/60
56/56 - 1s - loss: 0.1208 - auc: 0.6934 - val_loss: 0.1268 - val_auc: 0.6200 - val_auc_custom: 0.6189 - val_f1_custom: 0.1724 - val_recall_custom: 0.0943 - 1s/epoch - 23ms/step
Curriculum: set focal gamma = 1.1053 (epoch 15)
Epoch 15/60
56/56 - 1s - loss: 0.1132 - auc: 0.7063 - val_loss: 0.1198 - val_auc: 0.6299 - val_auc_custom: 0.6302 - val_f1_custom: 0.1667 - val_recall_custom: 0.0943 - 1s/epoch - 24ms/step
Curriculum: set focal gamma = 1.1842 (epoch 16)
Epoch 16/60
56/56 - 1s - loss: 0.1044 - auc: 0.7304 - val_loss: 0.1142 - val_auc: 0.6362 - val_auc_custom: 0.6362 - val_f1_custom: 0.2188 - val_recall_custom: 0.1321 - 1s/epoch - 23ms/step
Curriculum: set focal gamma = 1.2632 (epoch 17)
Epoch 17/60
56/56 - 1s - loss: 0.1020 - auc: 0.7137 - val_loss: 0.1080 - val_auc: 0.6527 - val_auc_custom: 0.6528 - val_f1_custom: 0.2188 - val_recall_custom: 0.1321 - 1s/epoch - 23ms/step
Curriculum: set focal gamma = 1.3421 (epoch 18)
Epoch 18/60
56/56 - 1s - loss: 0.0937 - auc: 0.7392 - val_loss: 0.1021 - val_auc: 0.6638 - val_auc_custom: 0.6644 - val_f1_custom: 0.2188 - val_recall_custom: 0.1321 - 1s/epoch - 23ms/step
Curriculum: set focal gamma = 1.4211 (epoch 19)
Epoch 19/60
56/56 - 1s - loss: 0.0889 - auc: 0.7404 - val_loss: 0.0955 - val_auc: 0.6762 - val_auc_custom: 0.6772 - val_f1_custom: 0.2188 - val_recall_custom: 0.1321 - 1s/epoch - 23ms/step
Curriculum: set focal gamma = 1.5000 (epoch 20)
Epoch 20/60
56/56 - 1s - loss: 0.0842 - auc: 0.7406 - val_loss: 0.0894 - val_auc: 0.6964 - val_auc_custom: 0.6958 - val_f1_custom: 0.2154 - val_recall_custom: 0.1321 - 1s/epoch - 24ms/step
Curriculum: set focal gamma = 1.5000 (epoch 21)
Epoch 21/60
56/56 - 1s - loss: 0.0816 - auc: 0.7620 - val_loss: 0.0899 - val_auc: 0.7001 - val_auc_custom: 0.7006 - val_f1_custom: 0.2647 - val_recall_custom: 0.1698 - 1s/epoch - 22ms/step
Curriculum: set focal gamma = 1.5000 (epoch 22)
Epoch 22/60
56/56 - 1s - loss: 0.0816 - auc: 0.7691 - val_loss: 0.0943 - val_auc: 0.6869 - val_auc_custom: 0.6870 - val_f1_custom: 0.3947 - val_recall_custom: 0.2830 - 1s/epoch - 21ms/step
Curriculum: set focal gamma = 1.5000 (epoch 23)
Epoch 23/60
56/56 - 1s - loss: 0.0828 - auc: 0.7523 - val_loss: 0.0896 - val_auc: 0.7130 - val_auc_custom: 0.7127 - val_f1_custom: 0.1846 - val_recall_custom: 0.1132 - 1s/epoch - 23ms/step
Curriculum: set focal gamma = 1.5000 (epoch 24)
Epoch 24/60
56/56 - 1s - loss: 0.0790 - auc: 0.7922 - val_loss: 0.0893 - val_auc: 0.7148 - val_auc_custom: 0.7157 - val_f1_custom: 0.2121 - val_recall_custom: 0.1321 - 1s/epoch - 23ms/step
Curriculum: set focal gamma = 1.5000 (epoch 25)
Epoch 25/60
56/56 - 1s - loss: 0.0796 - auc: 0.7762 - val_loss: 0.0893 - val_auc: 0.7260 - val_auc_custom: 0.7263 - val_f1_custom: 0.3288 - val_recall_custom: 0.2264 - 1s/epoch - 23ms/step
Curriculum: set focal gamma = 1.5000 (epoch 26)
Epoch 26/60
56/56 - 1s - loss: 0.0783 - auc: 0.7897 - val_loss: 0.0901 - val_auc: 0.7272 - val_auc_custom: 0.7278 - val_f1_custom: 0.3733 - val_recall_custom: 0.2642 - 1s/epoch - 22ms/step
Curriculum: set focal gamma = 1.5000 (epoch 27)
Epoch 27/60
56/56 - 1s - loss: 0.0774 - auc: 0.8066 - val_loss: 0.0888 - val_auc: 0.7364 - val_auc_custom: 0.7374 - val_f1_custom: 0.3733 - val_recall_custom: 0.2642 - 1s/epoch - 24ms/step
Curriculum: set focal gamma = 1.5000 (epoch 28)
Epoch 28/60
56/56 - 1s - loss: 0.0754 - auc: 0.8133 - val_loss: 0.0893 - val_auc: 0.7433 - val_auc_custom: 0.7439 - val_f1_custom: 0.4500 - val_recall_custom: 0.3396 - 1s/epoch - 23ms/step
Curriculum: set focal gamma = 1.5000 (epoch 29)
Epoch 29/60
56/56 - 1s - loss: 0.0755 - auc: 0.8123 - val_loss: 0.0889 - val_auc: 0.7483 - val_auc_custom: 0.7484 - val_f1_custom: 0.4444 - val_recall_custom: 0.3396 - 1s/epoch - 24ms/step
Curriculum: set focal gamma = 1.5000 (epoch 30)
Epoch 30/60
56/56 - 1s - loss: 0.0738 - auc: 0.8293 - val_loss: 0.0971 - val_auc: 0.7399 - val_auc_custom: 0.7399 - val_f1_custom: 0.6200 - val_recall_custom: 0.5849 - 1s/epoch - 21ms/step
Curriculum: set focal gamma = 1.5000 (epoch 31)
Epoch 31/60
56/56 - 1s - loss: 0.0723 - auc: 0.8341 - val_loss: 0.0878 - val_auc: 0.7536 - val_auc_custom: 0.7535 - val_f1_custom: 0.4304 - val_recall_custom: 0.3208 - 1s/epoch - 23ms/step
Curriculum: set focal gamma = 1.5000 (epoch 32)
Epoch 32/60
56/56 - 1s - loss: 0.0728 - auc: 0.8258 - val_loss: 0.0972 - val_auc: 0.7303 - val_auc_custom: 0.7311 - val_f1_custom: 0.5979 - val_recall_custom: 0.5472 - 1s/epoch - 23ms/step
Curriculum: set focal gamma = 1.5000 (epoch 33)
Epoch 33/60
56/56 - 1s - loss: 0.0711 - auc: 0.8396 - val_loss: 0.0892 - val_auc: 0.7533 - val_auc_custom: 0.7527 - val_f1_custom: 0.5349 - val_recall_custom: 0.4340 - 1s/epoch - 23ms/step
Curriculum: set focal gamma = 1.5000 (epoch 34)
Epoch 34/60
56/56 - 1s - loss: 0.0698 - auc: 0.8505 - val_loss: 0.1011 - val_auc: 0.7424 - val_auc_custom: 0.7429 - val_f1_custom: 0.6535 - val_recall_custom: 0.6226 - 1s/epoch - 22ms/step
Curriculum: set focal gamma = 1.5000 (epoch 35)
Epoch 35/60
56/56 - 1s - loss: 0.0698 - auc: 0.8486 - val_loss: 0.0953 - val_auc: 0.7401 - val_auc_custom: 0.7401 - val_f1_custom: 0.5806 - val_recall_custom: 0.5094 - 1s/epoch - 21ms/step
Curriculum: set focal gamma = 1.5000 (epoch 36)
Epoch 36/60
56/56 - -2s - loss: 0.0665 - auc: 0.8638 - val_loss: 0.0943 - val_auc: 0.7454 - val_auc_custom: 0.7457 - val_f1_custom: 0.5393 - val_recall_custom: 0.4528 - -1657823us/epoch - -29604us/step
Curriculum: set focal gamma = 1.5000 (epoch 37)
Epoch 37/60
56/56 - 1s - loss: 0.0697 - auc: 0.8459 - val_loss: 0.0949 - val_auc: 0.7567 - val_auc_custom: 0.7567 - val_f1_custom: 0.5957 - val_recall_custom: 0.5283 - 1s/epoch - 24ms/step
Curriculum: set focal gamma = 1.5000 (epoch 38)
Epoch 38/60
56/56 - 1s - loss: 0.0676 - auc: 0.8611 - val_loss: 0.0978 - val_auc: 0.7418 - val_auc_custom: 0.7424 - val_f1_custom: 0.6105 - val_recall_custom: 0.5472 - 1s/epoch - 21ms/step
Curriculum: set focal gamma = 1.5000 (epoch 39)
Epoch 39/60
56/56 - 1s - loss: 0.0646 - auc: 0.8762 - val_loss: 0.1006 - val_auc: 0.7448 - val_auc_custom: 0.7444 - val_f1_custom: 0.5957 - val_recall_custom: 0.5283 - 1s/epoch - 21ms/step
Curriculum: set focal gamma = 1.5000 (epoch 40)
Epoch 40/60
56/56 - 1s - loss: 0.0667 - auc: 0.8643 - val_loss: 0.0955 - val_auc: 0.7548 - val_auc_custom: 0.7532 - val_f1_custom: 0.6022 - val_recall_custom: 0.5283 - 1s/epoch - 21ms/step
Curriculum: set focal gamma = 1.5000 (epoch 41)
Epoch 41/60
56/56 - 1s - loss: 0.0615 - auc: 0.8883 - val_loss: 0.1062 - val_auc: 0.7487 - val_auc_custom: 0.7489 - val_f1_custom: 0.6415 - val_recall_custom: 0.6415 - 1s/epoch - 22ms/step
Curriculum: set focal gamma = 1.5000 (epoch 42)
Epoch 42/60
56/56 - 1s - loss: 0.0633 - auc: 0.8774 - val_loss: 0.0989 - val_auc: 0.7604 - val_auc_custom: 0.7613 - val_f1_custom: 0.6105 - val_recall_custom: 0.5472 - 1s/epoch - 23ms/step
Curriculum: set focal gamma = 1.5000 (epoch 43)
Epoch 43/60
56/56 - 1s - loss: 0.0630 - auc: 0.8824 - val_loss: 0.1136 - val_auc: 0.7355 - val_auc_custom: 0.7346 - val_f1_custom: 0.6545 - val_recall_custom: 0.6792 - 1s/epoch - 21ms/step
Curriculum: set focal gamma = 1.5000 (epoch 44)
Epoch 44/60
56/56 - 1s - loss: 0.0594 - auc: 0.8996 - val_loss: 0.0996 - val_auc: 0.7665 - val_auc_custom: 0.7655 - val_f1_custom: 0.5227 - val_recall_custom: 0.4340 - 1s/epoch - 23ms/step
Curriculum: set focal gamma = 1.5000 (epoch 45)
Epoch 45/60
56/56 - 1s - loss: 0.0635 - auc: 0.8824 - val_loss: 0.1067 - val_auc: 0.7487 - val_auc_custom: 0.7494 - val_f1_custom: 0.6542 - val_recall_custom: 0.6604 - 1s/epoch - 21ms/step
Curriculum: set focal gamma = 1.5000 (epoch 46)
Epoch 46/60
56/56 - 1s - loss: 0.0601 - auc: 0.8914 - val_loss: 0.0936 - val_auc: 0.7792 - val_auc_custom: 0.7799 - val_f1_custom: 0.5778 - val_recall_custom: 0.4906 - 1s/epoch - 23ms/step
Curriculum: set focal gamma = 1.5000 (epoch 47)
Epoch 47/60
56/56 - 1s - loss: 0.0576 - auc: 0.9035 - val_loss: 0.0993 - val_auc: 0.7707 - val_auc_custom: 0.7723 - val_f1_custom: 0.6531 - val_recall_custom: 0.6038 - 1s/epoch - 21ms/step
Curriculum: set focal gamma = 1.5000 (epoch 48)
Epoch 48/60
56/56 - 1s - loss: 0.0527 - auc: 0.9206 - val_loss: 0.0981 - val_auc: 0.7803 - val_auc_custom: 0.7799 - val_f1_custom: 0.6598 - val_recall_custom: 0.6038 - 1s/epoch - 23ms/step
Curriculum: set focal gamma = 1.5000 (epoch 49)
Epoch 49/60
56/56 - 1s - loss: 0.0592 - auc: 0.8940 - val_loss: 0.1045 - val_auc: 0.7623 - val_auc_custom: 0.7618 - val_f1_custom: 0.6667 - val_recall_custom: 0.6415 - 1s/epoch - 21ms/step
Curriculum: set focal gamma = 1.5000 (epoch 50)
Epoch 50/60
56/56 - 1s - loss: 0.0573 - auc: 0.9036 - val_loss: 0.1010 - val_auc: 0.7738 - val_auc_custom: 0.7743 - val_f1_custom: 0.6531 - val_recall_custom: 0.6038 - 1s/epoch - 22ms/step
Curriculum: set focal gamma = 1.5000 (epoch 51)
Epoch 51/60
56/56 - 1s - loss: 0.0521 - auc: 0.9250 - val_loss: 0.1029 - val_auc: 0.7610 - val_auc_custom: 0.7613 - val_f1_custom: 0.6327 - val_recall_custom: 0.5849 - 1s/epoch - 21ms/step
Curriculum: set focal gamma = 1.5000 (epoch 52)
Epoch 52/60
56/56 - 1s - loss: 0.0566 - auc: 0.9050 - val_loss: 0.1061 - val_auc: 0.7702 - val_auc_custom: 0.7706 - val_f1_custom: 0.6337 - val_recall_custom: 0.6038 - 1s/epoch - 21ms/step
Curriculum: set focal gamma = 1.5000 (epoch 53)
Epoch 53/60
56/56 - 1s - loss: 0.0541 - auc: 0.9130 - val_loss: 0.1201 - val_auc: 0.7462 - val_auc_custom: 0.7454 - val_f1_custom: 0.6486 - val_recall_custom: 0.6792 - 1s/epoch - 22ms/step
Curriculum: set focal gamma = 1.5000 (epoch 54)
Epoch 54/60
56/56 - 1s - loss: 0.0539 - auc: 0.9152 - val_loss: 0.1093 - val_auc: 0.7681 - val_auc_custom: 0.7688 - val_f1_custom: 0.6408 - val_recall_custom: 0.6226 - 1s/epoch - 22ms/step
Curriculum: set focal gamma = 1.5000 (epoch 55)
Epoch 55/60
56/56 - 1s - loss: 0.0540 - auc: 0.9148 - val_loss: 0.1086 - val_auc: 0.7760 - val_auc_custom: 0.7766 - val_f1_custom: 0.6667 - val_recall_custom: 0.6604 - 1s/epoch - 22ms/step
Curriculum: set focal gamma = 1.5000 (epoch 56)
Epoch 56/60
56/56 - 1s - loss: 0.0526 - auc: 0.9169 - val_loss: 0.1253 - val_auc: 0.7645 - val_auc_custom: 0.7643 - val_f1_custom: 0.6667 - val_recall_custom: 0.7170 - 1s/epoch - 21ms/step
Curriculum: set focal gamma = 1.5000 (epoch 57)
Epoch 57/60
56/56 - 1s - loss: 0.0514 - auc: 0.9245 - val_loss: 0.1248 - val_auc: 0.7580 - val_auc_custom: 0.7575 - val_f1_custom: 0.6667 - val_recall_custom: 0.6981 - 1s/epoch - 21ms/step
Curriculum: set focal gamma = 1.5000 (epoch 58)
Epoch 58/60
56/56 - 1s - loss: 0.0493 - auc: 0.9328 - val_loss: 0.1125 - val_auc: 0.7838 - val_auc_custom: 0.7842 - val_f1_custom: 0.6263 - val_recall_custom: 0.5849 - 1s/epoch - 23ms/step
Curriculum: set focal gamma = 1.5000 (epoch 59)
Epoch 59/60
56/56 - 1s - loss: 0.0514 - auc: 0.9259 - val_loss: 0.1666 - val_auc: 0.7267 - val_auc_custom: 0.7260 - val_f1_custom: 0.6393 - val_recall_custom: 0.7358 - 1s/epoch - 21ms/step
Curriculum: set focal gamma = 1.5000 (epoch 60)
Epoch 60/60
56/56 - 1s - loss: 0.0536 - auc: 0.9205 - val_loss: 0.1073 - val_auc: 0.7917 - val_auc_custom: 0.7917 - val_f1_custom: 0.5843 - val_recall_custom: 0.4906 - 1s/epoch - 22ms/step
Mask config -> mode=soft, threshold=0.6, window_gate=None
Done. Results saved to /home/user/projects/train/model/long_window/CNN_BiLSTM/result_mask_sweep_60e/run_01/01
