2025-09-17 03:12:56.904549: I tensorflow/core/util/port.cc:110] oneDNN custom operations are on. You may see slightly different numerical results due to floating-point round-off errors from different computation orders. To turn them off, set the environment variable `TF_ENABLE_ONEDNN_OPTS=0`.
2025-09-17 03:12:56.934092: I tensorflow/core/platform/cpu_feature_guard.cc:182] This TensorFlow binary is optimized to use available CPU instructions in performance-critical operations.
To enable the following instructions: AVX2 AVX_VNNI FMA, in other operations, rebuild TensorFlow with the appropriate compiler flags.
2025-09-17 03:12:57.367629: W tensorflow/compiler/tf2tensorrt/utils/py_utils.cc:38] TF-TRT Warning: Could not find TensorRT
2025-09-17 03:12:57.783936: I tensorflow/compiler/xla/stream_executor/cuda/cuda_gpu_executor.cc:981] could not open file to read NUMA node: /sys/bus/pci/devices/0000:01:00.0/numa_node
Your kernel may have been built without NUMA support.
2025-09-17 03:12:57.802634: I tensorflow/compiler/xla/stream_executor/cuda/cuda_gpu_executor.cc:981] could not open file to read NUMA node: /sys/bus/pci/devices/0000:01:00.0/numa_node
Your kernel may have been built without NUMA support.
2025-09-17 03:12:57.802734: I tensorflow/compiler/xla/stream_executor/cuda/cuda_gpu_executor.cc:981] could not open file to read NUMA node: /sys/bus/pci/devices/0000:01:00.0/numa_node
Your kernel may have been built without NUMA support.
2025-09-17 03:12:57.803797: I tensorflow/compiler/xla/stream_executor/cuda/cuda_gpu_executor.cc:981] could not open file to read NUMA node: /sys/bus/pci/devices/0000:01:00.0/numa_node
Your kernel may have been built without NUMA support.
2025-09-17 03:12:57.803870: I tensorflow/compiler/xla/stream_executor/cuda/cuda_gpu_executor.cc:981] could not open file to read NUMA node: /sys/bus/pci/devices/0000:01:00.0/numa_node
Your kernel may have been built without NUMA support.
2025-09-17 03:12:57.803894: I tensorflow/compiler/xla/stream_executor/cuda/cuda_gpu_executor.cc:981] could not open file to read NUMA node: /sys/bus/pci/devices/0000:01:00.0/numa_node
Your kernel may have been built without NUMA support.
2025-09-17 03:12:57.904387: I tensorflow/compiler/xla/stream_executor/cuda/cuda_gpu_executor.cc:981] could not open file to read NUMA node: /sys/bus/pci/devices/0000:01:00.0/numa_node
Your kernel may have been built without NUMA support.
2025-09-17 03:12:57.904512: I tensorflow/compiler/xla/stream_executor/cuda/cuda_gpu_executor.cc:981] could not open file to read NUMA node: /sys/bus/pci/devices/0000:01:00.0/numa_node
Your kernel may have been built without NUMA support.
2025-09-17 03:12:57.904524: I tensorflow/core/common_runtime/gpu/gpu_device.cc:1726] Could not identify NUMA node of platform GPU id 0, defaulting to 0.  Your kernel may not have been built with NUMA support.
2025-09-17 03:12:57.904550: I tensorflow/compiler/xla/stream_executor/cuda/cuda_gpu_executor.cc:981] could not open file to read NUMA node: /sys/bus/pci/devices/0000:01:00.0/numa_node
Your kernel may have been built without NUMA support.
2025-09-17 03:12:57.904584: I tensorflow/core/common_runtime/gpu/gpu_device.cc:1639] Created device /job:localhost/replica:0/task:0/device:GPU:0 with 9517 MB memory:  -> device: 0, name: NVIDIA GeForce RTX 4070 SUPER, pci bus id: 0000:01:00.0, compute capability: 8.9
GPU detected: 1 physical, 1 logical -> ['/device:GPU:0']
Config: batch=16, accumulate_steps=8 -> effective_batch=128
Loaded (1276, 36, 75) (1276,)
Using mask channel "occlusion_flag" from long_raw (index 7)
Model: "cnn_bilstm_attn_masked"
__________________________________________________________________________________________________
 Layer (type)                Output Shape                 Param #   Connected to                  
==================================================================================================
 input (InputLayer)          [(None, 36, 75)]             0         []                            
                                                                                                  
 permute_time_features (Per  (None, 75, 36)               0         ['input[0][0]']               
 mute)                                                                                            
                                                                                                  
 conv0 (Conv1D)              (None, 75, 64)               6976      ['permute_time_features[0][0]'
                                                                    ]                             
                                                                                                  
 bn0 (BatchNormalization)    (None, 75, 64)               256       ['conv0[0][0]']               
                                                                                                  
 act0 (Activation)           (None, 75, 64)               0         ['bn0[0][0]']                 
                                                                                                  
 conv_dropout0 (Dropout)     (None, 75, 64)               0         ['act0[0][0]']                
                                                                                                  
 conv1 (Conv1D)              (None, 75, 64)               20544     ['conv_dropout0[0][0]']       
                                                                                                  
 bn1 (BatchNormalization)    (None, 75, 64)               256       ['conv1[0][0]']               
                                                                                                  
 act1 (Activation)           (None, 75, 64)               0         ['bn1[0][0]']                 
                                                                                                  
 conv_dropout1 (Dropout)     (None, 75, 64)               0         ['act1[0][0]']                
                                                                                                  
 conv2 (Conv1D)              (None, 75, 64)               12352     ['conv_dropout1[0][0]']       
                                                                                                  
 bn2 (BatchNormalization)    (None, 75, 64)               256       ['conv2[0][0]']               
                                                                                                  
 act2 (Activation)           (None, 75, 64)               0         ['bn2[0][0]']                 
                                                                                                  
 conv_dropout2 (Dropout)     (None, 75, 64)               0         ['act2[0][0]']                
                                                                                                  
 bilstm (Bidirectional)      (None, 75, 128)              66048     ['conv_dropout2[0][0]']       
                                                                                                  
 mlp_attn_u (Dense)          (None, 75, 32)               4128      ['bilstm[0][0]']              
                                                                                                  
 mlp_attn_score (Dense)      (None, 75, 1)                33        ['mlp_attn_u[0][0]']          
                                                                                                  
 mlp_attn_squeeze (Lambda)   (None, 75)                   0         ['mlp_attn_score[0][0]']      
                                                                                                  
 attn_mask (InputLayer)      [(None, 75)]                 0         []                            
                                                                                                  
 mlp_attn_apply_mask (Lambd  (None, 75)                   0         ['mlp_attn_squeeze[0][0]',    
 a)                                                                  'attn_mask[0][0]']           
                                                                                                  
 mlp_attn_softmax (Lambda)   (None, 75)                   0         ['mlp_attn_apply_mask[0][0]'] 
                                                                                                  
 mlp_attn_expand (Lambda)    (None, 75, 1)                0         ['mlp_attn_softmax[0][0]']    
                                                                                                  
 mlp_attn_weighted (Lambda)  (None, 128)                  0         ['bilstm[0][0]',              
                                                                     'mlp_attn_expand[0][0]']     
                                                                                                  
 fc1 (Dense)                 (None, 64)                   8256      ['mlp_attn_weighted[0][0]']   
                                                                                                  
 fc_dropout (Dropout)        (None, 64)                   0         ['fc1[0][0]']                 
                                                                                                  
 out (Dense)                 (None, 1)                    65        ['fc_dropout[0][0]']          
                                                                                                  
==================================================================================================
Total params: 119171 (465.51 KB)
Trainable params: 118786 (464.01 KB)
Non-trainable params: 385 (1.50 KB)
__________________________________________________________________________________________________
None
Writing results to /home/user/projects/train/model/long_window/CNN_BiLSTM/result_focal_sweep/cw03_fg06/01
Curriculum: set focal gamma = 0.0000 (epoch 1)
Epoch 1/70
2025-09-17 03:13:02.733324: I tensorflow/compiler/xla/stream_executor/cuda/cuda_dnn.cc:432] Loaded cuDNN version 8600
2025-09-17 03:13:02.807787: I tensorflow/tsl/platform/default/subprocess.cc:304] Start cannot spawn child process: No such file or directory
2025-09-17 03:13:02.947255: I tensorflow/compiler/xla/stream_executor/cuda/cuda_blas.cc:606] TensorFloat-32 will be used for the matrix multiplication. This will only be logged once.
2025-09-17 03:13:03.289222: I tensorflow/compiler/xla/service/service.cc:168] XLA service 0x5bb4900d8da0 initialized for platform CUDA (this does not guarantee that XLA will be used). Devices:
2025-09-17 03:13:03.289274: I tensorflow/compiler/xla/service/service.cc:176]   StreamExecutor device (0): NVIDIA GeForce RTX 4070 SUPER, Compute Capability 8.9
2025-09-17 03:13:03.292859: I tensorflow/compiler/mlir/tensorflow/utils/dump_mlir_util.cc:255] disabling MLIR crash reproducer, set env var `MLIR_CRASH_REPRODUCER_DIRECTORY` to enable.
2025-09-17 03:13:03.346632: I tensorflow/tsl/platform/default/subprocess.cc:304] Start cannot spawn child process: No such file or directory
2025-09-17 03:13:03.381113: I ./tensorflow/compiler/jit/device_compiler.h:186] Compiled cluster using XLA!  This line is logged at most once for the lifetime of the process.
56/56 - 7s - loss: 0.2473 - auc: 0.5120 - val_loss: 0.3106 - val_auc: 0.5304 - val_auc_custom: 0.5351 - val_f1_custom: 0.0000e+00 - val_recall_custom: 0.0000e+00 - 7s/epoch - 130ms/step
Curriculum: set focal gamma = 0.0789 (epoch 2)
Epoch 2/70
56/56 - 1s - loss: 0.1550 - auc: 0.5235 - val_loss: 0.2109 - val_auc: 0.5223 - val_auc_custom: 0.5213 - val_f1_custom: 0.0000e+00 - val_recall_custom: 0.0000e+00 - 1s/epoch - 23ms/step
Curriculum: set focal gamma = 0.1579 (epoch 3)
Epoch 3/70
56/56 - 1s - loss: 0.1141 - auc: 0.5477 - val_loss: 0.1432 - val_auc: 0.5288 - val_auc_custom: 0.5328 - val_f1_custom: 0.0000e+00 - val_recall_custom: 0.0000e+00 - 1s/epoch - 24ms/step
Curriculum: set focal gamma = 0.2368 (epoch 4)
Epoch 4/70
56/56 - 1s - loss: 0.1062 - auc: 0.5389 - val_loss: 0.1245 - val_auc: 0.5535 - val_auc_custom: 0.5552 - val_f1_custom: 0.0000e+00 - val_recall_custom: 0.0000e+00 - 1s/epoch - 23ms/step
Curriculum: set focal gamma = 0.3158 (epoch 5)
Epoch 5/70
56/56 - -1s - loss: 0.1008 - auc: 0.5872 - val_loss: 0.1196 - val_auc: 0.5757 - val_auc_custom: 0.5726 - val_f1_custom: 0.0000e+00 - val_recall_custom: 0.0000e+00 - -1439875us/epoch - -25712us/step
Curriculum: set focal gamma = 0.3947 (epoch 6)
Epoch 6/70
56/56 - 1s - loss: 0.0939 - auc: 0.6032 - val_loss: 0.1132 - val_auc: 0.5824 - val_auc_custom: 0.5884 - val_f1_custom: 0.0000e+00 - val_recall_custom: 0.0000e+00 - 1s/epoch - 23ms/step
Curriculum: set focal gamma = 0.4737 (epoch 7)
Epoch 7/70
56/56 - 1s - loss: 0.0870 - auc: 0.6164 - val_loss: 0.1064 - val_auc: 0.5957 - val_auc_custom: 0.5932 - val_f1_custom: 0.0000e+00 - val_recall_custom: 0.0000e+00 - 1s/epoch - 24ms/step
Curriculum: set focal gamma = 0.5526 (epoch 8)
Epoch 8/70
56/56 - 1s - loss: 0.0837 - auc: 0.6076 - val_loss: 0.1006 - val_auc: 0.5925 - val_auc_custom: 0.5902 - val_f1_custom: 0.0000e+00 - val_recall_custom: 0.0000e+00 - 1s/epoch - 22ms/step
Curriculum: set focal gamma = 0.6316 (epoch 9)
Epoch 9/70
56/56 - 1s - loss: 0.0783 - auc: 0.6215 - val_loss: 0.0957 - val_auc: 0.5845 - val_auc_custom: 0.5864 - val_f1_custom: 0.0000e+00 - val_recall_custom: 0.0000e+00 - 1s/epoch - 22ms/step
Curriculum: set focal gamma = 0.7105 (epoch 10)
Epoch 10/70
56/56 - 1s - loss: 0.0727 - auc: 0.6566 - val_loss: 0.0909 - val_auc: 0.5824 - val_auc_custom: 0.5831 - val_f1_custom: 0.0000e+00 - val_recall_custom: 0.0000e+00 - 1s/epoch - 22ms/step
Curriculum: set focal gamma = 0.7895 (epoch 11)
Epoch 11/70
56/56 - 1s - loss: 0.0707 - auc: 0.6240 - val_loss: 0.0864 - val_auc: 0.5834 - val_auc_custom: 0.5849 - val_f1_custom: 0.0000e+00 - val_recall_custom: 0.0000e+00 - 1s/epoch - 23ms/step
Curriculum: set focal gamma = 0.8684 (epoch 12)
Epoch 12/70
56/56 - 1s - loss: 0.0661 - auc: 0.6444 - val_loss: 0.0822 - val_auc: 0.5884 - val_auc_custom: 0.5869 - val_f1_custom: 0.0000e+00 - val_recall_custom: 0.0000e+00 - 1s/epoch - 22ms/step
Curriculum: set focal gamma = 0.9474 (epoch 13)
Epoch 13/70
56/56 - 1s - loss: 0.0630 - auc: 0.6464 - val_loss: 0.0782 - val_auc: 0.5923 - val_auc_custom: 0.5892 - val_f1_custom: 0.0000e+00 - val_recall_custom: 0.0000e+00 - 1s/epoch - 22ms/step
Curriculum: set focal gamma = 1.0263 (epoch 14)
Epoch 14/70
56/56 - 1s - loss: 0.0583 - auc: 0.6865 - val_loss: 0.0743 - val_auc: 0.5971 - val_auc_custom: 0.5947 - val_f1_custom: 0.0000e+00 - val_recall_custom: 0.0000e+00 - 1s/epoch - 24ms/step
Curriculum: set focal gamma = 1.1053 (epoch 15)
Epoch 15/70
56/56 - 1s - loss: 0.0567 - auc: 0.6590 - val_loss: 0.0703 - val_auc: 0.6058 - val_auc_custom: 0.6038 - val_f1_custom: 0.0000e+00 - val_recall_custom: 0.0000e+00 - 1s/epoch - 24ms/step
Curriculum: set focal gamma = 1.1842 (epoch 16)
Epoch 16/70
56/56 - 1s - loss: 0.0529 - auc: 0.6777 - val_loss: 0.0667 - val_auc: 0.6181 - val_auc_custom: 0.6128 - val_f1_custom: 0.0000e+00 - val_recall_custom: 0.0000e+00 - 1s/epoch - 24ms/step
Curriculum: set focal gamma = 1.2632 (epoch 17)
Epoch 17/70
56/56 - 1s - loss: 0.0508 - auc: 0.6714 - val_loss: 0.0633 - val_auc: 0.6268 - val_auc_custom: 0.6257 - val_f1_custom: 0.0000e+00 - val_recall_custom: 0.0000e+00 - 1s/epoch - 26ms/step
Curriculum: set focal gamma = 1.3421 (epoch 18)
Epoch 18/70
56/56 - 1s - loss: 0.0484 - auc: 0.6689 - val_loss: 0.0601 - val_auc: 0.6323 - val_auc_custom: 0.6340 - val_f1_custom: 0.0000e+00 - val_recall_custom: 0.0000e+00 - 1s/epoch - 24ms/step
Curriculum: set focal gamma = 1.4211 (epoch 19)
Epoch 19/70
56/56 - 1s - loss: 0.0460 - auc: 0.6744 - val_loss: 0.0574 - val_auc: 0.6399 - val_auc_custom: 0.6387 - val_f1_custom: 0.0000e+00 - val_recall_custom: 0.0000e+00 - 1s/epoch - 24ms/step
Curriculum: set focal gamma = 1.5000 (epoch 20)
Epoch 20/70
56/56 - 1s - loss: 0.0427 - auc: 0.7017 - val_loss: 0.0546 - val_auc: 0.6435 - val_auc_custom: 0.6443 - val_f1_custom: 0.0000e+00 - val_recall_custom: 0.0000e+00 - 1s/epoch - 23ms/step
Curriculum: set focal gamma = 1.5000 (epoch 21)
Epoch 21/70
56/56 - 1s - loss: 0.0424 - auc: 0.7113 - val_loss: 0.0544 - val_auc: 0.6439 - val_auc_custom: 0.6448 - val_f1_custom: 0.0000e+00 - val_recall_custom: 0.0000e+00 - 1s/epoch - 23ms/step
Curriculum: set focal gamma = 1.5000 (epoch 22)
Epoch 22/70
56/56 - 1s - loss: 0.0418 - auc: 0.7260 - val_loss: 0.0545 - val_auc: 0.6484 - val_auc_custom: 0.6486 - val_f1_custom: 0.0000e+00 - val_recall_custom: 0.0000e+00 - 1s/epoch - 24ms/step
Curriculum: set focal gamma = 1.5000 (epoch 23)
Epoch 23/70
56/56 - 1s - loss: 0.0424 - auc: 0.7065 - val_loss: 0.0544 - val_auc: 0.6525 - val_auc_custom: 0.6518 - val_f1_custom: 0.0000e+00 - val_recall_custom: 0.0000e+00 - 1s/epoch - 24ms/step
Curriculum: set focal gamma = 1.5000 (epoch 24)
Epoch 24/70
56/56 - 1s - loss: 0.0423 - auc: 0.7102 - val_loss: 0.0547 - val_auc: 0.6628 - val_auc_custom: 0.6596 - val_f1_custom: 0.0000e+00 - val_recall_custom: 0.0000e+00 - 1s/epoch - 23ms/step
Curriculum: set focal gamma = 1.5000 (epoch 25)
Epoch 25/70
56/56 - 1s - loss: 0.0406 - auc: 0.7469 - val_loss: 0.0549 - val_auc: 0.6670 - val_auc_custom: 0.6647 - val_f1_custom: 0.0000e+00 - val_recall_custom: 0.0000e+00 - 1s/epoch - 24ms/step
Curriculum: set focal gamma = 1.5000 (epoch 26)
Epoch 26/70
56/56 - 1s - loss: 0.0418 - auc: 0.7267 - val_loss: 0.0546 - val_auc: 0.6688 - val_auc_custom: 0.6709 - val_f1_custom: 0.0000e+00 - val_recall_custom: 0.0000e+00 - 1s/epoch - 24ms/step
Curriculum: set focal gamma = 1.5000 (epoch 27)
Epoch 27/70
56/56 - 1s - loss: 0.0407 - auc: 0.7463 - val_loss: 0.0544 - val_auc: 0.6752 - val_auc_custom: 0.6735 - val_f1_custom: 0.0370 - val_recall_custom: 0.0189 - 1s/epoch - 24ms/step
Curriculum: set focal gamma = 1.5000 (epoch 28)
Epoch 28/70
56/56 - 1s - loss: 0.0408 - auc: 0.7417 - val_loss: 0.0553 - val_auc: 0.6755 - val_auc_custom: 0.6770 - val_f1_custom: 0.0714 - val_recall_custom: 0.0377 - 1s/epoch - 24ms/step
Curriculum: set focal gamma = 1.5000 (epoch 29)
Epoch 29/70
56/56 - 1s - loss: 0.0404 - auc: 0.7548 - val_loss: 0.0557 - val_auc: 0.6799 - val_auc_custom: 0.6777 - val_f1_custom: 0.0714 - val_recall_custom: 0.0377 - 1s/epoch - 24ms/step
Curriculum: set focal gamma = 1.5000 (epoch 30)
Epoch 30/70
56/56 - -2s - loss: 0.0410 - auc: 0.7452 - val_loss: 0.0552 - val_auc: 0.6889 - val_auc_custom: 0.6878 - val_f1_custom: 0.0714 - val_recall_custom: 0.0377 - -1537303us/epoch - -27452us/step
Curriculum: set focal gamma = 1.5000 (epoch 31)
Epoch 31/70
56/56 - 1s - loss: 0.0401 - auc: 0.7657 - val_loss: 0.0561 - val_auc: 0.6948 - val_auc_custom: 0.6938 - val_f1_custom: 0.1053 - val_recall_custom: 0.0566 - 1s/epoch - 24ms/step
Curriculum: set focal gamma = 1.5000 (epoch 32)
Epoch 32/70
56/56 - 1s - loss: 0.0395 - auc: 0.7719 - val_loss: 0.0562 - val_auc: 0.7009 - val_auc_custom: 0.6996 - val_f1_custom: 0.1356 - val_recall_custom: 0.0755 - 1s/epoch - 24ms/step
Curriculum: set focal gamma = 1.5000 (epoch 33)
Epoch 33/70
56/56 - 1s - loss: 0.0390 - auc: 0.7711 - val_loss: 0.0555 - val_auc: 0.7009 - val_auc_custom: 0.7006 - val_f1_custom: 0.0702 - val_recall_custom: 0.0377 - 1s/epoch - 24ms/step
Curriculum: set focal gamma = 1.5000 (epoch 34)
Epoch 34/70
56/56 - 1s - loss: 0.0399 - auc: 0.7660 - val_loss: 0.0546 - val_auc: 0.7165 - val_auc_custom: 0.7175 - val_f1_custom: 0.0364 - val_recall_custom: 0.0189 - 1s/epoch - 24ms/step
Curriculum: set focal gamma = 1.5000 (epoch 35)
Epoch 35/70
56/56 - 1s - loss: 0.0384 - auc: 0.7845 - val_loss: 0.0569 - val_auc: 0.7211 - val_auc_custom: 0.7213 - val_f1_custom: 0.1333 - val_recall_custom: 0.0755 - 1s/epoch - 24ms/step
Curriculum: set focal gamma = 1.5000 (epoch 36)
Epoch 36/70
56/56 - 1s - loss: 0.0368 - auc: 0.8021 - val_loss: 0.0584 - val_auc: 0.7130 - val_auc_custom: 0.7122 - val_f1_custom: 0.2462 - val_recall_custom: 0.1509 - 1s/epoch - 22ms/step
Curriculum: set focal gamma = 1.5000 (epoch 37)
Epoch 37/70
56/56 - 1s - loss: 0.0374 - auc: 0.7980 - val_loss: 0.0563 - val_auc: 0.7191 - val_auc_custom: 0.7195 - val_f1_custom: 0.1034 - val_recall_custom: 0.0566 - 1s/epoch - 23ms/step
Curriculum: set focal gamma = 1.5000 (epoch 38)
Epoch 38/70
56/56 - 1s - loss: 0.0376 - auc: 0.7956 - val_loss: 0.0566 - val_auc: 0.7234 - val_auc_custom: 0.7233 - val_f1_custom: 0.1639 - val_recall_custom: 0.0943 - 1s/epoch - 24ms/step
Curriculum: set focal gamma = 1.5000 (epoch 39)
Epoch 39/70
56/56 - 1s - loss: 0.0374 - auc: 0.7970 - val_loss: 0.0598 - val_auc: 0.7287 - val_auc_custom: 0.7301 - val_f1_custom: 0.2462 - val_recall_custom: 0.1509 - 1s/epoch - 25ms/step
Curriculum: set focal gamma = 1.5000 (epoch 40)
Epoch 40/70
56/56 - 1s - loss: 0.0379 - auc: 0.7853 - val_loss: 0.0597 - val_auc: 0.7395 - val_auc_custom: 0.7399 - val_f1_custom: 0.2647 - val_recall_custom: 0.1698 - 1s/epoch - 24ms/step
Curriculum: set focal gamma = 1.5000 (epoch 41)
Epoch 41/70
56/56 - 1s - loss: 0.0352 - auc: 0.8295 - val_loss: 0.0586 - val_auc: 0.7319 - val_auc_custom: 0.7333 - val_f1_custom: 0.1053 - val_recall_custom: 0.0566 - 1s/epoch - 23ms/step
Curriculum: set focal gamma = 1.5000 (epoch 42)
Epoch 42/70
56/56 - 1s - loss: 0.0367 - auc: 0.8176 - val_loss: 0.0659 - val_auc: 0.7103 - val_auc_custom: 0.7092 - val_f1_custom: 0.3056 - val_recall_custom: 0.2075 - 1s/epoch - 24ms/step
Curriculum: set focal gamma = 1.5000 (epoch 43)
Epoch 43/70
56/56 - 1s - loss: 0.0352 - auc: 0.8249 - val_loss: 0.0593 - val_auc: 0.7382 - val_auc_custom: 0.7376 - val_f1_custom: 0.1333 - val_recall_custom: 0.0755 - 1s/epoch - 24ms/step
Curriculum: set focal gamma = 1.5000 (epoch 44)
Epoch 44/70
56/56 - 1s - loss: 0.0342 - auc: 0.8449 - val_loss: 0.0639 - val_auc: 0.7370 - val_auc_custom: 0.7379 - val_f1_custom: 0.2857 - val_recall_custom: 0.1887 - 1s/epoch - 24ms/step
Curriculum: set focal gamma = 1.5000 (epoch 45)
Epoch 45/70
56/56 - 1s - loss: 0.0350 - auc: 0.8241 - val_loss: 0.0621 - val_auc: 0.7204 - val_auc_custom: 0.7208 - val_f1_custom: 0.2899 - val_recall_custom: 0.1887 - 1s/epoch - 23ms/step
Curriculum: set focal gamma = 1.5000 (epoch 46)
Epoch 46/70
56/56 - 1s - loss: 0.0347 - auc: 0.8353 - val_loss: 0.0614 - val_auc: 0.7269 - val_auc_custom: 0.7258 - val_f1_custom: 0.0690 - val_recall_custom: 0.0377 - 1s/epoch - 23ms/step
Curriculum: set focal gamma = 1.5000 (epoch 47)
Epoch 47/70
56/56 - 1s - loss: 0.0332 - auc: 0.8544 - val_loss: 0.0670 - val_auc: 0.7158 - val_auc_custom: 0.7162 - val_f1_custom: 0.3099 - val_recall_custom: 0.2075 - 1s/epoch - 22ms/step
Curriculum: set focal gamma = 1.5000 (epoch 48)
Epoch 48/70
56/56 - 1s - loss: 0.0331 - auc: 0.8518 - val_loss: 0.0647 - val_auc: 0.7487 - val_auc_custom: 0.7482 - val_f1_custom: 0.2857 - val_recall_custom: 0.1887 - 1s/epoch - 24ms/step
Curriculum: set focal gamma = 1.5000 (epoch 49)
Epoch 49/70
56/56 - 1s - loss: 0.0317 - auc: 0.8565 - val_loss: 0.0669 - val_auc: 0.7301 - val_auc_custom: 0.7308 - val_f1_custom: 0.2424 - val_recall_custom: 0.1509 - 1s/epoch - 22ms/step
Curriculum: set focal gamma = 1.5000 (epoch 50)
Epoch 50/70
56/56 - 1s - loss: 0.0315 - auc: 0.8658 - val_loss: 0.0764 - val_auc: 0.7323 - val_auc_custom: 0.7313 - val_f1_custom: 0.3514 - val_recall_custom: 0.2453 - 1s/epoch - 23ms/step
Curriculum: set focal gamma = 1.5000 (epoch 51)
Epoch 51/70
56/56 - 1s - loss: 0.0307 - auc: 0.8567 - val_loss: 0.0691 - val_auc: 0.7546 - val_auc_custom: 0.7547 - val_f1_custom: 0.3099 - val_recall_custom: 0.2075 - 1s/epoch - 26ms/step
Curriculum: set focal gamma = 1.5000 (epoch 52)
Epoch 52/70
56/56 - 1s - loss: 0.0314 - auc: 0.8671 - val_loss: 0.0698 - val_auc: 0.7425 - val_auc_custom: 0.7421 - val_f1_custom: 0.3099 - val_recall_custom: 0.2075 - 1s/epoch - 22ms/step
Curriculum: set focal gamma = 1.5000 (epoch 53)
Epoch 53/70
56/56 - 1s - loss: 0.0306 - auc: 0.8784 - val_loss: 0.0709 - val_auc: 0.7538 - val_auc_custom: 0.7530 - val_f1_custom: 0.3380 - val_recall_custom: 0.2264 - 1s/epoch - 22ms/step
Curriculum: set focal gamma = 1.5000 (epoch 54)
Epoch 54/70
56/56 - 1s - loss: 0.0301 - auc: 0.8862 - val_loss: 0.0727 - val_auc: 0.7504 - val_auc_custom: 0.7514 - val_f1_custom: 0.3562 - val_recall_custom: 0.2453 - 1s/epoch - 22ms/step
Curriculum: set focal gamma = 1.5000 (epoch 55)
Epoch 55/70
56/56 - -1s - loss: 0.0314 - auc: 0.8805 - val_loss: 0.0685 - val_auc: 0.7447 - val_auc_custom: 0.7444 - val_f1_custom: 0.2899 - val_recall_custom: 0.1887 - -1489167us/epoch - -26592us/step
Curriculum: set focal gamma = 1.5000 (epoch 56)
Epoch 56/70
56/56 - 1s - loss: 0.0289 - auc: 0.8835 - val_loss: 0.0705 - val_auc: 0.7558 - val_auc_custom: 0.7552 - val_f1_custom: 0.3143 - val_recall_custom: 0.2075 - 1s/epoch - 24ms/step
Curriculum: set focal gamma = 1.5000 (epoch 57)
Epoch 57/70
56/56 - 1s - loss: 0.0295 - auc: 0.8804 - val_loss: 0.0732 - val_auc: 0.7503 - val_auc_custom: 0.7502 - val_f1_custom: 0.3143 - val_recall_custom: 0.2075 - 1s/epoch - 22ms/step
Curriculum: set focal gamma = 1.5000 (epoch 58)
Epoch 58/70
56/56 - 1s - loss: 0.0299 - auc: 0.8791 - val_loss: 0.0763 - val_auc: 0.7430 - val_auc_custom: 0.7454 - val_f1_custom: 0.3333 - val_recall_custom: 0.2264 - 1s/epoch - 22ms/step
Curriculum: set focal gamma = 1.5000 (epoch 59)
Epoch 59/70
56/56 - 1s - loss: 0.0265 - auc: 0.9098 - val_loss: 0.0748 - val_auc: 0.7287 - val_auc_custom: 0.7286 - val_f1_custom: 0.2899 - val_recall_custom: 0.1887 - 1s/epoch - 22ms/step
Curriculum: set focal gamma = 1.5000 (epoch 60)
Epoch 60/70
56/56 - 1s - loss: 0.0272 - auc: 0.8973 - val_loss: 0.0822 - val_auc: 0.7507 - val_auc_custom: 0.7502 - val_f1_custom: 0.3288 - val_recall_custom: 0.2264 - 1s/epoch - 22ms/step
Curriculum: set focal gamma = 1.5000 (epoch 61)
Epoch 61/70
56/56 - 1s - loss: 0.0257 - auc: 0.9065 - val_loss: 0.0847 - val_auc: 0.7509 - val_auc_custom: 0.7517 - val_f1_custom: 0.4156 - val_recall_custom: 0.3019 - 1s/epoch - 22ms/step
Curriculum: set focal gamma = 1.5000 (epoch 62)
Epoch 62/70
56/56 - 1s - loss: 0.0273 - auc: 0.9027 - val_loss: 0.0856 - val_auc: 0.7332 - val_auc_custom: 0.7341 - val_f1_custom: 0.3099 - val_recall_custom: 0.2075 - 1s/epoch - 23ms/step
Curriculum: set focal gamma = 1.5000 (epoch 63)
Epoch 63/70
56/56 - 1s - loss: 0.0268 - auc: 0.9025 - val_loss: 0.0879 - val_auc: 0.7347 - val_auc_custom: 0.7346 - val_f1_custom: 0.2857 - val_recall_custom: 0.1887 - 1s/epoch - 22ms/step
Curriculum: set focal gamma = 1.5000 (epoch 64)
Epoch 64/70
56/56 - 1s - loss: 0.0277 - auc: 0.8949 - val_loss: 0.0965 - val_auc: 0.7042 - val_auc_custom: 0.7044 - val_f1_custom: 0.4103 - val_recall_custom: 0.3019 - 1s/epoch - 23ms/step
Curriculum: set focal gamma = 1.5000 (epoch 65)
Epoch 65/70
56/56 - 1s - loss: 0.0278 - auc: 0.9076 - val_loss: 0.0964 - val_auc: 0.7204 - val_auc_custom: 0.7208 - val_f1_custom: 0.4250 - val_recall_custom: 0.3208 - 1s/epoch - 23ms/step
Curriculum: set focal gamma = 1.5000 (epoch 66)
Epoch 66/70
56/56 - 1s - loss: 0.0257 - auc: 0.9108 - val_loss: 0.0814 - val_auc: 0.7533 - val_auc_custom: 0.7552 - val_f1_custom: 0.3143 - val_recall_custom: 0.2075 - 1s/epoch - 23ms/step
Mask config -> mode=soft, threshold=0.6, window_gate=None
Done. Results saved to /home/user/projects/train/model/long_window/CNN_BiLSTM/result_focal_sweep/cw03_fg06/01
