2025-09-17 08:22:43.241964: I tensorflow/core/util/port.cc:110] oneDNN custom operations are on. You may see slightly different numerical results due to floating-point round-off errors from different computation orders. To turn them off, set the environment variable `TF_ENABLE_ONEDNN_OPTS=0`.
2025-09-17 08:22:43.271030: I tensorflow/core/platform/cpu_feature_guard.cc:182] This TensorFlow binary is optimized to use available CPU instructions in performance-critical operations.
To enable the following instructions: AVX2 AVX_VNNI FMA, in other operations, rebuild TensorFlow with the appropriate compiler flags.
2025-09-17 08:22:43.688167: W tensorflow/compiler/tf2tensorrt/utils/py_utils.cc:38] TF-TRT Warning: Could not find TensorRT
2025-09-17 08:22:44.084952: I tensorflow/compiler/xla/stream_executor/cuda/cuda_gpu_executor.cc:981] could not open file to read NUMA node: /sys/bus/pci/devices/0000:01:00.0/numa_node
Your kernel may have been built without NUMA support.
2025-09-17 08:22:44.103486: I tensorflow/compiler/xla/stream_executor/cuda/cuda_gpu_executor.cc:981] could not open file to read NUMA node: /sys/bus/pci/devices/0000:01:00.0/numa_node
Your kernel may have been built without NUMA support.
2025-09-17 08:22:44.103597: I tensorflow/compiler/xla/stream_executor/cuda/cuda_gpu_executor.cc:981] could not open file to read NUMA node: /sys/bus/pci/devices/0000:01:00.0/numa_node
Your kernel may have been built without NUMA support.
2025-09-17 08:22:44.104717: I tensorflow/compiler/xla/stream_executor/cuda/cuda_gpu_executor.cc:981] could not open file to read NUMA node: /sys/bus/pci/devices/0000:01:00.0/numa_node
Your kernel may have been built without NUMA support.
2025-09-17 08:22:44.104785: I tensorflow/compiler/xla/stream_executor/cuda/cuda_gpu_executor.cc:981] could not open file to read NUMA node: /sys/bus/pci/devices/0000:01:00.0/numa_node
Your kernel may have been built without NUMA support.
2025-09-17 08:22:44.104807: I tensorflow/compiler/xla/stream_executor/cuda/cuda_gpu_executor.cc:981] could not open file to read NUMA node: /sys/bus/pci/devices/0000:01:00.0/numa_node
Your kernel may have been built without NUMA support.
2025-09-17 08:22:44.199753: I tensorflow/compiler/xla/stream_executor/cuda/cuda_gpu_executor.cc:981] could not open file to read NUMA node: /sys/bus/pci/devices/0000:01:00.0/numa_node
Your kernel may have been built without NUMA support.
2025-09-17 08:22:44.199869: I tensorflow/compiler/xla/stream_executor/cuda/cuda_gpu_executor.cc:981] could not open file to read NUMA node: /sys/bus/pci/devices/0000:01:00.0/numa_node
Your kernel may have been built without NUMA support.
2025-09-17 08:22:44.199892: I tensorflow/core/common_runtime/gpu/gpu_device.cc:1726] Could not identify NUMA node of platform GPU id 0, defaulting to 0.  Your kernel may not have been built with NUMA support.
2025-09-17 08:22:44.199924: I tensorflow/compiler/xla/stream_executor/cuda/cuda_gpu_executor.cc:981] could not open file to read NUMA node: /sys/bus/pci/devices/0000:01:00.0/numa_node
Your kernel may have been built without NUMA support.
2025-09-17 08:22:44.199947: I tensorflow/core/common_runtime/gpu/gpu_device.cc:1639] Created device /job:localhost/replica:0/task:0/device:GPU:0 with 9517 MB memory:  -> device: 0, name: NVIDIA GeForce RTX 4070 SUPER, pci bus id: 0000:01:00.0, compute capability: 8.9
GPU detected: 1 physical, 1 logical -> ['/device:GPU:0']
Config: batch=16, accumulate_steps=8 -> effective_batch=128
Loaded (1276, 36, 75) (1276,)
Using mask channel "occlusion_flag" from long_raw (index 7)
Model: "cnn_bilstm_attn_masked"
__________________________________________________________________________________________________
 Layer (type)                Output Shape                 Param #   Connected to                  
==================================================================================================
 input (InputLayer)          [(None, 36, 75)]             0         []                            
                                                                                                  
 permute_time_features (Per  (None, 75, 36)               0         ['input[0][0]']               
 mute)                                                                                            
                                                                                                  
 conv0 (Conv1D)              (None, 75, 64)               6976      ['permute_time_features[0][0]'
                                                                    ]                             
                                                                                                  
 bn0 (BatchNormalization)    (None, 75, 64)               256       ['conv0[0][0]']               
                                                                                                  
 act0 (Activation)           (None, 75, 64)               0         ['bn0[0][0]']                 
                                                                                                  
 conv_dropout0 (Dropout)     (None, 75, 64)               0         ['act0[0][0]']                
                                                                                                  
 conv1 (Conv1D)              (None, 75, 64)               20544     ['conv_dropout0[0][0]']       
                                                                                                  
 bn1 (BatchNormalization)    (None, 75, 64)               256       ['conv1[0][0]']               
                                                                                                  
 act1 (Activation)           (None, 75, 64)               0         ['bn1[0][0]']                 
                                                                                                  
 conv_dropout1 (Dropout)     (None, 75, 64)               0         ['act1[0][0]']                
                                                                                                  
 conv2 (Conv1D)              (None, 75, 64)               12352     ['conv_dropout1[0][0]']       
                                                                                                  
 bn2 (BatchNormalization)    (None, 75, 64)               256       ['conv2[0][0]']               
                                                                                                  
 act2 (Activation)           (None, 75, 64)               0         ['bn2[0][0]']                 
                                                                                                  
 conv_dropout2 (Dropout)     (None, 75, 64)               0         ['act2[0][0]']                
                                                                                                  
 bilstm (Bidirectional)      (None, 75, 128)              66048     ['conv_dropout2[0][0]']       
                                                                                                  
 mlp_attn_u (Dense)          (None, 75, 32)               4128      ['bilstm[0][0]']              
                                                                                                  
 mlp_attn_score (Dense)      (None, 75, 1)                33        ['mlp_attn_u[0][0]']          
                                                                                                  
 mlp_attn_squeeze (Lambda)   (None, 75)                   0         ['mlp_attn_score[0][0]']      
                                                                                                  
 attn_mask (InputLayer)      [(None, 75)]                 0         []                            
                                                                                                  
 mlp_attn_apply_mask (Lambd  (None, 75)                   0         ['mlp_attn_squeeze[0][0]',    
 a)                                                                  'attn_mask[0][0]']           
                                                                                                  
 mlp_attn_softmax (Lambda)   (None, 75)                   0         ['mlp_attn_apply_mask[0][0]'] 
                                                                                                  
 mlp_attn_expand (Lambda)    (None, 75, 1)                0         ['mlp_attn_softmax[0][0]']    
                                                                                                  
 mlp_attn_weighted (Lambda)  (None, 128)                  0         ['bilstm[0][0]',              
                                                                     'mlp_attn_expand[0][0]']     
                                                                                                  
 fc1 (Dense)                 (None, 64)                   8256      ['mlp_attn_weighted[0][0]']   
                                                                                                  
 fc_dropout (Dropout)        (None, 64)                   0         ['fc1[0][0]']                 
                                                                                                  
 out (Dense)                 (None, 1)                    65        ['fc_dropout[0][0]']          
                                                                                                  
==================================================================================================
Total params: 119171 (465.51 KB)
Trainable params: 118786 (464.01 KB)
Non-trainable params: 385 (1.50 KB)
__________________________________________________________________________________________________
None
Writing results to /home/user/projects/train/model/long_window/CNN_BiLSTM/result_focal_refine/cw03_fg05/01
Curriculum: set focal gamma = 0.0000 (epoch 1)
Epoch 1/70
2025-09-17 08:22:48.832578: I tensorflow/compiler/xla/stream_executor/cuda/cuda_dnn.cc:432] Loaded cuDNN version 8600
2025-09-17 08:22:48.917602: I tensorflow/tsl/platform/default/subprocess.cc:304] Start cannot spawn child process: No such file or directory
2025-09-17 08:22:49.058526: I tensorflow/compiler/xla/stream_executor/cuda/cuda_blas.cc:606] TensorFloat-32 will be used for the matrix multiplication. This will only be logged once.
2025-09-17 08:22:49.377756: I tensorflow/compiler/xla/service/service.cc:168] XLA service 0x60d7cb950170 initialized for platform CUDA (this does not guarantee that XLA will be used). Devices:
2025-09-17 08:22:49.377809: I tensorflow/compiler/xla/service/service.cc:176]   StreamExecutor device (0): NVIDIA GeForce RTX 4070 SUPER, Compute Capability 8.9
2025-09-17 08:22:49.381977: I tensorflow/compiler/mlir/tensorflow/utils/dump_mlir_util.cc:255] disabling MLIR crash reproducer, set env var `MLIR_CRASH_REPRODUCER_DIRECTORY` to enable.
2025-09-17 08:22:49.431948: I tensorflow/tsl/platform/default/subprocess.cc:304] Start cannot spawn child process: No such file or directory
2025-09-17 08:22:49.465174: I ./tensorflow/compiler/jit/device_compiler.h:186] Compiled cluster using XLA!  This line is logged at most once for the lifetime of the process.
56/56 - 7s - loss: 0.3306 - auc: 0.5243 - val_loss: 0.3450 - val_auc: 0.5618 - val_auc_custom: 0.5796 - val_f1_custom: 0.0000e+00 - val_recall_custom: 0.0000e+00 - 7s/epoch - 124ms/step
Curriculum: set focal gamma = 0.0737 (epoch 2)
Epoch 2/70
56/56 - 1s - loss: 0.2720 - auc: 0.5151 - val_loss: 0.2934 - val_auc: 0.5506 - val_auc_custom: 0.5550 - val_f1_custom: 0.0000e+00 - val_recall_custom: 0.0000e+00 - 1s/epoch - 20ms/step
Curriculum: set focal gamma = 0.1474 (epoch 3)
Epoch 3/70
56/56 - 1s - loss: 0.2392 - auc: 0.5256 - val_loss: 0.2519 - val_auc: 0.5610 - val_auc_custom: 0.5628 - val_f1_custom: 0.0000e+00 - val_recall_custom: 0.0000e+00 - 1s/epoch - 20ms/step
Curriculum: set focal gamma = 0.2211 (epoch 4)
Epoch 4/70
56/56 - 1s - loss: 0.2217 - auc: 0.5854 - val_loss: 0.2358 - val_auc: 0.5848 - val_auc_custom: 0.5829 - val_f1_custom: 0.0000e+00 - val_recall_custom: 0.0000e+00 - 1s/epoch - 22ms/step
Curriculum: set focal gamma = 0.2947 (epoch 5)
Epoch 5/70
56/56 - 1s - loss: 0.2112 - auc: 0.5928 - val_loss: 0.2235 - val_auc: 0.5957 - val_auc_custom: 0.5985 - val_f1_custom: 0.0000e+00 - val_recall_custom: 0.0000e+00 - 1s/epoch - 21ms/step
Curriculum: set focal gamma = 0.3684 (epoch 6)
Epoch 6/70
56/56 - 1s - loss: 0.1969 - auc: 0.6138 - val_loss: 0.2108 - val_auc: 0.6005 - val_auc_custom: 0.6015 - val_f1_custom: 0.0000e+00 - val_recall_custom: 0.0000e+00 - 1s/epoch - 21ms/step
Curriculum: set focal gamma = 0.4421 (epoch 7)
Epoch 7/70
56/56 - 1s - loss: 0.1849 - auc: 0.6431 - val_loss: 0.1999 - val_auc: 0.6026 - val_auc_custom: 0.6033 - val_f1_custom: 0.0000e+00 - val_recall_custom: 0.0000e+00 - 1s/epoch - 21ms/step
Curriculum: set focal gamma = 0.5158 (epoch 8)
Epoch 8/70
56/56 - 1s - loss: 0.1758 - auc: 0.6422 - val_loss: 0.1907 - val_auc: 0.5950 - val_auc_custom: 0.5982 - val_f1_custom: 0.0000e+00 - val_recall_custom: 0.0000e+00 - 1s/epoch - 20ms/step
Curriculum: set focal gamma = 0.5895 (epoch 9)
Epoch 9/70
56/56 - 1s - loss: 0.1674 - auc: 0.6312 - val_loss: 0.1816 - val_auc: 0.5952 - val_auc_custom: 0.5980 - val_f1_custom: 0.0000e+00 - val_recall_custom: 0.0000e+00 - 1s/epoch - 20ms/step
Curriculum: set focal gamma = 0.6632 (epoch 10)
Epoch 10/70
56/56 - 1s - loss: 0.1554 - auc: 0.6709 - val_loss: 0.1732 - val_auc: 0.5894 - val_auc_custom: 0.5899 - val_f1_custom: 0.0370 - val_recall_custom: 0.0189 - 1s/epoch - 20ms/step
Curriculum: set focal gamma = 0.7368 (epoch 11)
Epoch 11/70
56/56 - 1s - loss: 0.1492 - auc: 0.6572 - val_loss: 0.1643 - val_auc: 0.5933 - val_auc_custom: 0.5962 - val_f1_custom: 0.0370 - val_recall_custom: 0.0189 - 1s/epoch - 20ms/step
Curriculum: set focal gamma = 0.8105 (epoch 12)
Epoch 12/70
56/56 - 1s - loss: 0.1395 - auc: 0.6849 - val_loss: 0.1558 - val_auc: 0.5997 - val_auc_custom: 0.5960 - val_f1_custom: 0.0727 - val_recall_custom: 0.0377 - 1s/epoch - 20ms/step
Curriculum: set focal gamma = 0.8842 (epoch 13)
Epoch 13/70
56/56 - 1s - loss: 0.1339 - auc: 0.6740 - val_loss: 0.1478 - val_auc: 0.6035 - val_auc_custom: 0.6040 - val_f1_custom: 0.1071 - val_recall_custom: 0.0566 - 1s/epoch - 22ms/step
Curriculum: set focal gamma = 0.9579 (epoch 14)
Epoch 14/70
56/56 - 1s - loss: 0.1273 - auc: 0.6723 - val_loss: 0.1408 - val_auc: 0.6036 - val_auc_custom: 0.6065 - val_f1_custom: 0.1404 - val_recall_custom: 0.0755 - 1s/epoch - 22ms/step
Curriculum: set focal gamma = 1.0316 (epoch 15)
Epoch 15/70
56/56 - 1s - loss: 0.1189 - auc: 0.6999 - val_loss: 0.1348 - val_auc: 0.6049 - val_auc_custom: 0.6048 - val_f1_custom: 0.1695 - val_recall_custom: 0.0943 - 1s/epoch - 21ms/step
Curriculum: set focal gamma = 1.1053 (epoch 16)
Epoch 16/70
56/56 - 1s - loss: 0.1116 - auc: 0.7094 - val_loss: 0.1287 - val_auc: 0.6060 - val_auc_custom: 0.6058 - val_f1_custom: 0.1724 - val_recall_custom: 0.0943 - 1s/epoch - 23ms/step
Curriculum: set focal gamma = 1.1789 (epoch 17)
Epoch 17/70
56/56 - 1s - loss: 0.1067 - auc: 0.7069 - val_loss: 0.1225 - val_auc: 0.6055 - val_auc_custom: 0.6048 - val_f1_custom: 0.1667 - val_recall_custom: 0.0943 - 1s/epoch - 21ms/step
Curriculum: set focal gamma = 1.2526 (epoch 18)
Epoch 18/70
56/56 - 1s - loss: 0.1006 - auc: 0.7120 - val_loss: 0.1164 - val_auc: 0.6160 - val_auc_custom: 0.6171 - val_f1_custom: 0.1967 - val_recall_custom: 0.1132 - 1s/epoch - 21ms/step
Curriculum: set focal gamma = 1.3263 (epoch 19)
Epoch 19/70
56/56 - 1s - loss: 0.0958 - auc: 0.7177 - val_loss: 0.1109 - val_auc: 0.6279 - val_auc_custom: 0.6264 - val_f1_custom: 0.2424 - val_recall_custom: 0.1509 - 1s/epoch - 22ms/step
Curriculum: set focal gamma = 1.4000 (epoch 20)
Epoch 20/70
56/56 - 1s - loss: 0.0898 - auc: 0.7263 - val_loss: 0.1063 - val_auc: 0.6278 - val_auc_custom: 0.6284 - val_f1_custom: 0.2899 - val_recall_custom: 0.1887 - 1s/epoch - 19ms/step
Curriculum: set focal gamma = 1.4000 (epoch 21)
Epoch 21/70
56/56 - 1s - loss: 0.0884 - auc: 0.7443 - val_loss: 0.1061 - val_auc: 0.6364 - val_auc_custom: 0.6392 - val_f1_custom: 0.2609 - val_recall_custom: 0.1698 - 1s/epoch - 21ms/step
Curriculum: set focal gamma = 1.4000 (epoch 22)
Epoch 22/70
56/56 - 1s - loss: 0.0879 - auc: 0.7496 - val_loss: 0.1058 - val_auc: 0.6478 - val_auc_custom: 0.6498 - val_f1_custom: 0.2121 - val_recall_custom: 0.1321 - 1s/epoch - 22ms/step
Curriculum: set focal gamma = 1.4000 (epoch 23)
Epoch 23/70
56/56 - 1s - loss: 0.0866 - auc: 0.7635 - val_loss: 0.1056 - val_auc: 0.6558 - val_auc_custom: 0.6564 - val_f1_custom: 0.1562 - val_recall_custom: 0.0943 - 1s/epoch - 22ms/step
Curriculum: set focal gamma = 1.4000 (epoch 24)
Epoch 24/70
56/56 - 1s - loss: 0.0842 - auc: 0.7826 - val_loss: 0.1057 - val_auc: 0.6619 - val_auc_custom: 0.6619 - val_f1_custom: 0.2535 - val_recall_custom: 0.1698 - 1s/epoch - 22ms/step
Curriculum: set focal gamma = 1.4000 (epoch 25)
Epoch 25/70
56/56 - 1s - loss: 0.0855 - auc: 0.7696 - val_loss: 0.1068 - val_auc: 0.6663 - val_auc_custom: 0.6664 - val_f1_custom: 0.3014 - val_recall_custom: 0.2075 - 1s/epoch - 22ms/step
Curriculum: set focal gamma = 1.4000 (epoch 26)
Epoch 26/70
56/56 - 1s - loss: 0.0833 - auc: 0.7954 - val_loss: 0.1071 - val_auc: 0.6647 - val_auc_custom: 0.6659 - val_f1_custom: 0.3014 - val_recall_custom: 0.2075 - 1s/epoch - 21ms/step
Curriculum: set focal gamma = 1.4000 (epoch 27)
Epoch 27/70
56/56 - 1s - loss: 0.0806 - auc: 0.8073 - val_loss: 0.1086 - val_auc: 0.6688 - val_auc_custom: 0.6664 - val_f1_custom: 0.2857 - val_recall_custom: 0.1887 - 1s/epoch - 22ms/step
Curriculum: set focal gamma = 1.4000 (epoch 28)
Epoch 28/70
56/56 - 1s - loss: 0.0805 - auc: 0.8057 - val_loss: 0.1127 - val_auc: 0.6658 - val_auc_custom: 0.6667 - val_f1_custom: 0.1791 - val_recall_custom: 0.1132 - 1s/epoch - 21ms/step
Curriculum: set focal gamma = 1.4000 (epoch 29)
Epoch 29/70
56/56 - 1s - loss: 0.0792 - auc: 0.8103 - val_loss: 0.1127 - val_auc: 0.6673 - val_auc_custom: 0.6677 - val_f1_custom: 0.4651 - val_recall_custom: 0.3774 - 1s/epoch - 23ms/step
Curriculum: set focal gamma = 1.4000 (epoch 30)
Epoch 30/70
56/56 - 1s - loss: 0.0795 - auc: 0.8086 - val_loss: 0.1126 - val_auc: 0.6709 - val_auc_custom: 0.6709 - val_f1_custom: 0.3951 - val_recall_custom: 0.3019 - 1s/epoch - 24ms/step
Curriculum: set focal gamma = 1.4000 (epoch 31)
Epoch 31/70
56/56 - 1s - loss: 0.0771 - auc: 0.8244 - val_loss: 0.1135 - val_auc: 0.6772 - val_auc_custom: 0.6755 - val_f1_custom: 0.4651 - val_recall_custom: 0.3774 - 1s/epoch - 22ms/step
Curriculum: set focal gamma = 1.4000 (epoch 32)
Epoch 32/70
56/56 - 1s - loss: 0.0764 - auc: 0.8320 - val_loss: 0.1143 - val_auc: 0.6740 - val_auc_custom: 0.6735 - val_f1_custom: 0.4419 - val_recall_custom: 0.3585 - 1s/epoch - 20ms/step
Curriculum: set focal gamma = 1.4000 (epoch 33)
Epoch 33/70
56/56 - 1s - loss: 0.0754 - auc: 0.8372 - val_loss: 0.1157 - val_auc: 0.6764 - val_auc_custom: 0.6762 - val_f1_custom: 0.3902 - val_recall_custom: 0.3019 - 1s/epoch - 20ms/step
Curriculum: set focal gamma = 1.4000 (epoch 34)
Epoch 34/70
56/56 - 1s - loss: 0.0739 - auc: 0.8394 - val_loss: 0.1144 - val_auc: 0.6892 - val_auc_custom: 0.6888 - val_f1_custom: 0.4471 - val_recall_custom: 0.3585 - 1s/epoch - 22ms/step
Curriculum: set focal gamma = 1.4000 (epoch 35)
Epoch 35/70
56/56 - 1s - loss: 0.0745 - auc: 0.8352 - val_loss: 0.1156 - val_auc: 0.6850 - val_auc_custom: 0.6855 - val_f1_custom: 0.4235 - val_recall_custom: 0.3396 - 1s/epoch - 21ms/step
Curriculum: set focal gamma = 1.4000 (epoch 36)
Epoch 36/70
56/56 - 1s - loss: 0.0731 - auc: 0.8458 - val_loss: 0.1142 - val_auc: 0.7049 - val_auc_custom: 0.7044 - val_f1_custom: 0.4146 - val_recall_custom: 0.3208 - 1s/epoch - 23ms/step
Curriculum: set focal gamma = 1.4000 (epoch 37)
Epoch 37/70
56/56 - 1s - loss: 0.0712 - auc: 0.8581 - val_loss: 0.1226 - val_auc: 0.6971 - val_auc_custom: 0.6969 - val_f1_custom: 0.2432 - val_recall_custom: 0.1698 - 1s/epoch - 20ms/step
Curriculum: set focal gamma = 1.4000 (epoch 38)
Epoch 38/70
56/56 - 1s - loss: 0.0693 - auc: 0.8630 - val_loss: 0.1169 - val_auc: 0.7209 - val_auc_custom: 0.7208 - val_f1_custom: 0.5161 - val_recall_custom: 0.4528 - 1s/epoch - 22ms/step
Curriculum: set focal gamma = 1.4000 (epoch 39)
Epoch 39/70
56/56 - 1s - loss: 0.0704 - auc: 0.8597 - val_loss: 0.1223 - val_auc: 0.6974 - val_auc_custom: 0.6969 - val_f1_custom: 0.3038 - val_recall_custom: 0.2264 - 1s/epoch - 20ms/step
Curriculum: set focal gamma = 1.4000 (epoch 40)
Epoch 40/70
56/56 - 1s - loss: 0.0667 - auc: 0.8807 - val_loss: 0.1248 - val_auc: 0.7039 - val_auc_custom: 0.7031 - val_f1_custom: 0.5155 - val_recall_custom: 0.4717 - 1s/epoch - 21ms/step
Curriculum: set focal gamma = 1.4000 (epoch 41)
Epoch 41/70
56/56 - 1s - loss: 0.0642 - auc: 0.8865 - val_loss: 0.1277 - val_auc: 0.6958 - val_auc_custom: 0.6971 - val_f1_custom: 0.4731 - val_recall_custom: 0.4151 - 1s/epoch - 21ms/step
Curriculum: set focal gamma = 1.4000 (epoch 42)
Epoch 42/70
56/56 - 1s - loss: 0.0645 - auc: 0.8845 - val_loss: 0.1241 - val_auc: 0.7136 - val_auc_custom: 0.7135 - val_f1_custom: 0.4235 - val_recall_custom: 0.3396 - 1s/epoch - 20ms/step
Curriculum: set focal gamma = 1.4000 (epoch 43)
Epoch 43/70
56/56 - 1s - loss: 0.0621 - auc: 0.8943 - val_loss: 0.1290 - val_auc: 0.7018 - val_auc_custom: 0.7014 - val_f1_custom: 0.3457 - val_recall_custom: 0.2642 - 1s/epoch - 21ms/step
Curriculum: set focal gamma = 1.4000 (epoch 44)
Epoch 44/70
56/56 - 1s - loss: 0.0648 - auc: 0.8801 - val_loss: 0.1367 - val_auc: 0.6839 - val_auc_custom: 0.6830 - val_f1_custom: 0.5545 - val_recall_custom: 0.5283 - 1s/epoch - 21ms/step
Curriculum: set focal gamma = 1.4000 (epoch 45)
Epoch 45/70
56/56 - 1s - loss: 0.0613 - auc: 0.8963 - val_loss: 0.1304 - val_auc: 0.6869 - val_auc_custom: 0.6858 - val_f1_custom: 0.3810 - val_recall_custom: 0.3019 - 1s/epoch - 21ms/step
Curriculum: set focal gamma = 1.4000 (epoch 46)
Epoch 46/70
56/56 - 1s - loss: 0.0624 - auc: 0.8944 - val_loss: 0.1383 - val_auc: 0.7015 - val_auc_custom: 0.7014 - val_f1_custom: 0.5631 - val_recall_custom: 0.5472 - 1s/epoch - 20ms/step
Curriculum: set focal gamma = 1.4000 (epoch 47)
Epoch 47/70
56/56 - 1s - loss: 0.0609 - auc: 0.8957 - val_loss: 0.1295 - val_auc: 0.7254 - val_auc_custom: 0.7245 - val_f1_custom: 0.5263 - val_recall_custom: 0.4717 - 1s/epoch - 22ms/step
Curriculum: set focal gamma = 1.4000 (epoch 48)
Epoch 48/70
56/56 - 1s - loss: 0.0620 - auc: 0.8949 - val_loss: 0.1445 - val_auc: 0.7123 - val_auc_custom: 0.7112 - val_f1_custom: 0.5631 - val_recall_custom: 0.5472 - 1s/epoch - 21ms/step
Curriculum: set focal gamma = 1.4000 (epoch 49)
Epoch 49/70
56/56 - 1s - loss: 0.0628 - auc: 0.8880 - val_loss: 0.1433 - val_auc: 0.6948 - val_auc_custom: 0.6948 - val_f1_custom: 0.2895 - val_recall_custom: 0.2075 - 1s/epoch - 21ms/step
Curriculum: set focal gamma = 1.4000 (epoch 50)
Epoch 50/70
56/56 - 1s - loss: 0.0566 - auc: 0.9161 - val_loss: 0.1445 - val_auc: 0.6946 - val_auc_custom: 0.6948 - val_f1_custom: 0.5149 - val_recall_custom: 0.4906 - 1s/epoch - 21ms/step
Curriculum: set focal gamma = 1.4000 (epoch 51)
Epoch 51/70
56/56 - 1s - loss: 0.0555 - auc: 0.9202 - val_loss: 0.1372 - val_auc: 0.7235 - val_auc_custom: 0.7238 - val_f1_custom: 0.3810 - val_recall_custom: 0.3019 - 1s/epoch - 21ms/step
Curriculum: set focal gamma = 1.4000 (epoch 52)
Epoch 52/70
56/56 - 1s - loss: 0.0589 - auc: 0.9073 - val_loss: 0.1453 - val_auc: 0.7253 - val_auc_custom: 0.7258 - val_f1_custom: 0.5417 - val_recall_custom: 0.4906 - 1s/epoch - 21ms/step
Curriculum: set focal gamma = 1.4000 (epoch 53)
Epoch 53/70
56/56 - 1s - loss: 0.0553 - auc: 0.9207 - val_loss: 0.1381 - val_auc: 0.7376 - val_auc_custom: 0.7369 - val_f1_custom: 0.5053 - val_recall_custom: 0.4528 - 1s/epoch - 21ms/step
Curriculum: set focal gamma = 1.4000 (epoch 54)
Epoch 54/70
56/56 - 1s - loss: 0.0542 - auc: 0.9204 - val_loss: 0.1437 - val_auc: 0.7044 - val_auc_custom: 0.7054 - val_f1_custom: 0.4842 - val_recall_custom: 0.4340 - 1s/epoch - 20ms/step
Curriculum: set focal gamma = 1.4000 (epoch 55)
Epoch 55/70
56/56 - 1s - loss: 0.0519 - auc: 0.9261 - val_loss: 0.1494 - val_auc: 0.7249 - val_auc_custom: 0.7265 - val_f1_custom: 0.5253 - val_recall_custom: 0.4906 - 1s/epoch - 20ms/step
Curriculum: set focal gamma = 1.4000 (epoch 56)
Epoch 56/70
56/56 - 1s - loss: 0.0521 - auc: 0.9237 - val_loss: 0.1474 - val_auc: 0.6913 - val_auc_custom: 0.6918 - val_f1_custom: 0.4516 - val_recall_custom: 0.3962 - 1s/epoch - 21ms/step
Curriculum: set focal gamma = 1.4000 (epoch 57)
Epoch 57/70
56/56 - 1s - loss: 0.0577 - auc: 0.9052 - val_loss: 0.1380 - val_auc: 0.7152 - val_auc_custom: 0.7150 - val_f1_custom: 0.3810 - val_recall_custom: 0.3019 - 1s/epoch - 21ms/step
Curriculum: set focal gamma = 1.4000 (epoch 58)
Epoch 58/70
56/56 - 1s - loss: 0.0494 - auc: 0.9350 - val_loss: 0.1415 - val_auc: 0.7164 - val_auc_custom: 0.7172 - val_f1_custom: 0.4186 - val_recall_custom: 0.3396 - 1s/epoch - 21ms/step
Curriculum: set focal gamma = 1.4000 (epoch 59)
Epoch 59/70
56/56 - 1s - loss: 0.0525 - auc: 0.9237 - val_loss: 0.1481 - val_auc: 0.6958 - val_auc_custom: 0.6953 - val_f1_custom: 0.4318 - val_recall_custom: 0.3585 - 1s/epoch - 22ms/step
Curriculum: set focal gamma = 1.4000 (epoch 60)
Epoch 60/70
56/56 - 1s - loss: 0.0528 - auc: 0.9239 - val_loss: 0.1442 - val_auc: 0.7072 - val_auc_custom: 0.7077 - val_f1_custom: 0.4946 - val_recall_custom: 0.4340 - 1s/epoch - 20ms/step
Curriculum: set focal gamma = 1.4000 (epoch 61)
Epoch 61/70
56/56 - 1s - loss: 0.0499 - auc: 0.9365 - val_loss: 0.1416 - val_auc: 0.6979 - val_auc_custom: 0.6981 - val_f1_custom: 0.3659 - val_recall_custom: 0.2830 - 1s/epoch - 20ms/step
Curriculum: set focal gamma = 1.4000 (epoch 62)
Epoch 62/70
56/56 - 1s - loss: 0.0489 - auc: 0.9381 - val_loss: 0.1502 - val_auc: 0.7253 - val_auc_custom: 0.7243 - val_f1_custom: 0.5106 - val_recall_custom: 0.4528 - 1s/epoch - 21ms/step
Curriculum: set focal gamma = 1.4000 (epoch 63)
Epoch 63/70
56/56 - 1s - loss: 0.0492 - auc: 0.9353 - val_loss: 0.1497 - val_auc: 0.7288 - val_auc_custom: 0.7369 - val_f1_custom: 0.5053 - val_recall_custom: 0.4528 - 1s/epoch - 22ms/step
Mask config -> mode=soft, threshold=0.6, window_gate=None
Done. Results saved to /home/user/projects/train/model/long_window/CNN_BiLSTM/result_focal_refine/cw03_fg05/01
