2025-09-22 02:59:13.055425: I tensorflow/core/util/port.cc:110] oneDNN custom operations are on. You may see slightly different numerical results due to floating-point round-off errors from different computation orders. To turn them off, set the environment variable `TF_ENABLE_ONEDNN_OPTS=0`.
2025-09-22 02:59:13.084521: I tensorflow/core/platform/cpu_feature_guard.cc:182] This TensorFlow binary is optimized to use available CPU instructions in performance-critical operations.
To enable the following instructions: AVX2 AVX_VNNI FMA, in other operations, rebuild TensorFlow with the appropriate compiler flags.
2025-09-22 02:59:13.499937: W tensorflow/compiler/tf2tensorrt/utils/py_utils.cc:38] TF-TRT Warning: Could not find TensorRT
2025-09-22 02:59:13.896624: I tensorflow/compiler/xla/stream_executor/cuda/cuda_gpu_executor.cc:981] could not open file to read NUMA node: /sys/bus/pci/devices/0000:01:00.0/numa_node
Your kernel may have been built without NUMA support.
2025-09-22 02:59:13.914037: I tensorflow/compiler/xla/stream_executor/cuda/cuda_gpu_executor.cc:981] could not open file to read NUMA node: /sys/bus/pci/devices/0000:01:00.0/numa_node
Your kernel may have been built without NUMA support.
2025-09-22 02:59:13.914152: I tensorflow/compiler/xla/stream_executor/cuda/cuda_gpu_executor.cc:981] could not open file to read NUMA node: /sys/bus/pci/devices/0000:01:00.0/numa_node
Your kernel may have been built without NUMA support.
2025-09-22 02:59:13.915339: I tensorflow/compiler/xla/stream_executor/cuda/cuda_gpu_executor.cc:981] could not open file to read NUMA node: /sys/bus/pci/devices/0000:01:00.0/numa_node
Your kernel may have been built without NUMA support.
2025-09-22 02:59:13.915418: I tensorflow/compiler/xla/stream_executor/cuda/cuda_gpu_executor.cc:981] could not open file to read NUMA node: /sys/bus/pci/devices/0000:01:00.0/numa_node
Your kernel may have been built without NUMA support.
2025-09-22 02:59:13.915442: I tensorflow/compiler/xla/stream_executor/cuda/cuda_gpu_executor.cc:981] could not open file to read NUMA node: /sys/bus/pci/devices/0000:01:00.0/numa_node
Your kernel may have been built without NUMA support.
2025-09-22 02:59:14.019209: I tensorflow/compiler/xla/stream_executor/cuda/cuda_gpu_executor.cc:981] could not open file to read NUMA node: /sys/bus/pci/devices/0000:01:00.0/numa_node
Your kernel may have been built without NUMA support.
2025-09-22 02:59:14.019336: I tensorflow/compiler/xla/stream_executor/cuda/cuda_gpu_executor.cc:981] could not open file to read NUMA node: /sys/bus/pci/devices/0000:01:00.0/numa_node
Your kernel may have been built without NUMA support.
2025-09-22 02:59:14.019344: I tensorflow/core/common_runtime/gpu/gpu_device.cc:1726] Could not identify NUMA node of platform GPU id 0, defaulting to 0.  Your kernel may not have been built with NUMA support.
2025-09-22 02:59:14.019367: I tensorflow/compiler/xla/stream_executor/cuda/cuda_gpu_executor.cc:981] could not open file to read NUMA node: /sys/bus/pci/devices/0000:01:00.0/numa_node
Your kernel may have been built without NUMA support.
2025-09-22 02:59:14.019388: I tensorflow/core/common_runtime/gpu/gpu_device.cc:1639] Created device /job:localhost/replica:0/task:0/device:GPU:0 with 9517 MB memory:  -> device: 0, name: NVIDIA GeForce RTX 4070 SUPER, pci bus id: 0000:01:00.0, compute capability: 8.9
[feature_check] OK: train/test feature_list identical (n=36)
GPU detected: 1 physical, 1 logical -> ['/device:GPU:0']
Config: batch=16, accumulate_steps=8 -> effective_batch=128
Loaded (for internal train/val)  (1276, 36, 75) (1276,)
Loaded EXTERNAL TEST: (354, 36, 75) from /home/user/projects/train/test_data/slipce/windows_npz.npz
[mask] windows_npz.npz using occlusion_flag ch=7
[mask] windows_npz.npz using occlusion_flag ch=7
Model: "cnn_bilstm_attn_masked"
__________________________________________________________________________________________________
 Layer (type)                Output Shape                 Param #   Connected to                  
==================================================================================================
 input (InputLayer)          [(None, 36, 75)]             0         []                            
                                                                                                  
 permute_time_features (Per  (None, 75, 36)               0         ['input[0][0]']               
 mute)                                                                                            
                                                                                                  
 conv0 (Conv1D)              (None, 75, 64)               6976      ['permute_time_features[0][0]'
                                                                    ]                             
                                                                                                  
 bn0 (BatchNormalization)    (None, 75, 64)               256       ['conv0[0][0]']               
                                                                                                  
 act0 (Activation)           (None, 75, 64)               0         ['bn0[0][0]']                 
                                                                                                  
 conv_dropout0 (Dropout)     (None, 75, 64)               0         ['act0[0][0]']                
                                                                                                  
 conv1 (Conv1D)              (None, 75, 64)               20544     ['conv_dropout0[0][0]']       
                                                                                                  
 bn1 (BatchNormalization)    (None, 75, 64)               256       ['conv1[0][0]']               
                                                                                                  
 act1 (Activation)           (None, 75, 64)               0         ['bn1[0][0]']                 
                                                                                                  
 conv_dropout1 (Dropout)     (None, 75, 64)               0         ['act1[0][0]']                
                                                                                                  
 conv2 (Conv1D)              (None, 75, 64)               12352     ['conv_dropout1[0][0]']       
                                                                                                  
 bn2 (BatchNormalization)    (None, 75, 64)               256       ['conv2[0][0]']               
                                                                                                  
 act2 (Activation)           (None, 75, 64)               0         ['bn2[0][0]']                 
                                                                                                  
 conv_dropout2 (Dropout)     (None, 75, 64)               0         ['act2[0][0]']                
                                                                                                  
 bilstm (Bidirectional)      (None, 75, 128)              66048     ['conv_dropout2[0][0]']       
                                                                                                  
 mlp_attn_u (Dense)          (None, 75, 32)               4128      ['bilstm[0][0]']              
                                                                                                  
 mlp_attn_score (Dense)      (None, 75, 1)                33        ['mlp_attn_u[0][0]']          
                                                                                                  
 mlp_attn_squeeze (Lambda)   (None, 75)                   0         ['mlp_attn_score[0][0]']      
                                                                                                  
 attn_mask (InputLayer)      [(None, 75)]                 0         []                            
                                                                                                  
 mlp_attn_apply_mask (Lambd  (None, 75)                   0         ['mlp_attn_squeeze[0][0]',    
 a)                                                                  'attn_mask[0][0]']           
                                                                                                  
 mlp_attn_softmax (Lambda)   (None, 75)                   0         ['mlp_attn_apply_mask[0][0]'] 
                                                                                                  
 mlp_attn_expand (Lambda)    (None, 75, 1)                0         ['mlp_attn_softmax[0][0]']    
                                                                                                  
 mlp_attn_weighted (Lambda)  (None, 128)                  0         ['bilstm[0][0]',              
                                                                     'mlp_attn_expand[0][0]']     
                                                                                                  
 fc1 (Dense)                 (None, 64)                   8256      ['mlp_attn_weighted[0][0]']   
                                                                                                  
 fc_dropout (Dropout)        (None, 64)                   0         ['fc1[0][0]']                 
                                                                                                  
 out (Dense)                 (None, 1)                    65        ['fc_dropout[0][0]']          
                                                                                                  
==================================================================================================
Total params: 119171 (465.51 KB)
Trainable params: 118786 (464.01 KB)
Non-trainable params: 385 (1.50 KB)
__________________________________________________________________________________________________
None
Writing results to result_multi_seed_composite_slipce/seed3/01
Curriculum: set focal gamma = 0.0000 (epoch 1)
Epoch 1/70
2025-09-22 02:59:19.140435: I tensorflow/compiler/xla/stream_executor/cuda/cuda_dnn.cc:432] Loaded cuDNN version 8600
2025-09-22 02:59:19.233094: I tensorflow/tsl/platform/default/subprocess.cc:304] Start cannot spawn child process: No such file or directory
2025-09-22 02:59:19.383116: I tensorflow/compiler/xla/stream_executor/cuda/cuda_blas.cc:606] TensorFloat-32 will be used for the matrix multiplication. This will only be logged once.
2025-09-22 02:59:19.691124: I tensorflow/compiler/xla/service/service.cc:168] XLA service 0x5c207c37bec0 initialized for platform CUDA (this does not guarantee that XLA will be used). Devices:
2025-09-22 02:59:19.691176: I tensorflow/compiler/xla/service/service.cc:176]   StreamExecutor device (0): NVIDIA GeForce RTX 4070 SUPER, Compute Capability 8.9
2025-09-22 02:59:19.694543: I tensorflow/compiler/mlir/tensorflow/utils/dump_mlir_util.cc:255] disabling MLIR crash reproducer, set env var `MLIR_CRASH_REPRODUCER_DIRECTORY` to enable.
2025-09-22 02:59:19.753180: I tensorflow/tsl/platform/default/subprocess.cc:304] Start cannot spawn child process: No such file or directory
2025-09-22 02:59:19.788526: I ./tensorflow/compiler/jit/device_compiler.h:186] Compiled cluster using XLA!  This line is logged at most once for the lifetime of the process.
WARNING:tensorflow:Can save best model only with val_composite available, skipping.
WARNING:tensorflow:Early stopping conditioned on metric `val_composite` which is not available. Available metrics are: loss,auc,val_loss,val_auc
56/56 - 7s - loss: 0.3212 - auc: 0.4757 - val_loss: 0.3318 - val_auc: 0.5572 - val_auc_custom: 0.5587 - val_f1_custom: 0.0000e+00 - val_recall_custom: 0.0000e+00 - val_composite: 0.1117 - val_precision_aware: 0.1117 - 7s/epoch - 124ms/step
Curriculum: set focal gamma = 0.0526 (epoch 2)
Epoch 2/70
WARNING:tensorflow:Can save best model only with val_composite available, skipping.
WARNING:tensorflow:Early stopping conditioned on metric `val_composite` which is not available. Available metrics are: loss,auc,val_loss,val_auc
56/56 - 1s - loss: 0.2940 - auc: 0.5378 - val_loss: 0.3112 - val_auc: 0.5684 - val_auc_custom: 0.5640 - val_f1_custom: 0.0000e+00 - val_recall_custom: 0.0000e+00 - val_composite: 0.1128 - val_precision_aware: 0.1128 - 1s/epoch - 20ms/step
Curriculum: set focal gamma = 0.1053 (epoch 3)
Epoch 3/70
WARNING:tensorflow:Can save best model only with val_composite available, skipping.
WARNING:tensorflow:Early stopping conditioned on metric `val_composite` which is not available. Available metrics are: loss,auc,val_loss,val_auc
56/56 - 1s - loss: 0.2808 - auc: 0.5747 - val_loss: 0.2969 - val_auc: 0.5733 - val_auc_custom: 0.5736 - val_f1_custom: 0.0000e+00 - val_recall_custom: 0.0000e+00 - val_composite: 0.1147 - val_precision_aware: 0.1147 - 1s/epoch - 20ms/step
Curriculum: set focal gamma = 0.1579 (epoch 4)
Epoch 4/70
WARNING:tensorflow:Can save best model only with val_composite available, skipping.
WARNING:tensorflow:Early stopping conditioned on metric `val_composite` which is not available. Available metrics are: loss,auc,val_loss,val_auc
56/56 - 1s - loss: 0.2643 - auc: 0.6283 - val_loss: 0.2844 - val_auc: 0.5844 - val_auc_custom: 0.5826 - val_f1_custom: 0.1034 - val_recall_custom: 0.0566 - val_composite: 0.1759 - val_precision_aware: 0.4476 - 1s/epoch - 20ms/step
Curriculum: set focal gamma = 0.2105 (epoch 5)
Epoch 5/70
WARNING:tensorflow:Can save best model only with val_composite available, skipping.
WARNING:tensorflow:Early stopping conditioned on metric `val_composite` which is not available. Available metrics are: loss,auc,val_loss,val_auc
56/56 - 1s - loss: 0.2515 - auc: 0.6546 - val_loss: 0.2734 - val_auc: 0.5925 - val_auc_custom: 0.5932 - val_f1_custom: 0.1613 - val_recall_custom: 0.0943 - val_composite: 0.2142 - val_precision_aware: 0.4448 - 1s/epoch - 21ms/step
Curriculum: set focal gamma = 0.2632 (epoch 6)
Epoch 6/70
WARNING:tensorflow:Can save best model only with val_composite available, skipping.
WARNING:tensorflow:Early stopping conditioned on metric `val_composite` which is not available. Available metrics are: loss,auc,val_loss,val_auc
56/56 - 1s - loss: 0.2428 - auc: 0.6415 - val_loss: 0.2649 - val_auc: 0.5921 - val_auc_custom: 0.5932 - val_f1_custom: 0.2353 - val_recall_custom: 0.1509 - val_composite: 0.2647 - val_precision_aware: 0.4559 - 1s/epoch - 20ms/step
Curriculum: set focal gamma = 0.3158 (epoch 7)
Epoch 7/70
WARNING:tensorflow:Can save best model only with val_composite available, skipping.
WARNING:tensorflow:Early stopping conditioned on metric `val_composite` which is not available. Available metrics are: loss,auc,val_loss,val_auc
56/56 - 1s - loss: 0.2321 - auc: 0.6497 - val_loss: 0.2563 - val_auc: 0.5953 - val_auc_custom: 0.5960 - val_f1_custom: 0.2899 - val_recall_custom: 0.1887 - val_composite: 0.3005 - val_precision_aware: 0.5187 - 1s/epoch - 20ms/step
Curriculum: set focal gamma = 0.3684 (epoch 8)
Epoch 8/70
WARNING:tensorflow:Can save best model only with val_composite available, skipping.
WARNING:tensorflow:Early stopping conditioned on metric `val_composite` which is not available. Available metrics are: loss,auc,val_loss,val_auc
56/56 - 1s - loss: 0.2158 - auc: 0.6972 - val_loss: 0.2476 - val_auc: 0.5936 - val_auc_custom: 0.5930 - val_f1_custom: 0.2933 - val_recall_custom: 0.2075 - val_composite: 0.3104 - val_precision_aware: 0.4566 - 1s/epoch - 21ms/step
Curriculum: set focal gamma = 0.4211 (epoch 9)
Epoch 9/70
WARNING:tensorflow:Can save best model only with val_composite available, skipping.
WARNING:tensorflow:Early stopping conditioned on metric `val_composite` which is not available. Available metrics are: loss,auc,val_loss,val_auc
56/56 - 1s - loss: 0.2105 - auc: 0.6818 - val_loss: 0.2390 - val_auc: 0.5947 - val_auc_custom: 0.5962 - val_f1_custom: 0.3590 - val_recall_custom: 0.2642 - val_composite: 0.3590 - val_precision_aware: 0.5069 - 1s/epoch - 21ms/step
Curriculum: set focal gamma = 0.4737 (epoch 10)
Epoch 10/70
WARNING:tensorflow:Can save best model only with val_composite available, skipping.
WARNING:tensorflow:Early stopping conditioned on metric `val_composite` which is not available. Available metrics are: loss,auc,val_loss,val_auc
56/56 - 1s - loss: 0.1995 - auc: 0.7045 - val_loss: 0.2291 - val_auc: 0.6025 - val_auc_custom: 0.6023 - val_f1_custom: 0.3590 - val_recall_custom: 0.2642 - val_composite: 0.3602 - val_precision_aware: 0.5081 - 1s/epoch - 21ms/step
Curriculum: set focal gamma = 0.5263 (epoch 11)
Epoch 11/70
WARNING:tensorflow:Can save best model only with val_composite available, skipping.
WARNING:tensorflow:Early stopping conditioned on metric `val_composite` which is not available. Available metrics are: loss,auc,val_loss,val_auc
56/56 - 1s - loss: 0.1911 - auc: 0.7090 - val_loss: 0.2196 - val_auc: 0.6123 - val_auc_custom: 0.6126 - val_f1_custom: 0.3846 - val_recall_custom: 0.2830 - val_composite: 0.3794 - val_precision_aware: 0.5379 - 1s/epoch - 21ms/step
Curriculum: set focal gamma = 0.5789 (epoch 12)
Epoch 12/70
WARNING:tensorflow:Can save best model only with val_composite available, skipping.
WARNING:tensorflow:Early stopping conditioned on metric `val_composite` which is not available. Available metrics are: loss,auc,val_loss,val_auc
56/56 - 1s - loss: 0.1815 - auc: 0.7216 - val_loss: 0.2115 - val_auc: 0.6228 - val_auc_custom: 0.6234 - val_f1_custom: 0.4390 - val_recall_custom: 0.3396 - val_composite: 0.4262 - val_precision_aware: 0.5667 - 1s/epoch - 21ms/step
Curriculum: set focal gamma = 0.6316 (epoch 13)
Epoch 13/70
WARNING:tensorflow:Can save best model only with val_composite available, skipping.
WARNING:tensorflow:Early stopping conditioned on metric `val_composite` which is not available. Available metrics are: loss,auc,val_loss,val_auc
56/56 - 1s - loss: 0.1708 - auc: 0.7430 - val_loss: 0.2038 - val_auc: 0.6386 - val_auc_custom: 0.6400 - val_f1_custom: 0.4235 - val_recall_custom: 0.3396 - val_composite: 0.4249 - val_precision_aware: 0.5363 - 1s/epoch - 20ms/step
Curriculum: set focal gamma = 0.6842 (epoch 14)
Epoch 14/70
WARNING:tensorflow:Can save best model only with val_composite available, skipping.
WARNING:tensorflow:Early stopping conditioned on metric `val_composite` which is not available. Available metrics are: loss,auc,val_loss,val_auc
56/56 - 1s - loss: 0.1646 - auc: 0.7448 - val_loss: 0.1964 - val_auc: 0.6587 - val_auc_custom: 0.6586 - val_f1_custom: 0.4719 - val_recall_custom: 0.3962 - val_composite: 0.4714 - val_precision_aware: 0.5650 - 1s/epoch - 20ms/step
Curriculum: set focal gamma = 0.7368 (epoch 15)
Epoch 15/70
WARNING:tensorflow:Can save best model only with val_composite available, skipping.
WARNING:tensorflow:Early stopping conditioned on metric `val_composite` which is not available. Available metrics are: loss,auc,val_loss,val_auc
56/56 - 1s - loss: 0.1562 - auc: 0.7673 - val_loss: 0.1868 - val_auc: 0.6752 - val_auc_custom: 0.6757 - val_f1_custom: 0.4889 - val_recall_custom: 0.4151 - val_composite: 0.4894 - val_precision_aware: 0.5791 - 1s/epoch - 21ms/step
Curriculum: set focal gamma = 0.7895 (epoch 16)
Epoch 16/70
WARNING:tensorflow:Can save best model only with val_composite available, skipping.
WARNING:tensorflow:Early stopping conditioned on metric `val_composite` which is not available. Available metrics are: loss,auc,val_loss,val_auc
56/56 - 1s - loss: 0.1490 - auc: 0.7672 - val_loss: 0.1842 - val_auc: 0.6760 - val_auc_custom: 0.6765 - val_f1_custom: 0.5253 - val_recall_custom: 0.4906 - val_composite: 0.5382 - val_precision_aware: 0.5755 - 1s/epoch - 21ms/step
Curriculum: set focal gamma = 0.8421 (epoch 17)
Epoch 17/70
WARNING:tensorflow:Can save best model only with val_composite available, skipping.
WARNING:tensorflow:Early stopping conditioned on metric `val_composite` which is not available. Available metrics are: loss,auc,val_loss,val_auc
56/56 - 1s - loss: 0.1431 - auc: 0.7712 - val_loss: 0.1751 - val_auc: 0.6816 - val_auc_custom: 0.6820 - val_f1_custom: 0.4615 - val_recall_custom: 0.3962 - val_composite: 0.4730 - val_precision_aware: 0.5512 - 1s/epoch - 20ms/step
Curriculum: set focal gamma = 0.8947 (epoch 18)
Epoch 18/70
WARNING:tensorflow:Can save best model only with val_composite available, skipping.
WARNING:tensorflow:Early stopping conditioned on metric `val_composite` which is not available. Available metrics are: loss,auc,val_loss,val_auc
56/56 - 1s - loss: 0.1364 - auc: 0.7772 - val_loss: 0.1751 - val_auc: 0.6801 - val_auc_custom: 0.6790 - val_f1_custom: 0.5294 - val_recall_custom: 0.5094 - val_composite: 0.5493 - val_precision_aware: 0.5701 - 1s/epoch - 21ms/step
Curriculum: set focal gamma = 0.9474 (epoch 19)
Epoch 19/70
WARNING:tensorflow:Can save best model only with val_composite available, skipping.
WARNING:tensorflow:Early stopping conditioned on metric `val_composite` which is not available. Available metrics are: loss,auc,val_loss,val_auc
56/56 - 1s - loss: 0.1279 - auc: 0.7979 - val_loss: 0.1658 - val_auc: 0.6843 - val_auc_custom: 0.6853 - val_f1_custom: 0.5253 - val_recall_custom: 0.4906 - val_composite: 0.5399 - val_precision_aware: 0.5772 - 1s/epoch - 19ms/step
Curriculum: set focal gamma = 1.0000 (epoch 20)
Epoch 20/70
WARNING:tensorflow:Can save best model only with val_composite available, skipping.
WARNING:tensorflow:Early stopping conditioned on metric `val_composite` which is not available. Available metrics are: loss,auc,val_loss,val_auc
56/56 - 1s - loss: 0.1204 - auc: 0.8097 - val_loss: 0.1562 - val_auc: 0.7058 - val_auc_custom: 0.7067 - val_f1_custom: 0.5263 - val_recall_custom: 0.4717 - val_composite: 0.5351 - val_precision_aware: 0.5968 - 1s/epoch - 20ms/step
Curriculum: set focal gamma = 1.0000 (epoch 21)
Epoch 21/70
WARNING:tensorflow:Can save best model only with val_composite available, skipping.
WARNING:tensorflow:Early stopping conditioned on metric `val_composite` which is not available. Available metrics are: loss,auc,val_loss,val_auc
56/56 - 1s - loss: 0.1206 - auc: 0.8006 - val_loss: 0.1582 - val_auc: 0.7072 - val_auc_custom: 0.7077 - val_f1_custom: 0.5686 - val_recall_custom: 0.5472 - val_composite: 0.5857 - val_precision_aware: 0.6080 - 1s/epoch - 21ms/step
Curriculum: set focal gamma = 1.0000 (epoch 22)
Epoch 22/70
WARNING:tensorflow:Can save best model only with val_composite available, skipping.
WARNING:tensorflow:Early stopping conditioned on metric `val_composite` which is not available. Available metrics are: loss,auc,val_loss,val_auc
56/56 - 1s - loss: 0.1188 - auc: 0.8083 - val_loss: 0.1633 - val_auc: 0.7004 - val_auc_custom: 0.6999 - val_f1_custom: 0.5905 - val_recall_custom: 0.5849 - val_composite: 0.6096 - val_precision_aware: 0.6152 - 1s/epoch - 20ms/step
Curriculum: set focal gamma = 1.0000 (epoch 23)
Epoch 23/70
WARNING:tensorflow:Can save best model only with val_composite available, skipping.
WARNING:tensorflow:Early stopping conditioned on metric `val_composite` which is not available. Available metrics are: loss,auc,val_loss,val_auc
56/56 - 1s - loss: 0.1192 - auc: 0.8096 - val_loss: 0.1717 - val_auc: 0.6962 - val_auc_custom: 0.6974 - val_f1_custom: 0.6018 - val_recall_custom: 0.6415 - val_composite: 0.6408 - val_precision_aware: 0.6033 - 1s/epoch - 21ms/step
Curriculum: set focal gamma = 1.0000 (epoch 24)
Epoch 24/70
WARNING:tensorflow:Can save best model only with val_composite available, skipping.
WARNING:tensorflow:Early stopping conditioned on metric `val_composite` which is not available. Available metrics are: loss,auc,val_loss,val_auc
56/56 - 1s - loss: 0.1153 - auc: 0.8282 - val_loss: 0.1577 - val_auc: 0.7263 - val_auc_custom: 0.7265 - val_f1_custom: 0.5800 - val_recall_custom: 0.5472 - val_composite: 0.5929 - val_precision_aware: 0.6278 - 1s/epoch - 20ms/step
Curriculum: set focal gamma = 1.0000 (epoch 25)
Epoch 25/70
WARNING:tensorflow:Can save best model only with val_composite available, skipping.
WARNING:tensorflow:Early stopping conditioned on metric `val_composite` which is not available. Available metrics are: loss,auc,val_loss,val_auc
56/56 - 1s - loss: 0.1132 - auc: 0.8354 - val_loss: 0.1665 - val_auc: 0.7114 - val_auc_custom: 0.7109 - val_f1_custom: 0.5882 - val_recall_custom: 0.5660 - val_composite: 0.6017 - val_precision_aware: 0.6248 - 1s/epoch - 20ms/step
Curriculum: set focal gamma = 1.0000 (epoch 26)
Epoch 26/70
WARNING:tensorflow:Can save best model only with val_composite available, skipping.
WARNING:tensorflow:Early stopping conditioned on metric `val_composite` which is not available. Available metrics are: loss,auc,val_loss,val_auc
56/56 - 1s - loss: 0.1078 - auc: 0.8506 - val_loss: 0.1675 - val_auc: 0.7147 - val_auc_custom: 0.7142 - val_f1_custom: 0.5714 - val_recall_custom: 0.5283 - val_composite: 0.5784 - val_precision_aware: 0.6254 - 1s/epoch - 20ms/step
Curriculum: set focal gamma = 1.0000 (epoch 27)
Epoch 27/70
WARNING:tensorflow:Can save best model only with val_composite available, skipping.
WARNING:tensorflow:Early stopping conditioned on metric `val_composite` which is not available. Available metrics are: loss,auc,val_loss,val_auc
56/56 - 1s - loss: 0.1101 - auc: 0.8434 - val_loss: 0.1697 - val_auc: 0.7081 - val_auc_custom: 0.7092 - val_f1_custom: 0.5435 - val_recall_custom: 0.4717 - val_composite: 0.5407 - val_precision_aware: 0.6254 - 1s/epoch - 20ms/step
Curriculum: set focal gamma = 1.0000 (epoch 28)
Epoch 28/70
WARNING:tensorflow:Can save best model only with val_composite available, skipping.
WARNING:tensorflow:Early stopping conditioned on metric `val_composite` which is not available. Available metrics are: loss,auc,val_loss,val_auc
56/56 - 1s - loss: 0.1119 - auc: 0.8366 - val_loss: 0.1819 - val_auc: 0.6957 - val_auc_custom: 0.6951 - val_f1_custom: 0.5926 - val_recall_custom: 0.6038 - val_composite: 0.6187 - val_precision_aware: 0.6077 - 1s/epoch - 22ms/step
Curriculum: set focal gamma = 1.0000 (epoch 29)
Epoch 29/70
WARNING:tensorflow:Can save best model only with val_composite available, skipping.
WARNING:tensorflow:Early stopping conditioned on metric `val_composite` which is not available. Available metrics are: loss,auc,val_loss,val_auc
56/56 - 1s - loss: 0.1071 - auc: 0.8526 - val_loss: 0.1887 - val_auc: 0.6860 - val_auc_custom: 0.6873 - val_f1_custom: 0.5981 - val_recall_custom: 0.6038 - val_composite: 0.6188 - val_precision_aware: 0.6132 - 1s/epoch - 20ms/step
Curriculum: set focal gamma = 1.0000 (epoch 30)
Epoch 30/70
WARNING:tensorflow:Can save best model only with val_composite available, skipping.
WARNING:tensorflow:Early stopping conditioned on metric `val_composite` which is not available. Available metrics are: loss,auc,val_loss,val_auc
56/56 - 1s - loss: 0.1042 - auc: 0.8620 - val_loss: 0.1716 - val_auc: 0.7225 - val_auc_custom: 0.7218 - val_f1_custom: 0.5055 - val_recall_custom: 0.4340 - val_composite: 0.5130 - val_precision_aware: 0.5986 - 1s/epoch - 20ms/step
Curriculum: set focal gamma = 1.0000 (epoch 31)
Epoch 31/70
WARNING:tensorflow:Can save best model only with val_composite available, skipping.
WARNING:tensorflow:Early stopping conditioned on metric `val_composite` which is not available. Available metrics are: loss,auc,val_loss,val_auc
56/56 - 1s - loss: 0.1084 - auc: 0.8515 - val_loss: 0.1805 - val_auc: 0.7098 - val_auc_custom: 0.7092 - val_f1_custom: 0.6095 - val_recall_custom: 0.6038 - val_composite: 0.6266 - val_precision_aware: 0.6324 - 1s/epoch - 21ms/step
Curriculum: set focal gamma = 1.0000 (epoch 32)
Epoch 32/70
WARNING:tensorflow:Can save best model only with val_composite available, skipping.
WARNING:tensorflow:Early stopping conditioned on metric `val_composite` which is not available. Available metrics are: loss,auc,val_loss,val_auc
56/56 - 1s - loss: 0.1000 - auc: 0.8762 - val_loss: 0.1756 - val_auc: 0.7214 - val_auc_custom: 0.7233 - val_f1_custom: 0.5743 - val_recall_custom: 0.5472 - val_composite: 0.5905 - val_precision_aware: 0.6190 - 1s/epoch - 21ms/step
Curriculum: set focal gamma = 1.0000 (epoch 33)
Epoch 33/70
WARNING:tensorflow:Can save best model only with val_composite available, skipping.
WARNING:tensorflow:Early stopping conditioned on metric `val_composite` which is not available. Available metrics are: loss,auc,val_loss,val_auc
56/56 - 1s - loss: 0.1006 - auc: 0.8727 - val_loss: 0.1758 - val_auc: 0.7225 - val_auc_custom: 0.7233 - val_f1_custom: 0.5941 - val_recall_custom: 0.5660 - val_composite: 0.6059 - val_precision_aware: 0.6354 - 1s/epoch - 21ms/step
Curriculum: set focal gamma = 1.0000 (epoch 34)
Epoch 34/70
WARNING:tensorflow:Can save best model only with val_composite available, skipping.
WARNING:tensorflow:Early stopping conditioned on metric `val_composite` which is not available. Available metrics are: loss,auc,val_loss,val_auc
56/56 - 1s - loss: 0.0993 - auc: 0.8751 - val_loss: 0.1849 - val_auc: 0.7213 - val_auc_custom: 0.7210 - val_f1_custom: 0.6422 - val_recall_custom: 0.6604 - val_composite: 0.6671 - val_precision_aware: 0.6494 - 1s/epoch - 21ms/step
Curriculum: set focal gamma = 1.0000 (epoch 35)
Epoch 35/70
WARNING:tensorflow:Can save best model only with val_composite available, skipping.
WARNING:tensorflow:Early stopping conditioned on metric `val_composite` which is not available. Available metrics are: loss,auc,val_loss,val_auc
56/56 - 1s - loss: 0.0985 - auc: 0.8802 - val_loss: 0.2343 - val_auc: 0.6845 - val_auc_custom: 0.6855 - val_f1_custom: 0.6047 - val_recall_custom: 0.7358 - val_composite: 0.6864 - val_precision_aware: 0.5751 - 1s/epoch - 21ms/step
Curriculum: set focal gamma = 1.0000 (epoch 36)
Epoch 36/70
WARNING:tensorflow:Can save best model only with val_composite available, skipping.
WARNING:tensorflow:Early stopping conditioned on metric `val_composite` which is not available. Available metrics are: loss,auc,val_loss,val_auc
56/56 - 1s - loss: 0.0977 - auc: 0.8807 - val_loss: 0.1832 - val_auc: 0.7252 - val_auc_custom: 0.7245 - val_f1_custom: 0.4719 - val_recall_custom: 0.3962 - val_composite: 0.4846 - val_precision_aware: 0.5781 - 1s/epoch - 21ms/step
Curriculum: set focal gamma = 1.0000 (epoch 37)
Epoch 37/70
WARNING:tensorflow:Can save best model only with val_composite available, skipping.
WARNING:tensorflow:Early stopping conditioned on metric `val_composite` which is not available. Available metrics are: loss,auc,val_loss,val_auc
56/56 - 1s - loss: 0.0895 - auc: 0.9058 - val_loss: 0.2370 - val_auc: 0.6653 - val_auc_custom: 0.6647 - val_f1_custom: 0.5902 - val_recall_custom: 0.6792 - val_composite: 0.6496 - val_precision_aware: 0.5708 - 1s/epoch - 21ms/step
Curriculum: set focal gamma = 1.0000 (epoch 38)
Epoch 38/70
WARNING:tensorflow:Can save best model only with val_composite available, skipping.
WARNING:tensorflow:Early stopping conditioned on metric `val_composite` which is not available. Available metrics are: loss,auc,val_loss,val_auc
56/56 - 1s - loss: 0.0933 - auc: 0.8912 - val_loss: 0.1854 - val_auc: 0.7328 - val_auc_custom: 0.7323 - val_f1_custom: 0.5743 - val_recall_custom: 0.5472 - val_composite: 0.5923 - val_precision_aware: 0.6208 - 1s/epoch - 20ms/step
Curriculum: set focal gamma = 1.0000 (epoch 39)
Epoch 39/70
WARNING:tensorflow:Can save best model only with val_composite available, skipping.
WARNING:tensorflow:Early stopping conditioned on metric `val_composite` which is not available. Available metrics are: loss,auc,val_loss,val_auc
56/56 - 1s - loss: 0.0887 - auc: 0.9031 - val_loss: 0.2241 - val_auc: 0.6891 - val_auc_custom: 0.6886 - val_f1_custom: 0.6167 - val_recall_custom: 0.6981 - val_composite: 0.6718 - val_precision_aware: 0.5988 - 1s/epoch - 21ms/step
Curriculum: set focal gamma = 1.0000 (epoch 40)
Epoch 40/70
WARNING:tensorflow:Can save best model only with val_composite available, skipping.
WARNING:tensorflow:Early stopping conditioned on metric `val_composite` which is not available. Available metrics are: loss,auc,val_loss,val_auc
56/56 - 1s - loss: 0.0894 - auc: 0.9059 - val_loss: 0.1920 - val_auc: 0.7350 - val_auc_custom: 0.7351 - val_f1_custom: 0.6545 - val_recall_custom: 0.6792 - val_composite: 0.6830 - val_precision_aware: 0.6592 - 1s/epoch - 21ms/step
Curriculum: set focal gamma = 1.0000 (epoch 41)
Epoch 41/70
WARNING:tensorflow:Can save best model only with val_composite available, skipping.
WARNING:tensorflow:Early stopping conditioned on metric `val_composite` which is not available. Available metrics are: loss,auc,val_loss,val_auc
56/56 - 1s - loss: 0.0894 - auc: 0.9091 - val_loss: 0.1926 - val_auc: 0.7360 - val_auc_custom: 0.7364 - val_f1_custom: 0.6182 - val_recall_custom: 0.6415 - val_composite: 0.6535 - val_precision_aware: 0.6310 - 1s/epoch - 20ms/step
Curriculum: set focal gamma = 1.0000 (epoch 42)
Epoch 42/70
WARNING:tensorflow:Can save best model only with val_composite available, skipping.
WARNING:tensorflow:Early stopping conditioned on metric `val_composite` which is not available. Available metrics are: loss,auc,val_loss,val_auc
56/56 - 1s - loss: 0.0945 - auc: 0.8925 - val_loss: 0.1846 - val_auc: 0.7238 - val_auc_custom: 0.7238 - val_f1_custom: 0.5686 - val_recall_custom: 0.5472 - val_composite: 0.5889 - val_precision_aware: 0.6113 - 1s/epoch - 21ms/step
Curriculum: set focal gamma = 1.0000 (epoch 43)
Epoch 43/70
WARNING:tensorflow:Can save best model only with val_composite available, skipping.
WARNING:tensorflow:Early stopping conditioned on metric `val_composite` which is not available. Available metrics are: loss,auc,val_loss,val_auc
56/56 - 1s - loss: 0.0848 - auc: 0.9155 - val_loss: 0.1876 - val_auc: 0.7426 - val_auc_custom: 0.7421 - val_f1_custom: 0.6195 - val_recall_custom: 0.6604 - val_composite: 0.6645 - val_precision_aware: 0.6259 - 1s/epoch - 21ms/step
Curriculum: set focal gamma = 1.0000 (epoch 44)
Epoch 44/70
WARNING:tensorflow:Can save best model only with val_composite available, skipping.
WARNING:tensorflow:Early stopping conditioned on metric `val_composite` which is not available. Available metrics are: loss,auc,val_loss,val_auc
56/56 - 1s - loss: 0.0789 - auc: 0.9294 - val_loss: 0.2048 - val_auc: 0.7250 - val_auc_custom: 0.7253 - val_f1_custom: 0.6182 - val_recall_custom: 0.6415 - val_composite: 0.6513 - val_precision_aware: 0.6288 - 1s/epoch - 20ms/step
Curriculum: set focal gamma = 1.0000 (epoch 45)
Epoch 45/70
WARNING:tensorflow:Can save best model only with val_composite available, skipping.
WARNING:tensorflow:Early stopping conditioned on metric `val_composite` which is not available. Available metrics are: loss,auc,val_loss,val_auc
56/56 - 1s - loss: 0.0905 - auc: 0.9098 - val_loss: 0.2265 - val_auc: 0.6932 - val_auc_custom: 0.6923 - val_f1_custom: 0.5893 - val_recall_custom: 0.6226 - val_composite: 0.6266 - val_precision_aware: 0.5949 - 1s/epoch - 20ms/step
Curriculum: set focal gamma = 1.0000 (epoch 46)
Epoch 46/70
WARNING:tensorflow:Can save best model only with val_composite available, skipping.
WARNING:tensorflow:Early stopping conditioned on metric `val_composite` which is not available. Available metrics are: loss,auc,val_loss,val_auc
56/56 - 1s - loss: 0.0852 - auc: 0.9169 - val_loss: 0.2110 - val_auc: 0.7148 - val_auc_custom: 0.7152 - val_f1_custom: 0.5872 - val_recall_custom: 0.6038 - val_composite: 0.6211 - val_precision_aware: 0.6049 - 1s/epoch - 20ms/step
Curriculum: set focal gamma = 1.0000 (epoch 47)
Epoch 47/70
WARNING:tensorflow:Can save best model only with val_composite available, skipping.
WARNING:tensorflow:Early stopping conditioned on metric `val_composite` which is not available. Available metrics are: loss,auc,val_loss,val_auc
56/56 - 1s - loss: 0.0785 - auc: 0.9279 - val_loss: 0.2233 - val_auc: 0.7170 - val_auc_custom: 0.7175 - val_f1_custom: 0.5965 - val_recall_custom: 0.6415 - val_composite: 0.6432 - val_precision_aware: 0.6011 - 1s/epoch - 21ms/step
Curriculum: set focal gamma = 1.0000 (epoch 48)
Epoch 48/70
WARNING:tensorflow:Can save best model only with val_composite available, skipping.
WARNING:tensorflow:Early stopping conditioned on metric `val_composite` which is not available. Available metrics are: loss,auc,val_loss,val_auc
56/56 - 1s - loss: 0.0794 - auc: 0.9232 - val_loss: 0.1999 - val_auc: 0.7228 - val_auc_custom: 0.7225 - val_f1_custom: 0.5657 - val_recall_custom: 0.5283 - val_composite: 0.5784 - val_precision_aware: 0.6185 - 1s/epoch - 20ms/step
Curriculum: set focal gamma = 1.0000 (epoch 49)
Epoch 49/70
WARNING:tensorflow:Can save best model only with val_composite available, skipping.
WARNING:tensorflow:Early stopping conditioned on metric `val_composite` which is not available. Available metrics are: loss,auc,val_loss,val_auc
56/56 - 1s - loss: 0.0769 - auc: 0.9287 - val_loss: 0.2301 - val_auc: 0.7132 - val_auc_custom: 0.7130 - val_f1_custom: 0.6261 - val_recall_custom: 0.6792 - val_composite: 0.6700 - val_precision_aware: 0.6207 - 1s/epoch - 20ms/step
Curriculum: set focal gamma = 1.0000 (epoch 50)
Epoch 50/70
WARNING:tensorflow:Can save best model only with val_composite available, skipping.
WARNING:tensorflow:Early stopping conditioned on metric `val_composite` which is not available. Available metrics are: loss,auc,val_loss,val_auc
56/56 - 1s - loss: 0.0796 - auc: 0.9217 - val_loss: 0.2046 - val_auc: 0.7272 - val_auc_custom: 0.7278 - val_f1_custom: 0.5882 - val_recall_custom: 0.5660 - val_composite: 0.6050 - val_precision_aware: 0.6282 - 1s/epoch - 20ms/step
Curriculum: set focal gamma = 1.0000 (epoch 51)
Epoch 51/70
WARNING:tensorflow:Can save best model only with val_composite available, skipping.
WARNING:tensorflow:Early stopping conditioned on metric `val_composite` which is not available. Available metrics are: loss,auc,val_loss,val_auc
56/56 - 1s - loss: 0.0793 - auc: 0.9231 - val_loss: 0.2196 - val_auc: 0.7199 - val_auc_custom: 0.7210 - val_f1_custom: 0.6000 - val_recall_custom: 0.6226 - val_composite: 0.6355 - val_precision_aware: 0.6137 - 1s/epoch - 20ms/step
Curriculum: set focal gamma = 1.0000 (epoch 52)
Epoch 52/70
WARNING:tensorflow:Can save best model only with val_composite available, skipping.
WARNING:tensorflow:Early stopping conditioned on metric `val_composite` which is not available. Available metrics are: loss,auc,val_loss,val_auc
56/56 - 1s - loss: 0.0752 - auc: 0.9307 - val_loss: 0.2347 - val_auc: 0.7042 - val_auc_custom: 0.7029 - val_f1_custom: 0.5965 - val_recall_custom: 0.6415 - val_composite: 0.6403 - val_precision_aware: 0.5982 - 1s/epoch - 19ms/step
Curriculum: set focal gamma = 1.0000 (epoch 53)
Epoch 53/70
WARNING:tensorflow:Can save best model only with val_composite available, skipping.
WARNING:tensorflow:Early stopping conditioned on metric `val_composite` which is not available. Available metrics are: loss,auc,val_loss,val_auc
56/56 - 1s - loss: 0.0746 - auc: 0.9322 - val_loss: 0.2179 - val_auc: 0.7123 - val_auc_custom: 0.7125 - val_f1_custom: 0.5714 - val_recall_custom: 0.5660 - val_composite: 0.5969 - val_precision_aware: 0.6024 - 1s/epoch - 19ms/step
Curriculum: set focal gamma = 1.0000 (epoch 54)
Epoch 54/70
WARNING:tensorflow:Can save best model only with val_composite available, skipping.
WARNING:tensorflow:Early stopping conditioned on metric `val_composite` which is not available. Available metrics are: loss,auc,val_loss,val_auc
56/56 - 1s - loss: 0.0724 - auc: 0.9384 - val_loss: 0.2448 - val_auc: 0.7074 - val_auc_custom: 0.7072 - val_f1_custom: 0.5789 - val_recall_custom: 0.6226 - val_composite: 0.6264 - val_precision_aware: 0.5856 - 1s/epoch - 20ms/step
Curriculum: set focal gamma = 1.0000 (epoch 55)
Epoch 55/70
WARNING:tensorflow:Can save best model only with val_composite available, skipping.
WARNING:tensorflow:Early stopping conditioned on metric `val_composite` which is not available. Available metrics are: loss,auc,val_loss,val_auc
56/56 - 1s - loss: 0.0730 - auc: 0.9355 - val_loss: 0.2196 - val_auc: 0.7317 - val_auc_custom: 0.7316 - val_f1_custom: 0.5849 - val_recall_custom: 0.5849 - val_composite: 0.6142 - val_precision_aware: 0.6142 - 1s/epoch - 20ms/step
Curriculum: set focal gamma = 1.0000 (epoch 56)
Epoch 56/70
WARNING:tensorflow:Can save best model only with val_composite available, skipping.
WARNING:tensorflow:Early stopping conditioned on metric `val_composite` which is not available. Available metrics are: loss,auc,val_loss,val_auc
56/56 - 1s - loss: 0.0665 - auc: 0.9505 - val_loss: 0.2296 - val_auc: 0.7219 - val_auc_custom: 0.7218 - val_f1_custom: 0.5872 - val_recall_custom: 0.6038 - val_composite: 0.6224 - val_precision_aware: 0.6062 - 1s/epoch - 20ms/step
Curriculum: set focal gamma = 1.0000 (epoch 57)
Epoch 57/70
WARNING:tensorflow:Can save best model only with val_composite available, skipping.
WARNING:tensorflow:Early stopping conditioned on metric `val_composite` which is not available. Available metrics are: loss,auc,val_loss,val_auc
56/56 - 1s - loss: 0.0738 - auc: 0.9386 - val_loss: 0.2450 - val_auc: 0.7252 - val_auc_custom: 0.7260 - val_f1_custom: 0.5789 - val_recall_custom: 0.6226 - val_composite: 0.6302 - val_precision_aware: 0.5894 - 1s/epoch - 21ms/step
Curriculum: set focal gamma = 1.0000 (epoch 58)
Epoch 58/70
WARNING:tensorflow:Can save best model only with val_composite available, skipping.
WARNING:tensorflow:Early stopping conditioned on metric `val_composite` which is not available. Available metrics are: loss,auc,val_loss,val_auc
56/56 - 1s - loss: 0.0674 - auc: 0.9486 - val_loss: 0.2296 - val_auc: 0.7186 - val_auc_custom: 0.7185 - val_f1_custom: 0.5524 - val_recall_custom: 0.5472 - val_composite: 0.5830 - val_precision_aware: 0.5883 - 1s/epoch - 19ms/step
Curriculum: set focal gamma = 1.0000 (epoch 59)
Epoch 59/70
WARNING:tensorflow:Can save best model only with val_composite available, skipping.
WARNING:tensorflow:Early stopping conditioned on metric `val_composite` which is not available. Available metrics are: loss,auc,val_loss,val_auc
56/56 - 1s - loss: 0.0615 - auc: 0.9570 - val_loss: 0.2474 - val_auc: 0.7340 - val_auc_custom: 0.7343 - val_f1_custom: 0.5841 - val_recall_custom: 0.6226 - val_composite: 0.6334 - val_precision_aware: 0.5971 - 1s/epoch - 20ms/step
Curriculum: set focal gamma = 1.0000 (epoch 60)
Epoch 60/70
WARNING:tensorflow:Can save best model only with val_composite available, skipping.
WARNING:tensorflow:Early stopping conditioned on metric `val_composite` which is not available. Available metrics are: loss,auc,val_loss,val_auc
56/56 - 1s - loss: 0.0695 - auc: 0.9418 - val_loss: 0.2530 - val_auc: 0.7133 - val_auc_custom: 0.7130 - val_f1_custom: 0.5766 - val_recall_custom: 0.6038 - val_composite: 0.6175 - val_precision_aware: 0.5914 - 1s/epoch - 21ms/step
Curriculum: set focal gamma = 1.0000 (epoch 61)
Epoch 61/70
WARNING:tensorflow:Can save best model only with val_composite available, skipping.
WARNING:tensorflow:Early stopping conditioned on metric `val_composite` which is not available. Available metrics are: loss,auc,val_loss,val_auc
56/56 - 1s - loss: 0.0632 - auc: 0.9514 - val_loss: 0.2740 - val_auc: 0.7233 - val_auc_custom: 0.7228 - val_f1_custom: 0.6102 - val_recall_custom: 0.6792 - val_composite: 0.6672 - val_precision_aware: 0.6045 - 1s/epoch - 21ms/step
Curriculum: set focal gamma = 1.0000 (epoch 62)
Epoch 62/70
WARNING:tensorflow:Can save best model only with val_composite available, skipping.
WARNING:tensorflow:Early stopping conditioned on metric `val_composite` which is not available. Available metrics are: loss,auc,val_loss,val_auc
56/56 - 1s - loss: 0.0606 - auc: 0.9568 - val_loss: 0.2364 - val_auc: 0.7381 - val_auc_custom: 0.7369 - val_f1_custom: 0.6038 - val_recall_custom: 0.6038 - val_composite: 0.6304 - val_precision_aware: 0.6304 - 1s/epoch - 20ms/step
Curriculum: set focal gamma = 1.0000 (epoch 63)
Epoch 63/70
WARNING:tensorflow:Can save best model only with val_composite available, skipping.
WARNING:tensorflow:Early stopping conditioned on metric `val_composite` which is not available. Available metrics are: loss,auc,val_loss,val_auc
56/56 - 1s - loss: 0.0612 - auc: 0.9546 - val_loss: 0.2449 - val_auc: 0.7440 - val_auc_custom: 0.7444 - val_f1_custom: 0.6000 - val_recall_custom: 0.6226 - val_composite: 0.6402 - val_precision_aware: 0.6184 - 1s/epoch - 20ms/step
Curriculum: set focal gamma = 1.0000 (epoch 64)
Epoch 64/70
WARNING:tensorflow:Can save best model only with val_composite available, skipping.
WARNING:tensorflow:Early stopping conditioned on metric `val_composite` which is not available. Available metrics are: loss,auc,val_loss,val_auc
56/56 - 1s - loss: 0.0656 - auc: 0.9492 - val_loss: 0.2785 - val_auc: 0.7335 - val_auc_custom: 0.7336 - val_f1_custom: 0.6050 - val_recall_custom: 0.6792 - val_composite: 0.6679 - val_precision_aware: 0.6010 - 1s/epoch - 21ms/step
Curriculum: set focal gamma = 1.0000 (epoch 65)
Epoch 65/70
WARNING:tensorflow:Can save best model only with val_composite available, skipping.
WARNING:tensorflow:Early stopping conditioned on metric `val_composite` which is not available. Available metrics are: loss,auc,val_loss,val_auc
56/56 - 1s - loss: 0.0650 - auc: 0.9531 - val_loss: 0.2312 - val_auc: 0.7337 - val_auc_custom: 0.7343 - val_f1_custom: 0.5545 - val_recall_custom: 0.5283 - val_composite: 0.5774 - val_precision_aware: 0.6049 - 1s/epoch - 19ms/step
Curriculum: set focal gamma = 1.0000 (epoch 66)
Epoch 66/70
WARNING:tensorflow:Can save best model only with val_composite available, skipping.
WARNING:tensorflow:Early stopping conditioned on metric `val_composite` which is not available. Available metrics are: loss,auc,val_loss,val_auc
56/56 - 1s - loss: 0.0628 - auc: 0.9543 - val_loss: 0.2420 - val_auc: 0.7277 - val_auc_custom: 0.7270 - val_f1_custom: 0.6071 - val_recall_custom: 0.6415 - val_composite: 0.6483 - val_precision_aware: 0.6157 - 1s/epoch - 20ms/step
Curriculum: set focal gamma = 1.0000 (epoch 67)
Epoch 67/70
WARNING:tensorflow:Can save best model only with val_composite available, skipping.
WARNING:tensorflow:Early stopping conditioned on metric `val_composite` which is not available. Available metrics are: loss,auc,val_loss,val_auc
56/56 - 1s - loss: 0.0621 - auc: 0.9552 - val_loss: 0.2435 - val_auc: 0.7263 - val_auc_custom: 0.7270 - val_f1_custom: 0.5741 - val_recall_custom: 0.5849 - val_composite: 0.6101 - val_precision_aware: 0.5994 - 1s/epoch - 20ms/step
Curriculum: set focal gamma = 1.0000 (epoch 68)
Epoch 68/70
WARNING:tensorflow:Can save best model only with val_composite available, skipping.
WARNING:tensorflow:Early stopping conditioned on metric `val_composite` which is not available. Available metrics are: loss,auc,val_loss,val_auc
56/56 - 1s - loss: 0.0624 - auc: 0.9528 - val_loss: 0.2301 - val_auc: 0.7357 - val_auc_custom: 0.7366 - val_f1_custom: 0.5490 - val_recall_custom: 0.5283 - val_composite: 0.5762 - val_precision_aware: 0.5977 - 1s/epoch - 21ms/step
Curriculum: set focal gamma = 1.0000 (epoch 69)
Epoch 69/70
WARNING:tensorflow:Can save best model only with val_composite available, skipping.
WARNING:tensorflow:Early stopping conditioned on metric `val_composite` which is not available. Available metrics are: loss,auc,val_loss,val_auc
56/56 - 1s - loss: 0.0621 - auc: 0.9569 - val_loss: 0.2696 - val_auc: 0.7126 - val_auc_custom: 0.7125 - val_f1_custom: 0.5789 - val_recall_custom: 0.6226 - val_composite: 0.6275 - val_precision_aware: 0.5867 - 1s/epoch - 20ms/step
Curriculum: set focal gamma = 1.0000 (epoch 70)
Epoch 70/70
WARNING:tensorflow:Can save best model only with val_composite available, skipping.
WARNING:tensorflow:Early stopping conditioned on metric `val_composite` which is not available. Available metrics are: loss,auc,val_loss,val_auc
56/56 - 1s - loss: 0.0637 - auc: 0.9515 - val_loss: 0.2601 - val_auc: 0.7121 - val_auc_custom: 0.7119 - val_f1_custom: 0.5872 - val_recall_custom: 0.6038 - val_composite: 0.6204 - val_precision_aware: 0.6043 - 1s/epoch - 19ms/step
Saved final weights to result_multi_seed_composite_slipce/seed3/01/final.weights
Mask config -> mode=soft, threshold=0.6, window_gate=None
Done. Results saved to result_multi_seed_composite_slipce/seed3/01
